3.7478 	ERROR 	Support for the `sounddevice` audio backend is not available this session. Please install `psychopy-sounddevice` and restart the session to enable support.
8.8765 	WARNING 	User requested fullscreen with size [1536  864], but screen is actually [1920, 1080]. Using actual size
9.9328 	EXP 	Created window1 = Window(allowGUI=True, allowStencil=False, autoLog=True, backendConf=UNKNOWN, backgroundFit=<method-wrapper '__getattribute__' of attributeSetter object at 0x000001EC2FAE9D30>, backgroundImage=<method-wrapper '__getattribute__' of attributeSetter object at 0x000001EC2FAE9CD0>, bitsMode=UNKNOWN, blendMode='avg', bpc=(8, 8, 8), color=array([-0.4039, -0.4039, -0.4039]), colorSpace='rgb', depthBits=8, fullscr=<method-wrapper '__getattribute__' of attributeSetter object at 0x000001EC2FAE9AF0>, gamma=None, gammaErrorPolicy='raise', lms=UNKNOWN, monitor=<psychopy.monitors.calibTools.Monitor object at 0x000001EC3009ACA0>, multiSample=False, name='window1', numSamples=2, pos=(-1920, 0), screen=0, size=array([1920, 1080]), stencilBits=0, stereo=False, title='PsychoPy', units='height', useFBO=True, useRetina=False, viewOri=0.0, viewPos=None, viewScale=None, waitBlanking=True, winType='pyglet')
9.9330 	EXP 	window1: mouseVisible = True
9.9330 	EXP 	window1: backgroundImage = ''
9.9330 	EXP 	window1: backgroundFit = 'none'
9.9356 	EXP 	window1: Attempting to measure frame rate of screen (0) ...
9.9356 	EXP 	window1: recordFrameIntervals = False
10.0983 	EXP 	window1: recordFrameIntervals = True
10.2828 	EXP 	Screen (0) actual frame rate measured at 59.91Hz
10.2829 	EXP 	window1: recordFrameIntervals = False
10.2830 	EXP 	window1: mouseVisible = False
13.7829 	EXP 	pilotv2: status = STARTED
13.7832 	EXP 	window1: mouseVisible = True
13.7988 	EXP 	Created imageInstruct = ImageStim(__class__=<class 'psychopy.visual.image.ImageStim'>, anchor=('center', 'center'), autoLog=True, color=array([1., 1., 1.]), colorSpace='rgb', contrast=1.0, depth=0.0, draggable=False, flipHoriz=False, flipVert=False, image='default.png', interpolate=True, mask=None, maskParams=None, name='imageInstruct', opacity=1.0, ori=0.0, pos=array([0., 0.]), size=array([1.6    , 1.00736]), texRes=128.0, units='height', win=Window(...))
13.7992 	EXP 	window1: mouseVisible = True
13.7994 	EXP 	window1: mouseVisible = True
13.8002 	EXP 	window1: mouseVisible = True
13.8009 	EXP 	window1: mouseVisible = True
13.8351 	EXP 	window1: mouseVisible = True
13.8353 	EXP 	window1: mouseVisible = True
13.8360 	EXP 	window1: mouseVisible = True
13.8367 	EXP 	window1: mouseVisible = True
13.8702 	EXP 	window1: mouseVisible = True
13.8705 	EXP 	window1: mouseVisible = True
13.8707 	EXP 	window1: mouseVisible = True
13.8715 	EXP 	window1: mouseVisible = True
13.8722 	EXP 	window1: mouseVisible = True
13.8988 	EXP 	window1: mouseVisible = True
13.8990 	EXP 	window1: mouseVisible = True
13.8997 	EXP 	window1: mouseVisible = True
13.9003 	EXP 	window1: mouseVisible = True
13.9055 	EXP 	window1: mouseVisible = True
13.9058 	EXP 	window1: mouseVisible = True
13.9984 	EXP 	Created text_8 = TextStim(__class__=<class 'psychopy.visual.text.TextStim'>, alignHoriz=method-wrapper(...), alignText='center', alignVert=method-wrapper(...), anchorHoriz='center', anchorVert='center', antialias=True, autoDraw=False, autoLog=True, bold=False, color=array([1., 1., 1.]), colorSpace='rgb', contrast=1.0, depth=0.0, draggable=False, flipHoriz=False, flipVert=False, font='Open Sans', fontFiles=[], height=0.05, italic=False, languageStyle='LTR', name='text_8', opacity=1.0, ori=0.0, pos=array([0., 0.]), rgb=UNKNOWN, text=str(...), units='height', win=Window(...), wrapWidth=1)
13.9988 	EXP 	window1: mouseVisible = True
13.9990 	EXP 	window1: mouseVisible = True
13.9997 	EXP 	window1: mouseVisible = True
14.0003 	EXP 	window1: mouseVisible = True
14.0377 	EXP 	window1: mouseVisible = True
14.0379 	EXP 	window1: mouseVisible = True
14.0386 	EXP 	window1: mouseVisible = True
14.0393 	EXP 	window1: mouseVisible = True
14.0551 	EXP 	window1: mouseVisible = True
14.0555 	EXP 	window1: mouseVisible = True
14.0557 	EXP 	window1: mouseVisible = True
14.0563 	EXP 	window1: mouseVisible = True
14.0570 	EXP 	window1: mouseVisible = True
14.0700 	EXP 	window1: mouseVisible = True
14.0702 	EXP 	window1: mouseVisible = True
14.0709 	EXP 	window1: mouseVisible = True
14.0715 	EXP 	window1: mouseVisible = True
14.0775 	EXP 	window1: mouseVisible = True
14.0776 	EXP 	window1: mouseVisible = True
14.0847 	EXP 	Created image_17 = ImageStim(__class__=<class 'psychopy.visual.image.ImageStim'>, anchor=('center', 'center'), autoLog=True, color=array([1., 1., 1.]), colorSpace='rgb', contrast=1.0, depth=-3.0, draggable=False, flipHoriz=False, flipVert=False, image='stim/ori1.png', interpolate=True, mask=None, maskParams=None, name='image_17', opacity=1.0, ori=0.0, pos=array([0.  , 0.23]), size=array([0.15, 0.15]), texRes=128.0, units='height', win=Window(...))
14.0849 	EXP 	window1: mouseVisible = True
14.0910 	EXP 	Created text_9 = TextStim(__class__=<class 'psychopy.visual.text.TextStim'>, alignHoriz=method-wrapper(...), alignText='center', alignVert=method-wrapper(...), anchorHoriz='center', anchorVert='center', antialias=True, autoDraw=False, autoLog=True, bold=False, color=array([1., 1., 1.]), colorSpace='rgb', contrast=1.0, depth=0.0, draggable=False, flipHoriz=False, flipVert=False, font='Open Sans', fontFiles=[], height=0.05, italic=False, languageStyle='LTR', name='text_9', opacity=1.0, ori=0.0, pos=array([0., 0.]), rgb=UNKNOWN, text=str(...), units='height', win=Window(...), wrapWidth=1)
14.0913 	EXP 	window1: mouseVisible = True
14.0915 	EXP 	window1: mouseVisible = True
14.0922 	EXP 	window1: mouseVisible = True
14.0928 	EXP 	window1: mouseVisible = True
14.0989 	EXP 	window1: mouseVisible = True
14.0991 	EXP 	window1: mouseVisible = True
14.0997 	EXP 	window1: mouseVisible = True
14.1004 	EXP 	window1: mouseVisible = True
14.1054 	EXP 	window1: mouseVisible = True
14.1057 	EXP 	window1: mouseVisible = True
14.1059 	EXP 	window1: mouseVisible = True
14.1067 	EXP 	window1: mouseVisible = True
14.1073 	EXP 	window1: mouseVisible = True
14.1134 	EXP 	window1: mouseVisible = True
14.1136 	EXP 	window1: mouseVisible = True
14.1143 	EXP 	window1: mouseVisible = True
14.1149 	EXP 	window1: mouseVisible = True
14.1208 	EXP 	window1: mouseVisible = True
14.1209 	EXP 	window1: mouseVisible = True
14.1269 	EXP 	Created image_18 = ImageStim(__class__=<class 'psychopy.visual.image.ImageStim'>, anchor=('center', 'center'), autoLog=True, color=array([1., 1., 1.]), colorSpace='rgb', contrast=1.0, depth=-3.0, draggable=False, flipHoriz=False, flipVert=False, image='stim/obj2.png', interpolate=True, mask=None, maskParams=None, name='image_18', opacity=1.0, ori=0.0, pos=array([0.  , 0.23]), size=array([0.15, 0.15]), texRes=128.0, units='height', win=Window(...))
14.1270 	EXP 	window1: mouseVisible = True
14.1332 	EXP 	Created text_10 = TextStim(__class__=<class 'psychopy.visual.text.TextStim'>, alignHoriz=method-wrapper(...), alignText='center', alignVert=method-wrapper(...), anchorHoriz='center', anchorVert='center', antialias=True, autoDraw=False, autoLog=True, bold=False, color=array([1., 1., 1.]), colorSpace='rgb', contrast=1.0, depth=0.0, draggable=False, flipHoriz=False, flipVert=False, font='Open Sans', fontFiles=[], height=0.05, italic=False, languageStyle='LTR', name='text_10', opacity=1.0, ori=0.0, pos=array([0., 0.]), rgb=UNKNOWN, text=str(...), units='height', win=Window(...), wrapWidth=1)
14.1335 	EXP 	window1: mouseVisible = True
14.1337 	EXP 	window1: mouseVisible = True
14.1343 	EXP 	window1: mouseVisible = True
14.1350 	EXP 	window1: mouseVisible = True
14.1410 	EXP 	window1: mouseVisible = True
14.1412 	EXP 	window1: mouseVisible = True
14.1418 	EXP 	window1: mouseVisible = True
14.1425 	EXP 	window1: mouseVisible = True
14.1483 	EXP 	window1: mouseVisible = True
14.1486 	EXP 	window1: mouseVisible = True
14.1488 	EXP 	window1: mouseVisible = True
14.1495 	EXP 	window1: mouseVisible = True
14.1501 	EXP 	window1: mouseVisible = True
14.1564 	EXP 	window1: mouseVisible = True
14.1566 	EXP 	window1: mouseVisible = True
14.1572 	EXP 	window1: mouseVisible = True
14.1579 	EXP 	window1: mouseVisible = True
14.1636 	EXP 	window1: mouseVisible = True
14.1638 	EXP 	window1: mouseVisible = True
14.1699 	EXP 	Created image_19 = ImageStim(__class__=<class 'psychopy.visual.image.ImageStim'>, anchor=('center', 'center'), autoLog=True, color=array([1., 1., 1.]), colorSpace='rgb', contrast=1.0, depth=-3.0, draggable=False, flipHoriz=False, flipVert=False, image='stim/ori2.png', interpolate=True, mask=None, maskParams=None, name='image_19', opacity=1.0, ori=0.0, pos=array([0.  , 0.23]), size=array([0.15, 0.15]), texRes=128.0, units='height', win=Window(...))
14.1701 	EXP 	window1: mouseVisible = True
14.1765 	EXP 	Created text_11 = TextStim(__class__=<class 'psychopy.visual.text.TextStim'>, alignHoriz=method-wrapper(...), alignText='center', alignVert=method-wrapper(...), anchorHoriz='center', anchorVert='center', antialias=True, autoDraw=False, autoLog=True, bold=False, color=array([1., 1., 1.]), colorSpace='rgb', contrast=1.0, depth=0.0, draggable=False, flipHoriz=False, flipVert=False, font='Open Sans', fontFiles=[], height=0.05, italic=False, languageStyle='LTR', name='text_11', opacity=1.0, ori=0.0, pos=array([0., 0.]), rgb=UNKNOWN, text=str(...), units='height', win=Window(...), wrapWidth=1)
14.1768 	EXP 	window1: mouseVisible = True
14.1770 	EXP 	window1: mouseVisible = True
14.1777 	EXP 	window1: mouseVisible = True
14.1783 	EXP 	window1: mouseVisible = True
14.1846 	EXP 	window1: mouseVisible = True
14.1849 	EXP 	window1: mouseVisible = True
14.1863 	EXP 	window1: mouseVisible = True
14.1876 	EXP 	window1: mouseVisible = True
14.1937 	EXP 	window1: mouseVisible = True
14.1941 	EXP 	window1: mouseVisible = True
14.1943 	EXP 	window1: mouseVisible = True
14.1950 	EXP 	window1: mouseVisible = True
14.1957 	EXP 	window1: mouseVisible = True
14.2023 	EXP 	window1: mouseVisible = True
14.2025 	EXP 	window1: mouseVisible = True
14.2033 	EXP 	window1: mouseVisible = True
14.2041 	EXP 	window1: mouseVisible = True
14.2097 	EXP 	window1: mouseVisible = True
14.2098 	EXP 	window1: mouseVisible = True
14.2166 	EXP 	Created image_20 = ImageStim(__class__=<class 'psychopy.visual.image.ImageStim'>, anchor=('center', 'center'), autoLog=True, color=array([1., 1., 1.]), colorSpace='rgb', contrast=1.0, depth=-3.0, draggable=False, flipHoriz=False, flipVert=False, image='stim/obj1.png', interpolate=True, mask=None, maskParams=None, name='image_20', opacity=1.0, ori=0.0, pos=array([0.  , 0.23]), size=array([0.15, 0.15]), texRes=128.0, units='height', win=Window(...))
14.2167 	EXP 	window1: mouseVisible = True
14.2312 	EXP 	Created imageInstruct_2 = ImageStim(__class__=<class 'psychopy.visual.image.ImageStim'>, anchor=('center', 'center'), autoLog=True, color=array([1., 1., 1.]), colorSpace='rgb', contrast=1.0, depth=0.0, draggable=False, flipHoriz=False, flipVert=False, image='default.png', interpolate=True, mask=None, maskParams=None, name='imageInstruct_2', opacity=1.0, ori=0.0, pos=array([0., 0.]), size=array([1.6    , 1.00736]), texRes=128.0, units='height', win=Window(...))
14.2315 	EXP 	window1: mouseVisible = True
14.2317 	EXP 	window1: mouseVisible = True
14.2325 	EXP 	window1: mouseVisible = True
14.2332 	EXP 	window1: mouseVisible = True
14.2397 	EXP 	window1: mouseVisible = True
14.2400 	EXP 	window1: mouseVisible = True
14.2406 	EXP 	window1: mouseVisible = True
14.2414 	EXP 	window1: mouseVisible = True
14.2470 	EXP 	window1: mouseVisible = True
14.2473 	EXP 	window1: mouseVisible = True
14.2475 	EXP 	window1: mouseVisible = True
14.2482 	EXP 	window1: mouseVisible = True
14.2489 	EXP 	window1: mouseVisible = True
14.2553 	EXP 	window1: mouseVisible = True
14.2555 	EXP 	window1: mouseVisible = True
14.2563 	EXP 	window1: mouseVisible = True
14.2570 	EXP 	window1: mouseVisible = True
14.2625 	EXP 	window1: mouseVisible = True
14.2627 	EXP 	window1: mouseVisible = True
14.2851 	EXP 	Created text_17 = TextStim(__class__=<class 'psychopy.visual.text.TextStim'>, alignHoriz=method-wrapper(...), alignText='center', alignVert=method-wrapper(...), anchorHoriz='center', anchorVert='center', antialias=True, autoDraw=False, autoLog=True, bold=False, color=array([1., 1., 1.]), colorSpace='rgb', contrast=1.0, depth=-2.0, draggable=False, flipHoriz=False, flipVert=False, font='Open Sans', fontFiles=[], height=0.05, italic=False, languageStyle='LTR', name='text_17', opacity=1.0, ori=0.0, pos=array([0., 0.]), rgb=UNKNOWN, text=str(...), units='height', win=Window(...), wrapWidth=1)
14.2853 	EXP 	window1: mouseVisible = True
14.2989 	EXP 	Created cue = ImageStim(__class__=<class 'psychopy.visual.image.ImageStim'>, anchor=('center', 'center'), autoLog=True, color=array([1., 1., 1.]), colorSpace='rgb', contrast=1.0, depth=0.0, draggable=False, flipHoriz=False, flipVert=False, image='default.png', interpolate=True, mask=None, maskParams=None, name='cue', opacity=1.0, ori=0.0, pos=array([0., 0.]), size=array([0.15, 0.15]), texRes=128.0, units='height', win=Window(...))
14.2992 	EXP 	window1: mouseVisible = True
14.3129 	EXP 	Created image = ImageStim(__class__=<class 'psychopy.visual.image.ImageStim'>, anchor=('center', 'center'), autoLog=True, color=array([1., 1., 1.]), colorSpace='rgb', contrast=1.0, depth=0.0, draggable=False, flipHoriz=False, flipVert=False, image='default.png', interpolate=True, mask=None, maskParams=None, name='image', opacity=1.0, ori=0.0, pos=array([0., 0.]), size=array([0.5, 0.5]), texRes=128.0, units='height', win=Window(...))
14.3131 	EXP 	window1: mouseVisible = True
14.3163 	EXP 	Created fixCrossR_2 = ShapeStim(__class__=<class 'psychopy.visual.shape.ShapeStim'>, anchor=('center', 'center'), autoDraw=False, autoLog=True, closeShape=True, color=method-wrapper(...), colorSpace='rgb', contrast=None, depth=-1.0, draggable=False, fillColor=array([-1, -1, -1]), fillColorSpace='rgb', fillRGB=array([-1, -1, -1]), interpolate=True, lineColor=array([-1., -1., -1.]), lineColorSpace='rgb', lineRGB=array([-1, -1, -1]), lineWidth=1.0, name='fixCrossR_2', opacity=1.0, ori=0.0, pos=array([0., 0.]), size=array([0.02, 0.02]), units='height', vertices=ndarray(...), win=Window(...), windingRule=None)
14.3165 	EXP 	window1: mouseVisible = True
14.3192 	EXP 	Created fixCrossR_4 = ShapeStim(__class__=<class 'psychopy.visual.shape.ShapeStim'>, anchor=('center', 'center'), autoDraw=False, autoLog=True, closeShape=True, color=method-wrapper(...), colorSpace='rgb', contrast=None, depth=0.0, draggable=False, fillColor=array([-1, -1, -1]), fillColorSpace='rgb', fillRGB=array([-1, -1, -1]), interpolate=True, lineColor=array([-1., -1., -1.]), lineColorSpace='rgb', lineRGB=array([-1, -1, -1]), lineWidth=1.0, name='fixCrossR_4', opacity=1.0, ori=0.0, pos=array([0., 0.]), size=array([0.02, 0.02]), units='height', vertices=ndarray(...), win=Window(...), windingRule=None)
14.3193 	EXP 	window1: mouseVisible = True
14.3220 	EXP 	Created fixCross_2 = ShapeStim(__class__=<class 'psychopy.visual.shape.ShapeStim'>, anchor=('center', 'center'), autoDraw=False, autoLog=True, closeShape=True, color=method-wrapper(...), colorSpace='rgb', contrast=None, depth=0.0, draggable=False, fillColor=array([1, 1, 1]), fillColorSpace='rgb', fillRGB=array([1, 1, 1]), interpolate=True, lineColor=array([1., 1., 1.]), lineColorSpace='rgb', lineRGB=array([1, 1, 1]), lineWidth=1.0, name='fixCross_2', opacity=1.0, ori=0.0, pos=array([0., 0.]), size=array([0.02, 0.02]), units='height', vertices=ndarray(...), win=Window(...), windingRule=None)
14.3221 	EXP 	window1: mouseVisible = True
14.3250 	EXP 	Created text1_2 = TextStim(__class__=<class 'psychopy.visual.text.TextStim'>, alignHoriz=method-wrapper(...), alignText='center', alignVert=method-wrapper(...), anchorHoriz='center', anchorVert='center', antialias=True, autoDraw=False, autoLog=True, bold=False, color=array([1., 1., 1.]), colorSpace='rgb', contrast=1.0, depth=-1.0, draggable=False, flipHoriz=False, flipVert=False, font='Open Sans', fontFiles=[], height=0.05, italic=False, languageStyle='LTR', name='text1_2', opacity=1.0, ori=0.0, pos=array([-0.225,  0.08 ]), rgb=UNKNOWN, text='', units='norm', win=Window(...), wrapWidth=1)
14.3251 	EXP 	window1: mouseVisible = True
14.3268 	EXP 	Created text2_2 = TextStim(__class__=<class 'psychopy.visual.text.TextStim'>, alignHoriz=method-wrapper(...), alignText='center', alignVert=method-wrapper(...), anchorHoriz='center', anchorVert='center', antialias=True, autoDraw=False, autoLog=True, bold=False, color=array([1., 1., 1.]), colorSpace='rgb', contrast=1.0, depth=-2.0, draggable=False, flipHoriz=False, flipVert=False, font='Open Sans', fontFiles=[], height=0.05, italic=False, languageStyle='LTR', name='text2_2', opacity=1.0, ori=0.0, pos=array([-0.075,  0.08 ]), rgb=UNKNOWN, text='', units='norm', win=Window(...), wrapWidth=1)
14.3269 	EXP 	window1: mouseVisible = True
14.3285 	EXP 	Created text3_2 = TextStim(__class__=<class 'psychopy.visual.text.TextStim'>, alignHoriz=method-wrapper(...), alignText='center', alignVert=method-wrapper(...), anchorHoriz='center', anchorVert='center', antialias=True, autoDraw=False, autoLog=True, bold=False, color=array([1., 1., 1.]), colorSpace='rgb', contrast=1.0, depth=-3.0, draggable=False, flipHoriz=False, flipVert=False, font='Open Sans', fontFiles=[], height=0.05, italic=False, languageStyle='LTR', name='text3_2', opacity=1.0, ori=0.0, pos=array([0.075, 0.08 ]), rgb=UNKNOWN, text='', units='norm', win=Window(...), wrapWidth=1)
14.3286 	EXP 	window1: mouseVisible = True
14.3302 	EXP 	Created text4_2 = TextStim(__class__=<class 'psychopy.visual.text.TextStim'>, alignHoriz=method-wrapper(...), alignText='center', alignVert=method-wrapper(...), anchorHoriz='center', anchorVert='center', antialias=True, autoDraw=False, autoLog=True, bold=False, color=array([1., 1., 1.]), colorSpace='rgb', contrast=1.0, depth=-4.0, draggable=False, flipHoriz=False, flipVert=False, font='Open Sans', fontFiles=[], height=0.05, italic=False, languageStyle='LTR', name='text4_2', opacity=1.0, ori=0.0, pos=array([0.225, 0.08 ]), rgb=UNKNOWN, text='', units='norm', win=Window(...), wrapWidth=1)
14.3303 	EXP 	window1: mouseVisible = True
14.3318 	EXP 	Created text5_2 = TextStim(__class__=<class 'psychopy.visual.text.TextStim'>, alignHoriz=method-wrapper(...), alignText='center', alignVert=method-wrapper(...), anchorHoriz='center', anchorVert='center', antialias=True, autoDraw=False, autoLog=True, bold=False, color=array([1., 1., 1.]), colorSpace='rgb', contrast=1.0, depth=-5.0, draggable=False, flipHoriz=False, flipVert=False, font='Open Sans', fontFiles=[], height=0.05, italic=False, languageStyle='LTR', name='text5_2', opacity=1.0, ori=0.0, pos=array([-0.225, -0.08 ]), rgb=UNKNOWN, text='', units='norm', win=Window(...), wrapWidth=1)
14.3320 	EXP 	window1: mouseVisible = True
14.3335 	EXP 	Created text6_2 = TextStim(__class__=<class 'psychopy.visual.text.TextStim'>, alignHoriz=method-wrapper(...), alignText='center', alignVert=method-wrapper(...), anchorHoriz='center', anchorVert='center', antialias=True, autoDraw=False, autoLog=True, bold=False, color=array([1., 1., 1.]), colorSpace='rgb', contrast=1.0, depth=-6.0, draggable=False, flipHoriz=False, flipVert=False, font='Open Sans', fontFiles=[], height=0.05, italic=False, languageStyle='LTR', name='text6_2', opacity=1.0, ori=0.0, pos=array([-0.075, -0.08 ]), rgb=UNKNOWN, text='', units='norm', win=Window(...), wrapWidth=1)
14.3336 	EXP 	window1: mouseVisible = True
14.3352 	EXP 	Created text7_2 = TextStim(__class__=<class 'psychopy.visual.text.TextStim'>, alignHoriz=method-wrapper(...), alignText='center', alignVert=method-wrapper(...), anchorHoriz='center', anchorVert='center', antialias=True, autoDraw=False, autoLog=True, bold=False, color=array([1., 1., 1.]), colorSpace='rgb', contrast=1.0, depth=-7.0, draggable=False, flipHoriz=False, flipVert=False, font='Open Sans', fontFiles=[], height=0.05, italic=False, languageStyle='LTR', name='text7_2', opacity=1.0, ori=0.0, pos=array([ 0.075, -0.08 ]), rgb=UNKNOWN, text='', units='norm', win=Window(...), wrapWidth=1)
14.3354 	EXP 	window1: mouseVisible = True
14.3369 	EXP 	Created text8_2 = TextStim(__class__=<class 'psychopy.visual.text.TextStim'>, alignHoriz=method-wrapper(...), alignText='center', alignVert=method-wrapper(...), anchorHoriz='center', anchorVert='center', antialias=True, autoDraw=False, autoLog=True, bold=False, color=array([1., 1., 1.]), colorSpace='rgb', contrast=1.0, depth=-8.0, draggable=False, flipHoriz=False, flipVert=False, font='Open Sans', fontFiles=[], height=0.05, italic=False, languageStyle='LTR', name='text8_2', opacity=1.0, ori=0.0, pos=array([ 0.225, -0.08 ]), rgb=UNKNOWN, text='', units='norm', win=Window(...), wrapWidth=1)
14.3371 	EXP 	window1: mouseVisible = True
14.3386 	EXP 	Created num1_2 = TextStim(__class__=<class 'psychopy.visual.text.TextStim'>, alignHoriz=method-wrapper(...), alignText='center', alignVert=method-wrapper(...), anchorHoriz='center', anchorVert='center', antialias=True, autoDraw=False, autoLog=True, bold=False, color=array([1., 1., 1.]), colorSpace='rgb', contrast=1.0, depth=-10.0, draggable=False, flipHoriz=False, flipVert=False, font='Open Sans', fontFiles=[], height=0.1, italic=False, languageStyle='LTR', name='num1_2', opacity=1.0, ori=0.0, pos=array([-0.225,  0.24 ]), rgb=UNKNOWN, text='', units='norm', win=Window(...), wrapWidth=1)
14.3387 	EXP 	window1: mouseVisible = True
14.3403 	EXP 	Created num2_2 = TextStim(__class__=<class 'psychopy.visual.text.TextStim'>, alignHoriz=method-wrapper(...), alignText='center', alignVert=method-wrapper(...), anchorHoriz='center', anchorVert='center', antialias=True, autoDraw=False, autoLog=True, bold=False, color=array([1., 1., 1.]), colorSpace='rgb', contrast=1.0, depth=-11.0, draggable=False, flipHoriz=False, flipVert=False, font='Open Sans', fontFiles=[], height=0.1, italic=False, languageStyle='LTR', name='num2_2', opacity=1.0, ori=0.0, pos=array([-0.075,  0.24 ]), rgb=UNKNOWN, text='', units='norm', win=Window(...), wrapWidth=1)
14.3404 	EXP 	window1: mouseVisible = True
14.3419 	EXP 	Created num3_2 = TextStim(__class__=<class 'psychopy.visual.text.TextStim'>, alignHoriz=method-wrapper(...), alignText='center', alignVert=method-wrapper(...), anchorHoriz='center', anchorVert='center', antialias=True, autoDraw=False, autoLog=True, bold=False, color=array([1., 1., 1.]), colorSpace='rgb', contrast=1.0, depth=-12.0, draggable=False, flipHoriz=False, flipVert=False, font='Open Sans', fontFiles=[], height=0.1, italic=False, languageStyle='LTR', name='num3_2', opacity=1.0, ori=0.0, pos=array([0.075, 0.24 ]), rgb=UNKNOWN, text='', units='norm', win=Window(...), wrapWidth=1)
14.3420 	EXP 	window1: mouseVisible = True
14.3436 	EXP 	Created num4_2 = TextStim(__class__=<class 'psychopy.visual.text.TextStim'>, alignHoriz=method-wrapper(...), alignText='center', alignVert=method-wrapper(...), anchorHoriz='center', anchorVert='center', antialias=True, autoDraw=False, autoLog=True, bold=False, color=array([1., 1., 1.]), colorSpace='rgb', contrast=1.0, depth=-13.0, draggable=False, flipHoriz=False, flipVert=False, font='Open Sans', fontFiles=[], height=0.1, italic=False, languageStyle='LTR', name='num4_2', opacity=1.0, ori=0.0, pos=array([0.225, 0.24 ]), rgb=UNKNOWN, text='', units='norm', win=Window(...), wrapWidth=1)
14.3437 	EXP 	window1: mouseVisible = True
14.3702 	EXP 	Created text_20 = TextStim(__class__=<class 'psychopy.visual.text.TextStim'>, alignHoriz=method-wrapper(...), alignText='center', alignVert=method-wrapper(...), anchorHoriz='center', anchorVert='center', antialias=True, autoDraw=False, autoLog=True, bold=False, color=array([1., 1., 1.]), colorSpace='rgb', contrast=1.0, depth=0.0, draggable=False, flipHoriz=False, flipVert=False, font='Open Sans', fontFiles=[], height=0.05, italic=False, languageStyle='LTR', name='text_20', opacity=1.0, ori=0.0, pos=array([0., 0.]), rgb=UNKNOWN, text=str(...), units='height', win=Window(...), wrapWidth=1)
14.3704 	EXP 	window1: mouseVisible = True
14.3790 	EXP 	Created text = TextStim(__class__=<class 'psychopy.visual.text.TextStim'>, alignHoriz=method-wrapper(...), alignText='center', alignVert=method-wrapper(...), anchorHoriz='center', anchorVert='center', antialias=True, autoDraw=False, autoLog=True, bold=False, color=array([1., 1., 1.]), colorSpace='rgb', contrast=1.0, depth=0.0, draggable=False, flipHoriz=False, flipVert=False, font='Open Sans', fontFiles=[], height=0.05, italic=False, languageStyle='LTR', name='text', opacity=1.0, ori=0.0, pos=array([0., 0.]), rgb=UNKNOWN, text='The experiment will begin soon. Get ready!', units='height', win=Window(...), wrapWidth=1)
14.3791 	EXP 	window1: mouseVisible = True
14.3926 	EXP 	Created cue = ImageStim(__class__=<class 'psychopy.visual.image.ImageStim'>, anchor=('center', 'center'), autoLog=True, color=array([1., 1., 1.]), colorSpace='rgb', contrast=1.0, depth=0.0, draggable=False, flipHoriz=False, flipVert=False, image='default.png', interpolate=True, mask=None, maskParams=None, name='cue', opacity=1.0, ori=0.0, pos=array([0., 0.]), size=array([0.15, 0.15]), texRes=128.0, units='height', win=Window(...))
14.3927 	EXP 	window1: mouseVisible = True
14.4061 	EXP 	Created image = ImageStim(__class__=<class 'psychopy.visual.image.ImageStim'>, anchor=('center', 'center'), autoLog=True, color=array([1., 1., 1.]), colorSpace='rgb', contrast=1.0, depth=0.0, draggable=False, flipHoriz=False, flipVert=False, image='default.png', interpolate=True, mask=None, maskParams=None, name='image', opacity=1.0, ori=0.0, pos=array([0., 0.]), size=array([0.5, 0.5]), texRes=128.0, units='height', win=Window(...))
14.4063 	EXP 	window1: mouseVisible = True
14.4095 	EXP 	Created fixCrossR_2 = ShapeStim(__class__=<class 'psychopy.visual.shape.ShapeStim'>, anchor=('center', 'center'), autoDraw=False, autoLog=True, closeShape=True, color=method-wrapper(...), colorSpace='rgb', contrast=None, depth=-1.0, draggable=False, fillColor=array([-1, -1, -1]), fillColorSpace='rgb', fillRGB=array([-1, -1, -1]), interpolate=True, lineColor=array([-1., -1., -1.]), lineColorSpace='rgb', lineRGB=array([-1, -1, -1]), lineWidth=1.0, name='fixCrossR_2', opacity=1.0, ori=0.0, pos=array([0., 0.]), size=array([0.02, 0.02]), units='height', vertices=ndarray(...), win=Window(...), windingRule=None)
14.4097 	EXP 	window1: mouseVisible = True
14.4125 	EXP 	Created fixCrossR_4 = ShapeStim(__class__=<class 'psychopy.visual.shape.ShapeStim'>, anchor=('center', 'center'), autoDraw=False, autoLog=True, closeShape=True, color=method-wrapper(...), colorSpace='rgb', contrast=None, depth=0.0, draggable=False, fillColor=array([-1, -1, -1]), fillColorSpace='rgb', fillRGB=array([-1, -1, -1]), interpolate=True, lineColor=array([-1., -1., -1.]), lineColorSpace='rgb', lineRGB=array([-1, -1, -1]), lineWidth=1.0, name='fixCrossR_4', opacity=1.0, ori=0.0, pos=array([0., 0.]), size=array([0.02, 0.02]), units='height', vertices=ndarray(...), win=Window(...), windingRule=None)
14.4126 	EXP 	window1: mouseVisible = True
14.4154 	EXP 	Created fixCross = ShapeStim(__class__=<class 'psychopy.visual.shape.ShapeStim'>, anchor=('center', 'center'), autoDraw=False, autoLog=True, closeShape=True, color=method-wrapper(...), colorSpace='rgb', contrast=None, depth=0.0, draggable=False, fillColor=array([1, 1, 1]), fillColorSpace='rgb', fillRGB=array([1, 1, 1]), interpolate=True, lineColor=array([1., 1., 1.]), lineColorSpace='rgb', lineRGB=array([1, 1, 1]), lineWidth=1.0, name='fixCross', opacity=1.0, ori=0.0, pos=array([0., 0.]), size=array([0.02, 0.02]), units='height', vertices=ndarray(...), win=Window(...), windingRule=None)
14.4155 	EXP 	window1: mouseVisible = True
14.4171 	EXP 	Created text1 = TextStim(__class__=<class 'psychopy.visual.text.TextStim'>, alignHoriz=method-wrapper(...), alignText='center', alignVert=method-wrapper(...), anchorHoriz='center', anchorVert='center', antialias=True, autoDraw=False, autoLog=True, bold=False, color=array([1., 1., 1.]), colorSpace='rgb', contrast=1.0, depth=-1.0, draggable=False, flipHoriz=False, flipVert=False, font='Open Sans', fontFiles=[], height=0.05, italic=False, languageStyle='LTR', name='text1', opacity=1.0, ori=0.0, pos=array([-0.225,  0.08 ]), rgb=UNKNOWN, text='', units='norm', win=Window(...), wrapWidth=1)
14.4173 	EXP 	window1: mouseVisible = True
14.4188 	EXP 	Created text2 = TextStim(__class__=<class 'psychopy.visual.text.TextStim'>, alignHoriz=method-wrapper(...), alignText='center', alignVert=method-wrapper(...), anchorHoriz='center', anchorVert='center', antialias=True, autoDraw=False, autoLog=True, bold=False, color=array([1., 1., 1.]), colorSpace='rgb', contrast=1.0, depth=-2.0, draggable=False, flipHoriz=False, flipVert=False, font='Open Sans', fontFiles=[], height=0.05, italic=False, languageStyle='LTR', name='text2', opacity=1.0, ori=0.0, pos=array([-0.075,  0.08 ]), rgb=UNKNOWN, text='', units='norm', win=Window(...), wrapWidth=1)
14.4189 	EXP 	window1: mouseVisible = True
14.4205 	EXP 	Created text3 = TextStim(__class__=<class 'psychopy.visual.text.TextStim'>, alignHoriz=method-wrapper(...), alignText='center', alignVert=method-wrapper(...), anchorHoriz='center', anchorVert='center', antialias=True, autoDraw=False, autoLog=True, bold=False, color=array([1., 1., 1.]), colorSpace='rgb', contrast=1.0, depth=-3.0, draggable=False, flipHoriz=False, flipVert=False, font='Open Sans', fontFiles=[], height=0.05, italic=False, languageStyle='LTR', name='text3', opacity=1.0, ori=0.0, pos=array([0.075, 0.08 ]), rgb=UNKNOWN, text='', units='norm', win=Window(...), wrapWidth=1)
14.4206 	EXP 	window1: mouseVisible = True
14.4222 	EXP 	Created text4 = TextStim(__class__=<class 'psychopy.visual.text.TextStim'>, alignHoriz=method-wrapper(...), alignText='center', alignVert=method-wrapper(...), anchorHoriz='center', anchorVert='center', antialias=True, autoDraw=False, autoLog=True, bold=False, color=array([1., 1., 1.]), colorSpace='rgb', contrast=1.0, depth=-4.0, draggable=False, flipHoriz=False, flipVert=False, font='Open Sans', fontFiles=[], height=0.05, italic=False, languageStyle='LTR', name='text4', opacity=1.0, ori=0.0, pos=array([0.225, 0.08 ]), rgb=UNKNOWN, text='', units='norm', win=Window(...), wrapWidth=1)
14.4223 	EXP 	window1: mouseVisible = True
14.4238 	EXP 	Created text5 = TextStim(__class__=<class 'psychopy.visual.text.TextStim'>, alignHoriz=method-wrapper(...), alignText='center', alignVert=method-wrapper(...), anchorHoriz='center', anchorVert='center', antialias=True, autoDraw=False, autoLog=True, bold=False, color=array([1., 1., 1.]), colorSpace='rgb', contrast=1.0, depth=-5.0, draggable=False, flipHoriz=False, flipVert=False, font='Open Sans', fontFiles=[], height=0.05, italic=False, languageStyle='LTR', name='text5', opacity=1.0, ori=0.0, pos=array([-0.225, -0.08 ]), rgb=UNKNOWN, text='', units='norm', win=Window(...), wrapWidth=1)
14.4239 	EXP 	window1: mouseVisible = True
14.4262 	EXP 	Created text6 = TextStim(__class__=<class 'psychopy.visual.text.TextStim'>, alignHoriz=method-wrapper(...), alignText='center', alignVert=method-wrapper(...), anchorHoriz='center', anchorVert='center', antialias=True, autoDraw=False, autoLog=True, bold=False, color=array([1., 1., 1.]), colorSpace='rgb', contrast=1.0, depth=-6.0, draggable=False, flipHoriz=False, flipVert=False, font='Open Sans', fontFiles=[], height=0.05, italic=False, languageStyle='LTR', name='text6', opacity=1.0, ori=0.0, pos=array([-0.075, -0.08 ]), rgb=UNKNOWN, text='', units='norm', win=Window(...), wrapWidth=1)
14.4265 	EXP 	window1: mouseVisible = True
14.4281 	EXP 	Created text7 = TextStim(__class__=<class 'psychopy.visual.text.TextStim'>, alignHoriz=method-wrapper(...), alignText='center', alignVert=method-wrapper(...), anchorHoriz='center', anchorVert='center', antialias=True, autoDraw=False, autoLog=True, bold=False, color=array([1., 1., 1.]), colorSpace='rgb', contrast=1.0, depth=-7.0, draggable=False, flipHoriz=False, flipVert=False, font='Open Sans', fontFiles=[], height=0.05, italic=False, languageStyle='LTR', name='text7', opacity=1.0, ori=0.0, pos=array([ 0.075, -0.08 ]), rgb=UNKNOWN, text='', units='norm', win=Window(...), wrapWidth=1)
14.4282 	EXP 	window1: mouseVisible = True
14.4297 	EXP 	Created text8 = TextStim(__class__=<class 'psychopy.visual.text.TextStim'>, alignHoriz=method-wrapper(...), alignText='center', alignVert=method-wrapper(...), anchorHoriz='center', anchorVert='center', antialias=True, autoDraw=False, autoLog=True, bold=False, color=array([1., 1., 1.]), colorSpace='rgb', contrast=1.0, depth=-8.0, draggable=False, flipHoriz=False, flipVert=False, font='Open Sans', fontFiles=[], height=0.05, italic=False, languageStyle='LTR', name='text8', opacity=1.0, ori=0.0, pos=array([ 0.225, -0.08 ]), rgb=UNKNOWN, text='', units='norm', win=Window(...), wrapWidth=1)
14.4299 	EXP 	window1: mouseVisible = True
14.4314 	EXP 	Created num1 = TextStim(__class__=<class 'psychopy.visual.text.TextStim'>, alignHoriz=method-wrapper(...), alignText='center', alignVert=method-wrapper(...), anchorHoriz='center', anchorVert='center', antialias=True, autoDraw=False, autoLog=True, bold=False, color=array([1., 1., 1.]), colorSpace='rgb', contrast=1.0, depth=-10.0, draggable=False, flipHoriz=False, flipVert=False, font='Open Sans', fontFiles=[], height=0.1, italic=False, languageStyle='LTR', name='num1', opacity=1.0, ori=0.0, pos=array([-0.225,  0.24 ]), rgb=UNKNOWN, text='', units='norm', win=Window(...), wrapWidth=1)
14.4315 	EXP 	window1: mouseVisible = True
14.4331 	EXP 	Created num2 = TextStim(__class__=<class 'psychopy.visual.text.TextStim'>, alignHoriz=method-wrapper(...), alignText='center', alignVert=method-wrapper(...), anchorHoriz='center', anchorVert='center', antialias=True, autoDraw=False, autoLog=True, bold=False, color=array([1., 1., 1.]), colorSpace='rgb', contrast=1.0, depth=-11.0, draggable=False, flipHoriz=False, flipVert=False, font='Open Sans', fontFiles=[], height=0.1, italic=False, languageStyle='LTR', name='num2', opacity=1.0, ori=0.0, pos=array([-0.075,  0.24 ]), rgb=UNKNOWN, text='', units='norm', win=Window(...), wrapWidth=1)
14.4332 	EXP 	window1: mouseVisible = True
14.4347 	EXP 	Created num3 = TextStim(__class__=<class 'psychopy.visual.text.TextStim'>, alignHoriz=method-wrapper(...), alignText='center', alignVert=method-wrapper(...), anchorHoriz='center', anchorVert='center', antialias=True, autoDraw=False, autoLog=True, bold=False, color=array([1., 1., 1.]), colorSpace='rgb', contrast=1.0, depth=-12.0, draggable=False, flipHoriz=False, flipVert=False, font='Open Sans', fontFiles=[], height=0.1, italic=False, languageStyle='LTR', name='num3', opacity=1.0, ori=0.0, pos=array([0.075, 0.24 ]), rgb=UNKNOWN, text='', units='norm', win=Window(...), wrapWidth=1)
14.4348 	EXP 	window1: mouseVisible = True
14.4363 	EXP 	Created num4 = TextStim(__class__=<class 'psychopy.visual.text.TextStim'>, alignHoriz=method-wrapper(...), alignText='center', alignVert=method-wrapper(...), anchorHoriz='center', anchorVert='center', antialias=True, autoDraw=False, autoLog=True, bold=False, color=array([1., 1., 1.]), colorSpace='rgb', contrast=1.0, depth=-13.0, draggable=False, flipHoriz=False, flipVert=False, font='Open Sans', fontFiles=[], height=0.1, italic=False, languageStyle='LTR', name='num4', opacity=1.0, ori=0.0, pos=array([0.225, 0.24 ]), rgb=UNKNOWN, text='', units='norm', win=Window(...), wrapWidth=1)
14.4365 	EXP 	window1: mouseVisible = True
14.4392 	EXP 	Created fixCrossR = ShapeStim(__class__=<class 'psychopy.visual.shape.ShapeStim'>, anchor=('center', 'center'), autoDraw=False, autoLog=True, closeShape=True, color=method-wrapper(...), colorSpace='rgb', contrast=None, depth=0.0, draggable=False, fillColor=array([-1, -1, -1]), fillColorSpace='rgb', fillRGB=array([-1, -1, -1]), interpolate=True, lineColor=array([-1., -1., -1.]), lineColorSpace='rgb', lineRGB=array([-1, -1, -1]), lineWidth=1.0, name='fixCrossR', opacity=1.0, ori=0.0, pos=array([0., 0.]), size=array([0.02, 0.02]), units='height', vertices=ndarray(...), win=Window(...), windingRule=None)
14.4393 	EXP 	window1: mouseVisible = True
14.4414 	EXP 	Created text_total = TextStim(__class__=<class 'psychopy.visual.text.TextStim'>, alignHoriz=method-wrapper(...), alignText='center', alignVert=method-wrapper(...), anchorHoriz='center', anchorVert='center', antialias=True, autoDraw=False, autoLog=True, bold=False, color=array([1., 1., 1.]), colorSpace='rgb', contrast=1.0, depth=-1.0, draggable=False, flipHoriz=False, flipVert=False, font='Open Sans', fontFiles=[], height=0.05, italic=False, languageStyle='LTR', name='text_total', opacity=1.0, ori=0.0, pos=array([0., 0.]), rgb=UNKNOWN, text='', units='height', win=Window(...), wrapWidth=1)
14.4415 	EXP 	window1: mouseVisible = True
14.4437 	EXP 	Created text_acc = TextStim(__class__=<class 'psychopy.visual.text.TextStim'>, alignHoriz=method-wrapper(...), alignText='center', alignVert=method-wrapper(...), anchorHoriz='center', anchorVert='center', antialias=True, autoDraw=False, autoLog=True, bold=False, color=array([1., 1., 1.]), colorSpace='rgb', contrast=1.0, depth=-2.0, draggable=False, flipHoriz=False, flipVert=False, font='Open Sans', fontFiles=[], height=0.05, italic=False, languageStyle='LTR', name='text_acc', opacity=1.0, ori=0.0, pos=array([ 0. , -0.3]), rgb=UNKNOWN, text='', units='height', win=Window(...), wrapWidth=1)
0.0087 	EXP 	Created sequence: random, trialTypes=1, nReps=1, seed=None
0.0089 	EXP 	New trial (rep=0, index=0): None
0.0185 	EXP 	Created sequence: random, trialTypes=1, nReps=999, seed=None
0.0228 	EXP 	New trial (rep=0, index=0): None
0.0301 	EXP 	Imported instructions/Instructions_doc.xlsx as conditions, 1 conditions, 1 params
0.0306 	EXP 	Created sequence: sequential, trialTypes=1, nReps=1, seed=None
0.0308 	EXP 	New trial (rep=0, index=0): {'InstructionsFilepath': 'instructions//slide1.png'}
0.1573 	EXP 	imageInstruct: image = 'instructions//slide1.png'
0.1573 	EXP 	imageInstruct: autoDraw = True
2.9039 	DATA 	Mouse: Left button down, pos=(1764,56)
2.9962 	EXP 	New trial (rep=1, index=0): None
3.0025 	EXP 	Imported instructions/Instructions_doc.xlsx as conditions, 1 conditions, 1 params
3.0029 	EXP 	Created sequence: sequential, trialTypes=1, nReps=1, seed=None
3.0032 	EXP 	New trial (rep=0, index=0): {'InstructionsFilepath': 'instructions//slide2.png'}
3.0970 	DATA 	Mouse:  Left button up, pos=(1764,56)
3.0973 	DATA 	Mouse: Left button down, pos=(1764,56)
3.1169 	EXP 	imageInstruct: autoDraw = False
3.1169 	EXP 	imageInstruct: image = 'instructions//slide2.png'
3.1169 	EXP 	imageInstruct: autoDraw = True
3.1999 	DATA 	Mouse:  Left button up, pos=(1764,56)
3.4073 	DATA 	Mouse: Left button down, pos=(1764,56)
3.4626 	EXP 	New trial (rep=2, index=0): None
3.4694 	EXP 	Imported instructions/Instructions_doc.xlsx as conditions, 1 conditions, 1 params
3.4698 	EXP 	Created sequence: sequential, trialTypes=1, nReps=1, seed=None
3.4700 	EXP 	New trial (rep=0, index=0): {'InstructionsFilepath': 'instructions//slide3.png'}
3.6102 	EXP 	imageInstruct: autoDraw = False
3.6102 	EXP 	imageInstruct: image = 'instructions//slide3.png'
3.6102 	EXP 	imageInstruct: autoDraw = True
3.6612 	DATA 	Mouse:  Left button up, pos=(1764,56)
3.7664 	DATA 	Mouse: Left button down, pos=(1759,41)
3.8331 	EXP 	New trial (rep=3, index=0): None
3.8391 	EXP 	Imported instructions/Instructions_doc.xlsx as conditions, 1 conditions, 1 params
3.8395 	EXP 	Created sequence: sequential, trialTypes=1, nReps=1, seed=None
3.8397 	EXP 	New trial (rep=0, index=0): {'InstructionsFilepath': 'instructions//slide4.png'}
3.9699 	DATA 	Mouse:  Left button up, pos=(1759,41)
3.9701 	DATA 	Mouse: Left button down, pos=(1759,41)
3.9939 	EXP 	imageInstruct: autoDraw = False
3.9939 	EXP 	imageInstruct: image = 'instructions//slide4.png'
3.9939 	EXP 	imageInstruct: autoDraw = True
4.0448 	DATA 	Mouse:  Left button up, pos=(1759,41)
4.1281 	DATA 	Mouse: Left button down, pos=(1759,41)
4.1806 	EXP 	New trial (rep=4, index=0): None
4.1865 	EXP 	Imported instructions/Instructions_doc.xlsx as conditions, 1 conditions, 1 params
4.1869 	EXP 	Created sequence: sequential, trialTypes=1, nReps=1, seed=None
4.1871 	EXP 	New trial (rep=0, index=0): {'InstructionsFilepath': 'instructions//slide5.png'}
4.2802 	DATA 	Mouse:  Left button up, pos=(1759,41)
4.3108 	EXP 	imageInstruct: autoDraw = False
4.3108 	EXP 	imageInstruct: image = 'instructions//slide5.png'
4.3108 	EXP 	imageInstruct: autoDraw = True
4.3174 	DATA 	Mouse: Left button down, pos=(1759,41)
4.3963 	EXP 	New trial (rep=5, index=0): None
4.4042 	EXP 	Imported instructions/Instructions_doc.xlsx as conditions, 1 conditions, 1 params
4.4046 	EXP 	Created sequence: sequential, trialTypes=1, nReps=1, seed=None
4.4049 	EXP 	New trial (rep=0, index=0): {'InstructionsFilepath': 'instructions//slide6.png'}
4.5067 	DATA 	Mouse:  Left button up, pos=(1759,41)
4.5299 	EXP 	imageInstruct: autoDraw = False
4.5299 	EXP 	imageInstruct: image = 'instructions//slide6.png'
4.5299 	EXP 	imageInstruct: autoDraw = True
4.6172 	DATA 	Mouse: Left button down, pos=(1759,41)
4.6813 	EXP 	New trial (rep=6, index=0): None
4.6874 	EXP 	Imported instructions/Instructions_doc.xlsx as conditions, 1 conditions, 1 params
4.6878 	EXP 	Created sequence: sequential, trialTypes=1, nReps=0, seed=None
4.7982 	DATA 	Mouse:  Left button up, pos=(1759,41)
4.7987 	DATA 	Mouse: Left button down, pos=(1759,41)
4.8285 	EXP 	imageInstruct: autoDraw = False
4.8285 	EXP 	text_8: autoDraw = True
4.8285 	EXP 	image_17: autoDraw = True
4.9787 	DATA 	Mouse:  Left button up, pos=(1759,41)
4.9790 	DATA 	Mouse: Left button down, pos=(1759,41)
5.1691 	DATA 	Mouse:  Left button up, pos=(1759,41)
5.1795 	DATA 	Mouse: Left button down, pos=(1759,41)
5.3122 	DATA 	Mouse:  Left button up, pos=(1759,41)
5.7291 	DATA 	Mouse: Left button down, pos=(1119,441)
5.7453 	EXP 	text_8: autoDraw = False
5.7453 	EXP 	image_17: autoDraw = False
5.7453 	EXP 	text_9: autoDraw = True
5.7453 	EXP 	image_18: autoDraw = True
5.8692 	DATA 	Mouse:  Left button up, pos=(1119,441)
6.3563 	DATA 	Mouse: Left button down, pos=(776,396)
6.3793 	EXP 	text_9: autoDraw = False
6.3793 	EXP 	image_18: autoDraw = False
6.3793 	EXP 	text_10: autoDraw = True
6.3793 	EXP 	image_19: autoDraw = True
6.4799 	DATA 	Mouse:  Left button up, pos=(776,396)
6.9301 	DATA 	Mouse: Left button down, pos=(1164,397)
6.9462 	EXP 	text_10: autoDraw = False
6.9462 	EXP 	image_19: autoDraw = False
6.9462 	EXP 	text_11: autoDraw = True
6.9462 	EXP 	image_20: autoDraw = True
7.0542 	DATA 	Mouse:  Left button up, pos=(1164,397)
7.4544 	DATA 	Mouse: Left button down, pos=(682,427)
7.4763 	EXP 	Created sequence: random, trialTypes=1, nReps=999, seed=None
7.4807 	EXP 	New trial (rep=0, index=0): None
7.4867 	EXP 	Imported instructions/Instructions2_doc.xlsx as conditions, 1 conditions, 1 params
7.4872 	EXP 	Created sequence: sequential, trialTypes=1, nReps=1, seed=None
7.4874 	EXP 	New trial (rep=0, index=0): {'Instructions2Filepath': 'instructions//slide7.png'}
7.6070 	EXP 	text_11: autoDraw = False
7.6070 	EXP 	image_20: autoDraw = False
7.6070 	EXP 	imageInstruct_2: image = 'instructions//slide7.png'
7.6070 	EXP 	imageInstruct_2: autoDraw = True
7.6074 	DATA 	Mouse:  Left button up, pos=(682,427)
8.4663 	DATA 	Mouse: Left button down, pos=(1688,73)
8.6048 	EXP 	New trial (rep=1, index=0): None
8.6107 	EXP 	Imported instructions/Instructions2_doc.xlsx as conditions, 1 conditions, 1 params
8.6111 	EXP 	Created sequence: sequential, trialTypes=1, nReps=1, seed=None
8.6114 	EXP 	New trial (rep=0, index=0): {'Instructions2Filepath': 'instructions//slide8.png'}
8.6992 	DATA 	Mouse:  Left button up, pos=(1688,73)
8.7182 	EXP 	imageInstruct_2: autoDraw = False
8.7182 	EXP 	imageInstruct_2: image = 'instructions//slide8.png'
8.7182 	EXP 	imageInstruct_2: autoDraw = True
8.8331 	DATA 	Mouse: Left button down, pos=(1684,74)
8.9902 	EXP 	New trial (rep=2, index=0): None
8.9988 	EXP 	Imported instructions/Instructions2_doc.xlsx as conditions, 1 conditions, 1 params
8.9992 	EXP 	Created sequence: sequential, trialTypes=1, nReps=1, seed=None
8.9994 	EXP 	New trial (rep=0, index=0): {'Instructions2Filepath': 'instructions//slide9.png'}
9.1224 	DATA 	Mouse:  Left button up, pos=(1684,74)
9.1481 	EXP 	imageInstruct_2: autoDraw = False
9.1481 	EXP 	imageInstruct_2: image = 'instructions//slide9.png'
9.1481 	EXP 	imageInstruct_2: autoDraw = True
9.3493 	DATA 	Mouse: Left button down, pos=(1686,73)
9.5064 	EXP 	New trial (rep=3, index=0): None
9.5129 	EXP 	Imported instructions/Instructions2_doc.xlsx as conditions, 1 conditions, 1 params
9.5134 	EXP 	Created sequence: sequential, trialTypes=1, nReps=1, seed=None
9.5136 	EXP 	New trial (rep=0, index=0): {'Instructions2Filepath': 'instructions//slide10.png'}
9.6312 	DATA 	Mouse:  Left button up, pos=(1686,73)
9.6500 	EXP 	imageInstruct_2: autoDraw = False
9.6500 	EXP 	imageInstruct_2: image = 'instructions//slide10.png'
9.6500 	EXP 	imageInstruct_2: autoDraw = True
10.0169 	DATA 	Mouse: Left button down, pos=(1686,73)
10.1917 	EXP 	New trial (rep=4, index=0): None
10.1983 	EXP 	Imported instructions/Instructions2_doc.xlsx as conditions, 1 conditions, 1 params
10.1988 	EXP 	Created sequence: sequential, trialTypes=1, nReps=1, seed=None
10.1990 	EXP 	New trial (rep=0, index=0): {'Instructions2Filepath': 'instructions//slide11.png'}
10.2934 	DATA 	Mouse:  Left button up, pos=(1686,73)
10.2937 	DATA 	Mouse: Left button down, pos=(1686,73)
10.3157 	EXP 	imageInstruct_2: autoDraw = False
10.3157 	EXP 	imageInstruct_2: image = 'instructions//slide11.png'
10.3157 	EXP 	imageInstruct_2: autoDraw = True
10.4569 	DATA 	Mouse:  Left button up, pos=(1686,73)
10.4571 	DATA 	Mouse: Left button down, pos=(1686,73)
10.7670 	DATA 	Mouse:  Left button up, pos=(1686,73)
10.7672 	DATA 	Mouse: Left button down, pos=(1686,73)
10.9834 	DATA 	Mouse:  Left button up, pos=(1686,73)
10.9836 	DATA 	Mouse: Left button down, pos=(1686,73)
11.2167 	DATA 	Mouse:  Left button up, pos=(1686,73)
11.2169 	DATA 	Mouse: Left button down, pos=(1686,73)
11.4005 	DATA 	Mouse:  Left button up, pos=(1686,73)
11.4007 	DATA 	Mouse: Left button down, pos=(1686,73)
11.6066 	DATA 	Mouse:  Left button up, pos=(1686,73)
11.6069 	DATA 	Mouse: Left button down, pos=(1686,73)
11.8511 	DATA 	Mouse:  Left button up, pos=(1689,71)
12.3573 	DATA 	Mouse: Left button down, pos=(1732,53)
12.6051 	EXP 	New trial (rep=5, index=0): None
12.6114 	EXP 	Imported instructions/Instructions2_doc.xlsx as conditions, 1 conditions, 1 params
12.6118 	EXP 	Created sequence: sequential, trialTypes=1, nReps=1, seed=None
12.6120 	EXP 	New trial (rep=0, index=0): {'Instructions2Filepath': 'instructions//slide12.png'}
12.7039 	DATA 	Mouse:  Left button up, pos=(1732,53)
12.7221 	EXP 	imageInstruct_2: autoDraw = False
12.7221 	EXP 	imageInstruct_2: image = 'instructions//slide12.png'
12.7221 	EXP 	imageInstruct_2: autoDraw = True
12.8016 	DATA 	Mouse: Left button down, pos=(1732,53)
12.9624 	EXP 	New trial (rep=6, index=0): None
12.9689 	EXP 	Imported instructions/Instructions2_doc.xlsx as conditions, 1 conditions, 1 params
12.9693 	EXP 	Created sequence: sequential, trialTypes=1, nReps=0, seed=None
13.4485 	DATA 	Mouse:  Left button up, pos=(1732,53)
13.4532 	EXP 	imageInstruct_2: autoDraw = False
13.4532 	EXP 	text_17: autoDraw = True
14.1213 	DATA 	Mouse: Left button down, pos=(1731,55)
14.2714 	DATA 	Mouse:  Left button up, pos=(1731,55)
14.8461 	EXP 	Imported participantData/s12/block_0/babySteps_s12.xlsx as conditions, 5 conditions, 15 params
14.8465 	EXP 	Created sequence: sequential, trialTypes=5, nReps=1, seed=None
14.8467 	EXP 	New trial (rep=0, index=0): {'category': 'shoe', 'orientation': 4, 'taskCue': 'stim//ori2.png', 'stimfile': 'stim//shoe4.png', 'resp1': 'Half Right', 'resp2': 'Half Left', 'resp3': 'Full Left', 'resp4': 'Full Right', 'resp5': 'Turtle', 'resp6': 'Horse', 'resp7': 'Shoe', 'resp8': 'Car', 'objFirst': False, 'correctButton': 4, 'interval': 2.476}
14.8504 	DATA 	Keypress: space
14.8543 	EXP 	text_17: autoDraw = False
14.8543 	EXP 	cue: image = 'stim//ori2.png'
14.8543 	EXP 	cue: autoDraw = True
15.8382 	EXP 	Created sequence: sequential, trialTypes=1, nReps=3, seed=None
15.8384 	EXP 	New trial (rep=0, index=0): None
16.1215 	EXP 	cue: autoDraw = False
16.1215 	EXP 	cue: autoDraw = False
16.1215 	EXP 	image: image = 'stim//shoe4.png'
16.1215 	EXP 	image: autoDraw = True
16.1215 	EXP 	fixCrossR_2: autoDraw = True
16.3709 	EXP 	image: autoDraw = False
16.3709 	EXP 	fixCrossR_2: autoDraw = False
16.3709 	EXP 	image: autoDraw = False
16.3709 	EXP 	fixCrossR_2: autoDraw = False
16.3709 	EXP 	fixCrossR_4: autoDraw = True
16.6055 	EXP 	New trial (rep=1, index=0): None
16.7543 	EXP 	fixCrossR_4: autoDraw = False
16.7543 	EXP 	fixCrossR_4: autoDraw = False
16.7543 	EXP 	image: image = 'stim//shoe4.png'
16.7543 	EXP 	image: autoDraw = True
16.7543 	EXP 	fixCrossR_2: autoDraw = True
17.0045 	EXP 	image: autoDraw = False
17.0045 	EXP 	fixCrossR_2: autoDraw = False
17.0045 	EXP 	image: autoDraw = False
17.0045 	EXP 	fixCrossR_2: autoDraw = False
17.0045 	EXP 	fixCrossR_4: autoDraw = True
17.2399 	EXP 	New trial (rep=2, index=0): None
17.4885 	EXP 	fixCrossR_4: autoDraw = False
17.4885 	EXP 	fixCrossR_4: autoDraw = False
17.4885 	EXP 	image: image = 'stim//shoe4.png'
17.4885 	EXP 	image: autoDraw = True
17.4885 	EXP 	fixCrossR_2: autoDraw = True
17.7387 	EXP 	image: autoDraw = False
17.7387 	EXP 	fixCrossR_2: autoDraw = False
17.7387 	EXP 	image: autoDraw = False
17.7387 	EXP 	fixCrossR_2: autoDraw = False
17.7387 	EXP 	fixCrossR_4: autoDraw = True
18.2726 	EXP 	fixCrossR_4: autoDraw = False
18.2726 	EXP 	fixCrossR_4: autoDraw = False
18.2726 	EXP 	fixCross_2: fillColor = <psychopy.colors.Color: black, alpha=1.0>
18.2726 	EXP 	fixCross_2: borderColor = <psychopy.colors.Color: black, alpha=1.0>
18.2726 	EXP 	text1_2: foreColor = <psychopy.colors.Color: white, alpha=1.0>
18.2726 	EXP 	text1_2: height = 0.05
18.2726 	EXP 	text1_2: height = 0.05
18.2726 	EXP 	text1_2: height = 0.05
18.2726 	EXP 	text1_2: text = 'Half Right'
18.2726 	EXP 	text2_2: foreColor = <psychopy.colors.Color: white, alpha=1.0>
18.2726 	EXP 	text2_2: height = 0.05
18.2726 	EXP 	text2_2: height = 0.05
18.2726 	EXP 	text2_2: height = 0.05
18.2726 	EXP 	text2_2: text = 'Half Left'
18.2726 	EXP 	text3_2: foreColor = <psychopy.colors.Color: white, alpha=1.0>
18.2726 	EXP 	text3_2: height = 0.05
18.2726 	EXP 	text3_2: height = 0.05
18.2726 	EXP 	text3_2: height = 0.05
18.2726 	EXP 	text3_2: text = 'Full Left'
18.2726 	EXP 	text4_2: foreColor = <psychopy.colors.Color: white, alpha=1.0>
18.2726 	EXP 	text4_2: height = 0.05
18.2726 	EXP 	text4_2: height = 0.05
18.2726 	EXP 	text4_2: height = 0.05
18.2726 	EXP 	text4_2: text = 'Full Right'
18.2726 	EXP 	text5_2: foreColor = <psychopy.colors.Color: white, alpha=1.0>
18.2726 	EXP 	text5_2: height = 0.05
18.2726 	EXP 	text5_2: height = 0.05
18.2726 	EXP 	text5_2: height = 0.05
18.2726 	EXP 	text5_2: text = 'Turtle'
18.2726 	EXP 	text6_2: foreColor = <psychopy.colors.Color: white, alpha=1.0>
18.2726 	EXP 	text6_2: height = 0.05
18.2726 	EXP 	text6_2: height = 0.05
18.2726 	EXP 	text6_2: height = 0.05
18.2726 	EXP 	text6_2: text = 'Horse'
18.2726 	EXP 	text7_2: foreColor = <psychopy.colors.Color: white, alpha=1.0>
18.2726 	EXP 	text7_2: height = 0.05
18.2726 	EXP 	text7_2: height = 0.05
18.2726 	EXP 	text7_2: height = 0.05
18.2726 	EXP 	text7_2: text = 'Shoe'
18.2726 	EXP 	text8_2: foreColor = <psychopy.colors.Color: white, alpha=1.0>
18.2726 	EXP 	text8_2: height = 0.05
18.2726 	EXP 	text8_2: height = 0.05
18.2726 	EXP 	text8_2: height = 0.05
18.2726 	EXP 	text8_2: text = 'Car'
18.2726 	EXP 	num1_2: foreColor = <psychopy.colors.Color: white, alpha=1.0>
18.2726 	EXP 	num1_2: height = 0.1
18.2726 	EXP 	num1_2: height = 0.1
18.2726 	EXP 	num1_2: height = 0.1
18.2726 	EXP 	num1_2: text = '1'
18.2726 	EXP 	num2_2: foreColor = <psychopy.colors.Color: white, alpha=1.0>
18.2726 	EXP 	num2_2: height = 0.1
18.2726 	EXP 	num2_2: height = 0.1
18.2726 	EXP 	num2_2: height = 0.1
18.2726 	EXP 	num2_2: text = '2'
18.2726 	EXP 	num3_2: foreColor = <psychopy.colors.Color: white, alpha=1.0>
18.2726 	EXP 	num3_2: height = 0.1
18.2726 	EXP 	num3_2: height = 0.1
18.2726 	EXP 	num3_2: height = 0.1
18.2726 	EXP 	num3_2: text = '3'
18.2726 	EXP 	num4_2: foreColor = <psychopy.colors.Color: white, alpha=1.0>
18.2726 	EXP 	num4_2: height = 0.1
18.2726 	EXP 	num4_2: height = 0.1
18.2726 	EXP 	num4_2: height = 0.1
18.2726 	EXP 	num4_2: text = '4'
18.2726 	EXP 	fixCross_2: autoDraw = True
18.2726 	EXP 	text1_2: autoDraw = True
18.2726 	EXP 	text2_2: autoDraw = True
18.2726 	EXP 	text3_2: autoDraw = True
18.2726 	EXP 	text4_2: autoDraw = True
18.2726 	EXP 	text5_2: autoDraw = True
18.2726 	EXP 	text6_2: autoDraw = True
18.2726 	EXP 	text7_2: autoDraw = True
18.2726 	EXP 	text8_2: autoDraw = True
18.2726 	EXP 	num1_2: autoDraw = True
18.2726 	EXP 	num2_2: autoDraw = True
18.2726 	EXP 	num3_2: autoDraw = True
18.2726 	EXP 	num4_2: autoDraw = True
19.3516 	DATA 	Keypress: 3
19.3904 	EXP 	text4_2: foreColor = <psychopy.colors.Color: (0.0, 1.0, 0.0, 1.0)>
19.3904 	EXP 	text8_2: foreColor = <psychopy.colors.Color: (0.0, 1.0, 0.0, 1.0)>
19.3904 	EXP 	num4_2: foreColor = <psychopy.colors.Color: (0.0, 1.0, 0.0, 1.0)>
19.3904 	EXP 	text4_2: foreColor = <psychopy.colors.Color: (0.0, 1.0, 0.0, 1.0)>
19.3904 	EXP 	text8_2: foreColor = <psychopy.colors.Color: (0.0, 1.0, 0.0, 1.0)>
19.3904 	EXP 	num4_2: foreColor = <psychopy.colors.Color: (0.0, 1.0, 0.0, 1.0)>
19.3904 	EXP 	fixCross_2: foreColor = <psychopy.colors.Color: (1.0, 0.0, 0.0, 1.0)>
19.3904 	EXP 	fixCross_2: borderColor = <psychopy.colors.Color: (1.0, 0.0, 0.0, 1.0)>
19.3904 	EXP 	fixCross_2: fillColor = <psychopy.colors.Color: (1.0, 0.0, 0.0, 1.0)>
19.3904 	EXP 	text3_2: foreColor = <psychopy.colors.Color: (1.0, 0.0, 0.0, 1.0)>
19.3904 	EXP 	text7_2: foreColor = <psychopy.colors.Color: (1.0, 0.0, 0.0, 1.0)>
19.3904 	EXP 	num3_2: foreColor = <psychopy.colors.Color: (1.0, 0.0, 0.0, 1.0)>
19.3904 	EXP 	text4_2: foreColor = <psychopy.colors.Color: (0.0, 1.0, 0.0, 1.0)>
19.3904 	EXP 	text8_2: foreColor = <psychopy.colors.Color: (0.0, 1.0, 0.0, 1.0)>
19.3904 	EXP 	num4_2: foreColor = <psychopy.colors.Color: (0.0, 1.0, 0.0, 1.0)>
19.3904 	EXP 	text4_2: foreColor = <psychopy.colors.Color: (0.0, 1.0, 0.0, 1.0)>
19.3904 	EXP 	text8_2: foreColor = <psychopy.colors.Color: (0.0, 1.0, 0.0, 1.0)>
19.3904 	EXP 	num4_2: foreColor = <psychopy.colors.Color: (0.0, 1.0, 0.0, 1.0)>
22.3634 	EXP 	New trial (rep=0, index=1): {'category': 'turtle', 'orientation': 4, 'taskCue': 'stim//obj2.png', 'stimfile': 'stim//turtle4.png', 'resp1': 'Turtle', 'resp2': 'Car', 'resp3': 'Horse', 'resp4': 'Shoe', 'resp5': 'Full Left', 'resp6': 'Half Right', 'resp7': 'Full Right', 'resp8': 'Half Left', 'objFirst': True, 'correctButton': 1, 'interval': 2.499}
22.3757 	EXP 	fixCross_2: autoDraw = False
22.3757 	EXP 	text1_2: autoDraw = False
22.3757 	EXP 	text2_2: autoDraw = False
22.3757 	EXP 	text3_2: autoDraw = False
22.3757 	EXP 	text4_2: autoDraw = False
22.3757 	EXP 	text5_2: autoDraw = False
22.3757 	EXP 	text6_2: autoDraw = False
22.3757 	EXP 	text7_2: autoDraw = False
22.3757 	EXP 	text8_2: autoDraw = False
22.3757 	EXP 	num1_2: autoDraw = False
22.3757 	EXP 	num2_2: autoDraw = False
22.3757 	EXP 	num3_2: autoDraw = False
22.3757 	EXP 	num4_2: autoDraw = False
22.3757 	EXP 	fixCross: foreColor = <psychopy.colors.Color: transparent, alpha=1.0>
22.3757 	EXP 	fixCross: borderColor = <psychopy.colors.Color: transparent, alpha=1.0>
22.3757 	EXP 	fixCross: fillColor = <psychopy.colors.Color: transparent, alpha=1.0>
22.3757 	EXP 	cue: image = 'stim//obj2.png'
22.3757 	EXP 	cue: autoDraw = True
23.3613 	EXP 	Created sequence: sequential, trialTypes=1, nReps=3, seed=None
23.3616 	EXP 	New trial (rep=0, index=0): None
23.5109 	EXP 	cue: autoDraw = False
23.5109 	EXP 	cue: autoDraw = False
23.5109 	EXP 	image: image = 'stim//turtle4.png'
23.5109 	EXP 	image: autoDraw = True
23.5109 	EXP 	fixCrossR_2: autoDraw = True
23.7605 	EXP 	image: autoDraw = False
23.7605 	EXP 	fixCrossR_2: autoDraw = False
23.7605 	EXP 	image: autoDraw = False
23.7605 	EXP 	fixCrossR_2: autoDraw = False
23.7605 	EXP 	fixCrossR_4: autoDraw = True
23.9948 	EXP 	New trial (rep=1, index=0): None
24.1606 	EXP 	fixCrossR_4: autoDraw = False
24.1606 	EXP 	fixCrossR_4: autoDraw = False
24.1606 	EXP 	image: image = 'stim//turtle4.png'
24.1606 	EXP 	image: autoDraw = True
24.1606 	EXP 	fixCrossR_2: autoDraw = True
24.4120 	EXP 	image: autoDraw = False
24.4120 	EXP 	fixCrossR_2: autoDraw = False
24.4120 	EXP 	image: autoDraw = False
24.4120 	EXP 	fixCrossR_2: autoDraw = False
24.4120 	EXP 	fixCrossR_4: autoDraw = True
24.6457 	EXP 	New trial (rep=2, index=0): None
24.8803 	EXP 	fixCrossR_4: autoDraw = False
24.8803 	EXP 	fixCrossR_4: autoDraw = False
24.8803 	EXP 	image: image = 'stim//turtle4.png'
24.8803 	EXP 	image: autoDraw = True
24.8803 	EXP 	fixCrossR_2: autoDraw = True
25.1311 	EXP 	image: autoDraw = False
25.1311 	EXP 	fixCrossR_2: autoDraw = False
25.1311 	EXP 	image: autoDraw = False
25.1311 	EXP 	fixCrossR_2: autoDraw = False
25.1311 	EXP 	fixCrossR_4: autoDraw = True
25.7287 	EXP 	fixCrossR_4: autoDraw = False
25.7287 	EXP 	fixCrossR_4: autoDraw = False
25.7287 	EXP 	fixCross_2: fillColor = <psychopy.colors.Color: black, alpha=1.0>
25.7287 	EXP 	fixCross_2: borderColor = <psychopy.colors.Color: black, alpha=1.0>
25.7287 	EXP 	text1_2: foreColor = <psychopy.colors.Color: white, alpha=1.0>
25.7287 	EXP 	text1_2: height = 0.05
25.7287 	EXP 	text1_2: height = 0.05
25.7287 	EXP 	text1_2: height = 0.05
25.7287 	EXP 	text1_2: text = 'Turtle'
25.7287 	EXP 	text2_2: foreColor = <psychopy.colors.Color: white, alpha=1.0>
25.7287 	EXP 	text2_2: height = 0.05
25.7287 	EXP 	text2_2: height = 0.05
25.7287 	EXP 	text2_2: height = 0.05
25.7287 	EXP 	text2_2: text = 'Car'
25.7287 	EXP 	text3_2: foreColor = <psychopy.colors.Color: white, alpha=1.0>
25.7287 	EXP 	text3_2: height = 0.05
25.7287 	EXP 	text3_2: height = 0.05
25.7287 	EXP 	text3_2: height = 0.05
25.7287 	EXP 	text3_2: text = 'Horse'
25.7287 	EXP 	text4_2: foreColor = <psychopy.colors.Color: white, alpha=1.0>
25.7287 	EXP 	text4_2: height = 0.05
25.7287 	EXP 	text4_2: height = 0.05
25.7287 	EXP 	text4_2: height = 0.05
25.7287 	EXP 	text4_2: text = 'Shoe'
25.7287 	EXP 	text5_2: foreColor = <psychopy.colors.Color: white, alpha=1.0>
25.7287 	EXP 	text5_2: height = 0.05
25.7287 	EXP 	text5_2: height = 0.05
25.7287 	EXP 	text5_2: height = 0.05
25.7287 	EXP 	text5_2: text = 'Full Left'
25.7287 	EXP 	text6_2: foreColor = <psychopy.colors.Color: white, alpha=1.0>
25.7287 	EXP 	text6_2: height = 0.05
25.7287 	EXP 	text6_2: height = 0.05
25.7287 	EXP 	text6_2: height = 0.05
25.7287 	EXP 	text6_2: text = 'Half Right'
25.7287 	EXP 	text7_2: foreColor = <psychopy.colors.Color: white, alpha=1.0>
25.7287 	EXP 	text7_2: height = 0.05
25.7287 	EXP 	text7_2: height = 0.05
25.7287 	EXP 	text7_2: height = 0.05
25.7287 	EXP 	text7_2: text = 'Full Right'
25.7287 	EXP 	text8_2: foreColor = <psychopy.colors.Color: white, alpha=1.0>
25.7287 	EXP 	text8_2: height = 0.05
25.7287 	EXP 	text8_2: height = 0.05
25.7287 	EXP 	text8_2: height = 0.05
25.7287 	EXP 	text8_2: text = 'Half Left'
25.7287 	EXP 	num1_2: foreColor = <psychopy.colors.Color: white, alpha=1.0>
25.7287 	EXP 	num1_2: text = '1'
25.7287 	EXP 	num2_2: foreColor = <psychopy.colors.Color: white, alpha=1.0>
25.7287 	EXP 	num2_2: text = '2'
25.7287 	EXP 	num3_2: foreColor = <psychopy.colors.Color: white, alpha=1.0>
25.7287 	EXP 	num3_2: text = '3'
25.7287 	EXP 	num4_2: foreColor = <psychopy.colors.Color: white, alpha=1.0>
25.7287 	EXP 	num4_2: text = '4'
25.7287 	EXP 	fixCross_2: autoDraw = True
25.7287 	EXP 	text1_2: autoDraw = True
25.7287 	EXP 	text2_2: autoDraw = True
25.7287 	EXP 	text3_2: autoDraw = True
25.7287 	EXP 	text4_2: autoDraw = True
25.7287 	EXP 	text5_2: autoDraw = True
25.7287 	EXP 	text6_2: autoDraw = True
25.7287 	EXP 	text7_2: autoDraw = True
25.7287 	EXP 	text8_2: autoDraw = True
25.7287 	EXP 	num1_2: autoDraw = True
25.7287 	EXP 	num2_2: autoDraw = True
25.7287 	EXP 	num3_2: autoDraw = True
25.7287 	EXP 	num4_2: autoDraw = True
26.4924 	DATA 	Keypress: 1
26.5294 	EXP 	fixCross_2: foreColor = <psychopy.colors.Color: (1.0, 0.0, 0.0, 1.0)>
26.5294 	EXP 	fixCross_2: borderColor = <psychopy.colors.Color: (1.0, 0.0, 0.0, 1.0)>
26.5294 	EXP 	fixCross_2: fillColor = <psychopy.colors.Color: (1.0, 0.0, 0.0, 1.0)>
26.5294 	EXP 	text1_2: foreColor = <psychopy.colors.Color: (1.0, 0.0, 0.0, 1.0)>
26.5294 	EXP 	text5_2: foreColor = <psychopy.colors.Color: (1.0, 0.0, 0.0, 1.0)>
26.5294 	EXP 	num1_2: foreColor = <psychopy.colors.Color: (1.0, 0.0, 0.0, 1.0)>
26.5294 	EXP 	text1_2: foreColor = <psychopy.colors.Color: (0.0, 1.0, 0.0, 1.0)>
26.5294 	EXP 	text5_2: foreColor = <psychopy.colors.Color: (0.0, 1.0, 0.0, 1.0)>
26.5294 	EXP 	num1_2: foreColor = <psychopy.colors.Color: (0.0, 1.0, 0.0, 1.0)>
26.5294 	EXP 	text1_2: foreColor = <psychopy.colors.Color: (0.0, 1.0, 0.0, 1.0)>
26.5294 	EXP 	text5_2: foreColor = <psychopy.colors.Color: (0.0, 1.0, 0.0, 1.0)>
26.5294 	EXP 	num1_2: foreColor = <psychopy.colors.Color: (0.0, 1.0, 0.0, 1.0)>
26.5294 	EXP 	text1_2: foreColor = <psychopy.colors.Color: (0.0, 1.0, 0.0, 1.0)>
26.5294 	EXP 	text5_2: foreColor = <psychopy.colors.Color: (0.0, 1.0, 0.0, 1.0)>
26.5294 	EXP 	num1_2: foreColor = <psychopy.colors.Color: (0.0, 1.0, 0.0, 1.0)>
26.5294 	EXP 	text1_2: foreColor = <psychopy.colors.Color: (0.0, 1.0, 0.0, 1.0)>
26.5294 	EXP 	text5_2: foreColor = <psychopy.colors.Color: (0.0, 1.0, 0.0, 1.0)>
26.5294 	EXP 	num1_2: foreColor = <psychopy.colors.Color: (0.0, 1.0, 0.0, 1.0)>
29.5019 	EXP 	New trial (rep=0, index=2): {'category': 'turtle', 'orientation': 3, 'taskCue': 'stim//ori1.png', 'stimfile': 'stim//turtle3.png', 'resp1': 'Full Left', 'resp2': 'Full Right', 'resp3': 'Half Left', 'resp4': 'Half Right', 'resp5': 'Car', 'resp6': 'Shoe', 'resp7': 'Turtle', 'resp8': 'Horse', 'objFirst': False, 'correctButton': 4, 'interval': 2.49}
29.5154 	EXP 	fixCross_2: autoDraw = False
29.5154 	EXP 	text1_2: autoDraw = False
29.5154 	EXP 	text2_2: autoDraw = False
29.5154 	EXP 	text3_2: autoDraw = False
29.5154 	EXP 	text4_2: autoDraw = False
29.5154 	EXP 	text5_2: autoDraw = False
29.5154 	EXP 	text6_2: autoDraw = False
29.5154 	EXP 	text7_2: autoDraw = False
29.5154 	EXP 	text8_2: autoDraw = False
29.5154 	EXP 	num1_2: autoDraw = False
29.5154 	EXP 	num2_2: autoDraw = False
29.5154 	EXP 	num3_2: autoDraw = False
29.5154 	EXP 	num4_2: autoDraw = False
29.5154 	EXP 	fixCross: foreColor = <psychopy.colors.Color: transparent, alpha=1.0>
29.5154 	EXP 	fixCross: borderColor = <psychopy.colors.Color: transparent, alpha=1.0>
29.5154 	EXP 	fixCross: fillColor = <psychopy.colors.Color: transparent, alpha=1.0>
29.5154 	EXP 	cue: image = 'stim//ori1.png'
29.5154 	EXP 	cue: autoDraw = True
30.4999 	EXP 	Created sequence: sequential, trialTypes=1, nReps=3, seed=None
30.5001 	EXP 	New trial (rep=0, index=0): None
30.6500 	EXP 	cue: autoDraw = False
30.6500 	EXP 	cue: autoDraw = False
30.6500 	EXP 	image: image = 'stim//turtle3.png'
30.6500 	EXP 	image: autoDraw = True
30.6500 	EXP 	fixCrossR_2: autoDraw = True
30.8996 	EXP 	image: autoDraw = False
30.8996 	EXP 	fixCrossR_2: autoDraw = False
30.8996 	EXP 	image: autoDraw = False
30.8996 	EXP 	fixCrossR_2: autoDraw = False
30.8996 	EXP 	fixCrossR_4: autoDraw = True
31.1377 	EXP 	New trial (rep=1, index=0): None
31.3003 	EXP 	fixCrossR_4: autoDraw = False
31.3003 	EXP 	fixCrossR_4: autoDraw = False
31.3003 	EXP 	image: image = 'stim//turtle3.png'
31.3003 	EXP 	image: autoDraw = True
31.3003 	EXP 	fixCrossR_2: autoDraw = True
31.5504 	EXP 	image: autoDraw = False
31.5504 	EXP 	fixCrossR_2: autoDraw = False
31.5504 	EXP 	image: autoDraw = False
31.5504 	EXP 	fixCrossR_2: autoDraw = False
31.5504 	EXP 	fixCrossR_4: autoDraw = True
31.7848 	EXP 	New trial (rep=2, index=0): None
32.0202 	EXP 	fixCrossR_4: autoDraw = False
32.0202 	EXP 	fixCrossR_4: autoDraw = False
32.0202 	EXP 	image: image = 'stim//turtle3.png'
32.0202 	EXP 	image: autoDraw = True
32.0202 	EXP 	fixCrossR_2: autoDraw = True
32.2675 	EXP 	image: autoDraw = False
32.2675 	EXP 	fixCrossR_2: autoDraw = False
32.2675 	EXP 	image: autoDraw = False
32.2675 	EXP 	fixCrossR_2: autoDraw = False
32.2675 	EXP 	fixCrossR_4: autoDraw = True
32.7678 	EXP 	fixCrossR_4: autoDraw = False
32.7678 	EXP 	fixCrossR_4: autoDraw = False
32.7678 	EXP 	fixCross_2: fillColor = <psychopy.colors.Color: black, alpha=1.0>
32.7678 	EXP 	fixCross_2: borderColor = <psychopy.colors.Color: black, alpha=1.0>
32.7678 	EXP 	text1_2: foreColor = <psychopy.colors.Color: white, alpha=1.0>
32.7678 	EXP 	text1_2: height = 0.05
32.7678 	EXP 	text1_2: height = 0.05
32.7678 	EXP 	text1_2: height = 0.05
32.7678 	EXP 	text1_2: text = 'Full Left'
32.7678 	EXP 	text2_2: foreColor = <psychopy.colors.Color: white, alpha=1.0>
32.7678 	EXP 	text2_2: height = 0.05
32.7678 	EXP 	text2_2: height = 0.05
32.7678 	EXP 	text2_2: height = 0.05
32.7678 	EXP 	text2_2: text = 'Full Right'
32.7678 	EXP 	text3_2: foreColor = <psychopy.colors.Color: white, alpha=1.0>
32.7678 	EXP 	text3_2: height = 0.05
32.7678 	EXP 	text3_2: height = 0.05
32.7678 	EXP 	text3_2: height = 0.05
32.7678 	EXP 	text3_2: text = 'Half Left'
32.7678 	EXP 	text4_2: foreColor = <psychopy.colors.Color: white, alpha=1.0>
32.7678 	EXP 	text4_2: height = 0.05
32.7678 	EXP 	text4_2: height = 0.05
32.7678 	EXP 	text4_2: height = 0.05
32.7678 	EXP 	text4_2: text = 'Half Right'
32.7678 	EXP 	text5_2: foreColor = <psychopy.colors.Color: white, alpha=1.0>
32.7678 	EXP 	text5_2: height = 0.05
32.7678 	EXP 	text5_2: height = 0.05
32.7678 	EXP 	text5_2: height = 0.05
32.7678 	EXP 	text5_2: text = 'Car'
32.7678 	EXP 	text6_2: foreColor = <psychopy.colors.Color: white, alpha=1.0>
32.7678 	EXP 	text6_2: height = 0.05
32.7678 	EXP 	text6_2: height = 0.05
32.7678 	EXP 	text6_2: height = 0.05
32.7678 	EXP 	text6_2: text = 'Shoe'
32.7678 	EXP 	text7_2: foreColor = <psychopy.colors.Color: white, alpha=1.0>
32.7678 	EXP 	text7_2: height = 0.05
32.7678 	EXP 	text7_2: height = 0.05
32.7678 	EXP 	text7_2: height = 0.05
32.7678 	EXP 	text7_2: text = 'Turtle'
32.7678 	EXP 	text8_2: foreColor = <psychopy.colors.Color: white, alpha=1.0>
32.7678 	EXP 	text8_2: height = 0.05
32.7678 	EXP 	text8_2: height = 0.05
32.7678 	EXP 	text8_2: height = 0.05
32.7678 	EXP 	text8_2: text = 'Horse'
32.7678 	EXP 	num1_2: foreColor = <psychopy.colors.Color: white, alpha=1.0>
32.7678 	EXP 	num1_2: text = '1'
32.7678 	EXP 	num2_2: foreColor = <psychopy.colors.Color: white, alpha=1.0>
32.7678 	EXP 	num2_2: text = '2'
32.7678 	EXP 	num3_2: foreColor = <psychopy.colors.Color: white, alpha=1.0>
32.7678 	EXP 	num3_2: text = '3'
32.7678 	EXP 	num4_2: foreColor = <psychopy.colors.Color: white, alpha=1.0>
32.7678 	EXP 	num4_2: text = '4'
32.7678 	EXP 	fixCross_2: autoDraw = True
32.7678 	EXP 	text1_2: autoDraw = True
32.7678 	EXP 	text2_2: autoDraw = True
32.7678 	EXP 	text3_2: autoDraw = True
32.7678 	EXP 	text4_2: autoDraw = True
32.7678 	EXP 	text5_2: autoDraw = True
32.7678 	EXP 	text6_2: autoDraw = True
32.7678 	EXP 	text7_2: autoDraw = True
32.7678 	EXP 	text8_2: autoDraw = True
32.7678 	EXP 	num1_2: autoDraw = True
32.7678 	EXP 	num2_2: autoDraw = True
32.7678 	EXP 	num3_2: autoDraw = True
32.7678 	EXP 	num4_2: autoDraw = True
33.3648 	DATA 	Keypress: 2
33.4023 	EXP 	text4_2: foreColor = <psychopy.colors.Color: (0.0, 1.0, 0.0, 1.0)>
33.4023 	EXP 	text8_2: foreColor = <psychopy.colors.Color: (0.0, 1.0, 0.0, 1.0)>
33.4023 	EXP 	num4_2: foreColor = <psychopy.colors.Color: (0.0, 1.0, 0.0, 1.0)>
33.4023 	EXP 	fixCross_2: foreColor = <psychopy.colors.Color: (1.0, 0.0, 0.0, 1.0)>
33.4023 	EXP 	fixCross_2: borderColor = <psychopy.colors.Color: (1.0, 0.0, 0.0, 1.0)>
33.4023 	EXP 	fixCross_2: fillColor = <psychopy.colors.Color: (1.0, 0.0, 0.0, 1.0)>
33.4023 	EXP 	text2_2: foreColor = <psychopy.colors.Color: (1.0, 0.0, 0.0, 1.0)>
33.4023 	EXP 	text6_2: foreColor = <psychopy.colors.Color: (1.0, 0.0, 0.0, 1.0)>
33.4023 	EXP 	num2_2: foreColor = <psychopy.colors.Color: (1.0, 0.0, 0.0, 1.0)>
33.4023 	EXP 	text4_2: foreColor = <psychopy.colors.Color: (0.0, 1.0, 0.0, 1.0)>
33.4023 	EXP 	text8_2: foreColor = <psychopy.colors.Color: (0.0, 1.0, 0.0, 1.0)>
33.4023 	EXP 	num4_2: foreColor = <psychopy.colors.Color: (0.0, 1.0, 0.0, 1.0)>
33.4023 	EXP 	text4_2: foreColor = <psychopy.colors.Color: (0.0, 1.0, 0.0, 1.0)>
33.4023 	EXP 	text8_2: foreColor = <psychopy.colors.Color: (0.0, 1.0, 0.0, 1.0)>
33.4023 	EXP 	num4_2: foreColor = <psychopy.colors.Color: (0.0, 1.0, 0.0, 1.0)>
33.4023 	EXP 	text4_2: foreColor = <psychopy.colors.Color: (0.0, 1.0, 0.0, 1.0)>
33.4023 	EXP 	text8_2: foreColor = <psychopy.colors.Color: (0.0, 1.0, 0.0, 1.0)>
33.4023 	EXP 	num4_2: foreColor = <psychopy.colors.Color: (0.0, 1.0, 0.0, 1.0)>
36.3746 	EXP 	New trial (rep=0, index=3): {'category': 'car', 'orientation': 3, 'taskCue': 'stim//ori1.png', 'stimfile': 'stim//car3.png', 'resp1': 'Horse', 'resp2': 'Car', 'resp3': 'Turtle', 'resp4': 'Shoe', 'resp5': 'Full Right', 'resp6': 'Full Left', 'resp7': 'Half Left', 'resp8': 'Half Right', 'objFirst': True, 'correctButton': 4, 'interval': 2.453}
36.3876 	EXP 	fixCross_2: autoDraw = False
36.3876 	EXP 	text1_2: autoDraw = False
36.3876 	EXP 	text2_2: autoDraw = False
36.3876 	EXP 	text3_2: autoDraw = False
36.3876 	EXP 	text4_2: autoDraw = False
36.3876 	EXP 	text5_2: autoDraw = False
36.3876 	EXP 	text6_2: autoDraw = False
36.3876 	EXP 	text7_2: autoDraw = False
36.3876 	EXP 	text8_2: autoDraw = False
36.3876 	EXP 	num1_2: autoDraw = False
36.3876 	EXP 	num2_2: autoDraw = False
36.3876 	EXP 	num3_2: autoDraw = False
36.3876 	EXP 	num4_2: autoDraw = False
36.3876 	EXP 	fixCross: foreColor = <psychopy.colors.Color: transparent, alpha=1.0>
36.3876 	EXP 	fixCross: borderColor = <psychopy.colors.Color: transparent, alpha=1.0>
36.3876 	EXP 	fixCross: fillColor = <psychopy.colors.Color: transparent, alpha=1.0>
36.3876 	EXP 	cue: image = 'stim//ori1.png'
36.3876 	EXP 	cue: autoDraw = True
37.3732 	EXP 	Created sequence: sequential, trialTypes=1, nReps=3, seed=None
37.3736 	EXP 	New trial (rep=0, index=0): None
37.5217 	EXP 	cue: autoDraw = False
37.5217 	EXP 	cue: autoDraw = False
37.5217 	EXP 	image: image = 'stim//car3.png'
37.5217 	EXP 	image: autoDraw = True
37.5217 	EXP 	fixCrossR_2: autoDraw = True
37.7721 	EXP 	image: autoDraw = False
37.7721 	EXP 	fixCrossR_2: autoDraw = False
37.7721 	EXP 	image: autoDraw = False
37.7721 	EXP 	fixCrossR_2: autoDraw = False
37.7721 	EXP 	fixCrossR_4: autoDraw = True
38.0065 	EXP 	New trial (rep=1, index=0): None
38.1582 	EXP 	fixCrossR_4: autoDraw = False
38.1582 	EXP 	fixCrossR_4: autoDraw = False
38.1582 	EXP 	image: image = 'stim//car3.png'
38.1582 	EXP 	image: autoDraw = True
38.1582 	EXP 	fixCrossR_2: autoDraw = True
38.4058 	EXP 	image: autoDraw = False
38.4058 	EXP 	fixCrossR_2: autoDraw = False
38.4058 	EXP 	image: autoDraw = False
38.4058 	EXP 	fixCrossR_2: autoDraw = False
38.4058 	EXP 	fixCrossR_4: autoDraw = True
38.6405 	EXP 	New trial (rep=2, index=0): None
38.8762 	EXP 	fixCrossR_4: autoDraw = False
38.8762 	EXP 	fixCrossR_4: autoDraw = False
38.8762 	EXP 	image: image = 'stim//car3.png'
38.8762 	EXP 	image: autoDraw = True
38.8762 	EXP 	fixCrossR_2: autoDraw = True
39.1232 	EXP 	image: autoDraw = False
39.1232 	EXP 	fixCrossR_2: autoDraw = False
39.1232 	EXP 	image: autoDraw = False
39.1232 	EXP 	fixCrossR_2: autoDraw = False
39.1232 	EXP 	fixCrossR_4: autoDraw = True
39.6407 	EXP 	fixCrossR_4: autoDraw = False
39.6407 	EXP 	fixCrossR_4: autoDraw = False
39.6407 	EXP 	fixCross_2: fillColor = <psychopy.colors.Color: black, alpha=1.0>
39.6407 	EXP 	fixCross_2: borderColor = <psychopy.colors.Color: black, alpha=1.0>
39.6407 	EXP 	text1_2: foreColor = <psychopy.colors.Color: white, alpha=1.0>
39.6407 	EXP 	text1_2: height = 0.05
39.6407 	EXP 	text1_2: height = 0.05
39.6407 	EXP 	text1_2: height = 0.05
39.6407 	EXP 	text1_2: text = 'Horse'
39.6407 	EXP 	text2_2: foreColor = <psychopy.colors.Color: white, alpha=1.0>
39.6407 	EXP 	text2_2: height = 0.05
39.6407 	EXP 	text2_2: height = 0.05
39.6407 	EXP 	text2_2: height = 0.05
39.6407 	EXP 	text2_2: text = 'Car'
39.6407 	EXP 	text3_2: foreColor = <psychopy.colors.Color: white, alpha=1.0>
39.6407 	EXP 	text3_2: height = 0.05
39.6407 	EXP 	text3_2: height = 0.05
39.6407 	EXP 	text3_2: height = 0.05
39.6407 	EXP 	text3_2: text = 'Turtle'
39.6407 	EXP 	text4_2: foreColor = <psychopy.colors.Color: white, alpha=1.0>
39.6407 	EXP 	text4_2: height = 0.05
39.6407 	EXP 	text4_2: height = 0.05
39.6407 	EXP 	text4_2: height = 0.05
39.6407 	EXP 	text4_2: text = 'Shoe'
39.6407 	EXP 	text5_2: foreColor = <psychopy.colors.Color: white, alpha=1.0>
39.6407 	EXP 	text5_2: height = 0.05
39.6407 	EXP 	text5_2: height = 0.05
39.6407 	EXP 	text5_2: height = 0.05
39.6407 	EXP 	text5_2: text = 'Full Right'
39.6407 	EXP 	text6_2: foreColor = <psychopy.colors.Color: white, alpha=1.0>
39.6407 	EXP 	text6_2: height = 0.05
39.6407 	EXP 	text6_2: height = 0.05
39.6407 	EXP 	text6_2: height = 0.05
39.6407 	EXP 	text6_2: text = 'Full Left'
39.6407 	EXP 	text7_2: foreColor = <psychopy.colors.Color: white, alpha=1.0>
39.6407 	EXP 	text7_2: height = 0.05
39.6407 	EXP 	text7_2: height = 0.05
39.6407 	EXP 	text7_2: height = 0.05
39.6407 	EXP 	text7_2: text = 'Half Left'
39.6407 	EXP 	text8_2: foreColor = <psychopy.colors.Color: white, alpha=1.0>
39.6407 	EXP 	text8_2: height = 0.05
39.6407 	EXP 	text8_2: height = 0.05
39.6407 	EXP 	text8_2: height = 0.05
39.6407 	EXP 	text8_2: text = 'Half Right'
39.6407 	EXP 	num1_2: foreColor = <psychopy.colors.Color: white, alpha=1.0>
39.6407 	EXP 	num1_2: text = '1'
39.6407 	EXP 	num2_2: foreColor = <psychopy.colors.Color: white, alpha=1.0>
39.6407 	EXP 	num2_2: text = '2'
39.6407 	EXP 	num3_2: foreColor = <psychopy.colors.Color: white, alpha=1.0>
39.6407 	EXP 	num3_2: text = '3'
39.6407 	EXP 	num4_2: foreColor = <psychopy.colors.Color: white, alpha=1.0>
39.6407 	EXP 	num4_2: text = '4'
39.6407 	EXP 	fixCross_2: autoDraw = True
39.6407 	EXP 	text1_2: autoDraw = True
39.6407 	EXP 	text2_2: autoDraw = True
39.6407 	EXP 	text3_2: autoDraw = True
39.6407 	EXP 	text4_2: autoDraw = True
39.6407 	EXP 	text5_2: autoDraw = True
39.6407 	EXP 	text6_2: autoDraw = True
39.6407 	EXP 	text7_2: autoDraw = True
39.6407 	EXP 	text8_2: autoDraw = True
39.6407 	EXP 	num1_2: autoDraw = True
39.6407 	EXP 	num2_2: autoDraw = True
39.6407 	EXP 	num3_2: autoDraw = True
39.6407 	EXP 	num4_2: autoDraw = True
40.4230 	DATA 	Keypress: 4
40.4744 	EXP 	text4_2: foreColor = <psychopy.colors.Color: (0.0, 1.0, 0.0, 1.0)>
40.4744 	EXP 	text8_2: foreColor = <psychopy.colors.Color: (0.0, 1.0, 0.0, 1.0)>
40.4744 	EXP 	num4_2: foreColor = <psychopy.colors.Color: (0.0, 1.0, 0.0, 1.0)>
40.4744 	EXP 	text4_2: foreColor = <psychopy.colors.Color: (0.0, 1.0, 0.0, 1.0)>
40.4744 	EXP 	text8_2: foreColor = <psychopy.colors.Color: (0.0, 1.0, 0.0, 1.0)>
40.4744 	EXP 	num4_2: foreColor = <psychopy.colors.Color: (0.0, 1.0, 0.0, 1.0)>
40.4744 	EXP 	text4_2: foreColor = <psychopy.colors.Color: (0.0, 1.0, 0.0, 1.0)>
40.4744 	EXP 	text8_2: foreColor = <psychopy.colors.Color: (0.0, 1.0, 0.0, 1.0)>
40.4744 	EXP 	num4_2: foreColor = <psychopy.colors.Color: (0.0, 1.0, 0.0, 1.0)>
40.4744 	EXP 	fixCross_2: foreColor = <psychopy.colors.Color: (1.0, 0.0, 0.0, 1.0)>
40.4744 	EXP 	fixCross_2: borderColor = <psychopy.colors.Color: (1.0, 0.0, 0.0, 1.0)>
40.4744 	EXP 	fixCross_2: fillColor = <psychopy.colors.Color: (1.0, 0.0, 0.0, 1.0)>
40.4744 	EXP 	text4_2: foreColor = <psychopy.colors.Color: (1.0, 0.0, 0.0, 1.0)>
40.4744 	EXP 	text8_2: foreColor = <psychopy.colors.Color: (1.0, 0.0, 0.0, 1.0)>
40.4744 	EXP 	num4_2: foreColor = <psychopy.colors.Color: (1.0, 0.0, 0.0, 1.0)>
40.4744 	EXP 	text4_2: foreColor = <psychopy.colors.Color: (0.0, 1.0, 0.0, 1.0)>
40.4744 	EXP 	text8_2: foreColor = <psychopy.colors.Color: (0.0, 1.0, 0.0, 1.0)>
40.4744 	EXP 	num4_2: foreColor = <psychopy.colors.Color: (0.0, 1.0, 0.0, 1.0)>
43.4634 	EXP 	New trial (rep=0, index=4): {'category': 'shoe', 'orientation': 4, 'taskCue': 'stim//obj1.png', 'stimfile': 'stim//shoe4.png', 'resp1': 'Half Left', 'resp2': 'Half Right', 'resp3': 'Full Right', 'resp4': 'Full Left', 'resp5': 'Turtle', 'resp6': 'Car', 'resp7': 'Horse', 'resp8': 'Shoe', 'objFirst': False, 'correctButton': 4, 'interval': 2.826}
43.4765 	EXP 	fixCross_2: autoDraw = False
43.4765 	EXP 	text1_2: autoDraw = False
43.4765 	EXP 	text2_2: autoDraw = False
43.4765 	EXP 	text3_2: autoDraw = False
43.4765 	EXP 	text4_2: autoDraw = False
43.4765 	EXP 	text5_2: autoDraw = False
43.4765 	EXP 	text6_2: autoDraw = False
43.4765 	EXP 	text7_2: autoDraw = False
43.4765 	EXP 	text8_2: autoDraw = False
43.4765 	EXP 	num1_2: autoDraw = False
43.4765 	EXP 	num2_2: autoDraw = False
43.4765 	EXP 	num3_2: autoDraw = False
43.4765 	EXP 	num4_2: autoDraw = False
43.4765 	EXP 	fixCross: foreColor = <psychopy.colors.Color: transparent, alpha=1.0>
43.4765 	EXP 	fixCross: borderColor = <psychopy.colors.Color: transparent, alpha=1.0>
43.4765 	EXP 	fixCross: fillColor = <psychopy.colors.Color: transparent, alpha=1.0>
43.4765 	EXP 	cue: image = 'stim//obj1.png'
43.4765 	EXP 	cue: autoDraw = True
44.4622 	EXP 	Created sequence: sequential, trialTypes=1, nReps=3, seed=None
44.4624 	EXP 	New trial (rep=0, index=0): None
44.6283 	EXP 	cue: autoDraw = False
44.6283 	EXP 	cue: autoDraw = False
44.6283 	EXP 	image: image = 'stim//shoe4.png'
44.6283 	EXP 	image: autoDraw = True
44.6283 	EXP 	fixCrossR_2: autoDraw = True
44.8779 	EXP 	image: autoDraw = False
44.8779 	EXP 	fixCrossR_2: autoDraw = False
44.8779 	EXP 	image: autoDraw = False
44.8779 	EXP 	fixCrossR_2: autoDraw = False
44.8779 	EXP 	fixCrossR_4: autoDraw = True
45.1123 	EXP 	New trial (rep=1, index=0): None
45.2787 	EXP 	fixCrossR_4: autoDraw = False
45.2787 	EXP 	fixCrossR_4: autoDraw = False
45.2787 	EXP 	image: image = 'stim//shoe4.png'
45.2787 	EXP 	image: autoDraw = True
45.2787 	EXP 	fixCrossR_2: autoDraw = True
45.5291 	EXP 	image: autoDraw = False
45.5291 	EXP 	fixCrossR_2: autoDraw = False
45.5291 	EXP 	image: autoDraw = False
45.5291 	EXP 	fixCrossR_2: autoDraw = False
45.5291 	EXP 	fixCrossR_4: autoDraw = True
45.7629 	EXP 	New trial (rep=2, index=0): None
46.0122 	EXP 	fixCrossR_4: autoDraw = False
46.0122 	EXP 	fixCrossR_4: autoDraw = False
46.0122 	EXP 	image: image = 'stim//shoe4.png'
46.0122 	EXP 	image: autoDraw = True
46.0122 	EXP 	fixCrossR_2: autoDraw = True
46.2624 	EXP 	image: autoDraw = False
46.2624 	EXP 	fixCrossR_2: autoDraw = False
46.2624 	EXP 	image: autoDraw = False
46.2624 	EXP 	fixCrossR_2: autoDraw = False
46.2624 	EXP 	fixCrossR_4: autoDraw = True
46.7794 	EXP 	fixCrossR_4: autoDraw = False
46.7794 	EXP 	fixCrossR_4: autoDraw = False
46.7794 	EXP 	fixCross_2: fillColor = <psychopy.colors.Color: black, alpha=1.0>
46.7794 	EXP 	fixCross_2: borderColor = <psychopy.colors.Color: black, alpha=1.0>
46.7794 	EXP 	text1_2: foreColor = <psychopy.colors.Color: white, alpha=1.0>
46.7794 	EXP 	text1_2: height = 0.05
46.7794 	EXP 	text1_2: height = 0.05
46.7794 	EXP 	text1_2: height = 0.05
46.7794 	EXP 	text1_2: text = 'Half Left'
46.7794 	EXP 	text2_2: foreColor = <psychopy.colors.Color: white, alpha=1.0>
46.7794 	EXP 	text2_2: height = 0.05
46.7794 	EXP 	text2_2: height = 0.05
46.7794 	EXP 	text2_2: height = 0.05
46.7794 	EXP 	text2_2: text = 'Half Right'
46.7794 	EXP 	text3_2: foreColor = <psychopy.colors.Color: white, alpha=1.0>
46.7794 	EXP 	text3_2: height = 0.05
46.7794 	EXP 	text3_2: height = 0.05
46.7794 	EXP 	text3_2: height = 0.05
46.7794 	EXP 	text3_2: text = 'Full Right'
46.7794 	EXP 	text4_2: foreColor = <psychopy.colors.Color: white, alpha=1.0>
46.7794 	EXP 	text4_2: height = 0.05
46.7794 	EXP 	text4_2: height = 0.05
46.7794 	EXP 	text4_2: height = 0.05
46.7794 	EXP 	text4_2: text = 'Full Left'
46.7794 	EXP 	text5_2: foreColor = <psychopy.colors.Color: white, alpha=1.0>
46.7794 	EXP 	text5_2: height = 0.05
46.7794 	EXP 	text5_2: height = 0.05
46.7794 	EXP 	text5_2: height = 0.05
46.7794 	EXP 	text5_2: text = 'Turtle'
46.7794 	EXP 	text6_2: foreColor = <psychopy.colors.Color: white, alpha=1.0>
46.7794 	EXP 	text6_2: height = 0.05
46.7794 	EXP 	text6_2: height = 0.05
46.7794 	EXP 	text6_2: height = 0.05
46.7794 	EXP 	text6_2: text = 'Car'
46.7794 	EXP 	text7_2: foreColor = <psychopy.colors.Color: white, alpha=1.0>
46.7794 	EXP 	text7_2: height = 0.05
46.7794 	EXP 	text7_2: height = 0.05
46.7794 	EXP 	text7_2: height = 0.05
46.7794 	EXP 	text7_2: text = 'Horse'
46.7794 	EXP 	text8_2: foreColor = <psychopy.colors.Color: white, alpha=1.0>
46.7794 	EXP 	text8_2: height = 0.05
46.7794 	EXP 	text8_2: height = 0.05
46.7794 	EXP 	text8_2: height = 0.05
46.7794 	EXP 	text8_2: text = 'Shoe'
46.7794 	EXP 	num1_2: foreColor = <psychopy.colors.Color: white, alpha=1.0>
46.7794 	EXP 	num1_2: text = '1'
46.7794 	EXP 	num2_2: foreColor = <psychopy.colors.Color: white, alpha=1.0>
46.7794 	EXP 	num2_2: text = '2'
46.7794 	EXP 	num3_2: foreColor = <psychopy.colors.Color: white, alpha=1.0>
46.7794 	EXP 	num3_2: text = '3'
46.7794 	EXP 	num4_2: foreColor = <psychopy.colors.Color: white, alpha=1.0>
46.7794 	EXP 	num4_2: text = '4'
46.7794 	EXP 	fixCross_2: autoDraw = True
46.7794 	EXP 	text1_2: autoDraw = True
46.7794 	EXP 	text2_2: autoDraw = True
46.7794 	EXP 	text3_2: autoDraw = True
46.7794 	EXP 	text4_2: autoDraw = True
46.7794 	EXP 	text5_2: autoDraw = True
46.7794 	EXP 	text6_2: autoDraw = True
46.7794 	EXP 	text7_2: autoDraw = True
46.7794 	EXP 	text8_2: autoDraw = True
46.7794 	EXP 	num1_2: autoDraw = True
46.7794 	EXP 	num2_2: autoDraw = True
46.7794 	EXP 	num3_2: autoDraw = True
46.7794 	EXP 	num4_2: autoDraw = True
47.6312 	DATA 	Keypress: 4
47.6640 	EXP 	text4_2: foreColor = <psychopy.colors.Color: (0.0, 1.0, 0.0, 1.0)>
47.6640 	EXP 	text8_2: foreColor = <psychopy.colors.Color: (0.0, 1.0, 0.0, 1.0)>
47.6640 	EXP 	num4_2: foreColor = <psychopy.colors.Color: (0.0, 1.0, 0.0, 1.0)>
47.6640 	EXP 	text4_2: foreColor = <psychopy.colors.Color: (0.0, 1.0, 0.0, 1.0)>
47.6640 	EXP 	text8_2: foreColor = <psychopy.colors.Color: (0.0, 1.0, 0.0, 1.0)>
47.6640 	EXP 	num4_2: foreColor = <psychopy.colors.Color: (0.0, 1.0, 0.0, 1.0)>
47.6640 	EXP 	text4_2: foreColor = <psychopy.colors.Color: (0.0, 1.0, 0.0, 1.0)>
47.6640 	EXP 	text8_2: foreColor = <psychopy.colors.Color: (0.0, 1.0, 0.0, 1.0)>
47.6640 	EXP 	num4_2: foreColor = <psychopy.colors.Color: (0.0, 1.0, 0.0, 1.0)>
47.6640 	EXP 	fixCross_2: foreColor = <psychopy.colors.Color: (1.0, 0.0, 0.0, 1.0)>
47.6640 	EXP 	fixCross_2: borderColor = <psychopy.colors.Color: (1.0, 0.0, 0.0, 1.0)>
47.6640 	EXP 	fixCross_2: fillColor = <psychopy.colors.Color: (1.0, 0.0, 0.0, 1.0)>
47.6640 	EXP 	text4_2: foreColor = <psychopy.colors.Color: (1.0, 0.0, 0.0, 1.0)>
47.6640 	EXP 	text8_2: foreColor = <psychopy.colors.Color: (1.0, 0.0, 0.0, 1.0)>
47.6640 	EXP 	num4_2: foreColor = <psychopy.colors.Color: (1.0, 0.0, 0.0, 1.0)>
47.6640 	EXP 	text4_2: foreColor = <psychopy.colors.Color: (0.0, 1.0, 0.0, 1.0)>
47.6640 	EXP 	text8_2: foreColor = <psychopy.colors.Color: (0.0, 1.0, 0.0, 1.0)>
47.6640 	EXP 	num4_2: foreColor = <psychopy.colors.Color: (0.0, 1.0, 0.0, 1.0)>
50.8902 	EXP 	Created sequence: random, trialTypes=1, nReps=1, seed=None
50.8905 	EXP 	New trial (rep=0, index=0): None
50.8995 	EXP 	fixCross_2: autoDraw = False
50.8995 	EXP 	text1_2: autoDraw = False
50.8995 	EXP 	text2_2: autoDraw = False
50.8995 	EXP 	text3_2: autoDraw = False
50.8995 	EXP 	text4_2: autoDraw = False
50.8995 	EXP 	text5_2: autoDraw = False
50.8995 	EXP 	text6_2: autoDraw = False
50.8995 	EXP 	text7_2: autoDraw = False
50.8995 	EXP 	text8_2: autoDraw = False
50.8995 	EXP 	num1_2: autoDraw = False
50.8995 	EXP 	num2_2: autoDraw = False
50.8995 	EXP 	num3_2: autoDraw = False
50.8995 	EXP 	num4_2: autoDraw = False
50.8995 	EXP 	fixCross: foreColor = <psychopy.colors.Color: transparent, alpha=1.0>
50.8995 	EXP 	fixCross: borderColor = <psychopy.colors.Color: transparent, alpha=1.0>
50.8995 	EXP 	fixCross: fillColor = <psychopy.colors.Color: transparent, alpha=1.0>
50.8995 	EXP 	text_20: autoDraw = True
52.4814 	DATA 	Keypress: space
52.4860 	EXP 	text_20: autoDraw = False
52.4860 	EXP 	text: autoDraw = True
53.7547 	EXP 	Imported participantData/s12/block_0/trialMatrix_s12_0.xlsx as conditions, 64 conditions, 15 params
53.7560 	EXP 	Created sequence: sequential, trialTypes=64, nReps=1, seed=None
53.7562 	EXP 	New trial (rep=0, index=0): {'category': 'turtle', 'orientation': 4, 'taskCue': 'stim//ori1.png', 'stimfile': 'stim//turtle4.png', 'resp1': 'Turtle', 'resp2': 'Shoe', 'resp3': 'Car', 'resp4': 'Horse', 'resp5': 'Half Right', 'resp6': 'Full Right', 'resp7': 'Half Left', 'resp8': 'Full Left', 'objFirst': 'True', 'correctButton': 2, 'interval': 2.49}
53.7653 	DATA 	Keypress: 5
53.7852 	EXP 	text: autoDraw = False
53.7852 	EXP 	cue: image = 'stim//ori1.png'
53.7852 	EXP 	cue: autoDraw = True
54.7709 	EXP 	Created sequence: random, trialTypes=1, nReps=3, seed=None
54.7711 	EXP 	New trial (rep=0, index=0): None
54.9194 	EXP 	cue: autoDraw = False
54.9194 	EXP 	cue: autoDraw = False
54.9194 	EXP 	image: image = 'stim//turtle4.png'
54.9194 	EXP 	image: autoDraw = True
54.9194 	EXP 	fixCrossR_2: autoDraw = True
55.1696 	EXP 	image: autoDraw = False
55.1696 	EXP 	fixCrossR_2: autoDraw = False
55.1696 	EXP 	image: autoDraw = False
55.1696 	EXP 	fixCrossR_2: autoDraw = False
55.1696 	EXP 	fixCrossR_4: autoDraw = True
55.4047 	EXP 	New trial (rep=1, index=0): None
55.5568 	EXP 	fixCrossR_4: autoDraw = False
55.5568 	EXP 	fixCrossR_4: autoDraw = False
55.5568 	EXP 	image: image = 'stim//turtle4.png'
55.5568 	EXP 	image: autoDraw = True
55.5568 	EXP 	fixCrossR_2: autoDraw = True
55.8035 	EXP 	image: autoDraw = False
55.8035 	EXP 	fixCrossR_2: autoDraw = False
55.8035 	EXP 	image: autoDraw = False
55.8035 	EXP 	fixCrossR_2: autoDraw = False
55.8035 	EXP 	fixCrossR_4: autoDraw = True
56.0387 	EXP 	New trial (rep=2, index=0): None
56.2874 	EXP 	fixCrossR_4: autoDraw = False
56.2874 	EXP 	fixCrossR_4: autoDraw = False
56.2874 	EXP 	image: image = 'stim//turtle4.png'
56.2874 	EXP 	image: autoDraw = True
56.2874 	EXP 	fixCrossR_2: autoDraw = True
56.5377 	EXP 	image: autoDraw = False
56.5377 	EXP 	fixCrossR_2: autoDraw = False
56.5377 	EXP 	image: autoDraw = False
56.5377 	EXP 	fixCrossR_2: autoDraw = False
56.5377 	EXP 	fixCrossR_4: autoDraw = True
57.0889 	EXP 	fixCrossR_4: autoDraw = False
57.0889 	EXP 	fixCrossR_4: autoDraw = False
57.0889 	EXP 	fixCross: fillColor = <psychopy.colors.Color: black, alpha=1.0>
57.0889 	EXP 	fixCross: borderColor = <psychopy.colors.Color: black, alpha=1.0>
57.0889 	EXP 	text1: foreColor = <psychopy.colors.Color: white, alpha=1.0>
57.0889 	EXP 	text1: height = 0.05
57.0889 	EXP 	text1: height = 0.05
57.0889 	EXP 	text1: height = 0.05
57.0889 	EXP 	text1: text = 'Turtle'
57.0889 	EXP 	text2: foreColor = <psychopy.colors.Color: white, alpha=1.0>
57.0889 	EXP 	text2: height = 0.05
57.0889 	EXP 	text2: height = 0.05
57.0889 	EXP 	text2: height = 0.05
57.0889 	EXP 	text2: text = 'Shoe'
57.0889 	EXP 	text3: foreColor = <psychopy.colors.Color: white, alpha=1.0>
57.0889 	EXP 	text3: height = 0.05
57.0889 	EXP 	text3: height = 0.05
57.0889 	EXP 	text3: height = 0.05
57.0889 	EXP 	text3: text = 'Car'
57.0889 	EXP 	text4: foreColor = <psychopy.colors.Color: white, alpha=1.0>
57.0889 	EXP 	text4: height = 0.05
57.0889 	EXP 	text4: height = 0.05
57.0889 	EXP 	text4: height = 0.05
57.0889 	EXP 	text4: text = 'Horse'
57.0889 	EXP 	text5: foreColor = <psychopy.colors.Color: white, alpha=1.0>
57.0889 	EXP 	text5: height = 0.05
57.0889 	EXP 	text5: height = 0.05
57.0889 	EXP 	text5: height = 0.05
57.0889 	EXP 	text5: text = 'Half Right'
57.0889 	EXP 	text6: foreColor = <psychopy.colors.Color: white, alpha=1.0>
57.0889 	EXP 	text6: height = 0.05
57.0889 	EXP 	text6: height = 0.05
57.0889 	EXP 	text6: height = 0.05
57.0889 	EXP 	text6: text = 'Full Right'
57.0889 	EXP 	text7: foreColor = <psychopy.colors.Color: white, alpha=1.0>
57.0889 	EXP 	text7: height = 0.05
57.0889 	EXP 	text7: height = 0.05
57.0889 	EXP 	text7: height = 0.05
57.0889 	EXP 	text7: text = 'Half Left'
57.0889 	EXP 	text8: foreColor = <psychopy.colors.Color: white, alpha=1.0>
57.0889 	EXP 	text8: height = 0.05
57.0889 	EXP 	text8: height = 0.05
57.0889 	EXP 	text8: height = 0.05
57.0889 	EXP 	text8: text = 'Full Left'
57.0889 	EXP 	num1: foreColor = <psychopy.colors.Color: white, alpha=1.0>
57.0889 	EXP 	num1: height = 0.1
57.0889 	EXP 	num1: height = 0.1
57.0889 	EXP 	num1: height = 0.1
57.0889 	EXP 	num1: text = '1'
57.0889 	EXP 	num2: foreColor = <psychopy.colors.Color: white, alpha=1.0>
57.0889 	EXP 	num2: height = 0.1
57.0889 	EXP 	num2: height = 0.1
57.0889 	EXP 	num2: height = 0.1
57.0889 	EXP 	num2: text = '2'
57.0889 	EXP 	num3: foreColor = <psychopy.colors.Color: white, alpha=1.0>
57.0889 	EXP 	num3: height = 0.1
57.0889 	EXP 	num3: height = 0.1
57.0889 	EXP 	num3: height = 0.1
57.0889 	EXP 	num3: text = '3'
57.0889 	EXP 	num4: foreColor = <psychopy.colors.Color: white, alpha=1.0>
57.0889 	EXP 	num4: height = 0.1
57.0889 	EXP 	num4: height = 0.1
57.0889 	EXP 	num4: height = 0.1
57.0889 	EXP 	num4: text = '4'
57.0889 	EXP 	fixCross: autoDraw = True
57.0889 	EXP 	text1: autoDraw = True
57.0889 	EXP 	text2: autoDraw = True
57.0889 	EXP 	text3: autoDraw = True
57.0889 	EXP 	text4: autoDraw = True
57.0889 	EXP 	text5: autoDraw = True
57.0889 	EXP 	text6: autoDraw = True
57.0889 	EXP 	text7: autoDraw = True
57.0889 	EXP 	text8: autoDraw = True
57.0889 	EXP 	num1: autoDraw = True
57.0889 	EXP 	num2: autoDraw = True
57.0889 	EXP 	num3: autoDraw = True
57.0889 	EXP 	num4: autoDraw = True
57.5668 	DATA 	Keypress: 1
57.5888 	EXP 	fixCross: foreColor = <psychopy.colors.Color: (1.0, 0.0, 1.0, 1.0)>
57.5888 	EXP 	fixCross: borderColor = <psychopy.colors.Color: (1.0, 0.0, 1.0, 1.0)>
57.5888 	EXP 	fixCross: fillColor = <psychopy.colors.Color: (1.0, 0.0, 1.0, 1.0)>
59.8075 	EXP 	fixCross: autoDraw = False
59.8075 	EXP 	text1: autoDraw = False
59.8075 	EXP 	text2: autoDraw = False
59.8075 	EXP 	text3: autoDraw = False
59.8075 	EXP 	text4: autoDraw = False
59.8075 	EXP 	text5: autoDraw = False
59.8075 	EXP 	text6: autoDraw = False
59.8075 	EXP 	text7: autoDraw = False
59.8075 	EXP 	text8: autoDraw = False
59.8075 	EXP 	num1: autoDraw = False
59.8075 	EXP 	num2: autoDraw = False
59.8075 	EXP 	num3: autoDraw = False
59.8075 	EXP 	num4: autoDraw = False
59.8075 	EXP 	fixCross: foreColor = <psychopy.colors.Color: transparent, alpha=1.0>
59.8075 	EXP 	fixCross: borderColor = <psychopy.colors.Color: transparent, alpha=1.0>
59.8075 	EXP 	fixCross: fillColor = <psychopy.colors.Color: transparent, alpha=1.0>
59.8075 	EXP 	text_total: text = ''
59.8075 	EXP 	text_total: height = 0.05
59.8075 	EXP 	text_total: height = 0.05
59.8075 	EXP 	text_total: height = 0.05
59.8075 	EXP 	text_total: text = 'Total: 0'
59.8075 	EXP 	text_acc: height = 0.05
59.8075 	EXP 	text_acc: height = 0.05
59.8075 	EXP 	text_acc: height = 0.05
59.8075 	EXP 	text_acc: text = 'Accuracy: 0'
59.8075 	EXP 	fixCrossR: autoDraw = True
59.8075 	EXP 	text_total: autoDraw = True
59.8075 	EXP 	text_acc: autoDraw = True
61.0081 	EXP 	text_total: autoDraw = False
61.0081 	EXP 	text_acc: autoDraw = False
62.2934 	EXP 	New trial (rep=0, index=1): {'category': 'car', 'orientation': 4, 'taskCue': 'stim//ori2.png', 'stimfile': 'stim//car4.png', 'resp1': 'Car', 'resp2': 'Horse', 'resp3': 'Turtle', 'resp4': 'Shoe', 'resp5': 'Full Right', 'resp6': 'Half Right', 'resp7': 'Full Left', 'resp8': 'Half Left', 'objFirst': 'True', 'correctButton': 1, 'interval': 2.471}
62.3091 	EXP 	fixCrossR: autoDraw = False
62.3091 	EXP 	fixCrossR: autoDraw = False
62.3091 	EXP 	text_total: autoDraw = False
62.3091 	EXP 	text_acc: autoDraw = False
62.3091 	EXP 	cue: image = 'stim//ori2.png'
62.3091 	EXP 	cue: autoDraw = True
63.2944 	EXP 	Created sequence: random, trialTypes=1, nReps=3, seed=None
63.2946 	EXP 	New trial (rep=0, index=0): None
63.4934 	EXP 	cue: autoDraw = False
63.4934 	EXP 	cue: autoDraw = False
63.4934 	EXP 	image: image = 'stim//car4.png'
63.4934 	EXP 	image: autoDraw = True
63.4934 	EXP 	fixCrossR_2: autoDraw = True
63.7437 	EXP 	image: autoDraw = False
63.7437 	EXP 	fixCrossR_2: autoDraw = False
63.7437 	EXP 	image: autoDraw = False
63.7437 	EXP 	fixCrossR_2: autoDraw = False
63.7437 	EXP 	fixCrossR_4: autoDraw = True
63.9784 	EXP 	New trial (rep=1, index=0): None
64.1289 	EXP 	fixCrossR_4: autoDraw = False
64.1289 	EXP 	fixCrossR_4: autoDraw = False
64.1289 	EXP 	image: image = 'stim//car4.png'
64.1289 	EXP 	image: autoDraw = True
64.1289 	EXP 	fixCrossR_2: autoDraw = True
64.3798 	EXP 	image: autoDraw = False
64.3798 	EXP 	fixCrossR_2: autoDraw = False
64.3798 	EXP 	image: autoDraw = False
64.3798 	EXP 	fixCrossR_2: autoDraw = False
64.3798 	EXP 	fixCrossR_4: autoDraw = True
64.6139 	EXP 	New trial (rep=2, index=0): None
64.8610 	EXP 	fixCrossR_4: autoDraw = False
64.8610 	EXP 	fixCrossR_4: autoDraw = False
64.8610 	EXP 	image: image = 'stim//car4.png'
64.8610 	EXP 	image: autoDraw = True
64.8610 	EXP 	fixCrossR_2: autoDraw = True
65.1115 	EXP 	image: autoDraw = False
65.1115 	EXP 	fixCrossR_2: autoDraw = False
65.1115 	EXP 	image: autoDraw = False
65.1115 	EXP 	fixCrossR_2: autoDraw = False
65.1115 	EXP 	fixCrossR_4: autoDraw = True
65.6623 	EXP 	fixCrossR_4: autoDraw = False
65.6623 	EXP 	fixCrossR_4: autoDraw = False
65.6623 	EXP 	fixCross: fillColor = <psychopy.colors.Color: black, alpha=1.0>
65.6623 	EXP 	fixCross: borderColor = <psychopy.colors.Color: black, alpha=1.0>
65.6623 	EXP 	text1: foreColor = <psychopy.colors.Color: white, alpha=1.0>
65.6623 	EXP 	text1: height = 0.05
65.6623 	EXP 	text1: height = 0.05
65.6623 	EXP 	text1: height = 0.05
65.6623 	EXP 	text1: text = 'Car'
65.6623 	EXP 	text2: foreColor = <psychopy.colors.Color: white, alpha=1.0>
65.6623 	EXP 	text2: height = 0.05
65.6623 	EXP 	text2: height = 0.05
65.6623 	EXP 	text2: height = 0.05
65.6623 	EXP 	text2: text = 'Horse'
65.6623 	EXP 	text3: foreColor = <psychopy.colors.Color: white, alpha=1.0>
65.6623 	EXP 	text3: height = 0.05
65.6623 	EXP 	text3: height = 0.05
65.6623 	EXP 	text3: height = 0.05
65.6623 	EXP 	text3: text = 'Turtle'
65.6623 	EXP 	text4: foreColor = <psychopy.colors.Color: white, alpha=1.0>
65.6623 	EXP 	text4: height = 0.05
65.6623 	EXP 	text4: height = 0.05
65.6623 	EXP 	text4: height = 0.05
65.6623 	EXP 	text4: text = 'Shoe'
65.6623 	EXP 	text5: foreColor = <psychopy.colors.Color: white, alpha=1.0>
65.6623 	EXP 	text5: height = 0.05
65.6623 	EXP 	text5: height = 0.05
65.6623 	EXP 	text5: height = 0.05
65.6623 	EXP 	text5: text = 'Full Right'
65.6623 	EXP 	text6: foreColor = <psychopy.colors.Color: white, alpha=1.0>
65.6623 	EXP 	text6: height = 0.05
65.6623 	EXP 	text6: height = 0.05
65.6623 	EXP 	text6: height = 0.05
65.6623 	EXP 	text6: text = 'Half Right'
65.6623 	EXP 	text7: foreColor = <psychopy.colors.Color: white, alpha=1.0>
65.6623 	EXP 	text7: height = 0.05
65.6623 	EXP 	text7: height = 0.05
65.6623 	EXP 	text7: height = 0.05
65.6623 	EXP 	text7: text = 'Full Left'
65.6623 	EXP 	text8: foreColor = <psychopy.colors.Color: white, alpha=1.0>
65.6623 	EXP 	text8: height = 0.05
65.6623 	EXP 	text8: height = 0.05
65.6623 	EXP 	text8: height = 0.05
65.6623 	EXP 	text8: text = 'Half Left'
65.6623 	EXP 	num1: foreColor = <psychopy.colors.Color: white, alpha=1.0>
65.6623 	EXP 	num1: text = '1'
65.6623 	EXP 	num2: foreColor = <psychopy.colors.Color: white, alpha=1.0>
65.6623 	EXP 	num2: text = '2'
65.6623 	EXP 	num3: foreColor = <psychopy.colors.Color: white, alpha=1.0>
65.6623 	EXP 	num3: text = '3'
65.6623 	EXP 	num4: foreColor = <psychopy.colors.Color: white, alpha=1.0>
65.6623 	EXP 	num4: text = '4'
65.6623 	EXP 	fixCross: autoDraw = True
65.6623 	EXP 	text1: autoDraw = True
65.6623 	EXP 	text2: autoDraw = True
65.6623 	EXP 	text3: autoDraw = True
65.6623 	EXP 	text4: autoDraw = True
65.6623 	EXP 	text5: autoDraw = True
65.6623 	EXP 	text6: autoDraw = True
65.6623 	EXP 	text7: autoDraw = True
65.6623 	EXP 	text8: autoDraw = True
65.6623 	EXP 	num1: autoDraw = True
65.6623 	EXP 	num2: autoDraw = True
65.6623 	EXP 	num3: autoDraw = True
65.6623 	EXP 	num4: autoDraw = True
65.9924 	DATA 	Keypress: 2
66.0142 	EXP 	fixCross: foreColor = <psychopy.colors.Color: (1.0, 0.0, 1.0, 1.0)>
66.0142 	EXP 	fixCross: borderColor = <psychopy.colors.Color: (1.0, 0.0, 1.0, 1.0)>
66.0142 	EXP 	fixCross: fillColor = <psychopy.colors.Color: (1.0, 0.0, 1.0, 1.0)>
68.3642 	EXP 	fixCross: autoDraw = False
68.3642 	EXP 	text1: autoDraw = False
68.3642 	EXP 	text2: autoDraw = False
68.3642 	EXP 	text3: autoDraw = False
68.3642 	EXP 	text4: autoDraw = False
68.3642 	EXP 	text5: autoDraw = False
68.3642 	EXP 	text6: autoDraw = False
68.3642 	EXP 	text7: autoDraw = False
68.3642 	EXP 	text8: autoDraw = False
68.3642 	EXP 	num1: autoDraw = False
68.3642 	EXP 	num2: autoDraw = False
68.3642 	EXP 	num3: autoDraw = False
68.3642 	EXP 	num4: autoDraw = False
68.3642 	EXP 	fixCross: foreColor = <psychopy.colors.Color: transparent, alpha=1.0>
68.3642 	EXP 	fixCross: borderColor = <psychopy.colors.Color: transparent, alpha=1.0>
68.3642 	EXP 	fixCross: fillColor = <psychopy.colors.Color: transparent, alpha=1.0>
68.3642 	EXP 	text_total: height = 0.05
68.3642 	EXP 	text_total: height = 0.05
68.3642 	EXP 	text_total: height = 0.05
68.3642 	EXP 	text_total: text = ''
68.3642 	EXP 	text_total: height = 0.05
68.3642 	EXP 	text_total: height = 0.05
68.3642 	EXP 	text_total: height = 0.05
68.3642 	EXP 	text_total: text = 'Total: 0'
68.3642 	EXP 	text_acc: text = 'Accuracy: 0'
68.3642 	EXP 	fixCrossR: autoDraw = True
68.3642 	EXP 	text_total: autoDraw = True
68.3642 	EXP 	text_acc: autoDraw = True
69.5649 	EXP 	text_total: autoDraw = False
69.5649 	EXP 	text_acc: autoDraw = False
69.6173 	DATA 	Keypress: escape
69.7663 	EXP 	pilotv2: status = STOPPED
69.7819 	EXP 	fixCrossR: autoDraw = False
69.7820 	EXP 	pilotv2: status = STOPPED
69.8754 	DATA 	Keypress: escape
70.1096 	EXP 	window1: mouseVisible = True
