3.7668 	ERROR 	Support for the `sounddevice` audio backend is not available this session. Please install `psychopy-sounddevice` and restart the session to enable support.
25.7677 	WARNING 	User requested fullscreen with size [1536  864], but screen is actually [1920, 1080]. Using actual size
27.1721 	EXP 	Created window1 = Window(allowGUI=True, allowStencil=False, autoLog=True, backendConf=UNKNOWN, backgroundFit=<method-wrapper '__getattribute__' of attributeSetter object at 0x000002409A899070>, backgroundImage=<method-wrapper '__getattribute__' of attributeSetter object at 0x000002409A886670>, bitsMode=UNKNOWN, blendMode='avg', bpc=(8, 8, 8), color=array([-0.4039, -0.4039, -0.4039]), colorSpace='rgb', depthBits=8, fullscr=<method-wrapper '__getattribute__' of attributeSetter object at 0x000002409A886EB0>, gamma=None, gammaErrorPolicy='raise', lms=UNKNOWN, monitor=<psychopy.monitors.calibTools.Monitor object at 0x000002409AE4AF10>, multiSample=False, name='window1', numSamples=2, pos=(-1920, 0), screen=0, size=array([1920, 1080]), stencilBits=0, stereo=False, title='PsychoPy', units='height', useFBO=True, useRetina=False, viewOri=0.0, viewPos=None, viewScale=None, waitBlanking=True, winType='pyglet')
27.1723 	EXP 	window1: mouseVisible = True
27.1723 	EXP 	window1: backgroundImage = ''
27.1723 	EXP 	window1: backgroundFit = 'none'
27.1750 	EXP 	window1: Attempting to measure frame rate of screen (0) ...
27.1750 	EXP 	window1: recordFrameIntervals = False
27.3380 	EXP 	window1: recordFrameIntervals = True
27.5225 	EXP 	Screen (0) actual frame rate measured at 59.48Hz
27.5226 	EXP 	window1: recordFrameIntervals = False
27.5227 	EXP 	window1: mouseVisible = False
31.0322 	EXP 	pilotv2: status = STARTED
31.0325 	EXP 	window1: mouseVisible = True
31.0476 	EXP 	Created imageInstruct = ImageStim(__class__=<class 'psychopy.visual.image.ImageStim'>, anchor=('center', 'center'), autoLog=True, color=array([1., 1., 1.]), colorSpace='rgb', contrast=1.0, depth=0.0, draggable=False, flipHoriz=False, flipVert=False, image='default.png', interpolate=True, mask=None, maskParams=None, name='imageInstruct', opacity=1.0, ori=0.0, pos=array([0., 0.]), size=array([1.6    , 1.00736]), texRes=128.0, units='height', win=Window(...))
31.0480 	EXP 	window1: mouseVisible = True
31.0482 	EXP 	window1: mouseVisible = True
31.0489 	EXP 	window1: mouseVisible = True
31.0496 	EXP 	window1: mouseVisible = True
31.0843 	EXP 	window1: mouseVisible = True
31.0845 	EXP 	window1: mouseVisible = True
31.0852 	EXP 	window1: mouseVisible = True
31.0858 	EXP 	window1: mouseVisible = True
31.1165 	EXP 	window1: mouseVisible = True
31.1168 	EXP 	window1: mouseVisible = True
31.1170 	EXP 	window1: mouseVisible = True
31.1177 	EXP 	window1: mouseVisible = True
31.1183 	EXP 	window1: mouseVisible = True
31.1449 	EXP 	window1: mouseVisible = True
31.1451 	EXP 	window1: mouseVisible = True
31.1458 	EXP 	window1: mouseVisible = True
31.1465 	EXP 	window1: mouseVisible = True
31.1548 	EXP 	window1: mouseVisible = True
31.1553 	EXP 	window1: mouseVisible = True
31.2497 	EXP 	Created text_8 = TextStim(__class__=<class 'psychopy.visual.text.TextStim'>, alignHoriz=method-wrapper(...), alignText='center', alignVert=method-wrapper(...), anchorHoriz='center', anchorVert='center', antialias=True, autoDraw=False, autoLog=True, bold=False, color=array([1., 1., 1.]), colorSpace='rgb', contrast=1.0, depth=0.0, draggable=False, flipHoriz=False, flipVert=False, font='Open Sans', fontFiles=[], height=0.05, italic=False, languageStyle='LTR', name='text_8', opacity=1.0, ori=0.0, pos=array([0., 0.]), rgb=UNKNOWN, text=str(...), units='height', win=Window(...), wrapWidth=1)
31.2500 	EXP 	window1: mouseVisible = True
31.2502 	EXP 	window1: mouseVisible = True
31.2509 	EXP 	window1: mouseVisible = True
31.2516 	EXP 	window1: mouseVisible = True
31.2897 	EXP 	window1: mouseVisible = True
31.2899 	EXP 	window1: mouseVisible = True
31.2907 	EXP 	window1: mouseVisible = True
31.2914 	EXP 	window1: mouseVisible = True
31.3074 	EXP 	window1: mouseVisible = True
31.3077 	EXP 	window1: mouseVisible = True
31.3079 	EXP 	window1: mouseVisible = True
31.3086 	EXP 	window1: mouseVisible = True
31.3092 	EXP 	window1: mouseVisible = True
31.3224 	EXP 	window1: mouseVisible = True
31.3226 	EXP 	window1: mouseVisible = True
31.3233 	EXP 	window1: mouseVisible = True
31.3240 	EXP 	window1: mouseVisible = True
31.3297 	EXP 	window1: mouseVisible = True
31.3298 	EXP 	window1: mouseVisible = True
31.3358 	EXP 	Created image_17 = ImageStim(__class__=<class 'psychopy.visual.image.ImageStim'>, anchor=('center', 'center'), autoLog=True, color=array([1., 1., 1.]), colorSpace='rgb', contrast=1.0, depth=-3.0, draggable=False, flipHoriz=False, flipVert=False, image='stim/ori1.png', interpolate=True, mask=None, maskParams=None, name='image_17', opacity=1.0, ori=0.0, pos=array([0.  , 0.23]), size=array([0.15, 0.15]), texRes=128.0, units='height', win=Window(...))
31.3359 	EXP 	window1: mouseVisible = True
31.3423 	EXP 	Created text_9 = TextStim(__class__=<class 'psychopy.visual.text.TextStim'>, alignHoriz=method-wrapper(...), alignText='center', alignVert=method-wrapper(...), anchorHoriz='center', anchorVert='center', antialias=True, autoDraw=False, autoLog=True, bold=False, color=array([1., 1., 1.]), colorSpace='rgb', contrast=1.0, depth=0.0, draggable=False, flipHoriz=False, flipVert=False, font='Open Sans', fontFiles=[], height=0.05, italic=False, languageStyle='LTR', name='text_9', opacity=1.0, ori=0.0, pos=array([0., 0.]), rgb=UNKNOWN, text=str(...), units='height', win=Window(...), wrapWidth=1)
31.3426 	EXP 	window1: mouseVisible = True
31.3428 	EXP 	window1: mouseVisible = True
31.3435 	EXP 	window1: mouseVisible = True
31.3441 	EXP 	window1: mouseVisible = True
31.3501 	EXP 	window1: mouseVisible = True
31.3503 	EXP 	window1: mouseVisible = True
31.3512 	EXP 	window1: mouseVisible = True
31.3518 	EXP 	window1: mouseVisible = True
31.3570 	EXP 	window1: mouseVisible = True
31.3573 	EXP 	window1: mouseVisible = True
31.3575 	EXP 	window1: mouseVisible = True
31.3581 	EXP 	window1: mouseVisible = True
31.3588 	EXP 	window1: mouseVisible = True
31.3649 	EXP 	window1: mouseVisible = True
31.3651 	EXP 	window1: mouseVisible = True
31.3657 	EXP 	window1: mouseVisible = True
31.3664 	EXP 	window1: mouseVisible = True
31.3715 	EXP 	window1: mouseVisible = True
31.3716 	EXP 	window1: mouseVisible = True
31.3776 	EXP 	Created image_18 = ImageStim(__class__=<class 'psychopy.visual.image.ImageStim'>, anchor=('center', 'center'), autoLog=True, color=array([1., 1., 1.]), colorSpace='rgb', contrast=1.0, depth=-3.0, draggable=False, flipHoriz=False, flipVert=False, image='stim/obj2.png', interpolate=True, mask=None, maskParams=None, name='image_18', opacity=1.0, ori=0.0, pos=array([0.  , 0.23]), size=array([0.15, 0.15]), texRes=128.0, units='height', win=Window(...))
31.3778 	EXP 	window1: mouseVisible = True
31.3843 	EXP 	Created text_10 = TextStim(__class__=<class 'psychopy.visual.text.TextStim'>, alignHoriz=method-wrapper(...), alignText='center', alignVert=method-wrapper(...), anchorHoriz='center', anchorVert='center', antialias=True, autoDraw=False, autoLog=True, bold=False, color=array([1., 1., 1.]), colorSpace='rgb', contrast=1.0, depth=0.0, draggable=False, flipHoriz=False, flipVert=False, font='Open Sans', fontFiles=[], height=0.05, italic=False, languageStyle='LTR', name='text_10', opacity=1.0, ori=0.0, pos=array([0., 0.]), rgb=UNKNOWN, text=str(...), units='height', win=Window(...), wrapWidth=1)
31.3846 	EXP 	window1: mouseVisible = True
31.3848 	EXP 	window1: mouseVisible = True
31.3854 	EXP 	window1: mouseVisible = True
31.3861 	EXP 	window1: mouseVisible = True
31.3920 	EXP 	window1: mouseVisible = True
31.3922 	EXP 	window1: mouseVisible = True
31.3929 	EXP 	window1: mouseVisible = True
31.3935 	EXP 	window1: mouseVisible = True
31.3987 	EXP 	window1: mouseVisible = True
31.3990 	EXP 	window1: mouseVisible = True
31.3992 	EXP 	window1: mouseVisible = True
31.3998 	EXP 	window1: mouseVisible = True
31.4005 	EXP 	window1: mouseVisible = True
31.4064 	EXP 	window1: mouseVisible = True
31.4066 	EXP 	window1: mouseVisible = True
31.4073 	EXP 	window1: mouseVisible = True
31.4079 	EXP 	window1: mouseVisible = True
31.4131 	EXP 	window1: mouseVisible = True
31.4132 	EXP 	window1: mouseVisible = True
31.4193 	EXP 	Created image_19 = ImageStim(__class__=<class 'psychopy.visual.image.ImageStim'>, anchor=('center', 'center'), autoLog=True, color=array([1., 1., 1.]), colorSpace='rgb', contrast=1.0, depth=-3.0, draggable=False, flipHoriz=False, flipVert=False, image='stim/ori2.png', interpolate=True, mask=None, maskParams=None, name='image_19', opacity=1.0, ori=0.0, pos=array([0.  , 0.23]), size=array([0.15, 0.15]), texRes=128.0, units='height', win=Window(...))
31.4195 	EXP 	window1: mouseVisible = True
31.4261 	EXP 	Created text_11 = TextStim(__class__=<class 'psychopy.visual.text.TextStim'>, alignHoriz=method-wrapper(...), alignText='center', alignVert=method-wrapper(...), anchorHoriz='center', anchorVert='center', antialias=True, autoDraw=False, autoLog=True, bold=False, color=array([1., 1., 1.]), colorSpace='rgb', contrast=1.0, depth=0.0, draggable=False, flipHoriz=False, flipVert=False, font='Open Sans', fontFiles=[], height=0.05, italic=False, languageStyle='LTR', name='text_11', opacity=1.0, ori=0.0, pos=array([0., 0.]), rgb=UNKNOWN, text=str(...), units='height', win=Window(...), wrapWidth=1)
31.4265 	EXP 	window1: mouseVisible = True
31.4268 	EXP 	window1: mouseVisible = True
31.4276 	EXP 	window1: mouseVisible = True
31.4283 	EXP 	window1: mouseVisible = True
31.4341 	EXP 	window1: mouseVisible = True
31.4343 	EXP 	window1: mouseVisible = True
31.4350 	EXP 	window1: mouseVisible = True
31.4356 	EXP 	window1: mouseVisible = True
31.4408 	EXP 	window1: mouseVisible = True
31.4412 	EXP 	window1: mouseVisible = True
31.4414 	EXP 	window1: mouseVisible = True
31.4421 	EXP 	window1: mouseVisible = True
31.4429 	EXP 	window1: mouseVisible = True
31.4502 	EXP 	window1: mouseVisible = True
31.4504 	EXP 	window1: mouseVisible = True
31.4511 	EXP 	window1: mouseVisible = True
31.4518 	EXP 	window1: mouseVisible = True
31.4568 	EXP 	window1: mouseVisible = True
31.4569 	EXP 	window1: mouseVisible = True
31.4639 	EXP 	Created image_20 = ImageStim(__class__=<class 'psychopy.visual.image.ImageStim'>, anchor=('center', 'center'), autoLog=True, color=array([1., 1., 1.]), colorSpace='rgb', contrast=1.0, depth=-3.0, draggable=False, flipHoriz=False, flipVert=False, image='stim/obj1.png', interpolate=True, mask=None, maskParams=None, name='image_20', opacity=1.0, ori=0.0, pos=array([0.  , 0.23]), size=array([0.15, 0.15]), texRes=128.0, units='height', win=Window(...))
31.4640 	EXP 	window1: mouseVisible = True
31.4779 	EXP 	Created imageInstruct_2 = ImageStim(__class__=<class 'psychopy.visual.image.ImageStim'>, anchor=('center', 'center'), autoLog=True, color=array([1., 1., 1.]), colorSpace='rgb', contrast=1.0, depth=0.0, draggable=False, flipHoriz=False, flipVert=False, image='default.png', interpolate=True, mask=None, maskParams=None, name='imageInstruct_2', opacity=1.0, ori=0.0, pos=array([0., 0.]), size=array([1.6    , 1.00736]), texRes=128.0, units='height', win=Window(...))
31.4784 	EXP 	window1: mouseVisible = True
31.4785 	EXP 	window1: mouseVisible = True
31.4794 	EXP 	window1: mouseVisible = True
31.4800 	EXP 	window1: mouseVisible = True
31.4861 	EXP 	window1: mouseVisible = True
31.4864 	EXP 	window1: mouseVisible = True
31.4872 	EXP 	window1: mouseVisible = True
31.4880 	EXP 	window1: mouseVisible = True
31.4932 	EXP 	window1: mouseVisible = True
31.4935 	EXP 	window1: mouseVisible = True
31.4937 	EXP 	window1: mouseVisible = True
31.4944 	EXP 	window1: mouseVisible = True
31.4950 	EXP 	window1: mouseVisible = True
31.5007 	EXP 	window1: mouseVisible = True
31.5009 	EXP 	window1: mouseVisible = True
31.5016 	EXP 	window1: mouseVisible = True
31.5022 	EXP 	window1: mouseVisible = True
31.5075 	EXP 	window1: mouseVisible = True
31.5077 	EXP 	window1: mouseVisible = True
31.5276 	EXP 	Created text_17 = TextStim(__class__=<class 'psychopy.visual.text.TextStim'>, alignHoriz=method-wrapper(...), alignText='center', alignVert=method-wrapper(...), anchorHoriz='center', anchorVert='center', antialias=True, autoDraw=False, autoLog=True, bold=False, color=array([1., 1., 1.]), colorSpace='rgb', contrast=1.0, depth=-2.0, draggable=False, flipHoriz=False, flipVert=False, font='Open Sans', fontFiles=[], height=0.05, italic=False, languageStyle='LTR', name='text_17', opacity=1.0, ori=0.0, pos=array([0., 0.]), rgb=UNKNOWN, text=str(...), units='height', win=Window(...), wrapWidth=1)
31.5278 	EXP 	window1: mouseVisible = True
31.5411 	EXP 	Created cue = ImageStim(__class__=<class 'psychopy.visual.image.ImageStim'>, anchor=('center', 'center'), autoLog=True, color=array([1., 1., 1.]), colorSpace='rgb', contrast=1.0, depth=0.0, draggable=False, flipHoriz=False, flipVert=False, image='default.png', interpolate=True, mask=None, maskParams=None, name='cue', opacity=1.0, ori=0.0, pos=array([0., 0.]), size=array([0.15, 0.15]), texRes=128.0, units='height', win=Window(...))
31.5413 	EXP 	window1: mouseVisible = True
31.5545 	EXP 	Created image = ImageStim(__class__=<class 'psychopy.visual.image.ImageStim'>, anchor=('center', 'center'), autoLog=True, color=array([1., 1., 1.]), colorSpace='rgb', contrast=1.0, depth=0.0, draggable=False, flipHoriz=False, flipVert=False, image='default.png', interpolate=True, mask=None, maskParams=None, name='image', opacity=1.0, ori=0.0, pos=array([0., 0.]), size=array([0.5, 0.5]), texRes=128.0, units='height', win=Window(...))
31.5547 	EXP 	window1: mouseVisible = True
31.5576 	EXP 	Created fixCrossR_2 = ShapeStim(__class__=<class 'psychopy.visual.shape.ShapeStim'>, anchor=('center', 'center'), autoDraw=False, autoLog=True, closeShape=True, color=method-wrapper(...), colorSpace='rgb', contrast=None, depth=-1.0, draggable=False, fillColor=array([-1, -1, -1]), fillColorSpace='rgb', fillRGB=array([-1, -1, -1]), interpolate=True, lineColor=array([-1., -1., -1.]), lineColorSpace='rgb', lineRGB=array([-1, -1, -1]), lineWidth=1.0, name='fixCrossR_2', opacity=1.0, ori=0.0, pos=array([0., 0.]), size=array([0.02, 0.02]), units='height', vertices=ndarray(...), win=Window(...), windingRule=None)
31.5577 	EXP 	window1: mouseVisible = True
31.5604 	EXP 	Created fixCrossR_4 = ShapeStim(__class__=<class 'psychopy.visual.shape.ShapeStim'>, anchor=('center', 'center'), autoDraw=False, autoLog=True, closeShape=True, color=method-wrapper(...), colorSpace='rgb', contrast=None, depth=0.0, draggable=False, fillColor=array([-1, -1, -1]), fillColorSpace='rgb', fillRGB=array([-1, -1, -1]), interpolate=True, lineColor=array([-1., -1., -1.]), lineColorSpace='rgb', lineRGB=array([-1, -1, -1]), lineWidth=1.0, name='fixCrossR_4', opacity=1.0, ori=0.0, pos=array([0., 0.]), size=array([0.02, 0.02]), units='height', vertices=ndarray(...), win=Window(...), windingRule=None)
31.5606 	EXP 	window1: mouseVisible = True
31.5633 	EXP 	Created fixCross_2 = ShapeStim(__class__=<class 'psychopy.visual.shape.ShapeStim'>, anchor=('center', 'center'), autoDraw=False, autoLog=True, closeShape=True, color=method-wrapper(...), colorSpace='rgb', contrast=None, depth=0.0, draggable=False, fillColor=array([1, 1, 1]), fillColorSpace='rgb', fillRGB=array([1, 1, 1]), interpolate=True, lineColor=array([1., 1., 1.]), lineColorSpace='rgb', lineRGB=array([1, 1, 1]), lineWidth=1.0, name='fixCross_2', opacity=1.0, ori=0.0, pos=array([0., 0.]), size=array([0.02, 0.02]), units='height', vertices=ndarray(...), win=Window(...), windingRule=None)
31.5635 	EXP 	window1: mouseVisible = True
31.5659 	EXP 	Created text1_2 = TextStim(__class__=<class 'psychopy.visual.text.TextStim'>, alignHoriz=method-wrapper(...), alignText='center', alignVert=method-wrapper(...), anchorHoriz='center', anchorVert='center', antialias=True, autoDraw=False, autoLog=True, bold=False, color=array([1., 1., 1.]), colorSpace='rgb', contrast=1.0, depth=-1.0, draggable=False, flipHoriz=False, flipVert=False, font='Open Sans', fontFiles=[], height=0.05, italic=False, languageStyle='LTR', name='text1_2', opacity=1.0, ori=0.0, pos=array([-0.225,  0.08 ]), rgb=UNKNOWN, text='', units='norm', win=Window(...), wrapWidth=1)
31.5661 	EXP 	window1: mouseVisible = True
31.5676 	EXP 	Created text2_2 = TextStim(__class__=<class 'psychopy.visual.text.TextStim'>, alignHoriz=method-wrapper(...), alignText='center', alignVert=method-wrapper(...), anchorHoriz='center', anchorVert='center', antialias=True, autoDraw=False, autoLog=True, bold=False, color=array([1., 1., 1.]), colorSpace='rgb', contrast=1.0, depth=-2.0, draggable=False, flipHoriz=False, flipVert=False, font='Open Sans', fontFiles=[], height=0.05, italic=False, languageStyle='LTR', name='text2_2', opacity=1.0, ori=0.0, pos=array([-0.075,  0.08 ]), rgb=UNKNOWN, text='', units='norm', win=Window(...), wrapWidth=1)
31.5678 	EXP 	window1: mouseVisible = True
31.5700 	EXP 	Created text3_2 = TextStim(__class__=<class 'psychopy.visual.text.TextStim'>, alignHoriz=method-wrapper(...), alignText='center', alignVert=method-wrapper(...), anchorHoriz='center', anchorVert='center', antialias=True, autoDraw=False, autoLog=True, bold=False, color=array([1., 1., 1.]), colorSpace='rgb', contrast=1.0, depth=-3.0, draggable=False, flipHoriz=False, flipVert=False, font='Open Sans', fontFiles=[], height=0.05, italic=False, languageStyle='LTR', name='text3_2', opacity=1.0, ori=0.0, pos=array([0.075, 0.08 ]), rgb=UNKNOWN, text='', units='norm', win=Window(...), wrapWidth=1)
31.5702 	EXP 	window1: mouseVisible = True
31.5720 	EXP 	Created text4_2 = TextStim(__class__=<class 'psychopy.visual.text.TextStim'>, alignHoriz=method-wrapper(...), alignText='center', alignVert=method-wrapper(...), anchorHoriz='center', anchorVert='center', antialias=True, autoDraw=False, autoLog=True, bold=False, color=array([1., 1., 1.]), colorSpace='rgb', contrast=1.0, depth=-4.0, draggable=False, flipHoriz=False, flipVert=False, font='Open Sans', fontFiles=[], height=0.05, italic=False, languageStyle='LTR', name='text4_2', opacity=1.0, ori=0.0, pos=array([0.225, 0.08 ]), rgb=UNKNOWN, text='', units='norm', win=Window(...), wrapWidth=1)
31.5722 	EXP 	window1: mouseVisible = True
31.5737 	EXP 	Created text5_2 = TextStim(__class__=<class 'psychopy.visual.text.TextStim'>, alignHoriz=method-wrapper(...), alignText='center', alignVert=method-wrapper(...), anchorHoriz='center', anchorVert='center', antialias=True, autoDraw=False, autoLog=True, bold=False, color=array([1., 1., 1.]), colorSpace='rgb', contrast=1.0, depth=-5.0, draggable=False, flipHoriz=False, flipVert=False, font='Open Sans', fontFiles=[], height=0.05, italic=False, languageStyle='LTR', name='text5_2', opacity=1.0, ori=0.0, pos=array([-0.225, -0.08 ]), rgb=UNKNOWN, text='', units='norm', win=Window(...), wrapWidth=1)
31.5739 	EXP 	window1: mouseVisible = True
31.5754 	EXP 	Created text6_2 = TextStim(__class__=<class 'psychopy.visual.text.TextStim'>, alignHoriz=method-wrapper(...), alignText='center', alignVert=method-wrapper(...), anchorHoriz='center', anchorVert='center', antialias=True, autoDraw=False, autoLog=True, bold=False, color=array([1., 1., 1.]), colorSpace='rgb', contrast=1.0, depth=-6.0, draggable=False, flipHoriz=False, flipVert=False, font='Open Sans', fontFiles=[], height=0.05, italic=False, languageStyle='LTR', name='text6_2', opacity=1.0, ori=0.0, pos=array([-0.075, -0.08 ]), rgb=UNKNOWN, text='', units='norm', win=Window(...), wrapWidth=1)
31.5755 	EXP 	window1: mouseVisible = True
31.5771 	EXP 	Created text7_2 = TextStim(__class__=<class 'psychopy.visual.text.TextStim'>, alignHoriz=method-wrapper(...), alignText='center', alignVert=method-wrapper(...), anchorHoriz='center', anchorVert='center', antialias=True, autoDraw=False, autoLog=True, bold=False, color=array([1., 1., 1.]), colorSpace='rgb', contrast=1.0, depth=-7.0, draggable=False, flipHoriz=False, flipVert=False, font='Open Sans', fontFiles=[], height=0.05, italic=False, languageStyle='LTR', name='text7_2', opacity=1.0, ori=0.0, pos=array([ 0.075, -0.08 ]), rgb=UNKNOWN, text='', units='norm', win=Window(...), wrapWidth=1)
31.5772 	EXP 	window1: mouseVisible = True
31.5788 	EXP 	Created text8_2 = TextStim(__class__=<class 'psychopy.visual.text.TextStim'>, alignHoriz=method-wrapper(...), alignText='center', alignVert=method-wrapper(...), anchorHoriz='center', anchorVert='center', antialias=True, autoDraw=False, autoLog=True, bold=False, color=array([1., 1., 1.]), colorSpace='rgb', contrast=1.0, depth=-8.0, draggable=False, flipHoriz=False, flipVert=False, font='Open Sans', fontFiles=[], height=0.05, italic=False, languageStyle='LTR', name='text8_2', opacity=1.0, ori=0.0, pos=array([ 0.225, -0.08 ]), rgb=UNKNOWN, text='', units='norm', win=Window(...), wrapWidth=1)
31.5789 	EXP 	window1: mouseVisible = True
31.5805 	EXP 	Created num1_2 = TextStim(__class__=<class 'psychopy.visual.text.TextStim'>, alignHoriz=method-wrapper(...), alignText='center', alignVert=method-wrapper(...), anchorHoriz='center', anchorVert='center', antialias=True, autoDraw=False, autoLog=True, bold=False, color=array([1., 1., 1.]), colorSpace='rgb', contrast=1.0, depth=-10.0, draggable=False, flipHoriz=False, flipVert=False, font='Open Sans', fontFiles=[], height=0.1, italic=False, languageStyle='LTR', name='num1_2', opacity=1.0, ori=0.0, pos=array([-0.225,  0.24 ]), rgb=UNKNOWN, text='', units='norm', win=Window(...), wrapWidth=1)
31.5806 	EXP 	window1: mouseVisible = True
31.5823 	EXP 	Created num2_2 = TextStim(__class__=<class 'psychopy.visual.text.TextStim'>, alignHoriz=method-wrapper(...), alignText='center', alignVert=method-wrapper(...), anchorHoriz='center', anchorVert='center', antialias=True, autoDraw=False, autoLog=True, bold=False, color=array([1., 1., 1.]), colorSpace='rgb', contrast=1.0, depth=-11.0, draggable=False, flipHoriz=False, flipVert=False, font='Open Sans', fontFiles=[], height=0.1, italic=False, languageStyle='LTR', name='num2_2', opacity=1.0, ori=0.0, pos=array([-0.075,  0.24 ]), rgb=UNKNOWN, text='', units='norm', win=Window(...), wrapWidth=1)
31.5824 	EXP 	window1: mouseVisible = True
31.5840 	EXP 	Created num3_2 = TextStim(__class__=<class 'psychopy.visual.text.TextStim'>, alignHoriz=method-wrapper(...), alignText='center', alignVert=method-wrapper(...), anchorHoriz='center', anchorVert='center', antialias=True, autoDraw=False, autoLog=True, bold=False, color=array([1., 1., 1.]), colorSpace='rgb', contrast=1.0, depth=-12.0, draggable=False, flipHoriz=False, flipVert=False, font='Open Sans', fontFiles=[], height=0.1, italic=False, languageStyle='LTR', name='num3_2', opacity=1.0, ori=0.0, pos=array([0.075, 0.24 ]), rgb=UNKNOWN, text='', units='norm', win=Window(...), wrapWidth=1)
31.5841 	EXP 	window1: mouseVisible = True
31.5858 	EXP 	Created num4_2 = TextStim(__class__=<class 'psychopy.visual.text.TextStim'>, alignHoriz=method-wrapper(...), alignText='center', alignVert=method-wrapper(...), anchorHoriz='center', anchorVert='center', antialias=True, autoDraw=False, autoLog=True, bold=False, color=array([1., 1., 1.]), colorSpace='rgb', contrast=1.0, depth=-13.0, draggable=False, flipHoriz=False, flipVert=False, font='Open Sans', fontFiles=[], height=0.1, italic=False, languageStyle='LTR', name='num4_2', opacity=1.0, ori=0.0, pos=array([0.225, 0.24 ]), rgb=UNKNOWN, text='', units='norm', win=Window(...), wrapWidth=1)
31.5859 	EXP 	window1: mouseVisible = True
31.6128 	EXP 	Created text_20 = TextStim(__class__=<class 'psychopy.visual.text.TextStim'>, alignHoriz=method-wrapper(...), alignText='center', alignVert=method-wrapper(...), anchorHoriz='center', anchorVert='center', antialias=True, autoDraw=False, autoLog=True, bold=False, color=array([1., 1., 1.]), colorSpace='rgb', contrast=1.0, depth=0.0, draggable=False, flipHoriz=False, flipVert=False, font='Open Sans', fontFiles=[], height=0.05, italic=False, languageStyle='LTR', name='text_20', opacity=1.0, ori=0.0, pos=array([0., 0.]), rgb=UNKNOWN, text=str(...), units='height', win=Window(...), wrapWidth=1)
31.6130 	EXP 	window1: mouseVisible = True
31.6217 	EXP 	Created text = TextStim(__class__=<class 'psychopy.visual.text.TextStim'>, alignHoriz=method-wrapper(...), alignText='center', alignVert=method-wrapper(...), anchorHoriz='center', anchorVert='center', antialias=True, autoDraw=False, autoLog=True, bold=False, color=array([1., 1., 1.]), colorSpace='rgb', contrast=1.0, depth=0.0, draggable=False, flipHoriz=False, flipVert=False, font='Open Sans', fontFiles=[], height=0.05, italic=False, languageStyle='LTR', name='text', opacity=1.0, ori=0.0, pos=array([0., 0.]), rgb=UNKNOWN, text='The experiment will begin soon. Get ready!', units='height', win=Window(...), wrapWidth=1)
31.6219 	EXP 	window1: mouseVisible = True
31.6354 	EXP 	Created cue = ImageStim(__class__=<class 'psychopy.visual.image.ImageStim'>, anchor=('center', 'center'), autoLog=True, color=array([1., 1., 1.]), colorSpace='rgb', contrast=1.0, depth=0.0, draggable=False, flipHoriz=False, flipVert=False, image='default.png', interpolate=True, mask=None, maskParams=None, name='cue', opacity=1.0, ori=0.0, pos=array([0., 0.]), size=array([0.15, 0.15]), texRes=128.0, units='height', win=Window(...))
31.6356 	EXP 	window1: mouseVisible = True
31.6486 	EXP 	Created image = ImageStim(__class__=<class 'psychopy.visual.image.ImageStim'>, anchor=('center', 'center'), autoLog=True, color=array([1., 1., 1.]), colorSpace='rgb', contrast=1.0, depth=0.0, draggable=False, flipHoriz=False, flipVert=False, image='default.png', interpolate=True, mask=None, maskParams=None, name='image', opacity=1.0, ori=0.0, pos=array([0., 0.]), size=array([0.5, 0.5]), texRes=128.0, units='height', win=Window(...))
31.6487 	EXP 	window1: mouseVisible = True
31.6518 	EXP 	Created fixCrossR_2 = ShapeStim(__class__=<class 'psychopy.visual.shape.ShapeStim'>, anchor=('center', 'center'), autoDraw=False, autoLog=True, closeShape=True, color=method-wrapper(...), colorSpace='rgb', contrast=None, depth=-1.0, draggable=False, fillColor=array([-1, -1, -1]), fillColorSpace='rgb', fillRGB=array([-1, -1, -1]), interpolate=True, lineColor=array([-1., -1., -1.]), lineColorSpace='rgb', lineRGB=array([-1, -1, -1]), lineWidth=1.0, name='fixCrossR_2', opacity=1.0, ori=0.0, pos=array([0., 0.]), size=array([0.02, 0.02]), units='height', vertices=ndarray(...), win=Window(...), windingRule=None)
31.6519 	EXP 	window1: mouseVisible = True
31.6547 	EXP 	Created fixCrossR_4 = ShapeStim(__class__=<class 'psychopy.visual.shape.ShapeStim'>, anchor=('center', 'center'), autoDraw=False, autoLog=True, closeShape=True, color=method-wrapper(...), colorSpace='rgb', contrast=None, depth=0.0, draggable=False, fillColor=array([-1, -1, -1]), fillColorSpace='rgb', fillRGB=array([-1, -1, -1]), interpolate=True, lineColor=array([-1., -1., -1.]), lineColorSpace='rgb', lineRGB=array([-1, -1, -1]), lineWidth=1.0, name='fixCrossR_4', opacity=1.0, ori=0.0, pos=array([0., 0.]), size=array([0.02, 0.02]), units='height', vertices=ndarray(...), win=Window(...), windingRule=None)
31.6548 	EXP 	window1: mouseVisible = True
31.6575 	EXP 	Created fixCross = ShapeStim(__class__=<class 'psychopy.visual.shape.ShapeStim'>, anchor=('center', 'center'), autoDraw=False, autoLog=True, closeShape=True, color=method-wrapper(...), colorSpace='rgb', contrast=None, depth=0.0, draggable=False, fillColor=array([1, 1, 1]), fillColorSpace='rgb', fillRGB=array([1, 1, 1]), interpolate=True, lineColor=array([1., 1., 1.]), lineColorSpace='rgb', lineRGB=array([1, 1, 1]), lineWidth=1.0, name='fixCross', opacity=1.0, ori=0.0, pos=array([0., 0.]), size=array([0.02, 0.02]), units='height', vertices=ndarray(...), win=Window(...), windingRule=None)
31.6577 	EXP 	window1: mouseVisible = True
31.6593 	EXP 	Created text1 = TextStim(__class__=<class 'psychopy.visual.text.TextStim'>, alignHoriz=method-wrapper(...), alignText='center', alignVert=method-wrapper(...), anchorHoriz='center', anchorVert='center', antialias=True, autoDraw=False, autoLog=True, bold=False, color=array([1., 1., 1.]), colorSpace='rgb', contrast=1.0, depth=-1.0, draggable=False, flipHoriz=False, flipVert=False, font='Open Sans', fontFiles=[], height=0.05, italic=False, languageStyle='LTR', name='text1', opacity=1.0, ori=0.0, pos=array([-0.225,  0.08 ]), rgb=UNKNOWN, text='', units='norm', win=Window(...), wrapWidth=1)
31.6594 	EXP 	window1: mouseVisible = True
31.6610 	EXP 	Created text2 = TextStim(__class__=<class 'psychopy.visual.text.TextStim'>, alignHoriz=method-wrapper(...), alignText='center', alignVert=method-wrapper(...), anchorHoriz='center', anchorVert='center', antialias=True, autoDraw=False, autoLog=True, bold=False, color=array([1., 1., 1.]), colorSpace='rgb', contrast=1.0, depth=-2.0, draggable=False, flipHoriz=False, flipVert=False, font='Open Sans', fontFiles=[], height=0.05, italic=False, languageStyle='LTR', name='text2', opacity=1.0, ori=0.0, pos=array([-0.075,  0.08 ]), rgb=UNKNOWN, text='', units='norm', win=Window(...), wrapWidth=1)
31.6611 	EXP 	window1: mouseVisible = True
31.6627 	EXP 	Created text3 = TextStim(__class__=<class 'psychopy.visual.text.TextStim'>, alignHoriz=method-wrapper(...), alignText='center', alignVert=method-wrapper(...), anchorHoriz='center', anchorVert='center', antialias=True, autoDraw=False, autoLog=True, bold=False, color=array([1., 1., 1.]), colorSpace='rgb', contrast=1.0, depth=-3.0, draggable=False, flipHoriz=False, flipVert=False, font='Open Sans', fontFiles=[], height=0.05, italic=False, languageStyle='LTR', name='text3', opacity=1.0, ori=0.0, pos=array([0.075, 0.08 ]), rgb=UNKNOWN, text='', units='norm', win=Window(...), wrapWidth=1)
31.6628 	EXP 	window1: mouseVisible = True
31.6644 	EXP 	Created text4 = TextStim(__class__=<class 'psychopy.visual.text.TextStim'>, alignHoriz=method-wrapper(...), alignText='center', alignVert=method-wrapper(...), anchorHoriz='center', anchorVert='center', antialias=True, autoDraw=False, autoLog=True, bold=False, color=array([1., 1., 1.]), colorSpace='rgb', contrast=1.0, depth=-4.0, draggable=False, flipHoriz=False, flipVert=False, font='Open Sans', fontFiles=[], height=0.05, italic=False, languageStyle='LTR', name='text4', opacity=1.0, ori=0.0, pos=array([0.225, 0.08 ]), rgb=UNKNOWN, text='', units='norm', win=Window(...), wrapWidth=1)
31.6645 	EXP 	window1: mouseVisible = True
31.6661 	EXP 	Created text5 = TextStim(__class__=<class 'psychopy.visual.text.TextStim'>, alignHoriz=method-wrapper(...), alignText='center', alignVert=method-wrapper(...), anchorHoriz='center', anchorVert='center', antialias=True, autoDraw=False, autoLog=True, bold=False, color=array([1., 1., 1.]), colorSpace='rgb', contrast=1.0, depth=-5.0, draggable=False, flipHoriz=False, flipVert=False, font='Open Sans', fontFiles=[], height=0.05, italic=False, languageStyle='LTR', name='text5', opacity=1.0, ori=0.0, pos=array([-0.225, -0.08 ]), rgb=UNKNOWN, text='', units='norm', win=Window(...), wrapWidth=1)
31.6662 	EXP 	window1: mouseVisible = True
31.6678 	EXP 	Created text6 = TextStim(__class__=<class 'psychopy.visual.text.TextStim'>, alignHoriz=method-wrapper(...), alignText='center', alignVert=method-wrapper(...), anchorHoriz='center', anchorVert='center', antialias=True, autoDraw=False, autoLog=True, bold=False, color=array([1., 1., 1.]), colorSpace='rgb', contrast=1.0, depth=-6.0, draggable=False, flipHoriz=False, flipVert=False, font='Open Sans', fontFiles=[], height=0.05, italic=False, languageStyle='LTR', name='text6', opacity=1.0, ori=0.0, pos=array([-0.075, -0.08 ]), rgb=UNKNOWN, text='', units='norm', win=Window(...), wrapWidth=1)
31.6679 	EXP 	window1: mouseVisible = True
31.6694 	EXP 	Created text7 = TextStim(__class__=<class 'psychopy.visual.text.TextStim'>, alignHoriz=method-wrapper(...), alignText='center', alignVert=method-wrapper(...), anchorHoriz='center', anchorVert='center', antialias=True, autoDraw=False, autoLog=True, bold=False, color=array([1., 1., 1.]), colorSpace='rgb', contrast=1.0, depth=-7.0, draggable=False, flipHoriz=False, flipVert=False, font='Open Sans', fontFiles=[], height=0.05, italic=False, languageStyle='LTR', name='text7', opacity=1.0, ori=0.0, pos=array([ 0.075, -0.08 ]), rgb=UNKNOWN, text='', units='norm', win=Window(...), wrapWidth=1)
31.6695 	EXP 	window1: mouseVisible = True
31.6711 	EXP 	Created text8 = TextStim(__class__=<class 'psychopy.visual.text.TextStim'>, alignHoriz=method-wrapper(...), alignText='center', alignVert=method-wrapper(...), anchorHoriz='center', anchorVert='center', antialias=True, autoDraw=False, autoLog=True, bold=False, color=array([1., 1., 1.]), colorSpace='rgb', contrast=1.0, depth=-8.0, draggable=False, flipHoriz=False, flipVert=False, font='Open Sans', fontFiles=[], height=0.05, italic=False, languageStyle='LTR', name='text8', opacity=1.0, ori=0.0, pos=array([ 0.225, -0.08 ]), rgb=UNKNOWN, text='', units='norm', win=Window(...), wrapWidth=1)
31.6712 	EXP 	window1: mouseVisible = True
31.6728 	EXP 	Created num1 = TextStim(__class__=<class 'psychopy.visual.text.TextStim'>, alignHoriz=method-wrapper(...), alignText='center', alignVert=method-wrapper(...), anchorHoriz='center', anchorVert='center', antialias=True, autoDraw=False, autoLog=True, bold=False, color=array([1., 1., 1.]), colorSpace='rgb', contrast=1.0, depth=-10.0, draggable=False, flipHoriz=False, flipVert=False, font='Open Sans', fontFiles=[], height=0.1, italic=False, languageStyle='LTR', name='num1', opacity=1.0, ori=0.0, pos=array([-0.225,  0.24 ]), rgb=UNKNOWN, text='', units='norm', win=Window(...), wrapWidth=1)
31.6729 	EXP 	window1: mouseVisible = True
31.6745 	EXP 	Created num2 = TextStim(__class__=<class 'psychopy.visual.text.TextStim'>, alignHoriz=method-wrapper(...), alignText='center', alignVert=method-wrapper(...), anchorHoriz='center', anchorVert='center', antialias=True, autoDraw=False, autoLog=True, bold=False, color=array([1., 1., 1.]), colorSpace='rgb', contrast=1.0, depth=-11.0, draggable=False, flipHoriz=False, flipVert=False, font='Open Sans', fontFiles=[], height=0.1, italic=False, languageStyle='LTR', name='num2', opacity=1.0, ori=0.0, pos=array([-0.075,  0.24 ]), rgb=UNKNOWN, text='', units='norm', win=Window(...), wrapWidth=1)
31.6746 	EXP 	window1: mouseVisible = True
31.6762 	EXP 	Created num3 = TextStim(__class__=<class 'psychopy.visual.text.TextStim'>, alignHoriz=method-wrapper(...), alignText='center', alignVert=method-wrapper(...), anchorHoriz='center', anchorVert='center', antialias=True, autoDraw=False, autoLog=True, bold=False, color=array([1., 1., 1.]), colorSpace='rgb', contrast=1.0, depth=-12.0, draggable=False, flipHoriz=False, flipVert=False, font='Open Sans', fontFiles=[], height=0.1, italic=False, languageStyle='LTR', name='num3', opacity=1.0, ori=0.0, pos=array([0.075, 0.24 ]), rgb=UNKNOWN, text='', units='norm', win=Window(...), wrapWidth=1)
31.6763 	EXP 	window1: mouseVisible = True
31.6780 	EXP 	Created num4 = TextStim(__class__=<class 'psychopy.visual.text.TextStim'>, alignHoriz=method-wrapper(...), alignText='center', alignVert=method-wrapper(...), anchorHoriz='center', anchorVert='center', antialias=True, autoDraw=False, autoLog=True, bold=False, color=array([1., 1., 1.]), colorSpace='rgb', contrast=1.0, depth=-13.0, draggable=False, flipHoriz=False, flipVert=False, font='Open Sans', fontFiles=[], height=0.1, italic=False, languageStyle='LTR', name='num4', opacity=1.0, ori=0.0, pos=array([0.225, 0.24 ]), rgb=UNKNOWN, text='', units='norm', win=Window(...), wrapWidth=1)
31.6781 	EXP 	window1: mouseVisible = True
31.6809 	EXP 	Created fixCrossR = ShapeStim(__class__=<class 'psychopy.visual.shape.ShapeStim'>, anchor=('center', 'center'), autoDraw=False, autoLog=True, closeShape=True, color=method-wrapper(...), colorSpace='rgb', contrast=None, depth=0.0, draggable=False, fillColor=array([-1, -1, -1]), fillColorSpace='rgb', fillRGB=array([-1, -1, -1]), interpolate=True, lineColor=array([-1., -1., -1.]), lineColorSpace='rgb', lineRGB=array([-1, -1, -1]), lineWidth=1.0, name='fixCrossR', opacity=1.0, ori=0.0, pos=array([0., 0.]), size=array([0.02, 0.02]), units='height', vertices=ndarray(...), win=Window(...), windingRule=None)
31.6811 	EXP 	window1: mouseVisible = True
31.6831 	EXP 	Created text_total = TextStim(__class__=<class 'psychopy.visual.text.TextStim'>, alignHoriz=method-wrapper(...), alignText='center', alignVert=method-wrapper(...), anchorHoriz='center', anchorVert='center', antialias=True, autoDraw=False, autoLog=True, bold=False, color=array([1., 1., 1.]), colorSpace='rgb', contrast=1.0, depth=-1.0, draggable=False, flipHoriz=False, flipVert=False, font='Open Sans', fontFiles=[], height=0.05, italic=False, languageStyle='LTR', name='text_total', opacity=1.0, ori=0.0, pos=array([0., 0.]), rgb=UNKNOWN, text='', units='height', win=Window(...), wrapWidth=1)
31.6833 	EXP 	window1: mouseVisible = True
31.6853 	EXP 	Created text_acc = TextStim(__class__=<class 'psychopy.visual.text.TextStim'>, alignHoriz=method-wrapper(...), alignText='center', alignVert=method-wrapper(...), anchorHoriz='center', anchorVert='center', antialias=True, autoDraw=False, autoLog=True, bold=False, color=array([1., 1., 1.]), colorSpace='rgb', contrast=1.0, depth=-2.0, draggable=False, flipHoriz=False, flipVert=False, font='Open Sans', fontFiles=[], height=0.05, italic=False, languageStyle='LTR', name='text_acc', opacity=1.0, ori=0.0, pos=array([ 0. , -0.3]), rgb=UNKNOWN, text='', units='height', win=Window(...), wrapWidth=1)
0.0039 	DATA 	Mouse: Left button down, pos=(1721,795)
0.0042 	DATA 	Mouse:  Left button up, pos=(1721,795)
0.0237 	EXP 	Created sequence: random, trialTypes=1, nReps=1, seed=None
0.0239 	EXP 	New trial (rep=0, index=0): None
0.0342 	EXP 	Created sequence: random, trialTypes=1, nReps=999, seed=None
0.0389 	EXP 	New trial (rep=0, index=0): None
0.0462 	EXP 	Imported instructions/Instructions_doc.xlsx as conditions, 1 conditions, 1 params
0.0466 	EXP 	Created sequence: sequential, trialTypes=1, nReps=1, seed=None
0.0468 	EXP 	New trial (rep=0, index=0): {'InstructionsFilepath': 'instructions//slide1.png'}
0.1885 	EXP 	imageInstruct: image = 'instructions//slide1.png'
0.1885 	EXP 	imageInstruct: autoDraw = True
1.2899 	DATA 	Mouse: Left button down, pos=(1770,62)
1.3666 	EXP 	New trial (rep=1, index=0): None
1.3765 	EXP 	Imported instructions/Instructions_doc.xlsx as conditions, 1 conditions, 1 params
1.3770 	EXP 	Created sequence: sequential, trialTypes=1, nReps=1, seed=None
1.3774 	EXP 	New trial (rep=0, index=0): {'InstructionsFilepath': 'instructions//slide2.png'}
1.4728 	DATA 	Mouse:  Left button up, pos=(1770,62)
1.4939 	EXP 	imageInstruct: autoDraw = False
1.4939 	EXP 	imageInstruct: image = 'instructions//slide2.png'
1.4939 	EXP 	imageInstruct: autoDraw = True
1.9134 	DATA 	Mouse: Left button down, pos=(1770,62)
1.9671 	EXP 	New trial (rep=2, index=0): None
1.9732 	EXP 	Imported instructions/Instructions_doc.xlsx as conditions, 1 conditions, 1 params
1.9738 	EXP 	Created sequence: sequential, trialTypes=1, nReps=1, seed=None
1.9740 	EXP 	New trial (rep=0, index=0): {'InstructionsFilepath': 'instructions//slide3.png'}
2.0956 	DATA 	Mouse:  Left button up, pos=(1770,62)
2.1243 	EXP 	imageInstruct: autoDraw = False
2.1243 	EXP 	imageInstruct: image = 'instructions//slide3.png'
2.1243 	EXP 	imageInstruct: autoDraw = True
2.6465 	DATA 	Mouse: Left button down, pos=(1770,62)
2.7064 	EXP 	New trial (rep=3, index=0): None
2.7128 	EXP 	Imported instructions/Instructions_doc.xlsx as conditions, 1 conditions, 1 params
2.7132 	EXP 	Created sequence: sequential, trialTypes=1, nReps=1, seed=None
2.7134 	EXP 	New trial (rep=0, index=0): {'InstructionsFilepath': 'instructions//slide4.png'}
2.8483 	DATA 	Mouse:  Left button up, pos=(1770,62)
2.8573 	EXP 	imageInstruct: autoDraw = False
2.8573 	EXP 	imageInstruct: image = 'instructions//slide4.png'
2.8573 	EXP 	imageInstruct: autoDraw = True
3.3135 	DATA 	Mouse: Left button down, pos=(1770,62)
3.3800 	EXP 	New trial (rep=4, index=0): None
3.3866 	EXP 	Imported instructions/Instructions_doc.xlsx as conditions, 1 conditions, 1 params
3.3871 	EXP 	Created sequence: sequential, trialTypes=1, nReps=1, seed=None
3.3873 	EXP 	New trial (rep=0, index=0): {'InstructionsFilepath': 'instructions//slide5.png'}
3.4836 	DATA 	Mouse:  Left button up, pos=(1770,62)
3.5078 	EXP 	imageInstruct: autoDraw = False
3.5078 	EXP 	imageInstruct: image = 'instructions//slide5.png'
3.5078 	EXP 	imageInstruct: autoDraw = True
3.9090 	DATA 	Mouse: Left button down, pos=(1770,62)
3.9696 	EXP 	New trial (rep=5, index=0): None
3.9757 	EXP 	Imported instructions/Instructions_doc.xlsx as conditions, 1 conditions, 1 params
3.9762 	EXP 	Created sequence: sequential, trialTypes=1, nReps=1, seed=None
3.9764 	EXP 	New trial (rep=0, index=0): {'InstructionsFilepath': 'instructions//slide6.png'}
4.0683 	DATA 	Mouse:  Left button up, pos=(1770,62)
4.0916 	EXP 	imageInstruct: autoDraw = False
4.0916 	EXP 	imageInstruct: image = 'instructions//slide6.png'
4.0916 	EXP 	imageInstruct: autoDraw = True
4.7094 	DATA 	Mouse: Left button down, pos=(1770,62)
4.7788 	EXP 	New trial (rep=6, index=0): None
4.7871 	EXP 	Imported instructions/Instructions_doc.xlsx as conditions, 1 conditions, 1 params
4.7877 	EXP 	Created sequence: sequential, trialTypes=1, nReps=0, seed=None
4.8959 	DATA 	Mouse:  Left button up, pos=(1770,62)
4.9117 	EXP 	imageInstruct: autoDraw = False
4.9117 	EXP 	text_8: autoDraw = True
4.9117 	EXP 	image_17: autoDraw = True
5.6103 	DATA 	Mouse: Left button down, pos=(1122,385)
5.6260 	EXP 	text_8: autoDraw = False
5.6260 	EXP 	image_17: autoDraw = False
5.6260 	EXP 	text_9: autoDraw = True
5.6260 	EXP 	image_18: autoDraw = True
5.7768 	DATA 	Mouse:  Left button up, pos=(1122,385)
6.2941 	DATA 	Mouse: Left button down, pos=(873,405)
6.4182 	DATA 	Mouse:  Left button up, pos=(873,405)
6.6944 	DATA 	Mouse: Left button down, pos=(820,402)
6.7103 	EXP 	text_9: autoDraw = False
6.7103 	EXP 	image_18: autoDraw = False
6.7103 	EXP 	text_10: autoDraw = True
6.7103 	EXP 	image_19: autoDraw = True
6.8279 	DATA 	Mouse:  Left button up, pos=(820,402)
7.2779 	DATA 	Mouse: Left button down, pos=(1167,378)
7.2944 	EXP 	text_10: autoDraw = False
7.2944 	EXP 	image_19: autoDraw = False
7.2944 	EXP 	text_11: autoDraw = True
7.2944 	EXP 	image_20: autoDraw = True
7.4114 	DATA 	Mouse:  Left button up, pos=(1167,378)
7.8291 	DATA 	Mouse: Left button down, pos=(755,401)
7.8407 	EXP 	Created sequence: random, trialTypes=1, nReps=999, seed=None
7.8451 	EXP 	New trial (rep=0, index=0): None
7.8510 	EXP 	Imported instructions/Instructions2_doc.xlsx as conditions, 1 conditions, 1 params
7.8514 	EXP 	Created sequence: sequential, trialTypes=1, nReps=1, seed=None
7.8516 	EXP 	New trial (rep=0, index=0): {'Instructions2Filepath': 'instructions//slide7.png'}
7.9564 	DATA 	Mouse:  Left button up, pos=(755,401)
7.9644 	EXP 	text_11: autoDraw = False
7.9644 	EXP 	image_20: autoDraw = False
7.9644 	EXP 	imageInstruct_2: image = 'instructions//slide7.png'
7.9644 	EXP 	imageInstruct_2: autoDraw = True
8.7352 	DATA 	Mouse: Left button down, pos=(1694,60)
8.8897 	EXP 	New trial (rep=1, index=0): None
8.8982 	EXP 	Imported instructions/Instructions2_doc.xlsx as conditions, 1 conditions, 1 params
8.8987 	EXP 	Created sequence: sequential, trialTypes=1, nReps=1, seed=None
8.8990 	EXP 	New trial (rep=0, index=0): {'Instructions2Filepath': 'instructions//slide8.png'}
8.9879 	DATA 	Mouse:  Left button up, pos=(1694,60)
9.0125 	EXP 	imageInstruct_2: autoDraw = False
9.0125 	EXP 	imageInstruct_2: image = 'instructions//slide8.png'
9.0125 	EXP 	imageInstruct_2: autoDraw = True
9.7366 	DATA 	Mouse: Left button down, pos=(1714,61)
9.8926 	EXP 	New trial (rep=2, index=0): None
9.8987 	EXP 	Imported instructions/Instructions2_doc.xlsx as conditions, 1 conditions, 1 params
9.8992 	EXP 	Created sequence: sequential, trialTypes=1, nReps=1, seed=None
9.8995 	EXP 	New trial (rep=0, index=0): {'Instructions2Filepath': 'instructions//slide9.png'}
10.0180 	DATA 	Mouse:  Left button up, pos=(1714,61)
10.0364 	EXP 	imageInstruct_2: autoDraw = False
10.0364 	EXP 	imageInstruct_2: image = 'instructions//slide9.png'
10.0364 	EXP 	imageInstruct_2: autoDraw = True
10.4083 	DATA 	Mouse: Left button down, pos=(1714,61)
10.5706 	EXP 	New trial (rep=3, index=0): None
10.5770 	EXP 	Imported instructions/Instructions2_doc.xlsx as conditions, 1 conditions, 1 params
10.5775 	EXP 	Created sequence: sequential, trialTypes=1, nReps=1, seed=None
10.5777 	EXP 	New trial (rep=0, index=0): {'Instructions2Filepath': 'instructions//slide10.png'}
10.6968 	DATA 	Mouse:  Left button up, pos=(1714,61)
10.7150 	EXP 	imageInstruct_2: autoDraw = False
10.7150 	EXP 	imageInstruct_2: image = 'instructions//slide10.png'
10.7150 	EXP 	imageInstruct_2: autoDraw = True
11.2696 	DATA 	Mouse: Left button down, pos=(1714,61)
11.5462 	EXP 	New trial (rep=4, index=0): None
11.5525 	EXP 	Imported instructions/Instructions2_doc.xlsx as conditions, 1 conditions, 1 params
11.5530 	EXP 	Created sequence: sequential, trialTypes=1, nReps=1, seed=None
11.5532 	EXP 	New trial (rep=0, index=0): {'Instructions2Filepath': 'instructions//slide11.png'}
11.6436 	DATA 	Mouse:  Left button up, pos=(1714,61)
11.6645 	EXP 	imageInstruct_2: autoDraw = False
11.6645 	EXP 	imageInstruct_2: image = 'instructions//slide11.png'
11.6645 	EXP 	imageInstruct_2: autoDraw = True
12.2660 	DATA 	Mouse: Left button down, pos=(1716,60)
12.4241 	EXP 	New trial (rep=5, index=0): None
12.4302 	EXP 	Imported instructions/Instructions2_doc.xlsx as conditions, 1 conditions, 1 params
12.4306 	EXP 	Created sequence: sequential, trialTypes=1, nReps=1, seed=None
12.4309 	EXP 	New trial (rep=0, index=0): {'Instructions2Filepath': 'instructions//slide12.png'}
12.5220 	DATA 	Mouse:  Left button up, pos=(1716,60)
12.5486 	EXP 	imageInstruct_2: autoDraw = False
12.5486 	EXP 	imageInstruct_2: image = 'instructions//slide12.png'
12.5486 	EXP 	imageInstruct_2: autoDraw = True
14.2528 	DATA 	Mouse: Left button down, pos=(1716,58)
14.4202 	EXP 	New trial (rep=6, index=0): None
14.4263 	EXP 	Imported instructions/Instructions2_doc.xlsx as conditions, 1 conditions, 1 params
14.4267 	EXP 	Created sequence: sequential, trialTypes=1, nReps=0, seed=None
14.9325 	DATA 	Mouse:  Left button up, pos=(1716,58)
14.9516 	EXP 	imageInstruct_2: autoDraw = False
14.9516 	EXP 	text_17: autoDraw = True
32.4580 	EXP 	Imported participantData/s12/block_0/babySteps_s12.xlsx as conditions, 5 conditions, 15 params
32.4585 	EXP 	Created sequence: sequential, trialTypes=5, nReps=1, seed=None
32.4587 	EXP 	New trial (rep=0, index=0): {'category': 'shoe', 'orientation': 4, 'taskCue': 'stim//ori2.png', 'stimfile': 'stim//shoe4.png', 'resp1': 'Half Right', 'resp2': 'Half Left', 'resp3': 'Full Left', 'resp4': 'Full Right', 'resp5': 'Turtle', 'resp6': 'Horse', 'resp7': 'Shoe', 'resp8': 'Car', 'objFirst': False, 'correctButton': 4, 'interval': 2.476}
32.4624 	DATA 	Keypress: space
32.4662 	EXP 	text_17: autoDraw = False
32.4662 	EXP 	cue: image = 'stim//ori2.png'
32.4662 	EXP 	cue: autoDraw = True
33.4507 	EXP 	Created sequence: sequential, trialTypes=1, nReps=3, seed=None
33.4509 	EXP 	New trial (rep=0, index=0): None
33.7177 	EXP 	cue: autoDraw = False
33.7177 	EXP 	cue: autoDraw = False
33.7177 	EXP 	image: image = 'stim//shoe4.png'
33.7177 	EXP 	image: autoDraw = True
33.7177 	EXP 	fixCrossR_2: autoDraw = True
33.9671 	EXP 	image: autoDraw = False
33.9671 	EXP 	fixCrossR_2: autoDraw = False
33.9671 	EXP 	image: autoDraw = False
33.9671 	EXP 	fixCrossR_2: autoDraw = False
33.9671 	EXP 	fixCrossR_4: autoDraw = True
34.2014 	EXP 	New trial (rep=1, index=0): None
34.3503 	EXP 	fixCrossR_4: autoDraw = False
34.3503 	EXP 	fixCrossR_4: autoDraw = False
34.3503 	EXP 	image: image = 'stim//shoe4.png'
34.3503 	EXP 	image: autoDraw = True
34.3503 	EXP 	fixCrossR_2: autoDraw = True
34.6003 	EXP 	image: autoDraw = False
34.6003 	EXP 	fixCrossR_2: autoDraw = False
34.6003 	EXP 	image: autoDraw = False
34.6003 	EXP 	fixCrossR_2: autoDraw = False
34.6003 	EXP 	fixCrossR_4: autoDraw = True
34.8352 	EXP 	New trial (rep=2, index=0): None
35.0849 	EXP 	fixCrossR_4: autoDraw = False
35.0849 	EXP 	fixCrossR_4: autoDraw = False
35.0849 	EXP 	image: image = 'stim//shoe4.png'
35.0849 	EXP 	image: autoDraw = True
35.0849 	EXP 	fixCrossR_2: autoDraw = True
35.3342 	EXP 	image: autoDraw = False
35.3342 	EXP 	fixCrossR_2: autoDraw = False
35.3342 	EXP 	image: autoDraw = False
35.3342 	EXP 	fixCrossR_2: autoDraw = False
35.3342 	EXP 	fixCrossR_4: autoDraw = True
35.9685 	EXP 	fixCrossR_4: autoDraw = False
35.9685 	EXP 	fixCrossR_4: autoDraw = False
35.9685 	EXP 	fixCross_2: fillColor = <psychopy.colors.Color: black, alpha=1.0>
35.9685 	EXP 	fixCross_2: borderColor = <psychopy.colors.Color: black, alpha=1.0>
35.9685 	EXP 	text1_2: foreColor = <psychopy.colors.Color: white, alpha=1.0>
35.9685 	EXP 	text1_2: height = 0.05
35.9685 	EXP 	text1_2: height = 0.05
35.9685 	EXP 	text1_2: height = 0.05
35.9685 	EXP 	text1_2: text = 'Half Right'
35.9685 	EXP 	text2_2: foreColor = <psychopy.colors.Color: white, alpha=1.0>
35.9685 	EXP 	text2_2: height = 0.05
35.9685 	EXP 	text2_2: height = 0.05
35.9685 	EXP 	text2_2: height = 0.05
35.9685 	EXP 	text2_2: text = 'Half Left'
35.9685 	EXP 	text3_2: foreColor = <psychopy.colors.Color: white, alpha=1.0>
35.9685 	EXP 	text3_2: height = 0.05
35.9685 	EXP 	text3_2: height = 0.05
35.9685 	EXP 	text3_2: height = 0.05
35.9685 	EXP 	text3_2: text = 'Full Left'
35.9685 	EXP 	text4_2: foreColor = <psychopy.colors.Color: white, alpha=1.0>
35.9685 	EXP 	text4_2: height = 0.05
35.9685 	EXP 	text4_2: height = 0.05
35.9685 	EXP 	text4_2: height = 0.05
35.9685 	EXP 	text4_2: text = 'Full Right'
35.9685 	EXP 	text5_2: foreColor = <psychopy.colors.Color: white, alpha=1.0>
35.9685 	EXP 	text5_2: height = 0.05
35.9685 	EXP 	text5_2: height = 0.05
35.9685 	EXP 	text5_2: height = 0.05
35.9685 	EXP 	text5_2: text = 'Turtle'
35.9685 	EXP 	text6_2: foreColor = <psychopy.colors.Color: white, alpha=1.0>
35.9685 	EXP 	text6_2: height = 0.05
35.9685 	EXP 	text6_2: height = 0.05
35.9685 	EXP 	text6_2: height = 0.05
35.9685 	EXP 	text6_2: text = 'Horse'
35.9685 	EXP 	text7_2: foreColor = <psychopy.colors.Color: white, alpha=1.0>
35.9685 	EXP 	text7_2: height = 0.05
35.9685 	EXP 	text7_2: height = 0.05
35.9685 	EXP 	text7_2: height = 0.05
35.9685 	EXP 	text7_2: text = 'Shoe'
35.9685 	EXP 	text8_2: foreColor = <psychopy.colors.Color: white, alpha=1.0>
35.9685 	EXP 	text8_2: height = 0.05
35.9685 	EXP 	text8_2: height = 0.05
35.9685 	EXP 	text8_2: height = 0.05
35.9685 	EXP 	text8_2: text = 'Car'
35.9685 	EXP 	num1_2: foreColor = <psychopy.colors.Color: white, alpha=1.0>
35.9685 	EXP 	num1_2: height = 0.1
35.9685 	EXP 	num1_2: height = 0.1
35.9685 	EXP 	num1_2: height = 0.1
35.9685 	EXP 	num1_2: text = '1'
35.9685 	EXP 	num2_2: foreColor = <psychopy.colors.Color: white, alpha=1.0>
35.9685 	EXP 	num2_2: height = 0.1
35.9685 	EXP 	num2_2: height = 0.1
35.9685 	EXP 	num2_2: height = 0.1
35.9685 	EXP 	num2_2: text = '2'
35.9685 	EXP 	num3_2: foreColor = <psychopy.colors.Color: white, alpha=1.0>
35.9685 	EXP 	num3_2: height = 0.1
35.9685 	EXP 	num3_2: height = 0.1
35.9685 	EXP 	num3_2: height = 0.1
35.9685 	EXP 	num3_2: text = '3'
35.9685 	EXP 	num4_2: foreColor = <psychopy.colors.Color: white, alpha=1.0>
35.9685 	EXP 	num4_2: height = 0.1
35.9685 	EXP 	num4_2: height = 0.1
35.9685 	EXP 	num4_2: height = 0.1
35.9685 	EXP 	num4_2: text = '4'
35.9685 	EXP 	fixCross_2: autoDraw = True
35.9685 	EXP 	text1_2: autoDraw = True
35.9685 	EXP 	text2_2: autoDraw = True
35.9685 	EXP 	text3_2: autoDraw = True
35.9685 	EXP 	text4_2: autoDraw = True
35.9685 	EXP 	text5_2: autoDraw = True
35.9685 	EXP 	text6_2: autoDraw = True
35.9685 	EXP 	text7_2: autoDraw = True
35.9685 	EXP 	text8_2: autoDraw = True
35.9685 	EXP 	num1_2: autoDraw = True
35.9685 	EXP 	num2_2: autoDraw = True
35.9685 	EXP 	num3_2: autoDraw = True
35.9685 	EXP 	num4_2: autoDraw = True
37.7833 	DATA 	Keypress: 3
37.8202 	EXP 	text4_2: foreColor = <psychopy.colors.Color: (0.0, 1.0, 0.0, 1.0)>
37.8202 	EXP 	text8_2: foreColor = <psychopy.colors.Color: (0.0, 1.0, 0.0, 1.0)>
37.8202 	EXP 	num4_2: foreColor = <psychopy.colors.Color: (0.0, 1.0, 0.0, 1.0)>
37.8202 	EXP 	text4_2: foreColor = <psychopy.colors.Color: (0.0, 1.0, 0.0, 1.0)>
37.8202 	EXP 	text8_2: foreColor = <psychopy.colors.Color: (0.0, 1.0, 0.0, 1.0)>
37.8202 	EXP 	num4_2: foreColor = <psychopy.colors.Color: (0.0, 1.0, 0.0, 1.0)>
37.8202 	EXP 	fixCross_2: foreColor = <psychopy.colors.Color: (1.0, 0.0, 0.0, 1.0)>
37.8202 	EXP 	fixCross_2: borderColor = <psychopy.colors.Color: (1.0, 0.0, 0.0, 1.0)>
37.8202 	EXP 	fixCross_2: fillColor = <psychopy.colors.Color: (1.0, 0.0, 0.0, 1.0)>
37.8202 	EXP 	text3_2: foreColor = <psychopy.colors.Color: (1.0, 0.0, 0.0, 1.0)>
37.8202 	EXP 	text7_2: foreColor = <psychopy.colors.Color: (1.0, 0.0, 0.0, 1.0)>
37.8202 	EXP 	num3_2: foreColor = <psychopy.colors.Color: (1.0, 0.0, 0.0, 1.0)>
37.8202 	EXP 	text4_2: foreColor = <psychopy.colors.Color: (0.0, 1.0, 0.0, 1.0)>
37.8202 	EXP 	text8_2: foreColor = <psychopy.colors.Color: (0.0, 1.0, 0.0, 1.0)>
37.8202 	EXP 	num4_2: foreColor = <psychopy.colors.Color: (0.0, 1.0, 0.0, 1.0)>
37.8202 	EXP 	text4_2: foreColor = <psychopy.colors.Color: (0.0, 1.0, 0.0, 1.0)>
37.8202 	EXP 	text8_2: foreColor = <psychopy.colors.Color: (0.0, 1.0, 0.0, 1.0)>
37.8202 	EXP 	num4_2: foreColor = <psychopy.colors.Color: (0.0, 1.0, 0.0, 1.0)>
40.7923 	EXP 	New trial (rep=0, index=1): {'category': 'turtle', 'orientation': 4, 'taskCue': 'stim//obj2.png', 'stimfile': 'stim//turtle4.png', 'resp1': 'Turtle', 'resp2': 'Car', 'resp3': 'Horse', 'resp4': 'Shoe', 'resp5': 'Full Left', 'resp6': 'Half Right', 'resp7': 'Full Right', 'resp8': 'Half Left', 'objFirst': True, 'correctButton': 1, 'interval': 2.499}
40.8051 	EXP 	fixCross_2: autoDraw = False
40.8051 	EXP 	text1_2: autoDraw = False
40.8051 	EXP 	text2_2: autoDraw = False
40.8051 	EXP 	text3_2: autoDraw = False
40.8051 	EXP 	text4_2: autoDraw = False
40.8051 	EXP 	text5_2: autoDraw = False
40.8051 	EXP 	text6_2: autoDraw = False
40.8051 	EXP 	text7_2: autoDraw = False
40.8051 	EXP 	text8_2: autoDraw = False
40.8051 	EXP 	num1_2: autoDraw = False
40.8051 	EXP 	num2_2: autoDraw = False
40.8051 	EXP 	num3_2: autoDraw = False
40.8051 	EXP 	num4_2: autoDraw = False
40.8051 	EXP 	fixCross: foreColor = <psychopy.colors.Color: transparent, alpha=1.0>
40.8051 	EXP 	fixCross: borderColor = <psychopy.colors.Color: transparent, alpha=1.0>
40.8051 	EXP 	fixCross: fillColor = <psychopy.colors.Color: transparent, alpha=1.0>
40.8051 	EXP 	cue: image = 'stim//obj2.png'
40.8051 	EXP 	cue: autoDraw = True
41.7906 	EXP 	Created sequence: sequential, trialTypes=1, nReps=3, seed=None
41.7910 	EXP 	New trial (rep=0, index=0): None
41.9416 	EXP 	cue: autoDraw = False
41.9416 	EXP 	cue: autoDraw = False
41.9416 	EXP 	image: image = 'stim//turtle4.png'
41.9416 	EXP 	image: autoDraw = True
41.9416 	EXP 	fixCrossR_2: autoDraw = True
42.1899 	EXP 	image: autoDraw = False
42.1899 	EXP 	fixCrossR_2: autoDraw = False
42.1899 	EXP 	image: autoDraw = False
42.1899 	EXP 	fixCrossR_2: autoDraw = False
42.1899 	EXP 	fixCrossR_4: autoDraw = True
42.4243 	EXP 	New trial (rep=1, index=0): None
42.5767 	EXP 	fixCrossR_4: autoDraw = False
42.5767 	EXP 	fixCrossR_4: autoDraw = False
42.5767 	EXP 	image: image = 'stim//turtle4.png'
42.5767 	EXP 	image: autoDraw = True
42.5767 	EXP 	fixCrossR_2: autoDraw = True
42.8239 	EXP 	image: autoDraw = False
42.8239 	EXP 	fixCrossR_2: autoDraw = False
42.8239 	EXP 	image: autoDraw = False
42.8239 	EXP 	fixCrossR_2: autoDraw = False
42.8239 	EXP 	fixCrossR_4: autoDraw = True
43.0585 	EXP 	New trial (rep=2, index=0): None
43.3075 	EXP 	fixCrossR_4: autoDraw = False
43.3075 	EXP 	fixCrossR_4: autoDraw = False
43.3075 	EXP 	image: image = 'stim//turtle4.png'
43.3075 	EXP 	image: autoDraw = True
43.3075 	EXP 	fixCrossR_2: autoDraw = True
43.5578 	EXP 	image: autoDraw = False
43.5578 	EXP 	fixCrossR_2: autoDraw = False
43.5578 	EXP 	image: autoDraw = False
43.5578 	EXP 	fixCrossR_2: autoDraw = False
43.5578 	EXP 	fixCrossR_4: autoDraw = True
44.0582 	EXP 	fixCrossR_4: autoDraw = False
44.0582 	EXP 	fixCrossR_4: autoDraw = False
44.0582 	EXP 	fixCross_2: fillColor = <psychopy.colors.Color: black, alpha=1.0>
44.0582 	EXP 	fixCross_2: borderColor = <psychopy.colors.Color: black, alpha=1.0>
44.0582 	EXP 	text1_2: foreColor = <psychopy.colors.Color: white, alpha=1.0>
44.0582 	EXP 	text1_2: height = 0.05
44.0582 	EXP 	text1_2: height = 0.05
44.0582 	EXP 	text1_2: height = 0.05
44.0582 	EXP 	text1_2: text = 'Turtle'
44.0582 	EXP 	text2_2: foreColor = <psychopy.colors.Color: white, alpha=1.0>
44.0582 	EXP 	text2_2: height = 0.05
44.0582 	EXP 	text2_2: height = 0.05
44.0582 	EXP 	text2_2: height = 0.05
44.0582 	EXP 	text2_2: text = 'Car'
44.0582 	EXP 	text3_2: foreColor = <psychopy.colors.Color: white, alpha=1.0>
44.0582 	EXP 	text3_2: height = 0.05
44.0582 	EXP 	text3_2: height = 0.05
44.0582 	EXP 	text3_2: height = 0.05
44.0582 	EXP 	text3_2: text = 'Horse'
44.0582 	EXP 	text4_2: foreColor = <psychopy.colors.Color: white, alpha=1.0>
44.0582 	EXP 	text4_2: height = 0.05
44.0582 	EXP 	text4_2: height = 0.05
44.0582 	EXP 	text4_2: height = 0.05
44.0582 	EXP 	text4_2: text = 'Shoe'
44.0582 	EXP 	text5_2: foreColor = <psychopy.colors.Color: white, alpha=1.0>
44.0582 	EXP 	text5_2: height = 0.05
44.0582 	EXP 	text5_2: height = 0.05
44.0582 	EXP 	text5_2: height = 0.05
44.0582 	EXP 	text5_2: text = 'Full Left'
44.0582 	EXP 	text6_2: foreColor = <psychopy.colors.Color: white, alpha=1.0>
44.0582 	EXP 	text6_2: height = 0.05
44.0582 	EXP 	text6_2: height = 0.05
44.0582 	EXP 	text6_2: height = 0.05
44.0582 	EXP 	text6_2: text = 'Half Right'
44.0582 	EXP 	text7_2: foreColor = <psychopy.colors.Color: white, alpha=1.0>
44.0582 	EXP 	text7_2: height = 0.05
44.0582 	EXP 	text7_2: height = 0.05
44.0582 	EXP 	text7_2: height = 0.05
44.0582 	EXP 	text7_2: text = 'Full Right'
44.0582 	EXP 	text8_2: foreColor = <psychopy.colors.Color: white, alpha=1.0>
44.0582 	EXP 	text8_2: height = 0.05
44.0582 	EXP 	text8_2: height = 0.05
44.0582 	EXP 	text8_2: height = 0.05
44.0582 	EXP 	text8_2: text = 'Half Left'
44.0582 	EXP 	num1_2: foreColor = <psychopy.colors.Color: white, alpha=1.0>
44.0582 	EXP 	num1_2: text = '1'
44.0582 	EXP 	num2_2: foreColor = <psychopy.colors.Color: white, alpha=1.0>
44.0582 	EXP 	num2_2: text = '2'
44.0582 	EXP 	num3_2: foreColor = <psychopy.colors.Color: white, alpha=1.0>
44.0582 	EXP 	num3_2: text = '3'
44.0582 	EXP 	num4_2: foreColor = <psychopy.colors.Color: white, alpha=1.0>
44.0582 	EXP 	num4_2: text = '4'
44.0582 	EXP 	fixCross_2: autoDraw = True
44.0582 	EXP 	text1_2: autoDraw = True
44.0582 	EXP 	text2_2: autoDraw = True
44.0582 	EXP 	text3_2: autoDraw = True
44.0582 	EXP 	text4_2: autoDraw = True
44.0582 	EXP 	text5_2: autoDraw = True
44.0582 	EXP 	text6_2: autoDraw = True
44.0582 	EXP 	text7_2: autoDraw = True
44.0582 	EXP 	text8_2: autoDraw = True
44.0582 	EXP 	num1_2: autoDraw = True
44.0582 	EXP 	num2_2: autoDraw = True
44.0582 	EXP 	num3_2: autoDraw = True
44.0582 	EXP 	num4_2: autoDraw = True
44.8053 	DATA 	Keypress: 1
44.8420 	EXP 	fixCross_2: foreColor = <psychopy.colors.Color: (1.0, 0.0, 0.0, 1.0)>
44.8420 	EXP 	fixCross_2: borderColor = <psychopy.colors.Color: (1.0, 0.0, 0.0, 1.0)>
44.8420 	EXP 	fixCross_2: fillColor = <psychopy.colors.Color: (1.0, 0.0, 0.0, 1.0)>
44.8420 	EXP 	text1_2: foreColor = <psychopy.colors.Color: (1.0, 0.0, 0.0, 1.0)>
44.8420 	EXP 	text5_2: foreColor = <psychopy.colors.Color: (1.0, 0.0, 0.0, 1.0)>
44.8420 	EXP 	num1_2: foreColor = <psychopy.colors.Color: (1.0, 0.0, 0.0, 1.0)>
44.8420 	EXP 	text1_2: foreColor = <psychopy.colors.Color: (0.0, 1.0, 0.0, 1.0)>
44.8420 	EXP 	text5_2: foreColor = <psychopy.colors.Color: (0.0, 1.0, 0.0, 1.0)>
44.8420 	EXP 	num1_2: foreColor = <psychopy.colors.Color: (0.0, 1.0, 0.0, 1.0)>
44.8420 	EXP 	text1_2: foreColor = <psychopy.colors.Color: (0.0, 1.0, 0.0, 1.0)>
44.8420 	EXP 	text5_2: foreColor = <psychopy.colors.Color: (0.0, 1.0, 0.0, 1.0)>
44.8420 	EXP 	num1_2: foreColor = <psychopy.colors.Color: (0.0, 1.0, 0.0, 1.0)>
44.8420 	EXP 	text1_2: foreColor = <psychopy.colors.Color: (0.0, 1.0, 0.0, 1.0)>
44.8420 	EXP 	text5_2: foreColor = <psychopy.colors.Color: (0.0, 1.0, 0.0, 1.0)>
44.8420 	EXP 	num1_2: foreColor = <psychopy.colors.Color: (0.0, 1.0, 0.0, 1.0)>
44.8420 	EXP 	text1_2: foreColor = <psychopy.colors.Color: (0.0, 1.0, 0.0, 1.0)>
44.8420 	EXP 	text5_2: foreColor = <psychopy.colors.Color: (0.0, 1.0, 0.0, 1.0)>
44.8420 	EXP 	num1_2: foreColor = <psychopy.colors.Color: (0.0, 1.0, 0.0, 1.0)>
47.8144 	EXP 	New trial (rep=0, index=2): {'category': 'turtle', 'orientation': 3, 'taskCue': 'stim//ori1.png', 'stimfile': 'stim//turtle3.png', 'resp1': 'Full Left', 'resp2': 'Full Right', 'resp3': 'Half Left', 'resp4': 'Half Right', 'resp5': 'Car', 'resp6': 'Shoe', 'resp7': 'Turtle', 'resp8': 'Horse', 'objFirst': False, 'correctButton': 4, 'interval': 2.49}
47.8276 	EXP 	fixCross_2: autoDraw = False
47.8276 	EXP 	text1_2: autoDraw = False
47.8276 	EXP 	text2_2: autoDraw = False
47.8276 	EXP 	text3_2: autoDraw = False
47.8276 	EXP 	text4_2: autoDraw = False
47.8276 	EXP 	text5_2: autoDraw = False
47.8276 	EXP 	text6_2: autoDraw = False
47.8276 	EXP 	text7_2: autoDraw = False
47.8276 	EXP 	text8_2: autoDraw = False
47.8276 	EXP 	num1_2: autoDraw = False
47.8276 	EXP 	num2_2: autoDraw = False
47.8276 	EXP 	num3_2: autoDraw = False
47.8276 	EXP 	num4_2: autoDraw = False
47.8276 	EXP 	fixCross: foreColor = <psychopy.colors.Color: transparent, alpha=1.0>
47.8276 	EXP 	fixCross: borderColor = <psychopy.colors.Color: transparent, alpha=1.0>
47.8276 	EXP 	fixCross: fillColor = <psychopy.colors.Color: transparent, alpha=1.0>
47.8276 	EXP 	cue: image = 'stim//ori1.png'
47.8276 	EXP 	cue: autoDraw = True
48.8137 	EXP 	Created sequence: sequential, trialTypes=1, nReps=3, seed=None
48.8141 	EXP 	New trial (rep=0, index=0): None
48.9792 	EXP 	cue: autoDraw = False
48.9792 	EXP 	cue: autoDraw = False
48.9792 	EXP 	image: image = 'stim//turtle3.png'
48.9792 	EXP 	image: autoDraw = True
48.9792 	EXP 	fixCrossR_2: autoDraw = True
49.2291 	EXP 	image: autoDraw = False
49.2291 	EXP 	fixCrossR_2: autoDraw = False
49.2291 	EXP 	image: autoDraw = False
49.2291 	EXP 	fixCrossR_2: autoDraw = False
49.2291 	EXP 	fixCrossR_4: autoDraw = True
49.4633 	EXP 	New trial (rep=1, index=0): None
49.6138 	EXP 	fixCrossR_4: autoDraw = False
49.6138 	EXP 	fixCrossR_4: autoDraw = False
49.6138 	EXP 	image: image = 'stim//turtle3.png'
49.6138 	EXP 	image: autoDraw = True
49.6138 	EXP 	fixCrossR_2: autoDraw = True
49.8667 	EXP 	image: autoDraw = False
49.8667 	EXP 	fixCrossR_2: autoDraw = False
49.8667 	EXP 	image: autoDraw = False
49.8667 	EXP 	fixCrossR_2: autoDraw = False
49.8667 	EXP 	fixCrossR_4: autoDraw = True
50.1002 	EXP 	New trial (rep=2, index=0): None
50.3469 	EXP 	fixCrossR_4: autoDraw = False
50.3469 	EXP 	fixCrossR_4: autoDraw = False
50.3469 	EXP 	image: image = 'stim//turtle3.png'
50.3469 	EXP 	image: autoDraw = True
50.3469 	EXP 	fixCrossR_2: autoDraw = True
50.5969 	EXP 	image: autoDraw = False
50.5969 	EXP 	fixCrossR_2: autoDraw = False
50.5969 	EXP 	image: autoDraw = False
50.5969 	EXP 	fixCrossR_2: autoDraw = False
50.5969 	EXP 	fixCrossR_4: autoDraw = True
51.0987 	EXP 	fixCrossR_4: autoDraw = False
51.0987 	EXP 	fixCrossR_4: autoDraw = False
51.0987 	EXP 	fixCross_2: fillColor = <psychopy.colors.Color: black, alpha=1.0>
51.0987 	EXP 	fixCross_2: borderColor = <psychopy.colors.Color: black, alpha=1.0>
51.0987 	EXP 	text1_2: foreColor = <psychopy.colors.Color: white, alpha=1.0>
51.0987 	EXP 	text1_2: height = 0.05
51.0987 	EXP 	text1_2: height = 0.05
51.0987 	EXP 	text1_2: height = 0.05
51.0987 	EXP 	text1_2: text = 'Full Left'
51.0987 	EXP 	text2_2: foreColor = <psychopy.colors.Color: white, alpha=1.0>
51.0987 	EXP 	text2_2: height = 0.05
51.0987 	EXP 	text2_2: height = 0.05
51.0987 	EXP 	text2_2: height = 0.05
51.0987 	EXP 	text2_2: text = 'Full Right'
51.0987 	EXP 	text3_2: foreColor = <psychopy.colors.Color: white, alpha=1.0>
51.0987 	EXP 	text3_2: height = 0.05
51.0987 	EXP 	text3_2: height = 0.05
51.0987 	EXP 	text3_2: height = 0.05
51.0987 	EXP 	text3_2: text = 'Half Left'
51.0987 	EXP 	text4_2: foreColor = <psychopy.colors.Color: white, alpha=1.0>
51.0987 	EXP 	text4_2: height = 0.05
51.0987 	EXP 	text4_2: height = 0.05
51.0987 	EXP 	text4_2: height = 0.05
51.0987 	EXP 	text4_2: text = 'Half Right'
51.0987 	EXP 	text5_2: foreColor = <psychopy.colors.Color: white, alpha=1.0>
51.0987 	EXP 	text5_2: height = 0.05
51.0987 	EXP 	text5_2: height = 0.05
51.0987 	EXP 	text5_2: height = 0.05
51.0987 	EXP 	text5_2: text = 'Car'
51.0987 	EXP 	text6_2: foreColor = <psychopy.colors.Color: white, alpha=1.0>
51.0987 	EXP 	text6_2: height = 0.05
51.0987 	EXP 	text6_2: height = 0.05
51.0987 	EXP 	text6_2: height = 0.05
51.0987 	EXP 	text6_2: text = 'Shoe'
51.0987 	EXP 	text7_2: foreColor = <psychopy.colors.Color: white, alpha=1.0>
51.0987 	EXP 	text7_2: height = 0.05
51.0987 	EXP 	text7_2: height = 0.05
51.0987 	EXP 	text7_2: height = 0.05
51.0987 	EXP 	text7_2: text = 'Turtle'
51.0987 	EXP 	text8_2: foreColor = <psychopy.colors.Color: white, alpha=1.0>
51.0987 	EXP 	text8_2: height = 0.05
51.0987 	EXP 	text8_2: height = 0.05
51.0987 	EXP 	text8_2: height = 0.05
51.0987 	EXP 	text8_2: text = 'Horse'
51.0987 	EXP 	num1_2: foreColor = <psychopy.colors.Color: white, alpha=1.0>
51.0987 	EXP 	num1_2: text = '1'
51.0987 	EXP 	num2_2: foreColor = <psychopy.colors.Color: white, alpha=1.0>
51.0987 	EXP 	num2_2: text = '2'
51.0987 	EXP 	num3_2: foreColor = <psychopy.colors.Color: white, alpha=1.0>
51.0987 	EXP 	num3_2: text = '3'
51.0987 	EXP 	num4_2: foreColor = <psychopy.colors.Color: white, alpha=1.0>
51.0987 	EXP 	num4_2: text = '4'
51.0987 	EXP 	fixCross_2: autoDraw = True
51.0987 	EXP 	text1_2: autoDraw = True
51.0987 	EXP 	text2_2: autoDraw = True
51.0987 	EXP 	text3_2: autoDraw = True
51.0987 	EXP 	text4_2: autoDraw = True
51.0987 	EXP 	text5_2: autoDraw = True
51.0987 	EXP 	text6_2: autoDraw = True
51.0987 	EXP 	text7_2: autoDraw = True
51.0987 	EXP 	text8_2: autoDraw = True
51.0987 	EXP 	num1_2: autoDraw = True
51.0987 	EXP 	num2_2: autoDraw = True
51.0987 	EXP 	num3_2: autoDraw = True
51.0987 	EXP 	num4_2: autoDraw = True
52.0610 	DATA 	Keypress: 3
52.0982 	EXP 	text4_2: foreColor = <psychopy.colors.Color: (0.0, 1.0, 0.0, 1.0)>
52.0982 	EXP 	text8_2: foreColor = <psychopy.colors.Color: (0.0, 1.0, 0.0, 1.0)>
52.0982 	EXP 	num4_2: foreColor = <psychopy.colors.Color: (0.0, 1.0, 0.0, 1.0)>
52.0982 	EXP 	text4_2: foreColor = <psychopy.colors.Color: (0.0, 1.0, 0.0, 1.0)>
52.0982 	EXP 	text8_2: foreColor = <psychopy.colors.Color: (0.0, 1.0, 0.0, 1.0)>
52.0982 	EXP 	num4_2: foreColor = <psychopy.colors.Color: (0.0, 1.0, 0.0, 1.0)>
52.0982 	EXP 	fixCross_2: foreColor = <psychopy.colors.Color: (1.0, 0.0, 0.0, 1.0)>
52.0982 	EXP 	fixCross_2: borderColor = <psychopy.colors.Color: (1.0, 0.0, 0.0, 1.0)>
52.0982 	EXP 	fixCross_2: fillColor = <psychopy.colors.Color: (1.0, 0.0, 0.0, 1.0)>
52.0982 	EXP 	text3_2: foreColor = <psychopy.colors.Color: (1.0, 0.0, 0.0, 1.0)>
52.0982 	EXP 	text7_2: foreColor = <psychopy.colors.Color: (1.0, 0.0, 0.0, 1.0)>
52.0982 	EXP 	num3_2: foreColor = <psychopy.colors.Color: (1.0, 0.0, 0.0, 1.0)>
52.0982 	EXP 	text4_2: foreColor = <psychopy.colors.Color: (0.0, 1.0, 0.0, 1.0)>
52.0982 	EXP 	text8_2: foreColor = <psychopy.colors.Color: (0.0, 1.0, 0.0, 1.0)>
52.0982 	EXP 	num4_2: foreColor = <psychopy.colors.Color: (0.0, 1.0, 0.0, 1.0)>
52.0982 	EXP 	text4_2: foreColor = <psychopy.colors.Color: (0.0, 1.0, 0.0, 1.0)>
52.0982 	EXP 	text8_2: foreColor = <psychopy.colors.Color: (0.0, 1.0, 0.0, 1.0)>
52.0982 	EXP 	num4_2: foreColor = <psychopy.colors.Color: (0.0, 1.0, 0.0, 1.0)>
53.3114 	DATA 	Keypress: 3
55.0703 	EXP 	New trial (rep=0, index=3): {'category': 'car', 'orientation': 3, 'taskCue': 'stim//ori1.png', 'stimfile': 'stim//car3.png', 'resp1': 'Horse', 'resp2': 'Car', 'resp3': 'Turtle', 'resp4': 'Shoe', 'resp5': 'Full Right', 'resp6': 'Full Left', 'resp7': 'Half Left', 'resp8': 'Half Right', 'objFirst': True, 'correctButton': 4, 'interval': 2.453}
55.0838 	EXP 	fixCross_2: autoDraw = False
55.0838 	EXP 	text1_2: autoDraw = False
55.0838 	EXP 	text2_2: autoDraw = False
55.0838 	EXP 	text3_2: autoDraw = False
55.0838 	EXP 	text4_2: autoDraw = False
55.0838 	EXP 	text5_2: autoDraw = False
55.0838 	EXP 	text6_2: autoDraw = False
55.0838 	EXP 	text7_2: autoDraw = False
55.0838 	EXP 	text8_2: autoDraw = False
55.0838 	EXP 	num1_2: autoDraw = False
55.0838 	EXP 	num2_2: autoDraw = False
55.0838 	EXP 	num3_2: autoDraw = False
55.0838 	EXP 	num4_2: autoDraw = False
55.0838 	EXP 	fixCross: foreColor = <psychopy.colors.Color: transparent, alpha=1.0>
55.0838 	EXP 	fixCross: borderColor = <psychopy.colors.Color: transparent, alpha=1.0>
55.0838 	EXP 	fixCross: fillColor = <psychopy.colors.Color: transparent, alpha=1.0>
55.0838 	EXP 	cue: image = 'stim//ori1.png'
55.0838 	EXP 	cue: autoDraw = True
56.0693 	EXP 	Created sequence: sequential, trialTypes=1, nReps=3, seed=None
56.0695 	EXP 	New trial (rep=0, index=0): None
56.2181 	EXP 	cue: autoDraw = False
56.2181 	EXP 	cue: autoDraw = False
56.2181 	EXP 	image: image = 'stim//car3.png'
56.2181 	EXP 	image: autoDraw = True
56.2181 	EXP 	fixCrossR_2: autoDraw = True
56.4683 	EXP 	image: autoDraw = False
56.4683 	EXP 	fixCrossR_2: autoDraw = False
56.4683 	EXP 	image: autoDraw = False
56.4683 	EXP 	fixCrossR_2: autoDraw = False
56.4683 	EXP 	fixCrossR_4: autoDraw = True
56.7026 	EXP 	New trial (rep=1, index=0): None
56.8689 	EXP 	fixCrossR_4: autoDraw = False
56.8689 	EXP 	fixCrossR_4: autoDraw = False
56.8689 	EXP 	image: image = 'stim//car3.png'
56.8689 	EXP 	image: autoDraw = True
56.8689 	EXP 	fixCrossR_2: autoDraw = True
57.1191 	EXP 	image: autoDraw = False
57.1191 	EXP 	fixCrossR_2: autoDraw = False
57.1191 	EXP 	image: autoDraw = False
57.1191 	EXP 	fixCrossR_2: autoDraw = False
57.1191 	EXP 	fixCrossR_4: autoDraw = True
57.3535 	EXP 	New trial (rep=2, index=0): None
57.6028 	EXP 	fixCrossR_4: autoDraw = False
57.6028 	EXP 	fixCrossR_4: autoDraw = False
57.6028 	EXP 	image: image = 'stim//car3.png'
57.6028 	EXP 	image: autoDraw = True
57.6028 	EXP 	fixCrossR_2: autoDraw = True
57.8529 	EXP 	image: autoDraw = False
57.8529 	EXP 	fixCrossR_2: autoDraw = False
57.8529 	EXP 	image: autoDraw = False
57.8529 	EXP 	fixCrossR_2: autoDraw = False
57.8529 	EXP 	fixCrossR_4: autoDraw = True
58.3706 	EXP 	fixCrossR_4: autoDraw = False
58.3706 	EXP 	fixCrossR_4: autoDraw = False
58.3706 	EXP 	fixCross_2: fillColor = <psychopy.colors.Color: black, alpha=1.0>
58.3706 	EXP 	fixCross_2: borderColor = <psychopy.colors.Color: black, alpha=1.0>
58.3706 	EXP 	text1_2: foreColor = <psychopy.colors.Color: white, alpha=1.0>
58.3706 	EXP 	text1_2: height = 0.05
58.3706 	EXP 	text1_2: height = 0.05
58.3706 	EXP 	text1_2: height = 0.05
58.3706 	EXP 	text1_2: text = 'Horse'
58.3706 	EXP 	text2_2: foreColor = <psychopy.colors.Color: white, alpha=1.0>
58.3706 	EXP 	text2_2: height = 0.05
58.3706 	EXP 	text2_2: height = 0.05
58.3706 	EXP 	text2_2: height = 0.05
58.3706 	EXP 	text2_2: text = 'Car'
58.3706 	EXP 	text3_2: foreColor = <psychopy.colors.Color: white, alpha=1.0>
58.3706 	EXP 	text3_2: height = 0.05
58.3706 	EXP 	text3_2: height = 0.05
58.3706 	EXP 	text3_2: height = 0.05
58.3706 	EXP 	text3_2: text = 'Turtle'
58.3706 	EXP 	text4_2: foreColor = <psychopy.colors.Color: white, alpha=1.0>
58.3706 	EXP 	text4_2: height = 0.05
58.3706 	EXP 	text4_2: height = 0.05
58.3706 	EXP 	text4_2: height = 0.05
58.3706 	EXP 	text4_2: text = 'Shoe'
58.3706 	EXP 	text5_2: foreColor = <psychopy.colors.Color: white, alpha=1.0>
58.3706 	EXP 	text5_2: height = 0.05
58.3706 	EXP 	text5_2: height = 0.05
58.3706 	EXP 	text5_2: height = 0.05
58.3706 	EXP 	text5_2: text = 'Full Right'
58.3706 	EXP 	text6_2: foreColor = <psychopy.colors.Color: white, alpha=1.0>
58.3706 	EXP 	text6_2: height = 0.05
58.3706 	EXP 	text6_2: height = 0.05
58.3706 	EXP 	text6_2: height = 0.05
58.3706 	EXP 	text6_2: text = 'Full Left'
58.3706 	EXP 	text7_2: foreColor = <psychopy.colors.Color: white, alpha=1.0>
58.3706 	EXP 	text7_2: height = 0.05
58.3706 	EXP 	text7_2: height = 0.05
58.3706 	EXP 	text7_2: height = 0.05
58.3706 	EXP 	text7_2: text = 'Half Left'
58.3706 	EXP 	text8_2: foreColor = <psychopy.colors.Color: white, alpha=1.0>
58.3706 	EXP 	text8_2: height = 0.05
58.3706 	EXP 	text8_2: height = 0.05
58.3706 	EXP 	text8_2: height = 0.05
58.3706 	EXP 	text8_2: text = 'Half Right'
58.3706 	EXP 	num1_2: foreColor = <psychopy.colors.Color: white, alpha=1.0>
58.3706 	EXP 	num1_2: text = '1'
58.3706 	EXP 	num2_2: foreColor = <psychopy.colors.Color: white, alpha=1.0>
58.3706 	EXP 	num2_2: text = '2'
58.3706 	EXP 	num3_2: foreColor = <psychopy.colors.Color: white, alpha=1.0>
58.3706 	EXP 	num3_2: text = '3'
58.3706 	EXP 	num4_2: foreColor = <psychopy.colors.Color: white, alpha=1.0>
58.3706 	EXP 	num4_2: text = '4'
58.3706 	EXP 	fixCross_2: autoDraw = True
58.3706 	EXP 	text1_2: autoDraw = True
58.3706 	EXP 	text2_2: autoDraw = True
58.3706 	EXP 	text3_2: autoDraw = True
58.3706 	EXP 	text4_2: autoDraw = True
58.3706 	EXP 	text5_2: autoDraw = True
58.3706 	EXP 	text6_2: autoDraw = True
58.3706 	EXP 	text7_2: autoDraw = True
58.3706 	EXP 	text8_2: autoDraw = True
58.3706 	EXP 	num1_2: autoDraw = True
58.3706 	EXP 	num2_2: autoDraw = True
58.3706 	EXP 	num3_2: autoDraw = True
58.3706 	EXP 	num4_2: autoDraw = True
59.9674 	DATA 	Keypress: 2
60.0053 	EXP 	text4_2: foreColor = <psychopy.colors.Color: (0.0, 1.0, 0.0, 1.0)>
60.0053 	EXP 	text8_2: foreColor = <psychopy.colors.Color: (0.0, 1.0, 0.0, 1.0)>
60.0053 	EXP 	num4_2: foreColor = <psychopy.colors.Color: (0.0, 1.0, 0.0, 1.0)>
60.0053 	EXP 	fixCross_2: foreColor = <psychopy.colors.Color: (1.0, 0.0, 0.0, 1.0)>
60.0053 	EXP 	fixCross_2: borderColor = <psychopy.colors.Color: (1.0, 0.0, 0.0, 1.0)>
60.0053 	EXP 	fixCross_2: fillColor = <psychopy.colors.Color: (1.0, 0.0, 0.0, 1.0)>
60.0053 	EXP 	text2_2: foreColor = <psychopy.colors.Color: (1.0, 0.0, 0.0, 1.0)>
60.0053 	EXP 	text6_2: foreColor = <psychopy.colors.Color: (1.0, 0.0, 0.0, 1.0)>
60.0053 	EXP 	num2_2: foreColor = <psychopy.colors.Color: (1.0, 0.0, 0.0, 1.0)>
60.0053 	EXP 	text4_2: foreColor = <psychopy.colors.Color: (0.0, 1.0, 0.0, 1.0)>
60.0053 	EXP 	text8_2: foreColor = <psychopy.colors.Color: (0.0, 1.0, 0.0, 1.0)>
60.0053 	EXP 	num4_2: foreColor = <psychopy.colors.Color: (0.0, 1.0, 0.0, 1.0)>
60.0053 	EXP 	text4_2: foreColor = <psychopy.colors.Color: (0.0, 1.0, 0.0, 1.0)>
60.0053 	EXP 	text8_2: foreColor = <psychopy.colors.Color: (0.0, 1.0, 0.0, 1.0)>
60.0053 	EXP 	num4_2: foreColor = <psychopy.colors.Color: (0.0, 1.0, 0.0, 1.0)>
60.0053 	EXP 	text4_2: foreColor = <psychopy.colors.Color: (0.0, 1.0, 0.0, 1.0)>
60.0053 	EXP 	text8_2: foreColor = <psychopy.colors.Color: (0.0, 1.0, 0.0, 1.0)>
60.0053 	EXP 	num4_2: foreColor = <psychopy.colors.Color: (0.0, 1.0, 0.0, 1.0)>
62.9776 	EXP 	New trial (rep=0, index=4): {'category': 'shoe', 'orientation': 4, 'taskCue': 'stim//obj1.png', 'stimfile': 'stim//shoe4.png', 'resp1': 'Half Left', 'resp2': 'Half Right', 'resp3': 'Full Right', 'resp4': 'Full Left', 'resp5': 'Turtle', 'resp6': 'Car', 'resp7': 'Horse', 'resp8': 'Shoe', 'objFirst': False, 'correctButton': 4, 'interval': 2.826}
62.9902 	EXP 	fixCross_2: autoDraw = False
62.9902 	EXP 	text1_2: autoDraw = False
62.9902 	EXP 	text2_2: autoDraw = False
62.9902 	EXP 	text3_2: autoDraw = False
62.9902 	EXP 	text4_2: autoDraw = False
62.9902 	EXP 	text5_2: autoDraw = False
62.9902 	EXP 	text6_2: autoDraw = False
62.9902 	EXP 	text7_2: autoDraw = False
62.9902 	EXP 	text8_2: autoDraw = False
62.9902 	EXP 	num1_2: autoDraw = False
62.9902 	EXP 	num2_2: autoDraw = False
62.9902 	EXP 	num3_2: autoDraw = False
62.9902 	EXP 	num4_2: autoDraw = False
62.9902 	EXP 	fixCross: foreColor = <psychopy.colors.Color: transparent, alpha=1.0>
62.9902 	EXP 	fixCross: borderColor = <psychopy.colors.Color: transparent, alpha=1.0>
62.9902 	EXP 	fixCross: fillColor = <psychopy.colors.Color: transparent, alpha=1.0>
62.9902 	EXP 	cue: image = 'stim//obj1.png'
62.9902 	EXP 	cue: autoDraw = True
63.9758 	EXP 	Created sequence: sequential, trialTypes=1, nReps=3, seed=None
63.9762 	EXP 	New trial (rep=0, index=0): None
64.1248 	EXP 	cue: autoDraw = False
64.1248 	EXP 	cue: autoDraw = False
64.1248 	EXP 	image: image = 'stim//shoe4.png'
64.1248 	EXP 	image: autoDraw = True
64.1248 	EXP 	fixCrossR_2: autoDraw = True
64.3749 	EXP 	image: autoDraw = False
64.3749 	EXP 	fixCrossR_2: autoDraw = False
64.3749 	EXP 	image: autoDraw = False
64.3749 	EXP 	fixCrossR_2: autoDraw = False
64.3749 	EXP 	fixCrossR_4: autoDraw = True
64.6095 	EXP 	New trial (rep=1, index=0): None
64.7758 	EXP 	fixCrossR_4: autoDraw = False
64.7758 	EXP 	fixCrossR_4: autoDraw = False
64.7758 	EXP 	image: image = 'stim//shoe4.png'
64.7758 	EXP 	image: autoDraw = True
64.7758 	EXP 	fixCrossR_2: autoDraw = True
65.0256 	EXP 	image: autoDraw = False
65.0256 	EXP 	fixCrossR_2: autoDraw = False
65.0256 	EXP 	image: autoDraw = False
65.0256 	EXP 	fixCrossR_2: autoDraw = False
65.0256 	EXP 	fixCrossR_4: autoDraw = True
65.2601 	EXP 	New trial (rep=2, index=0): None
65.5093 	EXP 	fixCrossR_4: autoDraw = False
65.5093 	EXP 	fixCrossR_4: autoDraw = False
65.5093 	EXP 	image: image = 'stim//shoe4.png'
65.5093 	EXP 	image: autoDraw = True
65.5093 	EXP 	fixCrossR_2: autoDraw = True
65.7603 	EXP 	image: autoDraw = False
65.7603 	EXP 	fixCrossR_2: autoDraw = False
65.7603 	EXP 	image: autoDraw = False
65.7603 	EXP 	fixCrossR_2: autoDraw = False
65.7603 	EXP 	fixCrossR_4: autoDraw = True
66.3610 	EXP 	fixCrossR_4: autoDraw = False
66.3610 	EXP 	fixCrossR_4: autoDraw = False
66.3610 	EXP 	fixCross_2: fillColor = <psychopy.colors.Color: black, alpha=1.0>
66.3610 	EXP 	fixCross_2: borderColor = <psychopy.colors.Color: black, alpha=1.0>
66.3610 	EXP 	text1_2: foreColor = <psychopy.colors.Color: white, alpha=1.0>
66.3610 	EXP 	text1_2: height = 0.05
66.3610 	EXP 	text1_2: height = 0.05
66.3610 	EXP 	text1_2: height = 0.05
66.3610 	EXP 	text1_2: text = 'Half Left'
66.3610 	EXP 	text2_2: foreColor = <psychopy.colors.Color: white, alpha=1.0>
66.3610 	EXP 	text2_2: height = 0.05
66.3610 	EXP 	text2_2: height = 0.05
66.3610 	EXP 	text2_2: height = 0.05
66.3610 	EXP 	text2_2: text = 'Half Right'
66.3610 	EXP 	text3_2: foreColor = <psychopy.colors.Color: white, alpha=1.0>
66.3610 	EXP 	text3_2: height = 0.05
66.3610 	EXP 	text3_2: height = 0.05
66.3610 	EXP 	text3_2: height = 0.05
66.3610 	EXP 	text3_2: text = 'Full Right'
66.3610 	EXP 	text4_2: foreColor = <psychopy.colors.Color: white, alpha=1.0>
66.3610 	EXP 	text4_2: height = 0.05
66.3610 	EXP 	text4_2: height = 0.05
66.3610 	EXP 	text4_2: height = 0.05
66.3610 	EXP 	text4_2: text = 'Full Left'
66.3610 	EXP 	text5_2: foreColor = <psychopy.colors.Color: white, alpha=1.0>
66.3610 	EXP 	text5_2: height = 0.05
66.3610 	EXP 	text5_2: height = 0.05
66.3610 	EXP 	text5_2: height = 0.05
66.3610 	EXP 	text5_2: text = 'Turtle'
66.3610 	EXP 	text6_2: foreColor = <psychopy.colors.Color: white, alpha=1.0>
66.3610 	EXP 	text6_2: height = 0.05
66.3610 	EXP 	text6_2: height = 0.05
66.3610 	EXP 	text6_2: height = 0.05
66.3610 	EXP 	text6_2: text = 'Car'
66.3610 	EXP 	text7_2: foreColor = <psychopy.colors.Color: white, alpha=1.0>
66.3610 	EXP 	text7_2: height = 0.05
66.3610 	EXP 	text7_2: height = 0.05
66.3610 	EXP 	text7_2: height = 0.05
66.3610 	EXP 	text7_2: text = 'Horse'
66.3610 	EXP 	text8_2: foreColor = <psychopy.colors.Color: white, alpha=1.0>
66.3610 	EXP 	text8_2: height = 0.05
66.3610 	EXP 	text8_2: height = 0.05
66.3610 	EXP 	text8_2: height = 0.05
66.3610 	EXP 	text8_2: text = 'Shoe'
66.3610 	EXP 	num1_2: foreColor = <psychopy.colors.Color: white, alpha=1.0>
66.3610 	EXP 	num1_2: text = '1'
66.3610 	EXP 	num2_2: foreColor = <psychopy.colors.Color: white, alpha=1.0>
66.3610 	EXP 	num2_2: text = '2'
66.3610 	EXP 	num3_2: foreColor = <psychopy.colors.Color: white, alpha=1.0>
66.3610 	EXP 	num3_2: text = '3'
66.3610 	EXP 	num4_2: foreColor = <psychopy.colors.Color: white, alpha=1.0>
66.3610 	EXP 	num4_2: text = '4'
66.3610 	EXP 	fixCross_2: autoDraw = True
66.3610 	EXP 	text1_2: autoDraw = True
66.3610 	EXP 	text2_2: autoDraw = True
66.3610 	EXP 	text3_2: autoDraw = True
66.3610 	EXP 	text4_2: autoDraw = True
66.3610 	EXP 	text5_2: autoDraw = True
66.3610 	EXP 	text6_2: autoDraw = True
66.3610 	EXP 	text7_2: autoDraw = True
66.3610 	EXP 	text8_2: autoDraw = True
66.3610 	EXP 	num1_2: autoDraw = True
66.3610 	EXP 	num2_2: autoDraw = True
66.3610 	EXP 	num3_2: autoDraw = True
66.3610 	EXP 	num4_2: autoDraw = True
66.7784 	DATA 	Keypress: 4
66.8104 	EXP 	text4_2: foreColor = <psychopy.colors.Color: (0.0, 1.0, 0.0, 1.0)>
66.8104 	EXP 	text8_2: foreColor = <psychopy.colors.Color: (0.0, 1.0, 0.0, 1.0)>
66.8104 	EXP 	num4_2: foreColor = <psychopy.colors.Color: (0.0, 1.0, 0.0, 1.0)>
66.8104 	EXP 	text4_2: foreColor = <psychopy.colors.Color: (0.0, 1.0, 0.0, 1.0)>
66.8104 	EXP 	text8_2: foreColor = <psychopy.colors.Color: (0.0, 1.0, 0.0, 1.0)>
66.8104 	EXP 	num4_2: foreColor = <psychopy.colors.Color: (0.0, 1.0, 0.0, 1.0)>
66.8104 	EXP 	text4_2: foreColor = <psychopy.colors.Color: (0.0, 1.0, 0.0, 1.0)>
66.8104 	EXP 	text8_2: foreColor = <psychopy.colors.Color: (0.0, 1.0, 0.0, 1.0)>
66.8104 	EXP 	num4_2: foreColor = <psychopy.colors.Color: (0.0, 1.0, 0.0, 1.0)>
66.8104 	EXP 	fixCross_2: foreColor = <psychopy.colors.Color: (1.0, 0.0, 0.0, 1.0)>
66.8104 	EXP 	fixCross_2: borderColor = <psychopy.colors.Color: (1.0, 0.0, 0.0, 1.0)>
66.8104 	EXP 	fixCross_2: fillColor = <psychopy.colors.Color: (1.0, 0.0, 0.0, 1.0)>
66.8104 	EXP 	text4_2: foreColor = <psychopy.colors.Color: (1.0, 0.0, 0.0, 1.0)>
66.8104 	EXP 	text8_2: foreColor = <psychopy.colors.Color: (1.0, 0.0, 0.0, 1.0)>
66.8104 	EXP 	num4_2: foreColor = <psychopy.colors.Color: (1.0, 0.0, 0.0, 1.0)>
66.8104 	EXP 	text4_2: foreColor = <psychopy.colors.Color: (0.0, 1.0, 0.0, 1.0)>
66.8104 	EXP 	text8_2: foreColor = <psychopy.colors.Color: (0.0, 1.0, 0.0, 1.0)>
66.8104 	EXP 	num4_2: foreColor = <psychopy.colors.Color: (0.0, 1.0, 0.0, 1.0)>
70.0644 	EXP 	Created sequence: random, trialTypes=1, nReps=1, seed=None
70.0647 	EXP 	New trial (rep=0, index=0): None
70.0798 	EXP 	fixCross_2: autoDraw = False
70.0798 	EXP 	text1_2: autoDraw = False
70.0798 	EXP 	text2_2: autoDraw = False
70.0798 	EXP 	text3_2: autoDraw = False
70.0798 	EXP 	text4_2: autoDraw = False
70.0798 	EXP 	text5_2: autoDraw = False
70.0798 	EXP 	text6_2: autoDraw = False
70.0798 	EXP 	text7_2: autoDraw = False
70.0798 	EXP 	text8_2: autoDraw = False
70.0798 	EXP 	num1_2: autoDraw = False
70.0798 	EXP 	num2_2: autoDraw = False
70.0798 	EXP 	num3_2: autoDraw = False
70.0798 	EXP 	num4_2: autoDraw = False
70.0798 	EXP 	fixCross: foreColor = <psychopy.colors.Color: transparent, alpha=1.0>
70.0798 	EXP 	fixCross: borderColor = <psychopy.colors.Color: transparent, alpha=1.0>
70.0798 	EXP 	fixCross: fillColor = <psychopy.colors.Color: transparent, alpha=1.0>
70.0798 	EXP 	text_20: autoDraw = True
85.8686 	DATA 	Keypress: space
86.1771 	EXP 	text_20: autoDraw = False
86.1771 	EXP 	text: autoDraw = True
88.6012 	EXP 	Imported participantData/s12/block_0/trialMatrix_s12_0.xlsx as conditions, 64 conditions, 15 params
88.6026 	EXP 	Created sequence: sequential, trialTypes=64, nReps=1, seed=None
88.6028 	EXP 	New trial (rep=0, index=0): {'category': 'turtle', 'orientation': 4, 'taskCue': 'stim//ori1.png', 'stimfile': 'stim//turtle4.png', 'resp1': 'Turtle', 'resp2': 'Shoe', 'resp3': 'Car', 'resp4': 'Horse', 'resp5': 'Half Right', 'resp6': 'Full Right', 'resp7': 'Half Left', 'resp8': 'Full Left', 'objFirst': 'True', 'correctButton': 2, 'interval': 2.49}
88.6128 	DATA 	Keypress: 5
88.6290 	EXP 	text: autoDraw = False
88.6290 	EXP 	cue: image = 'stim//ori1.png'
88.6290 	EXP 	cue: autoDraw = True
89.6144 	EXP 	Created sequence: random, trialTypes=1, nReps=3, seed=None
89.6146 	EXP 	New trial (rep=0, index=0): None
89.7639 	EXP 	cue: autoDraw = False
89.7639 	EXP 	cue: autoDraw = False
89.7639 	EXP 	image: image = 'stim//turtle4.png'
89.7639 	EXP 	image: autoDraw = True
89.7639 	EXP 	fixCrossR_2: autoDraw = True
90.0169 	EXP 	image: autoDraw = False
90.0169 	EXP 	fixCrossR_2: autoDraw = False
90.0169 	EXP 	image: autoDraw = False
90.0169 	EXP 	fixCrossR_2: autoDraw = False
90.0169 	EXP 	fixCrossR_4: autoDraw = True
90.2500 	EXP 	New trial (rep=1, index=0): None
90.8801 	EXP 	fixCrossR_4: autoDraw = False
90.8801 	EXP 	fixCrossR_4: autoDraw = False
90.8801 	EXP 	image: image = 'stim//turtle4.png'
90.8801 	EXP 	image: autoDraw = True
90.8801 	EXP 	fixCrossR_2: autoDraw = True
91.1306 	EXP 	image: autoDraw = False
91.1306 	EXP 	fixCrossR_2: autoDraw = False
91.1306 	EXP 	image: autoDraw = False
91.1306 	EXP 	fixCrossR_2: autoDraw = False
91.1306 	EXP 	fixCrossR_4: autoDraw = True
91.3650 	EXP 	New trial (rep=2, index=0): None
91.5817 	EXP 	fixCrossR_4: autoDraw = False
91.5817 	EXP 	fixCrossR_4: autoDraw = False
91.5817 	EXP 	image: image = 'stim//turtle4.png'
91.5817 	EXP 	image: autoDraw = True
91.5817 	EXP 	fixCrossR_2: autoDraw = True
91.8313 	EXP 	image: autoDraw = False
91.8313 	EXP 	fixCrossR_2: autoDraw = False
91.8313 	EXP 	image: autoDraw = False
91.8313 	EXP 	fixCrossR_2: autoDraw = False
91.8313 	EXP 	fixCrossR_4: autoDraw = True
92.3817 	EXP 	fixCrossR_4: autoDraw = False
92.3817 	EXP 	fixCrossR_4: autoDraw = False
92.3817 	EXP 	fixCross: fillColor = <psychopy.colors.Color: black, alpha=1.0>
92.3817 	EXP 	fixCross: borderColor = <psychopy.colors.Color: black, alpha=1.0>
92.3817 	EXP 	text1: foreColor = <psychopy.colors.Color: white, alpha=1.0>
92.3817 	EXP 	text1: height = 0.05
92.3817 	EXP 	text1: height = 0.05
92.3817 	EXP 	text1: height = 0.05
92.3817 	EXP 	text1: text = 'Turtle'
92.3817 	EXP 	text2: foreColor = <psychopy.colors.Color: white, alpha=1.0>
92.3817 	EXP 	text2: height = 0.05
92.3817 	EXP 	text2: height = 0.05
92.3817 	EXP 	text2: height = 0.05
92.3817 	EXP 	text2: text = 'Shoe'
92.3817 	EXP 	text3: foreColor = <psychopy.colors.Color: white, alpha=1.0>
92.3817 	EXP 	text3: height = 0.05
92.3817 	EXP 	text3: height = 0.05
92.3817 	EXP 	text3: height = 0.05
92.3817 	EXP 	text3: text = 'Car'
92.3817 	EXP 	text4: foreColor = <psychopy.colors.Color: white, alpha=1.0>
92.3817 	EXP 	text4: height = 0.05
92.3817 	EXP 	text4: height = 0.05
92.3817 	EXP 	text4: height = 0.05
92.3817 	EXP 	text4: text = 'Horse'
92.3817 	EXP 	text5: foreColor = <psychopy.colors.Color: white, alpha=1.0>
92.3817 	EXP 	text5: height = 0.05
92.3817 	EXP 	text5: height = 0.05
92.3817 	EXP 	text5: height = 0.05
92.3817 	EXP 	text5: text = 'Half Right'
92.3817 	EXP 	text6: foreColor = <psychopy.colors.Color: white, alpha=1.0>
92.3817 	EXP 	text6: height = 0.05
92.3817 	EXP 	text6: height = 0.05
92.3817 	EXP 	text6: height = 0.05
92.3817 	EXP 	text6: text = 'Full Right'
92.3817 	EXP 	text7: foreColor = <psychopy.colors.Color: white, alpha=1.0>
92.3817 	EXP 	text7: height = 0.05
92.3817 	EXP 	text7: height = 0.05
92.3817 	EXP 	text7: height = 0.05
92.3817 	EXP 	text7: text = 'Half Left'
92.3817 	EXP 	text8: foreColor = <psychopy.colors.Color: white, alpha=1.0>
92.3817 	EXP 	text8: height = 0.05
92.3817 	EXP 	text8: height = 0.05
92.3817 	EXP 	text8: height = 0.05
92.3817 	EXP 	text8: text = 'Full Left'
92.3817 	EXP 	num1: foreColor = <psychopy.colors.Color: white, alpha=1.0>
92.3817 	EXP 	num1: height = 0.1
92.3817 	EXP 	num1: height = 0.1
92.3817 	EXP 	num1: height = 0.1
92.3817 	EXP 	num1: text = '1'
92.3817 	EXP 	num2: foreColor = <psychopy.colors.Color: white, alpha=1.0>
92.3817 	EXP 	num2: height = 0.1
92.3817 	EXP 	num2: height = 0.1
92.3817 	EXP 	num2: height = 0.1
92.3817 	EXP 	num2: text = '2'
92.3817 	EXP 	num3: foreColor = <psychopy.colors.Color: white, alpha=1.0>
92.3817 	EXP 	num3: height = 0.1
92.3817 	EXP 	num3: height = 0.1
92.3817 	EXP 	num3: height = 0.1
92.3817 	EXP 	num3: text = '3'
92.3817 	EXP 	num4: foreColor = <psychopy.colors.Color: white, alpha=1.0>
92.3817 	EXP 	num4: height = 0.1
92.3817 	EXP 	num4: height = 0.1
92.3817 	EXP 	num4: height = 0.1
92.3817 	EXP 	num4: text = '4'
92.3817 	EXP 	fixCross: autoDraw = True
92.3817 	EXP 	text1: autoDraw = True
92.3817 	EXP 	text2: autoDraw = True
92.3817 	EXP 	text3: autoDraw = True
92.3817 	EXP 	text4: autoDraw = True
92.3817 	EXP 	text5: autoDraw = True
92.3817 	EXP 	text6: autoDraw = True
92.3817 	EXP 	text7: autoDraw = True
92.3817 	EXP 	text8: autoDraw = True
92.3817 	EXP 	num1: autoDraw = True
92.3817 	EXP 	num2: autoDraw = True
92.3817 	EXP 	num3: autoDraw = True
92.3817 	EXP 	num4: autoDraw = True
93.5117 	DATA 	Keypress: 1
93.5335 	EXP 	fixCross: foreColor = <psychopy.colors.Color: (1.0, 0.0, 1.0, 1.0)>
93.5335 	EXP 	fixCross: borderColor = <psychopy.colors.Color: (1.0, 0.0, 1.0, 1.0)>
93.5335 	EXP 	fixCross: fillColor = <psychopy.colors.Color: (1.0, 0.0, 1.0, 1.0)>
95.3029 	EXP 	window1: mouseVisible = True
