2.3732 	ERROR 	Support for the `sounddevice` audio backend is not available this session. Please install `psychopy-sounddevice` and restart the session to enable support.
6.8955 	WARNING 	User requested fullscreen with size [1536  864], but screen is actually [1920, 1080]. Using actual size
7.6564 	EXP 	Created window1 = Window(allowGUI=True, allowStencil=False, autoLog=True, backendConf=UNKNOWN, backgroundFit=<method-wrapper '__getattribute__' of attributeSetter object at 0x0000025517258D00>, backgroundImage=<method-wrapper '__getattribute__' of attributeSetter object at 0x0000025517258CA0>, bitsMode=UNKNOWN, blendMode='avg', bpc=(8, 8, 8), color=array([-0.4039, -0.4039, -0.4039]), colorSpace='rgb', depthBits=8, fullscr=<method-wrapper '__getattribute__' of attributeSetter object at 0x0000025517258AC0>, gamma=None, gammaErrorPolicy='raise', lms=UNKNOWN, monitor=<psychopy.monitors.calibTools.Monitor object at 0x0000025517828C70>, multiSample=False, name='window1', numSamples=2, pos=(-1920, 0), screen=0, size=array([1920, 1080]), stencilBits=0, stereo=False, title='PsychoPy', units='height', useFBO=True, useRetina=False, viewOri=0.0, viewPos=None, viewScale=None, waitBlanking=True, winType='pyglet')
7.6566 	EXP 	window1: mouseVisible = True
7.6566 	EXP 	window1: backgroundImage = ''
7.6566 	EXP 	window1: backgroundFit = 'none'
7.6582 	EXP 	window1: Attempting to measure frame rate of screen (0) ...
7.6582 	EXP 	window1: recordFrameIntervals = False
7.8222 	EXP 	window1: recordFrameIntervals = True
8.0065 	EXP 	Screen (0) actual frame rate measured at 59.48Hz
8.0066 	EXP 	window1: recordFrameIntervals = False
8.0067 	EXP 	window1: mouseVisible = False
10.1207 	EXP 	pilotv2: status = STARTED
10.1208 	EXP 	window1: mouseVisible = True
10.1309 	EXP 	Created imageInstruct = ImageStim(__class__=<class 'psychopy.visual.image.ImageStim'>, anchor=('center', 'center'), autoLog=True, color=array([1., 1., 1.]), colorSpace='rgb', contrast=1.0, depth=0.0, draggable=False, flipHoriz=False, flipVert=False, image='default.png', interpolate=True, mask=None, maskParams=None, name='imageInstruct', opacity=1.0, ori=0.0, pos=array([0., 0.]), size=array([1.6    , 1.00736]), texRes=128.0, units='height', win=Window(...))
10.1312 	EXP 	window1: mouseVisible = True
10.1313 	EXP 	window1: mouseVisible = True
10.1318 	EXP 	window1: mouseVisible = True
10.1322 	EXP 	window1: mouseVisible = True
10.1458 	EXP 	window1: mouseVisible = True
10.1460 	EXP 	window1: mouseVisible = True
10.1464 	EXP 	window1: mouseVisible = True
10.1468 	EXP 	window1: mouseVisible = True
10.1583 	EXP 	window1: mouseVisible = True
10.1585 	EXP 	window1: mouseVisible = True
10.1587 	EXP 	window1: mouseVisible = True
10.1591 	EXP 	window1: mouseVisible = True
10.1595 	EXP 	window1: mouseVisible = True
10.1705 	EXP 	window1: mouseVisible = True
10.1706 	EXP 	window1: mouseVisible = True
10.1710 	EXP 	window1: mouseVisible = True
10.1714 	EXP 	window1: mouseVisible = True
10.1747 	EXP 	window1: mouseVisible = True
10.1749 	EXP 	window1: mouseVisible = True
10.2375 	EXP 	Created text_8 = TextStim(__class__=<class 'psychopy.visual.text.TextStim'>, alignHoriz=method-wrapper(...), alignText='center', alignVert=method-wrapper(...), anchorHoriz='center', anchorVert='center', antialias=True, autoDraw=False, autoLog=True, bold=False, color=array([1., 1., 1.]), colorSpace='rgb', contrast=1.0, depth=0.0, draggable=False, flipHoriz=False, flipVert=False, font='Open Sans', fontFiles=[], height=0.05, italic=False, languageStyle='LTR', name='text_8', opacity=1.0, ori=0.0, pos=array([0., 0.]), rgb=UNKNOWN, text=str(...), units='height', win=Window(...), wrapWidth=1)
10.2377 	EXP 	window1: mouseVisible = True
10.2378 	EXP 	window1: mouseVisible = True
10.2383 	EXP 	window1: mouseVisible = True
10.2387 	EXP 	window1: mouseVisible = True
10.2625 	EXP 	window1: mouseVisible = True
10.2626 	EXP 	window1: mouseVisible = True
10.2630 	EXP 	window1: mouseVisible = True
10.2634 	EXP 	window1: mouseVisible = True
10.2735 	EXP 	window1: mouseVisible = True
10.2737 	EXP 	window1: mouseVisible = True
10.2738 	EXP 	window1: mouseVisible = True
10.2742 	EXP 	window1: mouseVisible = True
10.2746 	EXP 	window1: mouseVisible = True
10.2830 	EXP 	window1: mouseVisible = True
10.2832 	EXP 	window1: mouseVisible = True
10.2836 	EXP 	window1: mouseVisible = True
10.2840 	EXP 	window1: mouseVisible = True
10.2873 	EXP 	window1: mouseVisible = True
10.2874 	EXP 	window1: mouseVisible = True
10.2912 	EXP 	Created image_17 = ImageStim(__class__=<class 'psychopy.visual.image.ImageStim'>, anchor=('center', 'center'), autoLog=True, color=array([1., 1., 1.]), colorSpace='rgb', contrast=1.0, depth=-3.0, draggable=False, flipHoriz=False, flipVert=False, image='stim/ori1.png', interpolate=True, mask=None, maskParams=None, name='image_17', opacity=1.0, ori=0.0, pos=array([0.  , 0.23]), size=array([0.15, 0.15]), texRes=128.0, units='height', win=Window(...))
10.2913 	EXP 	window1: mouseVisible = True
10.2953 	EXP 	Created text_9 = TextStim(__class__=<class 'psychopy.visual.text.TextStim'>, alignHoriz=method-wrapper(...), alignText='center', alignVert=method-wrapper(...), anchorHoriz='center', anchorVert='center', antialias=True, autoDraw=False, autoLog=True, bold=False, color=array([1., 1., 1.]), colorSpace='rgb', contrast=1.0, depth=0.0, draggable=False, flipHoriz=False, flipVert=False, font='Open Sans', fontFiles=[], height=0.05, italic=False, languageStyle='LTR', name='text_9', opacity=1.0, ori=0.0, pos=array([0., 0.]), rgb=UNKNOWN, text=str(...), units='height', win=Window(...), wrapWidth=1)
10.2955 	EXP 	window1: mouseVisible = True
10.2956 	EXP 	window1: mouseVisible = True
10.2960 	EXP 	window1: mouseVisible = True
10.2964 	EXP 	window1: mouseVisible = True
10.3003 	EXP 	window1: mouseVisible = True
10.3004 	EXP 	window1: mouseVisible = True
10.3008 	EXP 	window1: mouseVisible = True
10.3012 	EXP 	window1: mouseVisible = True
10.3045 	EXP 	window1: mouseVisible = True
10.3046 	EXP 	window1: mouseVisible = True
10.3048 	EXP 	window1: mouseVisible = True
10.3053 	EXP 	window1: mouseVisible = True
10.3057 	EXP 	window1: mouseVisible = True
10.3095 	EXP 	window1: mouseVisible = True
10.3096 	EXP 	window1: mouseVisible = True
10.3100 	EXP 	window1: mouseVisible = True
10.3104 	EXP 	window1: mouseVisible = True
10.3138 	EXP 	window1: mouseVisible = True
10.3139 	EXP 	window1: mouseVisible = True
10.3179 	EXP 	Created image_18 = ImageStim(__class__=<class 'psychopy.visual.image.ImageStim'>, anchor=('center', 'center'), autoLog=True, color=array([1., 1., 1.]), colorSpace='rgb', contrast=1.0, depth=-3.0, draggable=False, flipHoriz=False, flipVert=False, image='stim/obj2.png', interpolate=True, mask=None, maskParams=None, name='image_18', opacity=1.0, ori=0.0, pos=array([0.  , 0.23]), size=array([0.15, 0.15]), texRes=128.0, units='height', win=Window(...))
10.3180 	EXP 	window1: mouseVisible = True
10.3219 	EXP 	Created text_10 = TextStim(__class__=<class 'psychopy.visual.text.TextStim'>, alignHoriz=method-wrapper(...), alignText='center', alignVert=method-wrapper(...), anchorHoriz='center', anchorVert='center', antialias=True, autoDraw=False, autoLog=True, bold=False, color=array([1., 1., 1.]), colorSpace='rgb', contrast=1.0, depth=0.0, draggable=False, flipHoriz=False, flipVert=False, font='Open Sans', fontFiles=[], height=0.05, italic=False, languageStyle='LTR', name='text_10', opacity=1.0, ori=0.0, pos=array([0., 0.]), rgb=UNKNOWN, text=str(...), units='height', win=Window(...), wrapWidth=1)
10.3221 	EXP 	window1: mouseVisible = True
10.3222 	EXP 	window1: mouseVisible = True
10.3227 	EXP 	window1: mouseVisible = True
10.3231 	EXP 	window1: mouseVisible = True
10.3269 	EXP 	window1: mouseVisible = True
10.3271 	EXP 	window1: mouseVisible = True
10.3275 	EXP 	window1: mouseVisible = True
10.3279 	EXP 	window1: mouseVisible = True
10.3312 	EXP 	window1: mouseVisible = True
10.3314 	EXP 	window1: mouseVisible = True
10.3315 	EXP 	window1: mouseVisible = True
10.3319 	EXP 	window1: mouseVisible = True
10.3323 	EXP 	window1: mouseVisible = True
10.3362 	EXP 	window1: mouseVisible = True
10.3363 	EXP 	window1: mouseVisible = True
10.3367 	EXP 	window1: mouseVisible = True
10.3371 	EXP 	window1: mouseVisible = True
10.3404 	EXP 	window1: mouseVisible = True
10.3405 	EXP 	window1: mouseVisible = True
10.3444 	EXP 	Created image_19 = ImageStim(__class__=<class 'psychopy.visual.image.ImageStim'>, anchor=('center', 'center'), autoLog=True, color=array([1., 1., 1.]), colorSpace='rgb', contrast=1.0, depth=-3.0, draggable=False, flipHoriz=False, flipVert=False, image='stim/ori2.png', interpolate=True, mask=None, maskParams=None, name='image_19', opacity=1.0, ori=0.0, pos=array([0.  , 0.23]), size=array([0.15, 0.15]), texRes=128.0, units='height', win=Window(...))
10.3445 	EXP 	window1: mouseVisible = True
10.3486 	EXP 	Created text_11 = TextStim(__class__=<class 'psychopy.visual.text.TextStim'>, alignHoriz=method-wrapper(...), alignText='center', alignVert=method-wrapper(...), anchorHoriz='center', anchorVert='center', antialias=True, autoDraw=False, autoLog=True, bold=False, color=array([1., 1., 1.]), colorSpace='rgb', contrast=1.0, depth=0.0, draggable=False, flipHoriz=False, flipVert=False, font='Open Sans', fontFiles=[], height=0.05, italic=False, languageStyle='LTR', name='text_11', opacity=1.0, ori=0.0, pos=array([0., 0.]), rgb=UNKNOWN, text=str(...), units='height', win=Window(...), wrapWidth=1)
10.3489 	EXP 	window1: mouseVisible = True
10.3490 	EXP 	window1: mouseVisible = True
10.3494 	EXP 	window1: mouseVisible = True
10.3498 	EXP 	window1: mouseVisible = True
10.3536 	EXP 	window1: mouseVisible = True
10.3537 	EXP 	window1: mouseVisible = True
10.3541 	EXP 	window1: mouseVisible = True
10.3545 	EXP 	window1: mouseVisible = True
10.3578 	EXP 	window1: mouseVisible = True
10.3580 	EXP 	window1: mouseVisible = True
10.3581 	EXP 	window1: mouseVisible = True
10.3586 	EXP 	window1: mouseVisible = True
10.3589 	EXP 	window1: mouseVisible = True
10.3629 	EXP 	window1: mouseVisible = True
10.3630 	EXP 	window1: mouseVisible = True
10.3634 	EXP 	window1: mouseVisible = True
10.3639 	EXP 	window1: mouseVisible = True
10.3672 	EXP 	window1: mouseVisible = True
10.3673 	EXP 	window1: mouseVisible = True
10.3714 	EXP 	Created image_20 = ImageStim(__class__=<class 'psychopy.visual.image.ImageStim'>, anchor=('center', 'center'), autoLog=True, color=array([1., 1., 1.]), colorSpace='rgb', contrast=1.0, depth=-3.0, draggable=False, flipHoriz=False, flipVert=False, image='stim/obj1.png', interpolate=True, mask=None, maskParams=None, name='image_20', opacity=1.0, ori=0.0, pos=array([0.  , 0.23]), size=array([0.15, 0.15]), texRes=128.0, units='height', win=Window(...))
10.3715 	EXP 	window1: mouseVisible = True
10.3807 	EXP 	Created imageInstruct_2 = ImageStim(__class__=<class 'psychopy.visual.image.ImageStim'>, anchor=('center', 'center'), autoLog=True, color=array([1., 1., 1.]), colorSpace='rgb', contrast=1.0, depth=0.0, draggable=False, flipHoriz=False, flipVert=False, image='default.png', interpolate=True, mask=None, maskParams=None, name='imageInstruct_2', opacity=1.0, ori=0.0, pos=array([0., 0.]), size=array([1.6    , 1.00736]), texRes=128.0, units='height', win=Window(...))
10.3809 	EXP 	window1: mouseVisible = True
10.3810 	EXP 	window1: mouseVisible = True
10.3814 	EXP 	window1: mouseVisible = True
10.3820 	EXP 	window1: mouseVisible = True
10.3858 	EXP 	window1: mouseVisible = True
10.3860 	EXP 	window1: mouseVisible = True
10.3864 	EXP 	window1: mouseVisible = True
10.3868 	EXP 	window1: mouseVisible = True
10.3901 	EXP 	window1: mouseVisible = True
10.3902 	EXP 	window1: mouseVisible = True
10.3904 	EXP 	window1: mouseVisible = True
10.3908 	EXP 	window1: mouseVisible = True
10.3911 	EXP 	window1: mouseVisible = True
10.3950 	EXP 	window1: mouseVisible = True
10.3951 	EXP 	window1: mouseVisible = True
10.3955 	EXP 	window1: mouseVisible = True
10.3959 	EXP 	window1: mouseVisible = True
10.3992 	EXP 	window1: mouseVisible = True
10.3993 	EXP 	window1: mouseVisible = True
10.4091 	EXP 	Created text = TextStim(__class__=<class 'psychopy.visual.text.TextStim'>, alignHoriz=method-wrapper(...), alignText='center', alignVert=method-wrapper(...), anchorHoriz='center', anchorVert='center', antialias=True, autoDraw=False, autoLog=True, bold=False, color=array([1., 1., 1.]), colorSpace='rgb', contrast=1.0, depth=0.0, draggable=False, flipHoriz=False, flipVert=False, font='Open Sans', fontFiles=[], height=0.05, italic=False, languageStyle='LTR', name='text', opacity=1.0, ori=0.0, pos=array([0., 0.]), rgb=UNKNOWN, text='The experiment will begin soon. Get ready!', units='height', win=Window(...), wrapWidth=1)
10.4092 	EXP 	window1: mouseVisible = True
10.4181 	EXP 	Created cue = ImageStim(__class__=<class 'psychopy.visual.image.ImageStim'>, anchor=('center', 'center'), autoLog=True, color=array([1., 1., 1.]), colorSpace='rgb', contrast=1.0, depth=0.0, draggable=False, flipHoriz=False, flipVert=False, image='default.png', interpolate=True, mask=None, maskParams=None, name='cue', opacity=1.0, ori=0.0, pos=array([0., 0.]), size=array([0.15, 0.15]), texRes=128.0, units='height', win=Window(...))
10.4182 	EXP 	window1: mouseVisible = True
10.4270 	EXP 	Created image = ImageStim(__class__=<class 'psychopy.visual.image.ImageStim'>, anchor=('center', 'center'), autoLog=True, color=array([1., 1., 1.]), colorSpace='rgb', contrast=1.0, depth=0.0, draggable=False, flipHoriz=False, flipVert=False, image='default.png', interpolate=True, mask=None, maskParams=None, name='image', opacity=1.0, ori=0.0, pos=array([0., 0.]), size=array([0.5, 0.5]), texRes=128.0, units='height', win=Window(...))
10.4272 	EXP 	window1: mouseVisible = True
10.4290 	EXP 	Created fixCrossR_2 = ShapeStim(__class__=<class 'psychopy.visual.shape.ShapeStim'>, anchor=('center', 'center'), autoDraw=False, autoLog=True, closeShape=True, color=method-wrapper(...), colorSpace='rgb', contrast=None, depth=-1.0, draggable=False, fillColor=array([-1, -1, -1]), fillColorSpace='rgb', fillRGB=array([-1, -1, -1]), interpolate=True, lineColor=array([-1., -1., -1.]), lineColorSpace='rgb', lineRGB=array([-1, -1, -1]), lineWidth=1.0, name='fixCrossR_2', opacity=1.0, ori=0.0, pos=array([0., 0.]), size=array([0.02, 0.02]), units='height', vertices=ndarray(...), win=Window(...), windingRule=None)
10.4291 	EXP 	window1: mouseVisible = True
10.4308 	EXP 	Created fixCrossR_4 = ShapeStim(__class__=<class 'psychopy.visual.shape.ShapeStim'>, anchor=('center', 'center'), autoDraw=False, autoLog=True, closeShape=True, color=method-wrapper(...), colorSpace='rgb', contrast=None, depth=0.0, draggable=False, fillColor=array([-1, -1, -1]), fillColorSpace='rgb', fillRGB=array([-1, -1, -1]), interpolate=True, lineColor=array([-1., -1., -1.]), lineColorSpace='rgb', lineRGB=array([-1, -1, -1]), lineWidth=1.0, name='fixCrossR_4', opacity=1.0, ori=0.0, pos=array([0., 0.]), size=array([0.02, 0.02]), units='height', vertices=ndarray(...), win=Window(...), windingRule=None)
10.4309 	EXP 	window1: mouseVisible = True
10.4326 	EXP 	Created fixCross_2 = ShapeStim(__class__=<class 'psychopy.visual.shape.ShapeStim'>, anchor=('center', 'center'), autoDraw=False, autoLog=True, closeShape=True, color=method-wrapper(...), colorSpace='rgb', contrast=None, depth=0.0, draggable=False, fillColor=array([1, 1, 1]), fillColorSpace='rgb', fillRGB=array([1, 1, 1]), interpolate=True, lineColor=array([1., 1., 1.]), lineColorSpace='rgb', lineRGB=array([1, 1, 1]), lineWidth=1.0, name='fixCross_2', opacity=1.0, ori=0.0, pos=array([0., 0.]), size=array([0.02, 0.02]), units='height', vertices=ndarray(...), win=Window(...), windingRule=None)
10.4327 	EXP 	window1: mouseVisible = True
10.4345 	EXP 	Created text1_2 = TextStim(__class__=<class 'psychopy.visual.text.TextStim'>, alignHoriz=method-wrapper(...), alignText='center', alignVert=method-wrapper(...), anchorHoriz='center', anchorVert='center', antialias=True, autoDraw=False, autoLog=True, bold=False, color=array([1., 1., 1.]), colorSpace='rgb', contrast=1.0, depth=-1.0, draggable=False, flipHoriz=False, flipVert=False, font='Open Sans', fontFiles=[], height=0.05, italic=False, languageStyle='LTR', name='text1_2', opacity=1.0, ori=0.0, pos=array([-0.225,  0.08 ]), rgb=UNKNOWN, text='', units='norm', win=Window(...), wrapWidth=1)
10.4346 	EXP 	window1: mouseVisible = True
10.4356 	EXP 	Created text2_2 = TextStim(__class__=<class 'psychopy.visual.text.TextStim'>, alignHoriz=method-wrapper(...), alignText='center', alignVert=method-wrapper(...), anchorHoriz='center', anchorVert='center', antialias=True, autoDraw=False, autoLog=True, bold=False, color=array([1., 1., 1.]), colorSpace='rgb', contrast=1.0, depth=-2.0, draggable=False, flipHoriz=False, flipVert=False, font='Open Sans', fontFiles=[], height=0.05, italic=False, languageStyle='LTR', name='text2_2', opacity=1.0, ori=0.0, pos=array([-0.075,  0.08 ]), rgb=UNKNOWN, text='', units='norm', win=Window(...), wrapWidth=1)
10.4357 	EXP 	window1: mouseVisible = True
10.4367 	EXP 	Created text3_2 = TextStim(__class__=<class 'psychopy.visual.text.TextStim'>, alignHoriz=method-wrapper(...), alignText='center', alignVert=method-wrapper(...), anchorHoriz='center', anchorVert='center', antialias=True, autoDraw=False, autoLog=True, bold=False, color=array([1., 1., 1.]), colorSpace='rgb', contrast=1.0, depth=-3.0, draggable=False, flipHoriz=False, flipVert=False, font='Open Sans', fontFiles=[], height=0.05, italic=False, languageStyle='LTR', name='text3_2', opacity=1.0, ori=0.0, pos=array([0.075, 0.08 ]), rgb=UNKNOWN, text='', units='norm', win=Window(...), wrapWidth=1)
10.4368 	EXP 	window1: mouseVisible = True
10.4378 	EXP 	Created text4_2 = TextStim(__class__=<class 'psychopy.visual.text.TextStim'>, alignHoriz=method-wrapper(...), alignText='center', alignVert=method-wrapper(...), anchorHoriz='center', anchorVert='center', antialias=True, autoDraw=False, autoLog=True, bold=False, color=array([1., 1., 1.]), colorSpace='rgb', contrast=1.0, depth=-4.0, draggable=False, flipHoriz=False, flipVert=False, font='Open Sans', fontFiles=[], height=0.05, italic=False, languageStyle='LTR', name='text4_2', opacity=1.0, ori=0.0, pos=array([0.225, 0.08 ]), rgb=UNKNOWN, text='', units='norm', win=Window(...), wrapWidth=1)
10.4379 	EXP 	window1: mouseVisible = True
10.4389 	EXP 	Created text5_2 = TextStim(__class__=<class 'psychopy.visual.text.TextStim'>, alignHoriz=method-wrapper(...), alignText='center', alignVert=method-wrapper(...), anchorHoriz='center', anchorVert='center', antialias=True, autoDraw=False, autoLog=True, bold=False, color=array([1., 1., 1.]), colorSpace='rgb', contrast=1.0, depth=-5.0, draggable=False, flipHoriz=False, flipVert=False, font='Open Sans', fontFiles=[], height=0.05, italic=False, languageStyle='LTR', name='text5_2', opacity=1.0, ori=0.0, pos=array([-0.225, -0.08 ]), rgb=UNKNOWN, text='', units='norm', win=Window(...), wrapWidth=1)
10.4390 	EXP 	window1: mouseVisible = True
10.4399 	EXP 	Created text6_2 = TextStim(__class__=<class 'psychopy.visual.text.TextStim'>, alignHoriz=method-wrapper(...), alignText='center', alignVert=method-wrapper(...), anchorHoriz='center', anchorVert='center', antialias=True, autoDraw=False, autoLog=True, bold=False, color=array([1., 1., 1.]), colorSpace='rgb', contrast=1.0, depth=-6.0, draggable=False, flipHoriz=False, flipVert=False, font='Open Sans', fontFiles=[], height=0.05, italic=False, languageStyle='LTR', name='text6_2', opacity=1.0, ori=0.0, pos=array([-0.075, -0.08 ]), rgb=UNKNOWN, text='', units='norm', win=Window(...), wrapWidth=1)
10.4400 	EXP 	window1: mouseVisible = True
10.4409 	EXP 	Created text7_2 = TextStim(__class__=<class 'psychopy.visual.text.TextStim'>, alignHoriz=method-wrapper(...), alignText='center', alignVert=method-wrapper(...), anchorHoriz='center', anchorVert='center', antialias=True, autoDraw=False, autoLog=True, bold=False, color=array([1., 1., 1.]), colorSpace='rgb', contrast=1.0, depth=-7.0, draggable=False, flipHoriz=False, flipVert=False, font='Open Sans', fontFiles=[], height=0.05, italic=False, languageStyle='LTR', name='text7_2', opacity=1.0, ori=0.0, pos=array([ 0.075, -0.08 ]), rgb=UNKNOWN, text='', units='norm', win=Window(...), wrapWidth=1)
10.4410 	EXP 	window1: mouseVisible = True
10.4420 	EXP 	Created text8_2 = TextStim(__class__=<class 'psychopy.visual.text.TextStim'>, alignHoriz=method-wrapper(...), alignText='center', alignVert=method-wrapper(...), anchorHoriz='center', anchorVert='center', antialias=True, autoDraw=False, autoLog=True, bold=False, color=array([1., 1., 1.]), colorSpace='rgb', contrast=1.0, depth=-8.0, draggable=False, flipHoriz=False, flipVert=False, font='Open Sans', fontFiles=[], height=0.05, italic=False, languageStyle='LTR', name='text8_2', opacity=1.0, ori=0.0, pos=array([ 0.225, -0.08 ]), rgb=UNKNOWN, text='', units='norm', win=Window(...), wrapWidth=1)
10.4421 	EXP 	window1: mouseVisible = True
10.4431 	EXP 	Created num1_2 = TextStim(__class__=<class 'psychopy.visual.text.TextStim'>, alignHoriz=method-wrapper(...), alignText='center', alignVert=method-wrapper(...), anchorHoriz='center', anchorVert='center', antialias=True, autoDraw=False, autoLog=True, bold=False, color=array([1., 1., 1.]), colorSpace='rgb', contrast=1.0, depth=-10.0, draggable=False, flipHoriz=False, flipVert=False, font='Open Sans', fontFiles=[], height=0.1, italic=False, languageStyle='LTR', name='num1_2', opacity=1.0, ori=0.0, pos=array([-0.225,  0.24 ]), rgb=UNKNOWN, text='', units='norm', win=Window(...), wrapWidth=1)
10.4432 	EXP 	window1: mouseVisible = True
10.4442 	EXP 	Created num2_2 = TextStim(__class__=<class 'psychopy.visual.text.TextStim'>, alignHoriz=method-wrapper(...), alignText='center', alignVert=method-wrapper(...), anchorHoriz='center', anchorVert='center', antialias=True, autoDraw=False, autoLog=True, bold=False, color=array([1., 1., 1.]), colorSpace='rgb', contrast=1.0, depth=-11.0, draggable=False, flipHoriz=False, flipVert=False, font='Open Sans', fontFiles=[], height=0.1, italic=False, languageStyle='LTR', name='num2_2', opacity=1.0, ori=0.0, pos=array([-0.075,  0.24 ]), rgb=UNKNOWN, text='', units='norm', win=Window(...), wrapWidth=1)
10.4443 	EXP 	window1: mouseVisible = True
10.4452 	EXP 	Created num3_2 = TextStim(__class__=<class 'psychopy.visual.text.TextStim'>, alignHoriz=method-wrapper(...), alignText='center', alignVert=method-wrapper(...), anchorHoriz='center', anchorVert='center', antialias=True, autoDraw=False, autoLog=True, bold=False, color=array([1., 1., 1.]), colorSpace='rgb', contrast=1.0, depth=-12.0, draggable=False, flipHoriz=False, flipVert=False, font='Open Sans', fontFiles=[], height=0.1, italic=False, languageStyle='LTR', name='num3_2', opacity=1.0, ori=0.0, pos=array([0.075, 0.24 ]), rgb=UNKNOWN, text='', units='norm', win=Window(...), wrapWidth=1)
10.4453 	EXP 	window1: mouseVisible = True
10.4462 	EXP 	Created num4_2 = TextStim(__class__=<class 'psychopy.visual.text.TextStim'>, alignHoriz=method-wrapper(...), alignText='center', alignVert=method-wrapper(...), anchorHoriz='center', anchorVert='center', antialias=True, autoDraw=False, autoLog=True, bold=False, color=array([1., 1., 1.]), colorSpace='rgb', contrast=1.0, depth=-13.0, draggable=False, flipHoriz=False, flipVert=False, font='Open Sans', fontFiles=[], height=0.1, italic=False, languageStyle='LTR', name='num4_2', opacity=1.0, ori=0.0, pos=array([0.225, 0.24 ]), rgb=UNKNOWN, text='', units='norm', win=Window(...), wrapWidth=1)
10.4463 	EXP 	window1: mouseVisible = True
10.4551 	EXP 	Created cue = ImageStim(__class__=<class 'psychopy.visual.image.ImageStim'>, anchor=('center', 'center'), autoLog=True, color=array([1., 1., 1.]), colorSpace='rgb', contrast=1.0, depth=0.0, draggable=False, flipHoriz=False, flipVert=False, image='default.png', interpolate=True, mask=None, maskParams=None, name='cue', opacity=1.0, ori=0.0, pos=array([0., 0.]), size=array([0.15, 0.15]), texRes=128.0, units='height', win=Window(...))
10.4552 	EXP 	window1: mouseVisible = True
10.4640 	EXP 	Created image = ImageStim(__class__=<class 'psychopy.visual.image.ImageStim'>, anchor=('center', 'center'), autoLog=True, color=array([1., 1., 1.]), colorSpace='rgb', contrast=1.0, depth=0.0, draggable=False, flipHoriz=False, flipVert=False, image='default.png', interpolate=True, mask=None, maskParams=None, name='image', opacity=1.0, ori=0.0, pos=array([0., 0.]), size=array([0.5, 0.5]), texRes=128.0, units='height', win=Window(...))
10.4642 	EXP 	window1: mouseVisible = True
10.4659 	EXP 	Created fixCrossR_2 = ShapeStim(__class__=<class 'psychopy.visual.shape.ShapeStim'>, anchor=('center', 'center'), autoDraw=False, autoLog=True, closeShape=True, color=method-wrapper(...), colorSpace='rgb', contrast=None, depth=-1.0, draggable=False, fillColor=array([-1, -1, -1]), fillColorSpace='rgb', fillRGB=array([-1, -1, -1]), interpolate=True, lineColor=array([-1., -1., -1.]), lineColorSpace='rgb', lineRGB=array([-1, -1, -1]), lineWidth=1.0, name='fixCrossR_2', opacity=1.0, ori=0.0, pos=array([0., 0.]), size=array([0.02, 0.02]), units='height', vertices=ndarray(...), win=Window(...), windingRule=None)
10.4660 	EXP 	window1: mouseVisible = True
10.4677 	EXP 	Created fixCrossR_4 = ShapeStim(__class__=<class 'psychopy.visual.shape.ShapeStim'>, anchor=('center', 'center'), autoDraw=False, autoLog=True, closeShape=True, color=method-wrapper(...), colorSpace='rgb', contrast=None, depth=0.0, draggable=False, fillColor=array([-1, -1, -1]), fillColorSpace='rgb', fillRGB=array([-1, -1, -1]), interpolate=True, lineColor=array([-1., -1., -1.]), lineColorSpace='rgb', lineRGB=array([-1, -1, -1]), lineWidth=1.0, name='fixCrossR_4', opacity=1.0, ori=0.0, pos=array([0., 0.]), size=array([0.02, 0.02]), units='height', vertices=ndarray(...), win=Window(...), windingRule=None)
10.4678 	EXP 	window1: mouseVisible = True
10.4695 	EXP 	Created fixCross = ShapeStim(__class__=<class 'psychopy.visual.shape.ShapeStim'>, anchor=('center', 'center'), autoDraw=False, autoLog=True, closeShape=True, color=method-wrapper(...), colorSpace='rgb', contrast=None, depth=0.0, draggable=False, fillColor=array([1, 1, 1]), fillColorSpace='rgb', fillRGB=array([1, 1, 1]), interpolate=True, lineColor=array([1., 1., 1.]), lineColorSpace='rgb', lineRGB=array([1, 1, 1]), lineWidth=1.0, name='fixCross', opacity=1.0, ori=0.0, pos=array([0., 0.]), size=array([0.02, 0.02]), units='height', vertices=ndarray(...), win=Window(...), windingRule=None)
10.4696 	EXP 	window1: mouseVisible = True
10.4707 	EXP 	Created text1 = TextStim(__class__=<class 'psychopy.visual.text.TextStim'>, alignHoriz=method-wrapper(...), alignText='center', alignVert=method-wrapper(...), anchorHoriz='center', anchorVert='center', antialias=True, autoDraw=False, autoLog=True, bold=False, color=array([1., 1., 1.]), colorSpace='rgb', contrast=1.0, depth=-1.0, draggable=False, flipHoriz=False, flipVert=False, font='Open Sans', fontFiles=[], height=0.05, italic=False, languageStyle='LTR', name='text1', opacity=1.0, ori=0.0, pos=array([-0.225,  0.08 ]), rgb=UNKNOWN, text='', units='norm', win=Window(...), wrapWidth=1)
10.4709 	EXP 	window1: mouseVisible = True
10.4719 	EXP 	Created text2 = TextStim(__class__=<class 'psychopy.visual.text.TextStim'>, alignHoriz=method-wrapper(...), alignText='center', alignVert=method-wrapper(...), anchorHoriz='center', anchorVert='center', antialias=True, autoDraw=False, autoLog=True, bold=False, color=array([1., 1., 1.]), colorSpace='rgb', contrast=1.0, depth=-2.0, draggable=False, flipHoriz=False, flipVert=False, font='Open Sans', fontFiles=[], height=0.05, italic=False, languageStyle='LTR', name='text2', opacity=1.0, ori=0.0, pos=array([-0.075,  0.08 ]), rgb=UNKNOWN, text='', units='norm', win=Window(...), wrapWidth=1)
10.4721 	EXP 	window1: mouseVisible = True
10.4730 	EXP 	Created text3 = TextStim(__class__=<class 'psychopy.visual.text.TextStim'>, alignHoriz=method-wrapper(...), alignText='center', alignVert=method-wrapper(...), anchorHoriz='center', anchorVert='center', antialias=True, autoDraw=False, autoLog=True, bold=False, color=array([1., 1., 1.]), colorSpace='rgb', contrast=1.0, depth=-3.0, draggable=False, flipHoriz=False, flipVert=False, font='Open Sans', fontFiles=[], height=0.05, italic=False, languageStyle='LTR', name='text3', opacity=1.0, ori=0.0, pos=array([0.075, 0.08 ]), rgb=UNKNOWN, text='', units='norm', win=Window(...), wrapWidth=1)
10.4731 	EXP 	window1: mouseVisible = True
10.4740 	EXP 	Created text4 = TextStim(__class__=<class 'psychopy.visual.text.TextStim'>, alignHoriz=method-wrapper(...), alignText='center', alignVert=method-wrapper(...), anchorHoriz='center', anchorVert='center', antialias=True, autoDraw=False, autoLog=True, bold=False, color=array([1., 1., 1.]), colorSpace='rgb', contrast=1.0, depth=-4.0, draggable=False, flipHoriz=False, flipVert=False, font='Open Sans', fontFiles=[], height=0.05, italic=False, languageStyle='LTR', name='text4', opacity=1.0, ori=0.0, pos=array([0.225, 0.08 ]), rgb=UNKNOWN, text='', units='norm', win=Window(...), wrapWidth=1)
10.4741 	EXP 	window1: mouseVisible = True
10.4751 	EXP 	Created text5 = TextStim(__class__=<class 'psychopy.visual.text.TextStim'>, alignHoriz=method-wrapper(...), alignText='center', alignVert=method-wrapper(...), anchorHoriz='center', anchorVert='center', antialias=True, autoDraw=False, autoLog=True, bold=False, color=array([1., 1., 1.]), colorSpace='rgb', contrast=1.0, depth=-5.0, draggable=False, flipHoriz=False, flipVert=False, font='Open Sans', fontFiles=[], height=0.05, italic=False, languageStyle='LTR', name='text5', opacity=1.0, ori=0.0, pos=array([-0.225, -0.08 ]), rgb=UNKNOWN, text='', units='norm', win=Window(...), wrapWidth=1)
10.4751 	EXP 	window1: mouseVisible = True
10.4761 	EXP 	Created text6 = TextStim(__class__=<class 'psychopy.visual.text.TextStim'>, alignHoriz=method-wrapper(...), alignText='center', alignVert=method-wrapper(...), anchorHoriz='center', anchorVert='center', antialias=True, autoDraw=False, autoLog=True, bold=False, color=array([1., 1., 1.]), colorSpace='rgb', contrast=1.0, depth=-6.0, draggable=False, flipHoriz=False, flipVert=False, font='Open Sans', fontFiles=[], height=0.05, italic=False, languageStyle='LTR', name='text6', opacity=1.0, ori=0.0, pos=array([-0.075, -0.08 ]), rgb=UNKNOWN, text='', units='norm', win=Window(...), wrapWidth=1)
10.4762 	EXP 	window1: mouseVisible = True
10.4771 	EXP 	Created text7 = TextStim(__class__=<class 'psychopy.visual.text.TextStim'>, alignHoriz=method-wrapper(...), alignText='center', alignVert=method-wrapper(...), anchorHoriz='center', anchorVert='center', antialias=True, autoDraw=False, autoLog=True, bold=False, color=array([1., 1., 1.]), colorSpace='rgb', contrast=1.0, depth=-7.0, draggable=False, flipHoriz=False, flipVert=False, font='Open Sans', fontFiles=[], height=0.05, italic=False, languageStyle='LTR', name='text7', opacity=1.0, ori=0.0, pos=array([ 0.075, -0.08 ]), rgb=UNKNOWN, text='', units='norm', win=Window(...), wrapWidth=1)
10.4772 	EXP 	window1: mouseVisible = True
10.4781 	EXP 	Created text8 = TextStim(__class__=<class 'psychopy.visual.text.TextStim'>, alignHoriz=method-wrapper(...), alignText='center', alignVert=method-wrapper(...), anchorHoriz='center', anchorVert='center', antialias=True, autoDraw=False, autoLog=True, bold=False, color=array([1., 1., 1.]), colorSpace='rgb', contrast=1.0, depth=-8.0, draggable=False, flipHoriz=False, flipVert=False, font='Open Sans', fontFiles=[], height=0.05, italic=False, languageStyle='LTR', name='text8', opacity=1.0, ori=0.0, pos=array([ 0.225, -0.08 ]), rgb=UNKNOWN, text='', units='norm', win=Window(...), wrapWidth=1)
10.4782 	EXP 	window1: mouseVisible = True
10.4792 	EXP 	Created num1 = TextStim(__class__=<class 'psychopy.visual.text.TextStim'>, alignHoriz=method-wrapper(...), alignText='center', alignVert=method-wrapper(...), anchorHoriz='center', anchorVert='center', antialias=True, autoDraw=False, autoLog=True, bold=False, color=array([1., 1., 1.]), colorSpace='rgb', contrast=1.0, depth=-10.0, draggable=False, flipHoriz=False, flipVert=False, font='Open Sans', fontFiles=[], height=0.1, italic=False, languageStyle='LTR', name='num1', opacity=1.0, ori=0.0, pos=array([-0.225,  0.24 ]), rgb=UNKNOWN, text='', units='norm', win=Window(...), wrapWidth=1)
10.4793 	EXP 	window1: mouseVisible = True
10.4803 	EXP 	Created num2 = TextStim(__class__=<class 'psychopy.visual.text.TextStim'>, alignHoriz=method-wrapper(...), alignText='center', alignVert=method-wrapper(...), anchorHoriz='center', anchorVert='center', antialias=True, autoDraw=False, autoLog=True, bold=False, color=array([1., 1., 1.]), colorSpace='rgb', contrast=1.0, depth=-11.0, draggable=False, flipHoriz=False, flipVert=False, font='Open Sans', fontFiles=[], height=0.1, italic=False, languageStyle='LTR', name='num2', opacity=1.0, ori=0.0, pos=array([-0.075,  0.24 ]), rgb=UNKNOWN, text='', units='norm', win=Window(...), wrapWidth=1)
10.4804 	EXP 	window1: mouseVisible = True
10.4814 	EXP 	Created num3 = TextStim(__class__=<class 'psychopy.visual.text.TextStim'>, alignHoriz=method-wrapper(...), alignText='center', alignVert=method-wrapper(...), anchorHoriz='center', anchorVert='center', antialias=True, autoDraw=False, autoLog=True, bold=False, color=array([1., 1., 1.]), colorSpace='rgb', contrast=1.0, depth=-12.0, draggable=False, flipHoriz=False, flipVert=False, font='Open Sans', fontFiles=[], height=0.1, italic=False, languageStyle='LTR', name='num3', opacity=1.0, ori=0.0, pos=array([0.075, 0.24 ]), rgb=UNKNOWN, text='', units='norm', win=Window(...), wrapWidth=1)
10.4815 	EXP 	window1: mouseVisible = True
10.4824 	EXP 	Created num4 = TextStim(__class__=<class 'psychopy.visual.text.TextStim'>, alignHoriz=method-wrapper(...), alignText='center', alignVert=method-wrapper(...), anchorHoriz='center', anchorVert='center', antialias=True, autoDraw=False, autoLog=True, bold=False, color=array([1., 1., 1.]), colorSpace='rgb', contrast=1.0, depth=-13.0, draggable=False, flipHoriz=False, flipVert=False, font='Open Sans', fontFiles=[], height=0.1, italic=False, languageStyle='LTR', name='num4', opacity=1.0, ori=0.0, pos=array([0.225, 0.24 ]), rgb=UNKNOWN, text='', units='norm', win=Window(...), wrapWidth=1)
10.4825 	EXP 	window1: mouseVisible = True
10.4842 	EXP 	Created fixCrossR = ShapeStim(__class__=<class 'psychopy.visual.shape.ShapeStim'>, anchor=('center', 'center'), autoDraw=False, autoLog=True, closeShape=True, color=method-wrapper(...), colorSpace='rgb', contrast=None, depth=0.0, draggable=False, fillColor=array([-1, -1, -1]), fillColorSpace='rgb', fillRGB=array([-1, -1, -1]), interpolate=True, lineColor=array([-1., -1., -1.]), lineColorSpace='rgb', lineRGB=array([-1, -1, -1]), lineWidth=1.0, name='fixCrossR', opacity=1.0, ori=0.0, pos=array([0., 0.]), size=array([0.02, 0.02]), units='height', vertices=ndarray(...), win=Window(...), windingRule=None)
10.4843 	EXP 	window1: mouseVisible = True
10.4856 	EXP 	Created text_total = TextStim(__class__=<class 'psychopy.visual.text.TextStim'>, alignHoriz=method-wrapper(...), alignText='center', alignVert=method-wrapper(...), anchorHoriz='center', anchorVert='center', antialias=True, autoDraw=False, autoLog=True, bold=False, color=array([1., 1., 1.]), colorSpace='rgb', contrast=1.0, depth=-1.0, draggable=False, flipHoriz=False, flipVert=False, font='Open Sans', fontFiles=[], height=0.05, italic=False, languageStyle='LTR', name='text_total', opacity=1.0, ori=0.0, pos=array([0., 0.]), rgb=UNKNOWN, text='', units='height', win=Window(...), wrapWidth=1)
10.4857 	EXP 	window1: mouseVisible = True
10.4870 	EXP 	Created text_acc = TextStim(__class__=<class 'psychopy.visual.text.TextStim'>, alignHoriz=method-wrapper(...), alignText='center', alignVert=method-wrapper(...), anchorHoriz='center', anchorVert='center', antialias=True, autoDraw=False, autoLog=True, bold=False, color=array([1., 1., 1.]), colorSpace='rgb', contrast=1.0, depth=-2.0, draggable=False, flipHoriz=False, flipVert=False, font='Open Sans', fontFiles=[], height=0.05, italic=False, languageStyle='LTR', name='text_acc', opacity=1.0, ori=0.0, pos=array([ 0. , -0.3]), rgb=UNKNOWN, text='', units='height', win=Window(...), wrapWidth=1)
0.0215 	EXP 	Created sequence: random, trialTypes=1, nReps=0, seed=None
0.0359 	EXP 	text: autoDraw = True
0.5485 	EXP 	Imported participantData/s12/block_0/babySteps_s12.xlsx as conditions, 5 conditions, 15 params
0.5489 	EXP 	Created sequence: sequential, trialTypes=5, nReps=1, seed=None
0.5490 	EXP 	New trial (rep=0, index=0): {'category': 'shoe', 'orientation': 4, 'taskCue': 'stim//ori2.png', 'stimfile': 'stim//shoe4.png', 'resp1': 'Half Right', 'resp2': 'Half Left', 'resp3': 'Full Left', 'resp4': 'Full Right', 'resp5': 'Turtle', 'resp6': 'Horse', 'resp7': 'Shoe', 'resp8': 'Car', 'objFirst': False, 'correctButton': 4, 'interval': 2.476}
0.5698 	EXP 	text: autoDraw = False
0.5698 	EXP 	cue: image = 'stim//ori2.png'
0.5698 	EXP 	cue: autoDraw = True
1.5548 	EXP 	Created sequence: sequential, trialTypes=1, nReps=3, seed=None
1.5551 	EXP 	New trial (rep=0, index=0): None
1.7708 	EXP 	cue: autoDraw = False
1.7708 	EXP 	cue: autoDraw = False
1.7708 	EXP 	image: image = 'stim//shoe4.png'
1.7708 	EXP 	image: autoDraw = True
1.7708 	EXP 	fixCrossR_2: autoDraw = True
2.0211 	EXP 	image: autoDraw = False
2.0211 	EXP 	fixCrossR_2: autoDraw = False
2.0211 	EXP 	image: autoDraw = False
2.0211 	EXP 	fixCrossR_2: autoDraw = False
2.0211 	EXP 	fixCrossR_4: autoDraw = True
2.2553 	EXP 	New trial (rep=1, index=0): None
2.3884 	EXP 	fixCrossR_4: autoDraw = False
2.3884 	EXP 	fixCrossR_4: autoDraw = False
2.3884 	EXP 	image: image = 'stim//shoe4.png'
2.3884 	EXP 	image: autoDraw = True
2.3884 	EXP 	fixCrossR_2: autoDraw = True
2.6386 	EXP 	image: autoDraw = False
2.6386 	EXP 	fixCrossR_2: autoDraw = False
2.6386 	EXP 	image: autoDraw = False
2.6386 	EXP 	fixCrossR_2: autoDraw = False
2.6386 	EXP 	fixCrossR_4: autoDraw = True
2.8726 	EXP 	New trial (rep=2, index=0): None
3.0565 	EXP 	fixCrossR_4: autoDraw = False
3.0565 	EXP 	fixCrossR_4: autoDraw = False
3.0565 	EXP 	image: image = 'stim//shoe4.png'
3.0565 	EXP 	image: autoDraw = True
3.0565 	EXP 	fixCrossR_2: autoDraw = True
3.3054 	EXP 	image: autoDraw = False
3.3054 	EXP 	fixCrossR_2: autoDraw = False
3.3054 	EXP 	image: autoDraw = False
3.3054 	EXP 	fixCrossR_2: autoDraw = False
3.3054 	EXP 	fixCrossR_4: autoDraw = True
3.6225 	EXP 	fixCrossR_4: autoDraw = False
3.6225 	EXP 	fixCrossR_4: autoDraw = False
3.6225 	EXP 	fixCross_2: fillColor = <psychopy.colors.Color: black, alpha=1.0>
3.6225 	EXP 	fixCross_2: borderColor = <psychopy.colors.Color: black, alpha=1.0>
3.6225 	EXP 	text1_2: foreColor = <psychopy.colors.Color: white, alpha=1.0>
3.6225 	EXP 	text1_2: height = 0.05
3.6225 	EXP 	text1_2: height = 0.05
3.6225 	EXP 	text1_2: height = 0.05
3.6225 	EXP 	text1_2: text = 'Half Right'
3.6225 	EXP 	text2_2: foreColor = <psychopy.colors.Color: white, alpha=1.0>
3.6225 	EXP 	text2_2: height = 0.05
3.6225 	EXP 	text2_2: height = 0.05
3.6225 	EXP 	text2_2: height = 0.05
3.6225 	EXP 	text2_2: text = 'Half Left'
3.6225 	EXP 	text3_2: foreColor = <psychopy.colors.Color: white, alpha=1.0>
3.6225 	EXP 	text3_2: height = 0.05
3.6225 	EXP 	text3_2: height = 0.05
3.6225 	EXP 	text3_2: height = 0.05
3.6225 	EXP 	text3_2: text = 'Full Left'
3.6225 	EXP 	text4_2: foreColor = <psychopy.colors.Color: white, alpha=1.0>
3.6225 	EXP 	text4_2: height = 0.05
3.6225 	EXP 	text4_2: height = 0.05
3.6225 	EXP 	text4_2: height = 0.05
3.6225 	EXP 	text4_2: text = 'Full Right'
3.6225 	EXP 	text5_2: foreColor = <psychopy.colors.Color: white, alpha=1.0>
3.6225 	EXP 	text5_2: height = 0.05
3.6225 	EXP 	text5_2: height = 0.05
3.6225 	EXP 	text5_2: height = 0.05
3.6225 	EXP 	text5_2: text = 'Turtle'
3.6225 	EXP 	text6_2: foreColor = <psychopy.colors.Color: white, alpha=1.0>
3.6225 	EXP 	text6_2: height = 0.05
3.6225 	EXP 	text6_2: height = 0.05
3.6225 	EXP 	text6_2: height = 0.05
3.6225 	EXP 	text6_2: text = 'Horse'
3.6225 	EXP 	text7_2: foreColor = <psychopy.colors.Color: white, alpha=1.0>
3.6225 	EXP 	text7_2: height = 0.05
3.6225 	EXP 	text7_2: height = 0.05
3.6225 	EXP 	text7_2: height = 0.05
3.6225 	EXP 	text7_2: text = 'Shoe'
3.6225 	EXP 	text8_2: foreColor = <psychopy.colors.Color: white, alpha=1.0>
3.6225 	EXP 	text8_2: height = 0.05
3.6225 	EXP 	text8_2: height = 0.05
3.6225 	EXP 	text8_2: height = 0.05
3.6225 	EXP 	text8_2: text = 'Car'
3.6225 	EXP 	num1_2: foreColor = <psychopy.colors.Color: white, alpha=1.0>
3.6225 	EXP 	num1_2: height = 0.1
3.6225 	EXP 	num1_2: height = 0.1
3.6225 	EXP 	num1_2: height = 0.1
3.6225 	EXP 	num1_2: text = '1'
3.6225 	EXP 	num2_2: foreColor = <psychopy.colors.Color: white, alpha=1.0>
3.6225 	EXP 	num2_2: height = 0.1
3.6225 	EXP 	num2_2: height = 0.1
3.6225 	EXP 	num2_2: height = 0.1
3.6225 	EXP 	num2_2: text = '2'
3.6225 	EXP 	num3_2: foreColor = <psychopy.colors.Color: white, alpha=1.0>
3.6225 	EXP 	num3_2: height = 0.1
3.6225 	EXP 	num3_2: height = 0.1
3.6225 	EXP 	num3_2: height = 0.1
3.6225 	EXP 	num3_2: text = '3'
3.6225 	EXP 	num4_2: foreColor = <psychopy.colors.Color: white, alpha=1.0>
3.6225 	EXP 	num4_2: height = 0.1
3.6225 	EXP 	num4_2: height = 0.1
3.6225 	EXP 	num4_2: height = 0.1
3.6225 	EXP 	num4_2: text = '4'
3.6225 	EXP 	fixCross_2: autoDraw = True
3.6225 	EXP 	text1_2: autoDraw = True
3.6225 	EXP 	text2_2: autoDraw = True
3.6225 	EXP 	text3_2: autoDraw = True
3.6225 	EXP 	text4_2: autoDraw = True
3.6225 	EXP 	text5_2: autoDraw = True
3.6225 	EXP 	text6_2: autoDraw = True
3.6225 	EXP 	text7_2: autoDraw = True
3.6225 	EXP 	text8_2: autoDraw = True
3.6225 	EXP 	num1_2: autoDraw = True
3.6225 	EXP 	num2_2: autoDraw = True
3.6225 	EXP 	num3_2: autoDraw = True
3.6225 	EXP 	num4_2: autoDraw = True
4.3305 	DATA 	Keypress: 4
4.5347 	EXP 	window1: mouseVisible = True
