3.4555 	ERROR 	Support for the `sounddevice` audio backend is not available this session. Please install `psychopy-sounddevice` and restart the session to enable support.
10.9087 	WARNING 	User requested fullscreen with size [1536  864], but screen is actually [1920, 1080]. Using actual size
11.6945 	EXP 	Created window1 = Window(allowGUI=True, allowStencil=False, autoLog=True, backendConf=UNKNOWN, backgroundFit=<method-wrapper '__getattribute__' of attributeSetter object at 0x00000251F37590D0>, backgroundImage=<method-wrapper '__getattribute__' of attributeSetter object at 0x00000251F3759070>, bitsMode=UNKNOWN, blendMode='avg', bpc=(8, 8, 8), color=array([-0.4039, -0.4039, -0.4039]), colorSpace='rgb', depthBits=8, fullscr=<method-wrapper '__getattribute__' of attributeSetter object at 0x00000251F3746F10>, gamma=None, gammaErrorPolicy='raise', lms=UNKNOWN, monitor=<psychopy.monitors.calibTools.Monitor object at 0x00000251F3D15070>, multiSample=False, name='window1', numSamples=2, pos=(-1920, 0), screen=0, size=array([1920, 1080]), stencilBits=0, stereo=False, title='PsychoPy', units='height', useFBO=True, useRetina=False, viewOri=0.0, viewPos=None, viewScale=None, waitBlanking=True, winType='pyglet')
11.6947 	EXP 	window1: mouseVisible = True
11.6947 	EXP 	window1: backgroundImage = ''
11.6947 	EXP 	window1: backgroundFit = 'none'
11.6964 	EXP 	window1: Attempting to measure frame rate of screen (0) ...
11.6965 	EXP 	window1: recordFrameIntervals = False
11.8595 	EXP 	window1: recordFrameIntervals = True
12.0428 	EXP 	Screen (0) actual frame rate measured at 59.93Hz
12.0429 	EXP 	window1: recordFrameIntervals = False
12.0430 	EXP 	window1: mouseVisible = False
14.6261 	EXP 	pilotv2: status = STARTED
14.6266 	EXP 	window1: mouseVisible = True
14.6441 	EXP 	Created imageInstruct = ImageStim(__class__=<class 'psychopy.visual.image.ImageStim'>, anchor=('center', 'center'), autoLog=True, color=array([1., 1., 1.]), colorSpace='rgb', contrast=1.0, depth=0.0, draggable=False, flipHoriz=False, flipVert=False, image='default.png', interpolate=True, mask=None, maskParams=None, name='imageInstruct', opacity=1.0, ori=0.0, pos=array([0., 0.]), size=array([1.6    , 1.00736]), texRes=128.0, units='height', win=Window(...))
14.6443 	EXP 	window1: mouseVisible = True
14.6445 	EXP 	window1: mouseVisible = True
14.6449 	EXP 	window1: mouseVisible = True
14.6453 	EXP 	window1: mouseVisible = True
14.6669 	EXP 	window1: mouseVisible = True
14.6670 	EXP 	window1: mouseVisible = True
14.6674 	EXP 	window1: mouseVisible = True
14.6679 	EXP 	window1: mouseVisible = True
14.6861 	EXP 	window1: mouseVisible = True
14.6863 	EXP 	window1: mouseVisible = True
14.6864 	EXP 	window1: mouseVisible = True
14.6868 	EXP 	window1: mouseVisible = True
14.6872 	EXP 	window1: mouseVisible = True
14.7039 	EXP 	window1: mouseVisible = True
14.7040 	EXP 	window1: mouseVisible = True
14.7044 	EXP 	window1: mouseVisible = True
14.7048 	EXP 	window1: mouseVisible = True
14.7082 	EXP 	window1: mouseVisible = True
14.7084 	EXP 	window1: mouseVisible = True
14.7889 	EXP 	Created text_8 = TextStim(__class__=<class 'psychopy.visual.text.TextStim'>, alignHoriz=method-wrapper(...), alignText='center', alignVert=method-wrapper(...), anchorHoriz='center', anchorVert='center', antialias=True, autoDraw=False, autoLog=True, bold=False, color=array([1., 1., 1.]), colorSpace='rgb', contrast=1.0, depth=0.0, draggable=False, flipHoriz=False, flipVert=False, font='Open Sans', fontFiles=[], height=0.05, italic=False, languageStyle='LTR', name='text_8', opacity=1.0, ori=0.0, pos=array([0., 0.]), rgb=UNKNOWN, text=str(...), units='height', win=Window(...), wrapWidth=1)
14.7892 	EXP 	window1: mouseVisible = True
14.7893 	EXP 	window1: mouseVisible = True
14.7897 	EXP 	window1: mouseVisible = True
14.7901 	EXP 	window1: mouseVisible = True
14.8134 	EXP 	window1: mouseVisible = True
14.8135 	EXP 	window1: mouseVisible = True
14.8140 	EXP 	window1: mouseVisible = True
14.8144 	EXP 	window1: mouseVisible = True
14.8245 	EXP 	window1: mouseVisible = True
14.8247 	EXP 	window1: mouseVisible = True
14.8248 	EXP 	window1: mouseVisible = True
14.8252 	EXP 	window1: mouseVisible = True
14.8256 	EXP 	window1: mouseVisible = True
14.8340 	EXP 	window1: mouseVisible = True
14.8341 	EXP 	window1: mouseVisible = True
14.8345 	EXP 	window1: mouseVisible = True
14.8349 	EXP 	window1: mouseVisible = True
14.8383 	EXP 	window1: mouseVisible = True
14.8384 	EXP 	window1: mouseVisible = True
14.8426 	EXP 	Created image_17 = ImageStim(__class__=<class 'psychopy.visual.image.ImageStim'>, anchor=('center', 'center'), autoLog=True, color=array([1., 1., 1.]), colorSpace='rgb', contrast=1.0, depth=-3.0, draggable=False, flipHoriz=False, flipVert=False, image='stim/ori1.png', interpolate=True, mask=None, maskParams=None, name='image_17', opacity=1.0, ori=0.0, pos=array([0.  , 0.23]), size=array([0.15, 0.15]), texRes=128.0, units='height', win=Window(...))
14.8427 	EXP 	window1: mouseVisible = True
14.8467 	EXP 	Created text_9 = TextStim(__class__=<class 'psychopy.visual.text.TextStim'>, alignHoriz=method-wrapper(...), alignText='center', alignVert=method-wrapper(...), anchorHoriz='center', anchorVert='center', antialias=True, autoDraw=False, autoLog=True, bold=False, color=array([1., 1., 1.]), colorSpace='rgb', contrast=1.0, depth=0.0, draggable=False, flipHoriz=False, flipVert=False, font='Open Sans', fontFiles=[], height=0.05, italic=False, languageStyle='LTR', name='text_9', opacity=1.0, ori=0.0, pos=array([0., 0.]), rgb=UNKNOWN, text=str(...), units='height', win=Window(...), wrapWidth=1)
14.8470 	EXP 	window1: mouseVisible = True
14.8471 	EXP 	window1: mouseVisible = True
14.8475 	EXP 	window1: mouseVisible = True
14.8479 	EXP 	window1: mouseVisible = True
14.8518 	EXP 	window1: mouseVisible = True
14.8519 	EXP 	window1: mouseVisible = True
14.8523 	EXP 	window1: mouseVisible = True
14.8527 	EXP 	window1: mouseVisible = True
14.8560 	EXP 	window1: mouseVisible = True
14.8562 	EXP 	window1: mouseVisible = True
14.8563 	EXP 	window1: mouseVisible = True
14.8568 	EXP 	window1: mouseVisible = True
14.8572 	EXP 	window1: mouseVisible = True
14.8610 	EXP 	window1: mouseVisible = True
14.8612 	EXP 	window1: mouseVisible = True
14.8616 	EXP 	window1: mouseVisible = True
14.8620 	EXP 	window1: mouseVisible = True
14.8652 	EXP 	window1: mouseVisible = True
14.8653 	EXP 	window1: mouseVisible = True
14.8704 	EXP 	Created image_18 = ImageStim(__class__=<class 'psychopy.visual.image.ImageStim'>, anchor=('center', 'center'), autoLog=True, color=array([1., 1., 1.]), colorSpace='rgb', contrast=1.0, depth=-3.0, draggable=False, flipHoriz=False, flipVert=False, image='stim/obj2.png', interpolate=True, mask=None, maskParams=None, name='image_18', opacity=1.0, ori=0.0, pos=array([0.  , 0.23]), size=array([0.15, 0.15]), texRes=128.0, units='height', win=Window(...))
14.8705 	EXP 	window1: mouseVisible = True
14.8745 	EXP 	Created text_10 = TextStim(__class__=<class 'psychopy.visual.text.TextStim'>, alignHoriz=method-wrapper(...), alignText='center', alignVert=method-wrapper(...), anchorHoriz='center', anchorVert='center', antialias=True, autoDraw=False, autoLog=True, bold=False, color=array([1., 1., 1.]), colorSpace='rgb', contrast=1.0, depth=0.0, draggable=False, flipHoriz=False, flipVert=False, font='Open Sans', fontFiles=[], height=0.05, italic=False, languageStyle='LTR', name='text_10', opacity=1.0, ori=0.0, pos=array([0., 0.]), rgb=UNKNOWN, text=str(...), units='height', win=Window(...), wrapWidth=1)
14.8747 	EXP 	window1: mouseVisible = True
14.8748 	EXP 	window1: mouseVisible = True
14.8752 	EXP 	window1: mouseVisible = True
14.8756 	EXP 	window1: mouseVisible = True
14.8795 	EXP 	window1: mouseVisible = True
14.8796 	EXP 	window1: mouseVisible = True
14.8800 	EXP 	window1: mouseVisible = True
14.8804 	EXP 	window1: mouseVisible = True
14.8837 	EXP 	window1: mouseVisible = True
14.8839 	EXP 	window1: mouseVisible = True
14.8840 	EXP 	window1: mouseVisible = True
14.8844 	EXP 	window1: mouseVisible = True
14.8848 	EXP 	window1: mouseVisible = True
14.8886 	EXP 	window1: mouseVisible = True
14.8887 	EXP 	window1: mouseVisible = True
14.8892 	EXP 	window1: mouseVisible = True
14.8895 	EXP 	window1: mouseVisible = True
14.8929 	EXP 	window1: mouseVisible = True
14.8929 	EXP 	window1: mouseVisible = True
14.8978 	EXP 	Created image_19 = ImageStim(__class__=<class 'psychopy.visual.image.ImageStim'>, anchor=('center', 'center'), autoLog=True, color=array([1., 1., 1.]), colorSpace='rgb', contrast=1.0, depth=-3.0, draggable=False, flipHoriz=False, flipVert=False, image='stim/ori2.png', interpolate=True, mask=None, maskParams=None, name='image_19', opacity=1.0, ori=0.0, pos=array([0.  , 0.23]), size=array([0.15, 0.15]), texRes=128.0, units='height', win=Window(...))
14.8979 	EXP 	window1: mouseVisible = True
14.9022 	EXP 	Created text_11 = TextStim(__class__=<class 'psychopy.visual.text.TextStim'>, alignHoriz=method-wrapper(...), alignText='center', alignVert=method-wrapper(...), anchorHoriz='center', anchorVert='center', antialias=True, autoDraw=False, autoLog=True, bold=False, color=array([1., 1., 1.]), colorSpace='rgb', contrast=1.0, depth=0.0, draggable=False, flipHoriz=False, flipVert=False, font='Open Sans', fontFiles=[], height=0.05, italic=False, languageStyle='LTR', name='text_11', opacity=1.0, ori=0.0, pos=array([0., 0.]), rgb=UNKNOWN, text=str(...), units='height', win=Window(...), wrapWidth=1)
14.9024 	EXP 	window1: mouseVisible = True
14.9025 	EXP 	window1: mouseVisible = True
14.9030 	EXP 	window1: mouseVisible = True
14.9034 	EXP 	window1: mouseVisible = True
14.9075 	EXP 	window1: mouseVisible = True
14.9076 	EXP 	window1: mouseVisible = True
14.9081 	EXP 	window1: mouseVisible = True
14.9086 	EXP 	window1: mouseVisible = True
14.9122 	EXP 	window1: mouseVisible = True
14.9125 	EXP 	window1: mouseVisible = True
14.9126 	EXP 	window1: mouseVisible = True
14.9131 	EXP 	window1: mouseVisible = True
14.9135 	EXP 	window1: mouseVisible = True
14.9177 	EXP 	window1: mouseVisible = True
14.9178 	EXP 	window1: mouseVisible = True
14.9182 	EXP 	window1: mouseVisible = True
14.9188 	EXP 	window1: mouseVisible = True
14.9222 	EXP 	window1: mouseVisible = True
14.9223 	EXP 	window1: mouseVisible = True
14.9275 	EXP 	Created image_20 = ImageStim(__class__=<class 'psychopy.visual.image.ImageStim'>, anchor=('center', 'center'), autoLog=True, color=array([1., 1., 1.]), colorSpace='rgb', contrast=1.0, depth=-3.0, draggable=False, flipHoriz=False, flipVert=False, image='stim/obj1.png', interpolate=True, mask=None, maskParams=None, name='image_20', opacity=1.0, ori=0.0, pos=array([0.  , 0.23]), size=array([0.15, 0.15]), texRes=128.0, units='height', win=Window(...))
14.9276 	EXP 	window1: mouseVisible = True
14.9371 	EXP 	Created imageInstruct_2 = ImageStim(__class__=<class 'psychopy.visual.image.ImageStim'>, anchor=('center', 'center'), autoLog=True, color=array([1., 1., 1.]), colorSpace='rgb', contrast=1.0, depth=0.0, draggable=False, flipHoriz=False, flipVert=False, image='default.png', interpolate=True, mask=None, maskParams=None, name='imageInstruct_2', opacity=1.0, ori=0.0, pos=array([0., 0.]), size=array([1.6    , 1.00736]), texRes=128.0, units='height', win=Window(...))
14.9374 	EXP 	window1: mouseVisible = True
14.9375 	EXP 	window1: mouseVisible = True
14.9379 	EXP 	window1: mouseVisible = True
14.9383 	EXP 	window1: mouseVisible = True
14.9421 	EXP 	window1: mouseVisible = True
14.9422 	EXP 	window1: mouseVisible = True
14.9427 	EXP 	window1: mouseVisible = True
14.9431 	EXP 	window1: mouseVisible = True
14.9464 	EXP 	window1: mouseVisible = True
14.9465 	EXP 	window1: mouseVisible = True
14.9467 	EXP 	window1: mouseVisible = True
14.9471 	EXP 	window1: mouseVisible = True
14.9474 	EXP 	window1: mouseVisible = True
14.9512 	EXP 	window1: mouseVisible = True
14.9513 	EXP 	window1: mouseVisible = True
14.9517 	EXP 	window1: mouseVisible = True
14.9521 	EXP 	window1: mouseVisible = True
14.9554 	EXP 	window1: mouseVisible = True
14.9555 	EXP 	window1: mouseVisible = True
14.9708 	EXP 	Created text_17 = TextStim(__class__=<class 'psychopy.visual.text.TextStim'>, alignHoriz=method-wrapper(...), alignText='center', alignVert=method-wrapper(...), anchorHoriz='center', anchorVert='center', antialias=True, autoDraw=False, autoLog=True, bold=False, color=array([1., 1., 1.]), colorSpace='rgb', contrast=1.0, depth=-2.0, draggable=False, flipHoriz=False, flipVert=False, font='Open Sans', fontFiles=[], height=0.05, italic=False, languageStyle='LTR', name='text_17', opacity=1.0, ori=0.0, pos=array([0., 0.]), rgb=UNKNOWN, text=str(...), units='height', win=Window(...), wrapWidth=1)
14.9709 	EXP 	window1: mouseVisible = True
14.9799 	EXP 	Created cue = ImageStim(__class__=<class 'psychopy.visual.image.ImageStim'>, anchor=('center', 'center'), autoLog=True, color=array([1., 1., 1.]), colorSpace='rgb', contrast=1.0, depth=0.0, draggable=False, flipHoriz=False, flipVert=False, image='default.png', interpolate=True, mask=None, maskParams=None, name='cue', opacity=1.0, ori=0.0, pos=array([0., 0.]), size=array([0.15, 0.15]), texRes=128.0, units='height', win=Window(...))
14.9800 	EXP 	window1: mouseVisible = True
14.9890 	EXP 	Created image = ImageStim(__class__=<class 'psychopy.visual.image.ImageStim'>, anchor=('center', 'center'), autoLog=True, color=array([1., 1., 1.]), colorSpace='rgb', contrast=1.0, depth=0.0, draggable=False, flipHoriz=False, flipVert=False, image='default.png', interpolate=True, mask=None, maskParams=None, name='image', opacity=1.0, ori=0.0, pos=array([0., 0.]), size=array([0.5, 0.5]), texRes=128.0, units='height', win=Window(...))
14.9891 	EXP 	window1: mouseVisible = True
14.9914 	EXP 	Created fixCrossR_2 = ShapeStim(__class__=<class 'psychopy.visual.shape.ShapeStim'>, anchor=('center', 'center'), autoDraw=False, autoLog=True, closeShape=True, color=method-wrapper(...), colorSpace='rgb', contrast=None, depth=-1.0, draggable=False, fillColor=array([-1, -1, -1]), fillColorSpace='rgb', fillRGB=array([-1, -1, -1]), interpolate=True, lineColor=array([-1., -1., -1.]), lineColorSpace='rgb', lineRGB=array([-1, -1, -1]), lineWidth=1.0, name='fixCrossR_2', opacity=1.0, ori=0.0, pos=array([0., 0.]), size=array([0.02, 0.02]), units='height', vertices=ndarray(...), win=Window(...), windingRule=None)
14.9915 	EXP 	window1: mouseVisible = True
14.9932 	EXP 	Created fixCrossR_4 = ShapeStim(__class__=<class 'psychopy.visual.shape.ShapeStim'>, anchor=('center', 'center'), autoDraw=False, autoLog=True, closeShape=True, color=method-wrapper(...), colorSpace='rgb', contrast=None, depth=0.0, draggable=False, fillColor=array([-1, -1, -1]), fillColorSpace='rgb', fillRGB=array([-1, -1, -1]), interpolate=True, lineColor=array([-1., -1., -1.]), lineColorSpace='rgb', lineRGB=array([-1, -1, -1]), lineWidth=1.0, name='fixCrossR_4', opacity=1.0, ori=0.0, pos=array([0., 0.]), size=array([0.02, 0.02]), units='height', vertices=ndarray(...), win=Window(...), windingRule=None)
14.9933 	EXP 	window1: mouseVisible = True
14.9949 	EXP 	Created fixCross_2 = ShapeStim(__class__=<class 'psychopy.visual.shape.ShapeStim'>, anchor=('center', 'center'), autoDraw=False, autoLog=True, closeShape=True, color=method-wrapper(...), colorSpace='rgb', contrast=None, depth=0.0, draggable=False, fillColor=array([1, 1, 1]), fillColorSpace='rgb', fillRGB=array([1, 1, 1]), interpolate=True, lineColor=array([1., 1., 1.]), lineColorSpace='rgb', lineRGB=array([1, 1, 1]), lineWidth=1.0, name='fixCross_2', opacity=1.0, ori=0.0, pos=array([0., 0.]), size=array([0.02, 0.02]), units='height', vertices=ndarray(...), win=Window(...), windingRule=None)
14.9950 	EXP 	window1: mouseVisible = True
14.9968 	EXP 	Created text1_2 = TextStim(__class__=<class 'psychopy.visual.text.TextStim'>, alignHoriz=method-wrapper(...), alignText='center', alignVert=method-wrapper(...), anchorHoriz='center', anchorVert='center', antialias=True, autoDraw=False, autoLog=True, bold=False, color=array([1., 1., 1.]), colorSpace='rgb', contrast=1.0, depth=-1.0, draggable=False, flipHoriz=False, flipVert=False, font='Open Sans', fontFiles=[], height=0.05, italic=False, languageStyle='LTR', name='text1_2', opacity=1.0, ori=0.0, pos=array([-0.225,  0.08 ]), rgb=UNKNOWN, text='', units='norm', win=Window(...), wrapWidth=1)
14.9969 	EXP 	window1: mouseVisible = True
14.9979 	EXP 	Created text2_2 = TextStim(__class__=<class 'psychopy.visual.text.TextStim'>, alignHoriz=method-wrapper(...), alignText='center', alignVert=method-wrapper(...), anchorHoriz='center', anchorVert='center', antialias=True, autoDraw=False, autoLog=True, bold=False, color=array([1., 1., 1.]), colorSpace='rgb', contrast=1.0, depth=-2.0, draggable=False, flipHoriz=False, flipVert=False, font='Open Sans', fontFiles=[], height=0.05, italic=False, languageStyle='LTR', name='text2_2', opacity=1.0, ori=0.0, pos=array([-0.075,  0.08 ]), rgb=UNKNOWN, text='', units='norm', win=Window(...), wrapWidth=1)
14.9980 	EXP 	window1: mouseVisible = True
14.9989 	EXP 	Created text3_2 = TextStim(__class__=<class 'psychopy.visual.text.TextStim'>, alignHoriz=method-wrapper(...), alignText='center', alignVert=method-wrapper(...), anchorHoriz='center', anchorVert='center', antialias=True, autoDraw=False, autoLog=True, bold=False, color=array([1., 1., 1.]), colorSpace='rgb', contrast=1.0, depth=-3.0, draggable=False, flipHoriz=False, flipVert=False, font='Open Sans', fontFiles=[], height=0.05, italic=False, languageStyle='LTR', name='text3_2', opacity=1.0, ori=0.0, pos=array([0.075, 0.08 ]), rgb=UNKNOWN, text='', units='norm', win=Window(...), wrapWidth=1)
14.9990 	EXP 	window1: mouseVisible = True
15.0001 	EXP 	Created text4_2 = TextStim(__class__=<class 'psychopy.visual.text.TextStim'>, alignHoriz=method-wrapper(...), alignText='center', alignVert=method-wrapper(...), anchorHoriz='center', anchorVert='center', antialias=True, autoDraw=False, autoLog=True, bold=False, color=array([1., 1., 1.]), colorSpace='rgb', contrast=1.0, depth=-4.0, draggable=False, flipHoriz=False, flipVert=False, font='Open Sans', fontFiles=[], height=0.05, italic=False, languageStyle='LTR', name='text4_2', opacity=1.0, ori=0.0, pos=array([0.225, 0.08 ]), rgb=UNKNOWN, text='', units='norm', win=Window(...), wrapWidth=1)
15.0002 	EXP 	window1: mouseVisible = True
15.0014 	EXP 	Created text5_2 = TextStim(__class__=<class 'psychopy.visual.text.TextStim'>, alignHoriz=method-wrapper(...), alignText='center', alignVert=method-wrapper(...), anchorHoriz='center', anchorVert='center', antialias=True, autoDraw=False, autoLog=True, bold=False, color=array([1., 1., 1.]), colorSpace='rgb', contrast=1.0, depth=-5.0, draggable=False, flipHoriz=False, flipVert=False, font='Open Sans', fontFiles=[], height=0.05, italic=False, languageStyle='LTR', name='text5_2', opacity=1.0, ori=0.0, pos=array([-0.225, -0.08 ]), rgb=UNKNOWN, text='', units='norm', win=Window(...), wrapWidth=1)
15.0015 	EXP 	window1: mouseVisible = True
15.0025 	EXP 	Created text6_2 = TextStim(__class__=<class 'psychopy.visual.text.TextStim'>, alignHoriz=method-wrapper(...), alignText='center', alignVert=method-wrapper(...), anchorHoriz='center', anchorVert='center', antialias=True, autoDraw=False, autoLog=True, bold=False, color=array([1., 1., 1.]), colorSpace='rgb', contrast=1.0, depth=-6.0, draggable=False, flipHoriz=False, flipVert=False, font='Open Sans', fontFiles=[], height=0.05, italic=False, languageStyle='LTR', name='text6_2', opacity=1.0, ori=0.0, pos=array([-0.075, -0.08 ]), rgb=UNKNOWN, text='', units='norm', win=Window(...), wrapWidth=1)
15.0025 	EXP 	window1: mouseVisible = True
15.0035 	EXP 	Created text7_2 = TextStim(__class__=<class 'psychopy.visual.text.TextStim'>, alignHoriz=method-wrapper(...), alignText='center', alignVert=method-wrapper(...), anchorHoriz='center', anchorVert='center', antialias=True, autoDraw=False, autoLog=True, bold=False, color=array([1., 1., 1.]), colorSpace='rgb', contrast=1.0, depth=-7.0, draggable=False, flipHoriz=False, flipVert=False, font='Open Sans', fontFiles=[], height=0.05, italic=False, languageStyle='LTR', name='text7_2', opacity=1.0, ori=0.0, pos=array([ 0.075, -0.08 ]), rgb=UNKNOWN, text='', units='norm', win=Window(...), wrapWidth=1)
15.0036 	EXP 	window1: mouseVisible = True
15.0045 	EXP 	Created text8_2 = TextStim(__class__=<class 'psychopy.visual.text.TextStim'>, alignHoriz=method-wrapper(...), alignText='center', alignVert=method-wrapper(...), anchorHoriz='center', anchorVert='center', antialias=True, autoDraw=False, autoLog=True, bold=False, color=array([1., 1., 1.]), colorSpace='rgb', contrast=1.0, depth=-8.0, draggable=False, flipHoriz=False, flipVert=False, font='Open Sans', fontFiles=[], height=0.05, italic=False, languageStyle='LTR', name='text8_2', opacity=1.0, ori=0.0, pos=array([ 0.225, -0.08 ]), rgb=UNKNOWN, text='', units='norm', win=Window(...), wrapWidth=1)
15.0046 	EXP 	window1: mouseVisible = True
15.0056 	EXP 	Created num1_2 = TextStim(__class__=<class 'psychopy.visual.text.TextStim'>, alignHoriz=method-wrapper(...), alignText='center', alignVert=method-wrapper(...), anchorHoriz='center', anchorVert='center', antialias=True, autoDraw=False, autoLog=True, bold=False, color=array([1., 1., 1.]), colorSpace='rgb', contrast=1.0, depth=-10.0, draggable=False, flipHoriz=False, flipVert=False, font='Open Sans', fontFiles=[], height=0.1, italic=False, languageStyle='LTR', name='num1_2', opacity=1.0, ori=0.0, pos=array([-0.225,  0.24 ]), rgb=UNKNOWN, text='', units='norm', win=Window(...), wrapWidth=1)
15.0056 	EXP 	window1: mouseVisible = True
15.0066 	EXP 	Created num2_2 = TextStim(__class__=<class 'psychopy.visual.text.TextStim'>, alignHoriz=method-wrapper(...), alignText='center', alignVert=method-wrapper(...), anchorHoriz='center', anchorVert='center', antialias=True, autoDraw=False, autoLog=True, bold=False, color=array([1., 1., 1.]), colorSpace='rgb', contrast=1.0, depth=-11.0, draggable=False, flipHoriz=False, flipVert=False, font='Open Sans', fontFiles=[], height=0.1, italic=False, languageStyle='LTR', name='num2_2', opacity=1.0, ori=0.0, pos=array([-0.075,  0.24 ]), rgb=UNKNOWN, text='', units='norm', win=Window(...), wrapWidth=1)
15.0066 	EXP 	window1: mouseVisible = True
15.0076 	EXP 	Created num3_2 = TextStim(__class__=<class 'psychopy.visual.text.TextStim'>, alignHoriz=method-wrapper(...), alignText='center', alignVert=method-wrapper(...), anchorHoriz='center', anchorVert='center', antialias=True, autoDraw=False, autoLog=True, bold=False, color=array([1., 1., 1.]), colorSpace='rgb', contrast=1.0, depth=-12.0, draggable=False, flipHoriz=False, flipVert=False, font='Open Sans', fontFiles=[], height=0.1, italic=False, languageStyle='LTR', name='num3_2', opacity=1.0, ori=0.0, pos=array([0.075, 0.24 ]), rgb=UNKNOWN, text='', units='norm', win=Window(...), wrapWidth=1)
15.0077 	EXP 	window1: mouseVisible = True
15.0086 	EXP 	Created num4_2 = TextStim(__class__=<class 'psychopy.visual.text.TextStim'>, alignHoriz=method-wrapper(...), alignText='center', alignVert=method-wrapper(...), anchorHoriz='center', anchorVert='center', antialias=True, autoDraw=False, autoLog=True, bold=False, color=array([1., 1., 1.]), colorSpace='rgb', contrast=1.0, depth=-13.0, draggable=False, flipHoriz=False, flipVert=False, font='Open Sans', fontFiles=[], height=0.1, italic=False, languageStyle='LTR', name='num4_2', opacity=1.0, ori=0.0, pos=array([0.225, 0.24 ]), rgb=UNKNOWN, text='', units='norm', win=Window(...), wrapWidth=1)
15.0087 	EXP 	window1: mouseVisible = True
15.0266 	EXP 	Created text_20 = TextStim(__class__=<class 'psychopy.visual.text.TextStim'>, alignHoriz=method-wrapper(...), alignText='center', alignVert=method-wrapper(...), anchorHoriz='center', anchorVert='center', antialias=True, autoDraw=False, autoLog=True, bold=False, color=array([1., 1., 1.]), colorSpace='rgb', contrast=1.0, depth=0.0, draggable=False, flipHoriz=False, flipVert=False, font='Open Sans', fontFiles=[], height=0.05, italic=False, languageStyle='LTR', name='text_20', opacity=1.0, ori=0.0, pos=array([0., 0.]), rgb=UNKNOWN, text=str(...), units='height', win=Window(...), wrapWidth=1)
15.0267 	EXP 	window1: mouseVisible = True
15.0327 	EXP 	Created text = TextStim(__class__=<class 'psychopy.visual.text.TextStim'>, alignHoriz=method-wrapper(...), alignText='center', alignVert=method-wrapper(...), anchorHoriz='center', anchorVert='center', antialias=True, autoDraw=False, autoLog=True, bold=False, color=array([1., 1., 1.]), colorSpace='rgb', contrast=1.0, depth=0.0, draggable=False, flipHoriz=False, flipVert=False, font='Open Sans', fontFiles=[], height=0.05, italic=False, languageStyle='LTR', name='text', opacity=1.0, ori=0.0, pos=array([0., 0.]), rgb=UNKNOWN, text='The experiment will begin soon. Get ready!', units='height', win=Window(...), wrapWidth=1)
15.0329 	EXP 	window1: mouseVisible = True
15.0417 	EXP 	Created cue = ImageStim(__class__=<class 'psychopy.visual.image.ImageStim'>, anchor=('center', 'center'), autoLog=True, color=array([1., 1., 1.]), colorSpace='rgb', contrast=1.0, depth=0.0, draggable=False, flipHoriz=False, flipVert=False, image='default.png', interpolate=True, mask=None, maskParams=None, name='cue', opacity=1.0, ori=0.0, pos=array([0., 0.]), size=array([0.15, 0.15]), texRes=128.0, units='height', win=Window(...))
15.0419 	EXP 	window1: mouseVisible = True
15.0504 	EXP 	Created image = ImageStim(__class__=<class 'psychopy.visual.image.ImageStim'>, anchor=('center', 'center'), autoLog=True, color=array([1., 1., 1.]), colorSpace='rgb', contrast=1.0, depth=0.0, draggable=False, flipHoriz=False, flipVert=False, image='default.png', interpolate=True, mask=None, maskParams=None, name='image', opacity=1.0, ori=0.0, pos=array([0., 0.]), size=array([0.5, 0.5]), texRes=128.0, units='height', win=Window(...))
15.0506 	EXP 	window1: mouseVisible = True
15.0525 	EXP 	Created fixCrossR_2 = ShapeStim(__class__=<class 'psychopy.visual.shape.ShapeStim'>, anchor=('center', 'center'), autoDraw=False, autoLog=True, closeShape=True, color=method-wrapper(...), colorSpace='rgb', contrast=None, depth=-1.0, draggable=False, fillColor=array([-1, -1, -1]), fillColorSpace='rgb', fillRGB=array([-1, -1, -1]), interpolate=True, lineColor=array([-1., -1., -1.]), lineColorSpace='rgb', lineRGB=array([-1, -1, -1]), lineWidth=1.0, name='fixCrossR_2', opacity=1.0, ori=0.0, pos=array([0., 0.]), size=array([0.02, 0.02]), units='height', vertices=ndarray(...), win=Window(...), windingRule=None)
15.0525 	EXP 	window1: mouseVisible = True
15.0542 	EXP 	Created fixCrossR_4 = ShapeStim(__class__=<class 'psychopy.visual.shape.ShapeStim'>, anchor=('center', 'center'), autoDraw=False, autoLog=True, closeShape=True, color=method-wrapper(...), colorSpace='rgb', contrast=None, depth=0.0, draggable=False, fillColor=array([-1, -1, -1]), fillColorSpace='rgb', fillRGB=array([-1, -1, -1]), interpolate=True, lineColor=array([-1., -1., -1.]), lineColorSpace='rgb', lineRGB=array([-1, -1, -1]), lineWidth=1.0, name='fixCrossR_4', opacity=1.0, ori=0.0, pos=array([0., 0.]), size=array([0.02, 0.02]), units='height', vertices=ndarray(...), win=Window(...), windingRule=None)
15.0543 	EXP 	window1: mouseVisible = True
15.0560 	EXP 	Created fixCross = ShapeStim(__class__=<class 'psychopy.visual.shape.ShapeStim'>, anchor=('center', 'center'), autoDraw=False, autoLog=True, closeShape=True, color=method-wrapper(...), colorSpace='rgb', contrast=None, depth=0.0, draggable=False, fillColor=array([1, 1, 1]), fillColorSpace='rgb', fillRGB=array([1, 1, 1]), interpolate=True, lineColor=array([1., 1., 1.]), lineColorSpace='rgb', lineRGB=array([1, 1, 1]), lineWidth=1.0, name='fixCross', opacity=1.0, ori=0.0, pos=array([0., 0.]), size=array([0.02, 0.02]), units='height', vertices=ndarray(...), win=Window(...), windingRule=None)
15.0561 	EXP 	window1: mouseVisible = True
15.0571 	EXP 	Created text1 = TextStim(__class__=<class 'psychopy.visual.text.TextStim'>, alignHoriz=method-wrapper(...), alignText='center', alignVert=method-wrapper(...), anchorHoriz='center', anchorVert='center', antialias=True, autoDraw=False, autoLog=True, bold=False, color=array([1., 1., 1.]), colorSpace='rgb', contrast=1.0, depth=-1.0, draggable=False, flipHoriz=False, flipVert=False, font='Open Sans', fontFiles=[], height=0.05, italic=False, languageStyle='LTR', name='text1', opacity=1.0, ori=0.0, pos=array([-0.225,  0.08 ]), rgb=UNKNOWN, text='', units='norm', win=Window(...), wrapWidth=1)
15.0571 	EXP 	window1: mouseVisible = True
15.0581 	EXP 	Created text2 = TextStim(__class__=<class 'psychopy.visual.text.TextStim'>, alignHoriz=method-wrapper(...), alignText='center', alignVert=method-wrapper(...), anchorHoriz='center', anchorVert='center', antialias=True, autoDraw=False, autoLog=True, bold=False, color=array([1., 1., 1.]), colorSpace='rgb', contrast=1.0, depth=-2.0, draggable=False, flipHoriz=False, flipVert=False, font='Open Sans', fontFiles=[], height=0.05, italic=False, languageStyle='LTR', name='text2', opacity=1.0, ori=0.0, pos=array([-0.075,  0.08 ]), rgb=UNKNOWN, text='', units='norm', win=Window(...), wrapWidth=1)
15.0582 	EXP 	window1: mouseVisible = True
15.0591 	EXP 	Created text3 = TextStim(__class__=<class 'psychopy.visual.text.TextStim'>, alignHoriz=method-wrapper(...), alignText='center', alignVert=method-wrapper(...), anchorHoriz='center', anchorVert='center', antialias=True, autoDraw=False, autoLog=True, bold=False, color=array([1., 1., 1.]), colorSpace='rgb', contrast=1.0, depth=-3.0, draggable=False, flipHoriz=False, flipVert=False, font='Open Sans', fontFiles=[], height=0.05, italic=False, languageStyle='LTR', name='text3', opacity=1.0, ori=0.0, pos=array([0.075, 0.08 ]), rgb=UNKNOWN, text='', units='norm', win=Window(...), wrapWidth=1)
15.0592 	EXP 	window1: mouseVisible = True
15.0602 	EXP 	Created text4 = TextStim(__class__=<class 'psychopy.visual.text.TextStim'>, alignHoriz=method-wrapper(...), alignText='center', alignVert=method-wrapper(...), anchorHoriz='center', anchorVert='center', antialias=True, autoDraw=False, autoLog=True, bold=False, color=array([1., 1., 1.]), colorSpace='rgb', contrast=1.0, depth=-4.0, draggable=False, flipHoriz=False, flipVert=False, font='Open Sans', fontFiles=[], height=0.05, italic=False, languageStyle='LTR', name='text4', opacity=1.0, ori=0.0, pos=array([0.225, 0.08 ]), rgb=UNKNOWN, text='', units='norm', win=Window(...), wrapWidth=1)
15.0602 	EXP 	window1: mouseVisible = True
15.0612 	EXP 	Created text5 = TextStim(__class__=<class 'psychopy.visual.text.TextStim'>, alignHoriz=method-wrapper(...), alignText='center', alignVert=method-wrapper(...), anchorHoriz='center', anchorVert='center', antialias=True, autoDraw=False, autoLog=True, bold=False, color=array([1., 1., 1.]), colorSpace='rgb', contrast=1.0, depth=-5.0, draggable=False, flipHoriz=False, flipVert=False, font='Open Sans', fontFiles=[], height=0.05, italic=False, languageStyle='LTR', name='text5', opacity=1.0, ori=0.0, pos=array([-0.225, -0.08 ]), rgb=UNKNOWN, text='', units='norm', win=Window(...), wrapWidth=1)
15.0612 	EXP 	window1: mouseVisible = True
15.0622 	EXP 	Created text6 = TextStim(__class__=<class 'psychopy.visual.text.TextStim'>, alignHoriz=method-wrapper(...), alignText='center', alignVert=method-wrapper(...), anchorHoriz='center', anchorVert='center', antialias=True, autoDraw=False, autoLog=True, bold=False, color=array([1., 1., 1.]), colorSpace='rgb', contrast=1.0, depth=-6.0, draggable=False, flipHoriz=False, flipVert=False, font='Open Sans', fontFiles=[], height=0.05, italic=False, languageStyle='LTR', name='text6', opacity=1.0, ori=0.0, pos=array([-0.075, -0.08 ]), rgb=UNKNOWN, text='', units='norm', win=Window(...), wrapWidth=1)
15.0622 	EXP 	window1: mouseVisible = True
15.0632 	EXP 	Created text7 = TextStim(__class__=<class 'psychopy.visual.text.TextStim'>, alignHoriz=method-wrapper(...), alignText='center', alignVert=method-wrapper(...), anchorHoriz='center', anchorVert='center', antialias=True, autoDraw=False, autoLog=True, bold=False, color=array([1., 1., 1.]), colorSpace='rgb', contrast=1.0, depth=-7.0, draggable=False, flipHoriz=False, flipVert=False, font='Open Sans', fontFiles=[], height=0.05, italic=False, languageStyle='LTR', name='text7', opacity=1.0, ori=0.0, pos=array([ 0.075, -0.08 ]), rgb=UNKNOWN, text='', units='norm', win=Window(...), wrapWidth=1)
15.0632 	EXP 	window1: mouseVisible = True
15.0642 	EXP 	Created text8 = TextStim(__class__=<class 'psychopy.visual.text.TextStim'>, alignHoriz=method-wrapper(...), alignText='center', alignVert=method-wrapper(...), anchorHoriz='center', anchorVert='center', antialias=True, autoDraw=False, autoLog=True, bold=False, color=array([1., 1., 1.]), colorSpace='rgb', contrast=1.0, depth=-8.0, draggable=False, flipHoriz=False, flipVert=False, font='Open Sans', fontFiles=[], height=0.05, italic=False, languageStyle='LTR', name='text8', opacity=1.0, ori=0.0, pos=array([ 0.225, -0.08 ]), rgb=UNKNOWN, text='', units='norm', win=Window(...), wrapWidth=1)
15.0643 	EXP 	window1: mouseVisible = True
15.0652 	EXP 	Created num1 = TextStim(__class__=<class 'psychopy.visual.text.TextStim'>, alignHoriz=method-wrapper(...), alignText='center', alignVert=method-wrapper(...), anchorHoriz='center', anchorVert='center', antialias=True, autoDraw=False, autoLog=True, bold=False, color=array([1., 1., 1.]), colorSpace='rgb', contrast=1.0, depth=-10.0, draggable=False, flipHoriz=False, flipVert=False, font='Open Sans', fontFiles=[], height=0.1, italic=False, languageStyle='LTR', name='num1', opacity=1.0, ori=0.0, pos=array([-0.225,  0.24 ]), rgb=UNKNOWN, text='', units='norm', win=Window(...), wrapWidth=1)
15.0653 	EXP 	window1: mouseVisible = True
15.0663 	EXP 	Created num2 = TextStim(__class__=<class 'psychopy.visual.text.TextStim'>, alignHoriz=method-wrapper(...), alignText='center', alignVert=method-wrapper(...), anchorHoriz='center', anchorVert='center', antialias=True, autoDraw=False, autoLog=True, bold=False, color=array([1., 1., 1.]), colorSpace='rgb', contrast=1.0, depth=-11.0, draggable=False, flipHoriz=False, flipVert=False, font='Open Sans', fontFiles=[], height=0.1, italic=False, languageStyle='LTR', name='num2', opacity=1.0, ori=0.0, pos=array([-0.075,  0.24 ]), rgb=UNKNOWN, text='', units='norm', win=Window(...), wrapWidth=1)
15.0664 	EXP 	window1: mouseVisible = True
15.0673 	EXP 	Created num3 = TextStim(__class__=<class 'psychopy.visual.text.TextStim'>, alignHoriz=method-wrapper(...), alignText='center', alignVert=method-wrapper(...), anchorHoriz='center', anchorVert='center', antialias=True, autoDraw=False, autoLog=True, bold=False, color=array([1., 1., 1.]), colorSpace='rgb', contrast=1.0, depth=-12.0, draggable=False, flipHoriz=False, flipVert=False, font='Open Sans', fontFiles=[], height=0.1, italic=False, languageStyle='LTR', name='num3', opacity=1.0, ori=0.0, pos=array([0.075, 0.24 ]), rgb=UNKNOWN, text='', units='norm', win=Window(...), wrapWidth=1)
15.0674 	EXP 	window1: mouseVisible = True
15.0683 	EXP 	Created num4 = TextStim(__class__=<class 'psychopy.visual.text.TextStim'>, alignHoriz=method-wrapper(...), alignText='center', alignVert=method-wrapper(...), anchorHoriz='center', anchorVert='center', antialias=True, autoDraw=False, autoLog=True, bold=False, color=array([1., 1., 1.]), colorSpace='rgb', contrast=1.0, depth=-13.0, draggable=False, flipHoriz=False, flipVert=False, font='Open Sans', fontFiles=[], height=0.1, italic=False, languageStyle='LTR', name='num4', opacity=1.0, ori=0.0, pos=array([0.225, 0.24 ]), rgb=UNKNOWN, text='', units='norm', win=Window(...), wrapWidth=1)
15.0684 	EXP 	window1: mouseVisible = True
15.0701 	EXP 	Created fixCrossR = ShapeStim(__class__=<class 'psychopy.visual.shape.ShapeStim'>, anchor=('center', 'center'), autoDraw=False, autoLog=True, closeShape=True, color=method-wrapper(...), colorSpace='rgb', contrast=None, depth=0.0, draggable=False, fillColor=array([-1, -1, -1]), fillColorSpace='rgb', fillRGB=array([-1, -1, -1]), interpolate=True, lineColor=array([-1., -1., -1.]), lineColorSpace='rgb', lineRGB=array([-1, -1, -1]), lineWidth=1.0, name='fixCrossR', opacity=1.0, ori=0.0, pos=array([0., 0.]), size=array([0.02, 0.02]), units='height', vertices=ndarray(...), win=Window(...), windingRule=None)
15.0702 	EXP 	window1: mouseVisible = True
15.0714 	EXP 	Created text_total = TextStim(__class__=<class 'psychopy.visual.text.TextStim'>, alignHoriz=method-wrapper(...), alignText='center', alignVert=method-wrapper(...), anchorHoriz='center', anchorVert='center', antialias=True, autoDraw=False, autoLog=True, bold=False, color=array([1., 1., 1.]), colorSpace='rgb', contrast=1.0, depth=-1.0, draggable=False, flipHoriz=False, flipVert=False, font='Open Sans', fontFiles=[], height=0.05, italic=False, languageStyle='LTR', name='text_total', opacity=1.0, ori=0.0, pos=array([0., 0.]), rgb=UNKNOWN, text='', units='height', win=Window(...), wrapWidth=1)
15.0715 	EXP 	window1: mouseVisible = True
15.0728 	EXP 	Created text_acc = TextStim(__class__=<class 'psychopy.visual.text.TextStim'>, alignHoriz=method-wrapper(...), alignText='center', alignVert=method-wrapper(...), anchorHoriz='center', anchorVert='center', antialias=True, autoDraw=False, autoLog=True, bold=False, color=array([1., 1., 1.]), colorSpace='rgb', contrast=1.0, depth=-2.0, draggable=False, flipHoriz=False, flipVert=False, font='Open Sans', fontFiles=[], height=0.05, italic=False, languageStyle='LTR', name='text_acc', opacity=1.0, ori=0.0, pos=array([ 0. , -0.3]), rgb=UNKNOWN, text='', units='height', win=Window(...), wrapWidth=1)
0.0082 	EXP 	Created sequence: random, trialTypes=1, nReps=0, seed=None
0.0219 	EXP 	text_17: autoDraw = True
0.6108 	DATA 	Mouse: Left button down, pos=(1125,368)
0.7746 	DATA 	Mouse:  Left button up, pos=(1125,368)
1.7271 	EXP 	Imported participantData/s12/block_0/babySteps_s12.xlsx as conditions, 5 conditions, 15 params
1.7275 	EXP 	Created sequence: sequential, trialTypes=5, nReps=1, seed=None
1.7276 	EXP 	New trial (rep=0, index=0): {'category': 'shoe', 'orientation': 4, 'taskCue': 'stim//ori2.png', 'stimfile': 'stim//shoe4.png', 'resp1': 'Half Right', 'resp2': 'Half Left', 'resp3': 'Full Left', 'resp4': 'Full Right', 'resp5': 'Turtle', 'resp6': 'Horse', 'resp7': 'Shoe', 'resp8': 'Car', 'objFirst': False, 'correctButton': 4, 'interval': 2.476}
1.7325 	DATA 	Keypress: space
1.7399 	EXP 	text_17: autoDraw = False
1.7399 	EXP 	cue: image = 'stim//ori2.png'
1.7399 	EXP 	cue: autoDraw = True
2.7246 	EXP 	Created sequence: sequential, trialTypes=1, nReps=3, seed=None
2.7247 	EXP 	New trial (rep=0, index=0): None
2.9582 	EXP 	cue: autoDraw = False
2.9582 	EXP 	cue: autoDraw = False
2.9582 	EXP 	image: image = 'stim//shoe4.png'
2.9582 	EXP 	image: autoDraw = True
2.9582 	EXP 	fixCrossR_2: autoDraw = True
3.2080 	EXP 	image: autoDraw = False
3.2080 	EXP 	fixCrossR_2: autoDraw = False
3.2080 	EXP 	image: autoDraw = False
3.2080 	EXP 	fixCrossR_2: autoDraw = False
3.2080 	EXP 	fixCrossR_4: autoDraw = True
3.4422 	EXP 	New trial (rep=1, index=0): None
3.5748 	EXP 	fixCrossR_4: autoDraw = False
3.5748 	EXP 	fixCrossR_4: autoDraw = False
3.5748 	EXP 	image: image = 'stim//shoe4.png'
3.5748 	EXP 	image: autoDraw = True
3.5748 	EXP 	fixCrossR_2: autoDraw = True
3.8251 	EXP 	image: autoDraw = False
3.8251 	EXP 	fixCrossR_2: autoDraw = False
3.8251 	EXP 	image: autoDraw = False
3.8251 	EXP 	fixCrossR_2: autoDraw = False
3.8251 	EXP 	fixCrossR_4: autoDraw = True
4.0594 	EXP 	New trial (rep=2, index=0): None
4.2417 	EXP 	fixCrossR_4: autoDraw = False
4.2417 	EXP 	fixCrossR_4: autoDraw = False
4.2417 	EXP 	image: image = 'stim//shoe4.png'
4.2417 	EXP 	image: autoDraw = True
4.2417 	EXP 	fixCrossR_2: autoDraw = True
4.4922 	EXP 	image: autoDraw = False
4.4922 	EXP 	fixCrossR_2: autoDraw = False
4.4922 	EXP 	image: autoDraw = False
4.4922 	EXP 	fixCrossR_2: autoDraw = False
4.4922 	EXP 	fixCrossR_4: autoDraw = True
4.8432 	EXP 	fixCrossR_4: autoDraw = False
4.8432 	EXP 	fixCrossR_4: autoDraw = False
4.8432 	EXP 	fixCross_2: fillColor = <psychopy.colors.Color: black, alpha=1.0>
4.8432 	EXP 	fixCross_2: borderColor = <psychopy.colors.Color: black, alpha=1.0>
4.8432 	EXP 	text1_2: foreColor = <psychopy.colors.Color: white, alpha=1.0>
4.8432 	EXP 	text1_2: height = 0.05
4.8432 	EXP 	text1_2: height = 0.05
4.8432 	EXP 	text1_2: height = 0.05
4.8432 	EXP 	text1_2: text = 'Half Right'
4.8432 	EXP 	text2_2: foreColor = <psychopy.colors.Color: white, alpha=1.0>
4.8432 	EXP 	text2_2: height = 0.05
4.8432 	EXP 	text2_2: height = 0.05
4.8432 	EXP 	text2_2: height = 0.05
4.8432 	EXP 	text2_2: text = 'Half Left'
4.8432 	EXP 	text3_2: foreColor = <psychopy.colors.Color: white, alpha=1.0>
4.8432 	EXP 	text3_2: height = 0.05
4.8432 	EXP 	text3_2: height = 0.05
4.8432 	EXP 	text3_2: height = 0.05
4.8432 	EXP 	text3_2: text = 'Full Left'
4.8432 	EXP 	text4_2: foreColor = <psychopy.colors.Color: white, alpha=1.0>
4.8432 	EXP 	text4_2: height = 0.05
4.8432 	EXP 	text4_2: height = 0.05
4.8432 	EXP 	text4_2: height = 0.05
4.8432 	EXP 	text4_2: text = 'Full Right'
4.8432 	EXP 	text5_2: foreColor = <psychopy.colors.Color: white, alpha=1.0>
4.8432 	EXP 	text5_2: height = 0.05
4.8432 	EXP 	text5_2: height = 0.05
4.8432 	EXP 	text5_2: height = 0.05
4.8432 	EXP 	text5_2: text = 'Turtle'
4.8432 	EXP 	text6_2: foreColor = <psychopy.colors.Color: white, alpha=1.0>
4.8432 	EXP 	text6_2: height = 0.05
4.8432 	EXP 	text6_2: height = 0.05
4.8432 	EXP 	text6_2: height = 0.05
4.8432 	EXP 	text6_2: text = 'Horse'
4.8432 	EXP 	text7_2: foreColor = <psychopy.colors.Color: white, alpha=1.0>
4.8432 	EXP 	text7_2: height = 0.05
4.8432 	EXP 	text7_2: height = 0.05
4.8432 	EXP 	text7_2: height = 0.05
4.8432 	EXP 	text7_2: text = 'Shoe'
4.8432 	EXP 	text8_2: foreColor = <psychopy.colors.Color: white, alpha=1.0>
4.8432 	EXP 	text8_2: height = 0.05
4.8432 	EXP 	text8_2: height = 0.05
4.8432 	EXP 	text8_2: height = 0.05
4.8432 	EXP 	text8_2: text = 'Car'
4.8432 	EXP 	num1_2: foreColor = <psychopy.colors.Color: white, alpha=1.0>
4.8432 	EXP 	num1_2: height = 0.1
4.8432 	EXP 	num1_2: height = 0.1
4.8432 	EXP 	num1_2: height = 0.1
4.8432 	EXP 	num1_2: text = '1'
4.8432 	EXP 	num2_2: foreColor = <psychopy.colors.Color: white, alpha=1.0>
4.8432 	EXP 	num2_2: height = 0.1
4.8432 	EXP 	num2_2: height = 0.1
4.8432 	EXP 	num2_2: height = 0.1
4.8432 	EXP 	num2_2: text = '2'
4.8432 	EXP 	num3_2: foreColor = <psychopy.colors.Color: white, alpha=1.0>
4.8432 	EXP 	num3_2: height = 0.1
4.8432 	EXP 	num3_2: height = 0.1
4.8432 	EXP 	num3_2: height = 0.1
4.8432 	EXP 	num3_2: text = '3'
4.8432 	EXP 	num4_2: foreColor = <psychopy.colors.Color: white, alpha=1.0>
4.8432 	EXP 	num4_2: height = 0.1
4.8432 	EXP 	num4_2: height = 0.1
4.8432 	EXP 	num4_2: height = 0.1
4.8432 	EXP 	num4_2: text = '4'
4.8432 	EXP 	fixCross_2: autoDraw = True
4.8432 	EXP 	text1_2: autoDraw = True
4.8432 	EXP 	text2_2: autoDraw = True
4.8432 	EXP 	text3_2: autoDraw = True
4.8432 	EXP 	text4_2: autoDraw = True
4.8432 	EXP 	text5_2: autoDraw = True
4.8432 	EXP 	text6_2: autoDraw = True
4.8432 	EXP 	text7_2: autoDraw = True
4.8432 	EXP 	text8_2: autoDraw = True
4.8432 	EXP 	num1_2: autoDraw = True
4.8432 	EXP 	num2_2: autoDraw = True
4.8432 	EXP 	num3_2: autoDraw = True
4.8432 	EXP 	num4_2: autoDraw = True
5.6442 	DATA 	Keypress: 3
5.6599 	EXP 	text4_2: foreColor = <psychopy.colors.Color: (0.0, 1.0, 0.0, 1.0)>
5.6599 	EXP 	text8_2: foreColor = <psychopy.colors.Color: (0.0, 1.0, 0.0, 1.0)>
5.6599 	EXP 	num4_2: foreColor = <psychopy.colors.Color: (0.0, 1.0, 0.0, 1.0)>
5.6599 	EXP 	text4_2: foreColor = <psychopy.colors.Color: (0.0, 1.0, 0.0, 1.0)>
5.6599 	EXP 	text8_2: foreColor = <psychopy.colors.Color: (0.0, 1.0, 0.0, 1.0)>
5.6599 	EXP 	num4_2: foreColor = <psychopy.colors.Color: (0.0, 1.0, 0.0, 1.0)>
5.6599 	EXP 	fixCross_2: foreColor = <psychopy.colors.Color: (1.0, 0.0, 0.0, 1.0)>
5.6599 	EXP 	fixCross_2: borderColor = <psychopy.colors.Color: (1.0, 0.0, 0.0, 1.0)>
5.6599 	EXP 	fixCross_2: fillColor = <psychopy.colors.Color: (1.0, 0.0, 0.0, 1.0)>
5.6599 	EXP 	text3_2: foreColor = <psychopy.colors.Color: (1.0, 0.0, 0.0, 1.0)>
5.6599 	EXP 	text7_2: foreColor = <psychopy.colors.Color: (1.0, 0.0, 0.0, 1.0)>
5.6599 	EXP 	num3_2: foreColor = <psychopy.colors.Color: (1.0, 0.0, 0.0, 1.0)>
5.6599 	EXP 	text4_2: foreColor = <psychopy.colors.Color: (0.0, 1.0, 0.0, 1.0)>
5.6599 	EXP 	text8_2: foreColor = <psychopy.colors.Color: (0.0, 1.0, 0.0, 1.0)>
5.6599 	EXP 	num4_2: foreColor = <psychopy.colors.Color: (0.0, 1.0, 0.0, 1.0)>
5.6599 	EXP 	text4_2: foreColor = <psychopy.colors.Color: (0.0, 1.0, 0.0, 1.0)>
5.6599 	EXP 	text8_2: foreColor = <psychopy.colors.Color: (0.0, 1.0, 0.0, 1.0)>
5.6599 	EXP 	num4_2: foreColor = <psychopy.colors.Color: (0.0, 1.0, 0.0, 1.0)>
8.6495 	EXP 	New trial (rep=0, index=1): {'category': 'turtle', 'orientation': 4, 'taskCue': 'stim//obj2.png', 'stimfile': 'stim//turtle4.png', 'resp1': 'Turtle', 'resp2': 'Car', 'resp3': 'Horse', 'resp4': 'Shoe', 'resp5': 'Full Left', 'resp6': 'Half Right', 'resp7': 'Full Right', 'resp8': 'Half Left', 'objFirst': True, 'correctButton': 1, 'interval': 2.499}
8.6622 	EXP 	fixCross_2: autoDraw = False
8.6622 	EXP 	text1_2: autoDraw = False
8.6622 	EXP 	text2_2: autoDraw = False
8.6622 	EXP 	text3_2: autoDraw = False
8.6622 	EXP 	text4_2: autoDraw = False
8.6622 	EXP 	text5_2: autoDraw = False
8.6622 	EXP 	text6_2: autoDraw = False
8.6622 	EXP 	text7_2: autoDraw = False
8.6622 	EXP 	text8_2: autoDraw = False
8.6622 	EXP 	num1_2: autoDraw = False
8.6622 	EXP 	num2_2: autoDraw = False
8.6622 	EXP 	num3_2: autoDraw = False
8.6622 	EXP 	num4_2: autoDraw = False
8.6622 	EXP 	fixCross: foreColor = <psychopy.colors.Color: transparent, alpha=1.0>
8.6622 	EXP 	fixCross: borderColor = <psychopy.colors.Color: transparent, alpha=1.0>
8.6622 	EXP 	fixCross: fillColor = <psychopy.colors.Color: transparent, alpha=1.0>
8.6622 	EXP 	cue: image = 'stim//obj2.png'
8.6622 	EXP 	cue: autoDraw = True
9.6477 	EXP 	Created sequence: sequential, trialTypes=1, nReps=3, seed=None
9.6478 	EXP 	New trial (rep=0, index=0): None
9.7640 	EXP 	cue: autoDraw = False
9.7640 	EXP 	cue: autoDraw = False
9.7640 	EXP 	image: image = 'stim//turtle4.png'
9.7640 	EXP 	image: autoDraw = True
9.7640 	EXP 	fixCrossR_2: autoDraw = True
10.0138 	EXP 	image: autoDraw = False
10.0138 	EXP 	fixCrossR_2: autoDraw = False
10.0138 	EXP 	image: autoDraw = False
10.0138 	EXP 	fixCrossR_2: autoDraw = False
10.0138 	EXP 	fixCrossR_4: autoDraw = True
10.2484 	EXP 	New trial (rep=1, index=0): None
10.3636 	EXP 	fixCrossR_4: autoDraw = False
10.3636 	EXP 	fixCrossR_4: autoDraw = False
10.3636 	EXP 	image: image = 'stim//turtle4.png'
10.3636 	EXP 	image: autoDraw = True
10.3636 	EXP 	fixCrossR_2: autoDraw = True
10.6140 	EXP 	image: autoDraw = False
10.6140 	EXP 	fixCrossR_2: autoDraw = False
10.6140 	EXP 	image: autoDraw = False
10.6140 	EXP 	fixCrossR_2: autoDraw = False
10.6140 	EXP 	fixCrossR_4: autoDraw = True
10.8483 	EXP 	New trial (rep=2, index=0): None
11.0475 	EXP 	fixCrossR_4: autoDraw = False
11.0475 	EXP 	fixCrossR_4: autoDraw = False
11.0475 	EXP 	image: image = 'stim//turtle4.png'
11.0475 	EXP 	image: autoDraw = True
11.0475 	EXP 	fixCrossR_2: autoDraw = True
11.2980 	EXP 	image: autoDraw = False
11.2980 	EXP 	fixCrossR_2: autoDraw = False
11.2980 	EXP 	image: autoDraw = False
11.2980 	EXP 	fixCrossR_2: autoDraw = False
11.2980 	EXP 	fixCrossR_4: autoDraw = True
11.5815 	EXP 	fixCrossR_4: autoDraw = False
11.5815 	EXP 	fixCrossR_4: autoDraw = False
11.5815 	EXP 	fixCross_2: fillColor = <psychopy.colors.Color: black, alpha=1.0>
11.5815 	EXP 	fixCross_2: borderColor = <psychopy.colors.Color: black, alpha=1.0>
11.5815 	EXP 	text1_2: foreColor = <psychopy.colors.Color: white, alpha=1.0>
11.5815 	EXP 	text1_2: height = 0.05
11.5815 	EXP 	text1_2: height = 0.05
11.5815 	EXP 	text1_2: height = 0.05
11.5815 	EXP 	text1_2: text = 'Turtle'
11.5815 	EXP 	text2_2: foreColor = <psychopy.colors.Color: white, alpha=1.0>
11.5815 	EXP 	text2_2: height = 0.05
11.5815 	EXP 	text2_2: height = 0.05
11.5815 	EXP 	text2_2: height = 0.05
11.5815 	EXP 	text2_2: text = 'Car'
11.5815 	EXP 	text3_2: foreColor = <psychopy.colors.Color: white, alpha=1.0>
11.5815 	EXP 	text3_2: height = 0.05
11.5815 	EXP 	text3_2: height = 0.05
11.5815 	EXP 	text3_2: height = 0.05
11.5815 	EXP 	text3_2: text = 'Horse'
11.5815 	EXP 	text4_2: foreColor = <psychopy.colors.Color: white, alpha=1.0>
11.5815 	EXP 	text4_2: height = 0.05
11.5815 	EXP 	text4_2: height = 0.05
11.5815 	EXP 	text4_2: height = 0.05
11.5815 	EXP 	text4_2: text = 'Shoe'
11.5815 	EXP 	text5_2: foreColor = <psychopy.colors.Color: white, alpha=1.0>
11.5815 	EXP 	text5_2: height = 0.05
11.5815 	EXP 	text5_2: height = 0.05
11.5815 	EXP 	text5_2: height = 0.05
11.5815 	EXP 	text5_2: text = 'Full Left'
11.5815 	EXP 	text6_2: foreColor = <psychopy.colors.Color: white, alpha=1.0>
11.5815 	EXP 	text6_2: height = 0.05
11.5815 	EXP 	text6_2: height = 0.05
11.5815 	EXP 	text6_2: height = 0.05
11.5815 	EXP 	text6_2: text = 'Half Right'
11.5815 	EXP 	text7_2: foreColor = <psychopy.colors.Color: white, alpha=1.0>
11.5815 	EXP 	text7_2: height = 0.05
11.5815 	EXP 	text7_2: height = 0.05
11.5815 	EXP 	text7_2: height = 0.05
11.5815 	EXP 	text7_2: text = 'Full Right'
11.5815 	EXP 	text8_2: foreColor = <psychopy.colors.Color: white, alpha=1.0>
11.5815 	EXP 	text8_2: height = 0.05
11.5815 	EXP 	text8_2: height = 0.05
11.5815 	EXP 	text8_2: height = 0.05
11.5815 	EXP 	text8_2: text = 'Half Left'
11.5815 	EXP 	num1_2: foreColor = <psychopy.colors.Color: white, alpha=1.0>
11.5815 	EXP 	num1_2: text = '1'
11.5815 	EXP 	num2_2: foreColor = <psychopy.colors.Color: white, alpha=1.0>
11.5815 	EXP 	num2_2: text = '2'
11.5815 	EXP 	num3_2: foreColor = <psychopy.colors.Color: white, alpha=1.0>
11.5815 	EXP 	num3_2: text = '3'
11.5815 	EXP 	num4_2: foreColor = <psychopy.colors.Color: white, alpha=1.0>
11.5815 	EXP 	num4_2: text = '4'
11.5815 	EXP 	fixCross_2: autoDraw = True
11.5815 	EXP 	text1_2: autoDraw = True
11.5815 	EXP 	text2_2: autoDraw = True
11.5815 	EXP 	text3_2: autoDraw = True
11.5815 	EXP 	text4_2: autoDraw = True
11.5815 	EXP 	text5_2: autoDraw = True
11.5815 	EXP 	text6_2: autoDraw = True
11.5815 	EXP 	text7_2: autoDraw = True
11.5815 	EXP 	text8_2: autoDraw = True
11.5815 	EXP 	num1_2: autoDraw = True
11.5815 	EXP 	num2_2: autoDraw = True
11.5815 	EXP 	num3_2: autoDraw = True
11.5815 	EXP 	num4_2: autoDraw = True
12.4396 	DATA 	Keypress: 1
12.4655 	EXP 	fixCross_2: foreColor = <psychopy.colors.Color: (1.0, 0.0, 0.0, 1.0)>
12.4655 	EXP 	fixCross_2: borderColor = <psychopy.colors.Color: (1.0, 0.0, 0.0, 1.0)>
12.4655 	EXP 	fixCross_2: fillColor = <psychopy.colors.Color: (1.0, 0.0, 0.0, 1.0)>
12.4655 	EXP 	text1_2: foreColor = <psychopy.colors.Color: (1.0, 0.0, 0.0, 1.0)>
12.4655 	EXP 	text5_2: foreColor = <psychopy.colors.Color: (1.0, 0.0, 0.0, 1.0)>
12.4655 	EXP 	num1_2: foreColor = <psychopy.colors.Color: (1.0, 0.0, 0.0, 1.0)>
12.4655 	EXP 	text1_2: foreColor = <psychopy.colors.Color: (0.0, 1.0, 0.0, 1.0)>
12.4655 	EXP 	text5_2: foreColor = <psychopy.colors.Color: (0.0, 1.0, 0.0, 1.0)>
12.4655 	EXP 	num1_2: foreColor = <psychopy.colors.Color: (0.0, 1.0, 0.0, 1.0)>
12.4655 	EXP 	text1_2: foreColor = <psychopy.colors.Color: (0.0, 1.0, 0.0, 1.0)>
12.4655 	EXP 	text5_2: foreColor = <psychopy.colors.Color: (0.0, 1.0, 0.0, 1.0)>
12.4655 	EXP 	num1_2: foreColor = <psychopy.colors.Color: (0.0, 1.0, 0.0, 1.0)>
12.4655 	EXP 	text1_2: foreColor = <psychopy.colors.Color: (0.0, 1.0, 0.0, 1.0)>
12.4655 	EXP 	text5_2: foreColor = <psychopy.colors.Color: (0.0, 1.0, 0.0, 1.0)>
12.4655 	EXP 	num1_2: foreColor = <psychopy.colors.Color: (0.0, 1.0, 0.0, 1.0)>
12.4655 	EXP 	text1_2: foreColor = <psychopy.colors.Color: (0.0, 1.0, 0.0, 1.0)>
12.4655 	EXP 	text5_2: foreColor = <psychopy.colors.Color: (0.0, 1.0, 0.0, 1.0)>
12.4655 	EXP 	num1_2: foreColor = <psychopy.colors.Color: (0.0, 1.0, 0.0, 1.0)>
15.4537 	EXP 	New trial (rep=0, index=2): {'category': 'turtle', 'orientation': 3, 'taskCue': 'stim//ori1.png', 'stimfile': 'stim//turtle3.png', 'resp1': 'Full Left', 'resp2': 'Full Right', 'resp3': 'Half Left', 'resp4': 'Half Right', 'resp5': 'Car', 'resp6': 'Shoe', 'resp7': 'Turtle', 'resp8': 'Horse', 'objFirst': False, 'correctButton': 4, 'interval': 2.49}
15.4679 	EXP 	fixCross_2: autoDraw = False
15.4679 	EXP 	text1_2: autoDraw = False
15.4679 	EXP 	text2_2: autoDraw = False
15.4679 	EXP 	text3_2: autoDraw = False
15.4679 	EXP 	text4_2: autoDraw = False
15.4679 	EXP 	text5_2: autoDraw = False
15.4679 	EXP 	text6_2: autoDraw = False
15.4679 	EXP 	text7_2: autoDraw = False
15.4679 	EXP 	text8_2: autoDraw = False
15.4679 	EXP 	num1_2: autoDraw = False
15.4679 	EXP 	num2_2: autoDraw = False
15.4679 	EXP 	num3_2: autoDraw = False
15.4679 	EXP 	num4_2: autoDraw = False
15.4679 	EXP 	fixCross: foreColor = <psychopy.colors.Color: transparent, alpha=1.0>
15.4679 	EXP 	fixCross: borderColor = <psychopy.colors.Color: transparent, alpha=1.0>
15.4679 	EXP 	fixCross: fillColor = <psychopy.colors.Color: transparent, alpha=1.0>
15.4679 	EXP 	cue: image = 'stim//ori1.png'
15.4679 	EXP 	cue: autoDraw = True
16.4535 	EXP 	Created sequence: sequential, trialTypes=1, nReps=3, seed=None
16.4538 	EXP 	New trial (rep=0, index=0): None
16.5856 	EXP 	cue: autoDraw = False
16.5856 	EXP 	cue: autoDraw = False
16.5856 	EXP 	image: image = 'stim//turtle3.png'
16.5856 	EXP 	image: autoDraw = True
16.5856 	EXP 	fixCrossR_2: autoDraw = True
16.8359 	EXP 	image: autoDraw = False
16.8359 	EXP 	fixCrossR_2: autoDraw = False
16.8359 	EXP 	image: autoDraw = False
16.8359 	EXP 	fixCrossR_2: autoDraw = False
16.8359 	EXP 	fixCrossR_4: autoDraw = True
17.0706 	EXP 	New trial (rep=1, index=0): None
17.1858 	EXP 	fixCrossR_4: autoDraw = False
17.1858 	EXP 	fixCrossR_4: autoDraw = False
17.1858 	EXP 	image: image = 'stim//turtle3.png'
17.1858 	EXP 	image: autoDraw = True
17.1858 	EXP 	fixCrossR_2: autoDraw = True
17.4363 	EXP 	image: autoDraw = False
17.4363 	EXP 	fixCrossR_2: autoDraw = False
17.4363 	EXP 	image: autoDraw = False
17.4363 	EXP 	fixCrossR_2: autoDraw = False
17.4363 	EXP 	fixCrossR_4: autoDraw = True
17.6704 	EXP 	New trial (rep=2, index=0): None
17.8536 	EXP 	fixCrossR_4: autoDraw = False
17.8536 	EXP 	fixCrossR_4: autoDraw = False
17.8536 	EXP 	image: image = 'stim//turtle3.png'
17.8536 	EXP 	image: autoDraw = True
17.8536 	EXP 	fixCrossR_2: autoDraw = True
18.1035 	EXP 	image: autoDraw = False
18.1035 	EXP 	fixCrossR_2: autoDraw = False
18.1035 	EXP 	image: autoDraw = False
18.1035 	EXP 	fixCrossR_2: autoDraw = False
18.1035 	EXP 	fixCrossR_4: autoDraw = True
18.3870 	EXP 	fixCrossR_4: autoDraw = False
18.3870 	EXP 	fixCrossR_4: autoDraw = False
18.3870 	EXP 	fixCross_2: fillColor = <psychopy.colors.Color: black, alpha=1.0>
18.3870 	EXP 	fixCross_2: borderColor = <psychopy.colors.Color: black, alpha=1.0>
18.3870 	EXP 	text1_2: foreColor = <psychopy.colors.Color: white, alpha=1.0>
18.3870 	EXP 	text1_2: height = 0.05
18.3870 	EXP 	text1_2: height = 0.05
18.3870 	EXP 	text1_2: height = 0.05
18.3870 	EXP 	text1_2: text = 'Full Left'
18.3870 	EXP 	text2_2: foreColor = <psychopy.colors.Color: white, alpha=1.0>
18.3870 	EXP 	text2_2: height = 0.05
18.3870 	EXP 	text2_2: height = 0.05
18.3870 	EXP 	text2_2: height = 0.05
18.3870 	EXP 	text2_2: text = 'Full Right'
18.3870 	EXP 	text3_2: foreColor = <psychopy.colors.Color: white, alpha=1.0>
18.3870 	EXP 	text3_2: height = 0.05
18.3870 	EXP 	text3_2: height = 0.05
18.3870 	EXP 	text3_2: height = 0.05
18.3870 	EXP 	text3_2: text = 'Half Left'
18.3870 	EXP 	text4_2: foreColor = <psychopy.colors.Color: white, alpha=1.0>
18.3870 	EXP 	text4_2: height = 0.05
18.3870 	EXP 	text4_2: height = 0.05
18.3870 	EXP 	text4_2: height = 0.05
18.3870 	EXP 	text4_2: text = 'Half Right'
18.3870 	EXP 	text5_2: foreColor = <psychopy.colors.Color: white, alpha=1.0>
18.3870 	EXP 	text5_2: height = 0.05
18.3870 	EXP 	text5_2: height = 0.05
18.3870 	EXP 	text5_2: height = 0.05
18.3870 	EXP 	text5_2: text = 'Car'
18.3870 	EXP 	text6_2: foreColor = <psychopy.colors.Color: white, alpha=1.0>
18.3870 	EXP 	text6_2: height = 0.05
18.3870 	EXP 	text6_2: height = 0.05
18.3870 	EXP 	text6_2: height = 0.05
18.3870 	EXP 	text6_2: text = 'Shoe'
18.3870 	EXP 	text7_2: foreColor = <psychopy.colors.Color: white, alpha=1.0>
18.3870 	EXP 	text7_2: height = 0.05
18.3870 	EXP 	text7_2: height = 0.05
18.3870 	EXP 	text7_2: height = 0.05
18.3870 	EXP 	text7_2: text = 'Turtle'
18.3870 	EXP 	text8_2: foreColor = <psychopy.colors.Color: white, alpha=1.0>
18.3870 	EXP 	text8_2: height = 0.05
18.3870 	EXP 	text8_2: height = 0.05
18.3870 	EXP 	text8_2: height = 0.05
18.3870 	EXP 	text8_2: text = 'Horse'
18.3870 	EXP 	num1_2: foreColor = <psychopy.colors.Color: white, alpha=1.0>
18.3870 	EXP 	num1_2: text = '1'
18.3870 	EXP 	num2_2: foreColor = <psychopy.colors.Color: white, alpha=1.0>
18.3870 	EXP 	num2_2: text = '2'
18.3870 	EXP 	num3_2: foreColor = <psychopy.colors.Color: white, alpha=1.0>
18.3870 	EXP 	num3_2: text = '3'
18.3870 	EXP 	num4_2: foreColor = <psychopy.colors.Color: white, alpha=1.0>
18.3870 	EXP 	num4_2: text = '4'
18.3870 	EXP 	fixCross_2: autoDraw = True
18.3870 	EXP 	text1_2: autoDraw = True
18.3870 	EXP 	text2_2: autoDraw = True
18.3870 	EXP 	text3_2: autoDraw = True
18.3870 	EXP 	text4_2: autoDraw = True
18.3870 	EXP 	text5_2: autoDraw = True
18.3870 	EXP 	text6_2: autoDraw = True
18.3870 	EXP 	text7_2: autoDraw = True
18.3870 	EXP 	text8_2: autoDraw = True
18.3870 	EXP 	num1_2: autoDraw = True
18.3870 	EXP 	num2_2: autoDraw = True
18.3870 	EXP 	num3_2: autoDraw = True
18.3870 	EXP 	num4_2: autoDraw = True
20.6396 	DATA 	Keypress: 4
20.6556 	EXP 	text4_2: foreColor = <psychopy.colors.Color: (0.0, 1.0, 0.0, 1.0)>
20.6556 	EXP 	text8_2: foreColor = <psychopy.colors.Color: (0.0, 1.0, 0.0, 1.0)>
20.6556 	EXP 	num4_2: foreColor = <psychopy.colors.Color: (0.0, 1.0, 0.0, 1.0)>
20.6556 	EXP 	text4_2: foreColor = <psychopy.colors.Color: (0.0, 1.0, 0.0, 1.0)>
20.6556 	EXP 	text8_2: foreColor = <psychopy.colors.Color: (0.0, 1.0, 0.0, 1.0)>
20.6556 	EXP 	num4_2: foreColor = <psychopy.colors.Color: (0.0, 1.0, 0.0, 1.0)>
20.6556 	EXP 	text4_2: foreColor = <psychopy.colors.Color: (0.0, 1.0, 0.0, 1.0)>
20.6556 	EXP 	text8_2: foreColor = <psychopy.colors.Color: (0.0, 1.0, 0.0, 1.0)>
20.6556 	EXP 	num4_2: foreColor = <psychopy.colors.Color: (0.0, 1.0, 0.0, 1.0)>
20.6556 	EXP 	fixCross_2: foreColor = <psychopy.colors.Color: (1.0, 0.0, 0.0, 1.0)>
20.6556 	EXP 	fixCross_2: borderColor = <psychopy.colors.Color: (1.0, 0.0, 0.0, 1.0)>
20.6556 	EXP 	fixCross_2: fillColor = <psychopy.colors.Color: (1.0, 0.0, 0.0, 1.0)>
20.6556 	EXP 	text4_2: foreColor = <psychopy.colors.Color: (1.0, 0.0, 0.0, 1.0)>
20.6556 	EXP 	text8_2: foreColor = <psychopy.colors.Color: (1.0, 0.0, 0.0, 1.0)>
20.6556 	EXP 	num4_2: foreColor = <psychopy.colors.Color: (1.0, 0.0, 0.0, 1.0)>
20.6556 	EXP 	text4_2: foreColor = <psychopy.colors.Color: (0.0, 1.0, 0.0, 1.0)>
20.6556 	EXP 	text8_2: foreColor = <psychopy.colors.Color: (0.0, 1.0, 0.0, 1.0)>
20.6556 	EXP 	num4_2: foreColor = <psychopy.colors.Color: (0.0, 1.0, 0.0, 1.0)>
23.6438 	EXP 	New trial (rep=0, index=3): {'category': 'car', 'orientation': 3, 'taskCue': 'stim//ori1.png', 'stimfile': 'stim//car3.png', 'resp1': 'Horse', 'resp2': 'Car', 'resp3': 'Turtle', 'resp4': 'Shoe', 'resp5': 'Full Right', 'resp6': 'Full Left', 'resp7': 'Half Left', 'resp8': 'Half Right', 'objFirst': True, 'correctButton': 4, 'interval': 2.453}
23.6580 	EXP 	fixCross_2: autoDraw = False
23.6580 	EXP 	text1_2: autoDraw = False
23.6580 	EXP 	text2_2: autoDraw = False
23.6580 	EXP 	text3_2: autoDraw = False
23.6580 	EXP 	text4_2: autoDraw = False
23.6580 	EXP 	text5_2: autoDraw = False
23.6580 	EXP 	text6_2: autoDraw = False
23.6580 	EXP 	text7_2: autoDraw = False
23.6580 	EXP 	text8_2: autoDraw = False
23.6580 	EXP 	num1_2: autoDraw = False
23.6580 	EXP 	num2_2: autoDraw = False
23.6580 	EXP 	num3_2: autoDraw = False
23.6580 	EXP 	num4_2: autoDraw = False
23.6580 	EXP 	fixCross: foreColor = <psychopy.colors.Color: transparent, alpha=1.0>
23.6580 	EXP 	fixCross: borderColor = <psychopy.colors.Color: transparent, alpha=1.0>
23.6580 	EXP 	fixCross: fillColor = <psychopy.colors.Color: transparent, alpha=1.0>
23.6580 	EXP 	cue: image = 'stim//ori1.png'
23.6580 	EXP 	cue: autoDraw = True
24.6430 	EXP 	Created sequence: sequential, trialTypes=1, nReps=3, seed=None
24.6432 	EXP 	New trial (rep=0, index=0): None
24.7590 	EXP 	cue: autoDraw = False
24.7590 	EXP 	cue: autoDraw = False
24.7590 	EXP 	image: image = 'stim//car3.png'
24.7590 	EXP 	image: autoDraw = True
24.7590 	EXP 	fixCrossR_2: autoDraw = True
25.0093 	EXP 	image: autoDraw = False
25.0093 	EXP 	fixCrossR_2: autoDraw = False
25.0093 	EXP 	image: autoDraw = False
25.0093 	EXP 	fixCrossR_2: autoDraw = False
25.0093 	EXP 	fixCrossR_4: autoDraw = True
25.2437 	EXP 	New trial (rep=1, index=0): None
25.3763 	EXP 	fixCrossR_4: autoDraw = False
25.3763 	EXP 	fixCrossR_4: autoDraw = False
25.3763 	EXP 	image: image = 'stim//car3.png'
25.3763 	EXP 	image: autoDraw = True
25.3763 	EXP 	fixCrossR_2: autoDraw = True
25.6263 	EXP 	image: autoDraw = False
25.6263 	EXP 	fixCrossR_2: autoDraw = False
25.6263 	EXP 	image: autoDraw = False
25.6263 	EXP 	fixCrossR_2: autoDraw = False
25.6263 	EXP 	fixCrossR_4: autoDraw = True
25.8614 	EXP 	New trial (rep=2, index=0): None
26.0599 	EXP 	fixCrossR_4: autoDraw = False
26.0599 	EXP 	fixCrossR_4: autoDraw = False
26.0599 	EXP 	image: image = 'stim//car3.png'
26.0599 	EXP 	image: autoDraw = True
26.0599 	EXP 	fixCrossR_2: autoDraw = True
26.3102 	EXP 	image: autoDraw = False
26.3102 	EXP 	fixCrossR_2: autoDraw = False
26.3102 	EXP 	image: autoDraw = False
26.3102 	EXP 	fixCrossR_2: autoDraw = False
26.3102 	EXP 	fixCrossR_4: autoDraw = True
26.5936 	EXP 	fixCrossR_4: autoDraw = False
26.5936 	EXP 	fixCrossR_4: autoDraw = False
26.5936 	EXP 	fixCross_2: fillColor = <psychopy.colors.Color: black, alpha=1.0>
26.5936 	EXP 	fixCross_2: borderColor = <psychopy.colors.Color: black, alpha=1.0>
26.5936 	EXP 	text1_2: foreColor = <psychopy.colors.Color: white, alpha=1.0>
26.5936 	EXP 	text1_2: height = 0.05
26.5936 	EXP 	text1_2: height = 0.05
26.5936 	EXP 	text1_2: height = 0.05
26.5936 	EXP 	text1_2: text = 'Horse'
26.5936 	EXP 	text2_2: foreColor = <psychopy.colors.Color: white, alpha=1.0>
26.5936 	EXP 	text2_2: height = 0.05
26.5936 	EXP 	text2_2: height = 0.05
26.5936 	EXP 	text2_2: height = 0.05
26.5936 	EXP 	text2_2: text = 'Car'
26.5936 	EXP 	text3_2: foreColor = <psychopy.colors.Color: white, alpha=1.0>
26.5936 	EXP 	text3_2: height = 0.05
26.5936 	EXP 	text3_2: height = 0.05
26.5936 	EXP 	text3_2: height = 0.05
26.5936 	EXP 	text3_2: text = 'Turtle'
26.5936 	EXP 	text4_2: foreColor = <psychopy.colors.Color: white, alpha=1.0>
26.5936 	EXP 	text4_2: height = 0.05
26.5936 	EXP 	text4_2: height = 0.05
26.5936 	EXP 	text4_2: height = 0.05
26.5936 	EXP 	text4_2: text = 'Shoe'
26.5936 	EXP 	text5_2: foreColor = <psychopy.colors.Color: white, alpha=1.0>
26.5936 	EXP 	text5_2: height = 0.05
26.5936 	EXP 	text5_2: height = 0.05
26.5936 	EXP 	text5_2: height = 0.05
26.5936 	EXP 	text5_2: text = 'Full Right'
26.5936 	EXP 	text6_2: foreColor = <psychopy.colors.Color: white, alpha=1.0>
26.5936 	EXP 	text6_2: height = 0.05
26.5936 	EXP 	text6_2: height = 0.05
26.5936 	EXP 	text6_2: height = 0.05
26.5936 	EXP 	text6_2: text = 'Full Left'
26.5936 	EXP 	text7_2: foreColor = <psychopy.colors.Color: white, alpha=1.0>
26.5936 	EXP 	text7_2: height = 0.05
26.5936 	EXP 	text7_2: height = 0.05
26.5936 	EXP 	text7_2: height = 0.05
26.5936 	EXP 	text7_2: text = 'Half Left'
26.5936 	EXP 	text8_2: foreColor = <psychopy.colors.Color: white, alpha=1.0>
26.5936 	EXP 	text8_2: height = 0.05
26.5936 	EXP 	text8_2: height = 0.05
26.5936 	EXP 	text8_2: height = 0.05
26.5936 	EXP 	text8_2: text = 'Half Right'
26.5936 	EXP 	num1_2: foreColor = <psychopy.colors.Color: white, alpha=1.0>
26.5936 	EXP 	num1_2: text = '1'
26.5936 	EXP 	num2_2: foreColor = <psychopy.colors.Color: white, alpha=1.0>
26.5936 	EXP 	num2_2: text = '2'
26.5936 	EXP 	num3_2: foreColor = <psychopy.colors.Color: white, alpha=1.0>
26.5936 	EXP 	num3_2: text = '3'
26.5936 	EXP 	num4_2: foreColor = <psychopy.colors.Color: white, alpha=1.0>
26.5936 	EXP 	num4_2: text = '4'
26.5936 	EXP 	fixCross_2: autoDraw = True
26.5936 	EXP 	text1_2: autoDraw = True
26.5936 	EXP 	text2_2: autoDraw = True
26.5936 	EXP 	text3_2: autoDraw = True
26.5936 	EXP 	text4_2: autoDraw = True
26.5936 	EXP 	text5_2: autoDraw = True
26.5936 	EXP 	text6_2: autoDraw = True
26.5936 	EXP 	text7_2: autoDraw = True
26.5936 	EXP 	text8_2: autoDraw = True
26.5936 	EXP 	num1_2: autoDraw = True
26.5936 	EXP 	num2_2: autoDraw = True
26.5936 	EXP 	num3_2: autoDraw = True
26.5936 	EXP 	num4_2: autoDraw = True
26.9617 	DATA 	Keypress: 2
26.9773 	EXP 	text4_2: foreColor = <psychopy.colors.Color: (0.0, 1.0, 0.0, 1.0)>
26.9773 	EXP 	text8_2: foreColor = <psychopy.colors.Color: (0.0, 1.0, 0.0, 1.0)>
26.9773 	EXP 	num4_2: foreColor = <psychopy.colors.Color: (0.0, 1.0, 0.0, 1.0)>
26.9773 	EXP 	fixCross_2: foreColor = <psychopy.colors.Color: (1.0, 0.0, 0.0, 1.0)>
26.9773 	EXP 	fixCross_2: borderColor = <psychopy.colors.Color: (1.0, 0.0, 0.0, 1.0)>
26.9773 	EXP 	fixCross_2: fillColor = <psychopy.colors.Color: (1.0, 0.0, 0.0, 1.0)>
26.9773 	EXP 	text2_2: foreColor = <psychopy.colors.Color: (1.0, 0.0, 0.0, 1.0)>
26.9773 	EXP 	text6_2: foreColor = <psychopy.colors.Color: (1.0, 0.0, 0.0, 1.0)>
26.9773 	EXP 	num2_2: foreColor = <psychopy.colors.Color: (1.0, 0.0, 0.0, 1.0)>
26.9773 	EXP 	text4_2: foreColor = <psychopy.colors.Color: (0.0, 1.0, 0.0, 1.0)>
26.9773 	EXP 	text8_2: foreColor = <psychopy.colors.Color: (0.0, 1.0, 0.0, 1.0)>
26.9773 	EXP 	num4_2: foreColor = <psychopy.colors.Color: (0.0, 1.0, 0.0, 1.0)>
26.9773 	EXP 	text4_2: foreColor = <psychopy.colors.Color: (0.0, 1.0, 0.0, 1.0)>
26.9773 	EXP 	text8_2: foreColor = <psychopy.colors.Color: (0.0, 1.0, 0.0, 1.0)>
26.9773 	EXP 	num4_2: foreColor = <psychopy.colors.Color: (0.0, 1.0, 0.0, 1.0)>
26.9773 	EXP 	text4_2: foreColor = <psychopy.colors.Color: (0.0, 1.0, 0.0, 1.0)>
26.9773 	EXP 	text8_2: foreColor = <psychopy.colors.Color: (0.0, 1.0, 0.0, 1.0)>
26.9773 	EXP 	num4_2: foreColor = <psychopy.colors.Color: (0.0, 1.0, 0.0, 1.0)>
29.9659 	EXP 	New trial (rep=0, index=4): {'category': 'shoe', 'orientation': 4, 'taskCue': 'stim//obj1.png', 'stimfile': 'stim//shoe4.png', 'resp1': 'Half Left', 'resp2': 'Half Right', 'resp3': 'Full Right', 'resp4': 'Full Left', 'resp5': 'Turtle', 'resp6': 'Car', 'resp7': 'Horse', 'resp8': 'Shoe', 'objFirst': False, 'correctButton': 4, 'interval': 2.826}
29.9812 	EXP 	fixCross_2: autoDraw = False
29.9812 	EXP 	text1_2: autoDraw = False
29.9812 	EXP 	text2_2: autoDraw = False
29.9812 	EXP 	text3_2: autoDraw = False
29.9812 	EXP 	text4_2: autoDraw = False
29.9812 	EXP 	text5_2: autoDraw = False
29.9812 	EXP 	text6_2: autoDraw = False
29.9812 	EXP 	text7_2: autoDraw = False
29.9812 	EXP 	text8_2: autoDraw = False
29.9812 	EXP 	num1_2: autoDraw = False
29.9812 	EXP 	num2_2: autoDraw = False
29.9812 	EXP 	num3_2: autoDraw = False
29.9812 	EXP 	num4_2: autoDraw = False
29.9812 	EXP 	fixCross: foreColor = <psychopy.colors.Color: transparent, alpha=1.0>
29.9812 	EXP 	fixCross: borderColor = <psychopy.colors.Color: transparent, alpha=1.0>
29.9812 	EXP 	fixCross: fillColor = <psychopy.colors.Color: transparent, alpha=1.0>
29.9812 	EXP 	cue: image = 'stim//obj1.png'
29.9812 	EXP 	cue: autoDraw = True
30.9654 	EXP 	Created sequence: sequential, trialTypes=1, nReps=3, seed=None
30.9656 	EXP 	New trial (rep=0, index=0): None
31.0977 	EXP 	cue: autoDraw = False
31.0977 	EXP 	cue: autoDraw = False
31.0977 	EXP 	image: image = 'stim//shoe4.png'
31.0977 	EXP 	image: autoDraw = True
31.0977 	EXP 	fixCrossR_2: autoDraw = True
31.3480 	EXP 	image: autoDraw = False
31.3480 	EXP 	fixCrossR_2: autoDraw = False
31.3480 	EXP 	image: autoDraw = False
31.3480 	EXP 	fixCrossR_2: autoDraw = False
31.3480 	EXP 	fixCrossR_4: autoDraw = True
31.5825 	EXP 	New trial (rep=1, index=0): None
31.7013 	EXP 	fixCrossR_4: autoDraw = False
31.7013 	EXP 	fixCrossR_4: autoDraw = False
31.7013 	EXP 	image: image = 'stim//shoe4.png'
31.7013 	EXP 	image: autoDraw = True
31.7013 	EXP 	fixCrossR_2: autoDraw = True
31.9506 	EXP 	image: autoDraw = False
31.9506 	EXP 	fixCrossR_2: autoDraw = False
31.9506 	EXP 	image: autoDraw = False
31.9506 	EXP 	fixCrossR_2: autoDraw = False
31.9506 	EXP 	fixCrossR_4: autoDraw = True
32.1851 	EXP 	New trial (rep=2, index=0): None
32.3651 	EXP 	fixCrossR_4: autoDraw = False
32.3651 	EXP 	fixCrossR_4: autoDraw = False
32.3651 	EXP 	image: image = 'stim//shoe4.png'
32.3651 	EXP 	image: autoDraw = True
32.3651 	EXP 	fixCrossR_2: autoDraw = True
32.6156 	EXP 	image: autoDraw = False
32.6156 	EXP 	fixCrossR_2: autoDraw = False
32.6156 	EXP 	image: autoDraw = False
32.6156 	EXP 	fixCrossR_2: autoDraw = False
32.6156 	EXP 	fixCrossR_4: autoDraw = True
32.8990 	EXP 	fixCrossR_4: autoDraw = False
32.8990 	EXP 	fixCrossR_4: autoDraw = False
32.8990 	EXP 	fixCross_2: fillColor = <psychopy.colors.Color: black, alpha=1.0>
32.8990 	EXP 	fixCross_2: borderColor = <psychopy.colors.Color: black, alpha=1.0>
32.8990 	EXP 	text1_2: foreColor = <psychopy.colors.Color: white, alpha=1.0>
32.8990 	EXP 	text1_2: height = 0.05
32.8990 	EXP 	text1_2: height = 0.05
32.8990 	EXP 	text1_2: height = 0.05
32.8990 	EXP 	text1_2: text = 'Half Left'
32.8990 	EXP 	text2_2: foreColor = <psychopy.colors.Color: white, alpha=1.0>
32.8990 	EXP 	text2_2: height = 0.05
32.8990 	EXP 	text2_2: height = 0.05
32.8990 	EXP 	text2_2: height = 0.05
32.8990 	EXP 	text2_2: text = 'Half Right'
32.8990 	EXP 	text3_2: foreColor = <psychopy.colors.Color: white, alpha=1.0>
32.8990 	EXP 	text3_2: height = 0.05
32.8990 	EXP 	text3_2: height = 0.05
32.8990 	EXP 	text3_2: height = 0.05
32.8990 	EXP 	text3_2: text = 'Full Right'
32.8990 	EXP 	text4_2: foreColor = <psychopy.colors.Color: white, alpha=1.0>
32.8990 	EXP 	text4_2: height = 0.05
32.8990 	EXP 	text4_2: height = 0.05
32.8990 	EXP 	text4_2: height = 0.05
32.8990 	EXP 	text4_2: text = 'Full Left'
32.8990 	EXP 	text5_2: foreColor = <psychopy.colors.Color: white, alpha=1.0>
32.8990 	EXP 	text5_2: height = 0.05
32.8990 	EXP 	text5_2: height = 0.05
32.8990 	EXP 	text5_2: height = 0.05
32.8990 	EXP 	text5_2: text = 'Turtle'
32.8990 	EXP 	text6_2: foreColor = <psychopy.colors.Color: white, alpha=1.0>
32.8990 	EXP 	text6_2: height = 0.05
32.8990 	EXP 	text6_2: height = 0.05
32.8990 	EXP 	text6_2: height = 0.05
32.8990 	EXP 	text6_2: text = 'Car'
32.8990 	EXP 	text7_2: foreColor = <psychopy.colors.Color: white, alpha=1.0>
32.8990 	EXP 	text7_2: height = 0.05
32.8990 	EXP 	text7_2: height = 0.05
32.8990 	EXP 	text7_2: height = 0.05
32.8990 	EXP 	text7_2: text = 'Horse'
32.8990 	EXP 	text8_2: foreColor = <psychopy.colors.Color: white, alpha=1.0>
32.8990 	EXP 	text8_2: height = 0.05
32.8990 	EXP 	text8_2: height = 0.05
32.8990 	EXP 	text8_2: height = 0.05
32.8990 	EXP 	text8_2: text = 'Shoe'
32.8990 	EXP 	num1_2: foreColor = <psychopy.colors.Color: white, alpha=1.0>
32.8990 	EXP 	num1_2: text = '1'
32.8990 	EXP 	num2_2: foreColor = <psychopy.colors.Color: white, alpha=1.0>
32.8990 	EXP 	num2_2: text = '2'
32.8990 	EXP 	num3_2: foreColor = <psychopy.colors.Color: white, alpha=1.0>
32.8990 	EXP 	num3_2: text = '3'
32.8990 	EXP 	num4_2: foreColor = <psychopy.colors.Color: white, alpha=1.0>
32.8990 	EXP 	num4_2: text = '4'
32.8990 	EXP 	fixCross_2: autoDraw = True
32.8990 	EXP 	text1_2: autoDraw = True
32.8990 	EXP 	text2_2: autoDraw = True
32.8990 	EXP 	text3_2: autoDraw = True
32.8990 	EXP 	text4_2: autoDraw = True
32.8990 	EXP 	text5_2: autoDraw = True
32.8990 	EXP 	text6_2: autoDraw = True
32.8990 	EXP 	text7_2: autoDraw = True
32.8990 	EXP 	text8_2: autoDraw = True
32.8990 	EXP 	num1_2: autoDraw = True
32.8990 	EXP 	num2_2: autoDraw = True
32.8990 	EXP 	num3_2: autoDraw = True
32.8990 	EXP 	num4_2: autoDraw = True
33.2670 	DATA 	Keypress: 4
33.2828 	EXP 	text4_2: foreColor = <psychopy.colors.Color: (0.0, 1.0, 0.0, 1.0)>
33.2828 	EXP 	text8_2: foreColor = <psychopy.colors.Color: (0.0, 1.0, 0.0, 1.0)>
33.2828 	EXP 	num4_2: foreColor = <psychopy.colors.Color: (0.0, 1.0, 0.0, 1.0)>
33.2828 	EXP 	text4_2: foreColor = <psychopy.colors.Color: (0.0, 1.0, 0.0, 1.0)>
33.2828 	EXP 	text8_2: foreColor = <psychopy.colors.Color: (0.0, 1.0, 0.0, 1.0)>
33.2828 	EXP 	num4_2: foreColor = <psychopy.colors.Color: (0.0, 1.0, 0.0, 1.0)>
33.2828 	EXP 	text4_2: foreColor = <psychopy.colors.Color: (0.0, 1.0, 0.0, 1.0)>
33.2828 	EXP 	text8_2: foreColor = <psychopy.colors.Color: (0.0, 1.0, 0.0, 1.0)>
33.2828 	EXP 	num4_2: foreColor = <psychopy.colors.Color: (0.0, 1.0, 0.0, 1.0)>
33.2828 	EXP 	fixCross_2: foreColor = <psychopy.colors.Color: (1.0, 0.0, 0.0, 1.0)>
33.2828 	EXP 	fixCross_2: borderColor = <psychopy.colors.Color: (1.0, 0.0, 0.0, 1.0)>
33.2828 	EXP 	fixCross_2: fillColor = <psychopy.colors.Color: (1.0, 0.0, 0.0, 1.0)>
33.2828 	EXP 	text4_2: foreColor = <psychopy.colors.Color: (1.0, 0.0, 0.0, 1.0)>
33.2828 	EXP 	text8_2: foreColor = <psychopy.colors.Color: (1.0, 0.0, 0.0, 1.0)>
33.2828 	EXP 	num4_2: foreColor = <psychopy.colors.Color: (1.0, 0.0, 0.0, 1.0)>
33.2828 	EXP 	text4_2: foreColor = <psychopy.colors.Color: (0.0, 1.0, 0.0, 1.0)>
33.2828 	EXP 	text8_2: foreColor = <psychopy.colors.Color: (0.0, 1.0, 0.0, 1.0)>
33.2828 	EXP 	num4_2: foreColor = <psychopy.colors.Color: (0.0, 1.0, 0.0, 1.0)>
36.3152 	EXP 	Created sequence: random, trialTypes=1, nReps=1, seed=None
36.3154 	EXP 	New trial (rep=0, index=0): None
36.3219 	EXP 	fixCross_2: autoDraw = False
36.3219 	EXP 	text1_2: autoDraw = False
36.3219 	EXP 	text2_2: autoDraw = False
36.3219 	EXP 	text3_2: autoDraw = False
36.3219 	EXP 	text4_2: autoDraw = False
36.3219 	EXP 	text5_2: autoDraw = False
36.3219 	EXP 	text6_2: autoDraw = False
36.3219 	EXP 	text7_2: autoDraw = False
36.3219 	EXP 	text8_2: autoDraw = False
36.3219 	EXP 	num1_2: autoDraw = False
36.3219 	EXP 	num2_2: autoDraw = False
36.3219 	EXP 	num3_2: autoDraw = False
36.3219 	EXP 	num4_2: autoDraw = False
36.3219 	EXP 	fixCross: foreColor = <psychopy.colors.Color: transparent, alpha=1.0>
36.3219 	EXP 	fixCross: borderColor = <psychopy.colors.Color: transparent, alpha=1.0>
36.3219 	EXP 	fixCross: fillColor = <psychopy.colors.Color: transparent, alpha=1.0>
36.3219 	EXP 	text_20: autoDraw = True
47.4566 	DATA 	Keypress: space
47.4621 	EXP 	text_20: autoDraw = False
47.4621 	EXP 	text: autoDraw = True
49.2844 	EXP 	window1: mouseVisible = True
