2.4505 	ERROR 	Support for the `sounddevice` audio backend is not available this session. Please install `psychopy-sounddevice` and restart the session to enable support.
6.7985 	WARNING 	User requested fullscreen with size [1536  864], but screen is actually [1920, 1080]. Using actual size
7.6089 	EXP 	Created window1 = Window(allowGUI=True, allowStencil=False, autoLog=True, backendConf=UNKNOWN, backgroundFit=<method-wrapper '__getattribute__' of attributeSetter object at 0x00000285ECF46F10>, backgroundImage=<method-wrapper '__getattribute__' of attributeSetter object at 0x00000285ECF46EB0>, bitsMode=UNKNOWN, blendMode='avg', bpc=(8, 8, 8), color=array([-0.4039, -0.4039, -0.4039]), colorSpace='rgb', depthBits=8, fullscr=<method-wrapper '__getattribute__' of attributeSetter object at 0x00000285ECF46CD0>, gamma=None, gammaErrorPolicy='raise', lms=UNKNOWN, monitor=<psychopy.monitors.calibTools.Monitor object at 0x00000285ED4F9E80>, multiSample=False, name='window1', numSamples=2, pos=(-1920, 0), screen=0, size=array([1920, 1080]), stencilBits=0, stereo=False, title='PsychoPy', units='height', useFBO=True, useRetina=False, viewOri=0.0, viewPos=None, viewScale=None, waitBlanking=True, winType='pyglet')
7.6090 	EXP 	window1: mouseVisible = True
7.6090 	EXP 	window1: backgroundImage = ''
7.6090 	EXP 	window1: backgroundFit = 'none'
7.6106 	EXP 	window1: Attempting to measure frame rate of screen (0) ...
7.6106 	EXP 	window1: recordFrameIntervals = False
7.7752 	EXP 	window1: recordFrameIntervals = True
7.9579 	EXP 	Screen (0) actual frame rate measured at 60.09Hz
7.9580 	EXP 	window1: recordFrameIntervals = False
7.9581 	EXP 	window1: mouseVisible = False
10.1771 	EXP 	pilotv2: status = STARTED
10.1772 	EXP 	window1: mouseVisible = True
10.1875 	EXP 	Created imageInstruct = ImageStim(__class__=<class 'psychopy.visual.image.ImageStim'>, anchor=('center', 'center'), autoLog=True, color=array([1., 1., 1.]), colorSpace='rgb', contrast=1.0, depth=0.0, draggable=False, flipHoriz=False, flipVert=False, image='default.png', interpolate=True, mask=None, maskParams=None, name='imageInstruct', opacity=1.0, ori=0.0, pos=array([0., 0.]), size=array([1.6    , 1.00736]), texRes=128.0, units='height', win=Window(...))
10.1878 	EXP 	window1: mouseVisible = True
10.1879 	EXP 	window1: mouseVisible = True
10.1884 	EXP 	window1: mouseVisible = True
10.1888 	EXP 	window1: mouseVisible = True
10.2032 	EXP 	window1: mouseVisible = True
10.2033 	EXP 	window1: mouseVisible = True
10.2037 	EXP 	window1: mouseVisible = True
10.2041 	EXP 	window1: mouseVisible = True
10.2159 	EXP 	window1: mouseVisible = True
10.2161 	EXP 	window1: mouseVisible = True
10.2162 	EXP 	window1: mouseVisible = True
10.2166 	EXP 	window1: mouseVisible = True
10.2170 	EXP 	window1: mouseVisible = True
10.2285 	EXP 	window1: mouseVisible = True
10.2286 	EXP 	window1: mouseVisible = True
10.2290 	EXP 	window1: mouseVisible = True
10.2295 	EXP 	window1: mouseVisible = True
10.2330 	EXP 	window1: mouseVisible = True
10.2332 	EXP 	window1: mouseVisible = True
10.2954 	EXP 	Created text_8 = TextStim(__class__=<class 'psychopy.visual.text.TextStim'>, alignHoriz=method-wrapper(...), alignText='center', alignVert=method-wrapper(...), anchorHoriz='center', anchorVert='center', antialias=True, autoDraw=False, autoLog=True, bold=False, color=array([1., 1., 1.]), colorSpace='rgb', contrast=1.0, depth=0.0, draggable=False, flipHoriz=False, flipVert=False, font='Open Sans', fontFiles=[], height=0.05, italic=False, languageStyle='LTR', name='text_8', opacity=1.0, ori=0.0, pos=array([0., 0.]), rgb=UNKNOWN, text=str(...), units='height', win=Window(...), wrapWidth=1)
10.2956 	EXP 	window1: mouseVisible = True
10.2958 	EXP 	window1: mouseVisible = True
10.2962 	EXP 	window1: mouseVisible = True
10.2966 	EXP 	window1: mouseVisible = True
10.3202 	EXP 	window1: mouseVisible = True
10.3203 	EXP 	window1: mouseVisible = True
10.3207 	EXP 	window1: mouseVisible = True
10.3211 	EXP 	window1: mouseVisible = True
10.3311 	EXP 	window1: mouseVisible = True
10.3314 	EXP 	window1: mouseVisible = True
10.3315 	EXP 	window1: mouseVisible = True
10.3319 	EXP 	window1: mouseVisible = True
10.3323 	EXP 	window1: mouseVisible = True
10.3410 	EXP 	window1: mouseVisible = True
10.3411 	EXP 	window1: mouseVisible = True
10.3415 	EXP 	window1: mouseVisible = True
10.3419 	EXP 	window1: mouseVisible = True
10.3453 	EXP 	window1: mouseVisible = True
10.3453 	EXP 	window1: mouseVisible = True
10.3491 	EXP 	Created image_17 = ImageStim(__class__=<class 'psychopy.visual.image.ImageStim'>, anchor=('center', 'center'), autoLog=True, color=array([1., 1., 1.]), colorSpace='rgb', contrast=1.0, depth=-3.0, draggable=False, flipHoriz=False, flipVert=False, image='stim/ori1.png', interpolate=True, mask=None, maskParams=None, name='image_17', opacity=1.0, ori=0.0, pos=array([0.  , 0.23]), size=array([0.15, 0.15]), texRes=128.0, units='height', win=Window(...))
10.3492 	EXP 	window1: mouseVisible = True
10.3533 	EXP 	Created text_9 = TextStim(__class__=<class 'psychopy.visual.text.TextStim'>, alignHoriz=method-wrapper(...), alignText='center', alignVert=method-wrapper(...), anchorHoriz='center', anchorVert='center', antialias=True, autoDraw=False, autoLog=True, bold=False, color=array([1., 1., 1.]), colorSpace='rgb', contrast=1.0, depth=0.0, draggable=False, flipHoriz=False, flipVert=False, font='Open Sans', fontFiles=[], height=0.05, italic=False, languageStyle='LTR', name='text_9', opacity=1.0, ori=0.0, pos=array([0., 0.]), rgb=UNKNOWN, text=str(...), units='height', win=Window(...), wrapWidth=1)
10.3535 	EXP 	window1: mouseVisible = True
10.3536 	EXP 	window1: mouseVisible = True
10.3540 	EXP 	window1: mouseVisible = True
10.3544 	EXP 	window1: mouseVisible = True
10.3582 	EXP 	window1: mouseVisible = True
10.3584 	EXP 	window1: mouseVisible = True
10.3588 	EXP 	window1: mouseVisible = True
10.3592 	EXP 	window1: mouseVisible = True
10.3625 	EXP 	window1: mouseVisible = True
10.3627 	EXP 	window1: mouseVisible = True
10.3628 	EXP 	window1: mouseVisible = True
10.3633 	EXP 	window1: mouseVisible = True
10.3637 	EXP 	window1: mouseVisible = True
10.3676 	EXP 	window1: mouseVisible = True
10.3677 	EXP 	window1: mouseVisible = True
10.3681 	EXP 	window1: mouseVisible = True
10.3685 	EXP 	window1: mouseVisible = True
10.3718 	EXP 	window1: mouseVisible = True
10.3719 	EXP 	window1: mouseVisible = True
10.3757 	EXP 	Created image_18 = ImageStim(__class__=<class 'psychopy.visual.image.ImageStim'>, anchor=('center', 'center'), autoLog=True, color=array([1., 1., 1.]), colorSpace='rgb', contrast=1.0, depth=-3.0, draggable=False, flipHoriz=False, flipVert=False, image='stim/obj2.png', interpolate=True, mask=None, maskParams=None, name='image_18', opacity=1.0, ori=0.0, pos=array([0.  , 0.23]), size=array([0.15, 0.15]), texRes=128.0, units='height', win=Window(...))
10.3759 	EXP 	window1: mouseVisible = True
10.3798 	EXP 	Created text_10 = TextStim(__class__=<class 'psychopy.visual.text.TextStim'>, alignHoriz=method-wrapper(...), alignText='center', alignVert=method-wrapper(...), anchorHoriz='center', anchorVert='center', antialias=True, autoDraw=False, autoLog=True, bold=False, color=array([1., 1., 1.]), colorSpace='rgb', contrast=1.0, depth=0.0, draggable=False, flipHoriz=False, flipVert=False, font='Open Sans', fontFiles=[], height=0.05, italic=False, languageStyle='LTR', name='text_10', opacity=1.0, ori=0.0, pos=array([0., 0.]), rgb=UNKNOWN, text=str(...), units='height', win=Window(...), wrapWidth=1)
10.3800 	EXP 	window1: mouseVisible = True
10.3801 	EXP 	window1: mouseVisible = True
10.3806 	EXP 	window1: mouseVisible = True
10.3810 	EXP 	window1: mouseVisible = True
10.3850 	EXP 	window1: mouseVisible = True
10.3851 	EXP 	window1: mouseVisible = True
10.3855 	EXP 	window1: mouseVisible = True
10.3859 	EXP 	window1: mouseVisible = True
10.3892 	EXP 	window1: mouseVisible = True
10.3894 	EXP 	window1: mouseVisible = True
10.3895 	EXP 	window1: mouseVisible = True
10.3900 	EXP 	window1: mouseVisible = True
10.3903 	EXP 	window1: mouseVisible = True
10.3942 	EXP 	window1: mouseVisible = True
10.3943 	EXP 	window1: mouseVisible = True
10.3947 	EXP 	window1: mouseVisible = True
10.3951 	EXP 	window1: mouseVisible = True
10.3985 	EXP 	window1: mouseVisible = True
10.3986 	EXP 	window1: mouseVisible = True
10.4025 	EXP 	Created image_19 = ImageStim(__class__=<class 'psychopy.visual.image.ImageStim'>, anchor=('center', 'center'), autoLog=True, color=array([1., 1., 1.]), colorSpace='rgb', contrast=1.0, depth=-3.0, draggable=False, flipHoriz=False, flipVert=False, image='stim/ori2.png', interpolate=True, mask=None, maskParams=None, name='image_19', opacity=1.0, ori=0.0, pos=array([0.  , 0.23]), size=array([0.15, 0.15]), texRes=128.0, units='height', win=Window(...))
10.4026 	EXP 	window1: mouseVisible = True
10.4067 	EXP 	Created text_11 = TextStim(__class__=<class 'psychopy.visual.text.TextStim'>, alignHoriz=method-wrapper(...), alignText='center', alignVert=method-wrapper(...), anchorHoriz='center', anchorVert='center', antialias=True, autoDraw=False, autoLog=True, bold=False, color=array([1., 1., 1.]), colorSpace='rgb', contrast=1.0, depth=0.0, draggable=False, flipHoriz=False, flipVert=False, font='Open Sans', fontFiles=[], height=0.05, italic=False, languageStyle='LTR', name='text_11', opacity=1.0, ori=0.0, pos=array([0., 0.]), rgb=UNKNOWN, text=str(...), units='height', win=Window(...), wrapWidth=1)
10.4069 	EXP 	window1: mouseVisible = True
10.4070 	EXP 	window1: mouseVisible = True
10.4075 	EXP 	window1: mouseVisible = True
10.4079 	EXP 	window1: mouseVisible = True
10.4117 	EXP 	window1: mouseVisible = True
10.4119 	EXP 	window1: mouseVisible = True
10.4123 	EXP 	window1: mouseVisible = True
10.4127 	EXP 	window1: mouseVisible = True
10.4161 	EXP 	window1: mouseVisible = True
10.4164 	EXP 	window1: mouseVisible = True
10.4165 	EXP 	window1: mouseVisible = True
10.4169 	EXP 	window1: mouseVisible = True
10.4174 	EXP 	window1: mouseVisible = True
10.4214 	EXP 	window1: mouseVisible = True
10.4216 	EXP 	window1: mouseVisible = True
10.4220 	EXP 	window1: mouseVisible = True
10.4225 	EXP 	window1: mouseVisible = True
10.4261 	EXP 	window1: mouseVisible = True
10.4262 	EXP 	window1: mouseVisible = True
10.4304 	EXP 	Created image_20 = ImageStim(__class__=<class 'psychopy.visual.image.ImageStim'>, anchor=('center', 'center'), autoLog=True, color=array([1., 1., 1.]), colorSpace='rgb', contrast=1.0, depth=-3.0, draggable=False, flipHoriz=False, flipVert=False, image='stim/obj1.png', interpolate=True, mask=None, maskParams=None, name='image_20', opacity=1.0, ori=0.0, pos=array([0.  , 0.23]), size=array([0.15, 0.15]), texRes=128.0, units='height', win=Window(...))
10.4306 	EXP 	window1: mouseVisible = True
10.4395 	EXP 	Created imageInstruct_2 = ImageStim(__class__=<class 'psychopy.visual.image.ImageStim'>, anchor=('center', 'center'), autoLog=True, color=array([1., 1., 1.]), colorSpace='rgb', contrast=1.0, depth=0.0, draggable=False, flipHoriz=False, flipVert=False, image='default.png', interpolate=True, mask=None, maskParams=None, name='imageInstruct_2', opacity=1.0, ori=0.0, pos=array([0., 0.]), size=array([1.6    , 1.00736]), texRes=128.0, units='height', win=Window(...))
10.4398 	EXP 	window1: mouseVisible = True
10.4399 	EXP 	window1: mouseVisible = True
10.4403 	EXP 	window1: mouseVisible = True
10.4408 	EXP 	window1: mouseVisible = True
10.4462 	EXP 	window1: mouseVisible = True
10.4464 	EXP 	window1: mouseVisible = True
10.4468 	EXP 	window1: mouseVisible = True
10.4472 	EXP 	window1: mouseVisible = True
10.4504 	EXP 	window1: mouseVisible = True
10.4506 	EXP 	window1: mouseVisible = True
10.4507 	EXP 	window1: mouseVisible = True
10.4511 	EXP 	window1: mouseVisible = True
10.4515 	EXP 	window1: mouseVisible = True
10.4552 	EXP 	window1: mouseVisible = True
10.4553 	EXP 	window1: mouseVisible = True
10.4557 	EXP 	window1: mouseVisible = True
10.4560 	EXP 	window1: mouseVisible = True
10.4593 	EXP 	window1: mouseVisible = True
10.4594 	EXP 	window1: mouseVisible = True
10.4691 	EXP 	Created text = TextStim(__class__=<class 'psychopy.visual.text.TextStim'>, alignHoriz=method-wrapper(...), alignText='center', alignVert=method-wrapper(...), anchorHoriz='center', anchorVert='center', antialias=True, autoDraw=False, autoLog=True, bold=False, color=array([1., 1., 1.]), colorSpace='rgb', contrast=1.0, depth=0.0, draggable=False, flipHoriz=False, flipVert=False, font='Open Sans', fontFiles=[], height=0.05, italic=False, languageStyle='LTR', name='text', opacity=1.0, ori=0.0, pos=array([0., 0.]), rgb=UNKNOWN, text='The experiment will begin soon. Get ready!', units='height', win=Window(...), wrapWidth=1)
10.4692 	EXP 	window1: mouseVisible = True
10.4783 	EXP 	Created cue = ImageStim(__class__=<class 'psychopy.visual.image.ImageStim'>, anchor=('center', 'center'), autoLog=True, color=array([1., 1., 1.]), colorSpace='rgb', contrast=1.0, depth=0.0, draggable=False, flipHoriz=False, flipVert=False, image='default.png', interpolate=True, mask=None, maskParams=None, name='cue', opacity=1.0, ori=0.0, pos=array([0., 0.]), size=array([0.15, 0.15]), texRes=128.0, units='height', win=Window(...))
10.4785 	EXP 	window1: mouseVisible = True
10.4875 	EXP 	Created image = ImageStim(__class__=<class 'psychopy.visual.image.ImageStim'>, anchor=('center', 'center'), autoLog=True, color=array([1., 1., 1.]), colorSpace='rgb', contrast=1.0, depth=0.0, draggable=False, flipHoriz=False, flipVert=False, image='default.png', interpolate=True, mask=None, maskParams=None, name='image', opacity=1.0, ori=0.0, pos=array([0., 0.]), size=array([0.5, 0.5]), texRes=128.0, units='height', win=Window(...))
10.4876 	EXP 	window1: mouseVisible = True
10.4895 	EXP 	Created fixCrossR_2 = ShapeStim(__class__=<class 'psychopy.visual.shape.ShapeStim'>, anchor=('center', 'center'), autoDraw=False, autoLog=True, closeShape=True, color=method-wrapper(...), colorSpace='rgb', contrast=None, depth=-1.0, draggable=False, fillColor=array([-1, -1, -1]), fillColorSpace='rgb', fillRGB=array([-1, -1, -1]), interpolate=True, lineColor=array([-1., -1., -1.]), lineColorSpace='rgb', lineRGB=array([-1, -1, -1]), lineWidth=1.0, name='fixCrossR_2', opacity=1.0, ori=0.0, pos=array([0., 0.]), size=array([0.02, 0.02]), units='height', vertices=ndarray(...), win=Window(...), windingRule=None)
10.4896 	EXP 	window1: mouseVisible = True
10.4913 	EXP 	Created fixCrossR_4 = ShapeStim(__class__=<class 'psychopy.visual.shape.ShapeStim'>, anchor=('center', 'center'), autoDraw=False, autoLog=True, closeShape=True, color=method-wrapper(...), colorSpace='rgb', contrast=None, depth=0.0, draggable=False, fillColor=array([-1, -1, -1]), fillColorSpace='rgb', fillRGB=array([-1, -1, -1]), interpolate=True, lineColor=array([-1., -1., -1.]), lineColorSpace='rgb', lineRGB=array([-1, -1, -1]), lineWidth=1.0, name='fixCrossR_4', opacity=1.0, ori=0.0, pos=array([0., 0.]), size=array([0.02, 0.02]), units='height', vertices=ndarray(...), win=Window(...), windingRule=None)
10.4914 	EXP 	window1: mouseVisible = True
10.4930 	EXP 	Created fixCross_2 = ShapeStim(__class__=<class 'psychopy.visual.shape.ShapeStim'>, anchor=('center', 'center'), autoDraw=False, autoLog=True, closeShape=True, color=method-wrapper(...), colorSpace='rgb', contrast=None, depth=0.0, draggable=False, fillColor=array([1, 1, 1]), fillColorSpace='rgb', fillRGB=array([1, 1, 1]), interpolate=True, lineColor=array([1., 1., 1.]), lineColorSpace='rgb', lineRGB=array([1, 1, 1]), lineWidth=1.0, name='fixCross_2', opacity=1.0, ori=0.0, pos=array([0., 0.]), size=array([0.02, 0.02]), units='height', vertices=ndarray(...), win=Window(...), windingRule=None)
10.4931 	EXP 	window1: mouseVisible = True
10.4950 	EXP 	Created text1_2 = TextStim(__class__=<class 'psychopy.visual.text.TextStim'>, alignHoriz=method-wrapper(...), alignText='center', alignVert=method-wrapper(...), anchorHoriz='center', anchorVert='center', antialias=True, autoDraw=False, autoLog=True, bold=False, color=array([1., 1., 1.]), colorSpace='rgb', contrast=1.0, depth=-1.0, draggable=False, flipHoriz=False, flipVert=False, font='Open Sans', fontFiles=[], height=0.05, italic=False, languageStyle='LTR', name='text1_2', opacity=1.0, ori=0.0, pos=array([-0.225,  0.08 ]), rgb=UNKNOWN, text='', units='norm', win=Window(...), wrapWidth=1)
10.4951 	EXP 	window1: mouseVisible = True
10.4961 	EXP 	Created text2_2 = TextStim(__class__=<class 'psychopy.visual.text.TextStim'>, alignHoriz=method-wrapper(...), alignText='center', alignVert=method-wrapper(...), anchorHoriz='center', anchorVert='center', antialias=True, autoDraw=False, autoLog=True, bold=False, color=array([1., 1., 1.]), colorSpace='rgb', contrast=1.0, depth=-2.0, draggable=False, flipHoriz=False, flipVert=False, font='Open Sans', fontFiles=[], height=0.05, italic=False, languageStyle='LTR', name='text2_2', opacity=1.0, ori=0.0, pos=array([-0.075,  0.08 ]), rgb=UNKNOWN, text='', units='norm', win=Window(...), wrapWidth=1)
10.4962 	EXP 	window1: mouseVisible = True
10.4971 	EXP 	Created text3_2 = TextStim(__class__=<class 'psychopy.visual.text.TextStim'>, alignHoriz=method-wrapper(...), alignText='center', alignVert=method-wrapper(...), anchorHoriz='center', anchorVert='center', antialias=True, autoDraw=False, autoLog=True, bold=False, color=array([1., 1., 1.]), colorSpace='rgb', contrast=1.0, depth=-3.0, draggable=False, flipHoriz=False, flipVert=False, font='Open Sans', fontFiles=[], height=0.05, italic=False, languageStyle='LTR', name='text3_2', opacity=1.0, ori=0.0, pos=array([0.075, 0.08 ]), rgb=UNKNOWN, text='', units='norm', win=Window(...), wrapWidth=1)
10.4972 	EXP 	window1: mouseVisible = True
10.4981 	EXP 	Created text4_2 = TextStim(__class__=<class 'psychopy.visual.text.TextStim'>, alignHoriz=method-wrapper(...), alignText='center', alignVert=method-wrapper(...), anchorHoriz='center', anchorVert='center', antialias=True, autoDraw=False, autoLog=True, bold=False, color=array([1., 1., 1.]), colorSpace='rgb', contrast=1.0, depth=-4.0, draggable=False, flipHoriz=False, flipVert=False, font='Open Sans', fontFiles=[], height=0.05, italic=False, languageStyle='LTR', name='text4_2', opacity=1.0, ori=0.0, pos=array([0.225, 0.08 ]), rgb=UNKNOWN, text='', units='norm', win=Window(...), wrapWidth=1)
10.4982 	EXP 	window1: mouseVisible = True
10.4992 	EXP 	Created text5_2 = TextStim(__class__=<class 'psychopy.visual.text.TextStim'>, alignHoriz=method-wrapper(...), alignText='center', alignVert=method-wrapper(...), anchorHoriz='center', anchorVert='center', antialias=True, autoDraw=False, autoLog=True, bold=False, color=array([1., 1., 1.]), colorSpace='rgb', contrast=1.0, depth=-5.0, draggable=False, flipHoriz=False, flipVert=False, font='Open Sans', fontFiles=[], height=0.05, italic=False, languageStyle='LTR', name='text5_2', opacity=1.0, ori=0.0, pos=array([-0.225, -0.08 ]), rgb=UNKNOWN, text='', units='norm', win=Window(...), wrapWidth=1)
10.4992 	EXP 	window1: mouseVisible = True
10.5002 	EXP 	Created text6_2 = TextStim(__class__=<class 'psychopy.visual.text.TextStim'>, alignHoriz=method-wrapper(...), alignText='center', alignVert=method-wrapper(...), anchorHoriz='center', anchorVert='center', antialias=True, autoDraw=False, autoLog=True, bold=False, color=array([1., 1., 1.]), colorSpace='rgb', contrast=1.0, depth=-6.0, draggable=False, flipHoriz=False, flipVert=False, font='Open Sans', fontFiles=[], height=0.05, italic=False, languageStyle='LTR', name='text6_2', opacity=1.0, ori=0.0, pos=array([-0.075, -0.08 ]), rgb=UNKNOWN, text='', units='norm', win=Window(...), wrapWidth=1)
10.5003 	EXP 	window1: mouseVisible = True
10.5012 	EXP 	Created text7_2 = TextStim(__class__=<class 'psychopy.visual.text.TextStim'>, alignHoriz=method-wrapper(...), alignText='center', alignVert=method-wrapper(...), anchorHoriz='center', anchorVert='center', antialias=True, autoDraw=False, autoLog=True, bold=False, color=array([1., 1., 1.]), colorSpace='rgb', contrast=1.0, depth=-7.0, draggable=False, flipHoriz=False, flipVert=False, font='Open Sans', fontFiles=[], height=0.05, italic=False, languageStyle='LTR', name='text7_2', opacity=1.0, ori=0.0, pos=array([ 0.075, -0.08 ]), rgb=UNKNOWN, text='', units='norm', win=Window(...), wrapWidth=1)
10.5013 	EXP 	window1: mouseVisible = True
10.5023 	EXP 	Created text8_2 = TextStim(__class__=<class 'psychopy.visual.text.TextStim'>, alignHoriz=method-wrapper(...), alignText='center', alignVert=method-wrapper(...), anchorHoriz='center', anchorVert='center', antialias=True, autoDraw=False, autoLog=True, bold=False, color=array([1., 1., 1.]), colorSpace='rgb', contrast=1.0, depth=-8.0, draggable=False, flipHoriz=False, flipVert=False, font='Open Sans', fontFiles=[], height=0.05, italic=False, languageStyle='LTR', name='text8_2', opacity=1.0, ori=0.0, pos=array([ 0.225, -0.08 ]), rgb=UNKNOWN, text='', units='norm', win=Window(...), wrapWidth=1)
10.5024 	EXP 	window1: mouseVisible = True
10.5035 	EXP 	Created num1_2 = TextStim(__class__=<class 'psychopy.visual.text.TextStim'>, alignHoriz=method-wrapper(...), alignText='center', alignVert=method-wrapper(...), anchorHoriz='center', anchorVert='center', antialias=True, autoDraw=False, autoLog=True, bold=False, color=array([1., 1., 1.]), colorSpace='rgb', contrast=1.0, depth=-10.0, draggable=False, flipHoriz=False, flipVert=False, font='Open Sans', fontFiles=[], height=0.1, italic=False, languageStyle='LTR', name='num1_2', opacity=1.0, ori=0.0, pos=array([-0.225,  0.24 ]), rgb=UNKNOWN, text='', units='norm', win=Window(...), wrapWidth=1)
10.5035 	EXP 	window1: mouseVisible = True
10.5045 	EXP 	Created num2_2 = TextStim(__class__=<class 'psychopy.visual.text.TextStim'>, alignHoriz=method-wrapper(...), alignText='center', alignVert=method-wrapper(...), anchorHoriz='center', anchorVert='center', antialias=True, autoDraw=False, autoLog=True, bold=False, color=array([1., 1., 1.]), colorSpace='rgb', contrast=1.0, depth=-11.0, draggable=False, flipHoriz=False, flipVert=False, font='Open Sans', fontFiles=[], height=0.1, italic=False, languageStyle='LTR', name='num2_2', opacity=1.0, ori=0.0, pos=array([-0.075,  0.24 ]), rgb=UNKNOWN, text='', units='norm', win=Window(...), wrapWidth=1)
10.5046 	EXP 	window1: mouseVisible = True
10.5055 	EXP 	Created num3_2 = TextStim(__class__=<class 'psychopy.visual.text.TextStim'>, alignHoriz=method-wrapper(...), alignText='center', alignVert=method-wrapper(...), anchorHoriz='center', anchorVert='center', antialias=True, autoDraw=False, autoLog=True, bold=False, color=array([1., 1., 1.]), colorSpace='rgb', contrast=1.0, depth=-12.0, draggable=False, flipHoriz=False, flipVert=False, font='Open Sans', fontFiles=[], height=0.1, italic=False, languageStyle='LTR', name='num3_2', opacity=1.0, ori=0.0, pos=array([0.075, 0.24 ]), rgb=UNKNOWN, text='', units='norm', win=Window(...), wrapWidth=1)
10.5056 	EXP 	window1: mouseVisible = True
10.5065 	EXP 	Created num4_2 = TextStim(__class__=<class 'psychopy.visual.text.TextStim'>, alignHoriz=method-wrapper(...), alignText='center', alignVert=method-wrapper(...), anchorHoriz='center', anchorVert='center', antialias=True, autoDraw=False, autoLog=True, bold=False, color=array([1., 1., 1.]), colorSpace='rgb', contrast=1.0, depth=-13.0, draggable=False, flipHoriz=False, flipVert=False, font='Open Sans', fontFiles=[], height=0.1, italic=False, languageStyle='LTR', name='num4_2', opacity=1.0, ori=0.0, pos=array([0.225, 0.24 ]), rgb=UNKNOWN, text='', units='norm', win=Window(...), wrapWidth=1)
10.5066 	EXP 	window1: mouseVisible = True
10.5155 	EXP 	Created cue = ImageStim(__class__=<class 'psychopy.visual.image.ImageStim'>, anchor=('center', 'center'), autoLog=True, color=array([1., 1., 1.]), colorSpace='rgb', contrast=1.0, depth=0.0, draggable=False, flipHoriz=False, flipVert=False, image='default.png', interpolate=True, mask=None, maskParams=None, name='cue', opacity=1.0, ori=0.0, pos=array([0., 0.]), size=array([0.15, 0.15]), texRes=128.0, units='height', win=Window(...))
10.5156 	EXP 	window1: mouseVisible = True
10.5248 	EXP 	Created image = ImageStim(__class__=<class 'psychopy.visual.image.ImageStim'>, anchor=('center', 'center'), autoLog=True, color=array([1., 1., 1.]), colorSpace='rgb', contrast=1.0, depth=0.0, draggable=False, flipHoriz=False, flipVert=False, image='default.png', interpolate=True, mask=None, maskParams=None, name='image', opacity=1.0, ori=0.0, pos=array([0., 0.]), size=array([0.5, 0.5]), texRes=128.0, units='height', win=Window(...))
10.5249 	EXP 	window1: mouseVisible = True
10.5268 	EXP 	Created fixCrossR_2 = ShapeStim(__class__=<class 'psychopy.visual.shape.ShapeStim'>, anchor=('center', 'center'), autoDraw=False, autoLog=True, closeShape=True, color=method-wrapper(...), colorSpace='rgb', contrast=None, depth=-1.0, draggable=False, fillColor=array([-1, -1, -1]), fillColorSpace='rgb', fillRGB=array([-1, -1, -1]), interpolate=True, lineColor=array([-1., -1., -1.]), lineColorSpace='rgb', lineRGB=array([-1, -1, -1]), lineWidth=1.0, name='fixCrossR_2', opacity=1.0, ori=0.0, pos=array([0., 0.]), size=array([0.02, 0.02]), units='height', vertices=ndarray(...), win=Window(...), windingRule=None)
10.5269 	EXP 	window1: mouseVisible = True
10.5285 	EXP 	Created fixCrossR_4 = ShapeStim(__class__=<class 'psychopy.visual.shape.ShapeStim'>, anchor=('center', 'center'), autoDraw=False, autoLog=True, closeShape=True, color=method-wrapper(...), colorSpace='rgb', contrast=None, depth=0.0, draggable=False, fillColor=array([-1, -1, -1]), fillColorSpace='rgb', fillRGB=array([-1, -1, -1]), interpolate=True, lineColor=array([-1., -1., -1.]), lineColorSpace='rgb', lineRGB=array([-1, -1, -1]), lineWidth=1.0, name='fixCrossR_4', opacity=1.0, ori=0.0, pos=array([0., 0.]), size=array([0.02, 0.02]), units='height', vertices=ndarray(...), win=Window(...), windingRule=None)
10.5286 	EXP 	window1: mouseVisible = True
10.5303 	EXP 	Created fixCross = ShapeStim(__class__=<class 'psychopy.visual.shape.ShapeStim'>, anchor=('center', 'center'), autoDraw=False, autoLog=True, closeShape=True, color=method-wrapper(...), colorSpace='rgb', contrast=None, depth=0.0, draggable=False, fillColor=array([1, 1, 1]), fillColorSpace='rgb', fillRGB=array([1, 1, 1]), interpolate=True, lineColor=array([1., 1., 1.]), lineColorSpace='rgb', lineRGB=array([1, 1, 1]), lineWidth=1.0, name='fixCross', opacity=1.0, ori=0.0, pos=array([0., 0.]), size=array([0.02, 0.02]), units='height', vertices=ndarray(...), win=Window(...), windingRule=None)
10.5304 	EXP 	window1: mouseVisible = True
10.5314 	EXP 	Created text1 = TextStim(__class__=<class 'psychopy.visual.text.TextStim'>, alignHoriz=method-wrapper(...), alignText='center', alignVert=method-wrapper(...), anchorHoriz='center', anchorVert='center', antialias=True, autoDraw=False, autoLog=True, bold=False, color=array([1., 1., 1.]), colorSpace='rgb', contrast=1.0, depth=-1.0, draggable=False, flipHoriz=False, flipVert=False, font='Open Sans', fontFiles=[], height=0.05, italic=False, languageStyle='LTR', name='text1', opacity=1.0, ori=0.0, pos=array([-0.225,  0.08 ]), rgb=UNKNOWN, text='', units='norm', win=Window(...), wrapWidth=1)
10.5315 	EXP 	window1: mouseVisible = True
10.5325 	EXP 	Created text2 = TextStim(__class__=<class 'psychopy.visual.text.TextStim'>, alignHoriz=method-wrapper(...), alignText='center', alignVert=method-wrapper(...), anchorHoriz='center', anchorVert='center', antialias=True, autoDraw=False, autoLog=True, bold=False, color=array([1., 1., 1.]), colorSpace='rgb', contrast=1.0, depth=-2.0, draggable=False, flipHoriz=False, flipVert=False, font='Open Sans', fontFiles=[], height=0.05, italic=False, languageStyle='LTR', name='text2', opacity=1.0, ori=0.0, pos=array([-0.075,  0.08 ]), rgb=UNKNOWN, text='', units='norm', win=Window(...), wrapWidth=1)
10.5326 	EXP 	window1: mouseVisible = True
10.5335 	EXP 	Created text3 = TextStim(__class__=<class 'psychopy.visual.text.TextStim'>, alignHoriz=method-wrapper(...), alignText='center', alignVert=method-wrapper(...), anchorHoriz='center', anchorVert='center', antialias=True, autoDraw=False, autoLog=True, bold=False, color=array([1., 1., 1.]), colorSpace='rgb', contrast=1.0, depth=-3.0, draggable=False, flipHoriz=False, flipVert=False, font='Open Sans', fontFiles=[], height=0.05, italic=False, languageStyle='LTR', name='text3', opacity=1.0, ori=0.0, pos=array([0.075, 0.08 ]), rgb=UNKNOWN, text='', units='norm', win=Window(...), wrapWidth=1)
10.5336 	EXP 	window1: mouseVisible = True
10.5345 	EXP 	Created text4 = TextStim(__class__=<class 'psychopy.visual.text.TextStim'>, alignHoriz=method-wrapper(...), alignText='center', alignVert=method-wrapper(...), anchorHoriz='center', anchorVert='center', antialias=True, autoDraw=False, autoLog=True, bold=False, color=array([1., 1., 1.]), colorSpace='rgb', contrast=1.0, depth=-4.0, draggable=False, flipHoriz=False, flipVert=False, font='Open Sans', fontFiles=[], height=0.05, italic=False, languageStyle='LTR', name='text4', opacity=1.0, ori=0.0, pos=array([0.225, 0.08 ]), rgb=UNKNOWN, text='', units='norm', win=Window(...), wrapWidth=1)
10.5346 	EXP 	window1: mouseVisible = True
10.5356 	EXP 	Created text5 = TextStim(__class__=<class 'psychopy.visual.text.TextStim'>, alignHoriz=method-wrapper(...), alignText='center', alignVert=method-wrapper(...), anchorHoriz='center', anchorVert='center', antialias=True, autoDraw=False, autoLog=True, bold=False, color=array([1., 1., 1.]), colorSpace='rgb', contrast=1.0, depth=-5.0, draggable=False, flipHoriz=False, flipVert=False, font='Open Sans', fontFiles=[], height=0.05, italic=False, languageStyle='LTR', name='text5', opacity=1.0, ori=0.0, pos=array([-0.225, -0.08 ]), rgb=UNKNOWN, text='', units='norm', win=Window(...), wrapWidth=1)
10.5356 	EXP 	window1: mouseVisible = True
10.5366 	EXP 	Created text6 = TextStim(__class__=<class 'psychopy.visual.text.TextStim'>, alignHoriz=method-wrapper(...), alignText='center', alignVert=method-wrapper(...), anchorHoriz='center', anchorVert='center', antialias=True, autoDraw=False, autoLog=True, bold=False, color=array([1., 1., 1.]), colorSpace='rgb', contrast=1.0, depth=-6.0, draggable=False, flipHoriz=False, flipVert=False, font='Open Sans', fontFiles=[], height=0.05, italic=False, languageStyle='LTR', name='text6', opacity=1.0, ori=0.0, pos=array([-0.075, -0.08 ]), rgb=UNKNOWN, text='', units='norm', win=Window(...), wrapWidth=1)
10.5367 	EXP 	window1: mouseVisible = True
10.5376 	EXP 	Created text7 = TextStim(__class__=<class 'psychopy.visual.text.TextStim'>, alignHoriz=method-wrapper(...), alignText='center', alignVert=method-wrapper(...), anchorHoriz='center', anchorVert='center', antialias=True, autoDraw=False, autoLog=True, bold=False, color=array([1., 1., 1.]), colorSpace='rgb', contrast=1.0, depth=-7.0, draggable=False, flipHoriz=False, flipVert=False, font='Open Sans', fontFiles=[], height=0.05, italic=False, languageStyle='LTR', name='text7', opacity=1.0, ori=0.0, pos=array([ 0.075, -0.08 ]), rgb=UNKNOWN, text='', units='norm', win=Window(...), wrapWidth=1)
10.5377 	EXP 	window1: mouseVisible = True
10.5387 	EXP 	Created text8 = TextStim(__class__=<class 'psychopy.visual.text.TextStim'>, alignHoriz=method-wrapper(...), alignText='center', alignVert=method-wrapper(...), anchorHoriz='center', anchorVert='center', antialias=True, autoDraw=False, autoLog=True, bold=False, color=array([1., 1., 1.]), colorSpace='rgb', contrast=1.0, depth=-8.0, draggable=False, flipHoriz=False, flipVert=False, font='Open Sans', fontFiles=[], height=0.05, italic=False, languageStyle='LTR', name='text8', opacity=1.0, ori=0.0, pos=array([ 0.225, -0.08 ]), rgb=UNKNOWN, text='', units='norm', win=Window(...), wrapWidth=1)
10.5387 	EXP 	window1: mouseVisible = True
10.5397 	EXP 	Created num1 = TextStim(__class__=<class 'psychopy.visual.text.TextStim'>, alignHoriz=method-wrapper(...), alignText='center', alignVert=method-wrapper(...), anchorHoriz='center', anchorVert='center', antialias=True, autoDraw=False, autoLog=True, bold=False, color=array([1., 1., 1.]), colorSpace='rgb', contrast=1.0, depth=-10.0, draggable=False, flipHoriz=False, flipVert=False, font='Open Sans', fontFiles=[], height=0.1, italic=False, languageStyle='LTR', name='num1', opacity=1.0, ori=0.0, pos=array([-0.225,  0.24 ]), rgb=UNKNOWN, text='', units='norm', win=Window(...), wrapWidth=1)
10.5398 	EXP 	window1: mouseVisible = True
10.5408 	EXP 	Created num2 = TextStim(__class__=<class 'psychopy.visual.text.TextStim'>, alignHoriz=method-wrapper(...), alignText='center', alignVert=method-wrapper(...), anchorHoriz='center', anchorVert='center', antialias=True, autoDraw=False, autoLog=True, bold=False, color=array([1., 1., 1.]), colorSpace='rgb', contrast=1.0, depth=-11.0, draggable=False, flipHoriz=False, flipVert=False, font='Open Sans', fontFiles=[], height=0.1, italic=False, languageStyle='LTR', name='num2', opacity=1.0, ori=0.0, pos=array([-0.075,  0.24 ]), rgb=UNKNOWN, text='', units='norm', win=Window(...), wrapWidth=1)
10.5409 	EXP 	window1: mouseVisible = True
10.5420 	EXP 	Created num3 = TextStim(__class__=<class 'psychopy.visual.text.TextStim'>, alignHoriz=method-wrapper(...), alignText='center', alignVert=method-wrapper(...), anchorHoriz='center', anchorVert='center', antialias=True, autoDraw=False, autoLog=True, bold=False, color=array([1., 1., 1.]), colorSpace='rgb', contrast=1.0, depth=-12.0, draggable=False, flipHoriz=False, flipVert=False, font='Open Sans', fontFiles=[], height=0.1, italic=False, languageStyle='LTR', name='num3', opacity=1.0, ori=0.0, pos=array([0.075, 0.24 ]), rgb=UNKNOWN, text='', units='norm', win=Window(...), wrapWidth=1)
10.5421 	EXP 	window1: mouseVisible = True
10.5431 	EXP 	Created num4 = TextStim(__class__=<class 'psychopy.visual.text.TextStim'>, alignHoriz=method-wrapper(...), alignText='center', alignVert=method-wrapper(...), anchorHoriz='center', anchorVert='center', antialias=True, autoDraw=False, autoLog=True, bold=False, color=array([1., 1., 1.]), colorSpace='rgb', contrast=1.0, depth=-13.0, draggable=False, flipHoriz=False, flipVert=False, font='Open Sans', fontFiles=[], height=0.1, italic=False, languageStyle='LTR', name='num4', opacity=1.0, ori=0.0, pos=array([0.225, 0.24 ]), rgb=UNKNOWN, text='', units='norm', win=Window(...), wrapWidth=1)
10.5432 	EXP 	window1: mouseVisible = True
10.5449 	EXP 	Created fixCrossR = ShapeStim(__class__=<class 'psychopy.visual.shape.ShapeStim'>, anchor=('center', 'center'), autoDraw=False, autoLog=True, closeShape=True, color=method-wrapper(...), colorSpace='rgb', contrast=None, depth=0.0, draggable=False, fillColor=array([-1, -1, -1]), fillColorSpace='rgb', fillRGB=array([-1, -1, -1]), interpolate=True, lineColor=array([-1., -1., -1.]), lineColorSpace='rgb', lineRGB=array([-1, -1, -1]), lineWidth=1.0, name='fixCrossR', opacity=1.0, ori=0.0, pos=array([0., 0.]), size=array([0.02, 0.02]), units='height', vertices=ndarray(...), win=Window(...), windingRule=None)
10.5450 	EXP 	window1: mouseVisible = True
10.5462 	EXP 	Created text_total = TextStim(__class__=<class 'psychopy.visual.text.TextStim'>, alignHoriz=method-wrapper(...), alignText='center', alignVert=method-wrapper(...), anchorHoriz='center', anchorVert='center', antialias=True, autoDraw=False, autoLog=True, bold=False, color=array([1., 1., 1.]), colorSpace='rgb', contrast=1.0, depth=-1.0, draggable=False, flipHoriz=False, flipVert=False, font='Open Sans', fontFiles=[], height=0.05, italic=False, languageStyle='LTR', name='text_total', opacity=1.0, ori=0.0, pos=array([0., 0.]), rgb=UNKNOWN, text='', units='height', win=Window(...), wrapWidth=1)
10.5463 	EXP 	window1: mouseVisible = True
10.5476 	EXP 	Created text_acc = TextStim(__class__=<class 'psychopy.visual.text.TextStim'>, alignHoriz=method-wrapper(...), alignText='center', alignVert=method-wrapper(...), anchorHoriz='center', anchorVert='center', antialias=True, autoDraw=False, autoLog=True, bold=False, color=array([1., 1., 1.]), colorSpace='rgb', contrast=1.0, depth=-2.0, draggable=False, flipHoriz=False, flipVert=False, font='Open Sans', fontFiles=[], height=0.05, italic=False, languageStyle='LTR', name='text_acc', opacity=1.0, ori=0.0, pos=array([ 0. , -0.3]), rgb=UNKNOWN, text='', units='height', win=Window(...), wrapWidth=1)
0.0037 	DATA 	Mouse: Left button down, pos=(1377,220)
0.0041 	DATA 	Mouse:  Left button up, pos=(1377,220)
0.0131 	EXP 	Created sequence: random, trialTypes=1, nReps=0, seed=None
0.0282 	EXP 	text: autoDraw = True
0.5864 	EXP 	Imported participantData/s12/block_0/babySteps_s12.xlsx as conditions, 5 conditions, 15 params
0.5867 	EXP 	Created sequence: sequential, trialTypes=5, nReps=1, seed=None
0.5869 	EXP 	New trial (rep=0, index=0): {'category': 'shoe', 'orientation': 4, 'taskCue': 'stim//ori2.png', 'stimfile': 'stim//shoe4.png', 'resp1': 'Half Right', 'resp2': 'Half Left', 'resp3': 'Full Left', 'resp4': 'Full Right', 'resp5': 'Turtle', 'resp6': 'Horse', 'resp7': 'Shoe', 'resp8': 'Car', 'objFirst': False, 'correctButton': 4, 'interval': 2.476}
0.5903 	DATA 	Keypress: 5
0.5953 	EXP 	text: autoDraw = False
0.5953 	EXP 	cue: image = 'stim//ori2.png'
0.5953 	EXP 	cue: autoDraw = True
1.5813 	EXP 	Created sequence: sequential, trialTypes=1, nReps=3, seed=None
1.5814 	EXP 	New trial (rep=0, index=0): None
1.7971 	EXP 	cue: autoDraw = False
1.7971 	EXP 	cue: autoDraw = False
1.7971 	EXP 	image: image = 'stim//shoe4.png'
1.7971 	EXP 	image: autoDraw = True
1.7971 	EXP 	fixCrossR_2: autoDraw = True
2.0469 	EXP 	image: autoDraw = False
2.0469 	EXP 	fixCrossR_2: autoDraw = False
2.0469 	EXP 	image: autoDraw = False
2.0469 	EXP 	fixCrossR_2: autoDraw = False
2.0469 	EXP 	fixCrossR_4: autoDraw = True
2.2817 	EXP 	New trial (rep=1, index=0): None
2.4149 	EXP 	fixCrossR_4: autoDraw = False
2.4149 	EXP 	fixCrossR_4: autoDraw = False
2.4149 	EXP 	image: image = 'stim//shoe4.png'
2.4149 	EXP 	image: autoDraw = True
2.4149 	EXP 	fixCrossR_2: autoDraw = True
2.6637 	EXP 	image: autoDraw = False
2.6637 	EXP 	fixCrossR_2: autoDraw = False
2.6637 	EXP 	image: autoDraw = False
2.6637 	EXP 	fixCrossR_2: autoDraw = False
2.6637 	EXP 	fixCrossR_4: autoDraw = True
2.8982 	EXP 	New trial (rep=2, index=0): None
3.0840 	EXP 	fixCrossR_4: autoDraw = False
3.0840 	EXP 	fixCrossR_4: autoDraw = False
3.0840 	EXP 	image: image = 'stim//shoe4.png'
3.0840 	EXP 	image: autoDraw = True
3.0840 	EXP 	fixCrossR_2: autoDraw = True
3.3310 	EXP 	image: autoDraw = False
3.3310 	EXP 	fixCrossR_2: autoDraw = False
3.3310 	EXP 	image: autoDraw = False
3.3310 	EXP 	fixCrossR_2: autoDraw = False
3.3310 	EXP 	fixCrossR_4: autoDraw = True
3.6483 	EXP 	fixCrossR_4: autoDraw = False
3.6483 	EXP 	fixCrossR_4: autoDraw = False
3.6483 	EXP 	fixCross_2: fillColor = <psychopy.colors.Color: black, alpha=1.0>
3.6483 	EXP 	fixCross_2: borderColor = <psychopy.colors.Color: black, alpha=1.0>
3.6483 	EXP 	text1_2: foreColor = <psychopy.colors.Color: white, alpha=1.0>
3.6483 	EXP 	text1_2: height = 0.05
3.6483 	EXP 	text1_2: height = 0.05
3.6483 	EXP 	text1_2: height = 0.05
3.6483 	EXP 	text1_2: text = 'Half Right'
3.6483 	EXP 	text2_2: foreColor = <psychopy.colors.Color: white, alpha=1.0>
3.6483 	EXP 	text2_2: height = 0.05
3.6483 	EXP 	text2_2: height = 0.05
3.6483 	EXP 	text2_2: height = 0.05
3.6483 	EXP 	text2_2: text = 'Half Left'
3.6483 	EXP 	text3_2: foreColor = <psychopy.colors.Color: white, alpha=1.0>
3.6483 	EXP 	text3_2: height = 0.05
3.6483 	EXP 	text3_2: height = 0.05
3.6483 	EXP 	text3_2: height = 0.05
3.6483 	EXP 	text3_2: text = 'Full Left'
3.6483 	EXP 	text4_2: foreColor = <psychopy.colors.Color: white, alpha=1.0>
3.6483 	EXP 	text4_2: height = 0.05
3.6483 	EXP 	text4_2: height = 0.05
3.6483 	EXP 	text4_2: height = 0.05
3.6483 	EXP 	text4_2: text = 'Full Right'
3.6483 	EXP 	text5_2: foreColor = <psychopy.colors.Color: white, alpha=1.0>
3.6483 	EXP 	text5_2: height = 0.05
3.6483 	EXP 	text5_2: height = 0.05
3.6483 	EXP 	text5_2: height = 0.05
3.6483 	EXP 	text5_2: text = 'Turtle'
3.6483 	EXP 	text6_2: foreColor = <psychopy.colors.Color: white, alpha=1.0>
3.6483 	EXP 	text6_2: height = 0.05
3.6483 	EXP 	text6_2: height = 0.05
3.6483 	EXP 	text6_2: height = 0.05
3.6483 	EXP 	text6_2: text = 'Horse'
3.6483 	EXP 	text7_2: foreColor = <psychopy.colors.Color: white, alpha=1.0>
3.6483 	EXP 	text7_2: height = 0.05
3.6483 	EXP 	text7_2: height = 0.05
3.6483 	EXP 	text7_2: height = 0.05
3.6483 	EXP 	text7_2: text = 'Shoe'
3.6483 	EXP 	text8_2: foreColor = <psychopy.colors.Color: white, alpha=1.0>
3.6483 	EXP 	text8_2: height = 0.05
3.6483 	EXP 	text8_2: height = 0.05
3.6483 	EXP 	text8_2: height = 0.05
3.6483 	EXP 	text8_2: text = 'Car'
3.6483 	EXP 	num1_2: foreColor = <psychopy.colors.Color: white, alpha=1.0>
3.6483 	EXP 	num1_2: height = 0.1
3.6483 	EXP 	num1_2: height = 0.1
3.6483 	EXP 	num1_2: height = 0.1
3.6483 	EXP 	num1_2: text = '1'
3.6483 	EXP 	num2_2: foreColor = <psychopy.colors.Color: white, alpha=1.0>
3.6483 	EXP 	num2_2: height = 0.1
3.6483 	EXP 	num2_2: height = 0.1
3.6483 	EXP 	num2_2: height = 0.1
3.6483 	EXP 	num2_2: text = '2'
3.6483 	EXP 	num3_2: foreColor = <psychopy.colors.Color: white, alpha=1.0>
3.6483 	EXP 	num3_2: height = 0.1
3.6483 	EXP 	num3_2: height = 0.1
3.6483 	EXP 	num3_2: height = 0.1
3.6483 	EXP 	num3_2: text = '3'
3.6483 	EXP 	num4_2: foreColor = <psychopy.colors.Color: white, alpha=1.0>
3.6483 	EXP 	num4_2: height = 0.1
3.6483 	EXP 	num4_2: height = 0.1
3.6483 	EXP 	num4_2: height = 0.1
3.6483 	EXP 	num4_2: text = '4'
3.6483 	EXP 	fixCross_2: autoDraw = True
3.6483 	EXP 	text1_2: autoDraw = True
3.6483 	EXP 	text2_2: autoDraw = True
3.6483 	EXP 	text3_2: autoDraw = True
3.6483 	EXP 	text4_2: autoDraw = True
3.6483 	EXP 	text5_2: autoDraw = True
3.6483 	EXP 	text6_2: autoDraw = True
3.6483 	EXP 	text7_2: autoDraw = True
3.6483 	EXP 	text8_2: autoDraw = True
3.6483 	EXP 	num1_2: autoDraw = True
3.6483 	EXP 	num2_2: autoDraw = True
3.6483 	EXP 	num3_2: autoDraw = True
3.6483 	EXP 	num4_2: autoDraw = True
3.9898 	DATA 	Keypress: 3
4.0151 	EXP 	text4_2: foreColor = <psychopy.colors.Color: (0.0, 1.0, 0.0, 1.0)>
4.0151 	EXP 	text8_2: foreColor = <psychopy.colors.Color: (0.0, 1.0, 0.0, 1.0)>
4.0151 	EXP 	num4_2: foreColor = <psychopy.colors.Color: (0.0, 1.0, 0.0, 1.0)>
4.0151 	EXP 	text4_2: foreColor = <psychopy.colors.Color: (0.0, 1.0, 0.0, 1.0)>
4.0151 	EXP 	text8_2: foreColor = <psychopy.colors.Color: (0.0, 1.0, 0.0, 1.0)>
4.0151 	EXP 	num4_2: foreColor = <psychopy.colors.Color: (0.0, 1.0, 0.0, 1.0)>
4.0151 	EXP 	fixCross_2: foreColor = <psychopy.colors.Color: (1.0, 0.0, 0.0, 1.0)>
4.0151 	EXP 	fixCross_2: borderColor = <psychopy.colors.Color: (1.0, 0.0, 0.0, 1.0)>
4.0151 	EXP 	fixCross_2: fillColor = <psychopy.colors.Color: (1.0, 0.0, 0.0, 1.0)>
4.0151 	EXP 	text3_2: foreColor = <psychopy.colors.Color: (1.0, 0.0, 0.0, 1.0)>
4.0151 	EXP 	text7_2: foreColor = <psychopy.colors.Color: (1.0, 0.0, 0.0, 1.0)>
4.0151 	EXP 	num3_2: foreColor = <psychopy.colors.Color: (1.0, 0.0, 0.0, 1.0)>
4.0151 	EXP 	text4_2: foreColor = <psychopy.colors.Color: (0.0, 1.0, 0.0, 1.0)>
4.0151 	EXP 	text8_2: foreColor = <psychopy.colors.Color: (0.0, 1.0, 0.0, 1.0)>
4.0151 	EXP 	num4_2: foreColor = <psychopy.colors.Color: (0.0, 1.0, 0.0, 1.0)>
4.0151 	EXP 	text4_2: foreColor = <psychopy.colors.Color: (0.0, 1.0, 0.0, 1.0)>
4.0151 	EXP 	text8_2: foreColor = <psychopy.colors.Color: (0.0, 1.0, 0.0, 1.0)>
4.0151 	EXP 	num4_2: foreColor = <psychopy.colors.Color: (0.0, 1.0, 0.0, 1.0)>
7.0142 	EXP 	New trial (rep=0, index=1): {'category': 'turtle', 'orientation': 4, 'taskCue': 'stim//obj2.png', 'stimfile': 'stim//turtle4.png', 'resp1': 'Turtle', 'resp2': 'Car', 'resp3': 'Horse', 'resp4': 'Shoe', 'resp5': 'Full Left', 'resp6': 'Half Right', 'resp7': 'Full Right', 'resp8': 'Half Left', 'objFirst': True, 'correctButton': 1, 'interval': 2.499}
7.0343 	EXP 	fixCross_2: autoDraw = False
7.0343 	EXP 	text1_2: autoDraw = False
7.0343 	EXP 	text2_2: autoDraw = False
7.0343 	EXP 	text3_2: autoDraw = False
7.0343 	EXP 	text4_2: autoDraw = False
7.0343 	EXP 	text5_2: autoDraw = False
7.0343 	EXP 	text6_2: autoDraw = False
7.0343 	EXP 	text7_2: autoDraw = False
7.0343 	EXP 	text8_2: autoDraw = False
7.0343 	EXP 	num1_2: autoDraw = False
7.0343 	EXP 	num2_2: autoDraw = False
7.0343 	EXP 	num3_2: autoDraw = False
7.0343 	EXP 	num4_2: autoDraw = False
7.0343 	EXP 	fixCross: foreColor = <psychopy.colors.Color: transparent, alpha=1.0>
7.0343 	EXP 	fixCross: borderColor = <psychopy.colors.Color: transparent, alpha=1.0>
7.0343 	EXP 	fixCross: fillColor = <psychopy.colors.Color: transparent, alpha=1.0>
7.0343 	EXP 	cue: image = 'stim//obj2.png'
7.0343 	EXP 	cue: autoDraw = True
8.0200 	EXP 	Created sequence: sequential, trialTypes=1, nReps=3, seed=None
8.0202 	EXP 	New trial (rep=0, index=0): None
8.1520 	EXP 	cue: autoDraw = False
8.1520 	EXP 	cue: autoDraw = False
8.1520 	EXP 	image: image = 'stim//turtle4.png'
8.1520 	EXP 	image: autoDraw = True
8.1520 	EXP 	fixCrossR_2: autoDraw = True
8.4022 	EXP 	image: autoDraw = False
8.4022 	EXP 	fixCrossR_2: autoDraw = False
8.4022 	EXP 	image: autoDraw = False
8.4022 	EXP 	fixCrossR_2: autoDraw = False
8.4022 	EXP 	fixCrossR_4: autoDraw = True
8.6366 	EXP 	New trial (rep=1, index=0): None
8.7548 	EXP 	fixCrossR_4: autoDraw = False
8.7548 	EXP 	fixCrossR_4: autoDraw = False
8.7548 	EXP 	image: image = 'stim//turtle4.png'
8.7548 	EXP 	image: autoDraw = True
8.7548 	EXP 	fixCrossR_2: autoDraw = True
9.0026 	EXP 	image: autoDraw = False
9.0026 	EXP 	fixCrossR_2: autoDraw = False
9.0026 	EXP 	image: autoDraw = False
9.0026 	EXP 	fixCrossR_2: autoDraw = False
9.0026 	EXP 	fixCrossR_4: autoDraw = True
9.2371 	EXP 	New trial (rep=2, index=0): None
9.4194 	EXP 	fixCrossR_4: autoDraw = False
9.4194 	EXP 	fixCrossR_4: autoDraw = False
9.4194 	EXP 	image: image = 'stim//turtle4.png'
9.4194 	EXP 	image: autoDraw = True
9.4194 	EXP 	fixCrossR_2: autoDraw = True
9.6701 	EXP 	image: autoDraw = False
9.6701 	EXP 	fixCrossR_2: autoDraw = False
9.6701 	EXP 	image: autoDraw = False
9.6701 	EXP 	fixCrossR_2: autoDraw = False
9.6701 	EXP 	fixCrossR_4: autoDraw = True
9.9536 	EXP 	fixCrossR_4: autoDraw = False
9.9536 	EXP 	fixCrossR_4: autoDraw = False
9.9536 	EXP 	fixCross_2: fillColor = <psychopy.colors.Color: black, alpha=1.0>
9.9536 	EXP 	fixCross_2: borderColor = <psychopy.colors.Color: black, alpha=1.0>
9.9536 	EXP 	text1_2: foreColor = <psychopy.colors.Color: white, alpha=1.0>
9.9536 	EXP 	text1_2: height = 0.05
9.9536 	EXP 	text1_2: height = 0.05
9.9536 	EXP 	text1_2: height = 0.05
9.9536 	EXP 	text1_2: text = 'Turtle'
9.9536 	EXP 	text2_2: foreColor = <psychopy.colors.Color: white, alpha=1.0>
9.9536 	EXP 	text2_2: height = 0.05
9.9536 	EXP 	text2_2: height = 0.05
9.9536 	EXP 	text2_2: height = 0.05
9.9536 	EXP 	text2_2: text = 'Car'
9.9536 	EXP 	text3_2: foreColor = <psychopy.colors.Color: white, alpha=1.0>
9.9536 	EXP 	text3_2: height = 0.05
9.9536 	EXP 	text3_2: height = 0.05
9.9536 	EXP 	text3_2: height = 0.05
9.9536 	EXP 	text3_2: text = 'Horse'
9.9536 	EXP 	text4_2: foreColor = <psychopy.colors.Color: white, alpha=1.0>
9.9536 	EXP 	text4_2: height = 0.05
9.9536 	EXP 	text4_2: height = 0.05
9.9536 	EXP 	text4_2: height = 0.05
9.9536 	EXP 	text4_2: text = 'Shoe'
9.9536 	EXP 	text5_2: foreColor = <psychopy.colors.Color: white, alpha=1.0>
9.9536 	EXP 	text5_2: height = 0.05
9.9536 	EXP 	text5_2: height = 0.05
9.9536 	EXP 	text5_2: height = 0.05
9.9536 	EXP 	text5_2: text = 'Full Left'
9.9536 	EXP 	text6_2: foreColor = <psychopy.colors.Color: white, alpha=1.0>
9.9536 	EXP 	text6_2: height = 0.05
9.9536 	EXP 	text6_2: height = 0.05
9.9536 	EXP 	text6_2: height = 0.05
9.9536 	EXP 	text6_2: text = 'Half Right'
9.9536 	EXP 	text7_2: foreColor = <psychopy.colors.Color: white, alpha=1.0>
9.9536 	EXP 	text7_2: height = 0.05
9.9536 	EXP 	text7_2: height = 0.05
9.9536 	EXP 	text7_2: height = 0.05
9.9536 	EXP 	text7_2: text = 'Full Right'
9.9536 	EXP 	text8_2: foreColor = <psychopy.colors.Color: white, alpha=1.0>
9.9536 	EXP 	text8_2: height = 0.05
9.9536 	EXP 	text8_2: height = 0.05
9.9536 	EXP 	text8_2: height = 0.05
9.9536 	EXP 	text8_2: text = 'Half Left'
9.9536 	EXP 	num1_2: foreColor = <psychopy.colors.Color: white, alpha=1.0>
9.9536 	EXP 	num1_2: text = '1'
9.9536 	EXP 	num2_2: foreColor = <psychopy.colors.Color: white, alpha=1.0>
9.9536 	EXP 	num2_2: text = '2'
9.9536 	EXP 	num3_2: foreColor = <psychopy.colors.Color: white, alpha=1.0>
9.9536 	EXP 	num3_2: text = '3'
9.9536 	EXP 	num4_2: foreColor = <psychopy.colors.Color: white, alpha=1.0>
9.9536 	EXP 	num4_2: text = '4'
9.9536 	EXP 	fixCross_2: autoDraw = True
9.9536 	EXP 	text1_2: autoDraw = True
9.9536 	EXP 	text2_2: autoDraw = True
9.9536 	EXP 	text3_2: autoDraw = True
9.9536 	EXP 	text4_2: autoDraw = True
9.9536 	EXP 	text5_2: autoDraw = True
9.9536 	EXP 	text6_2: autoDraw = True
9.9536 	EXP 	text7_2: autoDraw = True
9.9536 	EXP 	text8_2: autoDraw = True
9.9536 	EXP 	num1_2: autoDraw = True
9.9536 	EXP 	num2_2: autoDraw = True
9.9536 	EXP 	num3_2: autoDraw = True
9.9536 	EXP 	num4_2: autoDraw = True
10.3452 	DATA 	Keypress: 4
10.3701 	EXP 	text1_2: foreColor = <psychopy.colors.Color: (0.0, 1.0, 0.0, 1.0)>
10.3701 	EXP 	text5_2: foreColor = <psychopy.colors.Color: (0.0, 1.0, 0.0, 1.0)>
10.3701 	EXP 	num1_2: foreColor = <psychopy.colors.Color: (0.0, 1.0, 0.0, 1.0)>
10.3701 	EXP 	text1_2: foreColor = <psychopy.colors.Color: (0.0, 1.0, 0.0, 1.0)>
10.3701 	EXP 	text5_2: foreColor = <psychopy.colors.Color: (0.0, 1.0, 0.0, 1.0)>
10.3701 	EXP 	num1_2: foreColor = <psychopy.colors.Color: (0.0, 1.0, 0.0, 1.0)>
10.3701 	EXP 	text1_2: foreColor = <psychopy.colors.Color: (0.0, 1.0, 0.0, 1.0)>
10.3701 	EXP 	text5_2: foreColor = <psychopy.colors.Color: (0.0, 1.0, 0.0, 1.0)>
10.3701 	EXP 	num1_2: foreColor = <psychopy.colors.Color: (0.0, 1.0, 0.0, 1.0)>
10.3701 	EXP 	fixCross_2: foreColor = <psychopy.colors.Color: (1.0, 0.0, 0.0, 1.0)>
10.3701 	EXP 	fixCross_2: borderColor = <psychopy.colors.Color: (1.0, 0.0, 0.0, 1.0)>
10.3701 	EXP 	fixCross_2: fillColor = <psychopy.colors.Color: (1.0, 0.0, 0.0, 1.0)>
10.3701 	EXP 	text4_2: foreColor = <psychopy.colors.Color: (1.0, 0.0, 0.0, 1.0)>
10.3701 	EXP 	text8_2: foreColor = <psychopy.colors.Color: (1.0, 0.0, 0.0, 1.0)>
10.3701 	EXP 	num4_2: foreColor = <psychopy.colors.Color: (1.0, 0.0, 0.0, 1.0)>
10.3701 	EXP 	text1_2: foreColor = <psychopy.colors.Color: (0.0, 1.0, 0.0, 1.0)>
10.3701 	EXP 	text5_2: foreColor = <psychopy.colors.Color: (0.0, 1.0, 0.0, 1.0)>
10.3701 	EXP 	num1_2: foreColor = <psychopy.colors.Color: (0.0, 1.0, 0.0, 1.0)>
13.3588 	EXP 	New trial (rep=0, index=2): {'category': 'turtle', 'orientation': 3, 'taskCue': 'stim//ori1.png', 'stimfile': 'stim//turtle3.png', 'resp1': 'Full Left', 'resp2': 'Full Right', 'resp3': 'Half Left', 'resp4': 'Half Right', 'resp5': 'Car', 'resp6': 'Shoe', 'resp7': 'Turtle', 'resp8': 'Horse', 'objFirst': False, 'correctButton': 4, 'interval': 2.49}
13.3730 	EXP 	fixCross_2: autoDraw = False
13.3730 	EXP 	text1_2: autoDraw = False
13.3730 	EXP 	text2_2: autoDraw = False
13.3730 	EXP 	text3_2: autoDraw = False
13.3730 	EXP 	text4_2: autoDraw = False
13.3730 	EXP 	text5_2: autoDraw = False
13.3730 	EXP 	text6_2: autoDraw = False
13.3730 	EXP 	text7_2: autoDraw = False
13.3730 	EXP 	text8_2: autoDraw = False
13.3730 	EXP 	num1_2: autoDraw = False
13.3730 	EXP 	num2_2: autoDraw = False
13.3730 	EXP 	num3_2: autoDraw = False
13.3730 	EXP 	num4_2: autoDraw = False
13.3730 	EXP 	fixCross: foreColor = <psychopy.colors.Color: transparent, alpha=1.0>
13.3730 	EXP 	fixCross: borderColor = <psychopy.colors.Color: transparent, alpha=1.0>
13.3730 	EXP 	fixCross: fillColor = <psychopy.colors.Color: transparent, alpha=1.0>
13.3730 	EXP 	cue: image = 'stim//ori1.png'
13.3730 	EXP 	cue: autoDraw = True
14.3585 	EXP 	Created sequence: sequential, trialTypes=1, nReps=3, seed=None
14.3589 	EXP 	New trial (rep=0, index=0): None
14.4906 	EXP 	cue: autoDraw = False
14.4906 	EXP 	cue: autoDraw = False
14.4906 	EXP 	image: image = 'stim//turtle3.png'
14.4906 	EXP 	image: autoDraw = True
14.4906 	EXP 	fixCrossR_2: autoDraw = True
14.7409 	EXP 	image: autoDraw = False
14.7409 	EXP 	fixCrossR_2: autoDraw = False
14.7409 	EXP 	image: autoDraw = False
14.7409 	EXP 	fixCrossR_2: autoDraw = False
14.7409 	EXP 	fixCrossR_4: autoDraw = True
14.9755 	EXP 	New trial (rep=1, index=0): None
15.1075 	EXP 	fixCrossR_4: autoDraw = False
15.1075 	EXP 	fixCrossR_4: autoDraw = False
15.1075 	EXP 	image: image = 'stim//turtle3.png'
15.1075 	EXP 	image: autoDraw = True
15.1075 	EXP 	fixCrossR_2: autoDraw = True
15.3579 	EXP 	image: autoDraw = False
15.3579 	EXP 	fixCrossR_2: autoDraw = False
15.3579 	EXP 	image: autoDraw = False
15.3579 	EXP 	fixCrossR_2: autoDraw = False
15.3579 	EXP 	fixCrossR_4: autoDraw = True
15.5923 	EXP 	New trial (rep=2, index=0): None
15.7749 	EXP 	fixCrossR_4: autoDraw = False
15.7749 	EXP 	fixCrossR_4: autoDraw = False
15.7749 	EXP 	image: image = 'stim//turtle3.png'
15.7749 	EXP 	image: autoDraw = True
15.7749 	EXP 	fixCrossR_2: autoDraw = True
16.0250 	EXP 	image: autoDraw = False
16.0250 	EXP 	fixCrossR_2: autoDraw = False
16.0250 	EXP 	image: autoDraw = False
16.0250 	EXP 	fixCrossR_2: autoDraw = False
16.0250 	EXP 	fixCrossR_4: autoDraw = True
16.3086 	EXP 	fixCrossR_4: autoDraw = False
16.3086 	EXP 	fixCrossR_4: autoDraw = False
16.3086 	EXP 	fixCross_2: fillColor = <psychopy.colors.Color: black, alpha=1.0>
16.3086 	EXP 	fixCross_2: borderColor = <psychopy.colors.Color: black, alpha=1.0>
16.3086 	EXP 	text1_2: foreColor = <psychopy.colors.Color: white, alpha=1.0>
16.3086 	EXP 	text1_2: height = 0.05
16.3086 	EXP 	text1_2: height = 0.05
16.3086 	EXP 	text1_2: height = 0.05
16.3086 	EXP 	text1_2: text = 'Full Left'
16.3086 	EXP 	text2_2: foreColor = <psychopy.colors.Color: white, alpha=1.0>
16.3086 	EXP 	text2_2: height = 0.05
16.3086 	EXP 	text2_2: height = 0.05
16.3086 	EXP 	text2_2: height = 0.05
16.3086 	EXP 	text2_2: text = 'Full Right'
16.3086 	EXP 	text3_2: foreColor = <psychopy.colors.Color: white, alpha=1.0>
16.3086 	EXP 	text3_2: height = 0.05
16.3086 	EXP 	text3_2: height = 0.05
16.3086 	EXP 	text3_2: height = 0.05
16.3086 	EXP 	text3_2: text = 'Half Left'
16.3086 	EXP 	text4_2: foreColor = <psychopy.colors.Color: white, alpha=1.0>
16.3086 	EXP 	text4_2: height = 0.05
16.3086 	EXP 	text4_2: height = 0.05
16.3086 	EXP 	text4_2: height = 0.05
16.3086 	EXP 	text4_2: text = 'Half Right'
16.3086 	EXP 	text5_2: foreColor = <psychopy.colors.Color: white, alpha=1.0>
16.3086 	EXP 	text5_2: height = 0.05
16.3086 	EXP 	text5_2: height = 0.05
16.3086 	EXP 	text5_2: height = 0.05
16.3086 	EXP 	text5_2: text = 'Car'
16.3086 	EXP 	text6_2: foreColor = <psychopy.colors.Color: white, alpha=1.0>
16.3086 	EXP 	text6_2: height = 0.05
16.3086 	EXP 	text6_2: height = 0.05
16.3086 	EXP 	text6_2: height = 0.05
16.3086 	EXP 	text6_2: text = 'Shoe'
16.3086 	EXP 	text7_2: foreColor = <psychopy.colors.Color: white, alpha=1.0>
16.3086 	EXP 	text7_2: height = 0.05
16.3086 	EXP 	text7_2: height = 0.05
16.3086 	EXP 	text7_2: height = 0.05
16.3086 	EXP 	text7_2: text = 'Turtle'
16.3086 	EXP 	text8_2: foreColor = <psychopy.colors.Color: white, alpha=1.0>
16.3086 	EXP 	text8_2: height = 0.05
16.3086 	EXP 	text8_2: height = 0.05
16.3086 	EXP 	text8_2: height = 0.05
16.3086 	EXP 	text8_2: text = 'Horse'
16.3086 	EXP 	num1_2: foreColor = <psychopy.colors.Color: white, alpha=1.0>
16.3086 	EXP 	num1_2: text = '1'
16.3086 	EXP 	num2_2: foreColor = <psychopy.colors.Color: white, alpha=1.0>
16.3086 	EXP 	num2_2: text = '2'
16.3086 	EXP 	num3_2: foreColor = <psychopy.colors.Color: white, alpha=1.0>
16.3086 	EXP 	num3_2: text = '3'
16.3086 	EXP 	num4_2: foreColor = <psychopy.colors.Color: white, alpha=1.0>
16.3086 	EXP 	num4_2: text = '4'
16.3086 	EXP 	fixCross_2: autoDraw = True
16.3086 	EXP 	text1_2: autoDraw = True
16.3086 	EXP 	text2_2: autoDraw = True
16.3086 	EXP 	text3_2: autoDraw = True
16.3086 	EXP 	text4_2: autoDraw = True
16.3086 	EXP 	text5_2: autoDraw = True
16.3086 	EXP 	text6_2: autoDraw = True
16.3086 	EXP 	text7_2: autoDraw = True
16.3086 	EXP 	text8_2: autoDraw = True
16.3086 	EXP 	num1_2: autoDraw = True
16.3086 	EXP 	num2_2: autoDraw = True
16.3086 	EXP 	num3_2: autoDraw = True
16.3086 	EXP 	num4_2: autoDraw = True
18.1013 	DATA 	Keypress: 2
18.1270 	EXP 	text4_2: foreColor = <psychopy.colors.Color: (0.0, 1.0, 0.0, 1.0)>
18.1270 	EXP 	text8_2: foreColor = <psychopy.colors.Color: (0.0, 1.0, 0.0, 1.0)>
18.1270 	EXP 	num4_2: foreColor = <psychopy.colors.Color: (0.0, 1.0, 0.0, 1.0)>
18.1270 	EXP 	fixCross_2: foreColor = <psychopy.colors.Color: (1.0, 0.0, 0.0, 1.0)>
18.1270 	EXP 	fixCross_2: borderColor = <psychopy.colors.Color: (1.0, 0.0, 0.0, 1.0)>
18.1270 	EXP 	fixCross_2: fillColor = <psychopy.colors.Color: (1.0, 0.0, 0.0, 1.0)>
18.1270 	EXP 	text2_2: foreColor = <psychopy.colors.Color: (1.0, 0.0, 0.0, 1.0)>
18.1270 	EXP 	text6_2: foreColor = <psychopy.colors.Color: (1.0, 0.0, 0.0, 1.0)>
18.1270 	EXP 	num2_2: foreColor = <psychopy.colors.Color: (1.0, 0.0, 0.0, 1.0)>
18.1270 	EXP 	text4_2: foreColor = <psychopy.colors.Color: (0.0, 1.0, 0.0, 1.0)>
18.1270 	EXP 	text8_2: foreColor = <psychopy.colors.Color: (0.0, 1.0, 0.0, 1.0)>
18.1270 	EXP 	num4_2: foreColor = <psychopy.colors.Color: (0.0, 1.0, 0.0, 1.0)>
18.1270 	EXP 	text4_2: foreColor = <psychopy.colors.Color: (0.0, 1.0, 0.0, 1.0)>
18.1270 	EXP 	text8_2: foreColor = <psychopy.colors.Color: (0.0, 1.0, 0.0, 1.0)>
18.1270 	EXP 	num4_2: foreColor = <psychopy.colors.Color: (0.0, 1.0, 0.0, 1.0)>
18.1270 	EXP 	text4_2: foreColor = <psychopy.colors.Color: (0.0, 1.0, 0.0, 1.0)>
18.1270 	EXP 	text8_2: foreColor = <psychopy.colors.Color: (0.0, 1.0, 0.0, 1.0)>
18.1270 	EXP 	num4_2: foreColor = <psychopy.colors.Color: (0.0, 1.0, 0.0, 1.0)>
21.1148 	EXP 	New trial (rep=0, index=3): {'category': 'car', 'orientation': 3, 'taskCue': 'stim//ori1.png', 'stimfile': 'stim//car3.png', 'resp1': 'Horse', 'resp2': 'Car', 'resp3': 'Turtle', 'resp4': 'Shoe', 'resp5': 'Full Right', 'resp6': 'Full Left', 'resp7': 'Half Left', 'resp8': 'Half Right', 'objFirst': True, 'correctButton': 4, 'interval': 2.453}
21.1293 	EXP 	fixCross_2: autoDraw = False
21.1293 	EXP 	text1_2: autoDraw = False
21.1293 	EXP 	text2_2: autoDraw = False
21.1293 	EXP 	text3_2: autoDraw = False
21.1293 	EXP 	text4_2: autoDraw = False
21.1293 	EXP 	text5_2: autoDraw = False
21.1293 	EXP 	text6_2: autoDraw = False
21.1293 	EXP 	text7_2: autoDraw = False
21.1293 	EXP 	text8_2: autoDraw = False
21.1293 	EXP 	num1_2: autoDraw = False
21.1293 	EXP 	num2_2: autoDraw = False
21.1293 	EXP 	num3_2: autoDraw = False
21.1293 	EXP 	num4_2: autoDraw = False
21.1293 	EXP 	fixCross: foreColor = <psychopy.colors.Color: transparent, alpha=1.0>
21.1293 	EXP 	fixCross: borderColor = <psychopy.colors.Color: transparent, alpha=1.0>
21.1293 	EXP 	fixCross: fillColor = <psychopy.colors.Color: transparent, alpha=1.0>
21.1293 	EXP 	cue: image = 'stim//ori1.png'
21.1293 	EXP 	cue: autoDraw = True
22.1149 	EXP 	Created sequence: sequential, trialTypes=1, nReps=3, seed=None
22.1151 	EXP 	New trial (rep=0, index=0): None
22.2469 	EXP 	cue: autoDraw = False
22.2469 	EXP 	cue: autoDraw = False
22.2469 	EXP 	image: image = 'stim//car3.png'
22.2469 	EXP 	image: autoDraw = True
22.2469 	EXP 	fixCrossR_2: autoDraw = True
22.4973 	EXP 	image: autoDraw = False
22.4973 	EXP 	fixCrossR_2: autoDraw = False
22.4973 	EXP 	image: autoDraw = False
22.4973 	EXP 	fixCrossR_2: autoDraw = False
22.4973 	EXP 	fixCrossR_4: autoDraw = True
22.7321 	EXP 	New trial (rep=1, index=0): None
22.8478 	EXP 	fixCrossR_4: autoDraw = False
22.8478 	EXP 	fixCrossR_4: autoDraw = False
22.8478 	EXP 	image: image = 'stim//car3.png'
22.8478 	EXP 	image: autoDraw = True
22.8478 	EXP 	fixCrossR_2: autoDraw = True
23.0976 	EXP 	image: autoDraw = False
23.0976 	EXP 	fixCrossR_2: autoDraw = False
23.0976 	EXP 	image: autoDraw = False
23.0976 	EXP 	fixCrossR_2: autoDraw = False
23.0976 	EXP 	fixCrossR_4: autoDraw = True
23.3319 	EXP 	New trial (rep=2, index=0): None
23.5144 	EXP 	fixCrossR_4: autoDraw = False
23.5144 	EXP 	fixCrossR_4: autoDraw = False
23.5144 	EXP 	image: image = 'stim//car3.png'
23.5144 	EXP 	image: autoDraw = True
23.5144 	EXP 	fixCrossR_2: autoDraw = True
23.7648 	EXP 	image: autoDraw = False
23.7648 	EXP 	fixCrossR_2: autoDraw = False
23.7648 	EXP 	image: autoDraw = False
23.7648 	EXP 	fixCrossR_2: autoDraw = False
23.7648 	EXP 	fixCrossR_4: autoDraw = True
24.0487 	EXP 	fixCrossR_4: autoDraw = False
24.0487 	EXP 	fixCrossR_4: autoDraw = False
24.0487 	EXP 	fixCross_2: fillColor = <psychopy.colors.Color: black, alpha=1.0>
24.0487 	EXP 	fixCross_2: borderColor = <psychopy.colors.Color: black, alpha=1.0>
24.0487 	EXP 	text1_2: foreColor = <psychopy.colors.Color: white, alpha=1.0>
24.0487 	EXP 	text1_2: height = 0.05
24.0487 	EXP 	text1_2: height = 0.05
24.0487 	EXP 	text1_2: height = 0.05
24.0487 	EXP 	text1_2: text = 'Horse'
24.0487 	EXP 	text2_2: foreColor = <psychopy.colors.Color: white, alpha=1.0>
24.0487 	EXP 	text2_2: height = 0.05
24.0487 	EXP 	text2_2: height = 0.05
24.0487 	EXP 	text2_2: height = 0.05
24.0487 	EXP 	text2_2: text = 'Car'
24.0487 	EXP 	text3_2: foreColor = <psychopy.colors.Color: white, alpha=1.0>
24.0487 	EXP 	text3_2: height = 0.05
24.0487 	EXP 	text3_2: height = 0.05
24.0487 	EXP 	text3_2: height = 0.05
24.0487 	EXP 	text3_2: text = 'Turtle'
24.0487 	EXP 	text4_2: foreColor = <psychopy.colors.Color: white, alpha=1.0>
24.0487 	EXP 	text4_2: height = 0.05
24.0487 	EXP 	text4_2: height = 0.05
24.0487 	EXP 	text4_2: height = 0.05
24.0487 	EXP 	text4_2: text = 'Shoe'
24.0487 	EXP 	text5_2: foreColor = <psychopy.colors.Color: white, alpha=1.0>
24.0487 	EXP 	text5_2: height = 0.05
24.0487 	EXP 	text5_2: height = 0.05
24.0487 	EXP 	text5_2: height = 0.05
24.0487 	EXP 	text5_2: text = 'Full Right'
24.0487 	EXP 	text6_2: foreColor = <psychopy.colors.Color: white, alpha=1.0>
24.0487 	EXP 	text6_2: height = 0.05
24.0487 	EXP 	text6_2: height = 0.05
24.0487 	EXP 	text6_2: height = 0.05
24.0487 	EXP 	text6_2: text = 'Full Left'
24.0487 	EXP 	text7_2: foreColor = <psychopy.colors.Color: white, alpha=1.0>
24.0487 	EXP 	text7_2: height = 0.05
24.0487 	EXP 	text7_2: height = 0.05
24.0487 	EXP 	text7_2: height = 0.05
24.0487 	EXP 	text7_2: text = 'Half Left'
24.0487 	EXP 	text8_2: foreColor = <psychopy.colors.Color: white, alpha=1.0>
24.0487 	EXP 	text8_2: height = 0.05
24.0487 	EXP 	text8_2: height = 0.05
24.0487 	EXP 	text8_2: height = 0.05
24.0487 	EXP 	text8_2: text = 'Half Right'
24.0487 	EXP 	num1_2: foreColor = <psychopy.colors.Color: white, alpha=1.0>
24.0487 	EXP 	num1_2: text = '1'
24.0487 	EXP 	num2_2: foreColor = <psychopy.colors.Color: white, alpha=1.0>
24.0487 	EXP 	num2_2: text = '2'
24.0487 	EXP 	num3_2: foreColor = <psychopy.colors.Color: white, alpha=1.0>
24.0487 	EXP 	num3_2: text = '3'
24.0487 	EXP 	num4_2: foreColor = <psychopy.colors.Color: white, alpha=1.0>
24.0487 	EXP 	num4_2: text = '4'
24.0487 	EXP 	fixCross_2: autoDraw = True
24.0487 	EXP 	text1_2: autoDraw = True
24.0487 	EXP 	text2_2: autoDraw = True
24.0487 	EXP 	text3_2: autoDraw = True
24.0487 	EXP 	text4_2: autoDraw = True
24.0487 	EXP 	text5_2: autoDraw = True
24.0487 	EXP 	text6_2: autoDraw = True
24.0487 	EXP 	text7_2: autoDraw = True
24.0487 	EXP 	text8_2: autoDraw = True
24.0487 	EXP 	num1_2: autoDraw = True
24.0487 	EXP 	num2_2: autoDraw = True
24.0487 	EXP 	num3_2: autoDraw = True
24.0487 	EXP 	num4_2: autoDraw = True
24.6228 	DATA 	Keypress: 1
24.6489 	EXP 	fixCross_2: foreColor = <psychopy.colors.Color: (1.0, 0.0, 0.0, 1.0)>
24.6489 	EXP 	fixCross_2: borderColor = <psychopy.colors.Color: (1.0, 0.0, 0.0, 1.0)>
24.6489 	EXP 	fixCross_2: fillColor = <psychopy.colors.Color: (1.0, 0.0, 0.0, 1.0)>
24.6489 	EXP 	text1_2: foreColor = <psychopy.colors.Color: (1.0, 0.0, 0.0, 1.0)>
24.6489 	EXP 	text5_2: foreColor = <psychopy.colors.Color: (1.0, 0.0, 0.0, 1.0)>
24.6489 	EXP 	num1_2: foreColor = <psychopy.colors.Color: (1.0, 0.0, 0.0, 1.0)>
24.6489 	EXP 	text4_2: foreColor = <psychopy.colors.Color: (0.0, 1.0, 0.0, 1.0)>
24.6489 	EXP 	text8_2: foreColor = <psychopy.colors.Color: (0.0, 1.0, 0.0, 1.0)>
24.6489 	EXP 	num4_2: foreColor = <psychopy.colors.Color: (0.0, 1.0, 0.0, 1.0)>
24.6489 	EXP 	text4_2: foreColor = <psychopy.colors.Color: (0.0, 1.0, 0.0, 1.0)>
24.6489 	EXP 	text8_2: foreColor = <psychopy.colors.Color: (0.0, 1.0, 0.0, 1.0)>
24.6489 	EXP 	num4_2: foreColor = <psychopy.colors.Color: (0.0, 1.0, 0.0, 1.0)>
24.6489 	EXP 	text4_2: foreColor = <psychopy.colors.Color: (0.0, 1.0, 0.0, 1.0)>
24.6489 	EXP 	text8_2: foreColor = <psychopy.colors.Color: (0.0, 1.0, 0.0, 1.0)>
24.6489 	EXP 	num4_2: foreColor = <psychopy.colors.Color: (0.0, 1.0, 0.0, 1.0)>
24.6489 	EXP 	text4_2: foreColor = <psychopy.colors.Color: (0.0, 1.0, 0.0, 1.0)>
24.6489 	EXP 	text8_2: foreColor = <psychopy.colors.Color: (0.0, 1.0, 0.0, 1.0)>
24.6489 	EXP 	num4_2: foreColor = <psychopy.colors.Color: (0.0, 1.0, 0.0, 1.0)>
27.6372 	EXP 	New trial (rep=0, index=4): {'category': 'shoe', 'orientation': 4, 'taskCue': 'stim//obj1.png', 'stimfile': 'stim//shoe4.png', 'resp1': 'Half Left', 'resp2': 'Half Right', 'resp3': 'Full Right', 'resp4': 'Full Left', 'resp5': 'Turtle', 'resp6': 'Car', 'resp7': 'Horse', 'resp8': 'Shoe', 'objFirst': False, 'correctButton': 4, 'interval': 2.826}
27.6516 	EXP 	fixCross_2: autoDraw = False
27.6516 	EXP 	text1_2: autoDraw = False
27.6516 	EXP 	text2_2: autoDraw = False
27.6516 	EXP 	text3_2: autoDraw = False
27.6516 	EXP 	text4_2: autoDraw = False
27.6516 	EXP 	text5_2: autoDraw = False
27.6516 	EXP 	text6_2: autoDraw = False
27.6516 	EXP 	text7_2: autoDraw = False
27.6516 	EXP 	text8_2: autoDraw = False
27.6516 	EXP 	num1_2: autoDraw = False
27.6516 	EXP 	num2_2: autoDraw = False
27.6516 	EXP 	num3_2: autoDraw = False
27.6516 	EXP 	num4_2: autoDraw = False
27.6516 	EXP 	fixCross: foreColor = <psychopy.colors.Color: transparent, alpha=1.0>
27.6516 	EXP 	fixCross: borderColor = <psychopy.colors.Color: transparent, alpha=1.0>
27.6516 	EXP 	fixCross: fillColor = <psychopy.colors.Color: transparent, alpha=1.0>
27.6516 	EXP 	cue: image = 'stim//obj1.png'
27.6516 	EXP 	cue: autoDraw = True
28.6365 	EXP 	Created sequence: sequential, trialTypes=1, nReps=3, seed=None
28.6366 	EXP 	New trial (rep=0, index=0): None
28.7529 	EXP 	cue: autoDraw = False
28.7529 	EXP 	cue: autoDraw = False
28.7529 	EXP 	image: image = 'stim//shoe4.png'
28.7529 	EXP 	image: autoDraw = True
28.7529 	EXP 	fixCrossR_2: autoDraw = True
29.0025 	EXP 	image: autoDraw = False
29.0025 	EXP 	fixCrossR_2: autoDraw = False
29.0025 	EXP 	image: autoDraw = False
29.0025 	EXP 	fixCrossR_2: autoDraw = False
29.0025 	EXP 	fixCrossR_4: autoDraw = True
29.2371 	EXP 	New trial (rep=1, index=0): None
29.3695 	EXP 	fixCrossR_4: autoDraw = False
29.3695 	EXP 	fixCrossR_4: autoDraw = False
29.3695 	EXP 	image: image = 'stim//shoe4.png'
29.3695 	EXP 	image: autoDraw = True
29.3695 	EXP 	fixCrossR_2: autoDraw = True
29.6199 	EXP 	image: autoDraw = False
29.6199 	EXP 	fixCrossR_2: autoDraw = False
29.6199 	EXP 	image: autoDraw = False
29.6199 	EXP 	fixCrossR_2: autoDraw = False
29.6199 	EXP 	fixCrossR_4: autoDraw = True
29.8544 	EXP 	New trial (rep=2, index=0): None
30.0368 	EXP 	fixCrossR_4: autoDraw = False
30.0368 	EXP 	fixCrossR_4: autoDraw = False
30.0368 	EXP 	image: image = 'stim//shoe4.png'
30.0368 	EXP 	image: autoDraw = True
30.0368 	EXP 	fixCrossR_2: autoDraw = True
30.2872 	EXP 	image: autoDraw = False
30.2872 	EXP 	fixCrossR_2: autoDraw = False
30.2872 	EXP 	image: autoDraw = False
30.2872 	EXP 	fixCrossR_2: autoDraw = False
30.2872 	EXP 	fixCrossR_4: autoDraw = True
30.5706 	EXP 	fixCrossR_4: autoDraw = False
30.5706 	EXP 	fixCrossR_4: autoDraw = False
30.5706 	EXP 	fixCross_2: fillColor = <psychopy.colors.Color: black, alpha=1.0>
30.5706 	EXP 	fixCross_2: borderColor = <psychopy.colors.Color: black, alpha=1.0>
30.5706 	EXP 	text1_2: foreColor = <psychopy.colors.Color: white, alpha=1.0>
30.5706 	EXP 	text1_2: height = 0.05
30.5706 	EXP 	text1_2: height = 0.05
30.5706 	EXP 	text1_2: height = 0.05
30.5706 	EXP 	text1_2: text = 'Half Left'
30.5706 	EXP 	text2_2: foreColor = <psychopy.colors.Color: white, alpha=1.0>
30.5706 	EXP 	text2_2: height = 0.05
30.5706 	EXP 	text2_2: height = 0.05
30.5706 	EXP 	text2_2: height = 0.05
30.5706 	EXP 	text2_2: text = 'Half Right'
30.5706 	EXP 	text3_2: foreColor = <psychopy.colors.Color: white, alpha=1.0>
30.5706 	EXP 	text3_2: height = 0.05
30.5706 	EXP 	text3_2: height = 0.05
30.5706 	EXP 	text3_2: height = 0.05
30.5706 	EXP 	text3_2: text = 'Full Right'
30.5706 	EXP 	text4_2: foreColor = <psychopy.colors.Color: white, alpha=1.0>
30.5706 	EXP 	text4_2: height = 0.05
30.5706 	EXP 	text4_2: height = 0.05
30.5706 	EXP 	text4_2: height = 0.05
30.5706 	EXP 	text4_2: text = 'Full Left'
30.5706 	EXP 	text5_2: foreColor = <psychopy.colors.Color: white, alpha=1.0>
30.5706 	EXP 	text5_2: height = 0.05
30.5706 	EXP 	text5_2: height = 0.05
30.5706 	EXP 	text5_2: height = 0.05
30.5706 	EXP 	text5_2: text = 'Turtle'
30.5706 	EXP 	text6_2: foreColor = <psychopy.colors.Color: white, alpha=1.0>
30.5706 	EXP 	text6_2: height = 0.05
30.5706 	EXP 	text6_2: height = 0.05
30.5706 	EXP 	text6_2: height = 0.05
30.5706 	EXP 	text6_2: text = 'Car'
30.5706 	EXP 	text7_2: foreColor = <psychopy.colors.Color: white, alpha=1.0>
30.5706 	EXP 	text7_2: height = 0.05
30.5706 	EXP 	text7_2: height = 0.05
30.5706 	EXP 	text7_2: height = 0.05
30.5706 	EXP 	text7_2: text = 'Horse'
30.5706 	EXP 	text8_2: foreColor = <psychopy.colors.Color: white, alpha=1.0>
30.5706 	EXP 	text8_2: height = 0.05
30.5706 	EXP 	text8_2: height = 0.05
30.5706 	EXP 	text8_2: height = 0.05
30.5706 	EXP 	text8_2: text = 'Shoe'
30.5706 	EXP 	num1_2: foreColor = <psychopy.colors.Color: white, alpha=1.0>
30.5706 	EXP 	num1_2: text = '1'
30.5706 	EXP 	num2_2: foreColor = <psychopy.colors.Color: white, alpha=1.0>
30.5706 	EXP 	num2_2: text = '2'
30.5706 	EXP 	num3_2: foreColor = <psychopy.colors.Color: white, alpha=1.0>
30.5706 	EXP 	num3_2: text = '3'
30.5706 	EXP 	num4_2: foreColor = <psychopy.colors.Color: white, alpha=1.0>
30.5706 	EXP 	num4_2: text = '4'
30.5706 	EXP 	fixCross_2: autoDraw = True
30.5706 	EXP 	text1_2: autoDraw = True
30.5706 	EXP 	text2_2: autoDraw = True
30.5706 	EXP 	text3_2: autoDraw = True
30.5706 	EXP 	text4_2: autoDraw = True
30.5706 	EXP 	text5_2: autoDraw = True
30.5706 	EXP 	text6_2: autoDraw = True
30.5706 	EXP 	text7_2: autoDraw = True
30.5706 	EXP 	text8_2: autoDraw = True
30.5706 	EXP 	num1_2: autoDraw = True
30.5706 	EXP 	num2_2: autoDraw = True
30.5706 	EXP 	num3_2: autoDraw = True
30.5706 	EXP 	num4_2: autoDraw = True
31.0553 	DATA 	Keypress: escape
31.2390 	EXP 	pilotv2: status = STOPPED
31.2546 	EXP 	fixCross_2: autoDraw = False
31.2546 	EXP 	text1_2: autoDraw = False
31.2546 	EXP 	text2_2: autoDraw = False
31.2546 	EXP 	text3_2: autoDraw = False
31.2546 	EXP 	text4_2: autoDraw = False
31.2546 	EXP 	text5_2: autoDraw = False
31.2546 	EXP 	text6_2: autoDraw = False
31.2546 	EXP 	text7_2: autoDraw = False
31.2546 	EXP 	text8_2: autoDraw = False
31.2546 	EXP 	num1_2: autoDraw = False
31.2546 	EXP 	num2_2: autoDraw = False
31.2546 	EXP 	num3_2: autoDraw = False
31.2546 	EXP 	num4_2: autoDraw = False
31.2548 	EXP 	pilotv2: status = STOPPED
31.4564 	EXP 	window1: mouseVisible = True
