2.4315 	ERROR 	Support for the `sounddevice` audio backend is not available this session. Please install `psychopy-sounddevice` and restart the session to enable support.
10.9683 	WARNING 	User requested fullscreen with size [1536  864], but screen is actually [1920, 1080]. Using actual size
12.1822 	EXP 	Created window1 = Window(allowGUI=True, allowStencil=False, autoLog=True, backendConf=UNKNOWN, backgroundFit=<method-wrapper '__getattribute__' of attributeSetter object at 0x0000026894786F40>, backgroundImage=<method-wrapper '__getattribute__' of attributeSetter object at 0x0000026894786EE0>, bitsMode=UNKNOWN, blendMode='avg', bpc=(8, 8, 8), color=array([-0.4039, -0.4039, -0.4039]), colorSpace='rgb', depthBits=8, fullscr=<method-wrapper '__getattribute__' of attributeSetter object at 0x0000026894786D00>, gamma=None, gammaErrorPolicy='raise', lms=UNKNOWN, monitor=<psychopy.monitors.calibTools.Monitor object at 0x0000026894D49EB0>, multiSample=False, name='window1', numSamples=2, pos=(-1920, 0), screen=0, size=array([1920, 1080]), stencilBits=0, stereo=False, title='PsychoPy', units='height', useFBO=True, useRetina=False, viewOri=0.0, viewPos=None, viewScale=None, waitBlanking=True, winType='pyglet')
12.1823 	EXP 	window1: mouseVisible = True
12.1823 	EXP 	window1: backgroundImage = ''
12.1823 	EXP 	window1: backgroundFit = 'none'
12.1838 	EXP 	window1: Attempting to measure frame rate of screen (0) ...
12.1838 	EXP 	window1: recordFrameIntervals = False
12.3487 	EXP 	window1: recordFrameIntervals = True
12.5326 	EXP 	Screen (0) actual frame rate measured at 59.84Hz
12.5327 	EXP 	window1: recordFrameIntervals = False
12.5329 	EXP 	window1: mouseVisible = False
14.7526 	EXP 	pilotv2: status = STARTED
14.7529 	EXP 	window1: mouseVisible = True
14.7631 	EXP 	Created imageInstruct = ImageStim(__class__=<class 'psychopy.visual.image.ImageStim'>, anchor=('center', 'center'), autoLog=True, color=array([1., 1., 1.]), colorSpace='rgb', contrast=1.0, depth=0.0, draggable=False, flipHoriz=False, flipVert=False, image='default.png', interpolate=True, mask=None, maskParams=None, name='imageInstruct', opacity=1.0, ori=0.0, pos=array([0., 0.]), size=array([1.6    , 1.00736]), texRes=128.0, units='height', win=Window(...))
14.7634 	EXP 	window1: mouseVisible = True
14.7635 	EXP 	window1: mouseVisible = True
14.7639 	EXP 	window1: mouseVisible = True
14.7643 	EXP 	window1: mouseVisible = True
14.7788 	EXP 	window1: mouseVisible = True
14.7790 	EXP 	window1: mouseVisible = True
14.7794 	EXP 	window1: mouseVisible = True
14.7798 	EXP 	window1: mouseVisible = True
14.7912 	EXP 	window1: mouseVisible = True
14.7914 	EXP 	window1: mouseVisible = True
14.7916 	EXP 	window1: mouseVisible = True
14.7921 	EXP 	window1: mouseVisible = True
14.7926 	EXP 	window1: mouseVisible = True
14.8034 	EXP 	window1: mouseVisible = True
14.8035 	EXP 	window1: mouseVisible = True
14.8039 	EXP 	window1: mouseVisible = True
14.8043 	EXP 	window1: mouseVisible = True
14.8076 	EXP 	window1: mouseVisible = True
14.8078 	EXP 	window1: mouseVisible = True
14.8698 	EXP 	Created text_8 = TextStim(__class__=<class 'psychopy.visual.text.TextStim'>, alignHoriz=method-wrapper(...), alignText='center', alignVert=method-wrapper(...), anchorHoriz='center', anchorVert='center', antialias=True, autoDraw=False, autoLog=True, bold=False, color=array([1., 1., 1.]), colorSpace='rgb', contrast=1.0, depth=0.0, draggable=False, flipHoriz=False, flipVert=False, font='Open Sans', fontFiles=[], height=0.05, italic=False, languageStyle='LTR', name='text_8', opacity=1.0, ori=0.0, pos=array([0., 0.]), rgb=UNKNOWN, text=str(...), units='height', win=Window(...), wrapWidth=1)
14.8701 	EXP 	window1: mouseVisible = True
14.8702 	EXP 	window1: mouseVisible = True
14.8706 	EXP 	window1: mouseVisible = True
14.8710 	EXP 	window1: mouseVisible = True
14.8948 	EXP 	window1: mouseVisible = True
14.8949 	EXP 	window1: mouseVisible = True
14.8953 	EXP 	window1: mouseVisible = True
14.8958 	EXP 	window1: mouseVisible = True
14.9058 	EXP 	window1: mouseVisible = True
14.9060 	EXP 	window1: mouseVisible = True
14.9061 	EXP 	window1: mouseVisible = True
14.9065 	EXP 	window1: mouseVisible = True
14.9069 	EXP 	window1: mouseVisible = True
14.9154 	EXP 	window1: mouseVisible = True
14.9155 	EXP 	window1: mouseVisible = True
14.9159 	EXP 	window1: mouseVisible = True
14.9163 	EXP 	window1: mouseVisible = True
14.9196 	EXP 	window1: mouseVisible = True
14.9197 	EXP 	window1: mouseVisible = True
14.9235 	EXP 	Created image_17 = ImageStim(__class__=<class 'psychopy.visual.image.ImageStim'>, anchor=('center', 'center'), autoLog=True, color=array([1., 1., 1.]), colorSpace='rgb', contrast=1.0, depth=-3.0, draggable=False, flipHoriz=False, flipVert=False, image='stim/ori1.png', interpolate=True, mask=None, maskParams=None, name='image_17', opacity=1.0, ori=0.0, pos=array([0.  , 0.23]), size=array([0.15, 0.15]), texRes=128.0, units='height', win=Window(...))
14.9236 	EXP 	window1: mouseVisible = True
14.9275 	EXP 	Created text_9 = TextStim(__class__=<class 'psychopy.visual.text.TextStim'>, alignHoriz=method-wrapper(...), alignText='center', alignVert=method-wrapper(...), anchorHoriz='center', anchorVert='center', antialias=True, autoDraw=False, autoLog=True, bold=False, color=array([1., 1., 1.]), colorSpace='rgb', contrast=1.0, depth=0.0, draggable=False, flipHoriz=False, flipVert=False, font='Open Sans', fontFiles=[], height=0.05, italic=False, languageStyle='LTR', name='text_9', opacity=1.0, ori=0.0, pos=array([0., 0.]), rgb=UNKNOWN, text=str(...), units='height', win=Window(...), wrapWidth=1)
14.9277 	EXP 	window1: mouseVisible = True
14.9278 	EXP 	window1: mouseVisible = True
14.9283 	EXP 	window1: mouseVisible = True
14.9287 	EXP 	window1: mouseVisible = True
14.9324 	EXP 	window1: mouseVisible = True
14.9326 	EXP 	window1: mouseVisible = True
14.9330 	EXP 	window1: mouseVisible = True
14.9334 	EXP 	window1: mouseVisible = True
14.9367 	EXP 	window1: mouseVisible = True
14.9369 	EXP 	window1: mouseVisible = True
14.9370 	EXP 	window1: mouseVisible = True
14.9375 	EXP 	window1: mouseVisible = True
14.9378 	EXP 	window1: mouseVisible = True
14.9416 	EXP 	window1: mouseVisible = True
14.9418 	EXP 	window1: mouseVisible = True
14.9421 	EXP 	window1: mouseVisible = True
14.9425 	EXP 	window1: mouseVisible = True
14.9458 	EXP 	window1: mouseVisible = True
14.9459 	EXP 	window1: mouseVisible = True
14.9496 	EXP 	Created image_18 = ImageStim(__class__=<class 'psychopy.visual.image.ImageStim'>, anchor=('center', 'center'), autoLog=True, color=array([1., 1., 1.]), colorSpace='rgb', contrast=1.0, depth=-3.0, draggable=False, flipHoriz=False, flipVert=False, image='stim/obj2.png', interpolate=True, mask=None, maskParams=None, name='image_18', opacity=1.0, ori=0.0, pos=array([0.  , 0.23]), size=array([0.15, 0.15]), texRes=128.0, units='height', win=Window(...))
14.9497 	EXP 	window1: mouseVisible = True
14.9538 	EXP 	Created text_10 = TextStim(__class__=<class 'psychopy.visual.text.TextStim'>, alignHoriz=method-wrapper(...), alignText='center', alignVert=method-wrapper(...), anchorHoriz='center', anchorVert='center', antialias=True, autoDraw=False, autoLog=True, bold=False, color=array([1., 1., 1.]), colorSpace='rgb', contrast=1.0, depth=0.0, draggable=False, flipHoriz=False, flipVert=False, font='Open Sans', fontFiles=[], height=0.05, italic=False, languageStyle='LTR', name='text_10', opacity=1.0, ori=0.0, pos=array([0., 0.]), rgb=UNKNOWN, text=str(...), units='height', win=Window(...), wrapWidth=1)
14.9540 	EXP 	window1: mouseVisible = True
14.9541 	EXP 	window1: mouseVisible = True
14.9546 	EXP 	window1: mouseVisible = True
14.9549 	EXP 	window1: mouseVisible = True
14.9588 	EXP 	window1: mouseVisible = True
14.9589 	EXP 	window1: mouseVisible = True
14.9593 	EXP 	window1: mouseVisible = True
14.9597 	EXP 	window1: mouseVisible = True
14.9630 	EXP 	window1: mouseVisible = True
14.9631 	EXP 	window1: mouseVisible = True
14.9633 	EXP 	window1: mouseVisible = True
14.9637 	EXP 	window1: mouseVisible = True
14.9640 	EXP 	window1: mouseVisible = True
14.9678 	EXP 	window1: mouseVisible = True
14.9679 	EXP 	window1: mouseVisible = True
14.9684 	EXP 	window1: mouseVisible = True
14.9688 	EXP 	window1: mouseVisible = True
14.9721 	EXP 	window1: mouseVisible = True
14.9721 	EXP 	window1: mouseVisible = True
14.9759 	EXP 	Created image_19 = ImageStim(__class__=<class 'psychopy.visual.image.ImageStim'>, anchor=('center', 'center'), autoLog=True, color=array([1., 1., 1.]), colorSpace='rgb', contrast=1.0, depth=-3.0, draggable=False, flipHoriz=False, flipVert=False, image='stim/ori2.png', interpolate=True, mask=None, maskParams=None, name='image_19', opacity=1.0, ori=0.0, pos=array([0.  , 0.23]), size=array([0.15, 0.15]), texRes=128.0, units='height', win=Window(...))
14.9761 	EXP 	window1: mouseVisible = True
14.9800 	EXP 	Created text_11 = TextStim(__class__=<class 'psychopy.visual.text.TextStim'>, alignHoriz=method-wrapper(...), alignText='center', alignVert=method-wrapper(...), anchorHoriz='center', anchorVert='center', antialias=True, autoDraw=False, autoLog=True, bold=False, color=array([1., 1., 1.]), colorSpace='rgb', contrast=1.0, depth=0.0, draggable=False, flipHoriz=False, flipVert=False, font='Open Sans', fontFiles=[], height=0.05, italic=False, languageStyle='LTR', name='text_11', opacity=1.0, ori=0.0, pos=array([0., 0.]), rgb=UNKNOWN, text=str(...), units='height', win=Window(...), wrapWidth=1)
14.9803 	EXP 	window1: mouseVisible = True
14.9804 	EXP 	window1: mouseVisible = True
14.9808 	EXP 	window1: mouseVisible = True
14.9812 	EXP 	window1: mouseVisible = True
14.9851 	EXP 	window1: mouseVisible = True
14.9852 	EXP 	window1: mouseVisible = True
14.9856 	EXP 	window1: mouseVisible = True
14.9860 	EXP 	window1: mouseVisible = True
14.9893 	EXP 	window1: mouseVisible = True
14.9895 	EXP 	window1: mouseVisible = True
14.9896 	EXP 	window1: mouseVisible = True
14.9900 	EXP 	window1: mouseVisible = True
14.9903 	EXP 	window1: mouseVisible = True
14.9942 	EXP 	window1: mouseVisible = True
14.9943 	EXP 	window1: mouseVisible = True
14.9947 	EXP 	window1: mouseVisible = True
14.9952 	EXP 	window1: mouseVisible = True
14.9997 	EXP 	window1: mouseVisible = True
14.9998 	EXP 	window1: mouseVisible = True
15.0038 	EXP 	Created image_20 = ImageStim(__class__=<class 'psychopy.visual.image.ImageStim'>, anchor=('center', 'center'), autoLog=True, color=array([1., 1., 1.]), colorSpace='rgb', contrast=1.0, depth=-3.0, draggable=False, flipHoriz=False, flipVert=False, image='stim/obj1.png', interpolate=True, mask=None, maskParams=None, name='image_20', opacity=1.0, ori=0.0, pos=array([0.  , 0.23]), size=array([0.15, 0.15]), texRes=128.0, units='height', win=Window(...))
15.0039 	EXP 	window1: mouseVisible = True
15.0127 	EXP 	Created imageInstruct_2 = ImageStim(__class__=<class 'psychopy.visual.image.ImageStim'>, anchor=('center', 'center'), autoLog=True, color=array([1., 1., 1.]), colorSpace='rgb', contrast=1.0, depth=0.0, draggable=False, flipHoriz=False, flipVert=False, image='default.png', interpolate=True, mask=None, maskParams=None, name='imageInstruct_2', opacity=1.0, ori=0.0, pos=array([0., 0.]), size=array([1.6    , 1.00736]), texRes=128.0, units='height', win=Window(...))
15.0130 	EXP 	window1: mouseVisible = True
15.0131 	EXP 	window1: mouseVisible = True
15.0136 	EXP 	window1: mouseVisible = True
15.0140 	EXP 	window1: mouseVisible = True
15.0177 	EXP 	window1: mouseVisible = True
15.0178 	EXP 	window1: mouseVisible = True
15.0182 	EXP 	window1: mouseVisible = True
15.0186 	EXP 	window1: mouseVisible = True
15.0219 	EXP 	window1: mouseVisible = True
15.0220 	EXP 	window1: mouseVisible = True
15.0222 	EXP 	window1: mouseVisible = True
15.0225 	EXP 	window1: mouseVisible = True
15.0229 	EXP 	window1: mouseVisible = True
15.0265 	EXP 	window1: mouseVisible = True
15.0267 	EXP 	window1: mouseVisible = True
15.0271 	EXP 	window1: mouseVisible = True
15.0275 	EXP 	window1: mouseVisible = True
15.0307 	EXP 	window1: mouseVisible = True
15.0307 	EXP 	window1: mouseVisible = True
15.0400 	EXP 	Created text = TextStim(__class__=<class 'psychopy.visual.text.TextStim'>, alignHoriz=method-wrapper(...), alignText='center', alignVert=method-wrapper(...), anchorHoriz='center', anchorVert='center', antialias=True, autoDraw=False, autoLog=True, bold=False, color=array([1., 1., 1.]), colorSpace='rgb', contrast=1.0, depth=0.0, draggable=False, flipHoriz=False, flipVert=False, font='Open Sans', fontFiles=[], height=0.05, italic=False, languageStyle='LTR', name='text', opacity=1.0, ori=0.0, pos=array([0., 0.]), rgb=UNKNOWN, text='The experiment will begin soon. Get ready!', units='height', win=Window(...), wrapWidth=1)
15.0401 	EXP 	window1: mouseVisible = True
15.0490 	EXP 	Created cue = ImageStim(__class__=<class 'psychopy.visual.image.ImageStim'>, anchor=('center', 'center'), autoLog=True, color=array([1., 1., 1.]), colorSpace='rgb', contrast=1.0, depth=0.0, draggable=False, flipHoriz=False, flipVert=False, image='default.png', interpolate=True, mask=None, maskParams=None, name='cue', opacity=1.0, ori=0.0, pos=array([0., 0.]), size=array([0.15, 0.15]), texRes=128.0, units='height', win=Window(...))
15.0491 	EXP 	window1: mouseVisible = True
15.0581 	EXP 	Created image = ImageStim(__class__=<class 'psychopy.visual.image.ImageStim'>, anchor=('center', 'center'), autoLog=True, color=array([1., 1., 1.]), colorSpace='rgb', contrast=1.0, depth=0.0, draggable=False, flipHoriz=False, flipVert=False, image='default.png', interpolate=True, mask=None, maskParams=None, name='image', opacity=1.0, ori=0.0, pos=array([0., 0.]), size=array([0.5, 0.5]), texRes=128.0, units='height', win=Window(...))
15.0582 	EXP 	window1: mouseVisible = True
15.0600 	EXP 	Created fixCrossR_2 = ShapeStim(__class__=<class 'psychopy.visual.shape.ShapeStim'>, anchor=('center', 'center'), autoDraw=False, autoLog=True, closeShape=True, color=method-wrapper(...), colorSpace='rgb', contrast=None, depth=-1.0, draggable=False, fillColor=array([-1, -1, -1]), fillColorSpace='rgb', fillRGB=array([-1, -1, -1]), interpolate=True, lineColor=array([-1., -1., -1.]), lineColorSpace='rgb', lineRGB=array([-1, -1, -1]), lineWidth=1.0, name='fixCrossR_2', opacity=1.0, ori=0.0, pos=array([0., 0.]), size=array([0.02, 0.02]), units='height', vertices=ndarray(...), win=Window(...), windingRule=None)
15.0601 	EXP 	window1: mouseVisible = True
15.0617 	EXP 	Created fixCrossR_4 = ShapeStim(__class__=<class 'psychopy.visual.shape.ShapeStim'>, anchor=('center', 'center'), autoDraw=False, autoLog=True, closeShape=True, color=method-wrapper(...), colorSpace='rgb', contrast=None, depth=0.0, draggable=False, fillColor=array([-1, -1, -1]), fillColorSpace='rgb', fillRGB=array([-1, -1, -1]), interpolate=True, lineColor=array([-1., -1., -1.]), lineColorSpace='rgb', lineRGB=array([-1, -1, -1]), lineWidth=1.0, name='fixCrossR_4', opacity=1.0, ori=0.0, pos=array([0., 0.]), size=array([0.02, 0.02]), units='height', vertices=ndarray(...), win=Window(...), windingRule=None)
15.0618 	EXP 	window1: mouseVisible = True
15.0634 	EXP 	Created fixCross_2 = ShapeStim(__class__=<class 'psychopy.visual.shape.ShapeStim'>, anchor=('center', 'center'), autoDraw=False, autoLog=True, closeShape=True, color=method-wrapper(...), colorSpace='rgb', contrast=None, depth=0.0, draggable=False, fillColor=array([1, 1, 1]), fillColorSpace='rgb', fillRGB=array([1, 1, 1]), interpolate=True, lineColor=array([1., 1., 1.]), lineColorSpace='rgb', lineRGB=array([1, 1, 1]), lineWidth=1.0, name='fixCross_2', opacity=1.0, ori=0.0, pos=array([0., 0.]), size=array([0.02, 0.02]), units='height', vertices=ndarray(...), win=Window(...), windingRule=None)
15.0635 	EXP 	window1: mouseVisible = True
15.0652 	EXP 	Created text1_2 = TextStim(__class__=<class 'psychopy.visual.text.TextStim'>, alignHoriz=method-wrapper(...), alignText='center', alignVert=method-wrapper(...), anchorHoriz='center', anchorVert='center', antialias=True, autoDraw=False, autoLog=True, bold=False, color=array([1., 1., 1.]), colorSpace='rgb', contrast=1.0, depth=-1.0, draggable=False, flipHoriz=False, flipVert=False, font='Open Sans', fontFiles=[], height=0.05, italic=False, languageStyle='LTR', name='text1_2', opacity=1.0, ori=0.0, pos=array([-0.225,  0.08 ]), rgb=UNKNOWN, text='', units='norm', win=Window(...), wrapWidth=1)
15.0653 	EXP 	window1: mouseVisible = True
15.0663 	EXP 	Created text2_2 = TextStim(__class__=<class 'psychopy.visual.text.TextStim'>, alignHoriz=method-wrapper(...), alignText='center', alignVert=method-wrapper(...), anchorHoriz='center', anchorVert='center', antialias=True, autoDraw=False, autoLog=True, bold=False, color=array([1., 1., 1.]), colorSpace='rgb', contrast=1.0, depth=-2.0, draggable=False, flipHoriz=False, flipVert=False, font='Open Sans', fontFiles=[], height=0.05, italic=False, languageStyle='LTR', name='text2_2', opacity=1.0, ori=0.0, pos=array([-0.075,  0.08 ]), rgb=UNKNOWN, text='', units='norm', win=Window(...), wrapWidth=1)
15.0664 	EXP 	window1: mouseVisible = True
15.0674 	EXP 	Created text3_2 = TextStim(__class__=<class 'psychopy.visual.text.TextStim'>, alignHoriz=method-wrapper(...), alignText='center', alignVert=method-wrapper(...), anchorHoriz='center', anchorVert='center', antialias=True, autoDraw=False, autoLog=True, bold=False, color=array([1., 1., 1.]), colorSpace='rgb', contrast=1.0, depth=-3.0, draggable=False, flipHoriz=False, flipVert=False, font='Open Sans', fontFiles=[], height=0.05, italic=False, languageStyle='LTR', name='text3_2', opacity=1.0, ori=0.0, pos=array([0.075, 0.08 ]), rgb=UNKNOWN, text='', units='norm', win=Window(...), wrapWidth=1)
15.0675 	EXP 	window1: mouseVisible = True
15.0684 	EXP 	Created text4_2 = TextStim(__class__=<class 'psychopy.visual.text.TextStim'>, alignHoriz=method-wrapper(...), alignText='center', alignVert=method-wrapper(...), anchorHoriz='center', anchorVert='center', antialias=True, autoDraw=False, autoLog=True, bold=False, color=array([1., 1., 1.]), colorSpace='rgb', contrast=1.0, depth=-4.0, draggable=False, flipHoriz=False, flipVert=False, font='Open Sans', fontFiles=[], height=0.05, italic=False, languageStyle='LTR', name='text4_2', opacity=1.0, ori=0.0, pos=array([0.225, 0.08 ]), rgb=UNKNOWN, text='', units='norm', win=Window(...), wrapWidth=1)
15.0684 	EXP 	window1: mouseVisible = True
15.0694 	EXP 	Created text5_2 = TextStim(__class__=<class 'psychopy.visual.text.TextStim'>, alignHoriz=method-wrapper(...), alignText='center', alignVert=method-wrapper(...), anchorHoriz='center', anchorVert='center', antialias=True, autoDraw=False, autoLog=True, bold=False, color=array([1., 1., 1.]), colorSpace='rgb', contrast=1.0, depth=-5.0, draggable=False, flipHoriz=False, flipVert=False, font='Open Sans', fontFiles=[], height=0.05, italic=False, languageStyle='LTR', name='text5_2', opacity=1.0, ori=0.0, pos=array([-0.225, -0.08 ]), rgb=UNKNOWN, text='', units='norm', win=Window(...), wrapWidth=1)
15.0694 	EXP 	window1: mouseVisible = True
15.0703 	EXP 	Created text6_2 = TextStim(__class__=<class 'psychopy.visual.text.TextStim'>, alignHoriz=method-wrapper(...), alignText='center', alignVert=method-wrapper(...), anchorHoriz='center', anchorVert='center', antialias=True, autoDraw=False, autoLog=True, bold=False, color=array([1., 1., 1.]), colorSpace='rgb', contrast=1.0, depth=-6.0, draggable=False, flipHoriz=False, flipVert=False, font='Open Sans', fontFiles=[], height=0.05, italic=False, languageStyle='LTR', name='text6_2', opacity=1.0, ori=0.0, pos=array([-0.075, -0.08 ]), rgb=UNKNOWN, text='', units='norm', win=Window(...), wrapWidth=1)
15.0704 	EXP 	window1: mouseVisible = True
15.0713 	EXP 	Created text7_2 = TextStim(__class__=<class 'psychopy.visual.text.TextStim'>, alignHoriz=method-wrapper(...), alignText='center', alignVert=method-wrapper(...), anchorHoriz='center', anchorVert='center', antialias=True, autoDraw=False, autoLog=True, bold=False, color=array([1., 1., 1.]), colorSpace='rgb', contrast=1.0, depth=-7.0, draggable=False, flipHoriz=False, flipVert=False, font='Open Sans', fontFiles=[], height=0.05, italic=False, languageStyle='LTR', name='text7_2', opacity=1.0, ori=0.0, pos=array([ 0.075, -0.08 ]), rgb=UNKNOWN, text='', units='norm', win=Window(...), wrapWidth=1)
15.0714 	EXP 	window1: mouseVisible = True
15.0724 	EXP 	Created text8_2 = TextStim(__class__=<class 'psychopy.visual.text.TextStim'>, alignHoriz=method-wrapper(...), alignText='center', alignVert=method-wrapper(...), anchorHoriz='center', anchorVert='center', antialias=True, autoDraw=False, autoLog=True, bold=False, color=array([1., 1., 1.]), colorSpace='rgb', contrast=1.0, depth=-8.0, draggable=False, flipHoriz=False, flipVert=False, font='Open Sans', fontFiles=[], height=0.05, italic=False, languageStyle='LTR', name='text8_2', opacity=1.0, ori=0.0, pos=array([ 0.225, -0.08 ]), rgb=UNKNOWN, text='', units='norm', win=Window(...), wrapWidth=1)
15.0725 	EXP 	window1: mouseVisible = True
15.0736 	EXP 	Created num1_2 = TextStim(__class__=<class 'psychopy.visual.text.TextStim'>, alignHoriz=method-wrapper(...), alignText='center', alignVert=method-wrapper(...), anchorHoriz='center', anchorVert='center', antialias=True, autoDraw=False, autoLog=True, bold=False, color=array([1., 1., 1.]), colorSpace='rgb', contrast=1.0, depth=-10.0, draggable=False, flipHoriz=False, flipVert=False, font='Open Sans', fontFiles=[], height=0.1, italic=False, languageStyle='LTR', name='num1_2', opacity=1.0, ori=0.0, pos=array([-0.225,  0.24 ]), rgb=UNKNOWN, text='', units='norm', win=Window(...), wrapWidth=1)
15.0736 	EXP 	window1: mouseVisible = True
15.0745 	EXP 	Created num2_2 = TextStim(__class__=<class 'psychopy.visual.text.TextStim'>, alignHoriz=method-wrapper(...), alignText='center', alignVert=method-wrapper(...), anchorHoriz='center', anchorVert='center', antialias=True, autoDraw=False, autoLog=True, bold=False, color=array([1., 1., 1.]), colorSpace='rgb', contrast=1.0, depth=-11.0, draggable=False, flipHoriz=False, flipVert=False, font='Open Sans', fontFiles=[], height=0.1, italic=False, languageStyle='LTR', name='num2_2', opacity=1.0, ori=0.0, pos=array([-0.075,  0.24 ]), rgb=UNKNOWN, text='', units='norm', win=Window(...), wrapWidth=1)
15.0746 	EXP 	window1: mouseVisible = True
15.0755 	EXP 	Created num3_2 = TextStim(__class__=<class 'psychopy.visual.text.TextStim'>, alignHoriz=method-wrapper(...), alignText='center', alignVert=method-wrapper(...), anchorHoriz='center', anchorVert='center', antialias=True, autoDraw=False, autoLog=True, bold=False, color=array([1., 1., 1.]), colorSpace='rgb', contrast=1.0, depth=-12.0, draggable=False, flipHoriz=False, flipVert=False, font='Open Sans', fontFiles=[], height=0.1, italic=False, languageStyle='LTR', name='num3_2', opacity=1.0, ori=0.0, pos=array([0.075, 0.24 ]), rgb=UNKNOWN, text='', units='norm', win=Window(...), wrapWidth=1)
15.0756 	EXP 	window1: mouseVisible = True
15.0765 	EXP 	Created num4_2 = TextStim(__class__=<class 'psychopy.visual.text.TextStim'>, alignHoriz=method-wrapper(...), alignText='center', alignVert=method-wrapper(...), anchorHoriz='center', anchorVert='center', antialias=True, autoDraw=False, autoLog=True, bold=False, color=array([1., 1., 1.]), colorSpace='rgb', contrast=1.0, depth=-13.0, draggable=False, flipHoriz=False, flipVert=False, font='Open Sans', fontFiles=[], height=0.1, italic=False, languageStyle='LTR', name='num4_2', opacity=1.0, ori=0.0, pos=array([0.225, 0.24 ]), rgb=UNKNOWN, text='', units='norm', win=Window(...), wrapWidth=1)
15.0766 	EXP 	window1: mouseVisible = True
15.0854 	EXP 	Created cue = ImageStim(__class__=<class 'psychopy.visual.image.ImageStim'>, anchor=('center', 'center'), autoLog=True, color=array([1., 1., 1.]), colorSpace='rgb', contrast=1.0, depth=0.0, draggable=False, flipHoriz=False, flipVert=False, image='default.png', interpolate=True, mask=None, maskParams=None, name='cue', opacity=1.0, ori=0.0, pos=array([0., 0.]), size=array([0.15, 0.15]), texRes=128.0, units='height', win=Window(...))
15.0855 	EXP 	window1: mouseVisible = True
15.0942 	EXP 	Created image = ImageStim(__class__=<class 'psychopy.visual.image.ImageStim'>, anchor=('center', 'center'), autoLog=True, color=array([1., 1., 1.]), colorSpace='rgb', contrast=1.0, depth=0.0, draggable=False, flipHoriz=False, flipVert=False, image='default.png', interpolate=True, mask=None, maskParams=None, name='image', opacity=1.0, ori=0.0, pos=array([0., 0.]), size=array([0.5, 0.5]), texRes=128.0, units='height', win=Window(...))
15.0943 	EXP 	window1: mouseVisible = True
15.0961 	EXP 	Created fixCrossR_2 = ShapeStim(__class__=<class 'psychopy.visual.shape.ShapeStim'>, anchor=('center', 'center'), autoDraw=False, autoLog=True, closeShape=True, color=method-wrapper(...), colorSpace='rgb', contrast=None, depth=-1.0, draggable=False, fillColor=array([-1, -1, -1]), fillColorSpace='rgb', fillRGB=array([-1, -1, -1]), interpolate=True, lineColor=array([-1., -1., -1.]), lineColorSpace='rgb', lineRGB=array([-1, -1, -1]), lineWidth=1.0, name='fixCrossR_2', opacity=1.0, ori=0.0, pos=array([0., 0.]), size=array([0.02, 0.02]), units='height', vertices=ndarray(...), win=Window(...), windingRule=None)
15.0962 	EXP 	window1: mouseVisible = True
15.0979 	EXP 	Created fixCrossR_4 = ShapeStim(__class__=<class 'psychopy.visual.shape.ShapeStim'>, anchor=('center', 'center'), autoDraw=False, autoLog=True, closeShape=True, color=method-wrapper(...), colorSpace='rgb', contrast=None, depth=0.0, draggable=False, fillColor=array([-1, -1, -1]), fillColorSpace='rgb', fillRGB=array([-1, -1, -1]), interpolate=True, lineColor=array([-1., -1., -1.]), lineColorSpace='rgb', lineRGB=array([-1, -1, -1]), lineWidth=1.0, name='fixCrossR_4', opacity=1.0, ori=0.0, pos=array([0., 0.]), size=array([0.02, 0.02]), units='height', vertices=ndarray(...), win=Window(...), windingRule=None)
15.0980 	EXP 	window1: mouseVisible = True
15.0996 	EXP 	Created fixCross = ShapeStim(__class__=<class 'psychopy.visual.shape.ShapeStim'>, anchor=('center', 'center'), autoDraw=False, autoLog=True, closeShape=True, color=method-wrapper(...), colorSpace='rgb', contrast=None, depth=0.0, draggable=False, fillColor=array([1, 1, 1]), fillColorSpace='rgb', fillRGB=array([1, 1, 1]), interpolate=True, lineColor=array([1., 1., 1.]), lineColorSpace='rgb', lineRGB=array([1, 1, 1]), lineWidth=1.0, name='fixCross', opacity=1.0, ori=0.0, pos=array([0., 0.]), size=array([0.02, 0.02]), units='height', vertices=ndarray(...), win=Window(...), windingRule=None)
15.0998 	EXP 	window1: mouseVisible = True
15.1009 	EXP 	Created text1 = TextStim(__class__=<class 'psychopy.visual.text.TextStim'>, alignHoriz=method-wrapper(...), alignText='center', alignVert=method-wrapper(...), anchorHoriz='center', anchorVert='center', antialias=True, autoDraw=False, autoLog=True, bold=False, color=array([1., 1., 1.]), colorSpace='rgb', contrast=1.0, depth=-1.0, draggable=False, flipHoriz=False, flipVert=False, font='Open Sans', fontFiles=[], height=0.05, italic=False, languageStyle='LTR', name='text1', opacity=1.0, ori=0.0, pos=array([-0.225,  0.08 ]), rgb=UNKNOWN, text='', units='norm', win=Window(...), wrapWidth=1)
15.1010 	EXP 	window1: mouseVisible = True
15.1019 	EXP 	Created text2 = TextStim(__class__=<class 'psychopy.visual.text.TextStim'>, alignHoriz=method-wrapper(...), alignText='center', alignVert=method-wrapper(...), anchorHoriz='center', anchorVert='center', antialias=True, autoDraw=False, autoLog=True, bold=False, color=array([1., 1., 1.]), colorSpace='rgb', contrast=1.0, depth=-2.0, draggable=False, flipHoriz=False, flipVert=False, font='Open Sans', fontFiles=[], height=0.05, italic=False, languageStyle='LTR', name='text2', opacity=1.0, ori=0.0, pos=array([-0.075,  0.08 ]), rgb=UNKNOWN, text='', units='norm', win=Window(...), wrapWidth=1)
15.1020 	EXP 	window1: mouseVisible = True
15.1029 	EXP 	Created text3 = TextStim(__class__=<class 'psychopy.visual.text.TextStim'>, alignHoriz=method-wrapper(...), alignText='center', alignVert=method-wrapper(...), anchorHoriz='center', anchorVert='center', antialias=True, autoDraw=False, autoLog=True, bold=False, color=array([1., 1., 1.]), colorSpace='rgb', contrast=1.0, depth=-3.0, draggable=False, flipHoriz=False, flipVert=False, font='Open Sans', fontFiles=[], height=0.05, italic=False, languageStyle='LTR', name='text3', opacity=1.0, ori=0.0, pos=array([0.075, 0.08 ]), rgb=UNKNOWN, text='', units='norm', win=Window(...), wrapWidth=1)
15.1030 	EXP 	window1: mouseVisible = True
15.1040 	EXP 	Created text4 = TextStim(__class__=<class 'psychopy.visual.text.TextStim'>, alignHoriz=method-wrapper(...), alignText='center', alignVert=method-wrapper(...), anchorHoriz='center', anchorVert='center', antialias=True, autoDraw=False, autoLog=True, bold=False, color=array([1., 1., 1.]), colorSpace='rgb', contrast=1.0, depth=-4.0, draggable=False, flipHoriz=False, flipVert=False, font='Open Sans', fontFiles=[], height=0.05, italic=False, languageStyle='LTR', name='text4', opacity=1.0, ori=0.0, pos=array([0.225, 0.08 ]), rgb=UNKNOWN, text='', units='norm', win=Window(...), wrapWidth=1)
15.1040 	EXP 	window1: mouseVisible = True
15.1050 	EXP 	Created text5 = TextStim(__class__=<class 'psychopy.visual.text.TextStim'>, alignHoriz=method-wrapper(...), alignText='center', alignVert=method-wrapper(...), anchorHoriz='center', anchorVert='center', antialias=True, autoDraw=False, autoLog=True, bold=False, color=array([1., 1., 1.]), colorSpace='rgb', contrast=1.0, depth=-5.0, draggable=False, flipHoriz=False, flipVert=False, font='Open Sans', fontFiles=[], height=0.05, italic=False, languageStyle='LTR', name='text5', opacity=1.0, ori=0.0, pos=array([-0.225, -0.08 ]), rgb=UNKNOWN, text='', units='norm', win=Window(...), wrapWidth=1)
15.1051 	EXP 	window1: mouseVisible = True
15.1060 	EXP 	Created text6 = TextStim(__class__=<class 'psychopy.visual.text.TextStim'>, alignHoriz=method-wrapper(...), alignText='center', alignVert=method-wrapper(...), anchorHoriz='center', anchorVert='center', antialias=True, autoDraw=False, autoLog=True, bold=False, color=array([1., 1., 1.]), colorSpace='rgb', contrast=1.0, depth=-6.0, draggable=False, flipHoriz=False, flipVert=False, font='Open Sans', fontFiles=[], height=0.05, italic=False, languageStyle='LTR', name='text6', opacity=1.0, ori=0.0, pos=array([-0.075, -0.08 ]), rgb=UNKNOWN, text='', units='norm', win=Window(...), wrapWidth=1)
15.1061 	EXP 	window1: mouseVisible = True
15.1070 	EXP 	Created text7 = TextStim(__class__=<class 'psychopy.visual.text.TextStim'>, alignHoriz=method-wrapper(...), alignText='center', alignVert=method-wrapper(...), anchorHoriz='center', anchorVert='center', antialias=True, autoDraw=False, autoLog=True, bold=False, color=array([1., 1., 1.]), colorSpace='rgb', contrast=1.0, depth=-7.0, draggable=False, flipHoriz=False, flipVert=False, font='Open Sans', fontFiles=[], height=0.05, italic=False, languageStyle='LTR', name='text7', opacity=1.0, ori=0.0, pos=array([ 0.075, -0.08 ]), rgb=UNKNOWN, text='', units='norm', win=Window(...), wrapWidth=1)
15.1071 	EXP 	window1: mouseVisible = True
15.1080 	EXP 	Created text8 = TextStim(__class__=<class 'psychopy.visual.text.TextStim'>, alignHoriz=method-wrapper(...), alignText='center', alignVert=method-wrapper(...), anchorHoriz='center', anchorVert='center', antialias=True, autoDraw=False, autoLog=True, bold=False, color=array([1., 1., 1.]), colorSpace='rgb', contrast=1.0, depth=-8.0, draggable=False, flipHoriz=False, flipVert=False, font='Open Sans', fontFiles=[], height=0.05, italic=False, languageStyle='LTR', name='text8', opacity=1.0, ori=0.0, pos=array([ 0.225, -0.08 ]), rgb=UNKNOWN, text='', units='norm', win=Window(...), wrapWidth=1)
15.1080 	EXP 	window1: mouseVisible = True
15.1101 	EXP 	Created num1 = TextStim(__class__=<class 'psychopy.visual.text.TextStim'>, alignHoriz=method-wrapper(...), alignText='center', alignVert=method-wrapper(...), anchorHoriz='center', anchorVert='center', antialias=True, autoDraw=False, autoLog=True, bold=False, color=array([1., 1., 1.]), colorSpace='rgb', contrast=1.0, depth=-10.0, draggable=False, flipHoriz=False, flipVert=False, font='Open Sans', fontFiles=[], height=0.1, italic=False, languageStyle='LTR', name='num1', opacity=1.0, ori=0.0, pos=array([-0.225,  0.24 ]), rgb=UNKNOWN, text='', units='norm', win=Window(...), wrapWidth=1)
15.1102 	EXP 	window1: mouseVisible = True
15.1112 	EXP 	Created num2 = TextStim(__class__=<class 'psychopy.visual.text.TextStim'>, alignHoriz=method-wrapper(...), alignText='center', alignVert=method-wrapper(...), anchorHoriz='center', anchorVert='center', antialias=True, autoDraw=False, autoLog=True, bold=False, color=array([1., 1., 1.]), colorSpace='rgb', contrast=1.0, depth=-11.0, draggable=False, flipHoriz=False, flipVert=False, font='Open Sans', fontFiles=[], height=0.1, italic=False, languageStyle='LTR', name='num2', opacity=1.0, ori=0.0, pos=array([-0.075,  0.24 ]), rgb=UNKNOWN, text='', units='norm', win=Window(...), wrapWidth=1)
15.1113 	EXP 	window1: mouseVisible = True
15.1123 	EXP 	Created num3 = TextStim(__class__=<class 'psychopy.visual.text.TextStim'>, alignHoriz=method-wrapper(...), alignText='center', alignVert=method-wrapper(...), anchorHoriz='center', anchorVert='center', antialias=True, autoDraw=False, autoLog=True, bold=False, color=array([1., 1., 1.]), colorSpace='rgb', contrast=1.0, depth=-12.0, draggable=False, flipHoriz=False, flipVert=False, font='Open Sans', fontFiles=[], height=0.1, italic=False, languageStyle='LTR', name='num3', opacity=1.0, ori=0.0, pos=array([0.075, 0.24 ]), rgb=UNKNOWN, text='', units='norm', win=Window(...), wrapWidth=1)
15.1124 	EXP 	window1: mouseVisible = True
15.1133 	EXP 	Created num4 = TextStim(__class__=<class 'psychopy.visual.text.TextStim'>, alignHoriz=method-wrapper(...), alignText='center', alignVert=method-wrapper(...), anchorHoriz='center', anchorVert='center', antialias=True, autoDraw=False, autoLog=True, bold=False, color=array([1., 1., 1.]), colorSpace='rgb', contrast=1.0, depth=-13.0, draggable=False, flipHoriz=False, flipVert=False, font='Open Sans', fontFiles=[], height=0.1, italic=False, languageStyle='LTR', name='num4', opacity=1.0, ori=0.0, pos=array([0.225, 0.24 ]), rgb=UNKNOWN, text='', units='norm', win=Window(...), wrapWidth=1)
15.1134 	EXP 	window1: mouseVisible = True
15.1151 	EXP 	Created fixCrossR = ShapeStim(__class__=<class 'psychopy.visual.shape.ShapeStim'>, anchor=('center', 'center'), autoDraw=False, autoLog=True, closeShape=True, color=method-wrapper(...), colorSpace='rgb', contrast=None, depth=0.0, draggable=False, fillColor=array([-1, -1, -1]), fillColorSpace='rgb', fillRGB=array([-1, -1, -1]), interpolate=True, lineColor=array([-1., -1., -1.]), lineColorSpace='rgb', lineRGB=array([-1, -1, -1]), lineWidth=1.0, name='fixCrossR', opacity=1.0, ori=0.0, pos=array([0., 0.]), size=array([0.02, 0.02]), units='height', vertices=ndarray(...), win=Window(...), windingRule=None)
15.1152 	EXP 	window1: mouseVisible = True
15.1164 	EXP 	Created text_total = TextStim(__class__=<class 'psychopy.visual.text.TextStim'>, alignHoriz=method-wrapper(...), alignText='center', alignVert=method-wrapper(...), anchorHoriz='center', anchorVert='center', antialias=True, autoDraw=False, autoLog=True, bold=False, color=array([1., 1., 1.]), colorSpace='rgb', contrast=1.0, depth=-1.0, draggable=False, flipHoriz=False, flipVert=False, font='Open Sans', fontFiles=[], height=0.05, italic=False, languageStyle='LTR', name='text_total', opacity=1.0, ori=0.0, pos=array([0., 0.]), rgb=UNKNOWN, text='', units='height', win=Window(...), wrapWidth=1)
15.1165 	EXP 	window1: mouseVisible = True
15.1178 	EXP 	Created text_acc = TextStim(__class__=<class 'psychopy.visual.text.TextStim'>, alignHoriz=method-wrapper(...), alignText='center', alignVert=method-wrapper(...), anchorHoriz='center', anchorVert='center', antialias=True, autoDraw=False, autoLog=True, bold=False, color=array([1., 1., 1.]), colorSpace='rgb', contrast=1.0, depth=-2.0, draggable=False, flipHoriz=False, flipVert=False, font='Open Sans', fontFiles=[], height=0.05, italic=False, languageStyle='LTR', name='text_acc', opacity=1.0, ori=0.0, pos=array([ 0. , -0.3]), rgb=UNKNOWN, text='', units='height', win=Window(...), wrapWidth=1)
0.0163 	EXP 	Created sequence: random, trialTypes=1, nReps=0, seed=None
0.0327 	EXP 	text: autoDraw = True
0.0553 	DATA 	Mouse: Left button down, pos=(574,549)
0.1340 	DATA 	Mouse:  Left button up, pos=(574,549)
0.6727 	EXP 	Imported participantData/s12/block_0/babySteps_s12.xlsx as conditions, 5 conditions, 15 params
0.6730 	EXP 	Created sequence: sequential, trialTypes=5, nReps=1, seed=None
0.6732 	EXP 	New trial (rep=0, index=0): {'category': 'shoe', 'orientation': 4, 'taskCue': 'stim//ori2.png', 'stimfile': 'stim//shoe4.png', 'resp1': 'Half Right', 'resp2': 'Half Left', 'resp3': 'Full Left', 'resp4': 'Full Right', 'resp5': 'Turtle', 'resp6': 'Horse', 'resp7': 'Shoe', 'resp8': 'Car', 'objFirst': False, 'correctButton': 4, 'interval': 2.476}
0.6777 	DATA 	Keypress: 5
0.6827 	EXP 	text: autoDraw = False
0.6827 	EXP 	cue: image = 'stim//ori2.png'
0.6827 	EXP 	cue: autoDraw = True
1.6678 	EXP 	Created sequence: sequential, trialTypes=1, nReps=3, seed=None
1.6679 	EXP 	New trial (rep=0, index=0): None
1.8842 	EXP 	cue: autoDraw = False
1.8842 	EXP 	cue: autoDraw = False
1.8842 	EXP 	image: image = 'stim//shoe4.png'
1.8842 	EXP 	image: autoDraw = True
1.8842 	EXP 	fixCrossR_2: autoDraw = True
2.1341 	EXP 	image: autoDraw = False
2.1341 	EXP 	fixCrossR_2: autoDraw = False
2.1341 	EXP 	image: autoDraw = False
2.1341 	EXP 	fixCrossR_2: autoDraw = False
2.1341 	EXP 	fixCrossR_4: autoDraw = True
2.3688 	EXP 	New trial (rep=1, index=0): None
2.4874 	EXP 	fixCrossR_4: autoDraw = False
2.4874 	EXP 	fixCrossR_4: autoDraw = False
2.4874 	EXP 	image: image = 'stim//shoe4.png'
2.4874 	EXP 	image: autoDraw = True
2.4874 	EXP 	fixCrossR_2: autoDraw = True
2.7347 	EXP 	image: autoDraw = False
2.7347 	EXP 	fixCrossR_2: autoDraw = False
2.7347 	EXP 	image: autoDraw = False
2.7347 	EXP 	fixCrossR_2: autoDraw = False
2.7347 	EXP 	fixCrossR_4: autoDraw = True
2.9692 	EXP 	New trial (rep=2, index=0): None
3.1515 	EXP 	fixCrossR_4: autoDraw = False
3.1515 	EXP 	fixCrossR_4: autoDraw = False
3.1515 	EXP 	image: image = 'stim//shoe4.png'
3.1515 	EXP 	image: autoDraw = True
3.1515 	EXP 	fixCrossR_2: autoDraw = True
3.4019 	EXP 	image: autoDraw = False
3.4019 	EXP 	fixCrossR_2: autoDraw = False
3.4019 	EXP 	image: autoDraw = False
3.4019 	EXP 	fixCrossR_2: autoDraw = False
3.4019 	EXP 	fixCrossR_4: autoDraw = True
3.7188 	EXP 	fixCrossR_4: autoDraw = False
3.7188 	EXP 	fixCrossR_4: autoDraw = False
3.7188 	EXP 	fixCross_2: fillColor = <psychopy.colors.Color: black, alpha=1.0>
3.7188 	EXP 	fixCross_2: borderColor = <psychopy.colors.Color: black, alpha=1.0>
3.7188 	EXP 	text1_2: foreColor = <psychopy.colors.Color: white, alpha=1.0>
3.7188 	EXP 	text1_2: height = 0.05
3.7188 	EXP 	text1_2: height = 0.05
3.7188 	EXP 	text1_2: height = 0.05
3.7188 	EXP 	text1_2: text = 'Half Right'
3.7188 	EXP 	text2_2: foreColor = <psychopy.colors.Color: white, alpha=1.0>
3.7188 	EXP 	text2_2: height = 0.05
3.7188 	EXP 	text2_2: height = 0.05
3.7188 	EXP 	text2_2: height = 0.05
3.7188 	EXP 	text2_2: text = 'Half Left'
3.7188 	EXP 	text3_2: foreColor = <psychopy.colors.Color: white, alpha=1.0>
3.7188 	EXP 	text3_2: height = 0.05
3.7188 	EXP 	text3_2: height = 0.05
3.7188 	EXP 	text3_2: height = 0.05
3.7188 	EXP 	text3_2: text = 'Full Left'
3.7188 	EXP 	text4_2: foreColor = <psychopy.colors.Color: white, alpha=1.0>
3.7188 	EXP 	text4_2: height = 0.05
3.7188 	EXP 	text4_2: height = 0.05
3.7188 	EXP 	text4_2: height = 0.05
3.7188 	EXP 	text4_2: text = 'Full Right'
3.7188 	EXP 	text5_2: foreColor = <psychopy.colors.Color: white, alpha=1.0>
3.7188 	EXP 	text5_2: height = 0.05
3.7188 	EXP 	text5_2: height = 0.05
3.7188 	EXP 	text5_2: height = 0.05
3.7188 	EXP 	text5_2: text = 'Turtle'
3.7188 	EXP 	text6_2: foreColor = <psychopy.colors.Color: white, alpha=1.0>
3.7188 	EXP 	text6_2: height = 0.05
3.7188 	EXP 	text6_2: height = 0.05
3.7188 	EXP 	text6_2: height = 0.05
3.7188 	EXP 	text6_2: text = 'Horse'
3.7188 	EXP 	text7_2: foreColor = <psychopy.colors.Color: white, alpha=1.0>
3.7188 	EXP 	text7_2: height = 0.05
3.7188 	EXP 	text7_2: height = 0.05
3.7188 	EXP 	text7_2: height = 0.05
3.7188 	EXP 	text7_2: text = 'Shoe'
3.7188 	EXP 	text8_2: foreColor = <psychopy.colors.Color: white, alpha=1.0>
3.7188 	EXP 	text8_2: height = 0.05
3.7188 	EXP 	text8_2: height = 0.05
3.7188 	EXP 	text8_2: height = 0.05
3.7188 	EXP 	text8_2: text = 'Car'
3.7188 	EXP 	num1_2: foreColor = <psychopy.colors.Color: white, alpha=1.0>
3.7188 	EXP 	num1_2: height = 0.1
3.7188 	EXP 	num1_2: height = 0.1
3.7188 	EXP 	num1_2: height = 0.1
3.7188 	EXP 	num1_2: text = '1'
3.7188 	EXP 	num2_2: foreColor = <psychopy.colors.Color: white, alpha=1.0>
3.7188 	EXP 	num2_2: height = 0.1
3.7188 	EXP 	num2_2: height = 0.1
3.7188 	EXP 	num2_2: height = 0.1
3.7188 	EXP 	num2_2: text = '2'
3.7188 	EXP 	num3_2: foreColor = <psychopy.colors.Color: white, alpha=1.0>
3.7188 	EXP 	num3_2: height = 0.1
3.7188 	EXP 	num3_2: height = 0.1
3.7188 	EXP 	num3_2: height = 0.1
3.7188 	EXP 	num3_2: text = '3'
3.7188 	EXP 	num4_2: foreColor = <psychopy.colors.Color: white, alpha=1.0>
3.7188 	EXP 	num4_2: height = 0.1
3.7188 	EXP 	num4_2: height = 0.1
3.7188 	EXP 	num4_2: height = 0.1
3.7188 	EXP 	num4_2: text = '4'
3.7188 	EXP 	fixCross_2: autoDraw = True
3.7188 	EXP 	text1_2: autoDraw = True
3.7188 	EXP 	text2_2: autoDraw = True
3.7188 	EXP 	text3_2: autoDraw = True
3.7188 	EXP 	text4_2: autoDraw = True
3.7188 	EXP 	text5_2: autoDraw = True
3.7188 	EXP 	text6_2: autoDraw = True
3.7188 	EXP 	text7_2: autoDraw = True
3.7188 	EXP 	text8_2: autoDraw = True
3.7188 	EXP 	num1_2: autoDraw = True
3.7188 	EXP 	num2_2: autoDraw = True
3.7188 	EXP 	num3_2: autoDraw = True
3.7188 	EXP 	num4_2: autoDraw = True
4.6037 	DATA 	Keypress: 3
4.6193 	EXP 	text4_2: foreColor = <psychopy.colors.Color: (0.0, 1.0, 0.0, 1.0)>
4.6193 	EXP 	text8_2: foreColor = <psychopy.colors.Color: (0.0, 1.0, 0.0, 1.0)>
4.6193 	EXP 	num4_2: foreColor = <psychopy.colors.Color: (0.0, 1.0, 0.0, 1.0)>
4.6193 	EXP 	text4_2: foreColor = <psychopy.colors.Color: (0.0, 1.0, 0.0, 1.0)>
4.6193 	EXP 	text8_2: foreColor = <psychopy.colors.Color: (0.0, 1.0, 0.0, 1.0)>
4.6193 	EXP 	num4_2: foreColor = <psychopy.colors.Color: (0.0, 1.0, 0.0, 1.0)>
4.6193 	EXP 	fixCross_2: foreColor = <psychopy.colors.Color: (1.0, 0.0, 0.0, 1.0)>
4.6193 	EXP 	fixCross_2: borderColor = <psychopy.colors.Color: (1.0, 0.0, 0.0, 1.0)>
4.6193 	EXP 	fixCross_2: fillColor = <psychopy.colors.Color: (1.0, 0.0, 0.0, 1.0)>
4.6193 	EXP 	text3_2: foreColor = <psychopy.colors.Color: (1.0, 0.0, 0.0, 1.0)>
4.6193 	EXP 	text7_2: foreColor = <psychopy.colors.Color: (1.0, 0.0, 0.0, 1.0)>
4.6193 	EXP 	num3_2: foreColor = <psychopy.colors.Color: (1.0, 0.0, 0.0, 1.0)>
4.6193 	EXP 	text4_2: foreColor = <psychopy.colors.Color: (0.0, 1.0, 0.0, 1.0)>
4.6193 	EXP 	text8_2: foreColor = <psychopy.colors.Color: (0.0, 1.0, 0.0, 1.0)>
4.6193 	EXP 	num4_2: foreColor = <psychopy.colors.Color: (0.0, 1.0, 0.0, 1.0)>
4.6193 	EXP 	text4_2: foreColor = <psychopy.colors.Color: (0.0, 1.0, 0.0, 1.0)>
4.6193 	EXP 	text8_2: foreColor = <psychopy.colors.Color: (0.0, 1.0, 0.0, 1.0)>
4.6193 	EXP 	num4_2: foreColor = <psychopy.colors.Color: (0.0, 1.0, 0.0, 1.0)>
7.6080 	EXP 	New trial (rep=0, index=1): {'category': 'turtle', 'orientation': 4, 'taskCue': 'stim//obj2.png', 'stimfile': 'stim//turtle4.png', 'resp1': 'Turtle', 'resp2': 'Car', 'resp3': 'Horse', 'resp4': 'Shoe', 'resp5': 'Full Left', 'resp6': 'Half Right', 'resp7': 'Full Right', 'resp8': 'Half Left', 'objFirst': True, 'correctButton': 1, 'interval': 2.499}
7.6220 	EXP 	fixCross_2: autoDraw = False
7.6220 	EXP 	text1_2: autoDraw = False
7.6220 	EXP 	text2_2: autoDraw = False
7.6220 	EXP 	text3_2: autoDraw = False
7.6220 	EXP 	text4_2: autoDraw = False
7.6220 	EXP 	text5_2: autoDraw = False
7.6220 	EXP 	text6_2: autoDraw = False
7.6220 	EXP 	text7_2: autoDraw = False
7.6220 	EXP 	text8_2: autoDraw = False
7.6220 	EXP 	num1_2: autoDraw = False
7.6220 	EXP 	num2_2: autoDraw = False
7.6220 	EXP 	num3_2: autoDraw = False
7.6220 	EXP 	num4_2: autoDraw = False
7.6220 	EXP 	fixCross: foreColor = <psychopy.colors.Color: transparent, alpha=1.0>
7.6220 	EXP 	fixCross: borderColor = <psychopy.colors.Color: transparent, alpha=1.0>
7.6220 	EXP 	fixCross: fillColor = <psychopy.colors.Color: transparent, alpha=1.0>
7.6220 	EXP 	cue: image = 'stim//obj2.png'
7.6220 	EXP 	cue: autoDraw = True
8.6072 	EXP 	Created sequence: sequential, trialTypes=1, nReps=3, seed=None
8.6073 	EXP 	New trial (rep=0, index=0): None
8.7227 	EXP 	cue: autoDraw = False
8.7227 	EXP 	cue: autoDraw = False
8.7227 	EXP 	image: image = 'stim//turtle4.png'
8.7227 	EXP 	image: autoDraw = True
8.7227 	EXP 	fixCrossR_2: autoDraw = True
8.9731 	EXP 	image: autoDraw = False
8.9731 	EXP 	fixCrossR_2: autoDraw = False
8.9731 	EXP 	image: autoDraw = False
8.9731 	EXP 	fixCrossR_2: autoDraw = False
8.9731 	EXP 	fixCrossR_4: autoDraw = True
9.2079 	EXP 	New trial (rep=1, index=0): None
9.3400 	EXP 	fixCrossR_4: autoDraw = False
9.3400 	EXP 	fixCrossR_4: autoDraw = False
9.3400 	EXP 	image: image = 'stim//turtle4.png'
9.3400 	EXP 	image: autoDraw = True
9.3400 	EXP 	fixCrossR_2: autoDraw = True
9.5903 	EXP 	image: autoDraw = False
9.5903 	EXP 	fixCrossR_2: autoDraw = False
9.5903 	EXP 	image: autoDraw = False
9.5903 	EXP 	fixCrossR_2: autoDraw = False
9.5903 	EXP 	fixCrossR_4: autoDraw = True
9.8247 	EXP 	New trial (rep=2, index=0): None
10.0072 	EXP 	fixCrossR_4: autoDraw = False
10.0072 	EXP 	fixCrossR_4: autoDraw = False
10.0072 	EXP 	image: image = 'stim//turtle4.png'
10.0072 	EXP 	image: autoDraw = True
10.0072 	EXP 	fixCrossR_2: autoDraw = True
10.2576 	EXP 	image: autoDraw = False
10.2576 	EXP 	fixCrossR_2: autoDraw = False
10.2576 	EXP 	image: autoDraw = False
10.2576 	EXP 	fixCrossR_2: autoDraw = False
10.2576 	EXP 	fixCrossR_4: autoDraw = True
10.5411 	EXP 	fixCrossR_4: autoDraw = False
10.5411 	EXP 	fixCrossR_4: autoDraw = False
10.5411 	EXP 	fixCross_2: fillColor = <psychopy.colors.Color: black, alpha=1.0>
10.5411 	EXP 	fixCross_2: borderColor = <psychopy.colors.Color: black, alpha=1.0>
10.5411 	EXP 	text1_2: foreColor = <psychopy.colors.Color: white, alpha=1.0>
10.5411 	EXP 	text1_2: height = 0.05
10.5411 	EXP 	text1_2: height = 0.05
10.5411 	EXP 	text1_2: height = 0.05
10.5411 	EXP 	text1_2: text = 'Turtle'
10.5411 	EXP 	text2_2: foreColor = <psychopy.colors.Color: white, alpha=1.0>
10.5411 	EXP 	text2_2: height = 0.05
10.5411 	EXP 	text2_2: height = 0.05
10.5411 	EXP 	text2_2: height = 0.05
10.5411 	EXP 	text2_2: text = 'Car'
10.5411 	EXP 	text3_2: foreColor = <psychopy.colors.Color: white, alpha=1.0>
10.5411 	EXP 	text3_2: height = 0.05
10.5411 	EXP 	text3_2: height = 0.05
10.5411 	EXP 	text3_2: height = 0.05
10.5411 	EXP 	text3_2: text = 'Horse'
10.5411 	EXP 	text4_2: foreColor = <psychopy.colors.Color: white, alpha=1.0>
10.5411 	EXP 	text4_2: height = 0.05
10.5411 	EXP 	text4_2: height = 0.05
10.5411 	EXP 	text4_2: height = 0.05
10.5411 	EXP 	text4_2: text = 'Shoe'
10.5411 	EXP 	text5_2: foreColor = <psychopy.colors.Color: white, alpha=1.0>
10.5411 	EXP 	text5_2: height = 0.05
10.5411 	EXP 	text5_2: height = 0.05
10.5411 	EXP 	text5_2: height = 0.05
10.5411 	EXP 	text5_2: text = 'Full Left'
10.5411 	EXP 	text6_2: foreColor = <psychopy.colors.Color: white, alpha=1.0>
10.5411 	EXP 	text6_2: height = 0.05
10.5411 	EXP 	text6_2: height = 0.05
10.5411 	EXP 	text6_2: height = 0.05
10.5411 	EXP 	text6_2: text = 'Half Right'
10.5411 	EXP 	text7_2: foreColor = <psychopy.colors.Color: white, alpha=1.0>
10.5411 	EXP 	text7_2: height = 0.05
10.5411 	EXP 	text7_2: height = 0.05
10.5411 	EXP 	text7_2: height = 0.05
10.5411 	EXP 	text7_2: text = 'Full Right'
10.5411 	EXP 	text8_2: foreColor = <psychopy.colors.Color: white, alpha=1.0>
10.5411 	EXP 	text8_2: height = 0.05
10.5411 	EXP 	text8_2: height = 0.05
10.5411 	EXP 	text8_2: height = 0.05
10.5411 	EXP 	text8_2: text = 'Half Left'
10.5411 	EXP 	num1_2: foreColor = <psychopy.colors.Color: white, alpha=1.0>
10.5411 	EXP 	num1_2: text = '1'
10.5411 	EXP 	num2_2: foreColor = <psychopy.colors.Color: white, alpha=1.0>
10.5411 	EXP 	num2_2: text = '2'
10.5411 	EXP 	num3_2: foreColor = <psychopy.colors.Color: white, alpha=1.0>
10.5411 	EXP 	num3_2: text = '3'
10.5411 	EXP 	num4_2: foreColor = <psychopy.colors.Color: white, alpha=1.0>
10.5411 	EXP 	num4_2: text = '4'
10.5411 	EXP 	fixCross_2: autoDraw = True
10.5411 	EXP 	text1_2: autoDraw = True
10.5411 	EXP 	text2_2: autoDraw = True
10.5411 	EXP 	text3_2: autoDraw = True
10.5411 	EXP 	text4_2: autoDraw = True
10.5411 	EXP 	text5_2: autoDraw = True
10.5411 	EXP 	text6_2: autoDraw = True
10.5411 	EXP 	text7_2: autoDraw = True
10.5411 	EXP 	text8_2: autoDraw = True
10.5411 	EXP 	num1_2: autoDraw = True
10.5411 	EXP 	num2_2: autoDraw = True
10.5411 	EXP 	num3_2: autoDraw = True
10.5411 	EXP 	num4_2: autoDraw = True
10.8156 	DATA 	Keypress: 2
10.8410 	EXP 	text1_2: foreColor = <psychopy.colors.Color: (0.0, 1.0, 0.0, 1.0)>
10.8410 	EXP 	text5_2: foreColor = <psychopy.colors.Color: (0.0, 1.0, 0.0, 1.0)>
10.8410 	EXP 	num1_2: foreColor = <psychopy.colors.Color: (0.0, 1.0, 0.0, 1.0)>
10.8410 	EXP 	fixCross_2: foreColor = <psychopy.colors.Color: (1.0, 0.0, 0.0, 1.0)>
10.8410 	EXP 	fixCross_2: borderColor = <psychopy.colors.Color: (1.0, 0.0, 0.0, 1.0)>
10.8410 	EXP 	fixCross_2: fillColor = <psychopy.colors.Color: (1.0, 0.0, 0.0, 1.0)>
10.8410 	EXP 	text2_2: foreColor = <psychopy.colors.Color: (1.0, 0.0, 0.0, 1.0)>
10.8410 	EXP 	text6_2: foreColor = <psychopy.colors.Color: (1.0, 0.0, 0.0, 1.0)>
10.8410 	EXP 	num2_2: foreColor = <psychopy.colors.Color: (1.0, 0.0, 0.0, 1.0)>
10.8410 	EXP 	text1_2: foreColor = <psychopy.colors.Color: (0.0, 1.0, 0.0, 1.0)>
10.8410 	EXP 	text5_2: foreColor = <psychopy.colors.Color: (0.0, 1.0, 0.0, 1.0)>
10.8410 	EXP 	num1_2: foreColor = <psychopy.colors.Color: (0.0, 1.0, 0.0, 1.0)>
10.8410 	EXP 	text1_2: foreColor = <psychopy.colors.Color: (0.0, 1.0, 0.0, 1.0)>
10.8410 	EXP 	text5_2: foreColor = <psychopy.colors.Color: (0.0, 1.0, 0.0, 1.0)>
10.8410 	EXP 	num1_2: foreColor = <psychopy.colors.Color: (0.0, 1.0, 0.0, 1.0)>
10.8410 	EXP 	text1_2: foreColor = <psychopy.colors.Color: (0.0, 1.0, 0.0, 1.0)>
10.8410 	EXP 	text5_2: foreColor = <psychopy.colors.Color: (0.0, 1.0, 0.0, 1.0)>
10.8410 	EXP 	num1_2: foreColor = <psychopy.colors.Color: (0.0, 1.0, 0.0, 1.0)>
13.8296 	EXP 	New trial (rep=0, index=2): {'category': 'turtle', 'orientation': 3, 'taskCue': 'stim//ori1.png', 'stimfile': 'stim//turtle3.png', 'resp1': 'Full Left', 'resp2': 'Full Right', 'resp3': 'Half Left', 'resp4': 'Half Right', 'resp5': 'Car', 'resp6': 'Shoe', 'resp7': 'Turtle', 'resp8': 'Horse', 'objFirst': False, 'correctButton': 4, 'interval': 2.49}
13.8438 	EXP 	fixCross_2: autoDraw = False
13.8438 	EXP 	text1_2: autoDraw = False
13.8438 	EXP 	text2_2: autoDraw = False
13.8438 	EXP 	text3_2: autoDraw = False
13.8438 	EXP 	text4_2: autoDraw = False
13.8438 	EXP 	text5_2: autoDraw = False
13.8438 	EXP 	text6_2: autoDraw = False
13.8438 	EXP 	text7_2: autoDraw = False
13.8438 	EXP 	text8_2: autoDraw = False
13.8438 	EXP 	num1_2: autoDraw = False
13.8438 	EXP 	num2_2: autoDraw = False
13.8438 	EXP 	num3_2: autoDraw = False
13.8438 	EXP 	num4_2: autoDraw = False
13.8438 	EXP 	fixCross: foreColor = <psychopy.colors.Color: transparent, alpha=1.0>
13.8438 	EXP 	fixCross: borderColor = <psychopy.colors.Color: transparent, alpha=1.0>
13.8438 	EXP 	fixCross: fillColor = <psychopy.colors.Color: transparent, alpha=1.0>
13.8438 	EXP 	cue: image = 'stim//ori1.png'
13.8438 	EXP 	cue: autoDraw = True
14.8290 	EXP 	Created sequence: sequential, trialTypes=1, nReps=3, seed=None
14.8291 	EXP 	New trial (rep=0, index=0): None
14.9449 	EXP 	cue: autoDraw = False
14.9449 	EXP 	cue: autoDraw = False
14.9449 	EXP 	image: image = 'stim//turtle3.png'
14.9449 	EXP 	image: autoDraw = True
14.9449 	EXP 	fixCrossR_2: autoDraw = True
15.1949 	EXP 	image: autoDraw = False
15.1949 	EXP 	fixCrossR_2: autoDraw = False
15.1949 	EXP 	image: autoDraw = False
15.1949 	EXP 	fixCrossR_2: autoDraw = False
15.1949 	EXP 	fixCrossR_4: autoDraw = True
15.4293 	EXP 	New trial (rep=1, index=0): None
15.5621 	EXP 	fixCrossR_4: autoDraw = False
15.5621 	EXP 	fixCrossR_4: autoDraw = False
15.5621 	EXP 	image: image = 'stim//turtle3.png'
15.5621 	EXP 	image: autoDraw = True
15.5621 	EXP 	fixCrossR_2: autoDraw = True
15.8121 	EXP 	image: autoDraw = False
15.8121 	EXP 	fixCrossR_2: autoDraw = False
15.8121 	EXP 	image: autoDraw = False
15.8121 	EXP 	fixCrossR_2: autoDraw = False
15.8121 	EXP 	fixCrossR_4: autoDraw = True
16.0464 	EXP 	New trial (rep=2, index=0): None
16.2291 	EXP 	fixCrossR_4: autoDraw = False
16.2291 	EXP 	fixCrossR_4: autoDraw = False
16.2291 	EXP 	image: image = 'stim//turtle3.png'
16.2291 	EXP 	image: autoDraw = True
16.2291 	EXP 	fixCrossR_2: autoDraw = True
16.4793 	EXP 	image: autoDraw = False
16.4793 	EXP 	fixCrossR_2: autoDraw = False
16.4793 	EXP 	image: autoDraw = False
16.4793 	EXP 	fixCrossR_2: autoDraw = False
16.4793 	EXP 	fixCrossR_4: autoDraw = True
16.7627 	EXP 	fixCrossR_4: autoDraw = False
16.7627 	EXP 	fixCrossR_4: autoDraw = False
16.7627 	EXP 	fixCross_2: fillColor = <psychopy.colors.Color: black, alpha=1.0>
16.7627 	EXP 	fixCross_2: borderColor = <psychopy.colors.Color: black, alpha=1.0>
16.7627 	EXP 	text1_2: foreColor = <psychopy.colors.Color: white, alpha=1.0>
16.7627 	EXP 	text1_2: height = 0.05
16.7627 	EXP 	text1_2: height = 0.05
16.7627 	EXP 	text1_2: height = 0.05
16.7627 	EXP 	text1_2: text = 'Full Left'
16.7627 	EXP 	text2_2: foreColor = <psychopy.colors.Color: white, alpha=1.0>
16.7627 	EXP 	text2_2: height = 0.05
16.7627 	EXP 	text2_2: height = 0.05
16.7627 	EXP 	text2_2: height = 0.05
16.7627 	EXP 	text2_2: text = 'Full Right'
16.7627 	EXP 	text3_2: foreColor = <psychopy.colors.Color: white, alpha=1.0>
16.7627 	EXP 	text3_2: height = 0.05
16.7627 	EXP 	text3_2: height = 0.05
16.7627 	EXP 	text3_2: height = 0.05
16.7627 	EXP 	text3_2: text = 'Half Left'
16.7627 	EXP 	text4_2: foreColor = <psychopy.colors.Color: white, alpha=1.0>
16.7627 	EXP 	text4_2: height = 0.05
16.7627 	EXP 	text4_2: height = 0.05
16.7627 	EXP 	text4_2: height = 0.05
16.7627 	EXP 	text4_2: text = 'Half Right'
16.7627 	EXP 	text5_2: foreColor = <psychopy.colors.Color: white, alpha=1.0>
16.7627 	EXP 	text5_2: height = 0.05
16.7627 	EXP 	text5_2: height = 0.05
16.7627 	EXP 	text5_2: height = 0.05
16.7627 	EXP 	text5_2: text = 'Car'
16.7627 	EXP 	text6_2: foreColor = <psychopy.colors.Color: white, alpha=1.0>
16.7627 	EXP 	text6_2: height = 0.05
16.7627 	EXP 	text6_2: height = 0.05
16.7627 	EXP 	text6_2: height = 0.05
16.7627 	EXP 	text6_2: text = 'Shoe'
16.7627 	EXP 	text7_2: foreColor = <psychopy.colors.Color: white, alpha=1.0>
16.7627 	EXP 	text7_2: height = 0.05
16.7627 	EXP 	text7_2: height = 0.05
16.7627 	EXP 	text7_2: height = 0.05
16.7627 	EXP 	text7_2: text = 'Turtle'
16.7627 	EXP 	text8_2: foreColor = <psychopy.colors.Color: white, alpha=1.0>
16.7627 	EXP 	text8_2: height = 0.05
16.7627 	EXP 	text8_2: height = 0.05
16.7627 	EXP 	text8_2: height = 0.05
16.7627 	EXP 	text8_2: text = 'Horse'
16.7627 	EXP 	num1_2: foreColor = <psychopy.colors.Color: white, alpha=1.0>
16.7627 	EXP 	num1_2: text = '1'
16.7627 	EXP 	num2_2: foreColor = <psychopy.colors.Color: white, alpha=1.0>
16.7627 	EXP 	num2_2: text = '2'
16.7627 	EXP 	num3_2: foreColor = <psychopy.colors.Color: white, alpha=1.0>
16.7627 	EXP 	num3_2: text = '3'
16.7627 	EXP 	num4_2: foreColor = <psychopy.colors.Color: white, alpha=1.0>
16.7627 	EXP 	num4_2: text = '4'
16.7627 	EXP 	fixCross_2: autoDraw = True
16.7627 	EXP 	text1_2: autoDraw = True
16.7627 	EXP 	text2_2: autoDraw = True
16.7627 	EXP 	text3_2: autoDraw = True
16.7627 	EXP 	text4_2: autoDraw = True
16.7627 	EXP 	text5_2: autoDraw = True
16.7627 	EXP 	text6_2: autoDraw = True
16.7627 	EXP 	text7_2: autoDraw = True
16.7627 	EXP 	text8_2: autoDraw = True
16.7627 	EXP 	num1_2: autoDraw = True
16.7627 	EXP 	num2_2: autoDraw = True
16.7627 	EXP 	num3_2: autoDraw = True
16.7627 	EXP 	num4_2: autoDraw = True
20.3835 	DATA 	Keypress: 3
20.3994 	EXP 	text4_2: foreColor = <psychopy.colors.Color: (0.0, 1.0, 0.0, 1.0)>
20.3994 	EXP 	text8_2: foreColor = <psychopy.colors.Color: (0.0, 1.0, 0.0, 1.0)>
20.3994 	EXP 	num4_2: foreColor = <psychopy.colors.Color: (0.0, 1.0, 0.0, 1.0)>
20.3994 	EXP 	text4_2: foreColor = <psychopy.colors.Color: (0.0, 1.0, 0.0, 1.0)>
20.3994 	EXP 	text8_2: foreColor = <psychopy.colors.Color: (0.0, 1.0, 0.0, 1.0)>
20.3994 	EXP 	num4_2: foreColor = <psychopy.colors.Color: (0.0, 1.0, 0.0, 1.0)>
20.3994 	EXP 	fixCross_2: foreColor = <psychopy.colors.Color: (1.0, 0.0, 0.0, 1.0)>
20.3994 	EXP 	fixCross_2: borderColor = <psychopy.colors.Color: (1.0, 0.0, 0.0, 1.0)>
20.3994 	EXP 	fixCross_2: fillColor = <psychopy.colors.Color: (1.0, 0.0, 0.0, 1.0)>
20.3994 	EXP 	text3_2: foreColor = <psychopy.colors.Color: (1.0, 0.0, 0.0, 1.0)>
20.3994 	EXP 	text7_2: foreColor = <psychopy.colors.Color: (1.0, 0.0, 0.0, 1.0)>
20.3994 	EXP 	num3_2: foreColor = <psychopy.colors.Color: (1.0, 0.0, 0.0, 1.0)>
20.3994 	EXP 	text4_2: foreColor = <psychopy.colors.Color: (0.0, 1.0, 0.0, 1.0)>
20.3994 	EXP 	text8_2: foreColor = <psychopy.colors.Color: (0.0, 1.0, 0.0, 1.0)>
20.3994 	EXP 	num4_2: foreColor = <psychopy.colors.Color: (0.0, 1.0, 0.0, 1.0)>
20.3994 	EXP 	text4_2: foreColor = <psychopy.colors.Color: (0.0, 1.0, 0.0, 1.0)>
20.3994 	EXP 	text8_2: foreColor = <psychopy.colors.Color: (0.0, 1.0, 0.0, 1.0)>
20.3994 	EXP 	num4_2: foreColor = <psychopy.colors.Color: (0.0, 1.0, 0.0, 1.0)>
23.3877 	EXP 	New trial (rep=0, index=3): {'category': 'car', 'orientation': 3, 'taskCue': 'stim//ori1.png', 'stimfile': 'stim//car3.png', 'resp1': 'Horse', 'resp2': 'Car', 'resp3': 'Turtle', 'resp4': 'Shoe', 'resp5': 'Full Right', 'resp6': 'Full Left', 'resp7': 'Half Left', 'resp8': 'Half Right', 'objFirst': True, 'correctButton': 4, 'interval': 2.453}
23.4018 	EXP 	fixCross_2: autoDraw = False
23.4018 	EXP 	text1_2: autoDraw = False
23.4018 	EXP 	text2_2: autoDraw = False
23.4018 	EXP 	text3_2: autoDraw = False
23.4018 	EXP 	text4_2: autoDraw = False
23.4018 	EXP 	text5_2: autoDraw = False
23.4018 	EXP 	text6_2: autoDraw = False
23.4018 	EXP 	text7_2: autoDraw = False
23.4018 	EXP 	text8_2: autoDraw = False
23.4018 	EXP 	num1_2: autoDraw = False
23.4018 	EXP 	num2_2: autoDraw = False
23.4018 	EXP 	num3_2: autoDraw = False
23.4018 	EXP 	num4_2: autoDraw = False
23.4018 	EXP 	fixCross: foreColor = <psychopy.colors.Color: transparent, alpha=1.0>
23.4018 	EXP 	fixCross: borderColor = <psychopy.colors.Color: transparent, alpha=1.0>
23.4018 	EXP 	fixCross: fillColor = <psychopy.colors.Color: transparent, alpha=1.0>
23.4018 	EXP 	cue: image = 'stim//ori1.png'
23.4018 	EXP 	cue: autoDraw = True
24.3869 	EXP 	Created sequence: sequential, trialTypes=1, nReps=3, seed=None
24.3870 	EXP 	New trial (rep=0, index=0): None
24.5028 	EXP 	cue: autoDraw = False
24.5028 	EXP 	cue: autoDraw = False
24.5028 	EXP 	image: image = 'stim//car3.png'
24.5028 	EXP 	image: autoDraw = True
24.5028 	EXP 	fixCrossR_2: autoDraw = True
24.7529 	EXP 	image: autoDraw = False
24.7529 	EXP 	fixCrossR_2: autoDraw = False
24.7529 	EXP 	image: autoDraw = False
24.7529 	EXP 	fixCrossR_2: autoDraw = False
24.7529 	EXP 	fixCrossR_4: autoDraw = True
24.9875 	EXP 	New trial (rep=1, index=0): None
25.1031 	EXP 	fixCrossR_4: autoDraw = False
25.1031 	EXP 	fixCrossR_4: autoDraw = False
25.1031 	EXP 	image: image = 'stim//car3.png'
25.1031 	EXP 	image: autoDraw = True
25.1031 	EXP 	fixCrossR_2: autoDraw = True
25.3534 	EXP 	image: autoDraw = False
25.3534 	EXP 	fixCrossR_2: autoDraw = False
25.3534 	EXP 	image: autoDraw = False
25.3534 	EXP 	fixCrossR_2: autoDraw = False
25.3534 	EXP 	fixCrossR_4: autoDraw = True
25.5878 	EXP 	New trial (rep=2, index=0): None
25.7704 	EXP 	fixCrossR_4: autoDraw = False
25.7704 	EXP 	fixCrossR_4: autoDraw = False
25.7704 	EXP 	image: image = 'stim//car3.png'
25.7704 	EXP 	image: autoDraw = True
25.7704 	EXP 	fixCrossR_2: autoDraw = True
26.0207 	EXP 	image: autoDraw = False
26.0207 	EXP 	fixCrossR_2: autoDraw = False
26.0207 	EXP 	image: autoDraw = False
26.0207 	EXP 	fixCrossR_2: autoDraw = False
26.0207 	EXP 	fixCrossR_4: autoDraw = True
26.3043 	EXP 	fixCrossR_4: autoDraw = False
26.3043 	EXP 	fixCrossR_4: autoDraw = False
26.3043 	EXP 	fixCross_2: fillColor = <psychopy.colors.Color: black, alpha=1.0>
26.3043 	EXP 	fixCross_2: borderColor = <psychopy.colors.Color: black, alpha=1.0>
26.3043 	EXP 	text1_2: foreColor = <psychopy.colors.Color: white, alpha=1.0>
26.3043 	EXP 	text1_2: height = 0.05
26.3043 	EXP 	text1_2: height = 0.05
26.3043 	EXP 	text1_2: height = 0.05
26.3043 	EXP 	text1_2: text = 'Horse'
26.3043 	EXP 	text2_2: foreColor = <psychopy.colors.Color: white, alpha=1.0>
26.3043 	EXP 	text2_2: height = 0.05
26.3043 	EXP 	text2_2: height = 0.05
26.3043 	EXP 	text2_2: height = 0.05
26.3043 	EXP 	text2_2: text = 'Car'
26.3043 	EXP 	text3_2: foreColor = <psychopy.colors.Color: white, alpha=1.0>
26.3043 	EXP 	text3_2: height = 0.05
26.3043 	EXP 	text3_2: height = 0.05
26.3043 	EXP 	text3_2: height = 0.05
26.3043 	EXP 	text3_2: text = 'Turtle'
26.3043 	EXP 	text4_2: foreColor = <psychopy.colors.Color: white, alpha=1.0>
26.3043 	EXP 	text4_2: height = 0.05
26.3043 	EXP 	text4_2: height = 0.05
26.3043 	EXP 	text4_2: height = 0.05
26.3043 	EXP 	text4_2: text = 'Shoe'
26.3043 	EXP 	text5_2: foreColor = <psychopy.colors.Color: white, alpha=1.0>
26.3043 	EXP 	text5_2: height = 0.05
26.3043 	EXP 	text5_2: height = 0.05
26.3043 	EXP 	text5_2: height = 0.05
26.3043 	EXP 	text5_2: text = 'Full Right'
26.3043 	EXP 	text6_2: foreColor = <psychopy.colors.Color: white, alpha=1.0>
26.3043 	EXP 	text6_2: height = 0.05
26.3043 	EXP 	text6_2: height = 0.05
26.3043 	EXP 	text6_2: height = 0.05
26.3043 	EXP 	text6_2: text = 'Full Left'
26.3043 	EXP 	text7_2: foreColor = <psychopy.colors.Color: white, alpha=1.0>
26.3043 	EXP 	text7_2: height = 0.05
26.3043 	EXP 	text7_2: height = 0.05
26.3043 	EXP 	text7_2: height = 0.05
26.3043 	EXP 	text7_2: text = 'Half Left'
26.3043 	EXP 	text8_2: foreColor = <psychopy.colors.Color: white, alpha=1.0>
26.3043 	EXP 	text8_2: height = 0.05
26.3043 	EXP 	text8_2: height = 0.05
26.3043 	EXP 	text8_2: height = 0.05
26.3043 	EXP 	text8_2: text = 'Half Right'
26.3043 	EXP 	num1_2: foreColor = <psychopy.colors.Color: white, alpha=1.0>
26.3043 	EXP 	num1_2: text = '1'
26.3043 	EXP 	num2_2: foreColor = <psychopy.colors.Color: white, alpha=1.0>
26.3043 	EXP 	num2_2: text = '2'
26.3043 	EXP 	num3_2: foreColor = <psychopy.colors.Color: white, alpha=1.0>
26.3043 	EXP 	num3_2: text = '3'
26.3043 	EXP 	num4_2: foreColor = <psychopy.colors.Color: white, alpha=1.0>
26.3043 	EXP 	num4_2: text = '4'
26.3043 	EXP 	fixCross_2: autoDraw = True
26.3043 	EXP 	text1_2: autoDraw = True
26.3043 	EXP 	text2_2: autoDraw = True
26.3043 	EXP 	text3_2: autoDraw = True
26.3043 	EXP 	text4_2: autoDraw = True
26.3043 	EXP 	text5_2: autoDraw = True
26.3043 	EXP 	text6_2: autoDraw = True
26.3043 	EXP 	text7_2: autoDraw = True
26.3043 	EXP 	text8_2: autoDraw = True
26.3043 	EXP 	num1_2: autoDraw = True
26.3043 	EXP 	num2_2: autoDraw = True
26.3043 	EXP 	num3_2: autoDraw = True
26.3043 	EXP 	num4_2: autoDraw = True
29.0476 	DATA 	Keypress: 1
29.0727 	EXP 	fixCross_2: foreColor = <psychopy.colors.Color: (1.0, 0.0, 0.0, 1.0)>
29.0727 	EXP 	fixCross_2: borderColor = <psychopy.colors.Color: (1.0, 0.0, 0.0, 1.0)>
29.0727 	EXP 	fixCross_2: fillColor = <psychopy.colors.Color: (1.0, 0.0, 0.0, 1.0)>
29.0727 	EXP 	text1_2: foreColor = <psychopy.colors.Color: (1.0, 0.0, 0.0, 1.0)>
29.0727 	EXP 	text5_2: foreColor = <psychopy.colors.Color: (1.0, 0.0, 0.0, 1.0)>
29.0727 	EXP 	num1_2: foreColor = <psychopy.colors.Color: (1.0, 0.0, 0.0, 1.0)>
29.0727 	EXP 	text4_2: foreColor = <psychopy.colors.Color: (0.0, 1.0, 0.0, 1.0)>
29.0727 	EXP 	text8_2: foreColor = <psychopy.colors.Color: (0.0, 1.0, 0.0, 1.0)>
29.0727 	EXP 	num4_2: foreColor = <psychopy.colors.Color: (0.0, 1.0, 0.0, 1.0)>
29.0727 	EXP 	text4_2: foreColor = <psychopy.colors.Color: (0.0, 1.0, 0.0, 1.0)>
29.0727 	EXP 	text8_2: foreColor = <psychopy.colors.Color: (0.0, 1.0, 0.0, 1.0)>
29.0727 	EXP 	num4_2: foreColor = <psychopy.colors.Color: (0.0, 1.0, 0.0, 1.0)>
29.0727 	EXP 	text4_2: foreColor = <psychopy.colors.Color: (0.0, 1.0, 0.0, 1.0)>
29.0727 	EXP 	text8_2: foreColor = <psychopy.colors.Color: (0.0, 1.0, 0.0, 1.0)>
29.0727 	EXP 	num4_2: foreColor = <psychopy.colors.Color: (0.0, 1.0, 0.0, 1.0)>
29.0727 	EXP 	text4_2: foreColor = <psychopy.colors.Color: (0.0, 1.0, 0.0, 1.0)>
29.0727 	EXP 	text8_2: foreColor = <psychopy.colors.Color: (0.0, 1.0, 0.0, 1.0)>
29.0727 	EXP 	num4_2: foreColor = <psychopy.colors.Color: (0.0, 1.0, 0.0, 1.0)>
32.0615 	EXP 	New trial (rep=0, index=4): {'category': 'shoe', 'orientation': 4, 'taskCue': 'stim//obj1.png', 'stimfile': 'stim//shoe4.png', 'resp1': 'Half Left', 'resp2': 'Half Right', 'resp3': 'Full Right', 'resp4': 'Full Left', 'resp5': 'Turtle', 'resp6': 'Car', 'resp7': 'Horse', 'resp8': 'Shoe', 'objFirst': False, 'correctButton': 4, 'interval': 2.826}
32.0755 	EXP 	fixCross_2: autoDraw = False
32.0755 	EXP 	text1_2: autoDraw = False
32.0755 	EXP 	text2_2: autoDraw = False
32.0755 	EXP 	text3_2: autoDraw = False
32.0755 	EXP 	text4_2: autoDraw = False
32.0755 	EXP 	text5_2: autoDraw = False
32.0755 	EXP 	text6_2: autoDraw = False
32.0755 	EXP 	text7_2: autoDraw = False
32.0755 	EXP 	text8_2: autoDraw = False
32.0755 	EXP 	num1_2: autoDraw = False
32.0755 	EXP 	num2_2: autoDraw = False
32.0755 	EXP 	num3_2: autoDraw = False
32.0755 	EXP 	num4_2: autoDraw = False
32.0755 	EXP 	fixCross: foreColor = <psychopy.colors.Color: transparent, alpha=1.0>
32.0755 	EXP 	fixCross: borderColor = <psychopy.colors.Color: transparent, alpha=1.0>
32.0755 	EXP 	fixCross: fillColor = <psychopy.colors.Color: transparent, alpha=1.0>
32.0755 	EXP 	cue: image = 'stim//obj1.png'
32.0755 	EXP 	cue: autoDraw = True
33.0613 	EXP 	Created sequence: sequential, trialTypes=1, nReps=3, seed=None
33.0615 	EXP 	New trial (rep=0, index=0): None
33.1781 	EXP 	cue: autoDraw = False
33.1781 	EXP 	cue: autoDraw = False
33.1781 	EXP 	image: image = 'stim//shoe4.png'
33.1781 	EXP 	image: autoDraw = True
33.1781 	EXP 	fixCrossR_2: autoDraw = True
33.4268 	EXP 	image: autoDraw = False
33.4268 	EXP 	fixCrossR_2: autoDraw = False
33.4268 	EXP 	image: autoDraw = False
33.4268 	EXP 	fixCrossR_2: autoDraw = False
33.4268 	EXP 	fixCrossR_4: autoDraw = True
33.6612 	EXP 	New trial (rep=1, index=0): None
33.7937 	EXP 	fixCrossR_4: autoDraw = False
33.7937 	EXP 	fixCrossR_4: autoDraw = False
33.7937 	EXP 	image: image = 'stim//shoe4.png'
33.7937 	EXP 	image: autoDraw = True
33.7937 	EXP 	fixCrossR_2: autoDraw = True
34.0440 	EXP 	image: autoDraw = False
34.0440 	EXP 	fixCrossR_2: autoDraw = False
34.0440 	EXP 	image: autoDraw = False
34.0440 	EXP 	fixCrossR_2: autoDraw = False
34.0440 	EXP 	fixCrossR_4: autoDraw = True
34.2783 	EXP 	New trial (rep=2, index=0): None
34.4606 	EXP 	fixCrossR_4: autoDraw = False
34.4606 	EXP 	fixCrossR_4: autoDraw = False
34.4606 	EXP 	image: image = 'stim//shoe4.png'
34.4606 	EXP 	image: autoDraw = True
34.4606 	EXP 	fixCrossR_2: autoDraw = True
34.7113 	EXP 	image: autoDraw = False
34.7113 	EXP 	fixCrossR_2: autoDraw = False
34.7113 	EXP 	image: autoDraw = False
34.7113 	EXP 	fixCrossR_2: autoDraw = False
34.7113 	EXP 	fixCrossR_4: autoDraw = True
34.9948 	EXP 	fixCrossR_4: autoDraw = False
34.9948 	EXP 	fixCrossR_4: autoDraw = False
34.9948 	EXP 	fixCross_2: fillColor = <psychopy.colors.Color: black, alpha=1.0>
34.9948 	EXP 	fixCross_2: borderColor = <psychopy.colors.Color: black, alpha=1.0>
34.9948 	EXP 	text1_2: foreColor = <psychopy.colors.Color: white, alpha=1.0>
34.9948 	EXP 	text1_2: height = 0.05
34.9948 	EXP 	text1_2: height = 0.05
34.9948 	EXP 	text1_2: height = 0.05
34.9948 	EXP 	text1_2: text = 'Half Left'
34.9948 	EXP 	text2_2: foreColor = <psychopy.colors.Color: white, alpha=1.0>
34.9948 	EXP 	text2_2: height = 0.05
34.9948 	EXP 	text2_2: height = 0.05
34.9948 	EXP 	text2_2: height = 0.05
34.9948 	EXP 	text2_2: text = 'Half Right'
34.9948 	EXP 	text3_2: foreColor = <psychopy.colors.Color: white, alpha=1.0>
34.9948 	EXP 	text3_2: height = 0.05
34.9948 	EXP 	text3_2: height = 0.05
34.9948 	EXP 	text3_2: height = 0.05
34.9948 	EXP 	text3_2: text = 'Full Right'
34.9948 	EXP 	text4_2: foreColor = <psychopy.colors.Color: white, alpha=1.0>
34.9948 	EXP 	text4_2: height = 0.05
34.9948 	EXP 	text4_2: height = 0.05
34.9948 	EXP 	text4_2: height = 0.05
34.9948 	EXP 	text4_2: text = 'Full Left'
34.9948 	EXP 	text5_2: foreColor = <psychopy.colors.Color: white, alpha=1.0>
34.9948 	EXP 	text5_2: height = 0.05
34.9948 	EXP 	text5_2: height = 0.05
34.9948 	EXP 	text5_2: height = 0.05
34.9948 	EXP 	text5_2: text = 'Turtle'
34.9948 	EXP 	text6_2: foreColor = <psychopy.colors.Color: white, alpha=1.0>
34.9948 	EXP 	text6_2: height = 0.05
34.9948 	EXP 	text6_2: height = 0.05
34.9948 	EXP 	text6_2: height = 0.05
34.9948 	EXP 	text6_2: text = 'Car'
34.9948 	EXP 	text7_2: foreColor = <psychopy.colors.Color: white, alpha=1.0>
34.9948 	EXP 	text7_2: height = 0.05
34.9948 	EXP 	text7_2: height = 0.05
34.9948 	EXP 	text7_2: height = 0.05
34.9948 	EXP 	text7_2: text = 'Horse'
34.9948 	EXP 	text8_2: foreColor = <psychopy.colors.Color: white, alpha=1.0>
34.9948 	EXP 	text8_2: height = 0.05
34.9948 	EXP 	text8_2: height = 0.05
34.9948 	EXP 	text8_2: height = 0.05
34.9948 	EXP 	text8_2: text = 'Shoe'
34.9948 	EXP 	num1_2: foreColor = <psychopy.colors.Color: white, alpha=1.0>
34.9948 	EXP 	num1_2: text = '1'
34.9948 	EXP 	num2_2: foreColor = <psychopy.colors.Color: white, alpha=1.0>
34.9948 	EXP 	num2_2: text = '2'
34.9948 	EXP 	num3_2: foreColor = <psychopy.colors.Color: white, alpha=1.0>
34.9948 	EXP 	num3_2: text = '3'
34.9948 	EXP 	num4_2: foreColor = <psychopy.colors.Color: white, alpha=1.0>
34.9948 	EXP 	num4_2: text = '4'
34.9948 	EXP 	fixCross_2: autoDraw = True
34.9948 	EXP 	text1_2: autoDraw = True
34.9948 	EXP 	text2_2: autoDraw = True
34.9948 	EXP 	text3_2: autoDraw = True
34.9948 	EXP 	text4_2: autoDraw = True
34.9948 	EXP 	text5_2: autoDraw = True
34.9948 	EXP 	text6_2: autoDraw = True
34.9948 	EXP 	text7_2: autoDraw = True
34.9948 	EXP 	text8_2: autoDraw = True
34.9948 	EXP 	num1_2: autoDraw = True
34.9948 	EXP 	num2_2: autoDraw = True
34.9948 	EXP 	num3_2: autoDraw = True
34.9948 	EXP 	num4_2: autoDraw = True
37.3653 	DATA 	Keypress: 4
37.3800 	EXP 	text4_2: foreColor = <psychopy.colors.Color: (0.0, 1.0, 0.0, 1.0)>
37.3800 	EXP 	text8_2: foreColor = <psychopy.colors.Color: (0.0, 1.0, 0.0, 1.0)>
37.3800 	EXP 	num4_2: foreColor = <psychopy.colors.Color: (0.0, 1.0, 0.0, 1.0)>
37.3800 	EXP 	text4_2: foreColor = <psychopy.colors.Color: (0.0, 1.0, 0.0, 1.0)>
37.3800 	EXP 	text8_2: foreColor = <psychopy.colors.Color: (0.0, 1.0, 0.0, 1.0)>
37.3800 	EXP 	num4_2: foreColor = <psychopy.colors.Color: (0.0, 1.0, 0.0, 1.0)>
37.3800 	EXP 	text4_2: foreColor = <psychopy.colors.Color: (0.0, 1.0, 0.0, 1.0)>
37.3800 	EXP 	text8_2: foreColor = <psychopy.colors.Color: (0.0, 1.0, 0.0, 1.0)>
37.3800 	EXP 	num4_2: foreColor = <psychopy.colors.Color: (0.0, 1.0, 0.0, 1.0)>
37.3800 	EXP 	fixCross_2: foreColor = <psychopy.colors.Color: (1.0, 0.0, 0.0, 1.0)>
37.3800 	EXP 	fixCross_2: borderColor = <psychopy.colors.Color: (1.0, 0.0, 0.0, 1.0)>
37.3800 	EXP 	fixCross_2: fillColor = <psychopy.colors.Color: (1.0, 0.0, 0.0, 1.0)>
37.3800 	EXP 	text4_2: foreColor = <psychopy.colors.Color: (1.0, 0.0, 0.0, 1.0)>
37.3800 	EXP 	text8_2: foreColor = <psychopy.colors.Color: (1.0, 0.0, 0.0, 1.0)>
37.3800 	EXP 	num4_2: foreColor = <psychopy.colors.Color: (1.0, 0.0, 0.0, 1.0)>
37.3800 	EXP 	text4_2: foreColor = <psychopy.colors.Color: (0.0, 1.0, 0.0, 1.0)>
37.3800 	EXP 	text8_2: foreColor = <psychopy.colors.Color: (0.0, 1.0, 0.0, 1.0)>
37.3800 	EXP 	num4_2: foreColor = <psychopy.colors.Color: (0.0, 1.0, 0.0, 1.0)>
40.6030 	EXP 	window1: mouseVisible = True
