2.4851 	ERROR 	Support for the `sounddevice` audio backend is not available this session. Please install `psychopy-sounddevice` and restart the session to enable support.
10.0968 	WARNING 	User requested fullscreen with size [1536  864], but screen is actually [1920, 1080]. Using actual size
10.8658 	EXP 	Created window1 = Window(allowGUI=True, allowStencil=False, autoLog=True, backendConf=UNKNOWN, backgroundFit=<method-wrapper '__getattribute__' of attributeSetter object at 0x000001D588AD70D0>, backgroundImage=<method-wrapper '__getattribute__' of attributeSetter object at 0x000001D588AD7070>, bitsMode=UNKNOWN, blendMode='avg', bpc=(8, 8, 8), color=array([-0.4039, -0.4039, -0.4039]), colorSpace='rgb', depthBits=8, fullscr=<method-wrapper '__getattribute__' of attributeSetter object at 0x000001D588AC4F10>, gamma=None, gammaErrorPolicy='raise', lms=UNKNOWN, monitor=<psychopy.monitors.calibTools.Monitor object at 0x000001D5890A20A0>, multiSample=False, name='window1', numSamples=2, pos=(-1920, 0), screen=0, size=array([1920, 1080]), stencilBits=0, stereo=False, title='PsychoPy', units='height', useFBO=True, useRetina=False, viewOri=0.0, viewPos=None, viewScale=None, waitBlanking=True, winType='pyglet')
10.8659 	EXP 	window1: mouseVisible = True
10.8659 	EXP 	window1: backgroundImage = ''
10.8659 	EXP 	window1: backgroundFit = 'none'
10.8674 	EXP 	window1: Attempting to measure frame rate of screen (0) ...
10.8674 	EXP 	window1: recordFrameIntervals = False
11.0309 	EXP 	window1: recordFrameIntervals = True
11.2148 	EXP 	Screen (0) actual frame rate measured at 60.59Hz
11.2149 	EXP 	window1: recordFrameIntervals = False
11.2150 	EXP 	window1: mouseVisible = False
13.4301 	EXP 	pilotv2: status = STARTED
13.4302 	EXP 	window1: mouseVisible = True
13.4405 	EXP 	Created imageInstruct = ImageStim(__class__=<class 'psychopy.visual.image.ImageStim'>, anchor=('center', 'center'), autoLog=True, color=array([1., 1., 1.]), colorSpace='rgb', contrast=1.0, depth=0.0, draggable=False, flipHoriz=False, flipVert=False, image='default.png', interpolate=True, mask=None, maskParams=None, name='imageInstruct', opacity=1.0, ori=0.0, pos=array([0., 0.]), size=array([1.6    , 1.00736]), texRes=128.0, units='height', win=Window(...))
13.4408 	EXP 	window1: mouseVisible = True
13.4409 	EXP 	window1: mouseVisible = True
13.4413 	EXP 	window1: mouseVisible = True
13.4417 	EXP 	window1: mouseVisible = True
13.4635 	EXP 	window1: mouseVisible = True
13.4637 	EXP 	window1: mouseVisible = True
13.4642 	EXP 	window1: mouseVisible = True
13.4647 	EXP 	window1: mouseVisible = True
13.4832 	EXP 	window1: mouseVisible = True
13.4834 	EXP 	window1: mouseVisible = True
13.4836 	EXP 	window1: mouseVisible = True
13.4840 	EXP 	window1: mouseVisible = True
13.4844 	EXP 	window1: mouseVisible = True
13.5014 	EXP 	window1: mouseVisible = True
13.5015 	EXP 	window1: mouseVisible = True
13.5019 	EXP 	window1: mouseVisible = True
13.5023 	EXP 	window1: mouseVisible = True
13.5056 	EXP 	window1: mouseVisible = True
13.5058 	EXP 	window1: mouseVisible = True
13.5694 	EXP 	Created text_8 = TextStim(__class__=<class 'psychopy.visual.text.TextStim'>, alignHoriz=method-wrapper(...), alignText='center', alignVert=method-wrapper(...), anchorHoriz='center', anchorVert='center', antialias=True, autoDraw=False, autoLog=True, bold=False, color=array([1., 1., 1.]), colorSpace='rgb', contrast=1.0, depth=0.0, draggable=False, flipHoriz=False, flipVert=False, font='Open Sans', fontFiles=[], height=0.05, italic=False, languageStyle='LTR', name='text_8', opacity=1.0, ori=0.0, pos=array([0., 0.]), rgb=UNKNOWN, text=str(...), units='height', win=Window(...), wrapWidth=1)
13.5696 	EXP 	window1: mouseVisible = True
13.5697 	EXP 	window1: mouseVisible = True
13.5702 	EXP 	window1: mouseVisible = True
13.5706 	EXP 	window1: mouseVisible = True
13.5946 	EXP 	window1: mouseVisible = True
13.5947 	EXP 	window1: mouseVisible = True
13.5952 	EXP 	window1: mouseVisible = True
13.5956 	EXP 	window1: mouseVisible = True
13.6057 	EXP 	window1: mouseVisible = True
13.6059 	EXP 	window1: mouseVisible = True
13.6060 	EXP 	window1: mouseVisible = True
13.6064 	EXP 	window1: mouseVisible = True
13.6068 	EXP 	window1: mouseVisible = True
13.6169 	EXP 	window1: mouseVisible = True
13.6175 	EXP 	window1: mouseVisible = True
13.6187 	EXP 	window1: mouseVisible = True
13.6193 	EXP 	window1: mouseVisible = True
13.6228 	EXP 	window1: mouseVisible = True
13.6228 	EXP 	window1: mouseVisible = True
13.6272 	EXP 	Created image_17 = ImageStim(__class__=<class 'psychopy.visual.image.ImageStim'>, anchor=('center', 'center'), autoLog=True, color=array([1., 1., 1.]), colorSpace='rgb', contrast=1.0, depth=-3.0, draggable=False, flipHoriz=False, flipVert=False, image='stim/ori1.png', interpolate=True, mask=None, maskParams=None, name='image_17', opacity=1.0, ori=0.0, pos=array([0.  , 0.23]), size=array([0.15, 0.15]), texRes=128.0, units='height', win=Window(...))
13.6274 	EXP 	window1: mouseVisible = True
13.6316 	EXP 	Created text_9 = TextStim(__class__=<class 'psychopy.visual.text.TextStim'>, alignHoriz=method-wrapper(...), alignText='center', alignVert=method-wrapper(...), anchorHoriz='center', anchorVert='center', antialias=True, autoDraw=False, autoLog=True, bold=False, color=array([1., 1., 1.]), colorSpace='rgb', contrast=1.0, depth=0.0, draggable=False, flipHoriz=False, flipVert=False, font='Open Sans', fontFiles=[], height=0.05, italic=False, languageStyle='LTR', name='text_9', opacity=1.0, ori=0.0, pos=array([0., 0.]), rgb=UNKNOWN, text=str(...), units='height', win=Window(...), wrapWidth=1)
13.6318 	EXP 	window1: mouseVisible = True
13.6320 	EXP 	window1: mouseVisible = True
13.6326 	EXP 	window1: mouseVisible = True
13.6331 	EXP 	window1: mouseVisible = True
13.6369 	EXP 	window1: mouseVisible = True
13.6370 	EXP 	window1: mouseVisible = True
13.6374 	EXP 	window1: mouseVisible = True
13.6378 	EXP 	window1: mouseVisible = True
13.6411 	EXP 	window1: mouseVisible = True
13.6413 	EXP 	window1: mouseVisible = True
13.6414 	EXP 	window1: mouseVisible = True
13.6419 	EXP 	window1: mouseVisible = True
13.6423 	EXP 	window1: mouseVisible = True
13.6460 	EXP 	window1: mouseVisible = True
13.6461 	EXP 	window1: mouseVisible = True
13.6465 	EXP 	window1: mouseVisible = True
13.6469 	EXP 	window1: mouseVisible = True
13.6502 	EXP 	window1: mouseVisible = True
13.6503 	EXP 	window1: mouseVisible = True
13.6542 	EXP 	Created image_18 = ImageStim(__class__=<class 'psychopy.visual.image.ImageStim'>, anchor=('center', 'center'), autoLog=True, color=array([1., 1., 1.]), colorSpace='rgb', contrast=1.0, depth=-3.0, draggable=False, flipHoriz=False, flipVert=False, image='stim/obj2.png', interpolate=True, mask=None, maskParams=None, name='image_18', opacity=1.0, ori=0.0, pos=array([0.  , 0.23]), size=array([0.15, 0.15]), texRes=128.0, units='height', win=Window(...))
13.6543 	EXP 	window1: mouseVisible = True
13.6582 	EXP 	Created text_10 = TextStim(__class__=<class 'psychopy.visual.text.TextStim'>, alignHoriz=method-wrapper(...), alignText='center', alignVert=method-wrapper(...), anchorHoriz='center', anchorVert='center', antialias=True, autoDraw=False, autoLog=True, bold=False, color=array([1., 1., 1.]), colorSpace='rgb', contrast=1.0, depth=0.0, draggable=False, flipHoriz=False, flipVert=False, font='Open Sans', fontFiles=[], height=0.05, italic=False, languageStyle='LTR', name='text_10', opacity=1.0, ori=0.0, pos=array([0., 0.]), rgb=UNKNOWN, text=str(...), units='height', win=Window(...), wrapWidth=1)
13.6585 	EXP 	window1: mouseVisible = True
13.6586 	EXP 	window1: mouseVisible = True
13.6590 	EXP 	window1: mouseVisible = True
13.6594 	EXP 	window1: mouseVisible = True
13.6632 	EXP 	window1: mouseVisible = True
13.6633 	EXP 	window1: mouseVisible = True
13.6637 	EXP 	window1: mouseVisible = True
13.6641 	EXP 	window1: mouseVisible = True
13.6674 	EXP 	window1: mouseVisible = True
13.6676 	EXP 	window1: mouseVisible = True
13.6677 	EXP 	window1: mouseVisible = True
13.6681 	EXP 	window1: mouseVisible = True
13.6685 	EXP 	window1: mouseVisible = True
13.6723 	EXP 	window1: mouseVisible = True
13.6724 	EXP 	window1: mouseVisible = True
13.6728 	EXP 	window1: mouseVisible = True
13.6732 	EXP 	window1: mouseVisible = True
13.6765 	EXP 	window1: mouseVisible = True
13.6765 	EXP 	window1: mouseVisible = True
13.6804 	EXP 	Created image_19 = ImageStim(__class__=<class 'psychopy.visual.image.ImageStim'>, anchor=('center', 'center'), autoLog=True, color=array([1., 1., 1.]), colorSpace='rgb', contrast=1.0, depth=-3.0, draggable=False, flipHoriz=False, flipVert=False, image='stim/ori2.png', interpolate=True, mask=None, maskParams=None, name='image_19', opacity=1.0, ori=0.0, pos=array([0.  , 0.23]), size=array([0.15, 0.15]), texRes=128.0, units='height', win=Window(...))
13.6806 	EXP 	window1: mouseVisible = True
13.6846 	EXP 	Created text_11 = TextStim(__class__=<class 'psychopy.visual.text.TextStim'>, alignHoriz=method-wrapper(...), alignText='center', alignVert=method-wrapper(...), anchorHoriz='center', anchorVert='center', antialias=True, autoDraw=False, autoLog=True, bold=False, color=array([1., 1., 1.]), colorSpace='rgb', contrast=1.0, depth=0.0, draggable=False, flipHoriz=False, flipVert=False, font='Open Sans', fontFiles=[], height=0.05, italic=False, languageStyle='LTR', name='text_11', opacity=1.0, ori=0.0, pos=array([0., 0.]), rgb=UNKNOWN, text=str(...), units='height', win=Window(...), wrapWidth=1)
13.6848 	EXP 	window1: mouseVisible = True
13.6849 	EXP 	window1: mouseVisible = True
13.6854 	EXP 	window1: mouseVisible = True
13.6858 	EXP 	window1: mouseVisible = True
13.6897 	EXP 	window1: mouseVisible = True
13.6898 	EXP 	window1: mouseVisible = True
13.6902 	EXP 	window1: mouseVisible = True
13.6906 	EXP 	window1: mouseVisible = True
13.6939 	EXP 	window1: mouseVisible = True
13.6941 	EXP 	window1: mouseVisible = True
13.6942 	EXP 	window1: mouseVisible = True
13.6946 	EXP 	window1: mouseVisible = True
13.6950 	EXP 	window1: mouseVisible = True
13.6988 	EXP 	window1: mouseVisible = True
13.6990 	EXP 	window1: mouseVisible = True
13.6994 	EXP 	window1: mouseVisible = True
13.6999 	EXP 	window1: mouseVisible = True
13.7038 	EXP 	window1: mouseVisible = True
13.7045 	EXP 	window1: mouseVisible = True
13.7100 	EXP 	Created image_20 = ImageStim(__class__=<class 'psychopy.visual.image.ImageStim'>, anchor=('center', 'center'), autoLog=True, color=array([1., 1., 1.]), colorSpace='rgb', contrast=1.0, depth=-3.0, draggable=False, flipHoriz=False, flipVert=False, image='stim/obj1.png', interpolate=True, mask=None, maskParams=None, name='image_20', opacity=1.0, ori=0.0, pos=array([0.  , 0.23]), size=array([0.15, 0.15]), texRes=128.0, units='height', win=Window(...))
13.7103 	EXP 	window1: mouseVisible = True
13.7218 	EXP 	Created imageInstruct_2 = ImageStim(__class__=<class 'psychopy.visual.image.ImageStim'>, anchor=('center', 'center'), autoLog=True, color=array([1., 1., 1.]), colorSpace='rgb', contrast=1.0, depth=0.0, draggable=False, flipHoriz=False, flipVert=False, image='default.png', interpolate=True, mask=None, maskParams=None, name='imageInstruct_2', opacity=1.0, ori=0.0, pos=array([0., 0.]), size=array([1.6    , 1.00736]), texRes=128.0, units='height', win=Window(...))
13.7221 	EXP 	window1: mouseVisible = True
13.7223 	EXP 	window1: mouseVisible = True
13.7228 	EXP 	window1: mouseVisible = True
13.7233 	EXP 	window1: mouseVisible = True
13.7275 	EXP 	window1: mouseVisible = True
13.7276 	EXP 	window1: mouseVisible = True
13.7280 	EXP 	window1: mouseVisible = True
13.7284 	EXP 	window1: mouseVisible = True
13.7318 	EXP 	window1: mouseVisible = True
13.7320 	EXP 	window1: mouseVisible = True
13.7322 	EXP 	window1: mouseVisible = True
13.7326 	EXP 	window1: mouseVisible = True
13.7331 	EXP 	window1: mouseVisible = True
13.7369 	EXP 	window1: mouseVisible = True
13.7372 	EXP 	window1: mouseVisible = True
13.7382 	EXP 	window1: mouseVisible = True
13.7385 	EXP 	window1: mouseVisible = True
13.7418 	EXP 	window1: mouseVisible = True
13.7419 	EXP 	window1: mouseVisible = True
13.7521 	EXP 	Created text = TextStim(__class__=<class 'psychopy.visual.text.TextStim'>, alignHoriz=method-wrapper(...), alignText='center', alignVert=method-wrapper(...), anchorHoriz='center', anchorVert='center', antialias=True, autoDraw=False, autoLog=True, bold=False, color=array([1., 1., 1.]), colorSpace='rgb', contrast=1.0, depth=0.0, draggable=False, flipHoriz=False, flipVert=False, font='Open Sans', fontFiles=[], height=0.05, italic=False, languageStyle='LTR', name='text', opacity=1.0, ori=0.0, pos=array([0., 0.]), rgb=UNKNOWN, text='The experiment will begin soon. Get ready!', units='height', win=Window(...), wrapWidth=1)
13.7523 	EXP 	window1: mouseVisible = True
13.7614 	EXP 	Created cue = ImageStim(__class__=<class 'psychopy.visual.image.ImageStim'>, anchor=('center', 'center'), autoLog=True, color=array([1., 1., 1.]), colorSpace='rgb', contrast=1.0, depth=0.0, draggable=False, flipHoriz=False, flipVert=False, image='default.png', interpolate=True, mask=None, maskParams=None, name='cue', opacity=1.0, ori=0.0, pos=array([0., 0.]), size=array([0.15, 0.15]), texRes=128.0, units='height', win=Window(...))
13.7616 	EXP 	window1: mouseVisible = True
13.7707 	EXP 	Created image = ImageStim(__class__=<class 'psychopy.visual.image.ImageStim'>, anchor=('center', 'center'), autoLog=True, color=array([1., 1., 1.]), colorSpace='rgb', contrast=1.0, depth=0.0, draggable=False, flipHoriz=False, flipVert=False, image='default.png', interpolate=True, mask=None, maskParams=None, name='image', opacity=1.0, ori=0.0, pos=array([0., 0.]), size=array([0.5, 0.5]), texRes=128.0, units='height', win=Window(...))
13.7708 	EXP 	window1: mouseVisible = True
13.7727 	EXP 	Created fixCrossR_2 = ShapeStim(__class__=<class 'psychopy.visual.shape.ShapeStim'>, anchor=('center', 'center'), autoDraw=False, autoLog=True, closeShape=True, color=method-wrapper(...), colorSpace='rgb', contrast=None, depth=-1.0, draggable=False, fillColor=array([-1, -1, -1]), fillColorSpace='rgb', fillRGB=array([-1, -1, -1]), interpolate=True, lineColor=array([-1., -1., -1.]), lineColorSpace='rgb', lineRGB=array([-1, -1, -1]), lineWidth=1.0, name='fixCrossR_2', opacity=1.0, ori=0.0, pos=array([0., 0.]), size=array([0.02, 0.02]), units='height', vertices=ndarray(...), win=Window(...), windingRule=None)
13.7728 	EXP 	window1: mouseVisible = True
13.7745 	EXP 	Created fixCrossR_4 = ShapeStim(__class__=<class 'psychopy.visual.shape.ShapeStim'>, anchor=('center', 'center'), autoDraw=False, autoLog=True, closeShape=True, color=method-wrapper(...), colorSpace='rgb', contrast=None, depth=0.0, draggable=False, fillColor=array([-1, -1, -1]), fillColorSpace='rgb', fillRGB=array([-1, -1, -1]), interpolate=True, lineColor=array([-1., -1., -1.]), lineColorSpace='rgb', lineRGB=array([-1, -1, -1]), lineWidth=1.0, name='fixCrossR_4', opacity=1.0, ori=0.0, pos=array([0., 0.]), size=array([0.02, 0.02]), units='height', vertices=ndarray(...), win=Window(...), windingRule=None)
13.7746 	EXP 	window1: mouseVisible = True
13.7764 	EXP 	Created fixCross_2 = ShapeStim(__class__=<class 'psychopy.visual.shape.ShapeStim'>, anchor=('center', 'center'), autoDraw=False, autoLog=True, closeShape=True, color=method-wrapper(...), colorSpace='rgb', contrast=None, depth=0.0, draggable=False, fillColor=array([1, 1, 1]), fillColorSpace='rgb', fillRGB=array([1, 1, 1]), interpolate=True, lineColor=array([1., 1., 1.]), lineColorSpace='rgb', lineRGB=array([1, 1, 1]), lineWidth=1.0, name='fixCross_2', opacity=1.0, ori=0.0, pos=array([0., 0.]), size=array([0.02, 0.02]), units='height', vertices=ndarray(...), win=Window(...), windingRule=None)
13.7765 	EXP 	window1: mouseVisible = True
13.7786 	EXP 	Created text1_2 = TextStim(__class__=<class 'psychopy.visual.text.TextStim'>, alignHoriz=method-wrapper(...), alignText='center', alignVert=method-wrapper(...), anchorHoriz='center', anchorVert='center', antialias=True, autoDraw=False, autoLog=True, bold=False, color=array([1., 1., 1.]), colorSpace='rgb', contrast=1.0, depth=-1.0, draggable=False, flipHoriz=False, flipVert=False, font='Open Sans', fontFiles=[], height=0.05, italic=False, languageStyle='LTR', name='text1_2', opacity=1.0, ori=0.0, pos=array([-0.225,  0.08 ]), rgb=UNKNOWN, text='', units='norm', win=Window(...), wrapWidth=1)
13.7787 	EXP 	window1: mouseVisible = True
13.7802 	EXP 	Created text2_2 = TextStim(__class__=<class 'psychopy.visual.text.TextStim'>, alignHoriz=method-wrapper(...), alignText='center', alignVert=method-wrapper(...), anchorHoriz='center', anchorVert='center', antialias=True, autoDraw=False, autoLog=True, bold=False, color=array([1., 1., 1.]), colorSpace='rgb', contrast=1.0, depth=-2.0, draggable=False, flipHoriz=False, flipVert=False, font='Open Sans', fontFiles=[], height=0.05, italic=False, languageStyle='LTR', name='text2_2', opacity=1.0, ori=0.0, pos=array([-0.075,  0.08 ]), rgb=UNKNOWN, text='', units='norm', win=Window(...), wrapWidth=1)
13.7803 	EXP 	window1: mouseVisible = True
13.7813 	EXP 	Created text3_2 = TextStim(__class__=<class 'psychopy.visual.text.TextStim'>, alignHoriz=method-wrapper(...), alignText='center', alignVert=method-wrapper(...), anchorHoriz='center', anchorVert='center', antialias=True, autoDraw=False, autoLog=True, bold=False, color=array([1., 1., 1.]), colorSpace='rgb', contrast=1.0, depth=-3.0, draggable=False, flipHoriz=False, flipVert=False, font='Open Sans', fontFiles=[], height=0.05, italic=False, languageStyle='LTR', name='text3_2', opacity=1.0, ori=0.0, pos=array([0.075, 0.08 ]), rgb=UNKNOWN, text='', units='norm', win=Window(...), wrapWidth=1)
13.7814 	EXP 	window1: mouseVisible = True
13.7823 	EXP 	Created text4_2 = TextStim(__class__=<class 'psychopy.visual.text.TextStim'>, alignHoriz=method-wrapper(...), alignText='center', alignVert=method-wrapper(...), anchorHoriz='center', anchorVert='center', antialias=True, autoDraw=False, autoLog=True, bold=False, color=array([1., 1., 1.]), colorSpace='rgb', contrast=1.0, depth=-4.0, draggable=False, flipHoriz=False, flipVert=False, font='Open Sans', fontFiles=[], height=0.05, italic=False, languageStyle='LTR', name='text4_2', opacity=1.0, ori=0.0, pos=array([0.225, 0.08 ]), rgb=UNKNOWN, text='', units='norm', win=Window(...), wrapWidth=1)
13.7824 	EXP 	window1: mouseVisible = True
13.7835 	EXP 	Created text5_2 = TextStim(__class__=<class 'psychopy.visual.text.TextStim'>, alignHoriz=method-wrapper(...), alignText='center', alignVert=method-wrapper(...), anchorHoriz='center', anchorVert='center', antialias=True, autoDraw=False, autoLog=True, bold=False, color=array([1., 1., 1.]), colorSpace='rgb', contrast=1.0, depth=-5.0, draggable=False, flipHoriz=False, flipVert=False, font='Open Sans', fontFiles=[], height=0.05, italic=False, languageStyle='LTR', name='text5_2', opacity=1.0, ori=0.0, pos=array([-0.225, -0.08 ]), rgb=UNKNOWN, text='', units='norm', win=Window(...), wrapWidth=1)
13.7836 	EXP 	window1: mouseVisible = True
13.7846 	EXP 	Created text6_2 = TextStim(__class__=<class 'psychopy.visual.text.TextStim'>, alignHoriz=method-wrapper(...), alignText='center', alignVert=method-wrapper(...), anchorHoriz='center', anchorVert='center', antialias=True, autoDraw=False, autoLog=True, bold=False, color=array([1., 1., 1.]), colorSpace='rgb', contrast=1.0, depth=-6.0, draggable=False, flipHoriz=False, flipVert=False, font='Open Sans', fontFiles=[], height=0.05, italic=False, languageStyle='LTR', name='text6_2', opacity=1.0, ori=0.0, pos=array([-0.075, -0.08 ]), rgb=UNKNOWN, text='', units='norm', win=Window(...), wrapWidth=1)
13.7846 	EXP 	window1: mouseVisible = True
13.7856 	EXP 	Created text7_2 = TextStim(__class__=<class 'psychopy.visual.text.TextStim'>, alignHoriz=method-wrapper(...), alignText='center', alignVert=method-wrapper(...), anchorHoriz='center', anchorVert='center', antialias=True, autoDraw=False, autoLog=True, bold=False, color=array([1., 1., 1.]), colorSpace='rgb', contrast=1.0, depth=-7.0, draggable=False, flipHoriz=False, flipVert=False, font='Open Sans', fontFiles=[], height=0.05, italic=False, languageStyle='LTR', name='text7_2', opacity=1.0, ori=0.0, pos=array([ 0.075, -0.08 ]), rgb=UNKNOWN, text='', units='norm', win=Window(...), wrapWidth=1)
13.7857 	EXP 	window1: mouseVisible = True
13.7870 	EXP 	Created text8_2 = TextStim(__class__=<class 'psychopy.visual.text.TextStim'>, alignHoriz=method-wrapper(...), alignText='center', alignVert=method-wrapper(...), anchorHoriz='center', anchorVert='center', antialias=True, autoDraw=False, autoLog=True, bold=False, color=array([1., 1., 1.]), colorSpace='rgb', contrast=1.0, depth=-8.0, draggable=False, flipHoriz=False, flipVert=False, font='Open Sans', fontFiles=[], height=0.05, italic=False, languageStyle='LTR', name='text8_2', opacity=1.0, ori=0.0, pos=array([ 0.225, -0.08 ]), rgb=UNKNOWN, text='', units='norm', win=Window(...), wrapWidth=1)
13.7871 	EXP 	window1: mouseVisible = True
13.7881 	EXP 	Created num1_2 = TextStim(__class__=<class 'psychopy.visual.text.TextStim'>, alignHoriz=method-wrapper(...), alignText='center', alignVert=method-wrapper(...), anchorHoriz='center', anchorVert='center', antialias=True, autoDraw=False, autoLog=True, bold=False, color=array([1., 1., 1.]), colorSpace='rgb', contrast=1.0, depth=-10.0, draggable=False, flipHoriz=False, flipVert=False, font='Open Sans', fontFiles=[], height=0.1, italic=False, languageStyle='LTR', name='num1_2', opacity=1.0, ori=0.0, pos=array([-0.225,  0.24 ]), rgb=UNKNOWN, text='', units='norm', win=Window(...), wrapWidth=1)
13.7882 	EXP 	window1: mouseVisible = True
13.7892 	EXP 	Created num2_2 = TextStim(__class__=<class 'psychopy.visual.text.TextStim'>, alignHoriz=method-wrapper(...), alignText='center', alignVert=method-wrapper(...), anchorHoriz='center', anchorVert='center', antialias=True, autoDraw=False, autoLog=True, bold=False, color=array([1., 1., 1.]), colorSpace='rgb', contrast=1.0, depth=-11.0, draggable=False, flipHoriz=False, flipVert=False, font='Open Sans', fontFiles=[], height=0.1, italic=False, languageStyle='LTR', name='num2_2', opacity=1.0, ori=0.0, pos=array([-0.075,  0.24 ]), rgb=UNKNOWN, text='', units='norm', win=Window(...), wrapWidth=1)
13.7893 	EXP 	window1: mouseVisible = True
13.7903 	EXP 	Created num3_2 = TextStim(__class__=<class 'psychopy.visual.text.TextStim'>, alignHoriz=method-wrapper(...), alignText='center', alignVert=method-wrapper(...), anchorHoriz='center', anchorVert='center', antialias=True, autoDraw=False, autoLog=True, bold=False, color=array([1., 1., 1.]), colorSpace='rgb', contrast=1.0, depth=-12.0, draggable=False, flipHoriz=False, flipVert=False, font='Open Sans', fontFiles=[], height=0.1, italic=False, languageStyle='LTR', name='num3_2', opacity=1.0, ori=0.0, pos=array([0.075, 0.24 ]), rgb=UNKNOWN, text='', units='norm', win=Window(...), wrapWidth=1)
13.7903 	EXP 	window1: mouseVisible = True
13.7913 	EXP 	Created num4_2 = TextStim(__class__=<class 'psychopy.visual.text.TextStim'>, alignHoriz=method-wrapper(...), alignText='center', alignVert=method-wrapper(...), anchorHoriz='center', anchorVert='center', antialias=True, autoDraw=False, autoLog=True, bold=False, color=array([1., 1., 1.]), colorSpace='rgb', contrast=1.0, depth=-13.0, draggable=False, flipHoriz=False, flipVert=False, font='Open Sans', fontFiles=[], height=0.1, italic=False, languageStyle='LTR', name='num4_2', opacity=1.0, ori=0.0, pos=array([0.225, 0.24 ]), rgb=UNKNOWN, text='', units='norm', win=Window(...), wrapWidth=1)
13.7914 	EXP 	window1: mouseVisible = True
13.8007 	EXP 	Created cue = ImageStim(__class__=<class 'psychopy.visual.image.ImageStim'>, anchor=('center', 'center'), autoLog=True, color=array([1., 1., 1.]), colorSpace='rgb', contrast=1.0, depth=0.0, draggable=False, flipHoriz=False, flipVert=False, image='default.png', interpolate=True, mask=None, maskParams=None, name='cue', opacity=1.0, ori=0.0, pos=array([0., 0.]), size=array([0.15, 0.15]), texRes=128.0, units='height', win=Window(...))
13.8008 	EXP 	window1: mouseVisible = True
13.8102 	EXP 	Created image = ImageStim(__class__=<class 'psychopy.visual.image.ImageStim'>, anchor=('center', 'center'), autoLog=True, color=array([1., 1., 1.]), colorSpace='rgb', contrast=1.0, depth=0.0, draggable=False, flipHoriz=False, flipVert=False, image='default.png', interpolate=True, mask=None, maskParams=None, name='image', opacity=1.0, ori=0.0, pos=array([0., 0.]), size=array([0.5, 0.5]), texRes=128.0, units='height', win=Window(...))
13.8103 	EXP 	window1: mouseVisible = True
13.8121 	EXP 	Created fixCrossR_2 = ShapeStim(__class__=<class 'psychopy.visual.shape.ShapeStim'>, anchor=('center', 'center'), autoDraw=False, autoLog=True, closeShape=True, color=method-wrapper(...), colorSpace='rgb', contrast=None, depth=-1.0, draggable=False, fillColor=array([-1, -1, -1]), fillColorSpace='rgb', fillRGB=array([-1, -1, -1]), interpolate=True, lineColor=array([-1., -1., -1.]), lineColorSpace='rgb', lineRGB=array([-1, -1, -1]), lineWidth=1.0, name='fixCrossR_2', opacity=1.0, ori=0.0, pos=array([0., 0.]), size=array([0.02, 0.02]), units='height', vertices=ndarray(...), win=Window(...), windingRule=None)
13.8122 	EXP 	window1: mouseVisible = True
13.8138 	EXP 	Created fixCrossR_4 = ShapeStim(__class__=<class 'psychopy.visual.shape.ShapeStim'>, anchor=('center', 'center'), autoDraw=False, autoLog=True, closeShape=True, color=method-wrapper(...), colorSpace='rgb', contrast=None, depth=0.0, draggable=False, fillColor=array([-1, -1, -1]), fillColorSpace='rgb', fillRGB=array([-1, -1, -1]), interpolate=True, lineColor=array([-1., -1., -1.]), lineColorSpace='rgb', lineRGB=array([-1, -1, -1]), lineWidth=1.0, name='fixCrossR_4', opacity=1.0, ori=0.0, pos=array([0., 0.]), size=array([0.02, 0.02]), units='height', vertices=ndarray(...), win=Window(...), windingRule=None)
13.8139 	EXP 	window1: mouseVisible = True
13.8157 	EXP 	Created fixCross = ShapeStim(__class__=<class 'psychopy.visual.shape.ShapeStim'>, anchor=('center', 'center'), autoDraw=False, autoLog=True, closeShape=True, color=method-wrapper(...), colorSpace='rgb', contrast=None, depth=0.0, draggable=False, fillColor=array([1, 1, 1]), fillColorSpace='rgb', fillRGB=array([1, 1, 1]), interpolate=True, lineColor=array([1., 1., 1.]), lineColorSpace='rgb', lineRGB=array([1, 1, 1]), lineWidth=1.0, name='fixCross', opacity=1.0, ori=0.0, pos=array([0., 0.]), size=array([0.02, 0.02]), units='height', vertices=ndarray(...), win=Window(...), windingRule=None)
13.8160 	EXP 	window1: mouseVisible = True
13.8183 	EXP 	Created text1 = TextStim(__class__=<class 'psychopy.visual.text.TextStim'>, alignHoriz=method-wrapper(...), alignText='center', alignVert=method-wrapper(...), anchorHoriz='center', anchorVert='center', antialias=True, autoDraw=False, autoLog=True, bold=False, color=array([1., 1., 1.]), colorSpace='rgb', contrast=1.0, depth=-1.0, draggable=False, flipHoriz=False, flipVert=False, font='Open Sans', fontFiles=[], height=0.05, italic=False, languageStyle='LTR', name='text1', opacity=1.0, ori=0.0, pos=array([-0.225,  0.08 ]), rgb=UNKNOWN, text='', units='norm', win=Window(...), wrapWidth=1)
13.8186 	EXP 	window1: mouseVisible = True
13.8199 	EXP 	Created text2 = TextStim(__class__=<class 'psychopy.visual.text.TextStim'>, alignHoriz=method-wrapper(...), alignText='center', alignVert=method-wrapper(...), anchorHoriz='center', anchorVert='center', antialias=True, autoDraw=False, autoLog=True, bold=False, color=array([1., 1., 1.]), colorSpace='rgb', contrast=1.0, depth=-2.0, draggable=False, flipHoriz=False, flipVert=False, font='Open Sans', fontFiles=[], height=0.05, italic=False, languageStyle='LTR', name='text2', opacity=1.0, ori=0.0, pos=array([-0.075,  0.08 ]), rgb=UNKNOWN, text='', units='norm', win=Window(...), wrapWidth=1)
13.8200 	EXP 	window1: mouseVisible = True
13.8211 	EXP 	Created text3 = TextStim(__class__=<class 'psychopy.visual.text.TextStim'>, alignHoriz=method-wrapper(...), alignText='center', alignVert=method-wrapper(...), anchorHoriz='center', anchorVert='center', antialias=True, autoDraw=False, autoLog=True, bold=False, color=array([1., 1., 1.]), colorSpace='rgb', contrast=1.0, depth=-3.0, draggable=False, flipHoriz=False, flipVert=False, font='Open Sans', fontFiles=[], height=0.05, italic=False, languageStyle='LTR', name='text3', opacity=1.0, ori=0.0, pos=array([0.075, 0.08 ]), rgb=UNKNOWN, text='', units='norm', win=Window(...), wrapWidth=1)
13.8212 	EXP 	window1: mouseVisible = True
13.8222 	EXP 	Created text4 = TextStim(__class__=<class 'psychopy.visual.text.TextStim'>, alignHoriz=method-wrapper(...), alignText='center', alignVert=method-wrapper(...), anchorHoriz='center', anchorVert='center', antialias=True, autoDraw=False, autoLog=True, bold=False, color=array([1., 1., 1.]), colorSpace='rgb', contrast=1.0, depth=-4.0, draggable=False, flipHoriz=False, flipVert=False, font='Open Sans', fontFiles=[], height=0.05, italic=False, languageStyle='LTR', name='text4', opacity=1.0, ori=0.0, pos=array([0.225, 0.08 ]), rgb=UNKNOWN, text='', units='norm', win=Window(...), wrapWidth=1)
13.8223 	EXP 	window1: mouseVisible = True
13.8232 	EXP 	Created text5 = TextStim(__class__=<class 'psychopy.visual.text.TextStim'>, alignHoriz=method-wrapper(...), alignText='center', alignVert=method-wrapper(...), anchorHoriz='center', anchorVert='center', antialias=True, autoDraw=False, autoLog=True, bold=False, color=array([1., 1., 1.]), colorSpace='rgb', contrast=1.0, depth=-5.0, draggable=False, flipHoriz=False, flipVert=False, font='Open Sans', fontFiles=[], height=0.05, italic=False, languageStyle='LTR', name='text5', opacity=1.0, ori=0.0, pos=array([-0.225, -0.08 ]), rgb=UNKNOWN, text='', units='norm', win=Window(...), wrapWidth=1)
13.8233 	EXP 	window1: mouseVisible = True
13.8242 	EXP 	Created text6 = TextStim(__class__=<class 'psychopy.visual.text.TextStim'>, alignHoriz=method-wrapper(...), alignText='center', alignVert=method-wrapper(...), anchorHoriz='center', anchorVert='center', antialias=True, autoDraw=False, autoLog=True, bold=False, color=array([1., 1., 1.]), colorSpace='rgb', contrast=1.0, depth=-6.0, draggable=False, flipHoriz=False, flipVert=False, font='Open Sans', fontFiles=[], height=0.05, italic=False, languageStyle='LTR', name='text6', opacity=1.0, ori=0.0, pos=array([-0.075, -0.08 ]), rgb=UNKNOWN, text='', units='norm', win=Window(...), wrapWidth=1)
13.8243 	EXP 	window1: mouseVisible = True
13.8252 	EXP 	Created text7 = TextStim(__class__=<class 'psychopy.visual.text.TextStim'>, alignHoriz=method-wrapper(...), alignText='center', alignVert=method-wrapper(...), anchorHoriz='center', anchorVert='center', antialias=True, autoDraw=False, autoLog=True, bold=False, color=array([1., 1., 1.]), colorSpace='rgb', contrast=1.0, depth=-7.0, draggable=False, flipHoriz=False, flipVert=False, font='Open Sans', fontFiles=[], height=0.05, italic=False, languageStyle='LTR', name='text7', opacity=1.0, ori=0.0, pos=array([ 0.075, -0.08 ]), rgb=UNKNOWN, text='', units='norm', win=Window(...), wrapWidth=1)
13.8253 	EXP 	window1: mouseVisible = True
13.8262 	EXP 	Created text8 = TextStim(__class__=<class 'psychopy.visual.text.TextStim'>, alignHoriz=method-wrapper(...), alignText='center', alignVert=method-wrapper(...), anchorHoriz='center', anchorVert='center', antialias=True, autoDraw=False, autoLog=True, bold=False, color=array([1., 1., 1.]), colorSpace='rgb', contrast=1.0, depth=-8.0, draggable=False, flipHoriz=False, flipVert=False, font='Open Sans', fontFiles=[], height=0.05, italic=False, languageStyle='LTR', name='text8', opacity=1.0, ori=0.0, pos=array([ 0.225, -0.08 ]), rgb=UNKNOWN, text='', units='norm', win=Window(...), wrapWidth=1)
13.8264 	EXP 	window1: mouseVisible = True
13.8274 	EXP 	Created num1 = TextStim(__class__=<class 'psychopy.visual.text.TextStim'>, alignHoriz=method-wrapper(...), alignText='center', alignVert=method-wrapper(...), anchorHoriz='center', anchorVert='center', antialias=True, autoDraw=False, autoLog=True, bold=False, color=array([1., 1., 1.]), colorSpace='rgb', contrast=1.0, depth=-10.0, draggable=False, flipHoriz=False, flipVert=False, font='Open Sans', fontFiles=[], height=0.1, italic=False, languageStyle='LTR', name='num1', opacity=1.0, ori=0.0, pos=array([-0.225,  0.24 ]), rgb=UNKNOWN, text='', units='norm', win=Window(...), wrapWidth=1)
13.8275 	EXP 	window1: mouseVisible = True
13.8285 	EXP 	Created num2 = TextStim(__class__=<class 'psychopy.visual.text.TextStim'>, alignHoriz=method-wrapper(...), alignText='center', alignVert=method-wrapper(...), anchorHoriz='center', anchorVert='center', antialias=True, autoDraw=False, autoLog=True, bold=False, color=array([1., 1., 1.]), colorSpace='rgb', contrast=1.0, depth=-11.0, draggable=False, flipHoriz=False, flipVert=False, font='Open Sans', fontFiles=[], height=0.1, italic=False, languageStyle='LTR', name='num2', opacity=1.0, ori=0.0, pos=array([-0.075,  0.24 ]), rgb=UNKNOWN, text='', units='norm', win=Window(...), wrapWidth=1)
13.8286 	EXP 	window1: mouseVisible = True
13.8295 	EXP 	Created num3 = TextStim(__class__=<class 'psychopy.visual.text.TextStim'>, alignHoriz=method-wrapper(...), alignText='center', alignVert=method-wrapper(...), anchorHoriz='center', anchorVert='center', antialias=True, autoDraw=False, autoLog=True, bold=False, color=array([1., 1., 1.]), colorSpace='rgb', contrast=1.0, depth=-12.0, draggable=False, flipHoriz=False, flipVert=False, font='Open Sans', fontFiles=[], height=0.1, italic=False, languageStyle='LTR', name='num3', opacity=1.0, ori=0.0, pos=array([0.075, 0.24 ]), rgb=UNKNOWN, text='', units='norm', win=Window(...), wrapWidth=1)
13.8296 	EXP 	window1: mouseVisible = True
13.8305 	EXP 	Created num4 = TextStim(__class__=<class 'psychopy.visual.text.TextStim'>, alignHoriz=method-wrapper(...), alignText='center', alignVert=method-wrapper(...), anchorHoriz='center', anchorVert='center', antialias=True, autoDraw=False, autoLog=True, bold=False, color=array([1., 1., 1.]), colorSpace='rgb', contrast=1.0, depth=-13.0, draggable=False, flipHoriz=False, flipVert=False, font='Open Sans', fontFiles=[], height=0.1, italic=False, languageStyle='LTR', name='num4', opacity=1.0, ori=0.0, pos=array([0.225, 0.24 ]), rgb=UNKNOWN, text='', units='norm', win=Window(...), wrapWidth=1)
13.8305 	EXP 	window1: mouseVisible = True
13.8323 	EXP 	Created fixCrossR = ShapeStim(__class__=<class 'psychopy.visual.shape.ShapeStim'>, anchor=('center', 'center'), autoDraw=False, autoLog=True, closeShape=True, color=method-wrapper(...), colorSpace='rgb', contrast=None, depth=0.0, draggable=False, fillColor=array([-1, -1, -1]), fillColorSpace='rgb', fillRGB=array([-1, -1, -1]), interpolate=True, lineColor=array([-1., -1., -1.]), lineColorSpace='rgb', lineRGB=array([-1, -1, -1]), lineWidth=1.0, name='fixCrossR', opacity=1.0, ori=0.0, pos=array([0., 0.]), size=array([0.02, 0.02]), units='height', vertices=ndarray(...), win=Window(...), windingRule=None)
13.8324 	EXP 	window1: mouseVisible = True
13.8336 	EXP 	Created text_total = TextStim(__class__=<class 'psychopy.visual.text.TextStim'>, alignHoriz=method-wrapper(...), alignText='center', alignVert=method-wrapper(...), anchorHoriz='center', anchorVert='center', antialias=True, autoDraw=False, autoLog=True, bold=False, color=array([1., 1., 1.]), colorSpace='rgb', contrast=1.0, depth=-1.0, draggable=False, flipHoriz=False, flipVert=False, font='Open Sans', fontFiles=[], height=0.05, italic=False, languageStyle='LTR', name='text_total', opacity=1.0, ori=0.0, pos=array([0., 0.]), rgb=UNKNOWN, text='', units='height', win=Window(...), wrapWidth=1)
13.8337 	EXP 	window1: mouseVisible = True
13.8349 	EXP 	Created text_acc = TextStim(__class__=<class 'psychopy.visual.text.TextStim'>, alignHoriz=method-wrapper(...), alignText='center', alignVert=method-wrapper(...), anchorHoriz='center', anchorVert='center', antialias=True, autoDraw=False, autoLog=True, bold=False, color=array([1., 1., 1.]), colorSpace='rgb', contrast=1.0, depth=-2.0, draggable=False, flipHoriz=False, flipVert=False, font='Open Sans', fontFiles=[], height=0.05, italic=False, languageStyle='LTR', name='text_acc', opacity=1.0, ori=0.0, pos=array([ 0. , -0.3]), rgb=UNKNOWN, text='', units='height', win=Window(...), wrapWidth=1)
0.0154 	EXP 	Created sequence: random, trialTypes=1, nReps=0, seed=None
0.0313 	EXP 	text: autoDraw = True
1.3220 	DATA 	Mouse: Left button down, pos=(755,412)
1.4360 	DATA 	Mouse:  Left button up, pos=(755,412)
1.9567 	EXP 	Imported participantData/s12/block_0/babySteps_s12.xlsx as conditions, 5 conditions, 15 params
1.9570 	EXP 	Created sequence: sequential, trialTypes=5, nReps=1, seed=None
1.9572 	EXP 	New trial (rep=0, index=0): {'category': 'shoe', 'orientation': 4, 'taskCue': 'stim//ori2.png', 'stimfile': 'stim//shoe4.png', 'resp1': 'Half Right', 'resp2': 'Half Left', 'resp3': 'Full Left', 'resp4': 'Full Right', 'resp5': 'Turtle', 'resp6': 'Horse', 'resp7': 'Shoe', 'resp8': 'Car', 'objFirst': False, 'correctButton': 4, 'interval': 2.476}
1.9608 	DATA 	Keypress: 5
1.9662 	EXP 	text: autoDraw = False
1.9662 	EXP 	cue: image = 'stim//ori2.png'
1.9662 	EXP 	cue: autoDraw = True
2.9511 	EXP 	Created sequence: sequential, trialTypes=1, nReps=3, seed=None
2.9513 	EXP 	New trial (rep=0, index=0): None
3.1672 	EXP 	cue: autoDraw = False
3.1672 	EXP 	cue: autoDraw = False
3.1672 	EXP 	image: image = 'stim//shoe4.png'
3.1672 	EXP 	image: autoDraw = True
3.1672 	EXP 	fixCrossR_2: autoDraw = True
3.4175 	EXP 	image: autoDraw = False
3.4175 	EXP 	fixCrossR_2: autoDraw = False
3.4175 	EXP 	image: autoDraw = False
3.4175 	EXP 	fixCrossR_2: autoDraw = False
3.4175 	EXP 	fixCrossR_4: autoDraw = True
3.6521 	EXP 	New trial (rep=1, index=0): None
3.7844 	EXP 	fixCrossR_4: autoDraw = False
3.7844 	EXP 	fixCrossR_4: autoDraw = False
3.7844 	EXP 	image: image = 'stim//shoe4.png'
3.7844 	EXP 	image: autoDraw = True
3.7844 	EXP 	fixCrossR_2: autoDraw = True
4.0346 	EXP 	image: autoDraw = False
4.0346 	EXP 	fixCrossR_2: autoDraw = False
4.0346 	EXP 	image: autoDraw = False
4.0346 	EXP 	fixCrossR_2: autoDraw = False
4.0346 	EXP 	fixCrossR_4: autoDraw = True
4.2689 	EXP 	New trial (rep=2, index=0): None
4.4517 	EXP 	fixCrossR_4: autoDraw = False
4.4517 	EXP 	fixCrossR_4: autoDraw = False
4.4517 	EXP 	image: image = 'stim//shoe4.png'
4.4517 	EXP 	image: autoDraw = True
4.4517 	EXP 	fixCrossR_2: autoDraw = True
4.7019 	EXP 	image: autoDraw = False
4.7019 	EXP 	fixCrossR_2: autoDraw = False
4.7019 	EXP 	image: autoDraw = False
4.7019 	EXP 	fixCrossR_2: autoDraw = False
4.7019 	EXP 	fixCrossR_4: autoDraw = True
5.0188 	EXP 	fixCrossR_4: autoDraw = False
5.0188 	EXP 	fixCrossR_4: autoDraw = False
5.0188 	EXP 	fixCross_2: fillColor = <psychopy.colors.Color: black, alpha=1.0>
5.0188 	EXP 	fixCross_2: borderColor = <psychopy.colors.Color: black, alpha=1.0>
5.0188 	EXP 	text1_2: foreColor = <psychopy.colors.Color: white, alpha=1.0>
5.0188 	EXP 	text1_2: height = 0.05
5.0188 	EXP 	text1_2: height = 0.05
5.0188 	EXP 	text1_2: height = 0.05
5.0188 	EXP 	text1_2: text = 'Half Right'
5.0188 	EXP 	text2_2: foreColor = <psychopy.colors.Color: white, alpha=1.0>
5.0188 	EXP 	text2_2: height = 0.05
5.0188 	EXP 	text2_2: height = 0.05
5.0188 	EXP 	text2_2: height = 0.05
5.0188 	EXP 	text2_2: text = 'Half Left'
5.0188 	EXP 	text3_2: foreColor = <psychopy.colors.Color: white, alpha=1.0>
5.0188 	EXP 	text3_2: height = 0.05
5.0188 	EXP 	text3_2: height = 0.05
5.0188 	EXP 	text3_2: height = 0.05
5.0188 	EXP 	text3_2: text = 'Full Left'
5.0188 	EXP 	text4_2: foreColor = <psychopy.colors.Color: white, alpha=1.0>
5.0188 	EXP 	text4_2: height = 0.05
5.0188 	EXP 	text4_2: height = 0.05
5.0188 	EXP 	text4_2: height = 0.05
5.0188 	EXP 	text4_2: text = 'Full Right'
5.0188 	EXP 	text5_2: foreColor = <psychopy.colors.Color: white, alpha=1.0>
5.0188 	EXP 	text5_2: height = 0.05
5.0188 	EXP 	text5_2: height = 0.05
5.0188 	EXP 	text5_2: height = 0.05
5.0188 	EXP 	text5_2: text = 'Turtle'
5.0188 	EXP 	text6_2: foreColor = <psychopy.colors.Color: white, alpha=1.0>
5.0188 	EXP 	text6_2: height = 0.05
5.0188 	EXP 	text6_2: height = 0.05
5.0188 	EXP 	text6_2: height = 0.05
5.0188 	EXP 	text6_2: text = 'Horse'
5.0188 	EXP 	text7_2: foreColor = <psychopy.colors.Color: white, alpha=1.0>
5.0188 	EXP 	text7_2: height = 0.05
5.0188 	EXP 	text7_2: height = 0.05
5.0188 	EXP 	text7_2: height = 0.05
5.0188 	EXP 	text7_2: text = 'Shoe'
5.0188 	EXP 	text8_2: foreColor = <psychopy.colors.Color: white, alpha=1.0>
5.0188 	EXP 	text8_2: height = 0.05
5.0188 	EXP 	text8_2: height = 0.05
5.0188 	EXP 	text8_2: height = 0.05
5.0188 	EXP 	text8_2: text = 'Car'
5.0188 	EXP 	num1_2: foreColor = <psychopy.colors.Color: white, alpha=1.0>
5.0188 	EXP 	num1_2: height = 0.1
5.0188 	EXP 	num1_2: height = 0.1
5.0188 	EXP 	num1_2: height = 0.1
5.0188 	EXP 	num1_2: text = '1'
5.0188 	EXP 	num2_2: foreColor = <psychopy.colors.Color: white, alpha=1.0>
5.0188 	EXP 	num2_2: height = 0.1
5.0188 	EXP 	num2_2: height = 0.1
5.0188 	EXP 	num2_2: height = 0.1
5.0188 	EXP 	num2_2: text = '2'
5.0188 	EXP 	num3_2: foreColor = <psychopy.colors.Color: white, alpha=1.0>
5.0188 	EXP 	num3_2: height = 0.1
5.0188 	EXP 	num3_2: height = 0.1
5.0188 	EXP 	num3_2: height = 0.1
5.0188 	EXP 	num3_2: text = '3'
5.0188 	EXP 	num4_2: foreColor = <psychopy.colors.Color: white, alpha=1.0>
5.0188 	EXP 	num4_2: height = 0.1
5.0188 	EXP 	num4_2: height = 0.1
5.0188 	EXP 	num4_2: height = 0.1
5.0188 	EXP 	num4_2: text = '4'
5.0188 	EXP 	fixCross_2: autoDraw = True
5.0188 	EXP 	text1_2: autoDraw = True
5.0188 	EXP 	text2_2: autoDraw = True
5.0188 	EXP 	text3_2: autoDraw = True
5.0188 	EXP 	text4_2: autoDraw = True
5.0188 	EXP 	text5_2: autoDraw = True
5.0188 	EXP 	text6_2: autoDraw = True
5.0188 	EXP 	text7_2: autoDraw = True
5.0188 	EXP 	text8_2: autoDraw = True
5.0188 	EXP 	num1_2: autoDraw = True
5.0188 	EXP 	num2_2: autoDraw = True
5.0188 	EXP 	num3_2: autoDraw = True
5.0188 	EXP 	num4_2: autoDraw = True
6.1704 	DATA 	Keypress: 3
6.3532 	EXP 	window1: mouseVisible = True
