3.8068 	ERROR 	Support for the `sounddevice` audio backend is not available this session. Please install `psychopy-sounddevice` and restart the session to enable support.
8.7419 	WARNING 	User requested fullscreen with size [1536  864], but screen is actually [1920, 1080]. Using actual size
9.7882 	EXP 	Created window1 = Window(allowGUI=True, allowStencil=False, autoLog=True, backendConf=UNKNOWN, backgroundFit=<method-wrapper '__getattribute__' of attributeSetter object at 0x00000262E1034370>, backgroundImage=<method-wrapper '__getattribute__' of attributeSetter object at 0x00000262E1034310>, bitsMode=UNKNOWN, blendMode='avg', bpc=(8, 8, 8), color=array([-0.4039, -0.4039, -0.4039]), colorSpace='rgb', depthBits=8, fullscr=<method-wrapper '__getattribute__' of attributeSetter object at 0x00000262E1034160>, gamma=None, gammaErrorPolicy='raise', lms=UNKNOWN, monitor=<psychopy.monitors.calibTools.Monitor object at 0x00000262E15D53A0>, multiSample=False, name='window1', numSamples=2, pos=(-1920, 0), screen=0, size=array([1920, 1080]), stencilBits=0, stereo=False, title='PsychoPy', units='height', useFBO=True, useRetina=False, viewOri=0.0, viewPos=None, viewScale=None, waitBlanking=True, winType='pyglet')
9.7884 	EXP 	window1: mouseVisible = True
9.7884 	EXP 	window1: backgroundImage = ''
9.7884 	EXP 	window1: backgroundFit = 'none'
9.7925 	EXP 	window1: Attempting to measure frame rate of screen (0) ...
9.7925 	EXP 	window1: recordFrameIntervals = False
9.9528 	EXP 	window1: recordFrameIntervals = True
10.1365 	EXP 	Screen (0) actual frame rate measured at 59.99Hz
10.1366 	EXP 	window1: recordFrameIntervals = False
10.1367 	EXP 	window1: mouseVisible = False
13.5411 	EXP 	pilotv2: status = STARTED
13.5413 	EXP 	window1: mouseVisible = True
13.5566 	EXP 	Created imageInstruct = ImageStim(__class__=<class 'psychopy.visual.image.ImageStim'>, anchor=('center', 'center'), autoLog=True, color=array([1., 1., 1.]), colorSpace='rgb', contrast=1.0, depth=0.0, draggable=False, flipHoriz=False, flipVert=False, image='default.png', interpolate=True, mask=None, maskParams=None, name='imageInstruct', opacity=1.0, ori=0.0, pos=array([0., 0.]), size=array([1.6    , 1.00736]), texRes=128.0, units='height', win=Window(...))
13.5570 	EXP 	window1: mouseVisible = True
13.5572 	EXP 	window1: mouseVisible = True
13.5579 	EXP 	window1: mouseVisible = True
13.5585 	EXP 	window1: mouseVisible = True
13.5929 	EXP 	window1: mouseVisible = True
13.5931 	EXP 	window1: mouseVisible = True
13.5937 	EXP 	window1: mouseVisible = True
13.5944 	EXP 	window1: mouseVisible = True
13.6241 	EXP 	window1: mouseVisible = True
13.6244 	EXP 	window1: mouseVisible = True
13.6246 	EXP 	window1: mouseVisible = True
13.6253 	EXP 	window1: mouseVisible = True
13.6259 	EXP 	window1: mouseVisible = True
13.6551 	EXP 	window1: mouseVisible = True
13.6553 	EXP 	window1: mouseVisible = True
13.6560 	EXP 	window1: mouseVisible = True
13.6566 	EXP 	window1: mouseVisible = True
13.6617 	EXP 	window1: mouseVisible = True
13.6620 	EXP 	window1: mouseVisible = True
13.7579 	EXP 	Created text_8 = TextStim(__class__=<class 'psychopy.visual.text.TextStim'>, alignHoriz=method-wrapper(...), alignText='center', alignVert=method-wrapper(...), anchorHoriz='center', anchorVert='center', antialias=True, autoDraw=False, autoLog=True, bold=False, color=array([1., 1., 1.]), colorSpace='rgb', contrast=1.0, depth=0.0, draggable=False, flipHoriz=False, flipVert=False, font='Open Sans', fontFiles=[], height=0.05, italic=False, languageStyle='LTR', name='text_8', opacity=1.0, ori=0.0, pos=array([0., 0.]), rgb=UNKNOWN, text=str(...), units='height', win=Window(...), wrapWidth=1)
13.7583 	EXP 	window1: mouseVisible = True
13.7585 	EXP 	window1: mouseVisible = True
13.7592 	EXP 	window1: mouseVisible = True
13.7598 	EXP 	window1: mouseVisible = True
13.7978 	EXP 	window1: mouseVisible = True
13.7981 	EXP 	window1: mouseVisible = True
13.7987 	EXP 	window1: mouseVisible = True
13.7994 	EXP 	window1: mouseVisible = True
13.8151 	EXP 	window1: mouseVisible = True
13.8154 	EXP 	window1: mouseVisible = True
13.8156 	EXP 	window1: mouseVisible = True
13.8163 	EXP 	window1: mouseVisible = True
13.8169 	EXP 	window1: mouseVisible = True
13.8312 	EXP 	window1: mouseVisible = True
13.8314 	EXP 	window1: mouseVisible = True
13.8321 	EXP 	window1: mouseVisible = True
13.8327 	EXP 	window1: mouseVisible = True
13.8379 	EXP 	window1: mouseVisible = True
13.8380 	EXP 	window1: mouseVisible = True
13.8442 	EXP 	Created image_17 = ImageStim(__class__=<class 'psychopy.visual.image.ImageStim'>, anchor=('center', 'center'), autoLog=True, color=array([1., 1., 1.]), colorSpace='rgb', contrast=1.0, depth=-3.0, draggable=False, flipHoriz=False, flipVert=False, image='stim/ori1.png', interpolate=True, mask=None, maskParams=None, name='image_17', opacity=1.0, ori=0.0, pos=array([0.  , 0.23]), size=array([0.15, 0.15]), texRes=128.0, units='height', win=Window(...))
13.8444 	EXP 	window1: mouseVisible = True
13.8507 	EXP 	Created text_9 = TextStim(__class__=<class 'psychopy.visual.text.TextStim'>, alignHoriz=method-wrapper(...), alignText='center', alignVert=method-wrapper(...), anchorHoriz='center', anchorVert='center', antialias=True, autoDraw=False, autoLog=True, bold=False, color=array([1., 1., 1.]), colorSpace='rgb', contrast=1.0, depth=0.0, draggable=False, flipHoriz=False, flipVert=False, font='Open Sans', fontFiles=[], height=0.05, italic=False, languageStyle='LTR', name='text_9', opacity=1.0, ori=0.0, pos=array([0., 0.]), rgb=UNKNOWN, text=str(...), units='height', win=Window(...), wrapWidth=1)
13.8511 	EXP 	window1: mouseVisible = True
13.8512 	EXP 	window1: mouseVisible = True
13.8519 	EXP 	window1: mouseVisible = True
13.8526 	EXP 	window1: mouseVisible = True
13.8586 	EXP 	window1: mouseVisible = True
13.8588 	EXP 	window1: mouseVisible = True
13.8595 	EXP 	window1: mouseVisible = True
13.8601 	EXP 	window1: mouseVisible = True
13.8653 	EXP 	window1: mouseVisible = True
13.8656 	EXP 	window1: mouseVisible = True
13.8657 	EXP 	window1: mouseVisible = True
13.8665 	EXP 	window1: mouseVisible = True
13.8672 	EXP 	window1: mouseVisible = True
13.8732 	EXP 	window1: mouseVisible = True
13.8734 	EXP 	window1: mouseVisible = True
13.8742 	EXP 	window1: mouseVisible = True
13.8749 	EXP 	window1: mouseVisible = True
13.8801 	EXP 	window1: mouseVisible = True
13.8802 	EXP 	window1: mouseVisible = True
13.8863 	EXP 	Created image_18 = ImageStim(__class__=<class 'psychopy.visual.image.ImageStim'>, anchor=('center', 'center'), autoLog=True, color=array([1., 1., 1.]), colorSpace='rgb', contrast=1.0, depth=-3.0, draggable=False, flipHoriz=False, flipVert=False, image='stim/obj2.png', interpolate=True, mask=None, maskParams=None, name='image_18', opacity=1.0, ori=0.0, pos=array([0.  , 0.23]), size=array([0.15, 0.15]), texRes=128.0, units='height', win=Window(...))
13.8865 	EXP 	window1: mouseVisible = True
13.8929 	EXP 	Created text_10 = TextStim(__class__=<class 'psychopy.visual.text.TextStim'>, alignHoriz=method-wrapper(...), alignText='center', alignVert=method-wrapper(...), anchorHoriz='center', anchorVert='center', antialias=True, autoDraw=False, autoLog=True, bold=False, color=array([1., 1., 1.]), colorSpace='rgb', contrast=1.0, depth=0.0, draggable=False, flipHoriz=False, flipVert=False, font='Open Sans', fontFiles=[], height=0.05, italic=False, languageStyle='LTR', name='text_10', opacity=1.0, ori=0.0, pos=array([0., 0.]), rgb=UNKNOWN, text=str(...), units='height', win=Window(...), wrapWidth=1)
13.8932 	EXP 	window1: mouseVisible = True
13.8934 	EXP 	window1: mouseVisible = True
13.8941 	EXP 	window1: mouseVisible = True
13.8947 	EXP 	window1: mouseVisible = True
13.9007 	EXP 	window1: mouseVisible = True
13.9009 	EXP 	window1: mouseVisible = True
13.9016 	EXP 	window1: mouseVisible = True
13.9022 	EXP 	window1: mouseVisible = True
13.9075 	EXP 	window1: mouseVisible = True
13.9078 	EXP 	window1: mouseVisible = True
13.9080 	EXP 	window1: mouseVisible = True
13.9086 	EXP 	window1: mouseVisible = True
13.9092 	EXP 	window1: mouseVisible = True
13.9152 	EXP 	window1: mouseVisible = True
13.9154 	EXP 	window1: mouseVisible = True
13.9161 	EXP 	window1: mouseVisible = True
13.9167 	EXP 	window1: mouseVisible = True
13.9219 	EXP 	window1: mouseVisible = True
13.9220 	EXP 	window1: mouseVisible = True
13.9281 	EXP 	Created image_19 = ImageStim(__class__=<class 'psychopy.visual.image.ImageStim'>, anchor=('center', 'center'), autoLog=True, color=array([1., 1., 1.]), colorSpace='rgb', contrast=1.0, depth=-3.0, draggable=False, flipHoriz=False, flipVert=False, image='stim/ori2.png', interpolate=True, mask=None, maskParams=None, name='image_19', opacity=1.0, ori=0.0, pos=array([0.  , 0.23]), size=array([0.15, 0.15]), texRes=128.0, units='height', win=Window(...))
13.9283 	EXP 	window1: mouseVisible = True
13.9347 	EXP 	Created text_11 = TextStim(__class__=<class 'psychopy.visual.text.TextStim'>, alignHoriz=method-wrapper(...), alignText='center', alignVert=method-wrapper(...), anchorHoriz='center', anchorVert='center', antialias=True, autoDraw=False, autoLog=True, bold=False, color=array([1., 1., 1.]), colorSpace='rgb', contrast=1.0, depth=0.0, draggable=False, flipHoriz=False, flipVert=False, font='Open Sans', fontFiles=[], height=0.05, italic=False, languageStyle='LTR', name='text_11', opacity=1.0, ori=0.0, pos=array([0., 0.]), rgb=UNKNOWN, text=str(...), units='height', win=Window(...), wrapWidth=1)
13.9350 	EXP 	window1: mouseVisible = True
13.9352 	EXP 	window1: mouseVisible = True
13.9359 	EXP 	window1: mouseVisible = True
13.9365 	EXP 	window1: mouseVisible = True
13.9437 	EXP 	window1: mouseVisible = True
13.9439 	EXP 	window1: mouseVisible = True
13.9447 	EXP 	window1: mouseVisible = True
13.9453 	EXP 	window1: mouseVisible = True
13.9507 	EXP 	window1: mouseVisible = True
13.9511 	EXP 	window1: mouseVisible = True
13.9513 	EXP 	window1: mouseVisible = True
13.9519 	EXP 	window1: mouseVisible = True
13.9526 	EXP 	window1: mouseVisible = True
13.9588 	EXP 	window1: mouseVisible = True
13.9590 	EXP 	window1: mouseVisible = True
13.9597 	EXP 	window1: mouseVisible = True
13.9605 	EXP 	window1: mouseVisible = True
13.9662 	EXP 	window1: mouseVisible = True
13.9663 	EXP 	window1: mouseVisible = True
13.9736 	EXP 	Created image_20 = ImageStim(__class__=<class 'psychopy.visual.image.ImageStim'>, anchor=('center', 'center'), autoLog=True, color=array([1., 1., 1.]), colorSpace='rgb', contrast=1.0, depth=-3.0, draggable=False, flipHoriz=False, flipVert=False, image='stim/obj1.png', interpolate=True, mask=None, maskParams=None, name='image_20', opacity=1.0, ori=0.0, pos=array([0.  , 0.23]), size=array([0.15, 0.15]), texRes=128.0, units='height', win=Window(...))
13.9738 	EXP 	window1: mouseVisible = True
13.9877 	EXP 	Created imageInstruct_2 = ImageStim(__class__=<class 'psychopy.visual.image.ImageStim'>, anchor=('center', 'center'), autoLog=True, color=array([1., 1., 1.]), colorSpace='rgb', contrast=1.0, depth=0.0, draggable=False, flipHoriz=False, flipVert=False, image='default.png', interpolate=True, mask=None, maskParams=None, name='imageInstruct_2', opacity=1.0, ori=0.0, pos=array([0., 0.]), size=array([1.6    , 1.00736]), texRes=128.0, units='height', win=Window(...))
13.9881 	EXP 	window1: mouseVisible = True
13.9882 	EXP 	window1: mouseVisible = True
13.9895 	EXP 	window1: mouseVisible = True
13.9909 	EXP 	window1: mouseVisible = True
13.9967 	EXP 	window1: mouseVisible = True
13.9970 	EXP 	window1: mouseVisible = True
13.9977 	EXP 	window1: mouseVisible = True
13.9984 	EXP 	window1: mouseVisible = True
14.0052 	EXP 	window1: mouseVisible = True
14.0056 	EXP 	window1: mouseVisible = True
14.0058 	EXP 	window1: mouseVisible = True
14.0065 	EXP 	window1: mouseVisible = True
14.0072 	EXP 	window1: mouseVisible = True
14.0136 	EXP 	window1: mouseVisible = True
14.0138 	EXP 	window1: mouseVisible = True
14.0145 	EXP 	window1: mouseVisible = True
14.0151 	EXP 	window1: mouseVisible = True
14.0205 	EXP 	window1: mouseVisible = True
14.0206 	EXP 	window1: mouseVisible = True
14.0474 	EXP 	Created text_17 = TextStim(__class__=<class 'psychopy.visual.text.TextStim'>, alignHoriz=method-wrapper(...), alignText='center', alignVert=method-wrapper(...), anchorHoriz='center', anchorVert='center', antialias=True, autoDraw=False, autoLog=True, bold=False, color=array([1., 1., 1.]), colorSpace='rgb', contrast=1.0, depth=-2.0, draggable=False, flipHoriz=False, flipVert=False, font='Open Sans', fontFiles=[], height=0.05, italic=False, languageStyle='LTR', name='text_17', opacity=1.0, ori=0.0, pos=array([0., 0.]), rgb=UNKNOWN, text=str(...), units='height', win=Window(...), wrapWidth=1)
14.0476 	EXP 	window1: mouseVisible = True
14.0615 	EXP 	Created cue = ImageStim(__class__=<class 'psychopy.visual.image.ImageStim'>, anchor=('center', 'center'), autoLog=True, color=array([1., 1., 1.]), colorSpace='rgb', contrast=1.0, depth=0.0, draggable=False, flipHoriz=False, flipVert=False, image='default.png', interpolate=True, mask=None, maskParams=None, name='cue', opacity=1.0, ori=0.0, pos=array([0., 0.]), size=array([0.15, 0.15]), texRes=128.0, units='height', win=Window(...))
14.0617 	EXP 	window1: mouseVisible = True
14.0758 	EXP 	Created image = ImageStim(__class__=<class 'psychopy.visual.image.ImageStim'>, anchor=('center', 'center'), autoLog=True, color=array([1., 1., 1.]), colorSpace='rgb', contrast=1.0, depth=0.0, draggable=False, flipHoriz=False, flipVert=False, image='default.png', interpolate=True, mask=None, maskParams=None, name='image', opacity=1.0, ori=0.0, pos=array([0., 0.]), size=array([0.5, 0.5]), texRes=128.0, units='height', win=Window(...))
14.0760 	EXP 	window1: mouseVisible = True
14.0791 	EXP 	Created fixCrossR_2 = ShapeStim(__class__=<class 'psychopy.visual.shape.ShapeStim'>, anchor=('center', 'center'), autoDraw=False, autoLog=True, closeShape=True, color=method-wrapper(...), colorSpace='rgb', contrast=None, depth=-1.0, draggable=False, fillColor=array([-1, -1, -1]), fillColorSpace='rgb', fillRGB=array([-1, -1, -1]), interpolate=True, lineColor=array([-1., -1., -1.]), lineColorSpace='rgb', lineRGB=array([-1, -1, -1]), lineWidth=1.0, name='fixCrossR_2', opacity=1.0, ori=0.0, pos=array([0., 0.]), size=array([0.02, 0.02]), units='height', vertices=ndarray(...), win=Window(...), windingRule=None)
14.0792 	EXP 	window1: mouseVisible = True
14.0822 	EXP 	Created fixCrossR_4 = ShapeStim(__class__=<class 'psychopy.visual.shape.ShapeStim'>, anchor=('center', 'center'), autoDraw=False, autoLog=True, closeShape=True, color=method-wrapper(...), colorSpace='rgb', contrast=None, depth=0.0, draggable=False, fillColor=array([-1, -1, -1]), fillColorSpace='rgb', fillRGB=array([-1, -1, -1]), interpolate=True, lineColor=array([-1., -1., -1.]), lineColorSpace='rgb', lineRGB=array([-1, -1, -1]), lineWidth=1.0, name='fixCrossR_4', opacity=1.0, ori=0.0, pos=array([0., 0.]), size=array([0.02, 0.02]), units='height', vertices=ndarray(...), win=Window(...), windingRule=None)
14.0823 	EXP 	window1: mouseVisible = True
14.0852 	EXP 	Created fixCross_2 = ShapeStim(__class__=<class 'psychopy.visual.shape.ShapeStim'>, anchor=('center', 'center'), autoDraw=False, autoLog=True, closeShape=True, color=method-wrapper(...), colorSpace='rgb', contrast=None, depth=0.0, draggable=False, fillColor=array([1, 1, 1]), fillColorSpace='rgb', fillRGB=array([1, 1, 1]), interpolate=True, lineColor=array([1., 1., 1.]), lineColorSpace='rgb', lineRGB=array([1, 1, 1]), lineWidth=1.0, name='fixCross_2', opacity=1.0, ori=0.0, pos=array([0., 0.]), size=array([0.02, 0.02]), units='height', vertices=ndarray(...), win=Window(...), windingRule=None)
14.0853 	EXP 	window1: mouseVisible = True
14.0878 	EXP 	Created text1_2 = TextStim(__class__=<class 'psychopy.visual.text.TextStim'>, alignHoriz=method-wrapper(...), alignText='center', alignVert=method-wrapper(...), anchorHoriz='center', anchorVert='center', antialias=True, autoDraw=False, autoLog=True, bold=False, color=array([1., 1., 1.]), colorSpace='rgb', contrast=1.0, depth=-1.0, draggable=False, flipHoriz=False, flipVert=False, font='Open Sans', fontFiles=[], height=0.05, italic=False, languageStyle='LTR', name='text1_2', opacity=1.0, ori=0.0, pos=array([-0.225,  0.08 ]), rgb=UNKNOWN, text='', units='norm', win=Window(...), wrapWidth=1)
14.0880 	EXP 	window1: mouseVisible = True
14.0902 	EXP 	Created text2_2 = TextStim(__class__=<class 'psychopy.visual.text.TextStim'>, alignHoriz=method-wrapper(...), alignText='center', alignVert=method-wrapper(...), anchorHoriz='center', anchorVert='center', antialias=True, autoDraw=False, autoLog=True, bold=False, color=array([1., 1., 1.]), colorSpace='rgb', contrast=1.0, depth=-2.0, draggable=False, flipHoriz=False, flipVert=False, font='Open Sans', fontFiles=[], height=0.05, italic=False, languageStyle='LTR', name='text2_2', opacity=1.0, ori=0.0, pos=array([-0.075,  0.08 ]), rgb=UNKNOWN, text='', units='norm', win=Window(...), wrapWidth=1)
14.0903 	EXP 	window1: mouseVisible = True
14.0920 	EXP 	Created text3_2 = TextStim(__class__=<class 'psychopy.visual.text.TextStim'>, alignHoriz=method-wrapper(...), alignText='center', alignVert=method-wrapper(...), anchorHoriz='center', anchorVert='center', antialias=True, autoDraw=False, autoLog=True, bold=False, color=array([1., 1., 1.]), colorSpace='rgb', contrast=1.0, depth=-3.0, draggable=False, flipHoriz=False, flipVert=False, font='Open Sans', fontFiles=[], height=0.05, italic=False, languageStyle='LTR', name='text3_2', opacity=1.0, ori=0.0, pos=array([0.075, 0.08 ]), rgb=UNKNOWN, text='', units='norm', win=Window(...), wrapWidth=1)
14.0921 	EXP 	window1: mouseVisible = True
14.0936 	EXP 	Created text4_2 = TextStim(__class__=<class 'psychopy.visual.text.TextStim'>, alignHoriz=method-wrapper(...), alignText='center', alignVert=method-wrapper(...), anchorHoriz='center', anchorVert='center', antialias=True, autoDraw=False, autoLog=True, bold=False, color=array([1., 1., 1.]), colorSpace='rgb', contrast=1.0, depth=-4.0, draggable=False, flipHoriz=False, flipVert=False, font='Open Sans', fontFiles=[], height=0.05, italic=False, languageStyle='LTR', name='text4_2', opacity=1.0, ori=0.0, pos=array([0.225, 0.08 ]), rgb=UNKNOWN, text='', units='norm', win=Window(...), wrapWidth=1)
14.0938 	EXP 	window1: mouseVisible = True
14.0955 	EXP 	Created text5_2 = TextStim(__class__=<class 'psychopy.visual.text.TextStim'>, alignHoriz=method-wrapper(...), alignText='center', alignVert=method-wrapper(...), anchorHoriz='center', anchorVert='center', antialias=True, autoDraw=False, autoLog=True, bold=False, color=array([1., 1., 1.]), colorSpace='rgb', contrast=1.0, depth=-5.0, draggable=False, flipHoriz=False, flipVert=False, font='Open Sans', fontFiles=[], height=0.05, italic=False, languageStyle='LTR', name='text5_2', opacity=1.0, ori=0.0, pos=array([-0.225, -0.08 ]), rgb=UNKNOWN, text='', units='norm', win=Window(...), wrapWidth=1)
14.0957 	EXP 	window1: mouseVisible = True
14.0981 	EXP 	Created text6_2 = TextStim(__class__=<class 'psychopy.visual.text.TextStim'>, alignHoriz=method-wrapper(...), alignText='center', alignVert=method-wrapper(...), anchorHoriz='center', anchorVert='center', antialias=True, autoDraw=False, autoLog=True, bold=False, color=array([1., 1., 1.]), colorSpace='rgb', contrast=1.0, depth=-6.0, draggable=False, flipHoriz=False, flipVert=False, font='Open Sans', fontFiles=[], height=0.05, italic=False, languageStyle='LTR', name='text6_2', opacity=1.0, ori=0.0, pos=array([-0.075, -0.08 ]), rgb=UNKNOWN, text='', units='norm', win=Window(...), wrapWidth=1)
14.0983 	EXP 	window1: mouseVisible = True
14.0999 	EXP 	Created text7_2 = TextStim(__class__=<class 'psychopy.visual.text.TextStim'>, alignHoriz=method-wrapper(...), alignText='center', alignVert=method-wrapper(...), anchorHoriz='center', anchorVert='center', antialias=True, autoDraw=False, autoLog=True, bold=False, color=array([1., 1., 1.]), colorSpace='rgb', contrast=1.0, depth=-7.0, draggable=False, flipHoriz=False, flipVert=False, font='Open Sans', fontFiles=[], height=0.05, italic=False, languageStyle='LTR', name='text7_2', opacity=1.0, ori=0.0, pos=array([ 0.075, -0.08 ]), rgb=UNKNOWN, text='', units='norm', win=Window(...), wrapWidth=1)
14.1000 	EXP 	window1: mouseVisible = True
14.1016 	EXP 	Created text8_2 = TextStim(__class__=<class 'psychopy.visual.text.TextStim'>, alignHoriz=method-wrapper(...), alignText='center', alignVert=method-wrapper(...), anchorHoriz='center', anchorVert='center', antialias=True, autoDraw=False, autoLog=True, bold=False, color=array([1., 1., 1.]), colorSpace='rgb', contrast=1.0, depth=-8.0, draggable=False, flipHoriz=False, flipVert=False, font='Open Sans', fontFiles=[], height=0.05, italic=False, languageStyle='LTR', name='text8_2', opacity=1.0, ori=0.0, pos=array([ 0.225, -0.08 ]), rgb=UNKNOWN, text='', units='norm', win=Window(...), wrapWidth=1)
14.1017 	EXP 	window1: mouseVisible = True
14.1034 	EXP 	Created num1_2 = TextStim(__class__=<class 'psychopy.visual.text.TextStim'>, alignHoriz=method-wrapper(...), alignText='center', alignVert=method-wrapper(...), anchorHoriz='center', anchorVert='center', antialias=True, autoDraw=False, autoLog=True, bold=False, color=array([1., 1., 1.]), colorSpace='rgb', contrast=1.0, depth=-10.0, draggable=False, flipHoriz=False, flipVert=False, font='Open Sans', fontFiles=[], height=0.1, italic=False, languageStyle='LTR', name='num1_2', opacity=1.0, ori=0.0, pos=array([-0.225,  0.24 ]), rgb=UNKNOWN, text='', units='norm', win=Window(...), wrapWidth=1)
14.1035 	EXP 	window1: mouseVisible = True
14.1052 	EXP 	Created num2_2 = TextStim(__class__=<class 'psychopy.visual.text.TextStim'>, alignHoriz=method-wrapper(...), alignText='center', alignVert=method-wrapper(...), anchorHoriz='center', anchorVert='center', antialias=True, autoDraw=False, autoLog=True, bold=False, color=array([1., 1., 1.]), colorSpace='rgb', contrast=1.0, depth=-11.0, draggable=False, flipHoriz=False, flipVert=False, font='Open Sans', fontFiles=[], height=0.1, italic=False, languageStyle='LTR', name='num2_2', opacity=1.0, ori=0.0, pos=array([-0.075,  0.24 ]), rgb=UNKNOWN, text='', units='norm', win=Window(...), wrapWidth=1)
14.1053 	EXP 	window1: mouseVisible = True
14.1070 	EXP 	Created num3_2 = TextStim(__class__=<class 'psychopy.visual.text.TextStim'>, alignHoriz=method-wrapper(...), alignText='center', alignVert=method-wrapper(...), anchorHoriz='center', anchorVert='center', antialias=True, autoDraw=False, autoLog=True, bold=False, color=array([1., 1., 1.]), colorSpace='rgb', contrast=1.0, depth=-12.0, draggable=False, flipHoriz=False, flipVert=False, font='Open Sans', fontFiles=[], height=0.1, italic=False, languageStyle='LTR', name='num3_2', opacity=1.0, ori=0.0, pos=array([0.075, 0.24 ]), rgb=UNKNOWN, text='', units='norm', win=Window(...), wrapWidth=1)
14.1072 	EXP 	window1: mouseVisible = True
14.1089 	EXP 	Created num4_2 = TextStim(__class__=<class 'psychopy.visual.text.TextStim'>, alignHoriz=method-wrapper(...), alignText='center', alignVert=method-wrapper(...), anchorHoriz='center', anchorVert='center', antialias=True, autoDraw=False, autoLog=True, bold=False, color=array([1., 1., 1.]), colorSpace='rgb', contrast=1.0, depth=-13.0, draggable=False, flipHoriz=False, flipVert=False, font='Open Sans', fontFiles=[], height=0.1, italic=False, languageStyle='LTR', name='num4_2', opacity=1.0, ori=0.0, pos=array([0.225, 0.24 ]), rgb=UNKNOWN, text='', units='norm', win=Window(...), wrapWidth=1)
14.1090 	EXP 	window1: mouseVisible = True
14.1375 	EXP 	Created text_20 = TextStim(__class__=<class 'psychopy.visual.text.TextStim'>, alignHoriz=method-wrapper(...), alignText='center', alignVert=method-wrapper(...), anchorHoriz='center', anchorVert='center', antialias=True, autoDraw=False, autoLog=True, bold=False, color=array([1., 1., 1.]), colorSpace='rgb', contrast=1.0, depth=0.0, draggable=False, flipHoriz=False, flipVert=False, font='Open Sans', fontFiles=[], height=0.05, italic=False, languageStyle='LTR', name='text_20', opacity=1.0, ori=0.0, pos=array([0., 0.]), rgb=UNKNOWN, text=str(...), units='height', win=Window(...), wrapWidth=1)
14.1377 	EXP 	window1: mouseVisible = True
14.1439 	EXP 	Created text = TextStim(__class__=<class 'psychopy.visual.text.TextStim'>, alignHoriz=method-wrapper(...), alignText='center', alignVert=method-wrapper(...), anchorHoriz='center', anchorVert='center', antialias=True, autoDraw=False, autoLog=True, bold=False, color=array([1., 1., 1.]), colorSpace='rgb', contrast=1.0, depth=0.0, draggable=False, flipHoriz=False, flipVert=False, font='Open Sans', fontFiles=[], height=0.05, italic=False, languageStyle='LTR', name='text', opacity=1.0, ori=0.0, pos=array([0., 0.]), rgb=UNKNOWN, text='The experiment will begin soon. Get ready!', units='height', win=Window(...), wrapWidth=1)
14.1441 	EXP 	window1: mouseVisible = True
14.1582 	EXP 	Created cue = ImageStim(__class__=<class 'psychopy.visual.image.ImageStim'>, anchor=('center', 'center'), autoLog=True, color=array([1., 1., 1.]), colorSpace='rgb', contrast=1.0, depth=0.0, draggable=False, flipHoriz=False, flipVert=False, image='default.png', interpolate=True, mask=None, maskParams=None, name='cue', opacity=1.0, ori=0.0, pos=array([0., 0.]), size=array([0.15, 0.15]), texRes=128.0, units='height', win=Window(...))
14.1583 	EXP 	window1: mouseVisible = True
14.1719 	EXP 	Created image = ImageStim(__class__=<class 'psychopy.visual.image.ImageStim'>, anchor=('center', 'center'), autoLog=True, color=array([1., 1., 1.]), colorSpace='rgb', contrast=1.0, depth=0.0, draggable=False, flipHoriz=False, flipVert=False, image='default.png', interpolate=True, mask=None, maskParams=None, name='image', opacity=1.0, ori=0.0, pos=array([0., 0.]), size=array([0.5, 0.5]), texRes=128.0, units='height', win=Window(...))
14.1720 	EXP 	window1: mouseVisible = True
14.1751 	EXP 	Created fixCrossR_2 = ShapeStim(__class__=<class 'psychopy.visual.shape.ShapeStim'>, anchor=('center', 'center'), autoDraw=False, autoLog=True, closeShape=True, color=method-wrapper(...), colorSpace='rgb', contrast=None, depth=-1.0, draggable=False, fillColor=array([-1, -1, -1]), fillColorSpace='rgb', fillRGB=array([-1, -1, -1]), interpolate=True, lineColor=array([-1., -1., -1.]), lineColorSpace='rgb', lineRGB=array([-1, -1, -1]), lineWidth=1.0, name='fixCrossR_2', opacity=1.0, ori=0.0, pos=array([0., 0.]), size=array([0.02, 0.02]), units='height', vertices=ndarray(...), win=Window(...), windingRule=None)
14.1753 	EXP 	window1: mouseVisible = True
14.1781 	EXP 	Created fixCrossR_4 = ShapeStim(__class__=<class 'psychopy.visual.shape.ShapeStim'>, anchor=('center', 'center'), autoDraw=False, autoLog=True, closeShape=True, color=method-wrapper(...), colorSpace='rgb', contrast=None, depth=0.0, draggable=False, fillColor=array([-1, -1, -1]), fillColorSpace='rgb', fillRGB=array([-1, -1, -1]), interpolate=True, lineColor=array([-1., -1., -1.]), lineColorSpace='rgb', lineRGB=array([-1, -1, -1]), lineWidth=1.0, name='fixCrossR_4', opacity=1.0, ori=0.0, pos=array([0., 0.]), size=array([0.02, 0.02]), units='height', vertices=ndarray(...), win=Window(...), windingRule=None)
14.1783 	EXP 	window1: mouseVisible = True
14.1810 	EXP 	Created fixCross = ShapeStim(__class__=<class 'psychopy.visual.shape.ShapeStim'>, anchor=('center', 'center'), autoDraw=False, autoLog=True, closeShape=True, color=method-wrapper(...), colorSpace='rgb', contrast=None, depth=0.0, draggable=False, fillColor=array([1, 1, 1]), fillColorSpace='rgb', fillRGB=array([1, 1, 1]), interpolate=True, lineColor=array([1., 1., 1.]), lineColorSpace='rgb', lineRGB=array([1, 1, 1]), lineWidth=1.0, name='fixCross', opacity=1.0, ori=0.0, pos=array([0., 0.]), size=array([0.02, 0.02]), units='height', vertices=ndarray(...), win=Window(...), windingRule=None)
14.1813 	EXP 	window1: mouseVisible = True
14.1831 	EXP 	Created text1 = TextStim(__class__=<class 'psychopy.visual.text.TextStim'>, alignHoriz=method-wrapper(...), alignText='center', alignVert=method-wrapper(...), anchorHoriz='center', anchorVert='center', antialias=True, autoDraw=False, autoLog=True, bold=False, color=array([1., 1., 1.]), colorSpace='rgb', contrast=1.0, depth=-1.0, draggable=False, flipHoriz=False, flipVert=False, font='Open Sans', fontFiles=[], height=0.05, italic=False, languageStyle='LTR', name='text1', opacity=1.0, ori=0.0, pos=array([-0.225,  0.08 ]), rgb=UNKNOWN, text='', units='norm', win=Window(...), wrapWidth=1)
14.1833 	EXP 	window1: mouseVisible = True
14.1849 	EXP 	Created text2 = TextStim(__class__=<class 'psychopy.visual.text.TextStim'>, alignHoriz=method-wrapper(...), alignText='center', alignVert=method-wrapper(...), anchorHoriz='center', anchorVert='center', antialias=True, autoDraw=False, autoLog=True, bold=False, color=array([1., 1., 1.]), colorSpace='rgb', contrast=1.0, depth=-2.0, draggable=False, flipHoriz=False, flipVert=False, font='Open Sans', fontFiles=[], height=0.05, italic=False, languageStyle='LTR', name='text2', opacity=1.0, ori=0.0, pos=array([-0.075,  0.08 ]), rgb=UNKNOWN, text='', units='norm', win=Window(...), wrapWidth=1)
14.1850 	EXP 	window1: mouseVisible = True
14.1866 	EXP 	Created text3 = TextStim(__class__=<class 'psychopy.visual.text.TextStim'>, alignHoriz=method-wrapper(...), alignText='center', alignVert=method-wrapper(...), anchorHoriz='center', anchorVert='center', antialias=True, autoDraw=False, autoLog=True, bold=False, color=array([1., 1., 1.]), colorSpace='rgb', contrast=1.0, depth=-3.0, draggable=False, flipHoriz=False, flipVert=False, font='Open Sans', fontFiles=[], height=0.05, italic=False, languageStyle='LTR', name='text3', opacity=1.0, ori=0.0, pos=array([0.075, 0.08 ]), rgb=UNKNOWN, text='', units='norm', win=Window(...), wrapWidth=1)
14.1867 	EXP 	window1: mouseVisible = True
14.1884 	EXP 	Created text4 = TextStim(__class__=<class 'psychopy.visual.text.TextStim'>, alignHoriz=method-wrapper(...), alignText='center', alignVert=method-wrapper(...), anchorHoriz='center', anchorVert='center', antialias=True, autoDraw=False, autoLog=True, bold=False, color=array([1., 1., 1.]), colorSpace='rgb', contrast=1.0, depth=-4.0, draggable=False, flipHoriz=False, flipVert=False, font='Open Sans', fontFiles=[], height=0.05, italic=False, languageStyle='LTR', name='text4', opacity=1.0, ori=0.0, pos=array([0.225, 0.08 ]), rgb=UNKNOWN, text='', units='norm', win=Window(...), wrapWidth=1)
14.1887 	EXP 	window1: mouseVisible = True
14.1905 	EXP 	Created text5 = TextStim(__class__=<class 'psychopy.visual.text.TextStim'>, alignHoriz=method-wrapper(...), alignText='center', alignVert=method-wrapper(...), anchorHoriz='center', anchorVert='center', antialias=True, autoDraw=False, autoLog=True, bold=False, color=array([1., 1., 1.]), colorSpace='rgb', contrast=1.0, depth=-5.0, draggable=False, flipHoriz=False, flipVert=False, font='Open Sans', fontFiles=[], height=0.05, italic=False, languageStyle='LTR', name='text5', opacity=1.0, ori=0.0, pos=array([-0.225, -0.08 ]), rgb=UNKNOWN, text='', units='norm', win=Window(...), wrapWidth=1)
14.1907 	EXP 	window1: mouseVisible = True
14.1923 	EXP 	Created text6 = TextStim(__class__=<class 'psychopy.visual.text.TextStim'>, alignHoriz=method-wrapper(...), alignText='center', alignVert=method-wrapper(...), anchorHoriz='center', anchorVert='center', antialias=True, autoDraw=False, autoLog=True, bold=False, color=array([1., 1., 1.]), colorSpace='rgb', contrast=1.0, depth=-6.0, draggable=False, flipHoriz=False, flipVert=False, font='Open Sans', fontFiles=[], height=0.05, italic=False, languageStyle='LTR', name='text6', opacity=1.0, ori=0.0, pos=array([-0.075, -0.08 ]), rgb=UNKNOWN, text='', units='norm', win=Window(...), wrapWidth=1)
14.1924 	EXP 	window1: mouseVisible = True
14.1939 	EXP 	Created text7 = TextStim(__class__=<class 'psychopy.visual.text.TextStim'>, alignHoriz=method-wrapper(...), alignText='center', alignVert=method-wrapper(...), anchorHoriz='center', anchorVert='center', antialias=True, autoDraw=False, autoLog=True, bold=False, color=array([1., 1., 1.]), colorSpace='rgb', contrast=1.0, depth=-7.0, draggable=False, flipHoriz=False, flipVert=False, font='Open Sans', fontFiles=[], height=0.05, italic=False, languageStyle='LTR', name='text7', opacity=1.0, ori=0.0, pos=array([ 0.075, -0.08 ]), rgb=UNKNOWN, text='', units='norm', win=Window(...), wrapWidth=1)
14.1941 	EXP 	window1: mouseVisible = True
14.1957 	EXP 	Created text8 = TextStim(__class__=<class 'psychopy.visual.text.TextStim'>, alignHoriz=method-wrapper(...), alignText='center', alignVert=method-wrapper(...), anchorHoriz='center', anchorVert='center', antialias=True, autoDraw=False, autoLog=True, bold=False, color=array([1., 1., 1.]), colorSpace='rgb', contrast=1.0, depth=-8.0, draggable=False, flipHoriz=False, flipVert=False, font='Open Sans', fontFiles=[], height=0.05, italic=False, languageStyle='LTR', name='text8', opacity=1.0, ori=0.0, pos=array([ 0.225, -0.08 ]), rgb=UNKNOWN, text='', units='norm', win=Window(...), wrapWidth=1)
14.1959 	EXP 	window1: mouseVisible = True
14.1975 	EXP 	Created num1 = TextStim(__class__=<class 'psychopy.visual.text.TextStim'>, alignHoriz=method-wrapper(...), alignText='center', alignVert=method-wrapper(...), anchorHoriz='center', anchorVert='center', antialias=True, autoDraw=False, autoLog=True, bold=False, color=array([1., 1., 1.]), colorSpace='rgb', contrast=1.0, depth=-10.0, draggable=False, flipHoriz=False, flipVert=False, font='Open Sans', fontFiles=[], height=0.1, italic=False, languageStyle='LTR', name='num1', opacity=1.0, ori=0.0, pos=array([-0.225,  0.24 ]), rgb=UNKNOWN, text='', units='norm', win=Window(...), wrapWidth=1)
14.1977 	EXP 	window1: mouseVisible = True
14.1992 	EXP 	Created num2 = TextStim(__class__=<class 'psychopy.visual.text.TextStim'>, alignHoriz=method-wrapper(...), alignText='center', alignVert=method-wrapper(...), anchorHoriz='center', anchorVert='center', antialias=True, autoDraw=False, autoLog=True, bold=False, color=array([1., 1., 1.]), colorSpace='rgb', contrast=1.0, depth=-11.0, draggable=False, flipHoriz=False, flipVert=False, font='Open Sans', fontFiles=[], height=0.1, italic=False, languageStyle='LTR', name='num2', opacity=1.0, ori=0.0, pos=array([-0.075,  0.24 ]), rgb=UNKNOWN, text='', units='norm', win=Window(...), wrapWidth=1)
14.1994 	EXP 	window1: mouseVisible = True
14.2009 	EXP 	Created num3 = TextStim(__class__=<class 'psychopy.visual.text.TextStim'>, alignHoriz=method-wrapper(...), alignText='center', alignVert=method-wrapper(...), anchorHoriz='center', anchorVert='center', antialias=True, autoDraw=False, autoLog=True, bold=False, color=array([1., 1., 1.]), colorSpace='rgb', contrast=1.0, depth=-12.0, draggable=False, flipHoriz=False, flipVert=False, font='Open Sans', fontFiles=[], height=0.1, italic=False, languageStyle='LTR', name='num3', opacity=1.0, ori=0.0, pos=array([0.075, 0.24 ]), rgb=UNKNOWN, text='', units='norm', win=Window(...), wrapWidth=1)
14.2010 	EXP 	window1: mouseVisible = True
14.2026 	EXP 	Created num4 = TextStim(__class__=<class 'psychopy.visual.text.TextStim'>, alignHoriz=method-wrapper(...), alignText='center', alignVert=method-wrapper(...), anchorHoriz='center', anchorVert='center', antialias=True, autoDraw=False, autoLog=True, bold=False, color=array([1., 1., 1.]), colorSpace='rgb', contrast=1.0, depth=-13.0, draggable=False, flipHoriz=False, flipVert=False, font='Open Sans', fontFiles=[], height=0.1, italic=False, languageStyle='LTR', name='num4', opacity=1.0, ori=0.0, pos=array([0.225, 0.24 ]), rgb=UNKNOWN, text='', units='norm', win=Window(...), wrapWidth=1)
14.2027 	EXP 	window1: mouseVisible = True
14.2058 	EXP 	Created fixCrossR = ShapeStim(__class__=<class 'psychopy.visual.shape.ShapeStim'>, anchor=('center', 'center'), autoDraw=False, autoLog=True, closeShape=True, color=method-wrapper(...), colorSpace='rgb', contrast=None, depth=0.0, draggable=False, fillColor=array([-1, -1, -1]), fillColorSpace='rgb', fillRGB=array([-1, -1, -1]), interpolate=True, lineColor=array([-1., -1., -1.]), lineColorSpace='rgb', lineRGB=array([-1, -1, -1]), lineWidth=1.0, name='fixCrossR', opacity=1.0, ori=0.0, pos=array([0., 0.]), size=array([0.02, 0.02]), units='height', vertices=ndarray(...), win=Window(...), windingRule=None)
14.2060 	EXP 	window1: mouseVisible = True
14.2080 	EXP 	Created text_total = TextStim(__class__=<class 'psychopy.visual.text.TextStim'>, alignHoriz=method-wrapper(...), alignText='center', alignVert=method-wrapper(...), anchorHoriz='center', anchorVert='center', antialias=True, autoDraw=False, autoLog=True, bold=False, color=array([1., 1., 1.]), colorSpace='rgb', contrast=1.0, depth=-1.0, draggable=False, flipHoriz=False, flipVert=False, font='Open Sans', fontFiles=[], height=0.05, italic=False, languageStyle='LTR', name='text_total', opacity=1.0, ori=0.0, pos=array([0., 0.]), rgb=UNKNOWN, text='', units='height', win=Window(...), wrapWidth=1)
14.2081 	EXP 	window1: mouseVisible = True
14.2105 	EXP 	Created text_acc = TextStim(__class__=<class 'psychopy.visual.text.TextStim'>, alignHoriz=method-wrapper(...), alignText='center', alignVert=method-wrapper(...), anchorHoriz='center', anchorVert='center', antialias=True, autoDraw=False, autoLog=True, bold=False, color=array([1., 1., 1.]), colorSpace='rgb', contrast=1.0, depth=-2.0, draggable=False, flipHoriz=False, flipVert=False, font='Open Sans', fontFiles=[], height=0.05, italic=False, languageStyle='LTR', name='text_acc', opacity=1.0, ori=0.0, pos=array([ 0. , -0.3]), rgb=UNKNOWN, text='', units='height', win=Window(...), wrapWidth=1)
14.2108 	EXP 	window1: mouseVisible = True
14.2140 	EXP 	Created fixCrossR_5 = ShapeStim(__class__=<class 'psychopy.visual.shape.ShapeStim'>, anchor=('center', 'center'), autoDraw=False, autoLog=True, closeShape=True, color=method-wrapper(...), colorSpace='rgb', contrast=None, depth=-1.0, draggable=False, fillColor=array([-1, -1, -1]), fillColorSpace='rgb', fillRGB=array([-1, -1, -1]), interpolate=True, lineColor=array([-1., -1., -1.]), lineColorSpace='rgb', lineRGB=array([-1, -1, -1]), lineWidth=1.0, name='fixCrossR_5', opacity=1.0, ori=0.0, pos=array([0., 0.]), size=array([0.02, 0.02]), units='height', vertices=ndarray(...), win=Window(...), windingRule=None)
0.0099 	EXP 	Created sequence: random, trialTypes=1, nReps=1, seed=None
0.0101 	EXP 	New trial (rep=0, index=0): None
0.0201 	EXP 	Created sequence: random, trialTypes=1, nReps=999, seed=None
0.0245 	EXP 	New trial (rep=0, index=0): None
0.0321 	EXP 	Imported instructions/Instructions_doc.xlsx as conditions, 1 conditions, 1 params
0.0325 	EXP 	Created sequence: sequential, trialTypes=1, nReps=1, seed=None
0.0327 	EXP 	New trial (rep=0, index=0): {'InstructionsFilepath': 'instructions//slide1.png'}
0.1589 	EXP 	imageInstruct: image = 'instructions//slide1.png'
0.1589 	EXP 	imageInstruct: autoDraw = True
1.1835 	DATA 	Mouse: Left button down, pos=(1743,57)
1.2697 	EXP 	New trial (rep=1, index=0): None
1.2761 	EXP 	Imported instructions/Instructions_doc.xlsx as conditions, 1 conditions, 1 params
1.2765 	EXP 	Created sequence: sequential, trialTypes=1, nReps=1, seed=None
1.2767 	EXP 	New trial (rep=0, index=0): {'InstructionsFilepath': 'instructions//slide2.png'}
1.3678 	DATA 	Mouse:  Left button up, pos=(1743,57)
1.3680 	DATA 	Mouse: Left button down, pos=(1743,57)
1.3933 	EXP 	imageInstruct: autoDraw = False
1.3933 	EXP 	imageInstruct: image = 'instructions//slide2.png'
1.3933 	EXP 	imageInstruct: autoDraw = True
1.4437 	DATA 	Mouse:  Left button up, pos=(1743,57)
1.5171 	DATA 	Mouse: Left button down, pos=(1743,57)
1.5703 	EXP 	New trial (rep=2, index=0): None
1.5770 	EXP 	Imported instructions/Instructions_doc.xlsx as conditions, 1 conditions, 1 params
1.5774 	EXP 	Created sequence: sequential, trialTypes=1, nReps=1, seed=None
1.5776 	EXP 	New trial (rep=0, index=0): {'InstructionsFilepath': 'instructions//slide3.png'}
1.7017 	DATA 	Mouse:  Left button up, pos=(1743,57)
1.7019 	DATA 	Mouse: Left button down, pos=(1743,57)
1.7273 	EXP 	imageInstruct: autoDraw = False
1.7273 	EXP 	imageInstruct: image = 'instructions//slide3.png'
1.7273 	EXP 	imageInstruct: autoDraw = True
1.7279 	DATA 	Mouse:  Left button up, pos=(1743,57)
1.8164 	DATA 	Mouse: Left button down, pos=(1743,57)
1.8742 	EXP 	New trial (rep=3, index=0): None
1.8798 	EXP 	Imported instructions/Instructions_doc.xlsx as conditions, 1 conditions, 1 params
1.8802 	EXP 	Created sequence: sequential, trialTypes=1, nReps=1, seed=None
1.8804 	EXP 	New trial (rep=0, index=0): {'InstructionsFilepath': 'instructions//slide4.png'}
2.0009 	DATA 	Mouse:  Left button up, pos=(1743,57)
2.0011 	DATA 	Mouse: Left button down, pos=(1743,57)
2.0270 	EXP 	imageInstruct: autoDraw = False
2.0270 	EXP 	imageInstruct: image = 'instructions//slide4.png'
2.0270 	EXP 	imageInstruct: autoDraw = True
2.0445 	DATA 	Mouse:  Left button up, pos=(1743,57)
2.2854 	DATA 	Mouse: Left button down, pos=(1743,57)
2.3505 	EXP 	New trial (rep=4, index=0): None
2.3568 	EXP 	Imported instructions/Instructions_doc.xlsx as conditions, 1 conditions, 1 params
2.3573 	EXP 	Created sequence: sequential, trialTypes=1, nReps=1, seed=None
2.3575 	EXP 	New trial (rep=0, index=0): {'InstructionsFilepath': 'instructions//slide5.png'}
2.4503 	DATA 	Mouse:  Left button up, pos=(1743,57)
2.4505 	DATA 	Mouse: Left button down, pos=(1743,57)
2.4776 	EXP 	imageInstruct: autoDraw = False
2.4776 	EXP 	imageInstruct: image = 'instructions//slide5.png'
2.4776 	EXP 	imageInstruct: autoDraw = True
2.6449 	DATA 	Mouse:  Left button up, pos=(1743,57)
2.6452 	DATA 	Mouse: Left button down, pos=(1743,57)
2.8176 	DATA 	Mouse:  Left button up, pos=(1743,57)
2.8179 	DATA 	Mouse: Left button down, pos=(1743,57)
3.0286 	DATA 	Mouse:  Left button up, pos=(1743,57)
3.0290 	DATA 	Mouse: Left button down, pos=(1743,57)
3.2128 	DATA 	Mouse:  Left button up, pos=(1743,57)
3.2183 	DATA 	Mouse: Left button down, pos=(1743,57)
3.4285 	DATA 	Mouse:  Left button up, pos=(1743,57)
3.4287 	DATA 	Mouse: Left button down, pos=(1743,57)
3.6455 	DATA 	Mouse:  Left button up, pos=(1743,57)
3.9849 	DATA 	Mouse: Left button down, pos=(1715,60)
4.0560 	EXP 	New trial (rep=5, index=0): None
4.0623 	EXP 	Imported instructions/Instructions_doc.xlsx as conditions, 1 conditions, 1 params
4.0628 	EXP 	Created sequence: sequential, trialTypes=1, nReps=1, seed=None
4.0630 	EXP 	New trial (rep=0, index=0): {'InstructionsFilepath': 'instructions//slide6.png'}
4.1530 	DATA 	Mouse:  Left button up, pos=(1715,60)
4.1790 	EXP 	imageInstruct: autoDraw = False
4.1790 	EXP 	imageInstruct: image = 'instructions//slide6.png'
4.1790 	EXP 	imageInstruct: autoDraw = True
4.5193 	DATA 	Mouse: Left button down, pos=(1715,60)
4.6006 	EXP 	New trial (rep=6, index=0): None
4.6098 	EXP 	Imported instructions/Instructions_doc.xlsx as conditions, 1 conditions, 1 params
4.6103 	EXP 	Created sequence: sequential, trialTypes=1, nReps=0, seed=None
4.7151 	DATA 	Mouse:  Left button up, pos=(1715,60)
4.7322 	EXP 	imageInstruct: autoDraw = False
4.7322 	EXP 	text_8: autoDraw = True
4.7322 	EXP 	image_17: autoDraw = True
4.9688 	DATA 	Mouse: Left button down, pos=(1717,60)
5.0804 	DATA 	Mouse:  Left button up, pos=(1717,60)
5.4804 	DATA 	Mouse: Left button down, pos=(1196,448)
5.4965 	EXP 	text_8: autoDraw = False
5.4965 	EXP 	image_17: autoDraw = False
5.4965 	EXP 	text_9: autoDraw = True
5.4965 	EXP 	image_18: autoDraw = True
5.6315 	DATA 	Mouse:  Left button up, pos=(1196,448)
6.0981 	DATA 	Mouse: Left button down, pos=(835,388)
6.1146 	EXP 	text_9: autoDraw = False
6.1146 	EXP 	image_18: autoDraw = False
6.1146 	EXP 	text_10: autoDraw = True
6.1146 	EXP 	image_19: autoDraw = True
6.2220 	DATA 	Mouse:  Left button up, pos=(835,388)
6.6151 	DATA 	Mouse: Left button down, pos=(1193,373)
6.6309 	EXP 	text_10: autoDraw = False
6.6309 	EXP 	image_19: autoDraw = False
6.6309 	EXP 	text_11: autoDraw = True
6.6309 	EXP 	image_20: autoDraw = True
6.7149 	DATA 	Mouse:  Left button up, pos=(1193,373)
7.0491 	DATA 	Mouse: Left button down, pos=(812,386)
7.0608 	EXP 	Created sequence: random, trialTypes=1, nReps=999, seed=None
7.0654 	EXP 	New trial (rep=0, index=0): None
7.0714 	EXP 	Imported instructions/Instructions2_doc.xlsx as conditions, 1 conditions, 1 params
7.0718 	EXP 	Created sequence: sequential, trialTypes=1, nReps=1, seed=None
7.0720 	EXP 	New trial (rep=0, index=0): {'Instructions2Filepath': 'instructions//slide7.png'}
7.1831 	EXP 	text_11: autoDraw = False
7.1831 	EXP 	image_20: autoDraw = False
7.1831 	EXP 	imageInstruct_2: image = 'instructions//slide7.png'
7.1831 	EXP 	imageInstruct_2: autoDraw = True
7.1839 	DATA 	Mouse:  Left button up, pos=(812,386)
8.4203 	DATA 	Mouse: Left button down, pos=(1712,53)
8.5607 	EXP 	New trial (rep=1, index=0): None
8.5669 	EXP 	Imported instructions/Instructions2_doc.xlsx as conditions, 1 conditions, 1 params
8.5674 	EXP 	Created sequence: sequential, trialTypes=1, nReps=1, seed=None
8.5677 	EXP 	New trial (rep=0, index=0): {'Instructions2Filepath': 'instructions//slide8.png'}
8.6575 	DATA 	Mouse:  Left button up, pos=(1712,53)
8.6831 	EXP 	imageInstruct_2: autoDraw = False
8.6831 	EXP 	imageInstruct_2: image = 'instructions//slide8.png'
8.6831 	EXP 	imageInstruct_2: autoDraw = True
9.2835 	DATA 	Mouse: Left button down, pos=(1715,51)
9.4298 	EXP 	New trial (rep=2, index=0): None
9.4362 	EXP 	Imported instructions/Instructions2_doc.xlsx as conditions, 1 conditions, 1 params
9.4367 	EXP 	Created sequence: sequential, trialTypes=1, nReps=1, seed=None
9.4369 	EXP 	New trial (rep=0, index=0): {'Instructions2Filepath': 'instructions//slide9.png'}
9.5614 	DATA 	Mouse:  Left button up, pos=(1715,51)
9.5838 	EXP 	imageInstruct_2: autoDraw = False
9.5838 	EXP 	imageInstruct_2: image = 'instructions//slide9.png'
9.5838 	EXP 	imageInstruct_2: autoDraw = True
9.9516 	DATA 	Mouse: Left button down, pos=(1716,48)
10.1052 	EXP 	New trial (rep=3, index=0): None
10.1121 	EXP 	Imported instructions/Instructions2_doc.xlsx as conditions, 1 conditions, 1 params
10.1125 	EXP 	Created sequence: sequential, trialTypes=1, nReps=1, seed=None
10.1127 	EXP 	New trial (rep=0, index=0): {'Instructions2Filepath': 'instructions//slide10.png'}
10.2310 	DATA 	Mouse:  Left button up, pos=(1716,48)
10.2505 	EXP 	imageInstruct_2: autoDraw = False
10.2505 	EXP 	imageInstruct_2: image = 'instructions//slide10.png'
10.2505 	EXP 	imageInstruct_2: autoDraw = True
10.6697 	DATA 	Mouse: Left button down, pos=(1716,48)
10.9049 	EXP 	New trial (rep=4, index=0): None
10.9112 	EXP 	Imported instructions/Instructions2_doc.xlsx as conditions, 1 conditions, 1 params
10.9118 	EXP 	Created sequence: sequential, trialTypes=1, nReps=1, seed=None
10.9120 	EXP 	New trial (rep=0, index=0): {'Instructions2Filepath': 'instructions//slide11.png'}
11.0022 	DATA 	Mouse:  Left button up, pos=(1716,48)
11.0205 	EXP 	imageInstruct_2: autoDraw = False
11.0205 	EXP 	imageInstruct_2: image = 'instructions//slide11.png'
11.0205 	EXP 	imageInstruct_2: autoDraw = True
11.7034 	DATA 	Mouse: Left button down, pos=(1716,48)
11.8623 	EXP 	New trial (rep=5, index=0): None
11.8685 	EXP 	Imported instructions/Instructions2_doc.xlsx as conditions, 1 conditions, 1 params
11.8690 	EXP 	Created sequence: sequential, trialTypes=1, nReps=1, seed=None
11.8692 	EXP 	New trial (rep=0, index=0): {'Instructions2Filepath': 'instructions//slide12.png'}
11.9605 	DATA 	Mouse:  Left button up, pos=(1716,48)
11.9852 	EXP 	imageInstruct_2: autoDraw = False
11.9852 	EXP 	imageInstruct_2: image = 'instructions//slide12.png'
11.9852 	EXP 	imageInstruct_2: autoDraw = True
12.4927 	DATA 	Mouse: Left button down, pos=(1716,48)
12.6702 	EXP 	New trial (rep=6, index=0): None
12.6764 	EXP 	Imported instructions/Instructions2_doc.xlsx as conditions, 1 conditions, 1 params
12.6769 	EXP 	Created sequence: sequential, trialTypes=1, nReps=0, seed=None
13.1302 	DATA 	Mouse:  Left button up, pos=(1716,48)
13.1364 	EXP 	imageInstruct_2: autoDraw = False
13.1364 	EXP 	text_17: autoDraw = True
20.3450 	DATA 	Keypress: space
20.3691 	EXP 	Imported participantData/s12/block_0/babySteps_s12.xlsx as conditions, 5 conditions, 15 params
20.3695 	EXP 	Created sequence: sequential, trialTypes=5, nReps=1, seed=None
20.3697 	EXP 	New trial (rep=0, index=0): {'category': 'shoe', 'orientation': 4, 'taskCue': 'stim//ori2.png', 'stimfile': 'stim//shoe4.png', 'resp1': 'Half Right', 'resp2': 'Half Left', 'resp3': 'Full Left', 'resp4': 'Full Right', 'resp5': 'Turtle', 'resp6': 'Horse', 'resp7': 'Shoe', 'resp8': 'Car', 'objFirst': False, 'correctButton': 4, 'interval': 2.476}
20.3771 	EXP 	text_17: autoDraw = False
20.3771 	EXP 	cue: image = 'stim//ori2.png'
20.3771 	EXP 	cue: autoDraw = True
21.3613 	EXP 	Created sequence: sequential, trialTypes=1, nReps=3, seed=None
21.3615 	EXP 	New trial (rep=0, index=0): None
21.6296 	EXP 	cue: autoDraw = False
21.6296 	EXP 	cue: autoDraw = False
21.6296 	EXP 	image: image = 'stim//shoe4.png'
21.6296 	EXP 	image: autoDraw = True
21.6296 	EXP 	fixCrossR_2: autoDraw = True
21.8768 	EXP 	image: autoDraw = False
21.8768 	EXP 	fixCrossR_2: autoDraw = False
21.8768 	EXP 	image: autoDraw = False
21.8768 	EXP 	fixCrossR_2: autoDraw = False
21.8768 	EXP 	fixCrossR_4: autoDraw = True
22.1112 	EXP 	New trial (rep=1, index=0): None
22.2609 	EXP 	fixCrossR_4: autoDraw = False
22.2609 	EXP 	fixCrossR_4: autoDraw = False
22.2609 	EXP 	image: image = 'stim//shoe4.png'
22.2609 	EXP 	image: autoDraw = True
22.2609 	EXP 	fixCrossR_2: autoDraw = True
22.5106 	EXP 	image: autoDraw = False
22.5106 	EXP 	fixCrossR_2: autoDraw = False
22.5106 	EXP 	image: autoDraw = False
22.5106 	EXP 	fixCrossR_2: autoDraw = False
22.5106 	EXP 	fixCrossR_4: autoDraw = True
22.7457 	EXP 	New trial (rep=2, index=0): None
22.9945 	EXP 	fixCrossR_4: autoDraw = False
22.9945 	EXP 	fixCrossR_4: autoDraw = False
22.9945 	EXP 	image: image = 'stim//shoe4.png'
22.9945 	EXP 	image: autoDraw = True
22.9945 	EXP 	fixCrossR_2: autoDraw = True
23.2448 	EXP 	image: autoDraw = False
23.2448 	EXP 	fixCrossR_2: autoDraw = False
23.2448 	EXP 	image: autoDraw = False
23.2448 	EXP 	fixCrossR_2: autoDraw = False
23.2448 	EXP 	fixCrossR_4: autoDraw = True
23.7957 	EXP 	fixCrossR_4: autoDraw = False
23.7957 	EXP 	fixCrossR_4: autoDraw = False
23.7957 	EXP 	fixCross_2: fillColor = <psychopy.colors.Color: black, alpha=1.0>
23.7957 	EXP 	fixCross_2: borderColor = <psychopy.colors.Color: black, alpha=1.0>
23.7957 	EXP 	text1_2: foreColor = <psychopy.colors.Color: white, alpha=1.0>
23.7957 	EXP 	text1_2: height = 0.05
23.7957 	EXP 	text1_2: height = 0.05
23.7957 	EXP 	text1_2: height = 0.05
23.7957 	EXP 	text1_2: text = 'Half Right'
23.7957 	EXP 	text2_2: foreColor = <psychopy.colors.Color: white, alpha=1.0>
23.7957 	EXP 	text2_2: height = 0.05
23.7957 	EXP 	text2_2: height = 0.05
23.7957 	EXP 	text2_2: height = 0.05
23.7957 	EXP 	text2_2: text = 'Half Left'
23.7957 	EXP 	text3_2: foreColor = <psychopy.colors.Color: white, alpha=1.0>
23.7957 	EXP 	text3_2: height = 0.05
23.7957 	EXP 	text3_2: height = 0.05
23.7957 	EXP 	text3_2: height = 0.05
23.7957 	EXP 	text3_2: text = 'Full Left'
23.7957 	EXP 	text4_2: foreColor = <psychopy.colors.Color: white, alpha=1.0>
23.7957 	EXP 	text4_2: height = 0.05
23.7957 	EXP 	text4_2: height = 0.05
23.7957 	EXP 	text4_2: height = 0.05
23.7957 	EXP 	text4_2: text = 'Full Right'
23.7957 	EXP 	text5_2: foreColor = <psychopy.colors.Color: white, alpha=1.0>
23.7957 	EXP 	text5_2: height = 0.05
23.7957 	EXP 	text5_2: height = 0.05
23.7957 	EXP 	text5_2: height = 0.05
23.7957 	EXP 	text5_2: text = 'Turtle'
23.7957 	EXP 	text6_2: foreColor = <psychopy.colors.Color: white, alpha=1.0>
23.7957 	EXP 	text6_2: height = 0.05
23.7957 	EXP 	text6_2: height = 0.05
23.7957 	EXP 	text6_2: height = 0.05
23.7957 	EXP 	text6_2: text = 'Horse'
23.7957 	EXP 	text7_2: foreColor = <psychopy.colors.Color: white, alpha=1.0>
23.7957 	EXP 	text7_2: height = 0.05
23.7957 	EXP 	text7_2: height = 0.05
23.7957 	EXP 	text7_2: height = 0.05
23.7957 	EXP 	text7_2: text = 'Shoe'
23.7957 	EXP 	text8_2: foreColor = <psychopy.colors.Color: white, alpha=1.0>
23.7957 	EXP 	text8_2: height = 0.05
23.7957 	EXP 	text8_2: height = 0.05
23.7957 	EXP 	text8_2: height = 0.05
23.7957 	EXP 	text8_2: text = 'Car'
23.7957 	EXP 	num1_2: foreColor = <psychopy.colors.Color: white, alpha=1.0>
23.7957 	EXP 	num1_2: height = 0.1
23.7957 	EXP 	num1_2: height = 0.1
23.7957 	EXP 	num1_2: height = 0.1
23.7957 	EXP 	num1_2: text = '1'
23.7957 	EXP 	num2_2: foreColor = <psychopy.colors.Color: white, alpha=1.0>
23.7957 	EXP 	num2_2: height = 0.1
23.7957 	EXP 	num2_2: height = 0.1
23.7957 	EXP 	num2_2: height = 0.1
23.7957 	EXP 	num2_2: text = '2'
23.7957 	EXP 	num3_2: foreColor = <psychopy.colors.Color: white, alpha=1.0>
23.7957 	EXP 	num3_2: height = 0.1
23.7957 	EXP 	num3_2: height = 0.1
23.7957 	EXP 	num3_2: height = 0.1
23.7957 	EXP 	num3_2: text = '3'
23.7957 	EXP 	num4_2: foreColor = <psychopy.colors.Color: white, alpha=1.0>
23.7957 	EXP 	num4_2: height = 0.1
23.7957 	EXP 	num4_2: height = 0.1
23.7957 	EXP 	num4_2: height = 0.1
23.7957 	EXP 	num4_2: text = '4'
23.7957 	EXP 	fixCross_2: autoDraw = True
23.7957 	EXP 	text1_2: autoDraw = True
23.7957 	EXP 	text2_2: autoDraw = True
23.7957 	EXP 	text3_2: autoDraw = True
23.7957 	EXP 	text4_2: autoDraw = True
23.7957 	EXP 	text5_2: autoDraw = True
23.7957 	EXP 	text6_2: autoDraw = True
23.7957 	EXP 	text7_2: autoDraw = True
23.7957 	EXP 	text8_2: autoDraw = True
23.7957 	EXP 	num1_2: autoDraw = True
23.7957 	EXP 	num2_2: autoDraw = True
23.7957 	EXP 	num3_2: autoDraw = True
23.7957 	EXP 	num4_2: autoDraw = True
24.8587 	DATA 	Keypress: 1
24.8805 	EXP 	fixCross_2: foreColor = <psychopy.colors.Color: (1.0, 0.0, 1.0, 1.0)>
24.8805 	EXP 	fixCross_2: borderColor = <psychopy.colors.Color: (1.0, 0.0, 1.0, 1.0)>
24.8805 	EXP 	fixCross_2: fillColor = <psychopy.colors.Color: (1.0, 0.0, 1.0, 1.0)>
24.8805 	EXP 	text1_2: foreColor = <psychopy.colors.Color: (1.0, 0.0, 0.0, 1.0)>
24.8805 	EXP 	text5_2: foreColor = <psychopy.colors.Color: (1.0, 0.0, 0.0, 1.0)>
24.8805 	EXP 	num1_2: foreColor = <psychopy.colors.Color: (1.0, 0.0, 0.0, 1.0)>
24.8805 	EXP 	text4_2: foreColor = <psychopy.colors.Color: (0.0, 1.0, 0.0, 1.0)>
24.8805 	EXP 	text8_2: foreColor = <psychopy.colors.Color: (0.0, 1.0, 0.0, 1.0)>
24.8805 	EXP 	num4_2: foreColor = <psychopy.colors.Color: (0.0, 1.0, 0.0, 1.0)>
27.8703 	EXP 	New trial (rep=0, index=1): {'category': 'turtle', 'orientation': 4, 'taskCue': 'stim//obj2.png', 'stimfile': 'stim//turtle4.png', 'resp1': 'Turtle', 'resp2': 'Car', 'resp3': 'Horse', 'resp4': 'Shoe', 'resp5': 'Full Left', 'resp6': 'Half Right', 'resp7': 'Full Right', 'resp8': 'Half Left', 'objFirst': True, 'correctButton': 1, 'interval': 2.499}
27.8986 	EXP 	fixCross_2: autoDraw = False
27.8986 	EXP 	text1_2: autoDraw = False
27.8986 	EXP 	text2_2: autoDraw = False
27.8986 	EXP 	text3_2: autoDraw = False
27.8986 	EXP 	text4_2: autoDraw = False
27.8986 	EXP 	text5_2: autoDraw = False
27.8986 	EXP 	text6_2: autoDraw = False
27.8986 	EXP 	text7_2: autoDraw = False
27.8986 	EXP 	text8_2: autoDraw = False
27.8986 	EXP 	num1_2: autoDraw = False
27.8986 	EXP 	num2_2: autoDraw = False
27.8986 	EXP 	num3_2: autoDraw = False
27.8986 	EXP 	num4_2: autoDraw = False
27.8986 	EXP 	fixCross: foreColor = <psychopy.colors.Color: transparent, alpha=1.0>
27.8986 	EXP 	fixCross: borderColor = <psychopy.colors.Color: transparent, alpha=1.0>
27.8986 	EXP 	fixCross: fillColor = <psychopy.colors.Color: transparent, alpha=1.0>
27.8986 	EXP 	cue: image = 'stim//obj2.png'
27.8986 	EXP 	cue: autoDraw = True
28.8839 	EXP 	Created sequence: sequential, trialTypes=1, nReps=3, seed=None
28.8842 	EXP 	New trial (rep=0, index=0): None
29.0347 	EXP 	cue: autoDraw = False
29.0347 	EXP 	cue: autoDraw = False
29.0347 	EXP 	image: image = 'stim//turtle4.png'
29.0347 	EXP 	image: autoDraw = True
29.0347 	EXP 	fixCrossR_2: autoDraw = True
29.2838 	EXP 	image: autoDraw = False
29.2838 	EXP 	fixCrossR_2: autoDraw = False
29.2838 	EXP 	image: autoDraw = False
29.2838 	EXP 	fixCrossR_2: autoDraw = False
29.2838 	EXP 	fixCrossR_4: autoDraw = True
29.5185 	EXP 	New trial (rep=1, index=0): None
29.6840 	EXP 	fixCrossR_4: autoDraw = False
29.6840 	EXP 	fixCrossR_4: autoDraw = False
29.6840 	EXP 	image: image = 'stim//turtle4.png'
29.6840 	EXP 	image: autoDraw = True
29.6840 	EXP 	fixCrossR_2: autoDraw = True
29.9334 	EXP 	image: autoDraw = False
29.9334 	EXP 	fixCrossR_2: autoDraw = False
29.9334 	EXP 	image: autoDraw = False
29.9334 	EXP 	fixCrossR_2: autoDraw = False
29.9334 	EXP 	fixCrossR_4: autoDraw = True
30.1682 	EXP 	New trial (rep=2, index=0): None
30.4176 	EXP 	fixCrossR_4: autoDraw = False
30.4176 	EXP 	fixCrossR_4: autoDraw = False
30.4176 	EXP 	image: image = 'stim//turtle4.png'
30.4176 	EXP 	image: autoDraw = True
30.4176 	EXP 	fixCrossR_2: autoDraw = True
30.6677 	EXP 	image: autoDraw = False
30.6677 	EXP 	fixCrossR_2: autoDraw = False
30.6677 	EXP 	image: autoDraw = False
30.6677 	EXP 	fixCrossR_2: autoDraw = False
30.6677 	EXP 	fixCrossR_4: autoDraw = True
31.2687 	EXP 	fixCrossR_4: autoDraw = False
31.2687 	EXP 	fixCrossR_4: autoDraw = False
31.2687 	EXP 	fixCross_2: fillColor = <psychopy.colors.Color: black, alpha=1.0>
31.2687 	EXP 	fixCross_2: borderColor = <psychopy.colors.Color: black, alpha=1.0>
31.2687 	EXP 	text1_2: foreColor = <psychopy.colors.Color: white, alpha=1.0>
31.2687 	EXP 	text1_2: height = 0.05
31.2687 	EXP 	text1_2: height = 0.05
31.2687 	EXP 	text1_2: height = 0.05
31.2687 	EXP 	text1_2: text = 'Turtle'
31.2687 	EXP 	text2_2: foreColor = <psychopy.colors.Color: white, alpha=1.0>
31.2687 	EXP 	text2_2: height = 0.05
31.2687 	EXP 	text2_2: height = 0.05
31.2687 	EXP 	text2_2: height = 0.05
31.2687 	EXP 	text2_2: text = 'Car'
31.2687 	EXP 	text3_2: foreColor = <psychopy.colors.Color: white, alpha=1.0>
31.2687 	EXP 	text3_2: height = 0.05
31.2687 	EXP 	text3_2: height = 0.05
31.2687 	EXP 	text3_2: height = 0.05
31.2687 	EXP 	text3_2: text = 'Horse'
31.2687 	EXP 	text4_2: foreColor = <psychopy.colors.Color: white, alpha=1.0>
31.2687 	EXP 	text4_2: height = 0.05
31.2687 	EXP 	text4_2: height = 0.05
31.2687 	EXP 	text4_2: height = 0.05
31.2687 	EXP 	text4_2: text = 'Shoe'
31.2687 	EXP 	text5_2: foreColor = <psychopy.colors.Color: white, alpha=1.0>
31.2687 	EXP 	text5_2: height = 0.05
31.2687 	EXP 	text5_2: height = 0.05
31.2687 	EXP 	text5_2: height = 0.05
31.2687 	EXP 	text5_2: text = 'Full Left'
31.2687 	EXP 	text6_2: foreColor = <psychopy.colors.Color: white, alpha=1.0>
31.2687 	EXP 	text6_2: height = 0.05
31.2687 	EXP 	text6_2: height = 0.05
31.2687 	EXP 	text6_2: height = 0.05
31.2687 	EXP 	text6_2: text = 'Half Right'
31.2687 	EXP 	text7_2: foreColor = <psychopy.colors.Color: white, alpha=1.0>
31.2687 	EXP 	text7_2: height = 0.05
31.2687 	EXP 	text7_2: height = 0.05
31.2687 	EXP 	text7_2: height = 0.05
31.2687 	EXP 	text7_2: text = 'Full Right'
31.2687 	EXP 	text8_2: foreColor = <psychopy.colors.Color: white, alpha=1.0>
31.2687 	EXP 	text8_2: height = 0.05
31.2687 	EXP 	text8_2: height = 0.05
31.2687 	EXP 	text8_2: height = 0.05
31.2687 	EXP 	text8_2: text = 'Half Left'
31.2687 	EXP 	num1_2: foreColor = <psychopy.colors.Color: white, alpha=1.0>
31.2687 	EXP 	num1_2: text = '1'
31.2687 	EXP 	num2_2: foreColor = <psychopy.colors.Color: white, alpha=1.0>
31.2687 	EXP 	num2_2: text = '2'
31.2687 	EXP 	num3_2: foreColor = <psychopy.colors.Color: white, alpha=1.0>
31.2687 	EXP 	num3_2: text = '3'
31.2687 	EXP 	num4_2: foreColor = <psychopy.colors.Color: white, alpha=1.0>
31.2687 	EXP 	num4_2: text = '4'
31.2687 	EXP 	fixCross_2: autoDraw = True
31.2687 	EXP 	text1_2: autoDraw = True
31.2687 	EXP 	text2_2: autoDraw = True
31.2687 	EXP 	text3_2: autoDraw = True
31.2687 	EXP 	text4_2: autoDraw = True
31.2687 	EXP 	text5_2: autoDraw = True
31.2687 	EXP 	text6_2: autoDraw = True
31.2687 	EXP 	text7_2: autoDraw = True
31.2687 	EXP 	text8_2: autoDraw = True
31.2687 	EXP 	num1_2: autoDraw = True
31.2687 	EXP 	num2_2: autoDraw = True
31.2687 	EXP 	num3_2: autoDraw = True
31.2687 	EXP 	num4_2: autoDraw = True
32.2474 	DATA 	Keypress: 2
32.2701 	EXP 	fixCross_2: foreColor = <psychopy.colors.Color: (1.0, 0.0, 1.0, 1.0)>
32.2701 	EXP 	fixCross_2: borderColor = <psychopy.colors.Color: (1.0, 0.0, 1.0, 1.0)>
32.2701 	EXP 	fixCross_2: fillColor = <psychopy.colors.Color: (1.0, 0.0, 1.0, 1.0)>
32.2701 	EXP 	text2_2: foreColor = <psychopy.colors.Color: (1.0, 0.0, 0.0, 1.0)>
32.2701 	EXP 	text6_2: foreColor = <psychopy.colors.Color: (1.0, 0.0, 0.0, 1.0)>
32.2701 	EXP 	num2_2: foreColor = <psychopy.colors.Color: (1.0, 0.0, 0.0, 1.0)>
32.2701 	EXP 	text1_2: foreColor = <psychopy.colors.Color: (0.0, 1.0, 0.0, 1.0)>
32.2701 	EXP 	text5_2: foreColor = <psychopy.colors.Color: (0.0, 1.0, 0.0, 1.0)>
32.2701 	EXP 	num1_2: foreColor = <psychopy.colors.Color: (0.0, 1.0, 0.0, 1.0)>
35.2575 	EXP 	New trial (rep=0, index=2): {'category': 'turtle', 'orientation': 3, 'taskCue': 'stim//ori1.png', 'stimfile': 'stim//turtle3.png', 'resp1': 'Full Left', 'resp2': 'Full Right', 'resp3': 'Half Left', 'resp4': 'Half Right', 'resp5': 'Car', 'resp6': 'Shoe', 'resp7': 'Turtle', 'resp8': 'Horse', 'objFirst': False, 'correctButton': 4, 'interval': 2.49}
35.2712 	EXP 	fixCross_2: autoDraw = False
35.2712 	EXP 	text1_2: autoDraw = False
35.2712 	EXP 	text2_2: autoDraw = False
35.2712 	EXP 	text3_2: autoDraw = False
35.2712 	EXP 	text4_2: autoDraw = False
35.2712 	EXP 	text5_2: autoDraw = False
35.2712 	EXP 	text6_2: autoDraw = False
35.2712 	EXP 	text7_2: autoDraw = False
35.2712 	EXP 	text8_2: autoDraw = False
35.2712 	EXP 	num1_2: autoDraw = False
35.2712 	EXP 	num2_2: autoDraw = False
35.2712 	EXP 	num3_2: autoDraw = False
35.2712 	EXP 	num4_2: autoDraw = False
35.2712 	EXP 	fixCross: foreColor = <psychopy.colors.Color: transparent, alpha=1.0>
35.2712 	EXP 	fixCross: borderColor = <psychopy.colors.Color: transparent, alpha=1.0>
35.2712 	EXP 	fixCross: fillColor = <psychopy.colors.Color: transparent, alpha=1.0>
35.2712 	EXP 	cue: image = 'stim//ori1.png'
35.2712 	EXP 	cue: autoDraw = True
36.2566 	EXP 	Created sequence: sequential, trialTypes=1, nReps=3, seed=None
36.2571 	EXP 	New trial (rep=0, index=0): None
36.4076 	EXP 	cue: autoDraw = False
36.4076 	EXP 	cue: autoDraw = False
36.4076 	EXP 	image: image = 'stim//turtle3.png'
36.4076 	EXP 	image: autoDraw = True
36.4076 	EXP 	fixCrossR_2: autoDraw = True
36.6560 	EXP 	image: autoDraw = False
36.6560 	EXP 	fixCrossR_2: autoDraw = False
36.6560 	EXP 	image: autoDraw = False
36.6560 	EXP 	fixCrossR_2: autoDraw = False
36.6560 	EXP 	fixCrossR_4: autoDraw = True
36.8908 	EXP 	New trial (rep=1, index=0): None
37.0394 	EXP 	fixCrossR_4: autoDraw = False
37.0394 	EXP 	fixCrossR_4: autoDraw = False
37.0394 	EXP 	image: image = 'stim//turtle3.png'
37.0394 	EXP 	image: autoDraw = True
37.0394 	EXP 	fixCrossR_2: autoDraw = True
37.2898 	EXP 	image: autoDraw = False
37.2898 	EXP 	fixCrossR_2: autoDraw = False
37.2898 	EXP 	image: autoDraw = False
37.2898 	EXP 	fixCrossR_2: autoDraw = False
37.2898 	EXP 	fixCrossR_4: autoDraw = True
37.5245 	EXP 	New trial (rep=2, index=0): None
37.7735 	EXP 	fixCrossR_4: autoDraw = False
37.7735 	EXP 	fixCrossR_4: autoDraw = False
37.7735 	EXP 	image: image = 'stim//turtle3.png'
37.7735 	EXP 	image: autoDraw = True
37.7735 	EXP 	fixCrossR_2: autoDraw = True
38.0237 	EXP 	image: autoDraw = False
38.0237 	EXP 	fixCrossR_2: autoDraw = False
38.0237 	EXP 	image: autoDraw = False
38.0237 	EXP 	fixCrossR_2: autoDraw = False
38.0237 	EXP 	fixCrossR_4: autoDraw = True
38.5253 	EXP 	fixCrossR_4: autoDraw = False
38.5253 	EXP 	fixCrossR_4: autoDraw = False
38.5253 	EXP 	fixCross_2: fillColor = <psychopy.colors.Color: black, alpha=1.0>
38.5253 	EXP 	fixCross_2: borderColor = <psychopy.colors.Color: black, alpha=1.0>
38.5253 	EXP 	text1_2: foreColor = <psychopy.colors.Color: white, alpha=1.0>
38.5253 	EXP 	text1_2: height = 0.05
38.5253 	EXP 	text1_2: height = 0.05
38.5253 	EXP 	text1_2: height = 0.05
38.5253 	EXP 	text1_2: text = 'Full Left'
38.5253 	EXP 	text2_2: foreColor = <psychopy.colors.Color: white, alpha=1.0>
38.5253 	EXP 	text2_2: height = 0.05
38.5253 	EXP 	text2_2: height = 0.05
38.5253 	EXP 	text2_2: height = 0.05
38.5253 	EXP 	text2_2: text = 'Full Right'
38.5253 	EXP 	text3_2: foreColor = <psychopy.colors.Color: white, alpha=1.0>
38.5253 	EXP 	text3_2: height = 0.05
38.5253 	EXP 	text3_2: height = 0.05
38.5253 	EXP 	text3_2: height = 0.05
38.5253 	EXP 	text3_2: text = 'Half Left'
38.5253 	EXP 	text4_2: foreColor = <psychopy.colors.Color: white, alpha=1.0>
38.5253 	EXP 	text4_2: height = 0.05
38.5253 	EXP 	text4_2: height = 0.05
38.5253 	EXP 	text4_2: height = 0.05
38.5253 	EXP 	text4_2: text = 'Half Right'
38.5253 	EXP 	text5_2: foreColor = <psychopy.colors.Color: white, alpha=1.0>
38.5253 	EXP 	text5_2: height = 0.05
38.5253 	EXP 	text5_2: height = 0.05
38.5253 	EXP 	text5_2: height = 0.05
38.5253 	EXP 	text5_2: text = 'Car'
38.5253 	EXP 	text6_2: foreColor = <psychopy.colors.Color: white, alpha=1.0>
38.5253 	EXP 	text6_2: height = 0.05
38.5253 	EXP 	text6_2: height = 0.05
38.5253 	EXP 	text6_2: height = 0.05
38.5253 	EXP 	text6_2: text = 'Shoe'
38.5253 	EXP 	text7_2: foreColor = <psychopy.colors.Color: white, alpha=1.0>
38.5253 	EXP 	text7_2: height = 0.05
38.5253 	EXP 	text7_2: height = 0.05
38.5253 	EXP 	text7_2: height = 0.05
38.5253 	EXP 	text7_2: text = 'Turtle'
38.5253 	EXP 	text8_2: foreColor = <psychopy.colors.Color: white, alpha=1.0>
38.5253 	EXP 	text8_2: height = 0.05
38.5253 	EXP 	text8_2: height = 0.05
38.5253 	EXP 	text8_2: height = 0.05
38.5253 	EXP 	text8_2: text = 'Horse'
38.5253 	EXP 	num1_2: foreColor = <psychopy.colors.Color: white, alpha=1.0>
38.5253 	EXP 	num1_2: text = '1'
38.5253 	EXP 	num2_2: foreColor = <psychopy.colors.Color: white, alpha=1.0>
38.5253 	EXP 	num2_2: text = '2'
38.5253 	EXP 	num3_2: foreColor = <psychopy.colors.Color: white, alpha=1.0>
38.5253 	EXP 	num3_2: text = '3'
38.5253 	EXP 	num4_2: foreColor = <psychopy.colors.Color: white, alpha=1.0>
38.5253 	EXP 	num4_2: text = '4'
38.5253 	EXP 	fixCross_2: autoDraw = True
38.5253 	EXP 	text1_2: autoDraw = True
38.5253 	EXP 	text2_2: autoDraw = True
38.5253 	EXP 	text3_2: autoDraw = True
38.5253 	EXP 	text4_2: autoDraw = True
38.5253 	EXP 	text5_2: autoDraw = True
38.5253 	EXP 	text6_2: autoDraw = True
38.5253 	EXP 	text7_2: autoDraw = True
38.5253 	EXP 	text8_2: autoDraw = True
38.5253 	EXP 	num1_2: autoDraw = True
38.5253 	EXP 	num2_2: autoDraw = True
38.5253 	EXP 	num3_2: autoDraw = True
38.5253 	EXP 	num4_2: autoDraw = True
39.4256 	DATA 	Keypress: 3
39.4427 	EXP 	fixCross_2: foreColor = <psychopy.colors.Color: (1.0, 0.0, 1.0, 1.0)>
39.4427 	EXP 	fixCross_2: borderColor = <psychopy.colors.Color: (1.0, 0.0, 1.0, 1.0)>
39.4427 	EXP 	fixCross_2: fillColor = <psychopy.colors.Color: (1.0, 0.0, 1.0, 1.0)>
39.4427 	EXP 	text3_2: foreColor = <psychopy.colors.Color: (1.0, 0.0, 0.0, 1.0)>
39.4427 	EXP 	text7_2: foreColor = <psychopy.colors.Color: (1.0, 0.0, 0.0, 1.0)>
39.4427 	EXP 	num3_2: foreColor = <psychopy.colors.Color: (1.0, 0.0, 0.0, 1.0)>
39.4427 	EXP 	text4_2: foreColor = <psychopy.colors.Color: (0.0, 1.0, 0.0, 1.0)>
39.4427 	EXP 	text8_2: foreColor = <psychopy.colors.Color: (0.0, 1.0, 0.0, 1.0)>
39.4427 	EXP 	num4_2: foreColor = <psychopy.colors.Color: (0.0, 1.0, 0.0, 1.0)>
42.4311 	EXP 	New trial (rep=0, index=3): {'category': 'car', 'orientation': 3, 'taskCue': 'stim//ori1.png', 'stimfile': 'stim//car3.png', 'resp1': 'Horse', 'resp2': 'Car', 'resp3': 'Turtle', 'resp4': 'Shoe', 'resp5': 'Full Right', 'resp6': 'Full Left', 'resp7': 'Half Left', 'resp8': 'Half Right', 'objFirst': True, 'correctButton': 4, 'interval': 2.453}
42.4441 	EXP 	fixCross_2: autoDraw = False
42.4441 	EXP 	text1_2: autoDraw = False
42.4441 	EXP 	text2_2: autoDraw = False
42.4441 	EXP 	text3_2: autoDraw = False
42.4441 	EXP 	text4_2: autoDraw = False
42.4441 	EXP 	text5_2: autoDraw = False
42.4441 	EXP 	text6_2: autoDraw = False
42.4441 	EXP 	text7_2: autoDraw = False
42.4441 	EXP 	text8_2: autoDraw = False
42.4441 	EXP 	num1_2: autoDraw = False
42.4441 	EXP 	num2_2: autoDraw = False
42.4441 	EXP 	num3_2: autoDraw = False
42.4441 	EXP 	num4_2: autoDraw = False
42.4441 	EXP 	fixCross: foreColor = <psychopy.colors.Color: transparent, alpha=1.0>
42.4441 	EXP 	fixCross: borderColor = <psychopy.colors.Color: transparent, alpha=1.0>
42.4441 	EXP 	fixCross: fillColor = <psychopy.colors.Color: transparent, alpha=1.0>
42.4441 	EXP 	cue: image = 'stim//ori1.png'
42.4441 	EXP 	cue: autoDraw = True
43.4294 	EXP 	Created sequence: sequential, trialTypes=1, nReps=3, seed=None
43.4297 	EXP 	New trial (rep=0, index=0): None
43.5805 	EXP 	cue: autoDraw = False
43.5805 	EXP 	cue: autoDraw = False
43.5805 	EXP 	image: image = 'stim//car3.png'
43.5805 	EXP 	image: autoDraw = True
43.5805 	EXP 	fixCrossR_2: autoDraw = True
43.8286 	EXP 	image: autoDraw = False
43.8286 	EXP 	fixCrossR_2: autoDraw = False
43.8286 	EXP 	image: autoDraw = False
43.8286 	EXP 	fixCrossR_2: autoDraw = False
43.8286 	EXP 	fixCrossR_4: autoDraw = True
44.0633 	EXP 	New trial (rep=1, index=0): None
44.2130 	EXP 	fixCrossR_4: autoDraw = False
44.2130 	EXP 	fixCrossR_4: autoDraw = False
44.2130 	EXP 	image: image = 'stim//car3.png'
44.2130 	EXP 	image: autoDraw = True
44.2130 	EXP 	fixCrossR_2: autoDraw = True
44.4624 	EXP 	image: autoDraw = False
44.4624 	EXP 	fixCrossR_2: autoDraw = False
44.4624 	EXP 	image: autoDraw = False
44.4624 	EXP 	fixCrossR_2: autoDraw = False
44.4624 	EXP 	fixCrossR_4: autoDraw = True
44.6971 	EXP 	New trial (rep=2, index=0): None
44.9461 	EXP 	fixCrossR_4: autoDraw = False
44.9461 	EXP 	fixCrossR_4: autoDraw = False
44.9461 	EXP 	image: image = 'stim//car3.png'
44.9461 	EXP 	image: autoDraw = True
44.9461 	EXP 	fixCrossR_2: autoDraw = True
45.1964 	EXP 	image: autoDraw = False
45.1964 	EXP 	fixCrossR_2: autoDraw = False
45.1964 	EXP 	image: autoDraw = False
45.1964 	EXP 	fixCrossR_2: autoDraw = False
45.1964 	EXP 	fixCrossR_4: autoDraw = True
45.7149 	EXP 	fixCrossR_4: autoDraw = False
45.7149 	EXP 	fixCrossR_4: autoDraw = False
45.7149 	EXP 	fixCross_2: fillColor = <psychopy.colors.Color: black, alpha=1.0>
45.7149 	EXP 	fixCross_2: borderColor = <psychopy.colors.Color: black, alpha=1.0>
45.7149 	EXP 	text1_2: foreColor = <psychopy.colors.Color: white, alpha=1.0>
45.7149 	EXP 	text1_2: height = 0.05
45.7149 	EXP 	text1_2: height = 0.05
45.7149 	EXP 	text1_2: height = 0.05
45.7149 	EXP 	text1_2: text = 'Horse'
45.7149 	EXP 	text2_2: foreColor = <psychopy.colors.Color: white, alpha=1.0>
45.7149 	EXP 	text2_2: height = 0.05
45.7149 	EXP 	text2_2: height = 0.05
45.7149 	EXP 	text2_2: height = 0.05
45.7149 	EXP 	text2_2: text = 'Car'
45.7149 	EXP 	text3_2: foreColor = <psychopy.colors.Color: white, alpha=1.0>
45.7149 	EXP 	text3_2: height = 0.05
45.7149 	EXP 	text3_2: height = 0.05
45.7149 	EXP 	text3_2: height = 0.05
45.7149 	EXP 	text3_2: text = 'Turtle'
45.7149 	EXP 	text4_2: foreColor = <psychopy.colors.Color: white, alpha=1.0>
45.7149 	EXP 	text4_2: height = 0.05
45.7149 	EXP 	text4_2: height = 0.05
45.7149 	EXP 	text4_2: height = 0.05
45.7149 	EXP 	text4_2: text = 'Shoe'
45.7149 	EXP 	text5_2: foreColor = <psychopy.colors.Color: white, alpha=1.0>
45.7149 	EXP 	text5_2: height = 0.05
45.7149 	EXP 	text5_2: height = 0.05
45.7149 	EXP 	text5_2: height = 0.05
45.7149 	EXP 	text5_2: text = 'Full Right'
45.7149 	EXP 	text6_2: foreColor = <psychopy.colors.Color: white, alpha=1.0>
45.7149 	EXP 	text6_2: height = 0.05
45.7149 	EXP 	text6_2: height = 0.05
45.7149 	EXP 	text6_2: height = 0.05
45.7149 	EXP 	text6_2: text = 'Full Left'
45.7149 	EXP 	text7_2: foreColor = <psychopy.colors.Color: white, alpha=1.0>
45.7149 	EXP 	text7_2: height = 0.05
45.7149 	EXP 	text7_2: height = 0.05
45.7149 	EXP 	text7_2: height = 0.05
45.7149 	EXP 	text7_2: text = 'Half Left'
45.7149 	EXP 	text8_2: foreColor = <psychopy.colors.Color: white, alpha=1.0>
45.7149 	EXP 	text8_2: height = 0.05
45.7149 	EXP 	text8_2: height = 0.05
45.7149 	EXP 	text8_2: height = 0.05
45.7149 	EXP 	text8_2: text = 'Half Right'
45.7149 	EXP 	num1_2: foreColor = <psychopy.colors.Color: white, alpha=1.0>
45.7149 	EXP 	num1_2: text = '1'
45.7149 	EXP 	num2_2: foreColor = <psychopy.colors.Color: white, alpha=1.0>
45.7149 	EXP 	num2_2: text = '2'
45.7149 	EXP 	num3_2: foreColor = <psychopy.colors.Color: white, alpha=1.0>
45.7149 	EXP 	num3_2: text = '3'
45.7149 	EXP 	num4_2: foreColor = <psychopy.colors.Color: white, alpha=1.0>
45.7149 	EXP 	num4_2: text = '4'
45.7149 	EXP 	fixCross_2: autoDraw = True
45.7149 	EXP 	text1_2: autoDraw = True
45.7149 	EXP 	text2_2: autoDraw = True
45.7149 	EXP 	text3_2: autoDraw = True
45.7149 	EXP 	text4_2: autoDraw = True
45.7149 	EXP 	text5_2: autoDraw = True
45.7149 	EXP 	text6_2: autoDraw = True
45.7149 	EXP 	text7_2: autoDraw = True
45.7149 	EXP 	text8_2: autoDraw = True
45.7149 	EXP 	num1_2: autoDraw = True
45.7149 	EXP 	num2_2: autoDraw = True
45.7149 	EXP 	num3_2: autoDraw = True
45.7149 	EXP 	num4_2: autoDraw = True
46.8292 	DATA 	Keypress: 4
46.8649 	EXP 	fixCross_2: foreColor = <psychopy.colors.Color: (1.0, 0.0, 1.0, 1.0)>
46.8649 	EXP 	fixCross_2: borderColor = <psychopy.colors.Color: (1.0, 0.0, 1.0, 1.0)>
46.8649 	EXP 	fixCross_2: fillColor = <psychopy.colors.Color: (1.0, 0.0, 1.0, 1.0)>
46.8649 	EXP 	text4_2: foreColor = <psychopy.colors.Color: (1.0, 0.0, 0.0, 1.0)>
46.8649 	EXP 	text8_2: foreColor = <psychopy.colors.Color: (1.0, 0.0, 0.0, 1.0)>
46.8649 	EXP 	num4_2: foreColor = <psychopy.colors.Color: (1.0, 0.0, 0.0, 1.0)>
46.8649 	EXP 	text4_2: foreColor = <psychopy.colors.Color: (0.0, 1.0, 0.0, 1.0)>
46.8649 	EXP 	text8_2: foreColor = <psychopy.colors.Color: (0.0, 1.0, 0.0, 1.0)>
46.8649 	EXP 	num4_2: foreColor = <psychopy.colors.Color: (0.0, 1.0, 0.0, 1.0)>
49.8538 	EXP 	New trial (rep=0, index=4): {'category': 'shoe', 'orientation': 4, 'taskCue': 'stim//obj1.png', 'stimfile': 'stim//shoe4.png', 'resp1': 'Half Left', 'resp2': 'Half Right', 'resp3': 'Full Right', 'resp4': 'Full Left', 'resp5': 'Turtle', 'resp6': 'Car', 'resp7': 'Horse', 'resp8': 'Shoe', 'objFirst': False, 'correctButton': 4, 'interval': 2.826}
49.8840 	EXP 	fixCross_2: autoDraw = False
49.8840 	EXP 	text1_2: autoDraw = False
49.8840 	EXP 	text2_2: autoDraw = False
49.8840 	EXP 	text3_2: autoDraw = False
49.8840 	EXP 	text4_2: autoDraw = False
49.8840 	EXP 	text5_2: autoDraw = False
49.8840 	EXP 	text6_2: autoDraw = False
49.8840 	EXP 	text7_2: autoDraw = False
49.8840 	EXP 	text8_2: autoDraw = False
49.8840 	EXP 	num1_2: autoDraw = False
49.8840 	EXP 	num2_2: autoDraw = False
49.8840 	EXP 	num3_2: autoDraw = False
49.8840 	EXP 	num4_2: autoDraw = False
49.8840 	EXP 	fixCross: foreColor = <psychopy.colors.Color: transparent, alpha=1.0>
49.8840 	EXP 	fixCross: borderColor = <psychopy.colors.Color: transparent, alpha=1.0>
49.8840 	EXP 	fixCross: fillColor = <psychopy.colors.Color: transparent, alpha=1.0>
49.8840 	EXP 	cue: image = 'stim//obj1.png'
49.8840 	EXP 	cue: autoDraw = True
50.8695 	EXP 	Created sequence: sequential, trialTypes=1, nReps=3, seed=None
50.8699 	EXP 	New trial (rep=0, index=0): None
51.0351 	EXP 	cue: autoDraw = False
51.0351 	EXP 	cue: autoDraw = False
51.0351 	EXP 	image: image = 'stim//shoe4.png'
51.0351 	EXP 	image: autoDraw = True
51.0351 	EXP 	fixCrossR_2: autoDraw = True
51.2847 	EXP 	image: autoDraw = False
51.2847 	EXP 	fixCrossR_2: autoDraw = False
51.2847 	EXP 	image: autoDraw = False
51.2847 	EXP 	fixCrossR_2: autoDraw = False
51.2847 	EXP 	fixCrossR_4: autoDraw = True
51.5193 	EXP 	New trial (rep=1, index=0): None
51.6851 	EXP 	fixCrossR_4: autoDraw = False
51.6851 	EXP 	fixCrossR_4: autoDraw = False
51.6851 	EXP 	image: image = 'stim//shoe4.png'
51.6851 	EXP 	image: autoDraw = True
51.6851 	EXP 	fixCrossR_2: autoDraw = True
51.9353 	EXP 	image: autoDraw = False
51.9353 	EXP 	fixCrossR_2: autoDraw = False
51.9353 	EXP 	image: autoDraw = False
51.9353 	EXP 	fixCrossR_2: autoDraw = False
51.9353 	EXP 	fixCrossR_4: autoDraw = True
52.1698 	EXP 	New trial (rep=2, index=0): None
52.4190 	EXP 	fixCrossR_4: autoDraw = False
52.4190 	EXP 	fixCrossR_4: autoDraw = False
52.4190 	EXP 	image: image = 'stim//shoe4.png'
52.4190 	EXP 	image: autoDraw = True
52.4190 	EXP 	fixCrossR_2: autoDraw = True
52.6690 	EXP 	image: autoDraw = False
52.6690 	EXP 	fixCrossR_2: autoDraw = False
52.6690 	EXP 	image: autoDraw = False
52.6690 	EXP 	fixCrossR_2: autoDraw = False
52.6690 	EXP 	fixCrossR_4: autoDraw = True
53.2031 	EXP 	fixCrossR_4: autoDraw = False
53.2031 	EXP 	fixCrossR_4: autoDraw = False
53.2031 	EXP 	fixCross_2: fillColor = <psychopy.colors.Color: black, alpha=1.0>
53.2031 	EXP 	fixCross_2: borderColor = <psychopy.colors.Color: black, alpha=1.0>
53.2031 	EXP 	text1_2: foreColor = <psychopy.colors.Color: white, alpha=1.0>
53.2031 	EXP 	text1_2: height = 0.05
53.2031 	EXP 	text1_2: height = 0.05
53.2031 	EXP 	text1_2: height = 0.05
53.2031 	EXP 	text1_2: text = 'Half Left'
53.2031 	EXP 	text2_2: foreColor = <psychopy.colors.Color: white, alpha=1.0>
53.2031 	EXP 	text2_2: height = 0.05
53.2031 	EXP 	text2_2: height = 0.05
53.2031 	EXP 	text2_2: height = 0.05
53.2031 	EXP 	text2_2: text = 'Half Right'
53.2031 	EXP 	text3_2: foreColor = <psychopy.colors.Color: white, alpha=1.0>
53.2031 	EXP 	text3_2: height = 0.05
53.2031 	EXP 	text3_2: height = 0.05
53.2031 	EXP 	text3_2: height = 0.05
53.2031 	EXP 	text3_2: text = 'Full Right'
53.2031 	EXP 	text4_2: foreColor = <psychopy.colors.Color: white, alpha=1.0>
53.2031 	EXP 	text4_2: height = 0.05
53.2031 	EXP 	text4_2: height = 0.05
53.2031 	EXP 	text4_2: height = 0.05
53.2031 	EXP 	text4_2: text = 'Full Left'
53.2031 	EXP 	text5_2: foreColor = <psychopy.colors.Color: white, alpha=1.0>
53.2031 	EXP 	text5_2: height = 0.05
53.2031 	EXP 	text5_2: height = 0.05
53.2031 	EXP 	text5_2: height = 0.05
53.2031 	EXP 	text5_2: text = 'Turtle'
53.2031 	EXP 	text6_2: foreColor = <psychopy.colors.Color: white, alpha=1.0>
53.2031 	EXP 	text6_2: height = 0.05
53.2031 	EXP 	text6_2: height = 0.05
53.2031 	EXP 	text6_2: height = 0.05
53.2031 	EXP 	text6_2: text = 'Car'
53.2031 	EXP 	text7_2: foreColor = <psychopy.colors.Color: white, alpha=1.0>
53.2031 	EXP 	text7_2: height = 0.05
53.2031 	EXP 	text7_2: height = 0.05
53.2031 	EXP 	text7_2: height = 0.05
53.2031 	EXP 	text7_2: text = 'Horse'
53.2031 	EXP 	text8_2: foreColor = <psychopy.colors.Color: white, alpha=1.0>
53.2031 	EXP 	text8_2: height = 0.05
53.2031 	EXP 	text8_2: height = 0.05
53.2031 	EXP 	text8_2: height = 0.05
53.2031 	EXP 	text8_2: text = 'Shoe'
53.2031 	EXP 	num1_2: foreColor = <psychopy.colors.Color: white, alpha=1.0>
53.2031 	EXP 	num1_2: text = '1'
53.2031 	EXP 	num2_2: foreColor = <psychopy.colors.Color: white, alpha=1.0>
53.2031 	EXP 	num2_2: text = '2'
53.2031 	EXP 	num3_2: foreColor = <psychopy.colors.Color: white, alpha=1.0>
53.2031 	EXP 	num3_2: text = '3'
53.2031 	EXP 	num4_2: foreColor = <psychopy.colors.Color: white, alpha=1.0>
53.2031 	EXP 	num4_2: text = '4'
53.2031 	EXP 	fixCross_2: autoDraw = True
53.2031 	EXP 	text1_2: autoDraw = True
53.2031 	EXP 	text2_2: autoDraw = True
53.2031 	EXP 	text3_2: autoDraw = True
53.2031 	EXP 	text4_2: autoDraw = True
53.2031 	EXP 	text5_2: autoDraw = True
53.2031 	EXP 	text6_2: autoDraw = True
53.2031 	EXP 	text7_2: autoDraw = True
53.2031 	EXP 	text8_2: autoDraw = True
53.2031 	EXP 	num1_2: autoDraw = True
53.2031 	EXP 	num2_2: autoDraw = True
53.2031 	EXP 	num3_2: autoDraw = True
53.2031 	EXP 	num4_2: autoDraw = True
54.4500 	DATA 	Keypress: 3
54.4727 	EXP 	fixCross_2: foreColor = <psychopy.colors.Color: (1.0, 0.0, 1.0, 1.0)>
54.4727 	EXP 	fixCross_2: borderColor = <psychopy.colors.Color: (1.0, 0.0, 1.0, 1.0)>
54.4727 	EXP 	fixCross_2: fillColor = <psychopy.colors.Color: (1.0, 0.0, 1.0, 1.0)>
54.4727 	EXP 	text3_2: foreColor = <psychopy.colors.Color: (1.0, 0.0, 0.0, 1.0)>
54.4727 	EXP 	text7_2: foreColor = <psychopy.colors.Color: (1.0, 0.0, 0.0, 1.0)>
54.4727 	EXP 	num3_2: foreColor = <psychopy.colors.Color: (1.0, 0.0, 0.0, 1.0)>
54.4727 	EXP 	text4_2: foreColor = <psychopy.colors.Color: (0.0, 1.0, 0.0, 1.0)>
54.4727 	EXP 	text8_2: foreColor = <psychopy.colors.Color: (0.0, 1.0, 0.0, 1.0)>
54.4727 	EXP 	num4_2: foreColor = <psychopy.colors.Color: (0.0, 1.0, 0.0, 1.0)>
57.8082 	EXP 	Created sequence: random, trialTypes=1, nReps=1, seed=None
57.8084 	EXP 	New trial (rep=0, index=0): None
57.8235 	EXP 	fixCross_2: autoDraw = False
57.8235 	EXP 	text1_2: autoDraw = False
57.8235 	EXP 	text2_2: autoDraw = False
57.8235 	EXP 	text3_2: autoDraw = False
57.8235 	EXP 	text4_2: autoDraw = False
57.8235 	EXP 	text5_2: autoDraw = False
57.8235 	EXP 	text6_2: autoDraw = False
57.8235 	EXP 	text7_2: autoDraw = False
57.8235 	EXP 	text8_2: autoDraw = False
57.8235 	EXP 	num1_2: autoDraw = False
57.8235 	EXP 	num2_2: autoDraw = False
57.8235 	EXP 	num3_2: autoDraw = False
57.8235 	EXP 	num4_2: autoDraw = False
57.8235 	EXP 	fixCross: foreColor = <psychopy.colors.Color: transparent, alpha=1.0>
57.8235 	EXP 	fixCross: borderColor = <psychopy.colors.Color: transparent, alpha=1.0>
57.8235 	EXP 	fixCross: fillColor = <psychopy.colors.Color: transparent, alpha=1.0>
57.8235 	EXP 	text_20: autoDraw = True
72.3475 	DATA 	Keypress: space
72.3525 	EXP 	text_20: autoDraw = False
72.3525 	EXP 	text: autoDraw = True
73.7888 	EXP 	Imported participantData/s12/block_0/trialMatrix_s12_0.xlsx as conditions, 64 conditions, 15 params
73.7901 	EXP 	Created sequence: sequential, trialTypes=64, nReps=1, seed=None
73.7904 	EXP 	New trial (rep=0, index=0): {'category': 'turtle', 'orientation': 4, 'taskCue': 'stim//ori1.png', 'stimfile': 'stim//turtle4.png', 'resp1': 'Turtle', 'resp2': 'Shoe', 'resp3': 'Car', 'resp4': 'Horse', 'resp5': 'Half Right', 'resp6': 'Full Right', 'resp7': 'Half Left', 'resp8': 'Full Left', 'objFirst': 'True', 'correctButton': 2, 'interval': 2.49}
73.7987 	DATA 	Keypress: 5
73.8036 	EXP 	text: autoDraw = False
73.8036 	EXP 	cue: image = 'stim//ori1.png'
73.8036 	EXP 	cue: autoDraw = True
74.7891 	EXP 	Created sequence: random, trialTypes=1, nReps=3, seed=None
74.7894 	EXP 	New trial (rep=0, index=0): None
74.9377 	EXP 	cue: autoDraw = False
74.9377 	EXP 	cue: autoDraw = False
74.9377 	EXP 	image: image = 'stim//turtle4.png'
74.9377 	EXP 	image: autoDraw = True
74.9377 	EXP 	fixCrossR_2: autoDraw = True
75.1882 	EXP 	image: autoDraw = False
75.1882 	EXP 	fixCrossR_2: autoDraw = False
75.1882 	EXP 	image: autoDraw = False
75.1882 	EXP 	fixCrossR_2: autoDraw = False
75.1882 	EXP 	fixCrossR_4: autoDraw = True
75.4224 	EXP 	New trial (rep=1, index=0): None
75.5734 	EXP 	fixCrossR_4: autoDraw = False
75.5734 	EXP 	fixCrossR_4: autoDraw = False
75.5734 	EXP 	image: image = 'stim//turtle4.png'
75.5734 	EXP 	image: autoDraw = True
75.5734 	EXP 	fixCrossR_2: autoDraw = True
75.8220 	EXP 	image: autoDraw = False
75.8220 	EXP 	fixCrossR_2: autoDraw = False
75.8220 	EXP 	image: autoDraw = False
75.8220 	EXP 	fixCrossR_2: autoDraw = False
75.8220 	EXP 	fixCrossR_4: autoDraw = True
76.0568 	EXP 	New trial (rep=2, index=0): None
76.3057 	EXP 	fixCrossR_4: autoDraw = False
76.3057 	EXP 	fixCrossR_4: autoDraw = False
76.3057 	EXP 	image: image = 'stim//turtle4.png'
76.3057 	EXP 	image: autoDraw = True
76.3057 	EXP 	fixCrossR_2: autoDraw = True
76.5558 	EXP 	image: autoDraw = False
76.5558 	EXP 	fixCrossR_2: autoDraw = False
76.5558 	EXP 	image: autoDraw = False
76.5558 	EXP 	fixCrossR_2: autoDraw = False
76.5558 	EXP 	fixCrossR_4: autoDraw = True
77.1068 	EXP 	fixCrossR_4: autoDraw = False
77.1068 	EXP 	fixCrossR_4: autoDraw = False
77.1068 	EXP 	fixCross: fillColor = <psychopy.colors.Color: black, alpha=1.0>
77.1068 	EXP 	fixCross: borderColor = <psychopy.colors.Color: black, alpha=1.0>
77.1068 	EXP 	text1: foreColor = <psychopy.colors.Color: white, alpha=1.0>
77.1068 	EXP 	text1: height = 0.05
77.1068 	EXP 	text1: height = 0.05
77.1068 	EXP 	text1: height = 0.05
77.1068 	EXP 	text1: text = 'Turtle'
77.1068 	EXP 	text2: foreColor = <psychopy.colors.Color: white, alpha=1.0>
77.1068 	EXP 	text2: height = 0.05
77.1068 	EXP 	text2: height = 0.05
77.1068 	EXP 	text2: height = 0.05
77.1068 	EXP 	text2: text = 'Shoe'
77.1068 	EXP 	text3: foreColor = <psychopy.colors.Color: white, alpha=1.0>
77.1068 	EXP 	text3: height = 0.05
77.1068 	EXP 	text3: height = 0.05
77.1068 	EXP 	text3: height = 0.05
77.1068 	EXP 	text3: text = 'Car'
77.1068 	EXP 	text4: foreColor = <psychopy.colors.Color: white, alpha=1.0>
77.1068 	EXP 	text4: height = 0.05
77.1068 	EXP 	text4: height = 0.05
77.1068 	EXP 	text4: height = 0.05
77.1068 	EXP 	text4: text = 'Horse'
77.1068 	EXP 	text5: foreColor = <psychopy.colors.Color: white, alpha=1.0>
77.1068 	EXP 	text5: height = 0.05
77.1068 	EXP 	text5: height = 0.05
77.1068 	EXP 	text5: height = 0.05
77.1068 	EXP 	text5: text = 'Half Right'
77.1068 	EXP 	text6: foreColor = <psychopy.colors.Color: white, alpha=1.0>
77.1068 	EXP 	text6: height = 0.05
77.1068 	EXP 	text6: height = 0.05
77.1068 	EXP 	text6: height = 0.05
77.1068 	EXP 	text6: text = 'Full Right'
77.1068 	EXP 	text7: foreColor = <psychopy.colors.Color: white, alpha=1.0>
77.1068 	EXP 	text7: height = 0.05
77.1068 	EXP 	text7: height = 0.05
77.1068 	EXP 	text7: height = 0.05
77.1068 	EXP 	text7: text = 'Half Left'
77.1068 	EXP 	text8: foreColor = <psychopy.colors.Color: white, alpha=1.0>
77.1068 	EXP 	text8: height = 0.05
77.1068 	EXP 	text8: height = 0.05
77.1068 	EXP 	text8: height = 0.05
77.1068 	EXP 	text8: text = 'Full Left'
77.1068 	EXP 	num1: foreColor = <psychopy.colors.Color: white, alpha=1.0>
77.1068 	EXP 	num1: height = 0.1
77.1068 	EXP 	num1: height = 0.1
77.1068 	EXP 	num1: height = 0.1
77.1068 	EXP 	num1: text = '1'
77.1068 	EXP 	num2: foreColor = <psychopy.colors.Color: white, alpha=1.0>
77.1068 	EXP 	num2: height = 0.1
77.1068 	EXP 	num2: height = 0.1
77.1068 	EXP 	num2: height = 0.1
77.1068 	EXP 	num2: text = '2'
77.1068 	EXP 	num3: foreColor = <psychopy.colors.Color: white, alpha=1.0>
77.1068 	EXP 	num3: height = 0.1
77.1068 	EXP 	num3: height = 0.1
77.1068 	EXP 	num3: height = 0.1
77.1068 	EXP 	num3: text = '3'
77.1068 	EXP 	num4: foreColor = <psychopy.colors.Color: white, alpha=1.0>
77.1068 	EXP 	num4: height = 0.1
77.1068 	EXP 	num4: height = 0.1
77.1068 	EXP 	num4: height = 0.1
77.1068 	EXP 	num4: text = '4'
77.1068 	EXP 	fixCross: autoDraw = True
77.1068 	EXP 	text1: autoDraw = True
77.1068 	EXP 	text2: autoDraw = True
77.1068 	EXP 	text3: autoDraw = True
77.1068 	EXP 	text4: autoDraw = True
77.1068 	EXP 	text5: autoDraw = True
77.1068 	EXP 	text6: autoDraw = True
77.1068 	EXP 	text7: autoDraw = True
77.1068 	EXP 	text8: autoDraw = True
77.1068 	EXP 	num1: autoDraw = True
77.1068 	EXP 	num2: autoDraw = True
77.1068 	EXP 	num3: autoDraw = True
77.1068 	EXP 	num4: autoDraw = True
78.9194 	DATA 	Keypress: 2
78.9412 	EXP 	fixCross: foreColor = <psychopy.colors.Color: (1.0, 0.0, 1.0, 1.0)>
78.9412 	EXP 	fixCross: borderColor = <psychopy.colors.Color: (1.0, 0.0, 1.0, 1.0)>
78.9412 	EXP 	fixCross: fillColor = <psychopy.colors.Color: (1.0, 0.0, 1.0, 1.0)>
79.8107 	EXP 	fixCross: autoDraw = False
79.8107 	EXP 	text1: autoDraw = False
79.8107 	EXP 	text2: autoDraw = False
79.8107 	EXP 	text3: autoDraw = False
79.8107 	EXP 	text4: autoDraw = False
79.8107 	EXP 	text5: autoDraw = False
79.8107 	EXP 	text6: autoDraw = False
79.8107 	EXP 	text7: autoDraw = False
79.8107 	EXP 	text8: autoDraw = False
79.8107 	EXP 	num1: autoDraw = False
79.8107 	EXP 	num2: autoDraw = False
79.8107 	EXP 	num3: autoDraw = False
79.8107 	EXP 	num4: autoDraw = False
79.8107 	EXP 	fixCross: foreColor = <psychopy.colors.Color: transparent, alpha=1.0>
79.8107 	EXP 	fixCross: borderColor = <psychopy.colors.Color: transparent, alpha=1.0>
79.8107 	EXP 	fixCross: fillColor = <psychopy.colors.Color: transparent, alpha=1.0>
79.8107 	EXP 	text_total: text = ''
79.8107 	EXP 	text_total: height = 0.05
79.8107 	EXP 	text_total: height = 0.05
79.8107 	EXP 	text_total: height = 0.05
79.8107 	EXP 	text_total: text = 'Total: 1'
79.8107 	EXP 	text_acc: height = 0.05
79.8107 	EXP 	text_acc: height = 0.05
79.8107 	EXP 	text_acc: height = 0.05
79.8107 	EXP 	text_acc: text = 'Accuracy: 1.0'
79.8107 	EXP 	fixCrossR: autoDraw = True
79.8107 	EXP 	text_total: autoDraw = True
79.8107 	EXP 	text_acc: autoDraw = True
80.8639 	DATA 	Keypress: escape
81.0260 	EXP 	text_total: autoDraw = False
81.0260 	EXP 	text_acc: autoDraw = False
81.0266 	EXP 	pilotv2: status = STOPPED
81.0428 	EXP 	fixCrossR: autoDraw = False
81.0430 	EXP 	pilotv2: status = STOPPED
81.1225 	DATA 	Keypress: escape
81.3312 	EXP 	window1: mouseVisible = True
