3.4118 	ERROR 	Support for the `sounddevice` audio backend is not available this session. Please install `psychopy-sounddevice` and restart the session to enable support.
18.4893 	WARNING 	User requested fullscreen with size [1536  864], but screen is actually [1920, 1080]. Using actual size
19.3328 	EXP 	Created window1 = Window(allowGUI=True, allowStencil=False, autoLog=True, backendConf=UNKNOWN, backgroundFit=<method-wrapper '__getattribute__' of attributeSetter object at 0x000001BC446F9F40>, backgroundImage=<method-wrapper '__getattribute__' of attributeSetter object at 0x000001BC446F9FA0>, bitsMode=UNKNOWN, blendMode='avg', bpc=(8, 8, 8), color=array([-0.4039, -0.4039, -0.4039]), colorSpace='rgb', depthBits=8, fullscr=<method-wrapper '__getattribute__' of attributeSetter object at 0x000001BC446F9DC0>, gamma=None, gammaErrorPolicy='raise', lms=UNKNOWN, monitor=<psychopy.monitors.calibTools.Monitor object at 0x000001BC44CB4F40>, multiSample=False, name='window1', numSamples=2, pos=(-1920, 0), screen=0, size=array([1920, 1080]), stencilBits=0, stereo=False, title='PsychoPy', units='height', useFBO=True, useRetina=False, viewOri=0.0, viewPos=None, viewScale=None, waitBlanking=True, winType='pyglet')
19.3328 	EXP 	window1: mouseVisible = True
19.3329 	EXP 	window1: backgroundImage = ''
19.3329 	EXP 	window1: backgroundFit = 'none'
19.3344 	EXP 	window1: Attempting to measure frame rate of screen (0) ...
19.3344 	EXP 	window1: recordFrameIntervals = False
19.4988 	EXP 	window1: recordFrameIntervals = True
19.6821 	EXP 	Screen (0) actual frame rate measured at 60.31Hz
19.6822 	EXP 	window1: recordFrameIntervals = False
19.6822 	EXP 	window1: mouseVisible = False
21.9561 	EXP 	pilotv2: status = STARTED
21.9563 	EXP 	window1: mouseVisible = True
21.9704 	EXP 	Created imageInstruct = ImageStim(__class__=<class 'psychopy.visual.image.ImageStim'>, anchor=('center', 'center'), autoLog=True, color=array([1., 1., 1.]), colorSpace='rgb', contrast=1.0, depth=0.0, draggable=False, flipHoriz=False, flipVert=False, image='default.png', interpolate=True, mask=None, maskParams=None, name='imageInstruct', opacity=1.0, ori=0.0, pos=array([0., 0.]), size=array([1.6    , 1.00736]), texRes=128.0, units='height', win=Window(...))
21.9706 	EXP 	window1: mouseVisible = True
21.9707 	EXP 	window1: mouseVisible = True
21.9712 	EXP 	window1: mouseVisible = True
21.9716 	EXP 	window1: mouseVisible = True
21.9927 	EXP 	window1: mouseVisible = True
21.9928 	EXP 	window1: mouseVisible = True
21.9932 	EXP 	window1: mouseVisible = True
21.9936 	EXP 	window1: mouseVisible = True
22.0114 	EXP 	window1: mouseVisible = True
22.0116 	EXP 	window1: mouseVisible = True
22.0117 	EXP 	window1: mouseVisible = True
22.0121 	EXP 	window1: mouseVisible = True
22.0126 	EXP 	window1: mouseVisible = True
22.0287 	EXP 	window1: mouseVisible = True
22.0288 	EXP 	window1: mouseVisible = True
22.0292 	EXP 	window1: mouseVisible = True
22.0296 	EXP 	window1: mouseVisible = True
22.0329 	EXP 	window1: mouseVisible = True
22.0330 	EXP 	window1: mouseVisible = True
22.1181 	EXP 	Created text_8 = TextStim(__class__=<class 'psychopy.visual.text.TextStim'>, alignHoriz=method-wrapper(...), alignText='center', alignVert=method-wrapper(...), anchorHoriz='center', anchorVert='center', antialias=True, autoDraw=False, autoLog=True, bold=False, color=array([1., 1., 1.]), colorSpace='rgb', contrast=1.0, depth=0.0, draggable=False, flipHoriz=False, flipVert=False, font='Open Sans', fontFiles=[], height=0.05, italic=False, languageStyle='LTR', name='text_8', opacity=1.0, ori=0.0, pos=array([0., 0.]), rgb=UNKNOWN, text=str(...), units='height', win=Window(...), wrapWidth=1)
22.1184 	EXP 	window1: mouseVisible = True
22.1185 	EXP 	window1: mouseVisible = True
22.1189 	EXP 	window1: mouseVisible = True
22.1193 	EXP 	window1: mouseVisible = True
22.1434 	EXP 	window1: mouseVisible = True
22.1436 	EXP 	window1: mouseVisible = True
22.1440 	EXP 	window1: mouseVisible = True
22.1444 	EXP 	window1: mouseVisible = True
22.1544 	EXP 	window1: mouseVisible = True
22.1546 	EXP 	window1: mouseVisible = True
22.1547 	EXP 	window1: mouseVisible = True
22.1551 	EXP 	window1: mouseVisible = True
22.1555 	EXP 	window1: mouseVisible = True
22.1639 	EXP 	window1: mouseVisible = True
22.1640 	EXP 	window1: mouseVisible = True
22.1644 	EXP 	window1: mouseVisible = True
22.1648 	EXP 	window1: mouseVisible = True
22.1681 	EXP 	window1: mouseVisible = True
22.1682 	EXP 	window1: mouseVisible = True
22.1723 	EXP 	Created image_17 = ImageStim(__class__=<class 'psychopy.visual.image.ImageStim'>, anchor=('center', 'center'), autoLog=True, color=array([1., 1., 1.]), colorSpace='rgb', contrast=1.0, depth=-3.0, draggable=False, flipHoriz=False, flipVert=False, image='stim/ori1.png', interpolate=True, mask=None, maskParams=None, name='image_17', opacity=1.0, ori=0.0, pos=array([0.  , 0.23]), size=array([0.15, 0.15]), texRes=128.0, units='height', win=Window(...))
22.1724 	EXP 	window1: mouseVisible = True
22.1763 	EXP 	Created text_9 = TextStim(__class__=<class 'psychopy.visual.text.TextStim'>, alignHoriz=method-wrapper(...), alignText='center', alignVert=method-wrapper(...), anchorHoriz='center', anchorVert='center', antialias=True, autoDraw=False, autoLog=True, bold=False, color=array([1., 1., 1.]), colorSpace='rgb', contrast=1.0, depth=0.0, draggable=False, flipHoriz=False, flipVert=False, font='Open Sans', fontFiles=[], height=0.05, italic=False, languageStyle='LTR', name='text_9', opacity=1.0, ori=0.0, pos=array([0., 0.]), rgb=UNKNOWN, text=str(...), units='height', win=Window(...), wrapWidth=1)
22.1765 	EXP 	window1: mouseVisible = True
22.1766 	EXP 	window1: mouseVisible = True
22.1771 	EXP 	window1: mouseVisible = True
22.1775 	EXP 	window1: mouseVisible = True
22.1813 	EXP 	window1: mouseVisible = True
22.1814 	EXP 	window1: mouseVisible = True
22.1818 	EXP 	window1: mouseVisible = True
22.1822 	EXP 	window1: mouseVisible = True
22.1854 	EXP 	window1: mouseVisible = True
22.1856 	EXP 	window1: mouseVisible = True
22.1857 	EXP 	window1: mouseVisible = True
22.1862 	EXP 	window1: mouseVisible = True
22.1866 	EXP 	window1: mouseVisible = True
22.1903 	EXP 	window1: mouseVisible = True
22.1905 	EXP 	window1: mouseVisible = True
22.1909 	EXP 	window1: mouseVisible = True
22.1912 	EXP 	window1: mouseVisible = True
22.1945 	EXP 	window1: mouseVisible = True
22.1946 	EXP 	window1: mouseVisible = True
22.1987 	EXP 	Created image_18 = ImageStim(__class__=<class 'psychopy.visual.image.ImageStim'>, anchor=('center', 'center'), autoLog=True, color=array([1., 1., 1.]), colorSpace='rgb', contrast=1.0, depth=-3.0, draggable=False, flipHoriz=False, flipVert=False, image='stim/obj2.png', interpolate=True, mask=None, maskParams=None, name='image_18', opacity=1.0, ori=0.0, pos=array([0.  , 0.23]), size=array([0.15, 0.15]), texRes=128.0, units='height', win=Window(...))
22.1988 	EXP 	window1: mouseVisible = True
22.2027 	EXP 	Created text_10 = TextStim(__class__=<class 'psychopy.visual.text.TextStim'>, alignHoriz=method-wrapper(...), alignText='center', alignVert=method-wrapper(...), anchorHoriz='center', anchorVert='center', antialias=True, autoDraw=False, autoLog=True, bold=False, color=array([1., 1., 1.]), colorSpace='rgb', contrast=1.0, depth=0.0, draggable=False, flipHoriz=False, flipVert=False, font='Open Sans', fontFiles=[], height=0.05, italic=False, languageStyle='LTR', name='text_10', opacity=1.0, ori=0.0, pos=array([0., 0.]), rgb=UNKNOWN, text=str(...), units='height', win=Window(...), wrapWidth=1)
22.2029 	EXP 	window1: mouseVisible = True
22.2030 	EXP 	window1: mouseVisible = True
22.2034 	EXP 	window1: mouseVisible = True
22.2038 	EXP 	window1: mouseVisible = True
22.2077 	EXP 	window1: mouseVisible = True
22.2078 	EXP 	window1: mouseVisible = True
22.2082 	EXP 	window1: mouseVisible = True
22.2086 	EXP 	window1: mouseVisible = True
22.2119 	EXP 	window1: mouseVisible = True
22.2121 	EXP 	window1: mouseVisible = True
22.2122 	EXP 	window1: mouseVisible = True
22.2126 	EXP 	window1: mouseVisible = True
22.2130 	EXP 	window1: mouseVisible = True
22.2168 	EXP 	window1: mouseVisible = True
22.2169 	EXP 	window1: mouseVisible = True
22.2173 	EXP 	window1: mouseVisible = True
22.2177 	EXP 	window1: mouseVisible = True
22.2209 	EXP 	window1: mouseVisible = True
22.2210 	EXP 	window1: mouseVisible = True
22.2254 	EXP 	Created image_19 = ImageStim(__class__=<class 'psychopy.visual.image.ImageStim'>, anchor=('center', 'center'), autoLog=True, color=array([1., 1., 1.]), colorSpace='rgb', contrast=1.0, depth=-3.0, draggable=False, flipHoriz=False, flipVert=False, image='stim/ori2.png', interpolate=True, mask=None, maskParams=None, name='image_19', opacity=1.0, ori=0.0, pos=array([0.  , 0.23]), size=array([0.15, 0.15]), texRes=128.0, units='height', win=Window(...))
22.2255 	EXP 	window1: mouseVisible = True
22.2295 	EXP 	Created text_11 = TextStim(__class__=<class 'psychopy.visual.text.TextStim'>, alignHoriz=method-wrapper(...), alignText='center', alignVert=method-wrapper(...), anchorHoriz='center', anchorVert='center', antialias=True, autoDraw=False, autoLog=True, bold=False, color=array([1., 1., 1.]), colorSpace='rgb', contrast=1.0, depth=0.0, draggable=False, flipHoriz=False, flipVert=False, font='Open Sans', fontFiles=[], height=0.05, italic=False, languageStyle='LTR', name='text_11', opacity=1.0, ori=0.0, pos=array([0., 0.]), rgb=UNKNOWN, text=str(...), units='height', win=Window(...), wrapWidth=1)
22.2297 	EXP 	window1: mouseVisible = True
22.2298 	EXP 	window1: mouseVisible = True
22.2302 	EXP 	window1: mouseVisible = True
22.2306 	EXP 	window1: mouseVisible = True
22.2344 	EXP 	window1: mouseVisible = True
22.2346 	EXP 	window1: mouseVisible = True
22.2350 	EXP 	window1: mouseVisible = True
22.2353 	EXP 	window1: mouseVisible = True
22.2386 	EXP 	window1: mouseVisible = True
22.2388 	EXP 	window1: mouseVisible = True
22.2389 	EXP 	window1: mouseVisible = True
22.2393 	EXP 	window1: mouseVisible = True
22.2397 	EXP 	window1: mouseVisible = True
22.2435 	EXP 	window1: mouseVisible = True
22.2436 	EXP 	window1: mouseVisible = True
22.2440 	EXP 	window1: mouseVisible = True
22.2444 	EXP 	window1: mouseVisible = True
22.2478 	EXP 	window1: mouseVisible = True
22.2478 	EXP 	window1: mouseVisible = True
22.2523 	EXP 	Created image_20 = ImageStim(__class__=<class 'psychopy.visual.image.ImageStim'>, anchor=('center', 'center'), autoLog=True, color=array([1., 1., 1.]), colorSpace='rgb', contrast=1.0, depth=-3.0, draggable=False, flipHoriz=False, flipVert=False, image='stim/obj1.png', interpolate=True, mask=None, maskParams=None, name='image_20', opacity=1.0, ori=0.0, pos=array([0.  , 0.23]), size=array([0.15, 0.15]), texRes=128.0, units='height', win=Window(...))
22.2525 	EXP 	window1: mouseVisible = True
22.2612 	EXP 	Created imageInstruct_2 = ImageStim(__class__=<class 'psychopy.visual.image.ImageStim'>, anchor=('center', 'center'), autoLog=True, color=array([1., 1., 1.]), colorSpace='rgb', contrast=1.0, depth=0.0, draggable=False, flipHoriz=False, flipVert=False, image='default.png', interpolate=True, mask=None, maskParams=None, name='imageInstruct_2', opacity=1.0, ori=0.0, pos=array([0., 0.]), size=array([1.6    , 1.00736]), texRes=128.0, units='height', win=Window(...))
22.2616 	EXP 	window1: mouseVisible = True
22.2617 	EXP 	window1: mouseVisible = True
22.2622 	EXP 	window1: mouseVisible = True
22.2627 	EXP 	window1: mouseVisible = True
22.2663 	EXP 	window1: mouseVisible = True
22.2665 	EXP 	window1: mouseVisible = True
22.2669 	EXP 	window1: mouseVisible = True
22.2672 	EXP 	window1: mouseVisible = True
22.2705 	EXP 	window1: mouseVisible = True
22.2707 	EXP 	window1: mouseVisible = True
22.2708 	EXP 	window1: mouseVisible = True
22.2712 	EXP 	window1: mouseVisible = True
22.2716 	EXP 	window1: mouseVisible = True
22.2752 	EXP 	window1: mouseVisible = True
22.2754 	EXP 	window1: mouseVisible = True
22.2758 	EXP 	window1: mouseVisible = True
22.2761 	EXP 	window1: mouseVisible = True
22.2794 	EXP 	window1: mouseVisible = True
22.2795 	EXP 	window1: mouseVisible = True
22.2940 	EXP 	Created text_17 = TextStim(__class__=<class 'psychopy.visual.text.TextStim'>, alignHoriz=method-wrapper(...), alignText='center', alignVert=method-wrapper(...), anchorHoriz='center', anchorVert='center', antialias=True, autoDraw=False, autoLog=True, bold=False, color=array([1., 1., 1.]), colorSpace='rgb', contrast=1.0, depth=-2.0, draggable=False, flipHoriz=False, flipVert=False, font='Open Sans', fontFiles=[], height=0.05, italic=False, languageStyle='LTR', name='text_17', opacity=1.0, ori=0.0, pos=array([0., 0.]), rgb=UNKNOWN, text=str(...), units='height', win=Window(...), wrapWidth=1)
22.2941 	EXP 	window1: mouseVisible = True
22.3029 	EXP 	Created cue = ImageStim(__class__=<class 'psychopy.visual.image.ImageStim'>, anchor=('center', 'center'), autoLog=True, color=array([1., 1., 1.]), colorSpace='rgb', contrast=1.0, depth=0.0, draggable=False, flipHoriz=False, flipVert=False, image='default.png', interpolate=True, mask=None, maskParams=None, name='cue', opacity=1.0, ori=0.0, pos=array([0., 0.]), size=array([0.15, 0.15]), texRes=128.0, units='height', win=Window(...))
22.3030 	EXP 	window1: mouseVisible = True
22.3118 	EXP 	Created image = ImageStim(__class__=<class 'psychopy.visual.image.ImageStim'>, anchor=('center', 'center'), autoLog=True, color=array([1., 1., 1.]), colorSpace='rgb', contrast=1.0, depth=0.0, draggable=False, flipHoriz=False, flipVert=False, image='default.png', interpolate=True, mask=None, maskParams=None, name='image', opacity=1.0, ori=0.0, pos=array([0., 0.]), size=array([0.5, 0.5]), texRes=128.0, units='height', win=Window(...))
22.3119 	EXP 	window1: mouseVisible = True
22.3138 	EXP 	Created fixCrossR_2 = ShapeStim(__class__=<class 'psychopy.visual.shape.ShapeStim'>, anchor=('center', 'center'), autoDraw=False, autoLog=True, closeShape=True, color=method-wrapper(...), colorSpace='rgb', contrast=None, depth=-1.0, draggable=False, fillColor=array([-1, -1, -1]), fillColorSpace='rgb', fillRGB=array([-1, -1, -1]), interpolate=True, lineColor=array([-1., -1., -1.]), lineColorSpace='rgb', lineRGB=array([-1, -1, -1]), lineWidth=1.0, name='fixCrossR_2', opacity=1.0, ori=0.0, pos=array([0., 0.]), size=array([0.02, 0.02]), units='height', vertices=ndarray(...), win=Window(...), windingRule=None)
22.3139 	EXP 	window1: mouseVisible = True
22.3155 	EXP 	Created fixCrossR_4 = ShapeStim(__class__=<class 'psychopy.visual.shape.ShapeStim'>, anchor=('center', 'center'), autoDraw=False, autoLog=True, closeShape=True, color=method-wrapper(...), colorSpace='rgb', contrast=None, depth=0.0, draggable=False, fillColor=array([-1, -1, -1]), fillColorSpace='rgb', fillRGB=array([-1, -1, -1]), interpolate=True, lineColor=array([-1., -1., -1.]), lineColorSpace='rgb', lineRGB=array([-1, -1, -1]), lineWidth=1.0, name='fixCrossR_4', opacity=1.0, ori=0.0, pos=array([0., 0.]), size=array([0.02, 0.02]), units='height', vertices=ndarray(...), win=Window(...), windingRule=None)
22.3156 	EXP 	window1: mouseVisible = True
22.3172 	EXP 	Created fixCross_2 = ShapeStim(__class__=<class 'psychopy.visual.shape.ShapeStim'>, anchor=('center', 'center'), autoDraw=False, autoLog=True, closeShape=True, color=method-wrapper(...), colorSpace='rgb', contrast=None, depth=0.0, draggable=False, fillColor=array([1, 1, 1]), fillColorSpace='rgb', fillRGB=array([1, 1, 1]), interpolate=True, lineColor=array([1., 1., 1.]), lineColorSpace='rgb', lineRGB=array([1, 1, 1]), lineWidth=1.0, name='fixCross_2', opacity=1.0, ori=0.0, pos=array([0., 0.]), size=array([0.02, 0.02]), units='height', vertices=ndarray(...), win=Window(...), windingRule=None)
22.3173 	EXP 	window1: mouseVisible = True
22.3189 	EXP 	Created text1_2 = TextStim(__class__=<class 'psychopy.visual.text.TextStim'>, alignHoriz=method-wrapper(...), alignText='center', alignVert=method-wrapper(...), anchorHoriz='center', anchorVert='center', antialias=True, autoDraw=False, autoLog=True, bold=False, color=array([1., 1., 1.]), colorSpace='rgb', contrast=1.0, depth=-1.0, draggable=False, flipHoriz=False, flipVert=False, font='Open Sans', fontFiles=[], height=0.05, italic=False, languageStyle='LTR', name='text1_2', opacity=1.0, ori=0.0, pos=array([-0.225,  0.08 ]), rgb=UNKNOWN, text='', units='norm', win=Window(...), wrapWidth=1)
22.3190 	EXP 	window1: mouseVisible = True
22.3200 	EXP 	Created text2_2 = TextStim(__class__=<class 'psychopy.visual.text.TextStim'>, alignHoriz=method-wrapper(...), alignText='center', alignVert=method-wrapper(...), anchorHoriz='center', anchorVert='center', antialias=True, autoDraw=False, autoLog=True, bold=False, color=array([1., 1., 1.]), colorSpace='rgb', contrast=1.0, depth=-2.0, draggable=False, flipHoriz=False, flipVert=False, font='Open Sans', fontFiles=[], height=0.05, italic=False, languageStyle='LTR', name='text2_2', opacity=1.0, ori=0.0, pos=array([-0.075,  0.08 ]), rgb=UNKNOWN, text='', units='norm', win=Window(...), wrapWidth=1)
22.3200 	EXP 	window1: mouseVisible = True
22.3210 	EXP 	Created text3_2 = TextStim(__class__=<class 'psychopy.visual.text.TextStim'>, alignHoriz=method-wrapper(...), alignText='center', alignVert=method-wrapper(...), anchorHoriz='center', anchorVert='center', antialias=True, autoDraw=False, autoLog=True, bold=False, color=array([1., 1., 1.]), colorSpace='rgb', contrast=1.0, depth=-3.0, draggable=False, flipHoriz=False, flipVert=False, font='Open Sans', fontFiles=[], height=0.05, italic=False, languageStyle='LTR', name='text3_2', opacity=1.0, ori=0.0, pos=array([0.075, 0.08 ]), rgb=UNKNOWN, text='', units='norm', win=Window(...), wrapWidth=1)
22.3210 	EXP 	window1: mouseVisible = True
22.3220 	EXP 	Created text4_2 = TextStim(__class__=<class 'psychopy.visual.text.TextStim'>, alignHoriz=method-wrapper(...), alignText='center', alignVert=method-wrapper(...), anchorHoriz='center', anchorVert='center', antialias=True, autoDraw=False, autoLog=True, bold=False, color=array([1., 1., 1.]), colorSpace='rgb', contrast=1.0, depth=-4.0, draggable=False, flipHoriz=False, flipVert=False, font='Open Sans', fontFiles=[], height=0.05, italic=False, languageStyle='LTR', name='text4_2', opacity=1.0, ori=0.0, pos=array([0.225, 0.08 ]), rgb=UNKNOWN, text='', units='norm', win=Window(...), wrapWidth=1)
22.3220 	EXP 	window1: mouseVisible = True
22.3229 	EXP 	Created text5_2 = TextStim(__class__=<class 'psychopy.visual.text.TextStim'>, alignHoriz=method-wrapper(...), alignText='center', alignVert=method-wrapper(...), anchorHoriz='center', anchorVert='center', antialias=True, autoDraw=False, autoLog=True, bold=False, color=array([1., 1., 1.]), colorSpace='rgb', contrast=1.0, depth=-5.0, draggable=False, flipHoriz=False, flipVert=False, font='Open Sans', fontFiles=[], height=0.05, italic=False, languageStyle='LTR', name='text5_2', opacity=1.0, ori=0.0, pos=array([-0.225, -0.08 ]), rgb=UNKNOWN, text='', units='norm', win=Window(...), wrapWidth=1)
22.3230 	EXP 	window1: mouseVisible = True
22.3239 	EXP 	Created text6_2 = TextStim(__class__=<class 'psychopy.visual.text.TextStim'>, alignHoriz=method-wrapper(...), alignText='center', alignVert=method-wrapper(...), anchorHoriz='center', anchorVert='center', antialias=True, autoDraw=False, autoLog=True, bold=False, color=array([1., 1., 1.]), colorSpace='rgb', contrast=1.0, depth=-6.0, draggable=False, flipHoriz=False, flipVert=False, font='Open Sans', fontFiles=[], height=0.05, italic=False, languageStyle='LTR', name='text6_2', opacity=1.0, ori=0.0, pos=array([-0.075, -0.08 ]), rgb=UNKNOWN, text='', units='norm', win=Window(...), wrapWidth=1)
22.3240 	EXP 	window1: mouseVisible = True
22.3249 	EXP 	Created text7_2 = TextStim(__class__=<class 'psychopy.visual.text.TextStim'>, alignHoriz=method-wrapper(...), alignText='center', alignVert=method-wrapper(...), anchorHoriz='center', anchorVert='center', antialias=True, autoDraw=False, autoLog=True, bold=False, color=array([1., 1., 1.]), colorSpace='rgb', contrast=1.0, depth=-7.0, draggable=False, flipHoriz=False, flipVert=False, font='Open Sans', fontFiles=[], height=0.05, italic=False, languageStyle='LTR', name='text7_2', opacity=1.0, ori=0.0, pos=array([ 0.075, -0.08 ]), rgb=UNKNOWN, text='', units='norm', win=Window(...), wrapWidth=1)
22.3250 	EXP 	window1: mouseVisible = True
22.3259 	EXP 	Created text8_2 = TextStim(__class__=<class 'psychopy.visual.text.TextStim'>, alignHoriz=method-wrapper(...), alignText='center', alignVert=method-wrapper(...), anchorHoriz='center', anchorVert='center', antialias=True, autoDraw=False, autoLog=True, bold=False, color=array([1., 1., 1.]), colorSpace='rgb', contrast=1.0, depth=-8.0, draggable=False, flipHoriz=False, flipVert=False, font='Open Sans', fontFiles=[], height=0.05, italic=False, languageStyle='LTR', name='text8_2', opacity=1.0, ori=0.0, pos=array([ 0.225, -0.08 ]), rgb=UNKNOWN, text='', units='norm', win=Window(...), wrapWidth=1)
22.3260 	EXP 	window1: mouseVisible = True
22.3270 	EXP 	Created num1_2 = TextStim(__class__=<class 'psychopy.visual.text.TextStim'>, alignHoriz=method-wrapper(...), alignText='center', alignVert=method-wrapper(...), anchorHoriz='center', anchorVert='center', antialias=True, autoDraw=False, autoLog=True, bold=False, color=array([1., 1., 1.]), colorSpace='rgb', contrast=1.0, depth=-10.0, draggable=False, flipHoriz=False, flipVert=False, font='Open Sans', fontFiles=[], height=0.1, italic=False, languageStyle='LTR', name='num1_2', opacity=1.0, ori=0.0, pos=array([-0.225,  0.24 ]), rgb=UNKNOWN, text='', units='norm', win=Window(...), wrapWidth=1)
22.3270 	EXP 	window1: mouseVisible = True
22.3280 	EXP 	Created num2_2 = TextStim(__class__=<class 'psychopy.visual.text.TextStim'>, alignHoriz=method-wrapper(...), alignText='center', alignVert=method-wrapper(...), anchorHoriz='center', anchorVert='center', antialias=True, autoDraw=False, autoLog=True, bold=False, color=array([1., 1., 1.]), colorSpace='rgb', contrast=1.0, depth=-11.0, draggable=False, flipHoriz=False, flipVert=False, font='Open Sans', fontFiles=[], height=0.1, italic=False, languageStyle='LTR', name='num2_2', opacity=1.0, ori=0.0, pos=array([-0.075,  0.24 ]), rgb=UNKNOWN, text='', units='norm', win=Window(...), wrapWidth=1)
22.3280 	EXP 	window1: mouseVisible = True
22.3290 	EXP 	Created num3_2 = TextStim(__class__=<class 'psychopy.visual.text.TextStim'>, alignHoriz=method-wrapper(...), alignText='center', alignVert=method-wrapper(...), anchorHoriz='center', anchorVert='center', antialias=True, autoDraw=False, autoLog=True, bold=False, color=array([1., 1., 1.]), colorSpace='rgb', contrast=1.0, depth=-12.0, draggable=False, flipHoriz=False, flipVert=False, font='Open Sans', fontFiles=[], height=0.1, italic=False, languageStyle='LTR', name='num3_2', opacity=1.0, ori=0.0, pos=array([0.075, 0.24 ]), rgb=UNKNOWN, text='', units='norm', win=Window(...), wrapWidth=1)
22.3290 	EXP 	window1: mouseVisible = True
22.3299 	EXP 	Created num4_2 = TextStim(__class__=<class 'psychopy.visual.text.TextStim'>, alignHoriz=method-wrapper(...), alignText='center', alignVert=method-wrapper(...), anchorHoriz='center', anchorVert='center', antialias=True, autoDraw=False, autoLog=True, bold=False, color=array([1., 1., 1.]), colorSpace='rgb', contrast=1.0, depth=-13.0, draggable=False, flipHoriz=False, flipVert=False, font='Open Sans', fontFiles=[], height=0.1, italic=False, languageStyle='LTR', name='num4_2', opacity=1.0, ori=0.0, pos=array([0.225, 0.24 ]), rgb=UNKNOWN, text='', units='norm', win=Window(...), wrapWidth=1)
22.3300 	EXP 	window1: mouseVisible = True
22.3472 	EXP 	Created text_20 = TextStim(__class__=<class 'psychopy.visual.text.TextStim'>, alignHoriz=method-wrapper(...), alignText='center', alignVert=method-wrapper(...), anchorHoriz='center', anchorVert='center', antialias=True, autoDraw=False, autoLog=True, bold=False, color=array([1., 1., 1.]), colorSpace='rgb', contrast=1.0, depth=0.0, draggable=False, flipHoriz=False, flipVert=False, font='Open Sans', fontFiles=[], height=0.05, italic=False, languageStyle='LTR', name='text_20', opacity=1.0, ori=0.0, pos=array([0., 0.]), rgb=UNKNOWN, text=str(...), units='height', win=Window(...), wrapWidth=1)
22.3473 	EXP 	window1: mouseVisible = True
22.3532 	EXP 	Created text = TextStim(__class__=<class 'psychopy.visual.text.TextStim'>, alignHoriz=method-wrapper(...), alignText='center', alignVert=method-wrapper(...), anchorHoriz='center', anchorVert='center', antialias=True, autoDraw=False, autoLog=True, bold=False, color=array([1., 1., 1.]), colorSpace='rgb', contrast=1.0, depth=0.0, draggable=False, flipHoriz=False, flipVert=False, font='Open Sans', fontFiles=[], height=0.05, italic=False, languageStyle='LTR', name='text', opacity=1.0, ori=0.0, pos=array([0., 0.]), rgb=UNKNOWN, text='The experiment will begin soon. Get ready!', units='height', win=Window(...), wrapWidth=1)
22.3533 	EXP 	window1: mouseVisible = True
22.3620 	EXP 	Created cue = ImageStim(__class__=<class 'psychopy.visual.image.ImageStim'>, anchor=('center', 'center'), autoLog=True, color=array([1., 1., 1.]), colorSpace='rgb', contrast=1.0, depth=0.0, draggable=False, flipHoriz=False, flipVert=False, image='default.png', interpolate=True, mask=None, maskParams=None, name='cue', opacity=1.0, ori=0.0, pos=array([0., 0.]), size=array([0.15, 0.15]), texRes=128.0, units='height', win=Window(...))
22.3621 	EXP 	window1: mouseVisible = True
22.3708 	EXP 	Created image = ImageStim(__class__=<class 'psychopy.visual.image.ImageStim'>, anchor=('center', 'center'), autoLog=True, color=array([1., 1., 1.]), colorSpace='rgb', contrast=1.0, depth=0.0, draggable=False, flipHoriz=False, flipVert=False, image='default.png', interpolate=True, mask=None, maskParams=None, name='image', opacity=1.0, ori=0.0, pos=array([0., 0.]), size=array([0.5, 0.5]), texRes=128.0, units='height', win=Window(...))
22.3709 	EXP 	window1: mouseVisible = True
22.3729 	EXP 	Created fixCrossR_2 = ShapeStim(__class__=<class 'psychopy.visual.shape.ShapeStim'>, anchor=('center', 'center'), autoDraw=False, autoLog=True, closeShape=True, color=method-wrapper(...), colorSpace='rgb', contrast=None, depth=-1.0, draggable=False, fillColor=array([-1, -1, -1]), fillColorSpace='rgb', fillRGB=array([-1, -1, -1]), interpolate=True, lineColor=array([-1., -1., -1.]), lineColorSpace='rgb', lineRGB=array([-1, -1, -1]), lineWidth=1.0, name='fixCrossR_2', opacity=1.0, ori=0.0, pos=array([0., 0.]), size=array([0.02, 0.02]), units='height', vertices=ndarray(...), win=Window(...), windingRule=None)
22.3731 	EXP 	window1: mouseVisible = True
22.3748 	EXP 	Created fixCrossR_4 = ShapeStim(__class__=<class 'psychopy.visual.shape.ShapeStim'>, anchor=('center', 'center'), autoDraw=False, autoLog=True, closeShape=True, color=method-wrapper(...), colorSpace='rgb', contrast=None, depth=0.0, draggable=False, fillColor=array([-1, -1, -1]), fillColorSpace='rgb', fillRGB=array([-1, -1, -1]), interpolate=True, lineColor=array([-1., -1., -1.]), lineColorSpace='rgb', lineRGB=array([-1, -1, -1]), lineWidth=1.0, name='fixCrossR_4', opacity=1.0, ori=0.0, pos=array([0., 0.]), size=array([0.02, 0.02]), units='height', vertices=ndarray(...), win=Window(...), windingRule=None)
22.3749 	EXP 	window1: mouseVisible = True
22.3765 	EXP 	Created fixCross = ShapeStim(__class__=<class 'psychopy.visual.shape.ShapeStim'>, anchor=('center', 'center'), autoDraw=False, autoLog=True, closeShape=True, color=method-wrapper(...), colorSpace='rgb', contrast=None, depth=0.0, draggable=False, fillColor=array([1, 1, 1]), fillColorSpace='rgb', fillRGB=array([1, 1, 1]), interpolate=True, lineColor=array([1., 1., 1.]), lineColorSpace='rgb', lineRGB=array([1, 1, 1]), lineWidth=1.0, name='fixCross', opacity=1.0, ori=0.0, pos=array([0., 0.]), size=array([0.02, 0.02]), units='height', vertices=ndarray(...), win=Window(...), windingRule=None)
22.3766 	EXP 	window1: mouseVisible = True
22.3775 	EXP 	Created text1 = TextStim(__class__=<class 'psychopy.visual.text.TextStim'>, alignHoriz=method-wrapper(...), alignText='center', alignVert=method-wrapper(...), anchorHoriz='center', anchorVert='center', antialias=True, autoDraw=False, autoLog=True, bold=False, color=array([1., 1., 1.]), colorSpace='rgb', contrast=1.0, depth=-1.0, draggable=False, flipHoriz=False, flipVert=False, font='Open Sans', fontFiles=[], height=0.05, italic=False, languageStyle='LTR', name='text1', opacity=1.0, ori=0.0, pos=array([-0.225,  0.08 ]), rgb=UNKNOWN, text='', units='norm', win=Window(...), wrapWidth=1)
22.3776 	EXP 	window1: mouseVisible = True
22.3785 	EXP 	Created text2 = TextStim(__class__=<class 'psychopy.visual.text.TextStim'>, alignHoriz=method-wrapper(...), alignText='center', alignVert=method-wrapper(...), anchorHoriz='center', anchorVert='center', antialias=True, autoDraw=False, autoLog=True, bold=False, color=array([1., 1., 1.]), colorSpace='rgb', contrast=1.0, depth=-2.0, draggable=False, flipHoriz=False, flipVert=False, font='Open Sans', fontFiles=[], height=0.05, italic=False, languageStyle='LTR', name='text2', opacity=1.0, ori=0.0, pos=array([-0.075,  0.08 ]), rgb=UNKNOWN, text='', units='norm', win=Window(...), wrapWidth=1)
22.3786 	EXP 	window1: mouseVisible = True
22.3795 	EXP 	Created text3 = TextStim(__class__=<class 'psychopy.visual.text.TextStim'>, alignHoriz=method-wrapper(...), alignText='center', alignVert=method-wrapper(...), anchorHoriz='center', anchorVert='center', antialias=True, autoDraw=False, autoLog=True, bold=False, color=array([1., 1., 1.]), colorSpace='rgb', contrast=1.0, depth=-3.0, draggable=False, flipHoriz=False, flipVert=False, font='Open Sans', fontFiles=[], height=0.05, italic=False, languageStyle='LTR', name='text3', opacity=1.0, ori=0.0, pos=array([0.075, 0.08 ]), rgb=UNKNOWN, text='', units='norm', win=Window(...), wrapWidth=1)
22.3796 	EXP 	window1: mouseVisible = True
22.3806 	EXP 	Created text4 = TextStim(__class__=<class 'psychopy.visual.text.TextStim'>, alignHoriz=method-wrapper(...), alignText='center', alignVert=method-wrapper(...), anchorHoriz='center', anchorVert='center', antialias=True, autoDraw=False, autoLog=True, bold=False, color=array([1., 1., 1.]), colorSpace='rgb', contrast=1.0, depth=-4.0, draggable=False, flipHoriz=False, flipVert=False, font='Open Sans', fontFiles=[], height=0.05, italic=False, languageStyle='LTR', name='text4', opacity=1.0, ori=0.0, pos=array([0.225, 0.08 ]), rgb=UNKNOWN, text='', units='norm', win=Window(...), wrapWidth=1)
22.3806 	EXP 	window1: mouseVisible = True
22.3816 	EXP 	Created text5 = TextStim(__class__=<class 'psychopy.visual.text.TextStim'>, alignHoriz=method-wrapper(...), alignText='center', alignVert=method-wrapper(...), anchorHoriz='center', anchorVert='center', antialias=True, autoDraw=False, autoLog=True, bold=False, color=array([1., 1., 1.]), colorSpace='rgb', contrast=1.0, depth=-5.0, draggable=False, flipHoriz=False, flipVert=False, font='Open Sans', fontFiles=[], height=0.05, italic=False, languageStyle='LTR', name='text5', opacity=1.0, ori=0.0, pos=array([-0.225, -0.08 ]), rgb=UNKNOWN, text='', units='norm', win=Window(...), wrapWidth=1)
22.3817 	EXP 	window1: mouseVisible = True
22.3827 	EXP 	Created text6 = TextStim(__class__=<class 'psychopy.visual.text.TextStim'>, alignHoriz=method-wrapper(...), alignText='center', alignVert=method-wrapper(...), anchorHoriz='center', anchorVert='center', antialias=True, autoDraw=False, autoLog=True, bold=False, color=array([1., 1., 1.]), colorSpace='rgb', contrast=1.0, depth=-6.0, draggable=False, flipHoriz=False, flipVert=False, font='Open Sans', fontFiles=[], height=0.05, italic=False, languageStyle='LTR', name='text6', opacity=1.0, ori=0.0, pos=array([-0.075, -0.08 ]), rgb=UNKNOWN, text='', units='norm', win=Window(...), wrapWidth=1)
22.3827 	EXP 	window1: mouseVisible = True
22.3837 	EXP 	Created text7 = TextStim(__class__=<class 'psychopy.visual.text.TextStim'>, alignHoriz=method-wrapper(...), alignText='center', alignVert=method-wrapper(...), anchorHoriz='center', anchorVert='center', antialias=True, autoDraw=False, autoLog=True, bold=False, color=array([1., 1., 1.]), colorSpace='rgb', contrast=1.0, depth=-7.0, draggable=False, flipHoriz=False, flipVert=False, font='Open Sans', fontFiles=[], height=0.05, italic=False, languageStyle='LTR', name='text7', opacity=1.0, ori=0.0, pos=array([ 0.075, -0.08 ]), rgb=UNKNOWN, text='', units='norm', win=Window(...), wrapWidth=1)
22.3838 	EXP 	window1: mouseVisible = True
22.3848 	EXP 	Created text8 = TextStim(__class__=<class 'psychopy.visual.text.TextStim'>, alignHoriz=method-wrapper(...), alignText='center', alignVert=method-wrapper(...), anchorHoriz='center', anchorVert='center', antialias=True, autoDraw=False, autoLog=True, bold=False, color=array([1., 1., 1.]), colorSpace='rgb', contrast=1.0, depth=-8.0, draggable=False, flipHoriz=False, flipVert=False, font='Open Sans', fontFiles=[], height=0.05, italic=False, languageStyle='LTR', name='text8', opacity=1.0, ori=0.0, pos=array([ 0.225, -0.08 ]), rgb=UNKNOWN, text='', units='norm', win=Window(...), wrapWidth=1)
22.3848 	EXP 	window1: mouseVisible = True
22.3858 	EXP 	Created num1 = TextStim(__class__=<class 'psychopy.visual.text.TextStim'>, alignHoriz=method-wrapper(...), alignText='center', alignVert=method-wrapper(...), anchorHoriz='center', anchorVert='center', antialias=True, autoDraw=False, autoLog=True, bold=False, color=array([1., 1., 1.]), colorSpace='rgb', contrast=1.0, depth=-10.0, draggable=False, flipHoriz=False, flipVert=False, font='Open Sans', fontFiles=[], height=0.1, italic=False, languageStyle='LTR', name='num1', opacity=1.0, ori=0.0, pos=array([-0.225,  0.24 ]), rgb=UNKNOWN, text='', units='norm', win=Window(...), wrapWidth=1)
22.3858 	EXP 	window1: mouseVisible = True
22.3868 	EXP 	Created num2 = TextStim(__class__=<class 'psychopy.visual.text.TextStim'>, alignHoriz=method-wrapper(...), alignText='center', alignVert=method-wrapper(...), anchorHoriz='center', anchorVert='center', antialias=True, autoDraw=False, autoLog=True, bold=False, color=array([1., 1., 1.]), colorSpace='rgb', contrast=1.0, depth=-11.0, draggable=False, flipHoriz=False, flipVert=False, font='Open Sans', fontFiles=[], height=0.1, italic=False, languageStyle='LTR', name='num2', opacity=1.0, ori=0.0, pos=array([-0.075,  0.24 ]), rgb=UNKNOWN, text='', units='norm', win=Window(...), wrapWidth=1)
22.3868 	EXP 	window1: mouseVisible = True
22.3878 	EXP 	Created num3 = TextStim(__class__=<class 'psychopy.visual.text.TextStim'>, alignHoriz=method-wrapper(...), alignText='center', alignVert=method-wrapper(...), anchorHoriz='center', anchorVert='center', antialias=True, autoDraw=False, autoLog=True, bold=False, color=array([1., 1., 1.]), colorSpace='rgb', contrast=1.0, depth=-12.0, draggable=False, flipHoriz=False, flipVert=False, font='Open Sans', fontFiles=[], height=0.1, italic=False, languageStyle='LTR', name='num3', opacity=1.0, ori=0.0, pos=array([0.075, 0.24 ]), rgb=UNKNOWN, text='', units='norm', win=Window(...), wrapWidth=1)
22.3878 	EXP 	window1: mouseVisible = True
22.3888 	EXP 	Created num4 = TextStim(__class__=<class 'psychopy.visual.text.TextStim'>, alignHoriz=method-wrapper(...), alignText='center', alignVert=method-wrapper(...), anchorHoriz='center', anchorVert='center', antialias=True, autoDraw=False, autoLog=True, bold=False, color=array([1., 1., 1.]), colorSpace='rgb', contrast=1.0, depth=-13.0, draggable=False, flipHoriz=False, flipVert=False, font='Open Sans', fontFiles=[], height=0.1, italic=False, languageStyle='LTR', name='num4', opacity=1.0, ori=0.0, pos=array([0.225, 0.24 ]), rgb=UNKNOWN, text='', units='norm', win=Window(...), wrapWidth=1)
22.3889 	EXP 	window1: mouseVisible = True
22.3906 	EXP 	Created fixCrossR = ShapeStim(__class__=<class 'psychopy.visual.shape.ShapeStim'>, anchor=('center', 'center'), autoDraw=False, autoLog=True, closeShape=True, color=method-wrapper(...), colorSpace='rgb', contrast=None, depth=0.0, draggable=False, fillColor=array([-1, -1, -1]), fillColorSpace='rgb', fillRGB=array([-1, -1, -1]), interpolate=True, lineColor=array([-1., -1., -1.]), lineColorSpace='rgb', lineRGB=array([-1, -1, -1]), lineWidth=1.0, name='fixCrossR', opacity=1.0, ori=0.0, pos=array([0., 0.]), size=array([0.02, 0.02]), units='height', vertices=ndarray(...), win=Window(...), windingRule=None)
22.3907 	EXP 	window1: mouseVisible = True
22.3919 	EXP 	Created text_total = TextStim(__class__=<class 'psychopy.visual.text.TextStim'>, alignHoriz=method-wrapper(...), alignText='center', alignVert=method-wrapper(...), anchorHoriz='center', anchorVert='center', antialias=True, autoDraw=False, autoLog=True, bold=False, color=array([1., 1., 1.]), colorSpace='rgb', contrast=1.0, depth=-1.0, draggable=False, flipHoriz=False, flipVert=False, font='Open Sans', fontFiles=[], height=0.05, italic=False, languageStyle='LTR', name='text_total', opacity=1.0, ori=0.0, pos=array([0., 0.]), rgb=UNKNOWN, text='', units='height', win=Window(...), wrapWidth=1)
22.3920 	EXP 	window1: mouseVisible = True
22.3932 	EXP 	Created text_acc = TextStim(__class__=<class 'psychopy.visual.text.TextStim'>, alignHoriz=method-wrapper(...), alignText='center', alignVert=method-wrapper(...), anchorHoriz='center', anchorVert='center', antialias=True, autoDraw=False, autoLog=True, bold=False, color=array([1., 1., 1.]), colorSpace='rgb', contrast=1.0, depth=-2.0, draggable=False, flipHoriz=False, flipVert=False, font='Open Sans', fontFiles=[], height=0.05, italic=False, languageStyle='LTR', name='text_acc', opacity=1.0, ori=0.0, pos=array([ 0. , -0.3]), rgb=UNKNOWN, text='', units='height', win=Window(...), wrapWidth=1)
0.0086 	EXP 	Created sequence: random, trialTypes=1, nReps=1, seed=None
0.0088 	EXP 	New trial (rep=0, index=0): None
0.0146 	EXP 	Created sequence: random, trialTypes=1, nReps=999, seed=None
0.0173 	EXP 	New trial (rep=0, index=0): None
0.0390 	EXP 	Imported instructions/Instructions_doc.xlsx as conditions, 1 conditions, 1 params
0.0393 	EXP 	Created sequence: sequential, trialTypes=1, nReps=1, seed=None
0.0394 	EXP 	New trial (rep=0, index=0): {'InstructionsFilepath': 'instructions//slide1.png'}
0.1413 	EXP 	imageInstruct: image = 'instructions//slide1.png'
0.1413 	EXP 	imageInstruct: autoDraw = True
1.0443 	DATA 	Mouse: Left button down, pos=(1712,71)
1.0851 	EXP 	New trial (rep=1, index=0): None
1.0889 	EXP 	Imported instructions/Instructions_doc.xlsx as conditions, 1 conditions, 1 params
1.0893 	EXP 	Created sequence: sequential, trialTypes=1, nReps=1, seed=None
1.0894 	EXP 	New trial (rep=0, index=0): {'InstructionsFilepath': 'instructions//slide2.png'}
1.1585 	DATA 	Mouse:  Left button up, pos=(1712,70)
1.1754 	EXP 	imageInstruct: autoDraw = False
1.1754 	EXP 	imageInstruct: image = 'instructions//slide2.png'
1.1754 	EXP 	imageInstruct: autoDraw = True
1.1979 	DATA 	Mouse: Left button down, pos=(1713,70)
1.2395 	EXP 	New trial (rep=2, index=0): None
1.2435 	EXP 	Imported instructions/Instructions_doc.xlsx as conditions, 1 conditions, 1 params
1.2438 	EXP 	Created sequence: sequential, trialTypes=1, nReps=1, seed=None
1.2440 	EXP 	New trial (rep=0, index=0): {'InstructionsFilepath': 'instructions//slide3.png'}
1.3360 	DATA 	Mouse:  Left button up, pos=(1713,70)
1.3440 	DATA 	Mouse: Left button down, pos=(1713,70)
1.3585 	EXP 	imageInstruct: autoDraw = False
1.3585 	EXP 	imageInstruct: image = 'instructions//slide3.png'
1.3585 	EXP 	imageInstruct: autoDraw = True
1.3923 	EXP 	New trial (rep=3, index=0): None
1.3963 	EXP 	Imported instructions/Instructions_doc.xlsx as conditions, 1 conditions, 1 params
1.3967 	EXP 	Created sequence: sequential, trialTypes=1, nReps=1, seed=None
1.3968 	EXP 	New trial (rep=0, index=0): {'InstructionsFilepath': 'instructions//slide4.png'}
1.4670 	DATA 	Mouse:  Left button up, pos=(1713,70)
1.4920 	EXP 	imageInstruct: autoDraw = False
1.4920 	EXP 	imageInstruct: image = 'instructions//slide4.png'
1.4920 	EXP 	imageInstruct: autoDraw = True
1.4926 	DATA 	Mouse: Left button down, pos=(1713,70)
1.5337 	EXP 	New trial (rep=4, index=0): None
1.5380 	EXP 	Imported instructions/Instructions_doc.xlsx as conditions, 1 conditions, 1 params
1.5384 	EXP 	Created sequence: sequential, trialTypes=1, nReps=1, seed=None
1.5385 	EXP 	New trial (rep=0, index=0): {'InstructionsFilepath': 'instructions//slide5.png'}
1.6087 	DATA 	Mouse:  Left button up, pos=(1713,70)
1.6256 	EXP 	imageInstruct: autoDraw = False
1.6256 	EXP 	imageInstruct: image = 'instructions//slide5.png'
1.6256 	EXP 	imageInstruct: autoDraw = True
1.6444 	DATA 	Mouse: Left button down, pos=(1713,70)
1.6947 	EXP 	New trial (rep=5, index=0): None
1.6995 	EXP 	Imported instructions/Instructions_doc.xlsx as conditions, 1 conditions, 1 params
1.6998 	EXP 	Created sequence: sequential, trialTypes=1, nReps=1, seed=None
1.7000 	EXP 	New trial (rep=0, index=0): {'InstructionsFilepath': 'instructions//slide6.png'}
1.7887 	DATA 	Mouse:  Left button up, pos=(1713,70)
1.7975 	DATA 	Mouse: Left button down, pos=(1714,70)
1.8087 	EXP 	imageInstruct: autoDraw = False
1.8087 	EXP 	imageInstruct: image = 'instructions//slide6.png'
1.8087 	EXP 	imageInstruct: autoDraw = True
1.8577 	EXP 	New trial (rep=6, index=0): None
1.8623 	EXP 	Imported instructions/Instructions_doc.xlsx as conditions, 1 conditions, 1 params
1.8626 	EXP 	Created sequence: sequential, trialTypes=1, nReps=0, seed=None
1.9559 	DATA 	Mouse:  Left button up, pos=(1714,70)
1.9562 	DATA 	Mouse: Left button down, pos=(1714,70)
1.9757 	EXP 	imageInstruct: autoDraw = False
1.9757 	EXP 	text_8: autoDraw = True
1.9757 	EXP 	image_17: autoDraw = True
2.0482 	DATA 	Mouse:  Left button up, pos=(1635,73)
2.5268 	DATA 	Mouse: Left button down, pos=(1164,400)
2.5428 	EXP 	text_8: autoDraw = False
2.5428 	EXP 	image_17: autoDraw = False
2.5428 	EXP 	text_9: autoDraw = True
2.5428 	EXP 	image_18: autoDraw = True
2.6312 	DATA 	Mouse:  Left button up, pos=(1133,403)
2.8941 	DATA 	Mouse: Left button down, pos=(757,402)
2.9101 	EXP 	text_9: autoDraw = False
2.9101 	EXP 	image_18: autoDraw = False
2.9101 	EXP 	text_10: autoDraw = True
2.9101 	EXP 	image_19: autoDraw = True
3.0105 	DATA 	Mouse:  Left button up, pos=(744,399)
3.2315 	DATA 	Mouse: Left button down, pos=(1014,399)
3.3274 	DATA 	Mouse:  Left button up, pos=(1014,399)
3.4445 	DATA 	Mouse: Left button down, pos=(1060,391)
3.5444 	DATA 	Mouse:  Left button up, pos=(1064,391)
3.7777 	DATA 	Mouse: Left button down, pos=(1148,384)
3.7939 	EXP 	text_10: autoDraw = False
3.7939 	EXP 	image_19: autoDraw = False
3.7939 	EXP 	text_11: autoDraw = True
3.7939 	EXP 	image_20: autoDraw = True
3.8610 	DATA 	Mouse:  Left button up, pos=(1143,384)
4.1447 	DATA 	Mouse: Left button down, pos=(754,380)
4.1525 	EXP 	Created sequence: random, trialTypes=1, nReps=999, seed=None
4.1551 	EXP 	New trial (rep=0, index=0): None
4.1785 	EXP 	Imported instructions/Instructions2_doc.xlsx as conditions, 1 conditions, 1 params
4.1788 	EXP 	Created sequence: sequential, trialTypes=1, nReps=1, seed=None
4.1790 	EXP 	New trial (rep=0, index=0): {'Instructions2Filepath': 'instructions//slide7.png'}
4.2473 	DATA 	Mouse:  Left button up, pos=(756,380)
4.2776 	EXP 	text_11: autoDraw = False
4.2776 	EXP 	image_20: autoDraw = False
4.2776 	EXP 	imageInstruct_2: image = 'instructions//slide7.png'
4.2776 	EXP 	imageInstruct_2: autoDraw = True
4.7659 	DATA 	Mouse: Left button down, pos=(1693,67)
4.8816 	EXP 	New trial (rep=1, index=0): None
4.8855 	EXP 	Imported instructions/Instructions2_doc.xlsx as conditions, 1 conditions, 1 params
4.8858 	EXP 	Created sequence: sequential, trialTypes=1, nReps=1, seed=None
4.8859 	EXP 	New trial (rep=0, index=0): {'Instructions2Filepath': 'instructions//slide8.png'}
4.9549 	DATA 	Mouse:  Left button up, pos=(1693,69)
4.9552 	DATA 	Mouse: Left button down, pos=(1693,70)
4.9783 	EXP 	imageInstruct_2: autoDraw = False
4.9783 	EXP 	imageInstruct_2: image = 'instructions//slide8.png'
4.9783 	EXP 	imageInstruct_2: autoDraw = True
5.0286 	DATA 	Mouse:  Left button up, pos=(1696,72)
5.0786 	DATA 	Mouse: Left button down, pos=(1695,72)
5.1714 	EXP 	New trial (rep=2, index=0): None
5.1755 	EXP 	Imported instructions/Instructions2_doc.xlsx as conditions, 1 conditions, 1 params
5.1758 	EXP 	Created sequence: sequential, trialTypes=1, nReps=1, seed=None
5.1759 	EXP 	New trial (rep=0, index=0): {'Instructions2Filepath': 'instructions//slide9.png'}
5.2662 	DATA 	Mouse:  Left button up, pos=(1695,72)
5.2664 	DATA 	Mouse: Left button down, pos=(1695,72)
5.2826 	EXP 	imageInstruct_2: autoDraw = False
5.2826 	EXP 	imageInstruct_2: image = 'instructions//slide9.png'
5.2826 	EXP 	imageInstruct_2: autoDraw = True
5.3623 	DATA 	Mouse:  Left button up, pos=(1695,72)
5.5334 	DATA 	Mouse: Left button down, pos=(1708,72)
5.6434 	EXP 	New trial (rep=3, index=0): None
5.6475 	EXP 	Imported instructions/Instructions2_doc.xlsx as conditions, 1 conditions, 1 params
5.6478 	EXP 	Created sequence: sequential, trialTypes=1, nReps=1, seed=None
5.6479 	EXP 	New trial (rep=0, index=0): {'Instructions2Filepath': 'instructions//slide10.png'}
5.7494 	DATA 	Mouse:  Left button up, pos=(1710,72)
5.7654 	EXP 	imageInstruct_2: autoDraw = False
5.7654 	EXP 	imageInstruct_2: image = 'instructions//slide10.png'
5.7654 	EXP 	imageInstruct_2: autoDraw = True
5.7993 	DATA 	Mouse: Left button down, pos=(1727,65)
5.9988 	EXP 	New trial (rep=4, index=0): None
6.0032 	EXP 	Imported instructions/Instructions2_doc.xlsx as conditions, 1 conditions, 1 params
6.0035 	EXP 	Created sequence: sequential, trialTypes=1, nReps=1, seed=None
6.0036 	EXP 	New trial (rep=0, index=0): {'Instructions2Filepath': 'instructions//slide11.png'}
6.0723 	DATA 	Mouse:  Left button up, pos=(1727,65)
6.0957 	EXP 	imageInstruct_2: autoDraw = False
6.0957 	EXP 	imageInstruct_2: image = 'instructions//slide11.png'
6.0957 	EXP 	imageInstruct_2: autoDraw = True
6.3667 	DATA 	Mouse: Left button down, pos=(1726,65)
6.4862 	EXP 	New trial (rep=5, index=0): None
6.4903 	EXP 	Imported instructions/Instructions2_doc.xlsx as conditions, 1 conditions, 1 params
6.4906 	EXP 	Created sequence: sequential, trialTypes=1, nReps=1, seed=None
6.4907 	EXP 	New trial (rep=0, index=0): {'Instructions2Filepath': 'instructions//slide12.png'}
6.5595 	DATA 	Mouse:  Left button up, pos=(1726,65)
6.5795 	EXP 	imageInstruct_2: autoDraw = False
6.5795 	EXP 	imageInstruct_2: image = 'instructions//slide12.png'
6.5795 	EXP 	imageInstruct_2: autoDraw = True
6.8854 	DATA 	Mouse: Left button down, pos=(1720,67)
7.0090 	EXP 	New trial (rep=6, index=0): None
7.0137 	EXP 	Imported instructions/Instructions2_doc.xlsx as conditions, 1 conditions, 1 params
7.0140 	EXP 	Created sequence: sequential, trialTypes=1, nReps=0, seed=None
7.3383 	DATA 	Mouse:  Left button up, pos=(1720,67)
7.3469 	EXP 	imageInstruct_2: autoDraw = False
7.3469 	EXP 	text_17: autoDraw = True
8.2157 	EXP 	Imported participantData/s12/block_0/babySteps_s12.xlsx as conditions, 5 conditions, 15 params
8.2160 	EXP 	Created sequence: sequential, trialTypes=5, nReps=1, seed=None
8.2162 	EXP 	New trial (rep=0, index=0): {'category': 'shoe', 'orientation': 4, 'taskCue': 'stim//ori2.png', 'stimfile': 'stim//shoe4.png', 'resp1': 'Half Right', 'resp2': 'Half Left', 'resp3': 'Full Left', 'resp4': 'Full Right', 'resp5': 'Turtle', 'resp6': 'Horse', 'resp7': 'Shoe', 'resp8': 'Car', 'objFirst': False, 'correctButton': 4, 'interval': 2.476}
8.2187 	DATA 	Keypress: space
8.2309 	EXP 	text_17: autoDraw = False
8.2309 	EXP 	cue: image = 'stim//ori2.png'
8.2309 	EXP 	cue: autoDraw = True
9.2165 	EXP 	Created sequence: sequential, trialTypes=1, nReps=3, seed=None
9.2167 	EXP 	New trial (rep=0, index=0): None
9.4395 	EXP 	cue: autoDraw = False
9.4395 	EXP 	cue: autoDraw = False
9.4395 	EXP 	image: image = 'stim//shoe4.png'
9.4395 	EXP 	image: autoDraw = True
9.4395 	EXP 	fixCrossR_2: autoDraw = True
9.6822 	EXP 	image: autoDraw = False
9.6822 	EXP 	fixCrossR_2: autoDraw = False
9.6822 	EXP 	image: autoDraw = False
9.6822 	EXP 	fixCrossR_2: autoDraw = False
9.6822 	EXP 	fixCrossR_4: autoDraw = True
9.7843 	DATA 	Keypress: 1
9.9168 	EXP 	New trial (rep=1, index=0): None
10.0491 	EXP 	fixCrossR_4: autoDraw = False
10.0491 	EXP 	fixCrossR_4: autoDraw = False
10.0491 	EXP 	image: image = 'stim//shoe4.png'
10.0491 	EXP 	image: autoDraw = True
10.0491 	EXP 	fixCrossR_2: autoDraw = True
10.2995 	EXP 	image: autoDraw = False
10.2995 	EXP 	fixCrossR_2: autoDraw = False
10.2995 	EXP 	image: autoDraw = False
10.2995 	EXP 	fixCrossR_2: autoDraw = False
10.2995 	EXP 	fixCrossR_4: autoDraw = True
10.5341 	EXP 	New trial (rep=2, index=0): None
10.7163 	EXP 	fixCrossR_4: autoDraw = False
10.7163 	EXP 	fixCrossR_4: autoDraw = False
10.7163 	EXP 	image: image = 'stim//shoe4.png'
10.7163 	EXP 	image: autoDraw = True
10.7163 	EXP 	fixCrossR_2: autoDraw = True
10.9666 	EXP 	image: autoDraw = False
10.9666 	EXP 	fixCrossR_2: autoDraw = False
10.9666 	EXP 	image: autoDraw = False
10.9666 	EXP 	fixCrossR_2: autoDraw = False
10.9666 	EXP 	fixCrossR_4: autoDraw = True
11.4842 	EXP 	fixCrossR_4: autoDraw = False
11.4842 	EXP 	fixCrossR_4: autoDraw = False
11.4842 	EXP 	fixCross_2: fillColor = <psychopy.colors.Color: black, alpha=1.0>
11.4842 	EXP 	fixCross_2: borderColor = <psychopy.colors.Color: black, alpha=1.0>
11.4842 	EXP 	text1_2: foreColor = <psychopy.colors.Color: white, alpha=1.0>
11.4842 	EXP 	text1_2: height = 0.05
11.4842 	EXP 	text1_2: height = 0.05
11.4842 	EXP 	text1_2: height = 0.05
11.4842 	EXP 	text1_2: text = 'Half Right'
11.4842 	EXP 	text2_2: foreColor = <psychopy.colors.Color: white, alpha=1.0>
11.4842 	EXP 	text2_2: height = 0.05
11.4842 	EXP 	text2_2: height = 0.05
11.4842 	EXP 	text2_2: height = 0.05
11.4842 	EXP 	text2_2: text = 'Half Left'
11.4842 	EXP 	text3_2: foreColor = <psychopy.colors.Color: white, alpha=1.0>
11.4842 	EXP 	text3_2: height = 0.05
11.4842 	EXP 	text3_2: height = 0.05
11.4842 	EXP 	text3_2: height = 0.05
11.4842 	EXP 	text3_2: text = 'Full Left'
11.4842 	EXP 	text4_2: foreColor = <psychopy.colors.Color: white, alpha=1.0>
11.4842 	EXP 	text4_2: height = 0.05
11.4842 	EXP 	text4_2: height = 0.05
11.4842 	EXP 	text4_2: height = 0.05
11.4842 	EXP 	text4_2: text = 'Full Right'
11.4842 	EXP 	text5_2: foreColor = <psychopy.colors.Color: white, alpha=1.0>
11.4842 	EXP 	text5_2: height = 0.05
11.4842 	EXP 	text5_2: height = 0.05
11.4842 	EXP 	text5_2: height = 0.05
11.4842 	EXP 	text5_2: text = 'Turtle'
11.4842 	EXP 	text6_2: foreColor = <psychopy.colors.Color: white, alpha=1.0>
11.4842 	EXP 	text6_2: height = 0.05
11.4842 	EXP 	text6_2: height = 0.05
11.4842 	EXP 	text6_2: height = 0.05
11.4842 	EXP 	text6_2: text = 'Horse'
11.4842 	EXP 	text7_2: foreColor = <psychopy.colors.Color: white, alpha=1.0>
11.4842 	EXP 	text7_2: height = 0.05
11.4842 	EXP 	text7_2: height = 0.05
11.4842 	EXP 	text7_2: height = 0.05
11.4842 	EXP 	text7_2: text = 'Shoe'
11.4842 	EXP 	text8_2: foreColor = <psychopy.colors.Color: white, alpha=1.0>
11.4842 	EXP 	text8_2: height = 0.05
11.4842 	EXP 	text8_2: height = 0.05
11.4842 	EXP 	text8_2: height = 0.05
11.4842 	EXP 	text8_2: text = 'Car'
11.4842 	EXP 	num1_2: foreColor = <psychopy.colors.Color: white, alpha=1.0>
11.4842 	EXP 	num1_2: height = 0.1
11.4842 	EXP 	num1_2: height = 0.1
11.4842 	EXP 	num1_2: height = 0.1
11.4842 	EXP 	num1_2: text = '1'
11.4842 	EXP 	num2_2: foreColor = <psychopy.colors.Color: white, alpha=1.0>
11.4842 	EXP 	num2_2: height = 0.1
11.4842 	EXP 	num2_2: height = 0.1
11.4842 	EXP 	num2_2: height = 0.1
11.4842 	EXP 	num2_2: text = '2'
11.4842 	EXP 	num3_2: foreColor = <psychopy.colors.Color: white, alpha=1.0>
11.4842 	EXP 	num3_2: height = 0.1
11.4842 	EXP 	num3_2: height = 0.1
11.4842 	EXP 	num3_2: height = 0.1
11.4842 	EXP 	num3_2: text = '3'
11.4842 	EXP 	num4_2: foreColor = <psychopy.colors.Color: white, alpha=1.0>
11.4842 	EXP 	num4_2: height = 0.1
11.4842 	EXP 	num4_2: height = 0.1
11.4842 	EXP 	num4_2: height = 0.1
11.4842 	EXP 	num4_2: text = '4'
11.4842 	EXP 	fixCross_2: autoDraw = True
11.4842 	EXP 	text1_2: autoDraw = True
11.4842 	EXP 	text2_2: autoDraw = True
11.4842 	EXP 	text3_2: autoDraw = True
11.4842 	EXP 	text4_2: autoDraw = True
11.4842 	EXP 	text5_2: autoDraw = True
11.4842 	EXP 	text6_2: autoDraw = True
11.4842 	EXP 	text7_2: autoDraw = True
11.4842 	EXP 	text8_2: autoDraw = True
11.4842 	EXP 	num1_2: autoDraw = True
11.4842 	EXP 	num2_2: autoDraw = True
11.4842 	EXP 	num3_2: autoDraw = True
11.4842 	EXP 	num4_2: autoDraw = True
11.7179 	DATA 	Keypress: 1
11.7340 	EXP 	fixCross_2: foreColor = <psychopy.colors.Color: (1.0, 0.0, 0.0, 1.0)>
11.7340 	EXP 	fixCross_2: borderColor = <psychopy.colors.Color: (1.0, 0.0, 0.0, 1.0)>
11.7340 	EXP 	fixCross_2: fillColor = <psychopy.colors.Color: (1.0, 0.0, 0.0, 1.0)>
11.7340 	EXP 	text1_2: foreColor = <psychopy.colors.Color: (1.0, 0.0, 0.0, 1.0)>
11.7340 	EXP 	text5_2: foreColor = <psychopy.colors.Color: (1.0, 0.0, 0.0, 1.0)>
11.7340 	EXP 	num1_2: foreColor = <psychopy.colors.Color: (1.0, 0.0, 0.0, 1.0)>
11.7340 	EXP 	text4_2: foreColor = <psychopy.colors.Color: (0.0, 1.0, 0.0, 1.0)>
11.7340 	EXP 	text8_2: foreColor = <psychopy.colors.Color: (0.0, 1.0, 0.0, 1.0)>
11.7340 	EXP 	num4_2: foreColor = <psychopy.colors.Color: (0.0, 1.0, 0.0, 1.0)>
11.7340 	EXP 	text4_2: foreColor = <psychopy.colors.Color: (0.0, 1.0, 0.0, 1.0)>
11.7340 	EXP 	text8_2: foreColor = <psychopy.colors.Color: (0.0, 1.0, 0.0, 1.0)>
11.7340 	EXP 	num4_2: foreColor = <psychopy.colors.Color: (0.0, 1.0, 0.0, 1.0)>
11.7340 	EXP 	text4_2: foreColor = <psychopy.colors.Color: (0.0, 1.0, 0.0, 1.0)>
11.7340 	EXP 	text8_2: foreColor = <psychopy.colors.Color: (0.0, 1.0, 0.0, 1.0)>
11.7340 	EXP 	num4_2: foreColor = <psychopy.colors.Color: (0.0, 1.0, 0.0, 1.0)>
11.7340 	EXP 	text4_2: foreColor = <psychopy.colors.Color: (0.0, 1.0, 0.0, 1.0)>
11.7340 	EXP 	text8_2: foreColor = <psychopy.colors.Color: (0.0, 1.0, 0.0, 1.0)>
11.7340 	EXP 	num4_2: foreColor = <psychopy.colors.Color: (0.0, 1.0, 0.0, 1.0)>
14.7219 	EXP 	New trial (rep=0, index=1): {'category': 'turtle', 'orientation': 4, 'taskCue': 'stim//obj2.png', 'stimfile': 'stim//turtle4.png', 'resp1': 'Turtle', 'resp2': 'Car', 'resp3': 'Horse', 'resp4': 'Shoe', 'resp5': 'Full Left', 'resp6': 'Half Right', 'resp7': 'Full Right', 'resp8': 'Half Left', 'objFirst': True, 'correctButton': 1, 'interval': 2.499}
14.7531 	EXP 	fixCross_2: autoDraw = False
14.7531 	EXP 	text1_2: autoDraw = False
14.7531 	EXP 	text2_2: autoDraw = False
14.7531 	EXP 	text3_2: autoDraw = False
14.7531 	EXP 	text4_2: autoDraw = False
14.7531 	EXP 	text5_2: autoDraw = False
14.7531 	EXP 	text6_2: autoDraw = False
14.7531 	EXP 	text7_2: autoDraw = False
14.7531 	EXP 	text8_2: autoDraw = False
14.7531 	EXP 	num1_2: autoDraw = False
14.7531 	EXP 	num2_2: autoDraw = False
14.7531 	EXP 	num3_2: autoDraw = False
14.7531 	EXP 	num4_2: autoDraw = False
14.7531 	EXP 	fixCross: foreColor = <psychopy.colors.Color: transparent, alpha=1.0>
14.7531 	EXP 	fixCross: borderColor = <psychopy.colors.Color: transparent, alpha=1.0>
14.7531 	EXP 	fixCross: fillColor = <psychopy.colors.Color: transparent, alpha=1.0>
14.7531 	EXP 	cue: image = 'stim//obj2.png'
14.7531 	EXP 	cue: autoDraw = True
15.7381 	EXP 	Created sequence: sequential, trialTypes=1, nReps=3, seed=None
15.7383 	EXP 	New trial (rep=0, index=0): None
15.8707 	EXP 	cue: autoDraw = False
15.8707 	EXP 	cue: autoDraw = False
15.8707 	EXP 	image: image = 'stim//turtle4.png'
15.8707 	EXP 	image: autoDraw = True
15.8707 	EXP 	fixCrossR_2: autoDraw = True
16.1209 	EXP 	image: autoDraw = False
16.1209 	EXP 	fixCrossR_2: autoDraw = False
16.1209 	EXP 	image: autoDraw = False
16.1209 	EXP 	fixCrossR_2: autoDraw = False
16.1209 	EXP 	fixCrossR_4: autoDraw = True
16.3552 	EXP 	New trial (rep=1, index=0): None
16.4709 	EXP 	fixCrossR_4: autoDraw = False
16.4709 	EXP 	fixCrossR_4: autoDraw = False
16.4709 	EXP 	image: image = 'stim//turtle4.png'
16.4709 	EXP 	image: autoDraw = True
16.4709 	EXP 	fixCrossR_2: autoDraw = True
16.7214 	EXP 	image: autoDraw = False
16.7214 	EXP 	fixCrossR_2: autoDraw = False
16.7214 	EXP 	image: autoDraw = False
16.7214 	EXP 	fixCrossR_2: autoDraw = False
16.7214 	EXP 	fixCrossR_4: autoDraw = True
16.9557 	EXP 	New trial (rep=2, index=0): None
17.1384 	EXP 	fixCrossR_4: autoDraw = False
17.1384 	EXP 	fixCrossR_4: autoDraw = False
17.1384 	EXP 	image: image = 'stim//turtle4.png'
17.1384 	EXP 	image: autoDraw = True
17.1384 	EXP 	fixCrossR_2: autoDraw = True
17.3887 	EXP 	image: autoDraw = False
17.3887 	EXP 	fixCrossR_2: autoDraw = False
17.3887 	EXP 	image: autoDraw = False
17.3887 	EXP 	fixCrossR_2: autoDraw = False
17.3887 	EXP 	fixCrossR_4: autoDraw = True
17.8057 	EXP 	fixCrossR_4: autoDraw = False
17.8057 	EXP 	fixCrossR_4: autoDraw = False
17.8057 	EXP 	fixCross_2: fillColor = <psychopy.colors.Color: black, alpha=1.0>
17.8057 	EXP 	fixCross_2: borderColor = <psychopy.colors.Color: black, alpha=1.0>
17.8057 	EXP 	text1_2: foreColor = <psychopy.colors.Color: white, alpha=1.0>
17.8057 	EXP 	text1_2: height = 0.05
17.8057 	EXP 	text1_2: height = 0.05
17.8057 	EXP 	text1_2: height = 0.05
17.8057 	EXP 	text1_2: text = 'Turtle'
17.8057 	EXP 	text2_2: foreColor = <psychopy.colors.Color: white, alpha=1.0>
17.8057 	EXP 	text2_2: height = 0.05
17.8057 	EXP 	text2_2: height = 0.05
17.8057 	EXP 	text2_2: height = 0.05
17.8057 	EXP 	text2_2: text = 'Car'
17.8057 	EXP 	text3_2: foreColor = <psychopy.colors.Color: white, alpha=1.0>
17.8057 	EXP 	text3_2: height = 0.05
17.8057 	EXP 	text3_2: height = 0.05
17.8057 	EXP 	text3_2: height = 0.05
17.8057 	EXP 	text3_2: text = 'Horse'
17.8057 	EXP 	text4_2: foreColor = <psychopy.colors.Color: white, alpha=1.0>
17.8057 	EXP 	text4_2: height = 0.05
17.8057 	EXP 	text4_2: height = 0.05
17.8057 	EXP 	text4_2: height = 0.05
17.8057 	EXP 	text4_2: text = 'Shoe'
17.8057 	EXP 	text5_2: foreColor = <psychopy.colors.Color: white, alpha=1.0>
17.8057 	EXP 	text5_2: height = 0.05
17.8057 	EXP 	text5_2: height = 0.05
17.8057 	EXP 	text5_2: height = 0.05
17.8057 	EXP 	text5_2: text = 'Full Left'
17.8057 	EXP 	text6_2: foreColor = <psychopy.colors.Color: white, alpha=1.0>
17.8057 	EXP 	text6_2: height = 0.05
17.8057 	EXP 	text6_2: height = 0.05
17.8057 	EXP 	text6_2: height = 0.05
17.8057 	EXP 	text6_2: text = 'Half Right'
17.8057 	EXP 	text7_2: foreColor = <psychopy.colors.Color: white, alpha=1.0>
17.8057 	EXP 	text7_2: height = 0.05
17.8057 	EXP 	text7_2: height = 0.05
17.8057 	EXP 	text7_2: height = 0.05
17.8057 	EXP 	text7_2: text = 'Full Right'
17.8057 	EXP 	text8_2: foreColor = <psychopy.colors.Color: white, alpha=1.0>
17.8057 	EXP 	text8_2: height = 0.05
17.8057 	EXP 	text8_2: height = 0.05
17.8057 	EXP 	text8_2: height = 0.05
17.8057 	EXP 	text8_2: text = 'Half Left'
17.8057 	EXP 	num1_2: foreColor = <psychopy.colors.Color: white, alpha=1.0>
17.8057 	EXP 	num1_2: text = '1'
17.8057 	EXP 	num2_2: foreColor = <psychopy.colors.Color: white, alpha=1.0>
17.8057 	EXP 	num2_2: text = '2'
17.8057 	EXP 	num3_2: foreColor = <psychopy.colors.Color: white, alpha=1.0>
17.8057 	EXP 	num3_2: text = '3'
17.8057 	EXP 	num4_2: foreColor = <psychopy.colors.Color: white, alpha=1.0>
17.8057 	EXP 	num4_2: text = '4'
17.8057 	EXP 	fixCross_2: autoDraw = True
17.8057 	EXP 	text1_2: autoDraw = True
17.8057 	EXP 	text2_2: autoDraw = True
17.8057 	EXP 	text3_2: autoDraw = True
17.8057 	EXP 	text4_2: autoDraw = True
17.8057 	EXP 	text5_2: autoDraw = True
17.8057 	EXP 	text6_2: autoDraw = True
17.8057 	EXP 	text7_2: autoDraw = True
17.8057 	EXP 	text8_2: autoDraw = True
17.8057 	EXP 	num1_2: autoDraw = True
17.8057 	EXP 	num2_2: autoDraw = True
17.8057 	EXP 	num3_2: autoDraw = True
17.8057 	EXP 	num4_2: autoDraw = True
19.0908 	DATA 	Keypress: 9
20.3152 	DATA 	Keypress: 4
20.3409 	EXP 	text1_2: foreColor = <psychopy.colors.Color: (0.0, 1.0, 0.0, 1.0)>
20.3409 	EXP 	text5_2: foreColor = <psychopy.colors.Color: (0.0, 1.0, 0.0, 1.0)>
20.3409 	EXP 	num1_2: foreColor = <psychopy.colors.Color: (0.0, 1.0, 0.0, 1.0)>
20.3409 	EXP 	text1_2: foreColor = <psychopy.colors.Color: (0.0, 1.0, 0.0, 1.0)>
20.3409 	EXP 	text5_2: foreColor = <psychopy.colors.Color: (0.0, 1.0, 0.0, 1.0)>
20.3409 	EXP 	num1_2: foreColor = <psychopy.colors.Color: (0.0, 1.0, 0.0, 1.0)>
20.3409 	EXP 	text1_2: foreColor = <psychopy.colors.Color: (0.0, 1.0, 0.0, 1.0)>
20.3409 	EXP 	text5_2: foreColor = <psychopy.colors.Color: (0.0, 1.0, 0.0, 1.0)>
20.3409 	EXP 	num1_2: foreColor = <psychopy.colors.Color: (0.0, 1.0, 0.0, 1.0)>
20.3409 	EXP 	fixCross_2: foreColor = <psychopy.colors.Color: (1.0, 0.0, 0.0, 1.0)>
20.3409 	EXP 	fixCross_2: borderColor = <psychopy.colors.Color: (1.0, 0.0, 0.0, 1.0)>
20.3409 	EXP 	fixCross_2: fillColor = <psychopy.colors.Color: (1.0, 0.0, 0.0, 1.0)>
20.3409 	EXP 	text4_2: foreColor = <psychopy.colors.Color: (1.0, 0.0, 0.0, 1.0)>
20.3409 	EXP 	text8_2: foreColor = <psychopy.colors.Color: (1.0, 0.0, 0.0, 1.0)>
20.3409 	EXP 	num4_2: foreColor = <psychopy.colors.Color: (1.0, 0.0, 0.0, 1.0)>
20.3409 	EXP 	text1_2: foreColor = <psychopy.colors.Color: (0.0, 1.0, 0.0, 1.0)>
20.3409 	EXP 	text5_2: foreColor = <psychopy.colors.Color: (0.0, 1.0, 0.0, 1.0)>
20.3409 	EXP 	num1_2: foreColor = <psychopy.colors.Color: (0.0, 1.0, 0.0, 1.0)>
23.3293 	EXP 	New trial (rep=0, index=2): {'category': 'turtle', 'orientation': 3, 'taskCue': 'stim//ori1.png', 'stimfile': 'stim//turtle3.png', 'resp1': 'Full Left', 'resp2': 'Full Right', 'resp3': 'Half Left', 'resp4': 'Half Right', 'resp5': 'Car', 'resp6': 'Shoe', 'resp7': 'Turtle', 'resp8': 'Horse', 'objFirst': False, 'correctButton': 4, 'interval': 2.49}
23.3436 	EXP 	fixCross_2: autoDraw = False
23.3436 	EXP 	text1_2: autoDraw = False
23.3436 	EXP 	text2_2: autoDraw = False
23.3436 	EXP 	text3_2: autoDraw = False
23.3436 	EXP 	text4_2: autoDraw = False
23.3436 	EXP 	text5_2: autoDraw = False
23.3436 	EXP 	text6_2: autoDraw = False
23.3436 	EXP 	text7_2: autoDraw = False
23.3436 	EXP 	text8_2: autoDraw = False
23.3436 	EXP 	num1_2: autoDraw = False
23.3436 	EXP 	num2_2: autoDraw = False
23.3436 	EXP 	num3_2: autoDraw = False
23.3436 	EXP 	num4_2: autoDraw = False
23.3436 	EXP 	fixCross: foreColor = <psychopy.colors.Color: transparent, alpha=1.0>
23.3436 	EXP 	fixCross: borderColor = <psychopy.colors.Color: transparent, alpha=1.0>
23.3436 	EXP 	fixCross: fillColor = <psychopy.colors.Color: transparent, alpha=1.0>
23.3436 	EXP 	cue: image = 'stim//ori1.png'
23.3436 	EXP 	cue: autoDraw = True
24.3288 	EXP 	Created sequence: sequential, trialTypes=1, nReps=3, seed=None
24.3290 	EXP 	New trial (rep=0, index=0): None
24.4611 	EXP 	cue: autoDraw = False
24.4611 	EXP 	cue: autoDraw = False
24.4611 	EXP 	image: image = 'stim//turtle3.png'
24.4611 	EXP 	image: autoDraw = True
24.4611 	EXP 	fixCrossR_2: autoDraw = True
24.7111 	EXP 	image: autoDraw = False
24.7111 	EXP 	fixCrossR_2: autoDraw = False
24.7111 	EXP 	image: autoDraw = False
24.7111 	EXP 	fixCrossR_2: autoDraw = False
24.7111 	EXP 	fixCrossR_4: autoDraw = True
24.9459 	EXP 	New trial (rep=1, index=0): None
25.0784 	EXP 	fixCrossR_4: autoDraw = False
25.0784 	EXP 	fixCrossR_4: autoDraw = False
25.0784 	EXP 	image: image = 'stim//turtle3.png'
25.0784 	EXP 	image: autoDraw = True
25.0784 	EXP 	fixCrossR_2: autoDraw = True
25.3286 	EXP 	image: autoDraw = False
25.3286 	EXP 	fixCrossR_2: autoDraw = False
25.3286 	EXP 	image: autoDraw = False
25.3286 	EXP 	fixCrossR_2: autoDraw = False
25.3286 	EXP 	fixCrossR_4: autoDraw = True
25.5630 	EXP 	New trial (rep=2, index=0): None
25.7455 	EXP 	fixCrossR_4: autoDraw = False
25.7455 	EXP 	fixCrossR_4: autoDraw = False
25.7455 	EXP 	image: image = 'stim//turtle3.png'
25.7455 	EXP 	image: autoDraw = True
25.7455 	EXP 	fixCrossR_2: autoDraw = True
25.9955 	EXP 	image: autoDraw = False
25.9955 	EXP 	fixCrossR_2: autoDraw = False
25.9955 	EXP 	image: autoDraw = False
25.9955 	EXP 	fixCrossR_2: autoDraw = False
25.9955 	EXP 	fixCrossR_4: autoDraw = True
26.4127 	EXP 	fixCrossR_4: autoDraw = False
26.4127 	EXP 	fixCrossR_4: autoDraw = False
26.4127 	EXP 	fixCross_2: fillColor = <psychopy.colors.Color: black, alpha=1.0>
26.4127 	EXP 	fixCross_2: borderColor = <psychopy.colors.Color: black, alpha=1.0>
26.4127 	EXP 	text1_2: foreColor = <psychopy.colors.Color: white, alpha=1.0>
26.4127 	EXP 	text1_2: height = 0.05
26.4127 	EXP 	text1_2: height = 0.05
26.4127 	EXP 	text1_2: height = 0.05
26.4127 	EXP 	text1_2: text = 'Full Left'
26.4127 	EXP 	text2_2: foreColor = <psychopy.colors.Color: white, alpha=1.0>
26.4127 	EXP 	text2_2: height = 0.05
26.4127 	EXP 	text2_2: height = 0.05
26.4127 	EXP 	text2_2: height = 0.05
26.4127 	EXP 	text2_2: text = 'Full Right'
26.4127 	EXP 	text3_2: foreColor = <psychopy.colors.Color: white, alpha=1.0>
26.4127 	EXP 	text3_2: height = 0.05
26.4127 	EXP 	text3_2: height = 0.05
26.4127 	EXP 	text3_2: height = 0.05
26.4127 	EXP 	text3_2: text = 'Half Left'
26.4127 	EXP 	text4_2: foreColor = <psychopy.colors.Color: white, alpha=1.0>
26.4127 	EXP 	text4_2: height = 0.05
26.4127 	EXP 	text4_2: height = 0.05
26.4127 	EXP 	text4_2: height = 0.05
26.4127 	EXP 	text4_2: text = 'Half Right'
26.4127 	EXP 	text5_2: foreColor = <psychopy.colors.Color: white, alpha=1.0>
26.4127 	EXP 	text5_2: height = 0.05
26.4127 	EXP 	text5_2: height = 0.05
26.4127 	EXP 	text5_2: height = 0.05
26.4127 	EXP 	text5_2: text = 'Car'
26.4127 	EXP 	text6_2: foreColor = <psychopy.colors.Color: white, alpha=1.0>
26.4127 	EXP 	text6_2: height = 0.05
26.4127 	EXP 	text6_2: height = 0.05
26.4127 	EXP 	text6_2: height = 0.05
26.4127 	EXP 	text6_2: text = 'Shoe'
26.4127 	EXP 	text7_2: foreColor = <psychopy.colors.Color: white, alpha=1.0>
26.4127 	EXP 	text7_2: height = 0.05
26.4127 	EXP 	text7_2: height = 0.05
26.4127 	EXP 	text7_2: height = 0.05
26.4127 	EXP 	text7_2: text = 'Turtle'
26.4127 	EXP 	text8_2: foreColor = <psychopy.colors.Color: white, alpha=1.0>
26.4127 	EXP 	text8_2: height = 0.05
26.4127 	EXP 	text8_2: height = 0.05
26.4127 	EXP 	text8_2: height = 0.05
26.4127 	EXP 	text8_2: text = 'Horse'
26.4127 	EXP 	num1_2: foreColor = <psychopy.colors.Color: white, alpha=1.0>
26.4127 	EXP 	num1_2: text = '1'
26.4127 	EXP 	num2_2: foreColor = <psychopy.colors.Color: white, alpha=1.0>
26.4127 	EXP 	num2_2: text = '2'
26.4127 	EXP 	num3_2: foreColor = <psychopy.colors.Color: white, alpha=1.0>
26.4127 	EXP 	num3_2: text = '3'
26.4127 	EXP 	num4_2: foreColor = <psychopy.colors.Color: white, alpha=1.0>
26.4127 	EXP 	num4_2: text = '4'
26.4127 	EXP 	fixCross_2: autoDraw = True
26.4127 	EXP 	text1_2: autoDraw = True
26.4127 	EXP 	text2_2: autoDraw = True
26.4127 	EXP 	text3_2: autoDraw = True
26.4127 	EXP 	text4_2: autoDraw = True
26.4127 	EXP 	text5_2: autoDraw = True
26.4127 	EXP 	text6_2: autoDraw = True
26.4127 	EXP 	text7_2: autoDraw = True
26.4127 	EXP 	text8_2: autoDraw = True
26.4127 	EXP 	num1_2: autoDraw = True
26.4127 	EXP 	num2_2: autoDraw = True
26.4127 	EXP 	num3_2: autoDraw = True
26.4127 	EXP 	num4_2: autoDraw = True
26.8208 	DATA 	Keypress: 2
26.8463 	EXP 	text4_2: foreColor = <psychopy.colors.Color: (0.0, 1.0, 0.0, 1.0)>
26.8463 	EXP 	text8_2: foreColor = <psychopy.colors.Color: (0.0, 1.0, 0.0, 1.0)>
26.8463 	EXP 	num4_2: foreColor = <psychopy.colors.Color: (0.0, 1.0, 0.0, 1.0)>
26.8463 	EXP 	fixCross_2: foreColor = <psychopy.colors.Color: (1.0, 0.0, 0.0, 1.0)>
26.8463 	EXP 	fixCross_2: borderColor = <psychopy.colors.Color: (1.0, 0.0, 0.0, 1.0)>
26.8463 	EXP 	fixCross_2: fillColor = <psychopy.colors.Color: (1.0, 0.0, 0.0, 1.0)>
26.8463 	EXP 	text2_2: foreColor = <psychopy.colors.Color: (1.0, 0.0, 0.0, 1.0)>
26.8463 	EXP 	text6_2: foreColor = <psychopy.colors.Color: (1.0, 0.0, 0.0, 1.0)>
26.8463 	EXP 	num2_2: foreColor = <psychopy.colors.Color: (1.0, 0.0, 0.0, 1.0)>
26.8463 	EXP 	text4_2: foreColor = <psychopy.colors.Color: (0.0, 1.0, 0.0, 1.0)>
26.8463 	EXP 	text8_2: foreColor = <psychopy.colors.Color: (0.0, 1.0, 0.0, 1.0)>
26.8463 	EXP 	num4_2: foreColor = <psychopy.colors.Color: (0.0, 1.0, 0.0, 1.0)>
26.8463 	EXP 	text4_2: foreColor = <psychopy.colors.Color: (0.0, 1.0, 0.0, 1.0)>
26.8463 	EXP 	text8_2: foreColor = <psychopy.colors.Color: (0.0, 1.0, 0.0, 1.0)>
26.8463 	EXP 	num4_2: foreColor = <psychopy.colors.Color: (0.0, 1.0, 0.0, 1.0)>
26.8463 	EXP 	text4_2: foreColor = <psychopy.colors.Color: (0.0, 1.0, 0.0, 1.0)>
26.8463 	EXP 	text8_2: foreColor = <psychopy.colors.Color: (0.0, 1.0, 0.0, 1.0)>
26.8463 	EXP 	num4_2: foreColor = <psychopy.colors.Color: (0.0, 1.0, 0.0, 1.0)>
29.8350 	EXP 	New trial (rep=0, index=3): {'category': 'car', 'orientation': 3, 'taskCue': 'stim//ori1.png', 'stimfile': 'stim//car3.png', 'resp1': 'Horse', 'resp2': 'Car', 'resp3': 'Turtle', 'resp4': 'Shoe', 'resp5': 'Full Right', 'resp6': 'Full Left', 'resp7': 'Half Left', 'resp8': 'Half Right', 'objFirst': True, 'correctButton': 4, 'interval': 2.453}
29.8490 	EXP 	fixCross_2: autoDraw = False
29.8490 	EXP 	text1_2: autoDraw = False
29.8490 	EXP 	text2_2: autoDraw = False
29.8490 	EXP 	text3_2: autoDraw = False
29.8490 	EXP 	text4_2: autoDraw = False
29.8490 	EXP 	text5_2: autoDraw = False
29.8490 	EXP 	text6_2: autoDraw = False
29.8490 	EXP 	text7_2: autoDraw = False
29.8490 	EXP 	text8_2: autoDraw = False
29.8490 	EXP 	num1_2: autoDraw = False
29.8490 	EXP 	num2_2: autoDraw = False
29.8490 	EXP 	num3_2: autoDraw = False
29.8490 	EXP 	num4_2: autoDraw = False
29.8490 	EXP 	fixCross: foreColor = <psychopy.colors.Color: transparent, alpha=1.0>
29.8490 	EXP 	fixCross: borderColor = <psychopy.colors.Color: transparent, alpha=1.0>
29.8490 	EXP 	fixCross: fillColor = <psychopy.colors.Color: transparent, alpha=1.0>
29.8490 	EXP 	cue: image = 'stim//ori1.png'
29.8490 	EXP 	cue: autoDraw = True
30.8341 	EXP 	Created sequence: sequential, trialTypes=1, nReps=3, seed=None
30.8343 	EXP 	New trial (rep=0, index=0): None
30.9665 	EXP 	cue: autoDraw = False
30.9665 	EXP 	cue: autoDraw = False
30.9665 	EXP 	image: image = 'stim//car3.png'
30.9665 	EXP 	image: autoDraw = True
30.9665 	EXP 	fixCrossR_2: autoDraw = True
31.2168 	EXP 	image: autoDraw = False
31.2168 	EXP 	fixCrossR_2: autoDraw = False
31.2168 	EXP 	image: autoDraw = False
31.2168 	EXP 	fixCrossR_2: autoDraw = False
31.2168 	EXP 	fixCrossR_4: autoDraw = True
31.4513 	EXP 	New trial (rep=1, index=0): None
31.5676 	EXP 	fixCrossR_4: autoDraw = False
31.5676 	EXP 	fixCrossR_4: autoDraw = False
31.5676 	EXP 	image: image = 'stim//car3.png'
31.5676 	EXP 	image: autoDraw = True
31.5676 	EXP 	fixCrossR_2: autoDraw = True
31.8174 	EXP 	image: autoDraw = False
31.8174 	EXP 	fixCrossR_2: autoDraw = False
31.8174 	EXP 	image: autoDraw = False
31.8174 	EXP 	fixCrossR_2: autoDraw = False
31.8174 	EXP 	fixCrossR_4: autoDraw = True
32.0520 	EXP 	New trial (rep=2, index=0): None
32.2341 	EXP 	fixCrossR_4: autoDraw = False
32.2341 	EXP 	fixCrossR_4: autoDraw = False
32.2341 	EXP 	image: image = 'stim//car3.png'
32.2341 	EXP 	image: autoDraw = True
32.2341 	EXP 	fixCrossR_2: autoDraw = True
32.4846 	EXP 	image: autoDraw = False
32.4846 	EXP 	fixCrossR_2: autoDraw = False
32.4846 	EXP 	image: autoDraw = False
32.4846 	EXP 	fixCrossR_2: autoDraw = False
32.4846 	EXP 	fixCrossR_4: autoDraw = True
33.1185 	EXP 	fixCrossR_4: autoDraw = False
33.1185 	EXP 	fixCrossR_4: autoDraw = False
33.1185 	EXP 	fixCross_2: fillColor = <psychopy.colors.Color: black, alpha=1.0>
33.1185 	EXP 	fixCross_2: borderColor = <psychopy.colors.Color: black, alpha=1.0>
33.1185 	EXP 	text1_2: foreColor = <psychopy.colors.Color: white, alpha=1.0>
33.1185 	EXP 	text1_2: height = 0.05
33.1185 	EXP 	text1_2: height = 0.05
33.1185 	EXP 	text1_2: height = 0.05
33.1185 	EXP 	text1_2: text = 'Horse'
33.1185 	EXP 	text2_2: foreColor = <psychopy.colors.Color: white, alpha=1.0>
33.1185 	EXP 	text2_2: height = 0.05
33.1185 	EXP 	text2_2: height = 0.05
33.1185 	EXP 	text2_2: height = 0.05
33.1185 	EXP 	text2_2: text = 'Car'
33.1185 	EXP 	text3_2: foreColor = <psychopy.colors.Color: white, alpha=1.0>
33.1185 	EXP 	text3_2: height = 0.05
33.1185 	EXP 	text3_2: height = 0.05
33.1185 	EXP 	text3_2: height = 0.05
33.1185 	EXP 	text3_2: text = 'Turtle'
33.1185 	EXP 	text4_2: foreColor = <psychopy.colors.Color: white, alpha=1.0>
33.1185 	EXP 	text4_2: height = 0.05
33.1185 	EXP 	text4_2: height = 0.05
33.1185 	EXP 	text4_2: height = 0.05
33.1185 	EXP 	text4_2: text = 'Shoe'
33.1185 	EXP 	text5_2: foreColor = <psychopy.colors.Color: white, alpha=1.0>
33.1185 	EXP 	text5_2: height = 0.05
33.1185 	EXP 	text5_2: height = 0.05
33.1185 	EXP 	text5_2: height = 0.05
33.1185 	EXP 	text5_2: text = 'Full Right'
33.1185 	EXP 	text6_2: foreColor = <psychopy.colors.Color: white, alpha=1.0>
33.1185 	EXP 	text6_2: height = 0.05
33.1185 	EXP 	text6_2: height = 0.05
33.1185 	EXP 	text6_2: height = 0.05
33.1185 	EXP 	text6_2: text = 'Full Left'
33.1185 	EXP 	text7_2: foreColor = <psychopy.colors.Color: white, alpha=1.0>
33.1185 	EXP 	text7_2: height = 0.05
33.1185 	EXP 	text7_2: height = 0.05
33.1185 	EXP 	text7_2: height = 0.05
33.1185 	EXP 	text7_2: text = 'Half Left'
33.1185 	EXP 	text8_2: foreColor = <psychopy.colors.Color: white, alpha=1.0>
33.1185 	EXP 	text8_2: height = 0.05
33.1185 	EXP 	text8_2: height = 0.05
33.1185 	EXP 	text8_2: height = 0.05
33.1185 	EXP 	text8_2: text = 'Half Right'
33.1185 	EXP 	num1_2: foreColor = <psychopy.colors.Color: white, alpha=1.0>
33.1185 	EXP 	num1_2: text = '1'
33.1185 	EXP 	num2_2: foreColor = <psychopy.colors.Color: white, alpha=1.0>
33.1185 	EXP 	num2_2: text = '2'
33.1185 	EXP 	num3_2: foreColor = <psychopy.colors.Color: white, alpha=1.0>
33.1185 	EXP 	num3_2: text = '3'
33.1185 	EXP 	num4_2: foreColor = <psychopy.colors.Color: white, alpha=1.0>
33.1185 	EXP 	num4_2: text = '4'
33.1185 	EXP 	fixCross_2: autoDraw = True
33.1185 	EXP 	text1_2: autoDraw = True
33.1185 	EXP 	text2_2: autoDraw = True
33.1185 	EXP 	text3_2: autoDraw = True
33.1185 	EXP 	text4_2: autoDraw = True
33.1185 	EXP 	text5_2: autoDraw = True
33.1185 	EXP 	text6_2: autoDraw = True
33.1185 	EXP 	text7_2: autoDraw = True
33.1185 	EXP 	text8_2: autoDraw = True
33.1185 	EXP 	num1_2: autoDraw = True
33.1185 	EXP 	num2_2: autoDraw = True
33.1185 	EXP 	num3_2: autoDraw = True
33.1185 	EXP 	num4_2: autoDraw = True
34.3646 	DATA 	Keypress: 1
34.4028 	EXP 	fixCross_2: foreColor = <psychopy.colors.Color: (1.0, 0.0, 0.0, 1.0)>
34.4028 	EXP 	fixCross_2: borderColor = <psychopy.colors.Color: (1.0, 0.0, 0.0, 1.0)>
34.4028 	EXP 	fixCross_2: fillColor = <psychopy.colors.Color: (1.0, 0.0, 0.0, 1.0)>
34.4028 	EXP 	text1_2: foreColor = <psychopy.colors.Color: (1.0, 0.0, 0.0, 1.0)>
34.4028 	EXP 	text5_2: foreColor = <psychopy.colors.Color: (1.0, 0.0, 0.0, 1.0)>
34.4028 	EXP 	num1_2: foreColor = <psychopy.colors.Color: (1.0, 0.0, 0.0, 1.0)>
34.4028 	EXP 	text4_2: foreColor = <psychopy.colors.Color: (0.0, 1.0, 0.0, 1.0)>
34.4028 	EXP 	text8_2: foreColor = <psychopy.colors.Color: (0.0, 1.0, 0.0, 1.0)>
34.4028 	EXP 	num4_2: foreColor = <psychopy.colors.Color: (0.0, 1.0, 0.0, 1.0)>
34.4028 	EXP 	text4_2: foreColor = <psychopy.colors.Color: (0.0, 1.0, 0.0, 1.0)>
34.4028 	EXP 	text8_2: foreColor = <psychopy.colors.Color: (0.0, 1.0, 0.0, 1.0)>
34.4028 	EXP 	num4_2: foreColor = <psychopy.colors.Color: (0.0, 1.0, 0.0, 1.0)>
34.4028 	EXP 	text4_2: foreColor = <psychopy.colors.Color: (0.0, 1.0, 0.0, 1.0)>
34.4028 	EXP 	text8_2: foreColor = <psychopy.colors.Color: (0.0, 1.0, 0.0, 1.0)>
34.4028 	EXP 	num4_2: foreColor = <psychopy.colors.Color: (0.0, 1.0, 0.0, 1.0)>
34.4028 	EXP 	text4_2: foreColor = <psychopy.colors.Color: (0.0, 1.0, 0.0, 1.0)>
34.4028 	EXP 	text8_2: foreColor = <psychopy.colors.Color: (0.0, 1.0, 0.0, 1.0)>
34.4028 	EXP 	num4_2: foreColor = <psychopy.colors.Color: (0.0, 1.0, 0.0, 1.0)>
37.3752 	EXP 	New trial (rep=0, index=4): {'category': 'shoe', 'orientation': 4, 'taskCue': 'stim//obj1.png', 'stimfile': 'stim//shoe4.png', 'resp1': 'Half Left', 'resp2': 'Half Right', 'resp3': 'Full Right', 'resp4': 'Full Left', 'resp5': 'Turtle', 'resp6': 'Car', 'resp7': 'Horse', 'resp8': 'Shoe', 'objFirst': False, 'correctButton': 4, 'interval': 2.826}
37.3883 	EXP 	fixCross_2: autoDraw = False
37.3883 	EXP 	text1_2: autoDraw = False
37.3883 	EXP 	text2_2: autoDraw = False
37.3883 	EXP 	text3_2: autoDraw = False
37.3883 	EXP 	text4_2: autoDraw = False
37.3883 	EXP 	text5_2: autoDraw = False
37.3883 	EXP 	text6_2: autoDraw = False
37.3883 	EXP 	text7_2: autoDraw = False
37.3883 	EXP 	text8_2: autoDraw = False
37.3883 	EXP 	num1_2: autoDraw = False
37.3883 	EXP 	num2_2: autoDraw = False
37.3883 	EXP 	num3_2: autoDraw = False
37.3883 	EXP 	num4_2: autoDraw = False
37.3883 	EXP 	fixCross: foreColor = <psychopy.colors.Color: transparent, alpha=1.0>
37.3883 	EXP 	fixCross: borderColor = <psychopy.colors.Color: transparent, alpha=1.0>
37.3883 	EXP 	fixCross: fillColor = <psychopy.colors.Color: transparent, alpha=1.0>
37.3883 	EXP 	cue: image = 'stim//obj1.png'
37.3883 	EXP 	cue: autoDraw = True
38.3742 	EXP 	Created sequence: sequential, trialTypes=1, nReps=3, seed=None
38.3744 	EXP 	New trial (rep=0, index=0): None
38.5394 	EXP 	cue: autoDraw = False
38.5394 	EXP 	cue: autoDraw = False
38.5394 	EXP 	image: image = 'stim//shoe4.png'
38.5394 	EXP 	image: autoDraw = True
38.5394 	EXP 	fixCrossR_2: autoDraw = True
38.7898 	EXP 	image: autoDraw = False
38.7898 	EXP 	fixCrossR_2: autoDraw = False
38.7898 	EXP 	image: autoDraw = False
38.7898 	EXP 	fixCrossR_2: autoDraw = False
38.7898 	EXP 	fixCrossR_4: autoDraw = True
39.0247 	EXP 	New trial (rep=1, index=0): None
39.1907 	EXP 	fixCrossR_4: autoDraw = False
39.1907 	EXP 	fixCrossR_4: autoDraw = False
39.1907 	EXP 	image: image = 'stim//shoe4.png'
39.1907 	EXP 	image: autoDraw = True
39.1907 	EXP 	fixCrossR_2: autoDraw = True
39.4419 	EXP 	image: autoDraw = False
39.4419 	EXP 	fixCrossR_2: autoDraw = False
39.4419 	EXP 	image: autoDraw = False
39.4419 	EXP 	fixCrossR_2: autoDraw = False
39.4419 	EXP 	fixCrossR_4: autoDraw = True
39.6764 	EXP 	New trial (rep=2, index=0): None
39.9240 	EXP 	fixCrossR_4: autoDraw = False
39.9240 	EXP 	fixCrossR_4: autoDraw = False
39.9240 	EXP 	image: image = 'stim//shoe4.png'
39.9240 	EXP 	image: autoDraw = True
39.9240 	EXP 	fixCrossR_2: autoDraw = True
40.1743 	EXP 	image: autoDraw = False
40.1743 	EXP 	fixCrossR_2: autoDraw = False
40.1743 	EXP 	image: autoDraw = False
40.1743 	EXP 	fixCrossR_2: autoDraw = False
40.1743 	EXP 	fixCrossR_4: autoDraw = True
40.7747 	EXP 	fixCrossR_4: autoDraw = False
40.7747 	EXP 	fixCrossR_4: autoDraw = False
40.7747 	EXP 	fixCross_2: fillColor = <psychopy.colors.Color: black, alpha=1.0>
40.7747 	EXP 	fixCross_2: borderColor = <psychopy.colors.Color: black, alpha=1.0>
40.7747 	EXP 	text1_2: foreColor = <psychopy.colors.Color: white, alpha=1.0>
40.7747 	EXP 	text1_2: height = 0.05
40.7747 	EXP 	text1_2: height = 0.05
40.7747 	EXP 	text1_2: height = 0.05
40.7747 	EXP 	text1_2: text = 'Half Left'
40.7747 	EXP 	text2_2: foreColor = <psychopy.colors.Color: white, alpha=1.0>
40.7747 	EXP 	text2_2: height = 0.05
40.7747 	EXP 	text2_2: height = 0.05
40.7747 	EXP 	text2_2: height = 0.05
40.7747 	EXP 	text2_2: text = 'Half Right'
40.7747 	EXP 	text3_2: foreColor = <psychopy.colors.Color: white, alpha=1.0>
40.7747 	EXP 	text3_2: height = 0.05
40.7747 	EXP 	text3_2: height = 0.05
40.7747 	EXP 	text3_2: height = 0.05
40.7747 	EXP 	text3_2: text = 'Full Right'
40.7747 	EXP 	text4_2: foreColor = <psychopy.colors.Color: white, alpha=1.0>
40.7747 	EXP 	text4_2: height = 0.05
40.7747 	EXP 	text4_2: height = 0.05
40.7747 	EXP 	text4_2: height = 0.05
40.7747 	EXP 	text4_2: text = 'Full Left'
40.7747 	EXP 	text5_2: foreColor = <psychopy.colors.Color: white, alpha=1.0>
40.7747 	EXP 	text5_2: height = 0.05
40.7747 	EXP 	text5_2: height = 0.05
40.7747 	EXP 	text5_2: height = 0.05
40.7747 	EXP 	text5_2: text = 'Turtle'
40.7747 	EXP 	text6_2: foreColor = <psychopy.colors.Color: white, alpha=1.0>
40.7747 	EXP 	text6_2: height = 0.05
40.7747 	EXP 	text6_2: height = 0.05
40.7747 	EXP 	text6_2: height = 0.05
40.7747 	EXP 	text6_2: text = 'Car'
40.7747 	EXP 	text7_2: foreColor = <psychopy.colors.Color: white, alpha=1.0>
40.7747 	EXP 	text7_2: height = 0.05
40.7747 	EXP 	text7_2: height = 0.05
40.7747 	EXP 	text7_2: height = 0.05
40.7747 	EXP 	text7_2: text = 'Horse'
40.7747 	EXP 	text8_2: foreColor = <psychopy.colors.Color: white, alpha=1.0>
40.7747 	EXP 	text8_2: height = 0.05
40.7747 	EXP 	text8_2: height = 0.05
40.7747 	EXP 	text8_2: height = 0.05
40.7747 	EXP 	text8_2: text = 'Shoe'
40.7747 	EXP 	num1_2: foreColor = <psychopy.colors.Color: white, alpha=1.0>
40.7747 	EXP 	num1_2: text = '1'
40.7747 	EXP 	num2_2: foreColor = <psychopy.colors.Color: white, alpha=1.0>
40.7747 	EXP 	num2_2: text = '2'
40.7747 	EXP 	num3_2: foreColor = <psychopy.colors.Color: white, alpha=1.0>
40.7747 	EXP 	num3_2: text = '3'
40.7747 	EXP 	num4_2: foreColor = <psychopy.colors.Color: white, alpha=1.0>
40.7747 	EXP 	num4_2: text = '4'
40.7747 	EXP 	fixCross_2: autoDraw = True
40.7747 	EXP 	text1_2: autoDraw = True
40.7747 	EXP 	text2_2: autoDraw = True
40.7747 	EXP 	text3_2: autoDraw = True
40.7747 	EXP 	text4_2: autoDraw = True
40.7747 	EXP 	text5_2: autoDraw = True
40.7747 	EXP 	text6_2: autoDraw = True
40.7747 	EXP 	text7_2: autoDraw = True
40.7747 	EXP 	text8_2: autoDraw = True
40.7747 	EXP 	num1_2: autoDraw = True
40.7747 	EXP 	num2_2: autoDraw = True
40.7747 	EXP 	num3_2: autoDraw = True
40.7747 	EXP 	num4_2: autoDraw = True
41.0599 	DATA 	Keypress: 3
41.0914 	EXP 	text4_2: foreColor = <psychopy.colors.Color: (0.0, 1.0, 0.0, 1.0)>
41.0914 	EXP 	text8_2: foreColor = <psychopy.colors.Color: (0.0, 1.0, 0.0, 1.0)>
41.0914 	EXP 	num4_2: foreColor = <psychopy.colors.Color: (0.0, 1.0, 0.0, 1.0)>
41.0914 	EXP 	text4_2: foreColor = <psychopy.colors.Color: (0.0, 1.0, 0.0, 1.0)>
41.0914 	EXP 	text8_2: foreColor = <psychopy.colors.Color: (0.0, 1.0, 0.0, 1.0)>
41.0914 	EXP 	num4_2: foreColor = <psychopy.colors.Color: (0.0, 1.0, 0.0, 1.0)>
41.0914 	EXP 	fixCross_2: foreColor = <psychopy.colors.Color: (1.0, 0.0, 0.0, 1.0)>
41.0914 	EXP 	fixCross_2: borderColor = <psychopy.colors.Color: (1.0, 0.0, 0.0, 1.0)>
41.0914 	EXP 	fixCross_2: fillColor = <psychopy.colors.Color: (1.0, 0.0, 0.0, 1.0)>
41.0914 	EXP 	text3_2: foreColor = <psychopy.colors.Color: (1.0, 0.0, 0.0, 1.0)>
41.0914 	EXP 	text7_2: foreColor = <psychopy.colors.Color: (1.0, 0.0, 0.0, 1.0)>
41.0914 	EXP 	num3_2: foreColor = <psychopy.colors.Color: (1.0, 0.0, 0.0, 1.0)>
41.0914 	EXP 	text4_2: foreColor = <psychopy.colors.Color: (0.0, 1.0, 0.0, 1.0)>
41.0914 	EXP 	text8_2: foreColor = <psychopy.colors.Color: (0.0, 1.0, 0.0, 1.0)>
41.0914 	EXP 	num4_2: foreColor = <psychopy.colors.Color: (0.0, 1.0, 0.0, 1.0)>
41.0914 	EXP 	text4_2: foreColor = <psychopy.colors.Color: (0.0, 1.0, 0.0, 1.0)>
41.0914 	EXP 	text8_2: foreColor = <psychopy.colors.Color: (0.0, 1.0, 0.0, 1.0)>
41.0914 	EXP 	num4_2: foreColor = <psychopy.colors.Color: (0.0, 1.0, 0.0, 1.0)>
44.3240 	EXP 	Created sequence: random, trialTypes=1, nReps=1, seed=None
44.3244 	EXP 	New trial (rep=0, index=0): None
44.3449 	EXP 	fixCross_2: autoDraw = False
44.3449 	EXP 	text1_2: autoDraw = False
44.3449 	EXP 	text2_2: autoDraw = False
44.3449 	EXP 	text3_2: autoDraw = False
44.3449 	EXP 	text4_2: autoDraw = False
44.3449 	EXP 	text5_2: autoDraw = False
44.3449 	EXP 	text6_2: autoDraw = False
44.3449 	EXP 	text7_2: autoDraw = False
44.3449 	EXP 	text8_2: autoDraw = False
44.3449 	EXP 	num1_2: autoDraw = False
44.3449 	EXP 	num2_2: autoDraw = False
44.3449 	EXP 	num3_2: autoDraw = False
44.3449 	EXP 	num4_2: autoDraw = False
44.3449 	EXP 	fixCross: foreColor = <psychopy.colors.Color: transparent, alpha=1.0>
44.3449 	EXP 	fixCross: borderColor = <psychopy.colors.Color: transparent, alpha=1.0>
44.3449 	EXP 	fixCross: fillColor = <psychopy.colors.Color: transparent, alpha=1.0>
44.3449 	EXP 	text_20: autoDraw = True
50.5991 	DATA 	Keypress: space
50.6168 	EXP 	text_20: autoDraw = False
50.6168 	EXP 	text: autoDraw = True
52.2937 	EXP 	window1: mouseVisible = True
