2.3447 	ERROR 	Support for the `sounddevice` audio backend is not available this session. Please install `psychopy-sounddevice` and restart the session to enable support.
7.4127 	WARNING 	User requested fullscreen with size [1536  864], but screen is actually [1920, 1080]. Using actual size
8.2270 	EXP 	Created window1 = Window(allowGUI=True, allowStencil=False, autoLog=True, backendConf=UNKNOWN, backgroundFit=<method-wrapper '__getattribute__' of attributeSetter object at 0x0000017C2EB16EE0>, backgroundImage=<method-wrapper '__getattribute__' of attributeSetter object at 0x0000017C2EB16E80>, bitsMode=UNKNOWN, blendMode='avg', bpc=(8, 8, 8), color=array([-0.4039, -0.4039, -0.4039]), colorSpace='rgb', depthBits=8, fullscr=<method-wrapper '__getattribute__' of attributeSetter object at 0x0000017C2EB16CA0>, gamma=None, gammaErrorPolicy='raise', lms=UNKNOWN, monitor=<psychopy.monitors.calibTools.Monitor object at 0x0000017C2F0D8E50>, multiSample=False, name='window1', numSamples=2, pos=(-1920, 0), screen=0, size=array([1920, 1080]), stencilBits=0, stereo=False, title='PsychoPy', units='height', useFBO=True, useRetina=False, viewOri=0.0, viewPos=None, viewScale=None, waitBlanking=True, winType='pyglet')
8.2272 	EXP 	window1: mouseVisible = True
8.2272 	EXP 	window1: backgroundImage = ''
8.2272 	EXP 	window1: backgroundFit = 'none'
8.2290 	EXP 	window1: Attempting to measure frame rate of screen (0) ...
8.2290 	EXP 	window1: recordFrameIntervals = False
8.3932 	EXP 	window1: recordFrameIntervals = True
8.5752 	EXP 	Screen (0) actual frame rate measured at 60.45Hz
8.5753 	EXP 	window1: recordFrameIntervals = False
8.5753 	EXP 	window1: mouseVisible = False
10.7916 	EXP 	pilotv2: status = STARTED
10.7917 	EXP 	window1: mouseVisible = True
10.8021 	EXP 	Created imageInstruct = ImageStim(__class__=<class 'psychopy.visual.image.ImageStim'>, anchor=('center', 'center'), autoLog=True, color=array([1., 1., 1.]), colorSpace='rgb', contrast=1.0, depth=0.0, draggable=False, flipHoriz=False, flipVert=False, image='default.png', interpolate=True, mask=None, maskParams=None, name='imageInstruct', opacity=1.0, ori=0.0, pos=array([0., 0.]), size=array([1.6    , 1.00736]), texRes=128.0, units='height', win=Window(...))
10.8024 	EXP 	window1: mouseVisible = True
10.8025 	EXP 	window1: mouseVisible = True
10.8029 	EXP 	window1: mouseVisible = True
10.8034 	EXP 	window1: mouseVisible = True
10.8248 	EXP 	window1: mouseVisible = True
10.8250 	EXP 	window1: mouseVisible = True
10.8254 	EXP 	window1: mouseVisible = True
10.8258 	EXP 	window1: mouseVisible = True
10.8441 	EXP 	window1: mouseVisible = True
10.8443 	EXP 	window1: mouseVisible = True
10.8444 	EXP 	window1: mouseVisible = True
10.8449 	EXP 	window1: mouseVisible = True
10.8453 	EXP 	window1: mouseVisible = True
10.8623 	EXP 	window1: mouseVisible = True
10.8625 	EXP 	window1: mouseVisible = True
10.8629 	EXP 	window1: mouseVisible = True
10.8633 	EXP 	window1: mouseVisible = True
10.8667 	EXP 	window1: mouseVisible = True
10.8669 	EXP 	window1: mouseVisible = True
10.9331 	EXP 	Created text_8 = TextStim(__class__=<class 'psychopy.visual.text.TextStim'>, alignHoriz=method-wrapper(...), alignText='center', alignVert=method-wrapper(...), anchorHoriz='center', anchorVert='center', antialias=True, autoDraw=False, autoLog=True, bold=False, color=array([1., 1., 1.]), colorSpace='rgb', contrast=1.0, depth=0.0, draggable=False, flipHoriz=False, flipVert=False, font='Open Sans', fontFiles=[], height=0.05, italic=False, languageStyle='LTR', name='text_8', opacity=1.0, ori=0.0, pos=array([0., 0.]), rgb=UNKNOWN, text=str(...), units='height', win=Window(...), wrapWidth=1)
10.9334 	EXP 	window1: mouseVisible = True
10.9335 	EXP 	window1: mouseVisible = True
10.9340 	EXP 	window1: mouseVisible = True
10.9344 	EXP 	window1: mouseVisible = True
10.9583 	EXP 	window1: mouseVisible = True
10.9584 	EXP 	window1: mouseVisible = True
10.9589 	EXP 	window1: mouseVisible = True
10.9593 	EXP 	window1: mouseVisible = True
10.9695 	EXP 	window1: mouseVisible = True
10.9697 	EXP 	window1: mouseVisible = True
10.9698 	EXP 	window1: mouseVisible = True
10.9703 	EXP 	window1: mouseVisible = True
10.9707 	EXP 	window1: mouseVisible = True
10.9794 	EXP 	window1: mouseVisible = True
10.9795 	EXP 	window1: mouseVisible = True
10.9799 	EXP 	window1: mouseVisible = True
10.9804 	EXP 	window1: mouseVisible = True
10.9838 	EXP 	window1: mouseVisible = True
10.9838 	EXP 	window1: mouseVisible = True
10.9877 	EXP 	Created image_17 = ImageStim(__class__=<class 'psychopy.visual.image.ImageStim'>, anchor=('center', 'center'), autoLog=True, color=array([1., 1., 1.]), colorSpace='rgb', contrast=1.0, depth=-3.0, draggable=False, flipHoriz=False, flipVert=False, image='stim/ori1.png', interpolate=True, mask=None, maskParams=None, name='image_17', opacity=1.0, ori=0.0, pos=array([0.  , 0.23]), size=array([0.15, 0.15]), texRes=128.0, units='height', win=Window(...))
10.9878 	EXP 	window1: mouseVisible = True
10.9918 	EXP 	Created text_9 = TextStim(__class__=<class 'psychopy.visual.text.TextStim'>, alignHoriz=method-wrapper(...), alignText='center', alignVert=method-wrapper(...), anchorHoriz='center', anchorVert='center', antialias=True, autoDraw=False, autoLog=True, bold=False, color=array([1., 1., 1.]), colorSpace='rgb', contrast=1.0, depth=0.0, draggable=False, flipHoriz=False, flipVert=False, font='Open Sans', fontFiles=[], height=0.05, italic=False, languageStyle='LTR', name='text_9', opacity=1.0, ori=0.0, pos=array([0., 0.]), rgb=UNKNOWN, text=str(...), units='height', win=Window(...), wrapWidth=1)
10.9920 	EXP 	window1: mouseVisible = True
10.9921 	EXP 	window1: mouseVisible = True
10.9926 	EXP 	window1: mouseVisible = True
10.9930 	EXP 	window1: mouseVisible = True
10.9969 	EXP 	window1: mouseVisible = True
10.9970 	EXP 	window1: mouseVisible = True
10.9974 	EXP 	window1: mouseVisible = True
10.9978 	EXP 	window1: mouseVisible = True
11.0012 	EXP 	window1: mouseVisible = True
11.0014 	EXP 	window1: mouseVisible = True
11.0015 	EXP 	window1: mouseVisible = True
11.0021 	EXP 	window1: mouseVisible = True
11.0025 	EXP 	window1: mouseVisible = True
11.0064 	EXP 	window1: mouseVisible = True
11.0065 	EXP 	window1: mouseVisible = True
11.0070 	EXP 	window1: mouseVisible = True
11.0074 	EXP 	window1: mouseVisible = True
11.0108 	EXP 	window1: mouseVisible = True
11.0109 	EXP 	window1: mouseVisible = True
11.0148 	EXP 	Created image_18 = ImageStim(__class__=<class 'psychopy.visual.image.ImageStim'>, anchor=('center', 'center'), autoLog=True, color=array([1., 1., 1.]), colorSpace='rgb', contrast=1.0, depth=-3.0, draggable=False, flipHoriz=False, flipVert=False, image='stim/obj2.png', interpolate=True, mask=None, maskParams=None, name='image_18', opacity=1.0, ori=0.0, pos=array([0.  , 0.23]), size=array([0.15, 0.15]), texRes=128.0, units='height', win=Window(...))
11.0150 	EXP 	window1: mouseVisible = True
11.0191 	EXP 	Created text_10 = TextStim(__class__=<class 'psychopy.visual.text.TextStim'>, alignHoriz=method-wrapper(...), alignText='center', alignVert=method-wrapper(...), anchorHoriz='center', anchorVert='center', antialias=True, autoDraw=False, autoLog=True, bold=False, color=array([1., 1., 1.]), colorSpace='rgb', contrast=1.0, depth=0.0, draggable=False, flipHoriz=False, flipVert=False, font='Open Sans', fontFiles=[], height=0.05, italic=False, languageStyle='LTR', name='text_10', opacity=1.0, ori=0.0, pos=array([0., 0.]), rgb=UNKNOWN, text=str(...), units='height', win=Window(...), wrapWidth=1)
11.0193 	EXP 	window1: mouseVisible = True
11.0194 	EXP 	window1: mouseVisible = True
11.0199 	EXP 	window1: mouseVisible = True
11.0203 	EXP 	window1: mouseVisible = True
11.0244 	EXP 	window1: mouseVisible = True
11.0245 	EXP 	window1: mouseVisible = True
11.0249 	EXP 	window1: mouseVisible = True
11.0253 	EXP 	window1: mouseVisible = True
11.0288 	EXP 	window1: mouseVisible = True
11.0290 	EXP 	window1: mouseVisible = True
11.0292 	EXP 	window1: mouseVisible = True
11.0296 	EXP 	window1: mouseVisible = True
11.0300 	EXP 	window1: mouseVisible = True
11.0339 	EXP 	window1: mouseVisible = True
11.0340 	EXP 	window1: mouseVisible = True
11.0344 	EXP 	window1: mouseVisible = True
11.0349 	EXP 	window1: mouseVisible = True
11.0382 	EXP 	window1: mouseVisible = True
11.0383 	EXP 	window1: mouseVisible = True
11.0423 	EXP 	Created image_19 = ImageStim(__class__=<class 'psychopy.visual.image.ImageStim'>, anchor=('center', 'center'), autoLog=True, color=array([1., 1., 1.]), colorSpace='rgb', contrast=1.0, depth=-3.0, draggable=False, flipHoriz=False, flipVert=False, image='stim/ori2.png', interpolate=True, mask=None, maskParams=None, name='image_19', opacity=1.0, ori=0.0, pos=array([0.  , 0.23]), size=array([0.15, 0.15]), texRes=128.0, units='height', win=Window(...))
11.0424 	EXP 	window1: mouseVisible = True
11.0466 	EXP 	Created text_11 = TextStim(__class__=<class 'psychopy.visual.text.TextStim'>, alignHoriz=method-wrapper(...), alignText='center', alignVert=method-wrapper(...), anchorHoriz='center', anchorVert='center', antialias=True, autoDraw=False, autoLog=True, bold=False, color=array([1., 1., 1.]), colorSpace='rgb', contrast=1.0, depth=0.0, draggable=False, flipHoriz=False, flipVert=False, font='Open Sans', fontFiles=[], height=0.05, italic=False, languageStyle='LTR', name='text_11', opacity=1.0, ori=0.0, pos=array([0., 0.]), rgb=UNKNOWN, text=str(...), units='height', win=Window(...), wrapWidth=1)
11.0469 	EXP 	window1: mouseVisible = True
11.0470 	EXP 	window1: mouseVisible = True
11.0475 	EXP 	window1: mouseVisible = True
11.0479 	EXP 	window1: mouseVisible = True
11.0518 	EXP 	window1: mouseVisible = True
11.0519 	EXP 	window1: mouseVisible = True
11.0524 	EXP 	window1: mouseVisible = True
11.0528 	EXP 	window1: mouseVisible = True
11.0562 	EXP 	window1: mouseVisible = True
11.0564 	EXP 	window1: mouseVisible = True
11.0565 	EXP 	window1: mouseVisible = True
11.0569 	EXP 	window1: mouseVisible = True
11.0573 	EXP 	window1: mouseVisible = True
11.0613 	EXP 	window1: mouseVisible = True
11.0615 	EXP 	window1: mouseVisible = True
11.0619 	EXP 	window1: mouseVisible = True
11.0624 	EXP 	window1: mouseVisible = True
11.0659 	EXP 	window1: mouseVisible = True
11.0660 	EXP 	window1: mouseVisible = True
11.0701 	EXP 	Created image_20 = ImageStim(__class__=<class 'psychopy.visual.image.ImageStim'>, anchor=('center', 'center'), autoLog=True, color=array([1., 1., 1.]), colorSpace='rgb', contrast=1.0, depth=-3.0, draggable=False, flipHoriz=False, flipVert=False, image='stim/obj1.png', interpolate=True, mask=None, maskParams=None, name='image_20', opacity=1.0, ori=0.0, pos=array([0.  , 0.23]), size=array([0.15, 0.15]), texRes=128.0, units='height', win=Window(...))
11.0702 	EXP 	window1: mouseVisible = True
11.0794 	EXP 	Created imageInstruct_2 = ImageStim(__class__=<class 'psychopy.visual.image.ImageStim'>, anchor=('center', 'center'), autoLog=True, color=array([1., 1., 1.]), colorSpace='rgb', contrast=1.0, depth=0.0, draggable=False, flipHoriz=False, flipVert=False, image='default.png', interpolate=True, mask=None, maskParams=None, name='imageInstruct_2', opacity=1.0, ori=0.0, pos=array([0., 0.]), size=array([1.6    , 1.00736]), texRes=128.0, units='height', win=Window(...))
11.0797 	EXP 	window1: mouseVisible = True
11.0798 	EXP 	window1: mouseVisible = True
11.0802 	EXP 	window1: mouseVisible = True
11.0807 	EXP 	window1: mouseVisible = True
11.0846 	EXP 	window1: mouseVisible = True
11.0848 	EXP 	window1: mouseVisible = True
11.0852 	EXP 	window1: mouseVisible = True
11.0856 	EXP 	window1: mouseVisible = True
11.0890 	EXP 	window1: mouseVisible = True
11.0892 	EXP 	window1: mouseVisible = True
11.0893 	EXP 	window1: mouseVisible = True
11.0897 	EXP 	window1: mouseVisible = True
11.0901 	EXP 	window1: mouseVisible = True
11.0941 	EXP 	window1: mouseVisible = True
11.0942 	EXP 	window1: mouseVisible = True
11.0946 	EXP 	window1: mouseVisible = True
11.0950 	EXP 	window1: mouseVisible = True
11.0983 	EXP 	window1: mouseVisible = True
11.0984 	EXP 	window1: mouseVisible = True
11.1077 	EXP 	Created text = TextStim(__class__=<class 'psychopy.visual.text.TextStim'>, alignHoriz=method-wrapper(...), alignText='center', alignVert=method-wrapper(...), anchorHoriz='center', anchorVert='center', antialias=True, autoDraw=False, autoLog=True, bold=False, color=array([1., 1., 1.]), colorSpace='rgb', contrast=1.0, depth=0.0, draggable=False, flipHoriz=False, flipVert=False, font='Open Sans', fontFiles=[], height=0.05, italic=False, languageStyle='LTR', name='text', opacity=1.0, ori=0.0, pos=array([0., 0.]), rgb=UNKNOWN, text='The experiment will begin soon. Get ready!', units='height', win=Window(...), wrapWidth=1)
11.1079 	EXP 	window1: mouseVisible = True
11.1171 	EXP 	Created cue = ImageStim(__class__=<class 'psychopy.visual.image.ImageStim'>, anchor=('center', 'center'), autoLog=True, color=array([1., 1., 1.]), colorSpace='rgb', contrast=1.0, depth=0.0, draggable=False, flipHoriz=False, flipVert=False, image='default.png', interpolate=True, mask=None, maskParams=None, name='cue', opacity=1.0, ori=0.0, pos=array([0., 0.]), size=array([0.15, 0.15]), texRes=128.0, units='height', win=Window(...))
11.1173 	EXP 	window1: mouseVisible = True
11.1262 	EXP 	Created image = ImageStim(__class__=<class 'psychopy.visual.image.ImageStim'>, anchor=('center', 'center'), autoLog=True, color=array([1., 1., 1.]), colorSpace='rgb', contrast=1.0, depth=0.0, draggable=False, flipHoriz=False, flipVert=False, image='default.png', interpolate=True, mask=None, maskParams=None, name='image', opacity=1.0, ori=0.0, pos=array([0., 0.]), size=array([0.5, 0.5]), texRes=128.0, units='height', win=Window(...))
11.1263 	EXP 	window1: mouseVisible = True
11.1283 	EXP 	Created fixCrossR_2 = ShapeStim(__class__=<class 'psychopy.visual.shape.ShapeStim'>, anchor=('center', 'center'), autoDraw=False, autoLog=True, closeShape=True, color=method-wrapper(...), colorSpace='rgb', contrast=None, depth=-1.0, draggable=False, fillColor=array([-1, -1, -1]), fillColorSpace='rgb', fillRGB=array([-1, -1, -1]), interpolate=True, lineColor=array([-1., -1., -1.]), lineColorSpace='rgb', lineRGB=array([-1, -1, -1]), lineWidth=1.0, name='fixCrossR_2', opacity=1.0, ori=0.0, pos=array([0., 0.]), size=array([0.02, 0.02]), units='height', vertices=ndarray(...), win=Window(...), windingRule=None)
11.1284 	EXP 	window1: mouseVisible = True
11.1302 	EXP 	Created fixCrossR_4 = ShapeStim(__class__=<class 'psychopy.visual.shape.ShapeStim'>, anchor=('center', 'center'), autoDraw=False, autoLog=True, closeShape=True, color=method-wrapper(...), colorSpace='rgb', contrast=None, depth=0.0, draggable=False, fillColor=array([-1, -1, -1]), fillColorSpace='rgb', fillRGB=array([-1, -1, -1]), interpolate=True, lineColor=array([-1., -1., -1.]), lineColorSpace='rgb', lineRGB=array([-1, -1, -1]), lineWidth=1.0, name='fixCrossR_4', opacity=1.0, ori=0.0, pos=array([0., 0.]), size=array([0.02, 0.02]), units='height', vertices=ndarray(...), win=Window(...), windingRule=None)
11.1303 	EXP 	window1: mouseVisible = True
11.1321 	EXP 	Created fixCross_2 = ShapeStim(__class__=<class 'psychopy.visual.shape.ShapeStim'>, anchor=('center', 'center'), autoDraw=False, autoLog=True, closeShape=True, color=method-wrapper(...), colorSpace='rgb', contrast=None, depth=0.0, draggable=False, fillColor=array([1, 1, 1]), fillColorSpace='rgb', fillRGB=array([1, 1, 1]), interpolate=True, lineColor=array([1., 1., 1.]), lineColorSpace='rgb', lineRGB=array([1, 1, 1]), lineWidth=1.0, name='fixCross_2', opacity=1.0, ori=0.0, pos=array([0., 0.]), size=array([0.02, 0.02]), units='height', vertices=ndarray(...), win=Window(...), windingRule=None)
11.1322 	EXP 	window1: mouseVisible = True
11.1339 	EXP 	Created text1_2 = TextStim(__class__=<class 'psychopy.visual.text.TextStim'>, alignHoriz=method-wrapper(...), alignText='center', alignVert=method-wrapper(...), anchorHoriz='center', anchorVert='center', antialias=True, autoDraw=False, autoLog=True, bold=False, color=array([1., 1., 1.]), colorSpace='rgb', contrast=1.0, depth=-1.0, draggable=False, flipHoriz=False, flipVert=False, font='Open Sans', fontFiles=[], height=0.05, italic=False, languageStyle='LTR', name='text1_2', opacity=1.0, ori=0.0, pos=array([-0.225,  0.08 ]), rgb=UNKNOWN, text='', units='norm', win=Window(...), wrapWidth=1)
11.1340 	EXP 	window1: mouseVisible = True
11.1351 	EXP 	Created text2_2 = TextStim(__class__=<class 'psychopy.visual.text.TextStim'>, alignHoriz=method-wrapper(...), alignText='center', alignVert=method-wrapper(...), anchorHoriz='center', anchorVert='center', antialias=True, autoDraw=False, autoLog=True, bold=False, color=array([1., 1., 1.]), colorSpace='rgb', contrast=1.0, depth=-2.0, draggable=False, flipHoriz=False, flipVert=False, font='Open Sans', fontFiles=[], height=0.05, italic=False, languageStyle='LTR', name='text2_2', opacity=1.0, ori=0.0, pos=array([-0.075,  0.08 ]), rgb=UNKNOWN, text='', units='norm', win=Window(...), wrapWidth=1)
11.1351 	EXP 	window1: mouseVisible = True
11.1362 	EXP 	Created text3_2 = TextStim(__class__=<class 'psychopy.visual.text.TextStim'>, alignHoriz=method-wrapper(...), alignText='center', alignVert=method-wrapper(...), anchorHoriz='center', anchorVert='center', antialias=True, autoDraw=False, autoLog=True, bold=False, color=array([1., 1., 1.]), colorSpace='rgb', contrast=1.0, depth=-3.0, draggable=False, flipHoriz=False, flipVert=False, font='Open Sans', fontFiles=[], height=0.05, italic=False, languageStyle='LTR', name='text3_2', opacity=1.0, ori=0.0, pos=array([0.075, 0.08 ]), rgb=UNKNOWN, text='', units='norm', win=Window(...), wrapWidth=1)
11.1362 	EXP 	window1: mouseVisible = True
11.1372 	EXP 	Created text4_2 = TextStim(__class__=<class 'psychopy.visual.text.TextStim'>, alignHoriz=method-wrapper(...), alignText='center', alignVert=method-wrapper(...), anchorHoriz='center', anchorVert='center', antialias=True, autoDraw=False, autoLog=True, bold=False, color=array([1., 1., 1.]), colorSpace='rgb', contrast=1.0, depth=-4.0, draggable=False, flipHoriz=False, flipVert=False, font='Open Sans', fontFiles=[], height=0.05, italic=False, languageStyle='LTR', name='text4_2', opacity=1.0, ori=0.0, pos=array([0.225, 0.08 ]), rgb=UNKNOWN, text='', units='norm', win=Window(...), wrapWidth=1)
11.1373 	EXP 	window1: mouseVisible = True
11.1383 	EXP 	Created text5_2 = TextStim(__class__=<class 'psychopy.visual.text.TextStim'>, alignHoriz=method-wrapper(...), alignText='center', alignVert=method-wrapper(...), anchorHoriz='center', anchorVert='center', antialias=True, autoDraw=False, autoLog=True, bold=False, color=array([1., 1., 1.]), colorSpace='rgb', contrast=1.0, depth=-5.0, draggable=False, flipHoriz=False, flipVert=False, font='Open Sans', fontFiles=[], height=0.05, italic=False, languageStyle='LTR', name='text5_2', opacity=1.0, ori=0.0, pos=array([-0.225, -0.08 ]), rgb=UNKNOWN, text='', units='norm', win=Window(...), wrapWidth=1)
11.1384 	EXP 	window1: mouseVisible = True
11.1399 	EXP 	Created text6_2 = TextStim(__class__=<class 'psychopy.visual.text.TextStim'>, alignHoriz=method-wrapper(...), alignText='center', alignVert=method-wrapper(...), anchorHoriz='center', anchorVert='center', antialias=True, autoDraw=False, autoLog=True, bold=False, color=array([1., 1., 1.]), colorSpace='rgb', contrast=1.0, depth=-6.0, draggable=False, flipHoriz=False, flipVert=False, font='Open Sans', fontFiles=[], height=0.05, italic=False, languageStyle='LTR', name='text6_2', opacity=1.0, ori=0.0, pos=array([-0.075, -0.08 ]), rgb=UNKNOWN, text='', units='norm', win=Window(...), wrapWidth=1)
11.1400 	EXP 	window1: mouseVisible = True
11.1412 	EXP 	Created text7_2 = TextStim(__class__=<class 'psychopy.visual.text.TextStim'>, alignHoriz=method-wrapper(...), alignText='center', alignVert=method-wrapper(...), anchorHoriz='center', anchorVert='center', antialias=True, autoDraw=False, autoLog=True, bold=False, color=array([1., 1., 1.]), colorSpace='rgb', contrast=1.0, depth=-7.0, draggable=False, flipHoriz=False, flipVert=False, font='Open Sans', fontFiles=[], height=0.05, italic=False, languageStyle='LTR', name='text7_2', opacity=1.0, ori=0.0, pos=array([ 0.075, -0.08 ]), rgb=UNKNOWN, text='', units='norm', win=Window(...), wrapWidth=1)
11.1413 	EXP 	window1: mouseVisible = True
11.1423 	EXP 	Created text8_2 = TextStim(__class__=<class 'psychopy.visual.text.TextStim'>, alignHoriz=method-wrapper(...), alignText='center', alignVert=method-wrapper(...), anchorHoriz='center', anchorVert='center', antialias=True, autoDraw=False, autoLog=True, bold=False, color=array([1., 1., 1.]), colorSpace='rgb', contrast=1.0, depth=-8.0, draggable=False, flipHoriz=False, flipVert=False, font='Open Sans', fontFiles=[], height=0.05, italic=False, languageStyle='LTR', name='text8_2', opacity=1.0, ori=0.0, pos=array([ 0.225, -0.08 ]), rgb=UNKNOWN, text='', units='norm', win=Window(...), wrapWidth=1)
11.1424 	EXP 	window1: mouseVisible = True
11.1437 	EXP 	Created num1_2 = TextStim(__class__=<class 'psychopy.visual.text.TextStim'>, alignHoriz=method-wrapper(...), alignText='center', alignVert=method-wrapper(...), anchorHoriz='center', anchorVert='center', antialias=True, autoDraw=False, autoLog=True, bold=False, color=array([1., 1., 1.]), colorSpace='rgb', contrast=1.0, depth=-10.0, draggable=False, flipHoriz=False, flipVert=False, font='Open Sans', fontFiles=[], height=0.1, italic=False, languageStyle='LTR', name='num1_2', opacity=1.0, ori=0.0, pos=array([-0.225,  0.24 ]), rgb=UNKNOWN, text='', units='norm', win=Window(...), wrapWidth=1)
11.1438 	EXP 	window1: mouseVisible = True
11.1449 	EXP 	Created num2_2 = TextStim(__class__=<class 'psychopy.visual.text.TextStim'>, alignHoriz=method-wrapper(...), alignText='center', alignVert=method-wrapper(...), anchorHoriz='center', anchorVert='center', antialias=True, autoDraw=False, autoLog=True, bold=False, color=array([1., 1., 1.]), colorSpace='rgb', contrast=1.0, depth=-11.0, draggable=False, flipHoriz=False, flipVert=False, font='Open Sans', fontFiles=[], height=0.1, italic=False, languageStyle='LTR', name='num2_2', opacity=1.0, ori=0.0, pos=array([-0.075,  0.24 ]), rgb=UNKNOWN, text='', units='norm', win=Window(...), wrapWidth=1)
11.1450 	EXP 	window1: mouseVisible = True
11.1461 	EXP 	Created num3_2 = TextStim(__class__=<class 'psychopy.visual.text.TextStim'>, alignHoriz=method-wrapper(...), alignText='center', alignVert=method-wrapper(...), anchorHoriz='center', anchorVert='center', antialias=True, autoDraw=False, autoLog=True, bold=False, color=array([1., 1., 1.]), colorSpace='rgb', contrast=1.0, depth=-12.0, draggable=False, flipHoriz=False, flipVert=False, font='Open Sans', fontFiles=[], height=0.1, italic=False, languageStyle='LTR', name='num3_2', opacity=1.0, ori=0.0, pos=array([0.075, 0.24 ]), rgb=UNKNOWN, text='', units='norm', win=Window(...), wrapWidth=1)
11.1461 	EXP 	window1: mouseVisible = True
11.1472 	EXP 	Created num4_2 = TextStim(__class__=<class 'psychopy.visual.text.TextStim'>, alignHoriz=method-wrapper(...), alignText='center', alignVert=method-wrapper(...), anchorHoriz='center', anchorVert='center', antialias=True, autoDraw=False, autoLog=True, bold=False, color=array([1., 1., 1.]), colorSpace='rgb', contrast=1.0, depth=-13.0, draggable=False, flipHoriz=False, flipVert=False, font='Open Sans', fontFiles=[], height=0.1, italic=False, languageStyle='LTR', name='num4_2', opacity=1.0, ori=0.0, pos=array([0.225, 0.24 ]), rgb=UNKNOWN, text='', units='norm', win=Window(...), wrapWidth=1)
11.1473 	EXP 	window1: mouseVisible = True
11.1563 	EXP 	Created cue = ImageStim(__class__=<class 'psychopy.visual.image.ImageStim'>, anchor=('center', 'center'), autoLog=True, color=array([1., 1., 1.]), colorSpace='rgb', contrast=1.0, depth=0.0, draggable=False, flipHoriz=False, flipVert=False, image='default.png', interpolate=True, mask=None, maskParams=None, name='cue', opacity=1.0, ori=0.0, pos=array([0., 0.]), size=array([0.15, 0.15]), texRes=128.0, units='height', win=Window(...))
11.1564 	EXP 	window1: mouseVisible = True
11.1656 	EXP 	Created image = ImageStim(__class__=<class 'psychopy.visual.image.ImageStim'>, anchor=('center', 'center'), autoLog=True, color=array([1., 1., 1.]), colorSpace='rgb', contrast=1.0, depth=0.0, draggable=False, flipHoriz=False, flipVert=False, image='default.png', interpolate=True, mask=None, maskParams=None, name='image', opacity=1.0, ori=0.0, pos=array([0., 0.]), size=array([0.5, 0.5]), texRes=128.0, units='height', win=Window(...))
11.1657 	EXP 	window1: mouseVisible = True
11.1676 	EXP 	Created fixCrossR_2 = ShapeStim(__class__=<class 'psychopy.visual.shape.ShapeStim'>, anchor=('center', 'center'), autoDraw=False, autoLog=True, closeShape=True, color=method-wrapper(...), colorSpace='rgb', contrast=None, depth=-1.0, draggable=False, fillColor=array([-1, -1, -1]), fillColorSpace='rgb', fillRGB=array([-1, -1, -1]), interpolate=True, lineColor=array([-1., -1., -1.]), lineColorSpace='rgb', lineRGB=array([-1, -1, -1]), lineWidth=1.0, name='fixCrossR_2', opacity=1.0, ori=0.0, pos=array([0., 0.]), size=array([0.02, 0.02]), units='height', vertices=ndarray(...), win=Window(...), windingRule=None)
11.1677 	EXP 	window1: mouseVisible = True
11.1694 	EXP 	Created fixCrossR_4 = ShapeStim(__class__=<class 'psychopy.visual.shape.ShapeStim'>, anchor=('center', 'center'), autoDraw=False, autoLog=True, closeShape=True, color=method-wrapper(...), colorSpace='rgb', contrast=None, depth=0.0, draggable=False, fillColor=array([-1, -1, -1]), fillColorSpace='rgb', fillRGB=array([-1, -1, -1]), interpolate=True, lineColor=array([-1., -1., -1.]), lineColorSpace='rgb', lineRGB=array([-1, -1, -1]), lineWidth=1.0, name='fixCrossR_4', opacity=1.0, ori=0.0, pos=array([0., 0.]), size=array([0.02, 0.02]), units='height', vertices=ndarray(...), win=Window(...), windingRule=None)
11.1695 	EXP 	window1: mouseVisible = True
11.1712 	EXP 	Created fixCross = ShapeStim(__class__=<class 'psychopy.visual.shape.ShapeStim'>, anchor=('center', 'center'), autoDraw=False, autoLog=True, closeShape=True, color=method-wrapper(...), colorSpace='rgb', contrast=None, depth=0.0, draggable=False, fillColor=array([1, 1, 1]), fillColorSpace='rgb', fillRGB=array([1, 1, 1]), interpolate=True, lineColor=array([1., 1., 1.]), lineColorSpace='rgb', lineRGB=array([1, 1, 1]), lineWidth=1.0, name='fixCross', opacity=1.0, ori=0.0, pos=array([0., 0.]), size=array([0.02, 0.02]), units='height', vertices=ndarray(...), win=Window(...), windingRule=None)
11.1714 	EXP 	window1: mouseVisible = True
11.1724 	EXP 	Created text1 = TextStim(__class__=<class 'psychopy.visual.text.TextStim'>, alignHoriz=method-wrapper(...), alignText='center', alignVert=method-wrapper(...), anchorHoriz='center', anchorVert='center', antialias=True, autoDraw=False, autoLog=True, bold=False, color=array([1., 1., 1.]), colorSpace='rgb', contrast=1.0, depth=-1.0, draggable=False, flipHoriz=False, flipVert=False, font='Open Sans', fontFiles=[], height=0.05, italic=False, languageStyle='LTR', name='text1', opacity=1.0, ori=0.0, pos=array([-0.225,  0.08 ]), rgb=UNKNOWN, text='', units='norm', win=Window(...), wrapWidth=1)
11.1725 	EXP 	window1: mouseVisible = True
11.1735 	EXP 	Created text2 = TextStim(__class__=<class 'psychopy.visual.text.TextStim'>, alignHoriz=method-wrapper(...), alignText='center', alignVert=method-wrapper(...), anchorHoriz='center', anchorVert='center', antialias=True, autoDraw=False, autoLog=True, bold=False, color=array([1., 1., 1.]), colorSpace='rgb', contrast=1.0, depth=-2.0, draggable=False, flipHoriz=False, flipVert=False, font='Open Sans', fontFiles=[], height=0.05, italic=False, languageStyle='LTR', name='text2', opacity=1.0, ori=0.0, pos=array([-0.075,  0.08 ]), rgb=UNKNOWN, text='', units='norm', win=Window(...), wrapWidth=1)
11.1736 	EXP 	window1: mouseVisible = True
11.1747 	EXP 	Created text3 = TextStim(__class__=<class 'psychopy.visual.text.TextStim'>, alignHoriz=method-wrapper(...), alignText='center', alignVert=method-wrapper(...), anchorHoriz='center', anchorVert='center', antialias=True, autoDraw=False, autoLog=True, bold=False, color=array([1., 1., 1.]), colorSpace='rgb', contrast=1.0, depth=-3.0, draggable=False, flipHoriz=False, flipVert=False, font='Open Sans', fontFiles=[], height=0.05, italic=False, languageStyle='LTR', name='text3', opacity=1.0, ori=0.0, pos=array([0.075, 0.08 ]), rgb=UNKNOWN, text='', units='norm', win=Window(...), wrapWidth=1)
11.1747 	EXP 	window1: mouseVisible = True
11.1757 	EXP 	Created text4 = TextStim(__class__=<class 'psychopy.visual.text.TextStim'>, alignHoriz=method-wrapper(...), alignText='center', alignVert=method-wrapper(...), anchorHoriz='center', anchorVert='center', antialias=True, autoDraw=False, autoLog=True, bold=False, color=array([1., 1., 1.]), colorSpace='rgb', contrast=1.0, depth=-4.0, draggable=False, flipHoriz=False, flipVert=False, font='Open Sans', fontFiles=[], height=0.05, italic=False, languageStyle='LTR', name='text4', opacity=1.0, ori=0.0, pos=array([0.225, 0.08 ]), rgb=UNKNOWN, text='', units='norm', win=Window(...), wrapWidth=1)
11.1758 	EXP 	window1: mouseVisible = True
11.1768 	EXP 	Created text5 = TextStim(__class__=<class 'psychopy.visual.text.TextStim'>, alignHoriz=method-wrapper(...), alignText='center', alignVert=method-wrapper(...), anchorHoriz='center', anchorVert='center', antialias=True, autoDraw=False, autoLog=True, bold=False, color=array([1., 1., 1.]), colorSpace='rgb', contrast=1.0, depth=-5.0, draggable=False, flipHoriz=False, flipVert=False, font='Open Sans', fontFiles=[], height=0.05, italic=False, languageStyle='LTR', name='text5', opacity=1.0, ori=0.0, pos=array([-0.225, -0.08 ]), rgb=UNKNOWN, text='', units='norm', win=Window(...), wrapWidth=1)
11.1769 	EXP 	window1: mouseVisible = True
11.1780 	EXP 	Created text6 = TextStim(__class__=<class 'psychopy.visual.text.TextStim'>, alignHoriz=method-wrapper(...), alignText='center', alignVert=method-wrapper(...), anchorHoriz='center', anchorVert='center', antialias=True, autoDraw=False, autoLog=True, bold=False, color=array([1., 1., 1.]), colorSpace='rgb', contrast=1.0, depth=-6.0, draggable=False, flipHoriz=False, flipVert=False, font='Open Sans', fontFiles=[], height=0.05, italic=False, languageStyle='LTR', name='text6', opacity=1.0, ori=0.0, pos=array([-0.075, -0.08 ]), rgb=UNKNOWN, text='', units='norm', win=Window(...), wrapWidth=1)
11.1781 	EXP 	window1: mouseVisible = True
11.1791 	EXP 	Created text7 = TextStim(__class__=<class 'psychopy.visual.text.TextStim'>, alignHoriz=method-wrapper(...), alignText='center', alignVert=method-wrapper(...), anchorHoriz='center', anchorVert='center', antialias=True, autoDraw=False, autoLog=True, bold=False, color=array([1., 1., 1.]), colorSpace='rgb', contrast=1.0, depth=-7.0, draggable=False, flipHoriz=False, flipVert=False, font='Open Sans', fontFiles=[], height=0.05, italic=False, languageStyle='LTR', name='text7', opacity=1.0, ori=0.0, pos=array([ 0.075, -0.08 ]), rgb=UNKNOWN, text='', units='norm', win=Window(...), wrapWidth=1)
11.1792 	EXP 	window1: mouseVisible = True
11.1802 	EXP 	Created text8 = TextStim(__class__=<class 'psychopy.visual.text.TextStim'>, alignHoriz=method-wrapper(...), alignText='center', alignVert=method-wrapper(...), anchorHoriz='center', anchorVert='center', antialias=True, autoDraw=False, autoLog=True, bold=False, color=array([1., 1., 1.]), colorSpace='rgb', contrast=1.0, depth=-8.0, draggable=False, flipHoriz=False, flipVert=False, font='Open Sans', fontFiles=[], height=0.05, italic=False, languageStyle='LTR', name='text8', opacity=1.0, ori=0.0, pos=array([ 0.225, -0.08 ]), rgb=UNKNOWN, text='', units='norm', win=Window(...), wrapWidth=1)
11.1804 	EXP 	window1: mouseVisible = True
11.1814 	EXP 	Created num1 = TextStim(__class__=<class 'psychopy.visual.text.TextStim'>, alignHoriz=method-wrapper(...), alignText='center', alignVert=method-wrapper(...), anchorHoriz='center', anchorVert='center', antialias=True, autoDraw=False, autoLog=True, bold=False, color=array([1., 1., 1.]), colorSpace='rgb', contrast=1.0, depth=-10.0, draggable=False, flipHoriz=False, flipVert=False, font='Open Sans', fontFiles=[], height=0.1, italic=False, languageStyle='LTR', name='num1', opacity=1.0, ori=0.0, pos=array([-0.225,  0.24 ]), rgb=UNKNOWN, text='', units='norm', win=Window(...), wrapWidth=1)
11.1815 	EXP 	window1: mouseVisible = True
11.1826 	EXP 	Created num2 = TextStim(__class__=<class 'psychopy.visual.text.TextStim'>, alignHoriz=method-wrapper(...), alignText='center', alignVert=method-wrapper(...), anchorHoriz='center', anchorVert='center', antialias=True, autoDraw=False, autoLog=True, bold=False, color=array([1., 1., 1.]), colorSpace='rgb', contrast=1.0, depth=-11.0, draggable=False, flipHoriz=False, flipVert=False, font='Open Sans', fontFiles=[], height=0.1, italic=False, languageStyle='LTR', name='num2', opacity=1.0, ori=0.0, pos=array([-0.075,  0.24 ]), rgb=UNKNOWN, text='', units='norm', win=Window(...), wrapWidth=1)
11.1827 	EXP 	window1: mouseVisible = True
11.1837 	EXP 	Created num3 = TextStim(__class__=<class 'psychopy.visual.text.TextStim'>, alignHoriz=method-wrapper(...), alignText='center', alignVert=method-wrapper(...), anchorHoriz='center', anchorVert='center', antialias=True, autoDraw=False, autoLog=True, bold=False, color=array([1., 1., 1.]), colorSpace='rgb', contrast=1.0, depth=-12.0, draggable=False, flipHoriz=False, flipVert=False, font='Open Sans', fontFiles=[], height=0.1, italic=False, languageStyle='LTR', name='num3', opacity=1.0, ori=0.0, pos=array([0.075, 0.24 ]), rgb=UNKNOWN, text='', units='norm', win=Window(...), wrapWidth=1)
11.1838 	EXP 	window1: mouseVisible = True
11.1848 	EXP 	Created num4 = TextStim(__class__=<class 'psychopy.visual.text.TextStim'>, alignHoriz=method-wrapper(...), alignText='center', alignVert=method-wrapper(...), anchorHoriz='center', anchorVert='center', antialias=True, autoDraw=False, autoLog=True, bold=False, color=array([1., 1., 1.]), colorSpace='rgb', contrast=1.0, depth=-13.0, draggable=False, flipHoriz=False, flipVert=False, font='Open Sans', fontFiles=[], height=0.1, italic=False, languageStyle='LTR', name='num4', opacity=1.0, ori=0.0, pos=array([0.225, 0.24 ]), rgb=UNKNOWN, text='', units='norm', win=Window(...), wrapWidth=1)
11.1849 	EXP 	window1: mouseVisible = True
11.1867 	EXP 	Created fixCrossR = ShapeStim(__class__=<class 'psychopy.visual.shape.ShapeStim'>, anchor=('center', 'center'), autoDraw=False, autoLog=True, closeShape=True, color=method-wrapper(...), colorSpace='rgb', contrast=None, depth=0.0, draggable=False, fillColor=array([-1, -1, -1]), fillColorSpace='rgb', fillRGB=array([-1, -1, -1]), interpolate=True, lineColor=array([-1., -1., -1.]), lineColorSpace='rgb', lineRGB=array([-1, -1, -1]), lineWidth=1.0, name='fixCrossR', opacity=1.0, ori=0.0, pos=array([0., 0.]), size=array([0.02, 0.02]), units='height', vertices=ndarray(...), win=Window(...), windingRule=None)
11.1868 	EXP 	window1: mouseVisible = True
11.1882 	EXP 	Created text_total = TextStim(__class__=<class 'psychopy.visual.text.TextStim'>, alignHoriz=method-wrapper(...), alignText='center', alignVert=method-wrapper(...), anchorHoriz='center', anchorVert='center', antialias=True, autoDraw=False, autoLog=True, bold=False, color=array([1., 1., 1.]), colorSpace='rgb', contrast=1.0, depth=-1.0, draggable=False, flipHoriz=False, flipVert=False, font='Open Sans', fontFiles=[], height=0.05, italic=False, languageStyle='LTR', name='text_total', opacity=1.0, ori=0.0, pos=array([0., 0.]), rgb=UNKNOWN, text='', units='height', win=Window(...), wrapWidth=1)
11.1883 	EXP 	window1: mouseVisible = True
11.1896 	EXP 	Created text_acc = TextStim(__class__=<class 'psychopy.visual.text.TextStim'>, alignHoriz=method-wrapper(...), alignText='center', alignVert=method-wrapper(...), anchorHoriz='center', anchorVert='center', antialias=True, autoDraw=False, autoLog=True, bold=False, color=array([1., 1., 1.]), colorSpace='rgb', contrast=1.0, depth=-2.0, draggable=False, flipHoriz=False, flipVert=False, font='Open Sans', fontFiles=[], height=0.05, italic=False, languageStyle='LTR', name='text_acc', opacity=1.0, ori=0.0, pos=array([ 0. , -0.3]), rgb=UNKNOWN, text='', units='height', win=Window(...), wrapWidth=1)
0.0037 	DATA 	Mouse: Left button down, pos=(1314,209)
0.0042 	DATA 	Mouse:  Left button up, pos=(1313,210)
0.0048 	DATA 	Mouse: Left button down, pos=(1167,479)
0.0053 	DATA 	Mouse:  Left button up, pos=(1167,479)
0.0227 	EXP 	Created sequence: random, trialTypes=1, nReps=0, seed=None
0.0378 	EXP 	text: autoDraw = True
0.5137 	EXP 	Imported participantData/s12/block_0/babySteps_s12.xlsx as conditions, 5 conditions, 15 params
0.5140 	EXP 	Created sequence: sequential, trialTypes=5, nReps=1, seed=None
0.5142 	EXP 	New trial (rep=0, index=0): {'category': 'shoe', 'orientation': 4, 'taskCue': 'stim//ori2.png', 'stimfile': 'stim//shoe4.png', 'resp1': 'Half Right', 'resp2': 'Half Left', 'resp3': 'Full Left', 'resp4': 'Full Right', 'resp5': 'Turtle', 'resp6': 'Horse', 'resp7': 'Shoe', 'resp8': 'Car', 'objFirst': False, 'correctButton': 4, 'interval': 2.476}
0.5178 	DATA 	Keypress: 5
0.5223 	EXP 	text: autoDraw = False
0.5223 	EXP 	cue: image = 'stim//ori2.png'
0.5223 	EXP 	cue: autoDraw = True
1.5072 	EXP 	Created sequence: sequential, trialTypes=1, nReps=3, seed=None
1.5073 	EXP 	New trial (rep=0, index=0): None
1.7225 	EXP 	cue: autoDraw = False
1.7225 	EXP 	cue: autoDraw = False
1.7225 	EXP 	image: image = 'stim//shoe4.png'
1.7225 	EXP 	image: autoDraw = True
1.7225 	EXP 	fixCrossR_2: autoDraw = True
1.9728 	EXP 	image: autoDraw = False
1.9728 	EXP 	fixCrossR_2: autoDraw = False
1.9728 	EXP 	image: autoDraw = False
1.9728 	EXP 	fixCrossR_2: autoDraw = False
1.9728 	EXP 	fixCrossR_4: autoDraw = True
2.2070 	EXP 	New trial (rep=1, index=0): None
2.3393 	EXP 	fixCrossR_4: autoDraw = False
2.3393 	EXP 	fixCrossR_4: autoDraw = False
2.3393 	EXP 	image: image = 'stim//shoe4.png'
2.3393 	EXP 	image: autoDraw = True
2.3393 	EXP 	fixCrossR_2: autoDraw = True
2.5895 	EXP 	image: autoDraw = False
2.5895 	EXP 	fixCrossR_2: autoDraw = False
2.5895 	EXP 	image: autoDraw = False
2.5895 	EXP 	fixCrossR_2: autoDraw = False
2.5895 	EXP 	fixCrossR_4: autoDraw = True
2.8241 	EXP 	New trial (rep=2, index=0): None
3.0068 	EXP 	fixCrossR_4: autoDraw = False
3.0068 	EXP 	fixCrossR_4: autoDraw = False
3.0068 	EXP 	image: image = 'stim//shoe4.png'
3.0068 	EXP 	image: autoDraw = True
3.0068 	EXP 	fixCrossR_2: autoDraw = True
3.2571 	EXP 	image: autoDraw = False
3.2571 	EXP 	fixCrossR_2: autoDraw = False
3.2571 	EXP 	image: autoDraw = False
3.2571 	EXP 	fixCrossR_2: autoDraw = False
3.2571 	EXP 	fixCrossR_4: autoDraw = True
3.5738 	EXP 	fixCrossR_4: autoDraw = False
3.5738 	EXP 	fixCrossR_4: autoDraw = False
3.5738 	EXP 	fixCross_2: fillColor = <psychopy.colors.Color: black, alpha=1.0>
3.5738 	EXP 	fixCross_2: borderColor = <psychopy.colors.Color: black, alpha=1.0>
3.5738 	EXP 	text1_2: foreColor = <psychopy.colors.Color: white, alpha=1.0>
3.5738 	EXP 	text1_2: height = 0.05
3.5738 	EXP 	text1_2: height = 0.05
3.5738 	EXP 	text1_2: height = 0.05
3.5738 	EXP 	text1_2: text = 'Half Right'
3.5738 	EXP 	text2_2: foreColor = <psychopy.colors.Color: white, alpha=1.0>
3.5738 	EXP 	text2_2: height = 0.05
3.5738 	EXP 	text2_2: height = 0.05
3.5738 	EXP 	text2_2: height = 0.05
3.5738 	EXP 	text2_2: text = 'Half Left'
3.5738 	EXP 	text3_2: foreColor = <psychopy.colors.Color: white, alpha=1.0>
3.5738 	EXP 	text3_2: height = 0.05
3.5738 	EXP 	text3_2: height = 0.05
3.5738 	EXP 	text3_2: height = 0.05
3.5738 	EXP 	text3_2: text = 'Full Left'
3.5738 	EXP 	text4_2: foreColor = <psychopy.colors.Color: white, alpha=1.0>
3.5738 	EXP 	text4_2: height = 0.05
3.5738 	EXP 	text4_2: height = 0.05
3.5738 	EXP 	text4_2: height = 0.05
3.5738 	EXP 	text4_2: text = 'Full Right'
3.5738 	EXP 	text5_2: foreColor = <psychopy.colors.Color: white, alpha=1.0>
3.5738 	EXP 	text5_2: height = 0.05
3.5738 	EXP 	text5_2: height = 0.05
3.5738 	EXP 	text5_2: height = 0.05
3.5738 	EXP 	text5_2: text = 'Turtle'
3.5738 	EXP 	text6_2: foreColor = <psychopy.colors.Color: white, alpha=1.0>
3.5738 	EXP 	text6_2: height = 0.05
3.5738 	EXP 	text6_2: height = 0.05
3.5738 	EXP 	text6_2: height = 0.05
3.5738 	EXP 	text6_2: text = 'Horse'
3.5738 	EXP 	text7_2: foreColor = <psychopy.colors.Color: white, alpha=1.0>
3.5738 	EXP 	text7_2: height = 0.05
3.5738 	EXP 	text7_2: height = 0.05
3.5738 	EXP 	text7_2: height = 0.05
3.5738 	EXP 	text7_2: text = 'Shoe'
3.5738 	EXP 	text8_2: foreColor = <psychopy.colors.Color: white, alpha=1.0>
3.5738 	EXP 	text8_2: height = 0.05
3.5738 	EXP 	text8_2: height = 0.05
3.5738 	EXP 	text8_2: height = 0.05
3.5738 	EXP 	text8_2: text = 'Car'
3.5738 	EXP 	num1_2: foreColor = <psychopy.colors.Color: white, alpha=1.0>
3.5738 	EXP 	num1_2: height = 0.1
3.5738 	EXP 	num1_2: height = 0.1
3.5738 	EXP 	num1_2: height = 0.1
3.5738 	EXP 	num1_2: text = '1'
3.5738 	EXP 	num2_2: foreColor = <psychopy.colors.Color: white, alpha=1.0>
3.5738 	EXP 	num2_2: height = 0.1
3.5738 	EXP 	num2_2: height = 0.1
3.5738 	EXP 	num2_2: height = 0.1
3.5738 	EXP 	num2_2: text = '2'
3.5738 	EXP 	num3_2: foreColor = <psychopy.colors.Color: white, alpha=1.0>
3.5738 	EXP 	num3_2: height = 0.1
3.5738 	EXP 	num3_2: height = 0.1
3.5738 	EXP 	num3_2: height = 0.1
3.5738 	EXP 	num3_2: text = '3'
3.5738 	EXP 	num4_2: foreColor = <psychopy.colors.Color: white, alpha=1.0>
3.5738 	EXP 	num4_2: height = 0.1
3.5738 	EXP 	num4_2: height = 0.1
3.5738 	EXP 	num4_2: height = 0.1
3.5738 	EXP 	num4_2: text = '4'
3.5738 	EXP 	fixCross_2: autoDraw = True
3.5738 	EXP 	text1_2: autoDraw = True
3.5738 	EXP 	text2_2: autoDraw = True
3.5738 	EXP 	text3_2: autoDraw = True
3.5738 	EXP 	text4_2: autoDraw = True
3.5738 	EXP 	text5_2: autoDraw = True
3.5738 	EXP 	text6_2: autoDraw = True
3.5738 	EXP 	text7_2: autoDraw = True
3.5738 	EXP 	text8_2: autoDraw = True
3.5738 	EXP 	num1_2: autoDraw = True
3.5738 	EXP 	num2_2: autoDraw = True
3.5738 	EXP 	num3_2: autoDraw = True
3.5738 	EXP 	num4_2: autoDraw = True
4.5594 	DATA 	Keypress: 4
4.7419 	EXP 	window1: mouseVisible = True
