2.9582 	ERROR 	Support for the `sounddevice` audio backend is not available this session. Please install `psychopy-sounddevice` and restart the session to enable support.
23.3131 	WARNING 	User requested fullscreen with size [1536  864], but screen is actually [1920, 1080]. Using actual size
24.1225 	EXP 	Created window1 = Window(allowGUI=True, allowStencil=False, autoLog=True, backendConf=UNKNOWN, backgroundFit=<method-wrapper '__getattribute__' of attributeSetter object at 0x0000020D6EB84220>, backgroundImage=<method-wrapper '__getattribute__' of attributeSetter object at 0x0000020D6EB841C0>, bitsMode=UNKNOWN, blendMode='avg', bpc=(8, 8, 8), color=array([-0.4039, -0.4039, -0.4039]), colorSpace='rgb', depthBits=8, fullscr=<method-wrapper '__getattribute__' of attributeSetter object at 0x0000020D6EB74820>, gamma=None, gammaErrorPolicy='raise', lms=UNKNOWN, monitor=<psychopy.monitors.calibTools.Monitor object at 0x0000020D6F1331C0>, multiSample=False, name='window1', numSamples=2, pos=(-1920, 0), screen=0, size=array([1920, 1080]), stencilBits=0, stereo=False, title='PsychoPy', units='height', useFBO=True, useRetina=False, viewOri=0.0, viewPos=None, viewScale=None, waitBlanking=True, winType='pyglet')
24.1226 	EXP 	window1: mouseVisible = True
24.1227 	EXP 	window1: backgroundImage = ''
24.1227 	EXP 	window1: backgroundFit = 'none'
24.1243 	EXP 	window1: Attempting to measure frame rate of screen (0) ...
24.1243 	EXP 	window1: recordFrameIntervals = False
24.2865 	EXP 	window1: recordFrameIntervals = True
24.4709 	EXP 	Screen (0) actual frame rate measured at 59.54Hz
24.4709 	EXP 	window1: recordFrameIntervals = False
24.4711 	EXP 	window1: mouseVisible = False
26.6888 	EXP 	pilotv2: status = STARTED
26.6892 	EXP 	window1: mouseVisible = True
26.6992 	EXP 	Created imageInstruct = ImageStim(__class__=<class 'psychopy.visual.image.ImageStim'>, anchor=('center', 'center'), autoLog=True, color=array([1., 1., 1.]), colorSpace='rgb', contrast=1.0, depth=0.0, draggable=False, flipHoriz=False, flipVert=False, image='default.png', interpolate=True, mask=None, maskParams=None, name='imageInstruct', opacity=1.0, ori=0.0, pos=array([0., 0.]), size=array([1.6    , 1.00736]), texRes=128.0, units='height', win=Window(...))
26.6994 	EXP 	window1: mouseVisible = True
26.6996 	EXP 	window1: mouseVisible = True
26.7000 	EXP 	window1: mouseVisible = True
26.7004 	EXP 	window1: mouseVisible = True
26.7140 	EXP 	window1: mouseVisible = True
26.7142 	EXP 	window1: mouseVisible = True
26.7146 	EXP 	window1: mouseVisible = True
26.7150 	EXP 	window1: mouseVisible = True
26.7270 	EXP 	window1: mouseVisible = True
26.7272 	EXP 	window1: mouseVisible = True
26.7274 	EXP 	window1: mouseVisible = True
26.7278 	EXP 	window1: mouseVisible = True
26.7282 	EXP 	window1: mouseVisible = True
26.7390 	EXP 	window1: mouseVisible = True
26.7391 	EXP 	window1: mouseVisible = True
26.7395 	EXP 	window1: mouseVisible = True
26.7399 	EXP 	window1: mouseVisible = True
26.7431 	EXP 	window1: mouseVisible = True
26.7433 	EXP 	window1: mouseVisible = True
26.8050 	EXP 	Created text_8 = TextStim(__class__=<class 'psychopy.visual.text.TextStim'>, alignHoriz=method-wrapper(...), alignText='center', alignVert=method-wrapper(...), anchorHoriz='center', anchorVert='center', antialias=True, autoDraw=False, autoLog=True, bold=False, color=array([1., 1., 1.]), colorSpace='rgb', contrast=1.0, depth=0.0, draggable=False, flipHoriz=False, flipVert=False, font='Open Sans', fontFiles=[], height=0.05, italic=False, languageStyle='LTR', name='text_8', opacity=1.0, ori=0.0, pos=array([0., 0.]), rgb=UNKNOWN, text=str(...), units='height', win=Window(...), wrapWidth=1)
26.8053 	EXP 	window1: mouseVisible = True
26.8054 	EXP 	window1: mouseVisible = True
26.8058 	EXP 	window1: mouseVisible = True
26.8062 	EXP 	window1: mouseVisible = True
26.8296 	EXP 	window1: mouseVisible = True
26.8297 	EXP 	window1: mouseVisible = True
26.8301 	EXP 	window1: mouseVisible = True
26.8305 	EXP 	window1: mouseVisible = True
26.8405 	EXP 	window1: mouseVisible = True
26.8408 	EXP 	window1: mouseVisible = True
26.8409 	EXP 	window1: mouseVisible = True
26.8413 	EXP 	window1: mouseVisible = True
26.8417 	EXP 	window1: mouseVisible = True
26.8500 	EXP 	window1: mouseVisible = True
26.8501 	EXP 	window1: mouseVisible = True
26.8506 	EXP 	window1: mouseVisible = True
26.8509 	EXP 	window1: mouseVisible = True
26.8542 	EXP 	window1: mouseVisible = True
26.8542 	EXP 	window1: mouseVisible = True
26.8580 	EXP 	Created image_17 = ImageStim(__class__=<class 'psychopy.visual.image.ImageStim'>, anchor=('center', 'center'), autoLog=True, color=array([1., 1., 1.]), colorSpace='rgb', contrast=1.0, depth=-3.0, draggable=False, flipHoriz=False, flipVert=False, image='stim/ori1.png', interpolate=True, mask=None, maskParams=None, name='image_17', opacity=1.0, ori=0.0, pos=array([0.  , 0.23]), size=array([0.15, 0.15]), texRes=128.0, units='height', win=Window(...))
26.8581 	EXP 	window1: mouseVisible = True
26.8620 	EXP 	Created text_9 = TextStim(__class__=<class 'psychopy.visual.text.TextStim'>, alignHoriz=method-wrapper(...), alignText='center', alignVert=method-wrapper(...), anchorHoriz='center', anchorVert='center', antialias=True, autoDraw=False, autoLog=True, bold=False, color=array([1., 1., 1.]), colorSpace='rgb', contrast=1.0, depth=0.0, draggable=False, flipHoriz=False, flipVert=False, font='Open Sans', fontFiles=[], height=0.05, italic=False, languageStyle='LTR', name='text_9', opacity=1.0, ori=0.0, pos=array([0., 0.]), rgb=UNKNOWN, text=str(...), units='height', win=Window(...), wrapWidth=1)
26.8622 	EXP 	window1: mouseVisible = True
26.8623 	EXP 	window1: mouseVisible = True
26.8627 	EXP 	window1: mouseVisible = True
26.8631 	EXP 	window1: mouseVisible = True
26.8668 	EXP 	window1: mouseVisible = True
26.8670 	EXP 	window1: mouseVisible = True
26.8674 	EXP 	window1: mouseVisible = True
26.8678 	EXP 	window1: mouseVisible = True
26.8710 	EXP 	window1: mouseVisible = True
26.8712 	EXP 	window1: mouseVisible = True
26.8714 	EXP 	window1: mouseVisible = True
26.8718 	EXP 	window1: mouseVisible = True
26.8722 	EXP 	window1: mouseVisible = True
26.8760 	EXP 	window1: mouseVisible = True
26.8761 	EXP 	window1: mouseVisible = True
26.8765 	EXP 	window1: mouseVisible = True
26.8769 	EXP 	window1: mouseVisible = True
26.8801 	EXP 	window1: mouseVisible = True
26.8802 	EXP 	window1: mouseVisible = True
26.8840 	EXP 	Created image_18 = ImageStim(__class__=<class 'psychopy.visual.image.ImageStim'>, anchor=('center', 'center'), autoLog=True, color=array([1., 1., 1.]), colorSpace='rgb', contrast=1.0, depth=-3.0, draggable=False, flipHoriz=False, flipVert=False, image='stim/obj2.png', interpolate=True, mask=None, maskParams=None, name='image_18', opacity=1.0, ori=0.0, pos=array([0.  , 0.23]), size=array([0.15, 0.15]), texRes=128.0, units='height', win=Window(...))
26.8842 	EXP 	window1: mouseVisible = True
26.8881 	EXP 	Created text_10 = TextStim(__class__=<class 'psychopy.visual.text.TextStim'>, alignHoriz=method-wrapper(...), alignText='center', alignVert=method-wrapper(...), anchorHoriz='center', anchorVert='center', antialias=True, autoDraw=False, autoLog=True, bold=False, color=array([1., 1., 1.]), colorSpace='rgb', contrast=1.0, depth=0.0, draggable=False, flipHoriz=False, flipVert=False, font='Open Sans', fontFiles=[], height=0.05, italic=False, languageStyle='LTR', name='text_10', opacity=1.0, ori=0.0, pos=array([0., 0.]), rgb=UNKNOWN, text=str(...), units='height', win=Window(...), wrapWidth=1)
26.8883 	EXP 	window1: mouseVisible = True
26.8884 	EXP 	window1: mouseVisible = True
26.8888 	EXP 	window1: mouseVisible = True
26.8892 	EXP 	window1: mouseVisible = True
26.8930 	EXP 	window1: mouseVisible = True
26.8931 	EXP 	window1: mouseVisible = True
26.8935 	EXP 	window1: mouseVisible = True
26.8939 	EXP 	window1: mouseVisible = True
26.8971 	EXP 	window1: mouseVisible = True
26.8974 	EXP 	window1: mouseVisible = True
26.8976 	EXP 	window1: mouseVisible = True
26.8980 	EXP 	window1: mouseVisible = True
26.8984 	EXP 	window1: mouseVisible = True
26.9022 	EXP 	window1: mouseVisible = True
26.9023 	EXP 	window1: mouseVisible = True
26.9027 	EXP 	window1: mouseVisible = True
26.9031 	EXP 	window1: mouseVisible = True
26.9064 	EXP 	window1: mouseVisible = True
26.9065 	EXP 	window1: mouseVisible = True
26.9104 	EXP 	Created image_19 = ImageStim(__class__=<class 'psychopy.visual.image.ImageStim'>, anchor=('center', 'center'), autoLog=True, color=array([1., 1., 1.]), colorSpace='rgb', contrast=1.0, depth=-3.0, draggable=False, flipHoriz=False, flipVert=False, image='stim/ori2.png', interpolate=True, mask=None, maskParams=None, name='image_19', opacity=1.0, ori=0.0, pos=array([0.  , 0.23]), size=array([0.15, 0.15]), texRes=128.0, units='height', win=Window(...))
26.9105 	EXP 	window1: mouseVisible = True
26.9146 	EXP 	Created text_11 = TextStim(__class__=<class 'psychopy.visual.text.TextStim'>, alignHoriz=method-wrapper(...), alignText='center', alignVert=method-wrapper(...), anchorHoriz='center', anchorVert='center', antialias=True, autoDraw=False, autoLog=True, bold=False, color=array([1., 1., 1.]), colorSpace='rgb', contrast=1.0, depth=0.0, draggable=False, flipHoriz=False, flipVert=False, font='Open Sans', fontFiles=[], height=0.05, italic=False, languageStyle='LTR', name='text_11', opacity=1.0, ori=0.0, pos=array([0., 0.]), rgb=UNKNOWN, text=str(...), units='height', win=Window(...), wrapWidth=1)
26.9148 	EXP 	window1: mouseVisible = True
26.9149 	EXP 	window1: mouseVisible = True
26.9153 	EXP 	window1: mouseVisible = True
26.9157 	EXP 	window1: mouseVisible = True
26.9194 	EXP 	window1: mouseVisible = True
26.9196 	EXP 	window1: mouseVisible = True
26.9200 	EXP 	window1: mouseVisible = True
26.9203 	EXP 	window1: mouseVisible = True
26.9237 	EXP 	window1: mouseVisible = True
26.9239 	EXP 	window1: mouseVisible = True
26.9240 	EXP 	window1: mouseVisible = True
26.9244 	EXP 	window1: mouseVisible = True
26.9248 	EXP 	window1: mouseVisible = True
26.9285 	EXP 	window1: mouseVisible = True
26.9286 	EXP 	window1: mouseVisible = True
26.9290 	EXP 	window1: mouseVisible = True
26.9295 	EXP 	window1: mouseVisible = True
26.9328 	EXP 	window1: mouseVisible = True
26.9329 	EXP 	window1: mouseVisible = True
26.9369 	EXP 	Created image_20 = ImageStim(__class__=<class 'psychopy.visual.image.ImageStim'>, anchor=('center', 'center'), autoLog=True, color=array([1., 1., 1.]), colorSpace='rgb', contrast=1.0, depth=-3.0, draggable=False, flipHoriz=False, flipVert=False, image='stim/obj1.png', interpolate=True, mask=None, maskParams=None, name='image_20', opacity=1.0, ori=0.0, pos=array([0.  , 0.23]), size=array([0.15, 0.15]), texRes=128.0, units='height', win=Window(...))
26.9370 	EXP 	window1: mouseVisible = True
26.9457 	EXP 	Created imageInstruct_2 = ImageStim(__class__=<class 'psychopy.visual.image.ImageStim'>, anchor=('center', 'center'), autoLog=True, color=array([1., 1., 1.]), colorSpace='rgb', contrast=1.0, depth=0.0, draggable=False, flipHoriz=False, flipVert=False, image='default.png', interpolate=True, mask=None, maskParams=None, name='imageInstruct_2', opacity=1.0, ori=0.0, pos=array([0., 0.]), size=array([1.6    , 1.00736]), texRes=128.0, units='height', win=Window(...))
26.9460 	EXP 	window1: mouseVisible = True
26.9461 	EXP 	window1: mouseVisible = True
26.9466 	EXP 	window1: mouseVisible = True
26.9471 	EXP 	window1: mouseVisible = True
26.9508 	EXP 	window1: mouseVisible = True
26.9509 	EXP 	window1: mouseVisible = True
26.9513 	EXP 	window1: mouseVisible = True
26.9517 	EXP 	window1: mouseVisible = True
26.9550 	EXP 	window1: mouseVisible = True
26.9552 	EXP 	window1: mouseVisible = True
26.9553 	EXP 	window1: mouseVisible = True
26.9557 	EXP 	window1: mouseVisible = True
26.9561 	EXP 	window1: mouseVisible = True
26.9597 	EXP 	window1: mouseVisible = True
26.9598 	EXP 	window1: mouseVisible = True
26.9602 	EXP 	window1: mouseVisible = True
26.9606 	EXP 	window1: mouseVisible = True
26.9639 	EXP 	window1: mouseVisible = True
26.9640 	EXP 	window1: mouseVisible = True
26.9729 	EXP 	Created text = TextStim(__class__=<class 'psychopy.visual.text.TextStim'>, alignHoriz=method-wrapper(...), alignText='center', alignVert=method-wrapper(...), anchorHoriz='center', anchorVert='center', antialias=True, autoDraw=False, autoLog=True, bold=False, color=array([1., 1., 1.]), colorSpace='rgb', contrast=1.0, depth=0.0, draggable=False, flipHoriz=False, flipVert=False, font='Open Sans', fontFiles=[], height=0.05, italic=False, languageStyle='LTR', name='text', opacity=1.0, ori=0.0, pos=array([0., 0.]), rgb=UNKNOWN, text='The experiment will begin soon. Get ready!', units='height', win=Window(...), wrapWidth=1)
26.9731 	EXP 	window1: mouseVisible = True
26.9822 	EXP 	Created cue = ImageStim(__class__=<class 'psychopy.visual.image.ImageStim'>, anchor=('center', 'center'), autoLog=True, color=array([1., 1., 1.]), colorSpace='rgb', contrast=1.0, depth=0.0, draggable=False, flipHoriz=False, flipVert=False, image='default.png', interpolate=True, mask=None, maskParams=None, name='cue', opacity=1.0, ori=0.0, pos=array([0., 0.]), size=array([0.15, 0.15]), texRes=128.0, units='height', win=Window(...))
26.9823 	EXP 	window1: mouseVisible = True
26.9910 	EXP 	Created image = ImageStim(__class__=<class 'psychopy.visual.image.ImageStim'>, anchor=('center', 'center'), autoLog=True, color=array([1., 1., 1.]), colorSpace='rgb', contrast=1.0, depth=0.0, draggable=False, flipHoriz=False, flipVert=False, image='default.png', interpolate=True, mask=None, maskParams=None, name='image', opacity=1.0, ori=0.0, pos=array([0., 0.]), size=array([0.5, 0.5]), texRes=128.0, units='height', win=Window(...))
26.9912 	EXP 	window1: mouseVisible = True
26.9930 	EXP 	Created fixCrossR_2 = ShapeStim(__class__=<class 'psychopy.visual.shape.ShapeStim'>, anchor=('center', 'center'), autoDraw=False, autoLog=True, closeShape=True, color=method-wrapper(...), colorSpace='rgb', contrast=None, depth=-1.0, draggable=False, fillColor=array([-1, -1, -1]), fillColorSpace='rgb', fillRGB=array([-1, -1, -1]), interpolate=True, lineColor=array([-1., -1., -1.]), lineColorSpace='rgb', lineRGB=array([-1, -1, -1]), lineWidth=1.0, name='fixCrossR_2', opacity=1.0, ori=0.0, pos=array([0., 0.]), size=array([0.02, 0.02]), units='height', vertices=ndarray(...), win=Window(...), windingRule=None)
26.9931 	EXP 	window1: mouseVisible = True
26.9948 	EXP 	Created fixCrossR_4 = ShapeStim(__class__=<class 'psychopy.visual.shape.ShapeStim'>, anchor=('center', 'center'), autoDraw=False, autoLog=True, closeShape=True, color=method-wrapper(...), colorSpace='rgb', contrast=None, depth=0.0, draggable=False, fillColor=array([-1, -1, -1]), fillColorSpace='rgb', fillRGB=array([-1, -1, -1]), interpolate=True, lineColor=array([-1., -1., -1.]), lineColorSpace='rgb', lineRGB=array([-1, -1, -1]), lineWidth=1.0, name='fixCrossR_4', opacity=1.0, ori=0.0, pos=array([0., 0.]), size=array([0.02, 0.02]), units='height', vertices=ndarray(...), win=Window(...), windingRule=None)
26.9949 	EXP 	window1: mouseVisible = True
26.9966 	EXP 	Created fixCross_2 = ShapeStim(__class__=<class 'psychopy.visual.shape.ShapeStim'>, anchor=('center', 'center'), autoDraw=False, autoLog=True, closeShape=True, color=method-wrapper(...), colorSpace='rgb', contrast=None, depth=0.0, draggable=False, fillColor=array([1, 1, 1]), fillColorSpace='rgb', fillRGB=array([1, 1, 1]), interpolate=True, lineColor=array([1., 1., 1.]), lineColorSpace='rgb', lineRGB=array([1, 1, 1]), lineWidth=1.0, name='fixCross_2', opacity=1.0, ori=0.0, pos=array([0., 0.]), size=array([0.02, 0.02]), units='height', vertices=ndarray(...), win=Window(...), windingRule=None)
26.9966 	EXP 	window1: mouseVisible = True
26.9982 	EXP 	Created text1_2 = TextStim(__class__=<class 'psychopy.visual.text.TextStim'>, alignHoriz=method-wrapper(...), alignText='center', alignVert=method-wrapper(...), anchorHoriz='center', anchorVert='center', antialias=True, autoDraw=False, autoLog=True, bold=False, color=array([1., 1., 1.]), colorSpace='rgb', contrast=1.0, depth=-1.0, draggable=False, flipHoriz=False, flipVert=False, font='Open Sans', fontFiles=[], height=0.05, italic=False, languageStyle='LTR', name='text1_2', opacity=1.0, ori=0.0, pos=array([-0.225,  0.08 ]), rgb=UNKNOWN, text='', units='norm', win=Window(...), wrapWidth=1)
26.9983 	EXP 	window1: mouseVisible = True
26.9992 	EXP 	Created text2_2 = TextStim(__class__=<class 'psychopy.visual.text.TextStim'>, alignHoriz=method-wrapper(...), alignText='center', alignVert=method-wrapper(...), anchorHoriz='center', anchorVert='center', antialias=True, autoDraw=False, autoLog=True, bold=False, color=array([1., 1., 1.]), colorSpace='rgb', contrast=1.0, depth=-2.0, draggable=False, flipHoriz=False, flipVert=False, font='Open Sans', fontFiles=[], height=0.05, italic=False, languageStyle='LTR', name='text2_2', opacity=1.0, ori=0.0, pos=array([-0.075,  0.08 ]), rgb=UNKNOWN, text='', units='norm', win=Window(...), wrapWidth=1)
26.9993 	EXP 	window1: mouseVisible = True
27.0002 	EXP 	Created text3_2 = TextStim(__class__=<class 'psychopy.visual.text.TextStim'>, alignHoriz=method-wrapper(...), alignText='center', alignVert=method-wrapper(...), anchorHoriz='center', anchorVert='center', antialias=True, autoDraw=False, autoLog=True, bold=False, color=array([1., 1., 1.]), colorSpace='rgb', contrast=1.0, depth=-3.0, draggable=False, flipHoriz=False, flipVert=False, font='Open Sans', fontFiles=[], height=0.05, italic=False, languageStyle='LTR', name='text3_2', opacity=1.0, ori=0.0, pos=array([0.075, 0.08 ]), rgb=UNKNOWN, text='', units='norm', win=Window(...), wrapWidth=1)
27.0003 	EXP 	window1: mouseVisible = True
27.0012 	EXP 	Created text4_2 = TextStim(__class__=<class 'psychopy.visual.text.TextStim'>, alignHoriz=method-wrapper(...), alignText='center', alignVert=method-wrapper(...), anchorHoriz='center', anchorVert='center', antialias=True, autoDraw=False, autoLog=True, bold=False, color=array([1., 1., 1.]), colorSpace='rgb', contrast=1.0, depth=-4.0, draggable=False, flipHoriz=False, flipVert=False, font='Open Sans', fontFiles=[], height=0.05, italic=False, languageStyle='LTR', name='text4_2', opacity=1.0, ori=0.0, pos=array([0.225, 0.08 ]), rgb=UNKNOWN, text='', units='norm', win=Window(...), wrapWidth=1)
27.0013 	EXP 	window1: mouseVisible = True
27.0022 	EXP 	Created text5_2 = TextStim(__class__=<class 'psychopy.visual.text.TextStim'>, alignHoriz=method-wrapper(...), alignText='center', alignVert=method-wrapper(...), anchorHoriz='center', anchorVert='center', antialias=True, autoDraw=False, autoLog=True, bold=False, color=array([1., 1., 1.]), colorSpace='rgb', contrast=1.0, depth=-5.0, draggable=False, flipHoriz=False, flipVert=False, font='Open Sans', fontFiles=[], height=0.05, italic=False, languageStyle='LTR', name='text5_2', opacity=1.0, ori=0.0, pos=array([-0.225, -0.08 ]), rgb=UNKNOWN, text='', units='norm', win=Window(...), wrapWidth=1)
27.0022 	EXP 	window1: mouseVisible = True
27.0031 	EXP 	Created text6_2 = TextStim(__class__=<class 'psychopy.visual.text.TextStim'>, alignHoriz=method-wrapper(...), alignText='center', alignVert=method-wrapper(...), anchorHoriz='center', anchorVert='center', antialias=True, autoDraw=False, autoLog=True, bold=False, color=array([1., 1., 1.]), colorSpace='rgb', contrast=1.0, depth=-6.0, draggable=False, flipHoriz=False, flipVert=False, font='Open Sans', fontFiles=[], height=0.05, italic=False, languageStyle='LTR', name='text6_2', opacity=1.0, ori=0.0, pos=array([-0.075, -0.08 ]), rgb=UNKNOWN, text='', units='norm', win=Window(...), wrapWidth=1)
27.0032 	EXP 	window1: mouseVisible = True
27.0041 	EXP 	Created text7_2 = TextStim(__class__=<class 'psychopy.visual.text.TextStim'>, alignHoriz=method-wrapper(...), alignText='center', alignVert=method-wrapper(...), anchorHoriz='center', anchorVert='center', antialias=True, autoDraw=False, autoLog=True, bold=False, color=array([1., 1., 1.]), colorSpace='rgb', contrast=1.0, depth=-7.0, draggable=False, flipHoriz=False, flipVert=False, font='Open Sans', fontFiles=[], height=0.05, italic=False, languageStyle='LTR', name='text7_2', opacity=1.0, ori=0.0, pos=array([ 0.075, -0.08 ]), rgb=UNKNOWN, text='', units='norm', win=Window(...), wrapWidth=1)
27.0042 	EXP 	window1: mouseVisible = True
27.0051 	EXP 	Created text8_2 = TextStim(__class__=<class 'psychopy.visual.text.TextStim'>, alignHoriz=method-wrapper(...), alignText='center', alignVert=method-wrapper(...), anchorHoriz='center', anchorVert='center', antialias=True, autoDraw=False, autoLog=True, bold=False, color=array([1., 1., 1.]), colorSpace='rgb', contrast=1.0, depth=-8.0, draggable=False, flipHoriz=False, flipVert=False, font='Open Sans', fontFiles=[], height=0.05, italic=False, languageStyle='LTR', name='text8_2', opacity=1.0, ori=0.0, pos=array([ 0.225, -0.08 ]), rgb=UNKNOWN, text='', units='norm', win=Window(...), wrapWidth=1)
27.0052 	EXP 	window1: mouseVisible = True
27.0063 	EXP 	Created num1_2 = TextStim(__class__=<class 'psychopy.visual.text.TextStim'>, alignHoriz=method-wrapper(...), alignText='center', alignVert=method-wrapper(...), anchorHoriz='center', anchorVert='center', antialias=True, autoDraw=False, autoLog=True, bold=False, color=array([1., 1., 1.]), colorSpace='rgb', contrast=1.0, depth=-10.0, draggable=False, flipHoriz=False, flipVert=False, font='Open Sans', fontFiles=[], height=0.1, italic=False, languageStyle='LTR', name='num1_2', opacity=1.0, ori=0.0, pos=array([-0.225,  0.24 ]), rgb=UNKNOWN, text='', units='norm', win=Window(...), wrapWidth=1)
27.0063 	EXP 	window1: mouseVisible = True
27.0073 	EXP 	Created num2_2 = TextStim(__class__=<class 'psychopy.visual.text.TextStim'>, alignHoriz=method-wrapper(...), alignText='center', alignVert=method-wrapper(...), anchorHoriz='center', anchorVert='center', antialias=True, autoDraw=False, autoLog=True, bold=False, color=array([1., 1., 1.]), colorSpace='rgb', contrast=1.0, depth=-11.0, draggable=False, flipHoriz=False, flipVert=False, font='Open Sans', fontFiles=[], height=0.1, italic=False, languageStyle='LTR', name='num2_2', opacity=1.0, ori=0.0, pos=array([-0.075,  0.24 ]), rgb=UNKNOWN, text='', units='norm', win=Window(...), wrapWidth=1)
27.0073 	EXP 	window1: mouseVisible = True
27.0083 	EXP 	Created num3_2 = TextStim(__class__=<class 'psychopy.visual.text.TextStim'>, alignHoriz=method-wrapper(...), alignText='center', alignVert=method-wrapper(...), anchorHoriz='center', anchorVert='center', antialias=True, autoDraw=False, autoLog=True, bold=False, color=array([1., 1., 1.]), colorSpace='rgb', contrast=1.0, depth=-12.0, draggable=False, flipHoriz=False, flipVert=False, font='Open Sans', fontFiles=[], height=0.1, italic=False, languageStyle='LTR', name='num3_2', opacity=1.0, ori=0.0, pos=array([0.075, 0.24 ]), rgb=UNKNOWN, text='', units='norm', win=Window(...), wrapWidth=1)
27.0083 	EXP 	window1: mouseVisible = True
27.0092 	EXP 	Created num4_2 = TextStim(__class__=<class 'psychopy.visual.text.TextStim'>, alignHoriz=method-wrapper(...), alignText='center', alignVert=method-wrapper(...), anchorHoriz='center', anchorVert='center', antialias=True, autoDraw=False, autoLog=True, bold=False, color=array([1., 1., 1.]), colorSpace='rgb', contrast=1.0, depth=-13.0, draggable=False, flipHoriz=False, flipVert=False, font='Open Sans', fontFiles=[], height=0.1, italic=False, languageStyle='LTR', name='num4_2', opacity=1.0, ori=0.0, pos=array([0.225, 0.24 ]), rgb=UNKNOWN, text='', units='norm', win=Window(...), wrapWidth=1)
27.0095 	EXP 	window1: mouseVisible = True
27.0179 	EXP 	Created cue = ImageStim(__class__=<class 'psychopy.visual.image.ImageStim'>, anchor=('center', 'center'), autoLog=True, color=array([1., 1., 1.]), colorSpace='rgb', contrast=1.0, depth=0.0, draggable=False, flipHoriz=False, flipVert=False, image='default.png', interpolate=True, mask=None, maskParams=None, name='cue', opacity=1.0, ori=0.0, pos=array([0., 0.]), size=array([0.15, 0.15]), texRes=128.0, units='height', win=Window(...))
27.0181 	EXP 	window1: mouseVisible = True
27.0268 	EXP 	Created image = ImageStim(__class__=<class 'psychopy.visual.image.ImageStim'>, anchor=('center', 'center'), autoLog=True, color=array([1., 1., 1.]), colorSpace='rgb', contrast=1.0, depth=0.0, draggable=False, flipHoriz=False, flipVert=False, image='default.png', interpolate=True, mask=None, maskParams=None, name='image', opacity=1.0, ori=0.0, pos=array([0., 0.]), size=array([0.5, 0.5]), texRes=128.0, units='height', win=Window(...))
27.0269 	EXP 	window1: mouseVisible = True
27.0287 	EXP 	Created fixCrossR_2 = ShapeStim(__class__=<class 'psychopy.visual.shape.ShapeStim'>, anchor=('center', 'center'), autoDraw=False, autoLog=True, closeShape=True, color=method-wrapper(...), colorSpace='rgb', contrast=None, depth=-1.0, draggable=False, fillColor=array([-1, -1, -1]), fillColorSpace='rgb', fillRGB=array([-1, -1, -1]), interpolate=True, lineColor=array([-1., -1., -1.]), lineColorSpace='rgb', lineRGB=array([-1, -1, -1]), lineWidth=1.0, name='fixCrossR_2', opacity=1.0, ori=0.0, pos=array([0., 0.]), size=array([0.02, 0.02]), units='height', vertices=ndarray(...), win=Window(...), windingRule=None)
27.0288 	EXP 	window1: mouseVisible = True
27.0304 	EXP 	Created fixCrossR_4 = ShapeStim(__class__=<class 'psychopy.visual.shape.ShapeStim'>, anchor=('center', 'center'), autoDraw=False, autoLog=True, closeShape=True, color=method-wrapper(...), colorSpace='rgb', contrast=None, depth=0.0, draggable=False, fillColor=array([-1, -1, -1]), fillColorSpace='rgb', fillRGB=array([-1, -1, -1]), interpolate=True, lineColor=array([-1., -1., -1.]), lineColorSpace='rgb', lineRGB=array([-1, -1, -1]), lineWidth=1.0, name='fixCrossR_4', opacity=1.0, ori=0.0, pos=array([0., 0.]), size=array([0.02, 0.02]), units='height', vertices=ndarray(...), win=Window(...), windingRule=None)
27.0304 	EXP 	window1: mouseVisible = True
27.0321 	EXP 	Created fixCross = ShapeStim(__class__=<class 'psychopy.visual.shape.ShapeStim'>, anchor=('center', 'center'), autoDraw=False, autoLog=True, closeShape=True, color=method-wrapper(...), colorSpace='rgb', contrast=None, depth=0.0, draggable=False, fillColor=array([1, 1, 1]), fillColorSpace='rgb', fillRGB=array([1, 1, 1]), interpolate=True, lineColor=array([1., 1., 1.]), lineColorSpace='rgb', lineRGB=array([1, 1, 1]), lineWidth=1.0, name='fixCross', opacity=1.0, ori=0.0, pos=array([0., 0.]), size=array([0.02, 0.02]), units='height', vertices=ndarray(...), win=Window(...), windingRule=None)
27.0321 	EXP 	window1: mouseVisible = True
27.0331 	EXP 	Created text1 = TextStim(__class__=<class 'psychopy.visual.text.TextStim'>, alignHoriz=method-wrapper(...), alignText='center', alignVert=method-wrapper(...), anchorHoriz='center', anchorVert='center', antialias=True, autoDraw=False, autoLog=True, bold=False, color=array([1., 1., 1.]), colorSpace='rgb', contrast=1.0, depth=-1.0, draggable=False, flipHoriz=False, flipVert=False, font='Open Sans', fontFiles=[], height=0.05, italic=False, languageStyle='LTR', name='text1', opacity=1.0, ori=0.0, pos=array([-0.225,  0.08 ]), rgb=UNKNOWN, text='', units='norm', win=Window(...), wrapWidth=1)
27.0332 	EXP 	window1: mouseVisible = True
27.0341 	EXP 	Created text2 = TextStim(__class__=<class 'psychopy.visual.text.TextStim'>, alignHoriz=method-wrapper(...), alignText='center', alignVert=method-wrapper(...), anchorHoriz='center', anchorVert='center', antialias=True, autoDraw=False, autoLog=True, bold=False, color=array([1., 1., 1.]), colorSpace='rgb', contrast=1.0, depth=-2.0, draggable=False, flipHoriz=False, flipVert=False, font='Open Sans', fontFiles=[], height=0.05, italic=False, languageStyle='LTR', name='text2', opacity=1.0, ori=0.0, pos=array([-0.075,  0.08 ]), rgb=UNKNOWN, text='', units='norm', win=Window(...), wrapWidth=1)
27.0342 	EXP 	window1: mouseVisible = True
27.0351 	EXP 	Created text3 = TextStim(__class__=<class 'psychopy.visual.text.TextStim'>, alignHoriz=method-wrapper(...), alignText='center', alignVert=method-wrapper(...), anchorHoriz='center', anchorVert='center', antialias=True, autoDraw=False, autoLog=True, bold=False, color=array([1., 1., 1.]), colorSpace='rgb', contrast=1.0, depth=-3.0, draggable=False, flipHoriz=False, flipVert=False, font='Open Sans', fontFiles=[], height=0.05, italic=False, languageStyle='LTR', name='text3', opacity=1.0, ori=0.0, pos=array([0.075, 0.08 ]), rgb=UNKNOWN, text='', units='norm', win=Window(...), wrapWidth=1)
27.0351 	EXP 	window1: mouseVisible = True
27.0361 	EXP 	Created text4 = TextStim(__class__=<class 'psychopy.visual.text.TextStim'>, alignHoriz=method-wrapper(...), alignText='center', alignVert=method-wrapper(...), anchorHoriz='center', anchorVert='center', antialias=True, autoDraw=False, autoLog=True, bold=False, color=array([1., 1., 1.]), colorSpace='rgb', contrast=1.0, depth=-4.0, draggable=False, flipHoriz=False, flipVert=False, font='Open Sans', fontFiles=[], height=0.05, italic=False, languageStyle='LTR', name='text4', opacity=1.0, ori=0.0, pos=array([0.225, 0.08 ]), rgb=UNKNOWN, text='', units='norm', win=Window(...), wrapWidth=1)
27.0361 	EXP 	window1: mouseVisible = True
27.0371 	EXP 	Created text5 = TextStim(__class__=<class 'psychopy.visual.text.TextStim'>, alignHoriz=method-wrapper(...), alignText='center', alignVert=method-wrapper(...), anchorHoriz='center', anchorVert='center', antialias=True, autoDraw=False, autoLog=True, bold=False, color=array([1., 1., 1.]), colorSpace='rgb', contrast=1.0, depth=-5.0, draggable=False, flipHoriz=False, flipVert=False, font='Open Sans', fontFiles=[], height=0.05, italic=False, languageStyle='LTR', name='text5', opacity=1.0, ori=0.0, pos=array([-0.225, -0.08 ]), rgb=UNKNOWN, text='', units='norm', win=Window(...), wrapWidth=1)
27.0371 	EXP 	window1: mouseVisible = True
27.0381 	EXP 	Created text6 = TextStim(__class__=<class 'psychopy.visual.text.TextStim'>, alignHoriz=method-wrapper(...), alignText='center', alignVert=method-wrapper(...), anchorHoriz='center', anchorVert='center', antialias=True, autoDraw=False, autoLog=True, bold=False, color=array([1., 1., 1.]), colorSpace='rgb', contrast=1.0, depth=-6.0, draggable=False, flipHoriz=False, flipVert=False, font='Open Sans', fontFiles=[], height=0.05, italic=False, languageStyle='LTR', name='text6', opacity=1.0, ori=0.0, pos=array([-0.075, -0.08 ]), rgb=UNKNOWN, text='', units='norm', win=Window(...), wrapWidth=1)
27.0381 	EXP 	window1: mouseVisible = True
27.0391 	EXP 	Created text7 = TextStim(__class__=<class 'psychopy.visual.text.TextStim'>, alignHoriz=method-wrapper(...), alignText='center', alignVert=method-wrapper(...), anchorHoriz='center', anchorVert='center', antialias=True, autoDraw=False, autoLog=True, bold=False, color=array([1., 1., 1.]), colorSpace='rgb', contrast=1.0, depth=-7.0, draggable=False, flipHoriz=False, flipVert=False, font='Open Sans', fontFiles=[], height=0.05, italic=False, languageStyle='LTR', name='text7', opacity=1.0, ori=0.0, pos=array([ 0.075, -0.08 ]), rgb=UNKNOWN, text='', units='norm', win=Window(...), wrapWidth=1)
27.0391 	EXP 	window1: mouseVisible = True
27.0400 	EXP 	Created text8 = TextStim(__class__=<class 'psychopy.visual.text.TextStim'>, alignHoriz=method-wrapper(...), alignText='center', alignVert=method-wrapper(...), anchorHoriz='center', anchorVert='center', antialias=True, autoDraw=False, autoLog=True, bold=False, color=array([1., 1., 1.]), colorSpace='rgb', contrast=1.0, depth=-8.0, draggable=False, flipHoriz=False, flipVert=False, font='Open Sans', fontFiles=[], height=0.05, italic=False, languageStyle='LTR', name='text8', opacity=1.0, ori=0.0, pos=array([ 0.225, -0.08 ]), rgb=UNKNOWN, text='', units='norm', win=Window(...), wrapWidth=1)
27.0401 	EXP 	window1: mouseVisible = True
27.0410 	EXP 	Created num1 = TextStim(__class__=<class 'psychopy.visual.text.TextStim'>, alignHoriz=method-wrapper(...), alignText='center', alignVert=method-wrapper(...), anchorHoriz='center', anchorVert='center', antialias=True, autoDraw=False, autoLog=True, bold=False, color=array([1., 1., 1.]), colorSpace='rgb', contrast=1.0, depth=-10.0, draggable=False, flipHoriz=False, flipVert=False, font='Open Sans', fontFiles=[], height=0.1, italic=False, languageStyle='LTR', name='num1', opacity=1.0, ori=0.0, pos=array([-0.225,  0.24 ]), rgb=UNKNOWN, text='', units='norm', win=Window(...), wrapWidth=1)
27.0411 	EXP 	window1: mouseVisible = True
27.0422 	EXP 	Created num2 = TextStim(__class__=<class 'psychopy.visual.text.TextStim'>, alignHoriz=method-wrapper(...), alignText='center', alignVert=method-wrapper(...), anchorHoriz='center', anchorVert='center', antialias=True, autoDraw=False, autoLog=True, bold=False, color=array([1., 1., 1.]), colorSpace='rgb', contrast=1.0, depth=-11.0, draggable=False, flipHoriz=False, flipVert=False, font='Open Sans', fontFiles=[], height=0.1, italic=False, languageStyle='LTR', name='num2', opacity=1.0, ori=0.0, pos=array([-0.075,  0.24 ]), rgb=UNKNOWN, text='', units='norm', win=Window(...), wrapWidth=1)
27.0422 	EXP 	window1: mouseVisible = True
27.0432 	EXP 	Created num3 = TextStim(__class__=<class 'psychopy.visual.text.TextStim'>, alignHoriz=method-wrapper(...), alignText='center', alignVert=method-wrapper(...), anchorHoriz='center', anchorVert='center', antialias=True, autoDraw=False, autoLog=True, bold=False, color=array([1., 1., 1.]), colorSpace='rgb', contrast=1.0, depth=-12.0, draggable=False, flipHoriz=False, flipVert=False, font='Open Sans', fontFiles=[], height=0.1, italic=False, languageStyle='LTR', name='num3', opacity=1.0, ori=0.0, pos=array([0.075, 0.24 ]), rgb=UNKNOWN, text='', units='norm', win=Window(...), wrapWidth=1)
27.0432 	EXP 	window1: mouseVisible = True
27.0442 	EXP 	Created num4 = TextStim(__class__=<class 'psychopy.visual.text.TextStim'>, alignHoriz=method-wrapper(...), alignText='center', alignVert=method-wrapper(...), anchorHoriz='center', anchorVert='center', antialias=True, autoDraw=False, autoLog=True, bold=False, color=array([1., 1., 1.]), colorSpace='rgb', contrast=1.0, depth=-13.0, draggable=False, flipHoriz=False, flipVert=False, font='Open Sans', fontFiles=[], height=0.1, italic=False, languageStyle='LTR', name='num4', opacity=1.0, ori=0.0, pos=array([0.225, 0.24 ]), rgb=UNKNOWN, text='', units='norm', win=Window(...), wrapWidth=1)
27.0442 	EXP 	window1: mouseVisible = True
27.0459 	EXP 	Created fixCrossR = ShapeStim(__class__=<class 'psychopy.visual.shape.ShapeStim'>, anchor=('center', 'center'), autoDraw=False, autoLog=True, closeShape=True, color=method-wrapper(...), colorSpace='rgb', contrast=None, depth=0.0, draggable=False, fillColor=array([-1, -1, -1]), fillColorSpace='rgb', fillRGB=array([-1, -1, -1]), interpolate=True, lineColor=array([-1., -1., -1.]), lineColorSpace='rgb', lineRGB=array([-1, -1, -1]), lineWidth=1.0, name='fixCrossR', opacity=1.0, ori=0.0, pos=array([0., 0.]), size=array([0.02, 0.02]), units='height', vertices=ndarray(...), win=Window(...), windingRule=None)
27.0460 	EXP 	window1: mouseVisible = True
27.0472 	EXP 	Created text_total = TextStim(__class__=<class 'psychopy.visual.text.TextStim'>, alignHoriz=method-wrapper(...), alignText='center', alignVert=method-wrapper(...), anchorHoriz='center', anchorVert='center', antialias=True, autoDraw=False, autoLog=True, bold=False, color=array([1., 1., 1.]), colorSpace='rgb', contrast=1.0, depth=-1.0, draggable=False, flipHoriz=False, flipVert=False, font='Open Sans', fontFiles=[], height=0.05, italic=False, languageStyle='LTR', name='text_total', opacity=1.0, ori=0.0, pos=array([0., 0.]), rgb=UNKNOWN, text='', units='height', win=Window(...), wrapWidth=1)
27.0472 	EXP 	window1: mouseVisible = True
27.0484 	EXP 	Created text_acc = TextStim(__class__=<class 'psychopy.visual.text.TextStim'>, alignHoriz=method-wrapper(...), alignText='center', alignVert=method-wrapper(...), anchorHoriz='center', anchorVert='center', antialias=True, autoDraw=False, autoLog=True, bold=False, color=array([1., 1., 1.]), colorSpace='rgb', contrast=1.0, depth=-2.0, draggable=False, flipHoriz=False, flipVert=False, font='Open Sans', fontFiles=[], height=0.05, italic=False, languageStyle='LTR', name='text_acc', opacity=1.0, ori=0.0, pos=array([ 0. , -0.3]), rgb=UNKNOWN, text='', units='height', win=Window(...), wrapWidth=1)
0.0074 	EXP 	Created sequence: random, trialTypes=1, nReps=0, seed=None
0.0241 	EXP 	text: autoDraw = True
0.9125 	DATA 	Mouse: Left button down, pos=(1575,646)
0.9428 	DATA 	Mouse:  Left button up, pos=(1575,646)
1.4653 	EXP 	Imported participantData/s12/block_0/babySteps_s12.xlsx as conditions, 5 conditions, 15 params
1.4656 	EXP 	Created sequence: sequential, trialTypes=5, nReps=1, seed=None
1.4658 	EXP 	New trial (rep=0, index=0): {'category': 'shoe', 'orientation': 4, 'taskCue': 'stim//ori2.png', 'stimfile': 'stim//shoe4.png', 'resp1': 'Half Right', 'resp2': 'Half Left', 'resp3': 'Full Left', 'resp4': 'Full Right', 'resp5': 'Turtle', 'resp6': 'Horse', 'resp7': 'Shoe', 'resp8': 'Car', 'objFirst': False, 'correctButton': 4, 'interval': 2.476}
1.4696 	DATA 	Keypress: 5
1.4741 	EXP 	text: autoDraw = False
1.4741 	EXP 	cue: image = 'stim//ori2.png'
1.4741 	EXP 	cue: autoDraw = True
2.4596 	EXP 	Created sequence: sequential, trialTypes=1, nReps=3, seed=None
2.4597 	EXP 	New trial (rep=0, index=0): None
2.6753 	EXP 	cue: autoDraw = False
2.6753 	EXP 	cue: autoDraw = False
2.6753 	EXP 	image: image = 'stim//shoe4.png'
2.6753 	EXP 	image: autoDraw = True
2.6753 	EXP 	fixCrossR_2: autoDraw = True
2.9256 	EXP 	image: autoDraw = False
2.9256 	EXP 	fixCrossR_2: autoDraw = False
2.9256 	EXP 	image: autoDraw = False
2.9256 	EXP 	fixCrossR_2: autoDraw = False
2.9256 	EXP 	fixCrossR_4: autoDraw = True
3.1602 	EXP 	New trial (rep=1, index=0): None
3.2927 	EXP 	fixCrossR_4: autoDraw = False
3.2927 	EXP 	fixCrossR_4: autoDraw = False
3.2927 	EXP 	image: image = 'stim//shoe4.png'
3.2927 	EXP 	image: autoDraw = True
3.2927 	EXP 	fixCrossR_2: autoDraw = True
3.5428 	EXP 	image: autoDraw = False
3.5428 	EXP 	fixCrossR_2: autoDraw = False
3.5428 	EXP 	image: autoDraw = False
3.5428 	EXP 	fixCrossR_2: autoDraw = False
3.5428 	EXP 	fixCrossR_4: autoDraw = True
3.7771 	EXP 	New trial (rep=2, index=0): None
3.9597 	EXP 	fixCrossR_4: autoDraw = False
3.9597 	EXP 	fixCrossR_4: autoDraw = False
3.9597 	EXP 	image: image = 'stim//shoe4.png'
3.9597 	EXP 	image: autoDraw = True
3.9597 	EXP 	fixCrossR_2: autoDraw = True
4.2100 	EXP 	image: autoDraw = False
4.2100 	EXP 	fixCrossR_2: autoDraw = False
4.2100 	EXP 	image: autoDraw = False
4.2100 	EXP 	fixCrossR_2: autoDraw = False
4.2100 	EXP 	fixCrossR_4: autoDraw = True
4.5270 	EXP 	fixCrossR_4: autoDraw = False
4.5270 	EXP 	fixCrossR_4: autoDraw = False
4.5270 	EXP 	fixCross_2: fillColor = <psychopy.colors.Color: black, alpha=1.0>
4.5270 	EXP 	fixCross_2: borderColor = <psychopy.colors.Color: black, alpha=1.0>
4.5270 	EXP 	text1_2: foreColor = <psychopy.colors.Color: white, alpha=1.0>
4.5270 	EXP 	text1_2: height = 0.05
4.5270 	EXP 	text1_2: height = 0.05
4.5270 	EXP 	text1_2: height = 0.05
4.5270 	EXP 	text1_2: text = 'Half Right'
4.5270 	EXP 	text2_2: foreColor = <psychopy.colors.Color: white, alpha=1.0>
4.5270 	EXP 	text2_2: height = 0.05
4.5270 	EXP 	text2_2: height = 0.05
4.5270 	EXP 	text2_2: height = 0.05
4.5270 	EXP 	text2_2: text = 'Half Left'
4.5270 	EXP 	text3_2: foreColor = <psychopy.colors.Color: white, alpha=1.0>
4.5270 	EXP 	text3_2: height = 0.05
4.5270 	EXP 	text3_2: height = 0.05
4.5270 	EXP 	text3_2: height = 0.05
4.5270 	EXP 	text3_2: text = 'Full Left'
4.5270 	EXP 	text4_2: foreColor = <psychopy.colors.Color: white, alpha=1.0>
4.5270 	EXP 	text4_2: height = 0.05
4.5270 	EXP 	text4_2: height = 0.05
4.5270 	EXP 	text4_2: height = 0.05
4.5270 	EXP 	text4_2: text = 'Full Right'
4.5270 	EXP 	text5_2: foreColor = <psychopy.colors.Color: white, alpha=1.0>
4.5270 	EXP 	text5_2: height = 0.05
4.5270 	EXP 	text5_2: height = 0.05
4.5270 	EXP 	text5_2: height = 0.05
4.5270 	EXP 	text5_2: text = 'Turtle'
4.5270 	EXP 	text6_2: foreColor = <psychopy.colors.Color: white, alpha=1.0>
4.5270 	EXP 	text6_2: height = 0.05
4.5270 	EXP 	text6_2: height = 0.05
4.5270 	EXP 	text6_2: height = 0.05
4.5270 	EXP 	text6_2: text = 'Horse'
4.5270 	EXP 	text7_2: foreColor = <psychopy.colors.Color: white, alpha=1.0>
4.5270 	EXP 	text7_2: height = 0.05
4.5270 	EXP 	text7_2: height = 0.05
4.5270 	EXP 	text7_2: height = 0.05
4.5270 	EXP 	text7_2: text = 'Shoe'
4.5270 	EXP 	text8_2: foreColor = <psychopy.colors.Color: white, alpha=1.0>
4.5270 	EXP 	text8_2: height = 0.05
4.5270 	EXP 	text8_2: height = 0.05
4.5270 	EXP 	text8_2: height = 0.05
4.5270 	EXP 	text8_2: text = 'Car'
4.5270 	EXP 	num1_2: foreColor = <psychopy.colors.Color: white, alpha=1.0>
4.5270 	EXP 	num1_2: height = 0.1
4.5270 	EXP 	num1_2: height = 0.1
4.5270 	EXP 	num1_2: height = 0.1
4.5270 	EXP 	num1_2: text = '1'
4.5270 	EXP 	num2_2: foreColor = <psychopy.colors.Color: white, alpha=1.0>
4.5270 	EXP 	num2_2: height = 0.1
4.5270 	EXP 	num2_2: height = 0.1
4.5270 	EXP 	num2_2: height = 0.1
4.5270 	EXP 	num2_2: text = '2'
4.5270 	EXP 	num3_2: foreColor = <psychopy.colors.Color: white, alpha=1.0>
4.5270 	EXP 	num3_2: height = 0.1
4.5270 	EXP 	num3_2: height = 0.1
4.5270 	EXP 	num3_2: height = 0.1
4.5270 	EXP 	num3_2: text = '3'
4.5270 	EXP 	num4_2: foreColor = <psychopy.colors.Color: white, alpha=1.0>
4.5270 	EXP 	num4_2: height = 0.1
4.5270 	EXP 	num4_2: height = 0.1
4.5270 	EXP 	num4_2: height = 0.1
4.5270 	EXP 	num4_2: text = '4'
4.5270 	EXP 	fixCross_2: autoDraw = True
4.5270 	EXP 	text1_2: autoDraw = True
4.5270 	EXP 	text2_2: autoDraw = True
4.5270 	EXP 	text3_2: autoDraw = True
4.5270 	EXP 	text4_2: autoDraw = True
4.5270 	EXP 	text5_2: autoDraw = True
4.5270 	EXP 	text6_2: autoDraw = True
4.5270 	EXP 	text7_2: autoDraw = True
4.5270 	EXP 	text8_2: autoDraw = True
4.5270 	EXP 	num1_2: autoDraw = True
4.5270 	EXP 	num2_2: autoDraw = True
4.5270 	EXP 	num3_2: autoDraw = True
4.5270 	EXP 	num4_2: autoDraw = True
5.9457 	DATA 	Keypress: 4
6.1332 	EXP 	window1: mouseVisible = True
