2.3455 	ERROR 	Support for the `sounddevice` audio backend is not available this session. Please install `psychopy-sounddevice` and restart the session to enable support.
6.1827 	WARNING 	User requested fullscreen with size [1536  864], but screen is actually [1920, 1080]. Using actual size
6.9533 	EXP 	Created window1 = Window(allowGUI=True, allowStencil=False, autoLog=True, backendConf=UNKNOWN, backgroundFit=<method-wrapper '__getattribute__' of attributeSetter object at 0x0000017707B09040>, backgroundImage=<method-wrapper '__getattribute__' of attributeSetter object at 0x0000017707AF7FD0>, bitsMode=UNKNOWN, blendMode='avg', bpc=(8, 8, 8), color=array([-0.4039, -0.4039, -0.4039]), colorSpace='rgb', depthBits=8, fullscr=<method-wrapper '__getattribute__' of attributeSetter object at 0x0000017707AF7E80>, gamma=None, gammaErrorPolicy='raise', lms=UNKNOWN, monitor=<psychopy.monitors.calibTools.Monitor object at 0x00000177080D4FA0>, multiSample=False, name='window1', numSamples=2, pos=(0, 0), screen=0, size=array([1920, 1080]), stencilBits=0, stereo=False, title='PsychoPy', units='height', useFBO=True, useRetina=False, viewOri=0.0, viewPos=None, viewScale=None, waitBlanking=True, winType='pyglet')
6.9534 	EXP 	window1: mouseVisible = True
6.9534 	EXP 	window1: backgroundImage = ''
6.9534 	EXP 	window1: backgroundFit = 'none'
6.9551 	EXP 	window1: Attempting to measure frame rate of screen (0) ...
6.9551 	EXP 	window1: recordFrameIntervals = False
7.1202 	EXP 	window1: recordFrameIntervals = True
7.3034 	EXP 	Screen (0) actual frame rate measured at 60.21Hz
7.3035 	EXP 	window1: recordFrameIntervals = False
7.3036 	EXP 	window1: mouseVisible = False
9.4250 	EXP 	pilotv2: status = STARTED
9.4254 	EXP 	window1: mouseVisible = True
9.4354 	EXP 	Created imageInstruct = ImageStim(__class__=<class 'psychopy.visual.image.ImageStim'>, anchor=('center', 'center'), autoLog=True, color=array([1., 1., 1.]), colorSpace='rgb', contrast=1.0, depth=0.0, draggable=False, flipHoriz=False, flipVert=False, image='default.png', interpolate=True, mask=None, maskParams=None, name='imageInstruct', opacity=1.0, ori=0.0, pos=array([0., 0.]), size=array([1.6    , 1.00736]), texRes=128.0, units='height', win=Window(...))
9.4357 	EXP 	window1: mouseVisible = True
9.4359 	EXP 	window1: mouseVisible = True
9.4363 	EXP 	window1: mouseVisible = True
9.4369 	EXP 	window1: mouseVisible = True
9.4502 	EXP 	window1: mouseVisible = True
9.4503 	EXP 	window1: mouseVisible = True
9.4508 	EXP 	window1: mouseVisible = True
9.4512 	EXP 	window1: mouseVisible = True
9.4626 	EXP 	window1: mouseVisible = True
9.4629 	EXP 	window1: mouseVisible = True
9.4630 	EXP 	window1: mouseVisible = True
9.4634 	EXP 	window1: mouseVisible = True
9.4638 	EXP 	window1: mouseVisible = True
9.4750 	EXP 	window1: mouseVisible = True
9.4751 	EXP 	window1: mouseVisible = True
9.4755 	EXP 	window1: mouseVisible = True
9.4759 	EXP 	window1: mouseVisible = True
9.4792 	EXP 	window1: mouseVisible = True
9.4794 	EXP 	window1: mouseVisible = True
9.5446 	EXP 	Created text_8 = TextStim(__class__=<class 'psychopy.visual.text.TextStim'>, alignHoriz=method-wrapper(...), alignText='center', alignVert=method-wrapper(...), anchorHoriz='center', anchorVert='center', antialias=True, autoDraw=False, autoLog=True, bold=False, color=array([1., 1., 1.]), colorSpace='rgb', contrast=1.0, depth=0.0, draggable=False, flipHoriz=False, flipVert=False, font='Open Sans', fontFiles=[], height=0.05, italic=False, languageStyle='LTR', name='text_8', opacity=1.0, ori=0.0, pos=array([0., 0.]), rgb=UNKNOWN, text=str(...), units='height', win=Window(...), wrapWidth=1)
9.5449 	EXP 	window1: mouseVisible = True
9.5451 	EXP 	window1: mouseVisible = True
9.5455 	EXP 	window1: mouseVisible = True
9.5459 	EXP 	window1: mouseVisible = True
9.5697 	EXP 	window1: mouseVisible = True
9.5698 	EXP 	window1: mouseVisible = True
9.5702 	EXP 	window1: mouseVisible = True
9.5706 	EXP 	window1: mouseVisible = True
9.5808 	EXP 	window1: mouseVisible = True
9.5810 	EXP 	window1: mouseVisible = True
9.5812 	EXP 	window1: mouseVisible = True
9.5816 	EXP 	window1: mouseVisible = True
9.5820 	EXP 	window1: mouseVisible = True
9.5907 	EXP 	window1: mouseVisible = True
9.5908 	EXP 	window1: mouseVisible = True
9.5912 	EXP 	window1: mouseVisible = True
9.5916 	EXP 	window1: mouseVisible = True
9.5951 	EXP 	window1: mouseVisible = True
9.5952 	EXP 	window1: mouseVisible = True
9.5991 	EXP 	Created image_17 = ImageStim(__class__=<class 'psychopy.visual.image.ImageStim'>, anchor=('center', 'center'), autoLog=True, color=array([1., 1., 1.]), colorSpace='rgb', contrast=1.0, depth=-3.0, draggable=False, flipHoriz=False, flipVert=False, image='stim/ori1.png', interpolate=True, mask=None, maskParams=None, name='image_17', opacity=1.0, ori=0.0, pos=array([0.  , 0.23]), size=array([0.15, 0.15]), texRes=128.0, units='height', win=Window(...))
9.5992 	EXP 	window1: mouseVisible = True
9.6033 	EXP 	Created text_9 = TextStim(__class__=<class 'psychopy.visual.text.TextStim'>, alignHoriz=method-wrapper(...), alignText='center', alignVert=method-wrapper(...), anchorHoriz='center', anchorVert='center', antialias=True, autoDraw=False, autoLog=True, bold=False, color=array([1., 1., 1.]), colorSpace='rgb', contrast=1.0, depth=0.0, draggable=False, flipHoriz=False, flipVert=False, font='Open Sans', fontFiles=[], height=0.05, italic=False, languageStyle='LTR', name='text_9', opacity=1.0, ori=0.0, pos=array([0., 0.]), rgb=UNKNOWN, text=str(...), units='height', win=Window(...), wrapWidth=1)
9.6035 	EXP 	window1: mouseVisible = True
9.6036 	EXP 	window1: mouseVisible = True
9.6041 	EXP 	window1: mouseVisible = True
9.6044 	EXP 	window1: mouseVisible = True
9.6083 	EXP 	window1: mouseVisible = True
9.6085 	EXP 	window1: mouseVisible = True
9.6089 	EXP 	window1: mouseVisible = True
9.6093 	EXP 	window1: mouseVisible = True
9.6126 	EXP 	window1: mouseVisible = True
9.6128 	EXP 	window1: mouseVisible = True
9.6129 	EXP 	window1: mouseVisible = True
9.6134 	EXP 	window1: mouseVisible = True
9.6138 	EXP 	window1: mouseVisible = True
9.6178 	EXP 	window1: mouseVisible = True
9.6179 	EXP 	window1: mouseVisible = True
9.6183 	EXP 	window1: mouseVisible = True
9.6187 	EXP 	window1: mouseVisible = True
9.6221 	EXP 	window1: mouseVisible = True
9.6222 	EXP 	window1: mouseVisible = True
9.6263 	EXP 	Created image_18 = ImageStim(__class__=<class 'psychopy.visual.image.ImageStim'>, anchor=('center', 'center'), autoLog=True, color=array([1., 1., 1.]), colorSpace='rgb', contrast=1.0, depth=-3.0, draggable=False, flipHoriz=False, flipVert=False, image='stim/obj2.png', interpolate=True, mask=None, maskParams=None, name='image_18', opacity=1.0, ori=0.0, pos=array([0.  , 0.23]), size=array([0.15, 0.15]), texRes=128.0, units='height', win=Window(...))
9.6265 	EXP 	window1: mouseVisible = True
9.6305 	EXP 	Created text_10 = TextStim(__class__=<class 'psychopy.visual.text.TextStim'>, alignHoriz=method-wrapper(...), alignText='center', alignVert=method-wrapper(...), anchorHoriz='center', anchorVert='center', antialias=True, autoDraw=False, autoLog=True, bold=False, color=array([1., 1., 1.]), colorSpace='rgb', contrast=1.0, depth=0.0, draggable=False, flipHoriz=False, flipVert=False, font='Open Sans', fontFiles=[], height=0.05, italic=False, languageStyle='LTR', name='text_10', opacity=1.0, ori=0.0, pos=array([0., 0.]), rgb=UNKNOWN, text=str(...), units='height', win=Window(...), wrapWidth=1)
9.6307 	EXP 	window1: mouseVisible = True
9.6308 	EXP 	window1: mouseVisible = True
9.6313 	EXP 	window1: mouseVisible = True
9.6317 	EXP 	window1: mouseVisible = True
9.6356 	EXP 	window1: mouseVisible = True
9.6358 	EXP 	window1: mouseVisible = True
9.6363 	EXP 	window1: mouseVisible = True
9.6367 	EXP 	window1: mouseVisible = True
9.6401 	EXP 	window1: mouseVisible = True
9.6403 	EXP 	window1: mouseVisible = True
9.6404 	EXP 	window1: mouseVisible = True
9.6408 	EXP 	window1: mouseVisible = True
9.6412 	EXP 	window1: mouseVisible = True
9.6450 	EXP 	window1: mouseVisible = True
9.6451 	EXP 	window1: mouseVisible = True
9.6455 	EXP 	window1: mouseVisible = True
9.6459 	EXP 	window1: mouseVisible = True
9.6492 	EXP 	window1: mouseVisible = True
9.6493 	EXP 	window1: mouseVisible = True
9.6534 	EXP 	Created image_19 = ImageStim(__class__=<class 'psychopy.visual.image.ImageStim'>, anchor=('center', 'center'), autoLog=True, color=array([1., 1., 1.]), colorSpace='rgb', contrast=1.0, depth=-3.0, draggable=False, flipHoriz=False, flipVert=False, image='stim/ori2.png', interpolate=True, mask=None, maskParams=None, name='image_19', opacity=1.0, ori=0.0, pos=array([0.  , 0.23]), size=array([0.15, 0.15]), texRes=128.0, units='height', win=Window(...))
9.6535 	EXP 	window1: mouseVisible = True
9.6576 	EXP 	Created text_11 = TextStim(__class__=<class 'psychopy.visual.text.TextStim'>, alignHoriz=method-wrapper(...), alignText='center', alignVert=method-wrapper(...), anchorHoriz='center', anchorVert='center', antialias=True, autoDraw=False, autoLog=True, bold=False, color=array([1., 1., 1.]), colorSpace='rgb', contrast=1.0, depth=0.0, draggable=False, flipHoriz=False, flipVert=False, font='Open Sans', fontFiles=[], height=0.05, italic=False, languageStyle='LTR', name='text_11', opacity=1.0, ori=0.0, pos=array([0., 0.]), rgb=UNKNOWN, text=str(...), units='height', win=Window(...), wrapWidth=1)
9.6578 	EXP 	window1: mouseVisible = True
9.6580 	EXP 	window1: mouseVisible = True
9.6584 	EXP 	window1: mouseVisible = True
9.6589 	EXP 	window1: mouseVisible = True
9.6627 	EXP 	window1: mouseVisible = True
9.6628 	EXP 	window1: mouseVisible = True
9.6633 	EXP 	window1: mouseVisible = True
9.6636 	EXP 	window1: mouseVisible = True
9.6671 	EXP 	window1: mouseVisible = True
9.6673 	EXP 	window1: mouseVisible = True
9.6674 	EXP 	window1: mouseVisible = True
9.6678 	EXP 	window1: mouseVisible = True
9.6682 	EXP 	window1: mouseVisible = True
9.6721 	EXP 	window1: mouseVisible = True
9.6722 	EXP 	window1: mouseVisible = True
9.6726 	EXP 	window1: mouseVisible = True
9.6732 	EXP 	window1: mouseVisible = True
9.6766 	EXP 	window1: mouseVisible = True
9.6767 	EXP 	window1: mouseVisible = True
9.6810 	EXP 	Created image_20 = ImageStim(__class__=<class 'psychopy.visual.image.ImageStim'>, anchor=('center', 'center'), autoLog=True, color=array([1., 1., 1.]), colorSpace='rgb', contrast=1.0, depth=-3.0, draggable=False, flipHoriz=False, flipVert=False, image='stim/obj1.png', interpolate=True, mask=None, maskParams=None, name='image_20', opacity=1.0, ori=0.0, pos=array([0.  , 0.23]), size=array([0.15, 0.15]), texRes=128.0, units='height', win=Window(...))
9.6811 	EXP 	window1: mouseVisible = True
9.6905 	EXP 	Created imageInstruct_2 = ImageStim(__class__=<class 'psychopy.visual.image.ImageStim'>, anchor=('center', 'center'), autoLog=True, color=array([1., 1., 1.]), colorSpace='rgb', contrast=1.0, depth=0.0, draggable=False, flipHoriz=False, flipVert=False, image='default.png', interpolate=True, mask=None, maskParams=None, name='imageInstruct_2', opacity=1.0, ori=0.0, pos=array([0., 0.]), size=array([1.6    , 1.00736]), texRes=128.0, units='height', win=Window(...))
9.6907 	EXP 	window1: mouseVisible = True
9.6908 	EXP 	window1: mouseVisible = True
9.6913 	EXP 	window1: mouseVisible = True
9.6916 	EXP 	window1: mouseVisible = True
9.6954 	EXP 	window1: mouseVisible = True
9.6955 	EXP 	window1: mouseVisible = True
9.6959 	EXP 	window1: mouseVisible = True
9.6963 	EXP 	window1: mouseVisible = True
9.6996 	EXP 	window1: mouseVisible = True
9.6998 	EXP 	window1: mouseVisible = True
9.6999 	EXP 	window1: mouseVisible = True
9.7003 	EXP 	window1: mouseVisible = True
9.7007 	EXP 	window1: mouseVisible = True
9.7058 	EXP 	window1: mouseVisible = True
9.7060 	EXP 	window1: mouseVisible = True
9.7064 	EXP 	window1: mouseVisible = True
9.7069 	EXP 	window1: mouseVisible = True
9.7102 	EXP 	window1: mouseVisible = True
9.7103 	EXP 	window1: mouseVisible = True
9.7282 	EXP 	Created text_17 = TextStim(__class__=<class 'psychopy.visual.text.TextStim'>, alignHoriz=method-wrapper(...), alignText='center', alignVert=method-wrapper(...), anchorHoriz='center', anchorVert='center', antialias=True, autoDraw=False, autoLog=True, bold=False, color=array([1., 1., 1.]), colorSpace='rgb', contrast=1.0, depth=-2.0, draggable=False, flipHoriz=False, flipVert=False, font='Open Sans', fontFiles=[], height=0.05, italic=False, languageStyle='LTR', name='text_17', opacity=1.0, ori=0.0, pos=array([0., 0.]), rgb=UNKNOWN, text=str(...), units='height', win=Window(...), wrapWidth=1)
9.7283 	EXP 	window1: mouseVisible = True
9.7376 	EXP 	Created cue = ImageStim(__class__=<class 'psychopy.visual.image.ImageStim'>, anchor=('center', 'center'), autoLog=True, color=array([1., 1., 1.]), colorSpace='rgb', contrast=1.0, depth=0.0, draggable=False, flipHoriz=False, flipVert=False, image='default.png', interpolate=True, mask=None, maskParams=None, name='cue', opacity=1.0, ori=0.0, pos=array([0., 0.]), size=array([0.15, 0.15]), texRes=128.0, units='height', win=Window(...))
9.7377 	EXP 	window1: mouseVisible = True
9.7396 	EXP 	Created fixCrossR_6 = ShapeStim(__class__=<class 'psychopy.visual.shape.ShapeStim'>, anchor=('center', 'center'), autoDraw=False, autoLog=True, closeShape=True, color=method-wrapper(...), colorSpace='rgb', contrast=None, depth=-1.0, draggable=False, fillColor=array([-1, -1, -1]), fillColorSpace='rgb', fillRGB=array([-1, -1, -1]), interpolate=True, lineColor=array([-1., -1., -1.]), lineColorSpace='rgb', lineRGB=array([-1, -1, -1]), lineWidth=1.0, name='fixCrossR_6', opacity=1.0, ori=0.0, pos=array([0., 0.]), size=array([0.02, 0.02]), units='height', vertices=ndarray(...), win=Window(...), windingRule=None)
9.7397 	EXP 	window1: mouseVisible = True
9.7488 	EXP 	Created image = ImageStim(__class__=<class 'psychopy.visual.image.ImageStim'>, anchor=('center', 'center'), autoLog=True, color=array([1., 1., 1.]), colorSpace='rgb', contrast=1.0, depth=0.0, draggable=False, flipHoriz=False, flipVert=False, image='default.png', interpolate=True, mask=None, maskParams=None, name='image', opacity=1.0, ori=0.0, pos=array([0., 0.]), size=array([0.5, 0.5]), texRes=128.0, units='height', win=Window(...))
9.7490 	EXP 	window1: mouseVisible = True
9.7507 	EXP 	Created fixCrossR_2 = ShapeStim(__class__=<class 'psychopy.visual.shape.ShapeStim'>, anchor=('center', 'center'), autoDraw=False, autoLog=True, closeShape=True, color=method-wrapper(...), colorSpace='rgb', contrast=None, depth=-1.0, draggable=False, fillColor=array([-1, -1, -1]), fillColorSpace='rgb', fillRGB=array([-1, -1, -1]), interpolate=True, lineColor=array([-1., -1., -1.]), lineColorSpace='rgb', lineRGB=array([-1, -1, -1]), lineWidth=1.0, name='fixCrossR_2', opacity=1.0, ori=0.0, pos=array([0., 0.]), size=array([0.02, 0.02]), units='height', vertices=ndarray(...), win=Window(...), windingRule=None)
9.7509 	EXP 	window1: mouseVisible = True
9.7528 	EXP 	Created fixCrossR_4 = ShapeStim(__class__=<class 'psychopy.visual.shape.ShapeStim'>, anchor=('center', 'center'), autoDraw=False, autoLog=True, closeShape=True, color=method-wrapper(...), colorSpace='rgb', contrast=None, depth=0.0, draggable=False, fillColor=array([-1, -1, -1]), fillColorSpace='rgb', fillRGB=array([-1, -1, -1]), interpolate=True, lineColor=array([-1., -1., -1.]), lineColorSpace='rgb', lineRGB=array([-1, -1, -1]), lineWidth=1.0, name='fixCrossR_4', opacity=1.0, ori=0.0, pos=array([0., 0.]), size=array([0.02, 0.02]), units='height', vertices=ndarray(...), win=Window(...), windingRule=None)
9.7529 	EXP 	window1: mouseVisible = True
9.7546 	EXP 	Created fixCross_2 = ShapeStim(__class__=<class 'psychopy.visual.shape.ShapeStim'>, anchor=('center', 'center'), autoDraw=False, autoLog=True, closeShape=True, color=method-wrapper(...), colorSpace='rgb', contrast=None, depth=0.0, draggable=False, fillColor=array([1, 1, 1]), fillColorSpace='rgb', fillRGB=array([1, 1, 1]), interpolate=True, lineColor=array([1., 1., 1.]), lineColorSpace='rgb', lineRGB=array([1, 1, 1]), lineWidth=1.0, name='fixCross_2', opacity=1.0, ori=0.0, pos=array([0., 0.]), size=array([0.02, 0.02]), units='height', vertices=ndarray(...), win=Window(...), windingRule=None)
9.7547 	EXP 	window1: mouseVisible = True
9.7563 	EXP 	Created text1_2 = TextStim(__class__=<class 'psychopy.visual.text.TextStim'>, alignHoriz=method-wrapper(...), alignText='center', alignVert=method-wrapper(...), anchorHoriz='center', anchorVert='center', antialias=True, autoDraw=False, autoLog=True, bold=False, color=array([1., 1., 1.]), colorSpace='rgb', contrast=1.0, depth=-1.0, draggable=False, flipHoriz=False, flipVert=False, font='Open Sans', fontFiles=[], height=0.05, italic=False, languageStyle='LTR', name='text1_2', opacity=1.0, ori=0.0, pos=array([-0.225,  0.08 ]), rgb=UNKNOWN, text='', units='norm', win=Window(...), wrapWidth=1)
9.7564 	EXP 	window1: mouseVisible = True
9.7575 	EXP 	Created text2_2 = TextStim(__class__=<class 'psychopy.visual.text.TextStim'>, alignHoriz=method-wrapper(...), alignText='center', alignVert=method-wrapper(...), anchorHoriz='center', anchorVert='center', antialias=True, autoDraw=False, autoLog=True, bold=False, color=array([1., 1., 1.]), colorSpace='rgb', contrast=1.0, depth=-2.0, draggable=False, flipHoriz=False, flipVert=False, font='Open Sans', fontFiles=[], height=0.05, italic=False, languageStyle='LTR', name='text2_2', opacity=1.0, ori=0.0, pos=array([-0.075,  0.08 ]), rgb=UNKNOWN, text='', units='norm', win=Window(...), wrapWidth=1)
9.7576 	EXP 	window1: mouseVisible = True
9.7586 	EXP 	Created text3_2 = TextStim(__class__=<class 'psychopy.visual.text.TextStim'>, alignHoriz=method-wrapper(...), alignText='center', alignVert=method-wrapper(...), anchorHoriz='center', anchorVert='center', antialias=True, autoDraw=False, autoLog=True, bold=False, color=array([1., 1., 1.]), colorSpace='rgb', contrast=1.0, depth=-3.0, draggable=False, flipHoriz=False, flipVert=False, font='Open Sans', fontFiles=[], height=0.05, italic=False, languageStyle='LTR', name='text3_2', opacity=1.0, ori=0.0, pos=array([0.075, 0.08 ]), rgb=UNKNOWN, text='', units='norm', win=Window(...), wrapWidth=1)
9.7587 	EXP 	window1: mouseVisible = True
9.7597 	EXP 	Created text4_2 = TextStim(__class__=<class 'psychopy.visual.text.TextStim'>, alignHoriz=method-wrapper(...), alignText='center', alignVert=method-wrapper(...), anchorHoriz='center', anchorVert='center', antialias=True, autoDraw=False, autoLog=True, bold=False, color=array([1., 1., 1.]), colorSpace='rgb', contrast=1.0, depth=-4.0, draggable=False, flipHoriz=False, flipVert=False, font='Open Sans', fontFiles=[], height=0.05, italic=False, languageStyle='LTR', name='text4_2', opacity=1.0, ori=0.0, pos=array([0.225, 0.08 ]), rgb=UNKNOWN, text='', units='norm', win=Window(...), wrapWidth=1)
9.7598 	EXP 	window1: mouseVisible = True
9.7608 	EXP 	Created text5_2 = TextStim(__class__=<class 'psychopy.visual.text.TextStim'>, alignHoriz=method-wrapper(...), alignText='center', alignVert=method-wrapper(...), anchorHoriz='center', anchorVert='center', antialias=True, autoDraw=False, autoLog=True, bold=False, color=array([1., 1., 1.]), colorSpace='rgb', contrast=1.0, depth=-5.0, draggable=False, flipHoriz=False, flipVert=False, font='Open Sans', fontFiles=[], height=0.05, italic=False, languageStyle='LTR', name='text5_2', opacity=1.0, ori=0.0, pos=array([-0.225, -0.08 ]), rgb=UNKNOWN, text='', units='norm', win=Window(...), wrapWidth=1)
9.7609 	EXP 	window1: mouseVisible = True
9.7618 	EXP 	Created text6_2 = TextStim(__class__=<class 'psychopy.visual.text.TextStim'>, alignHoriz=method-wrapper(...), alignText='center', alignVert=method-wrapper(...), anchorHoriz='center', anchorVert='center', antialias=True, autoDraw=False, autoLog=True, bold=False, color=array([1., 1., 1.]), colorSpace='rgb', contrast=1.0, depth=-6.0, draggable=False, flipHoriz=False, flipVert=False, font='Open Sans', fontFiles=[], height=0.05, italic=False, languageStyle='LTR', name='text6_2', opacity=1.0, ori=0.0, pos=array([-0.075, -0.08 ]), rgb=UNKNOWN, text='', units='norm', win=Window(...), wrapWidth=1)
9.7619 	EXP 	window1: mouseVisible = True
9.7628 	EXP 	Created text7_2 = TextStim(__class__=<class 'psychopy.visual.text.TextStim'>, alignHoriz=method-wrapper(...), alignText='center', alignVert=method-wrapper(...), anchorHoriz='center', anchorVert='center', antialias=True, autoDraw=False, autoLog=True, bold=False, color=array([1., 1., 1.]), colorSpace='rgb', contrast=1.0, depth=-7.0, draggable=False, flipHoriz=False, flipVert=False, font='Open Sans', fontFiles=[], height=0.05, italic=False, languageStyle='LTR', name='text7_2', opacity=1.0, ori=0.0, pos=array([ 0.075, -0.08 ]), rgb=UNKNOWN, text='', units='norm', win=Window(...), wrapWidth=1)
9.7629 	EXP 	window1: mouseVisible = True
9.7640 	EXP 	Created text8_2 = TextStim(__class__=<class 'psychopy.visual.text.TextStim'>, alignHoriz=method-wrapper(...), alignText='center', alignVert=method-wrapper(...), anchorHoriz='center', anchorVert='center', antialias=True, autoDraw=False, autoLog=True, bold=False, color=array([1., 1., 1.]), colorSpace='rgb', contrast=1.0, depth=-8.0, draggable=False, flipHoriz=False, flipVert=False, font='Open Sans', fontFiles=[], height=0.05, italic=False, languageStyle='LTR', name='text8_2', opacity=1.0, ori=0.0, pos=array([ 0.225, -0.08 ]), rgb=UNKNOWN, text='', units='norm', win=Window(...), wrapWidth=1)
9.7641 	EXP 	window1: mouseVisible = True
9.7651 	EXP 	Created num1_2 = TextStim(__class__=<class 'psychopy.visual.text.TextStim'>, alignHoriz=method-wrapper(...), alignText='center', alignVert=method-wrapper(...), anchorHoriz='center', anchorVert='center', antialias=True, autoDraw=False, autoLog=True, bold=False, color=array([1., 1., 1.]), colorSpace='rgb', contrast=1.0, depth=-10.0, draggable=False, flipHoriz=False, flipVert=False, font='Open Sans', fontFiles=[], height=0.1, italic=False, languageStyle='LTR', name='num1_2', opacity=1.0, ori=0.0, pos=array([-0.225,  0.24 ]), rgb=UNKNOWN, text='', units='norm', win=Window(...), wrapWidth=1)
9.7652 	EXP 	window1: mouseVisible = True
9.7663 	EXP 	Created num2_2 = TextStim(__class__=<class 'psychopy.visual.text.TextStim'>, alignHoriz=method-wrapper(...), alignText='center', alignVert=method-wrapper(...), anchorHoriz='center', anchorVert='center', antialias=True, autoDraw=False, autoLog=True, bold=False, color=array([1., 1., 1.]), colorSpace='rgb', contrast=1.0, depth=-11.0, draggable=False, flipHoriz=False, flipVert=False, font='Open Sans', fontFiles=[], height=0.1, italic=False, languageStyle='LTR', name='num2_2', opacity=1.0, ori=0.0, pos=array([-0.075,  0.24 ]), rgb=UNKNOWN, text='', units='norm', win=Window(...), wrapWidth=1)
9.7664 	EXP 	window1: mouseVisible = True
9.7673 	EXP 	Created num3_2 = TextStim(__class__=<class 'psychopy.visual.text.TextStim'>, alignHoriz=method-wrapper(...), alignText='center', alignVert=method-wrapper(...), anchorHoriz='center', anchorVert='center', antialias=True, autoDraw=False, autoLog=True, bold=False, color=array([1., 1., 1.]), colorSpace='rgb', contrast=1.0, depth=-12.0, draggable=False, flipHoriz=False, flipVert=False, font='Open Sans', fontFiles=[], height=0.1, italic=False, languageStyle='LTR', name='num3_2', opacity=1.0, ori=0.0, pos=array([0.075, 0.24 ]), rgb=UNKNOWN, text='', units='norm', win=Window(...), wrapWidth=1)
9.7674 	EXP 	window1: mouseVisible = True
9.7684 	EXP 	Created num4_2 = TextStim(__class__=<class 'psychopy.visual.text.TextStim'>, alignHoriz=method-wrapper(...), alignText='center', alignVert=method-wrapper(...), anchorHoriz='center', anchorVert='center', antialias=True, autoDraw=False, autoLog=True, bold=False, color=array([1., 1., 1.]), colorSpace='rgb', contrast=1.0, depth=-13.0, draggable=False, flipHoriz=False, flipVert=False, font='Open Sans', fontFiles=[], height=0.1, italic=False, languageStyle='LTR', name='num4_2', opacity=1.0, ori=0.0, pos=array([0.225, 0.24 ]), rgb=UNKNOWN, text='', units='norm', win=Window(...), wrapWidth=1)
9.7685 	EXP 	window1: mouseVisible = True
9.7877 	EXP 	Created text_20 = TextStim(__class__=<class 'psychopy.visual.text.TextStim'>, alignHoriz=method-wrapper(...), alignText='center', alignVert=method-wrapper(...), anchorHoriz='center', anchorVert='center', antialias=True, autoDraw=False, autoLog=True, bold=False, color=array([1., 1., 1.]), colorSpace='rgb', contrast=1.0, depth=0.0, draggable=False, flipHoriz=False, flipVert=False, font='Open Sans', fontFiles=[], height=0.05, italic=False, languageStyle='LTR', name='text_20', opacity=1.0, ori=0.0, pos=array([0., 0.]), rgb=UNKNOWN, text=str(...), units='height', win=Window(...), wrapWidth=1)
9.7879 	EXP 	window1: mouseVisible = True
9.7914 	EXP 	Created text = TextStim(__class__=<class 'psychopy.visual.text.TextStim'>, alignHoriz=method-wrapper(...), alignText='center', alignVert=method-wrapper(...), anchorHoriz='center', anchorVert='center', antialias=True, autoDraw=False, autoLog=True, bold=False, color=array([1., 1., 1.]), colorSpace='rgb', contrast=1.0, depth=0.0, draggable=False, flipHoriz=False, flipVert=False, font='Open Sans', fontFiles=[], height=0.05, italic=False, languageStyle='LTR', name='text', opacity=1.0, ori=0.0, pos=array([0., 0.]), rgb=UNKNOWN, text='The experiment will begin soon. Get ready!', units='height', win=Window(...), wrapWidth=1)
9.7916 	EXP 	window1: mouseVisible = True
9.8005 	EXP 	Created cue = ImageStim(__class__=<class 'psychopy.visual.image.ImageStim'>, anchor=('center', 'center'), autoLog=True, color=array([1., 1., 1.]), colorSpace='rgb', contrast=1.0, depth=0.0, draggable=False, flipHoriz=False, flipVert=False, image='default.png', interpolate=True, mask=None, maskParams=None, name='cue', opacity=1.0, ori=0.0, pos=array([0., 0.]), size=array([0.15, 0.15]), texRes=128.0, units='height', win=Window(...))
9.8006 	EXP 	window1: mouseVisible = True
9.8025 	EXP 	Created fixCrossR_6 = ShapeStim(__class__=<class 'psychopy.visual.shape.ShapeStim'>, anchor=('center', 'center'), autoDraw=False, autoLog=True, closeShape=True, color=method-wrapper(...), colorSpace='rgb', contrast=None, depth=-1.0, draggable=False, fillColor=array([-1, -1, -1]), fillColorSpace='rgb', fillRGB=array([-1, -1, -1]), interpolate=True, lineColor=array([-1., -1., -1.]), lineColorSpace='rgb', lineRGB=array([-1, -1, -1]), lineWidth=1.0, name='fixCrossR_6', opacity=1.0, ori=0.0, pos=array([0., 0.]), size=array([0.02, 0.02]), units='height', vertices=ndarray(...), win=Window(...), windingRule=None)
9.8026 	EXP 	window1: mouseVisible = True
9.8112 	EXP 	Created image = ImageStim(__class__=<class 'psychopy.visual.image.ImageStim'>, anchor=('center', 'center'), autoLog=True, color=array([1., 1., 1.]), colorSpace='rgb', contrast=1.0, depth=0.0, draggable=False, flipHoriz=False, flipVert=False, image='default.png', interpolate=True, mask=None, maskParams=None, name='image', opacity=1.0, ori=0.0, pos=array([0., 0.]), size=array([0.5, 0.5]), texRes=128.0, units='height', win=Window(...))
9.8113 	EXP 	window1: mouseVisible = True
9.8130 	EXP 	Created fixCrossR_2 = ShapeStim(__class__=<class 'psychopy.visual.shape.ShapeStim'>, anchor=('center', 'center'), autoDraw=False, autoLog=True, closeShape=True, color=method-wrapper(...), colorSpace='rgb', contrast=None, depth=-1.0, draggable=False, fillColor=array([-1, -1, -1]), fillColorSpace='rgb', fillRGB=array([-1, -1, -1]), interpolate=True, lineColor=array([-1., -1., -1.]), lineColorSpace='rgb', lineRGB=array([-1, -1, -1]), lineWidth=1.0, name='fixCrossR_2', opacity=1.0, ori=0.0, pos=array([0., 0.]), size=array([0.02, 0.02]), units='height', vertices=ndarray(...), win=Window(...), windingRule=None)
9.8131 	EXP 	window1: mouseVisible = True
9.8149 	EXP 	Created fixCrossR_4 = ShapeStim(__class__=<class 'psychopy.visual.shape.ShapeStim'>, anchor=('center', 'center'), autoDraw=False, autoLog=True, closeShape=True, color=method-wrapper(...), colorSpace='rgb', contrast=None, depth=0.0, draggable=False, fillColor=array([-1, -1, -1]), fillColorSpace='rgb', fillRGB=array([-1, -1, -1]), interpolate=True, lineColor=array([-1., -1., -1.]), lineColorSpace='rgb', lineRGB=array([-1, -1, -1]), lineWidth=1.0, name='fixCrossR_4', opacity=1.0, ori=0.0, pos=array([0., 0.]), size=array([0.02, 0.02]), units='height', vertices=ndarray(...), win=Window(...), windingRule=None)
9.8150 	EXP 	window1: mouseVisible = True
9.8167 	EXP 	Created fixCross = ShapeStim(__class__=<class 'psychopy.visual.shape.ShapeStim'>, anchor=('center', 'center'), autoDraw=False, autoLog=True, closeShape=True, color=method-wrapper(...), colorSpace='rgb', contrast=None, depth=0.0, draggable=False, fillColor=array([1, 1, 1]), fillColorSpace='rgb', fillRGB=array([1, 1, 1]), interpolate=True, lineColor=array([1., 1., 1.]), lineColorSpace='rgb', lineRGB=array([1, 1, 1]), lineWidth=1.0, name='fixCross', opacity=1.0, ori=0.0, pos=array([0., 0.]), size=array([0.02, 0.02]), units='height', vertices=ndarray(...), win=Window(...), windingRule=None)
9.8168 	EXP 	window1: mouseVisible = True
9.8178 	EXP 	Created text1 = TextStim(__class__=<class 'psychopy.visual.text.TextStim'>, alignHoriz=method-wrapper(...), alignText='center', alignVert=method-wrapper(...), anchorHoriz='center', anchorVert='center', antialias=True, autoDraw=False, autoLog=True, bold=False, color=array([1., 1., 1.]), colorSpace='rgb', contrast=1.0, depth=-1.0, draggable=False, flipHoriz=False, flipVert=False, font='Open Sans', fontFiles=[], height=0.05, italic=False, languageStyle='LTR', name='text1', opacity=1.0, ori=0.0, pos=array([-0.225,  0.08 ]), rgb=UNKNOWN, text='', units='norm', win=Window(...), wrapWidth=1)
9.8178 	EXP 	window1: mouseVisible = True
9.8188 	EXP 	Created text2 = TextStim(__class__=<class 'psychopy.visual.text.TextStim'>, alignHoriz=method-wrapper(...), alignText='center', alignVert=method-wrapper(...), anchorHoriz='center', anchorVert='center', antialias=True, autoDraw=False, autoLog=True, bold=False, color=array([1., 1., 1.]), colorSpace='rgb', contrast=1.0, depth=-2.0, draggable=False, flipHoriz=False, flipVert=False, font='Open Sans', fontFiles=[], height=0.05, italic=False, languageStyle='LTR', name='text2', opacity=1.0, ori=0.0, pos=array([-0.075,  0.08 ]), rgb=UNKNOWN, text='', units='norm', win=Window(...), wrapWidth=1)
9.8189 	EXP 	window1: mouseVisible = True
9.8199 	EXP 	Created text3 = TextStim(__class__=<class 'psychopy.visual.text.TextStim'>, alignHoriz=method-wrapper(...), alignText='center', alignVert=method-wrapper(...), anchorHoriz='center', anchorVert='center', antialias=True, autoDraw=False, autoLog=True, bold=False, color=array([1., 1., 1.]), colorSpace='rgb', contrast=1.0, depth=-3.0, draggable=False, flipHoriz=False, flipVert=False, font='Open Sans', fontFiles=[], height=0.05, italic=False, languageStyle='LTR', name='text3', opacity=1.0, ori=0.0, pos=array([0.075, 0.08 ]), rgb=UNKNOWN, text='', units='norm', win=Window(...), wrapWidth=1)
9.8199 	EXP 	window1: mouseVisible = True
9.8208 	EXP 	Created text4 = TextStim(__class__=<class 'psychopy.visual.text.TextStim'>, alignHoriz=method-wrapper(...), alignText='center', alignVert=method-wrapper(...), anchorHoriz='center', anchorVert='center', antialias=True, autoDraw=False, autoLog=True, bold=False, color=array([1., 1., 1.]), colorSpace='rgb', contrast=1.0, depth=-4.0, draggable=False, flipHoriz=False, flipVert=False, font='Open Sans', fontFiles=[], height=0.05, italic=False, languageStyle='LTR', name='text4', opacity=1.0, ori=0.0, pos=array([0.225, 0.08 ]), rgb=UNKNOWN, text='', units='norm', win=Window(...), wrapWidth=1)
9.8209 	EXP 	window1: mouseVisible = True
9.8219 	EXP 	Created text5 = TextStim(__class__=<class 'psychopy.visual.text.TextStim'>, alignHoriz=method-wrapper(...), alignText='center', alignVert=method-wrapper(...), anchorHoriz='center', anchorVert='center', antialias=True, autoDraw=False, autoLog=True, bold=False, color=array([1., 1., 1.]), colorSpace='rgb', contrast=1.0, depth=-5.0, draggable=False, flipHoriz=False, flipVert=False, font='Open Sans', fontFiles=[], height=0.05, italic=False, languageStyle='LTR', name='text5', opacity=1.0, ori=0.0, pos=array([-0.225, -0.08 ]), rgb=UNKNOWN, text='', units='norm', win=Window(...), wrapWidth=1)
9.8220 	EXP 	window1: mouseVisible = True
9.8230 	EXP 	Created text6 = TextStim(__class__=<class 'psychopy.visual.text.TextStim'>, alignHoriz=method-wrapper(...), alignText='center', alignVert=method-wrapper(...), anchorHoriz='center', anchorVert='center', antialias=True, autoDraw=False, autoLog=True, bold=False, color=array([1., 1., 1.]), colorSpace='rgb', contrast=1.0, depth=-6.0, draggable=False, flipHoriz=False, flipVert=False, font='Open Sans', fontFiles=[], height=0.05, italic=False, languageStyle='LTR', name='text6', opacity=1.0, ori=0.0, pos=array([-0.075, -0.08 ]), rgb=UNKNOWN, text='', units='norm', win=Window(...), wrapWidth=1)
9.8230 	EXP 	window1: mouseVisible = True
9.8239 	EXP 	Created text7 = TextStim(__class__=<class 'psychopy.visual.text.TextStim'>, alignHoriz=method-wrapper(...), alignText='center', alignVert=method-wrapper(...), anchorHoriz='center', anchorVert='center', antialias=True, autoDraw=False, autoLog=True, bold=False, color=array([1., 1., 1.]), colorSpace='rgb', contrast=1.0, depth=-7.0, draggable=False, flipHoriz=False, flipVert=False, font='Open Sans', fontFiles=[], height=0.05, italic=False, languageStyle='LTR', name='text7', opacity=1.0, ori=0.0, pos=array([ 0.075, -0.08 ]), rgb=UNKNOWN, text='', units='norm', win=Window(...), wrapWidth=1)
9.8240 	EXP 	window1: mouseVisible = True
9.8249 	EXP 	Created text8 = TextStim(__class__=<class 'psychopy.visual.text.TextStim'>, alignHoriz=method-wrapper(...), alignText='center', alignVert=method-wrapper(...), anchorHoriz='center', anchorVert='center', antialias=True, autoDraw=False, autoLog=True, bold=False, color=array([1., 1., 1.]), colorSpace='rgb', contrast=1.0, depth=-8.0, draggable=False, flipHoriz=False, flipVert=False, font='Open Sans', fontFiles=[], height=0.05, italic=False, languageStyle='LTR', name='text8', opacity=1.0, ori=0.0, pos=array([ 0.225, -0.08 ]), rgb=UNKNOWN, text='', units='norm', win=Window(...), wrapWidth=1)
9.8250 	EXP 	window1: mouseVisible = True
9.8259 	EXP 	Created num1 = TextStim(__class__=<class 'psychopy.visual.text.TextStim'>, alignHoriz=method-wrapper(...), alignText='center', alignVert=method-wrapper(...), anchorHoriz='center', anchorVert='center', antialias=True, autoDraw=False, autoLog=True, bold=False, color=array([1., 1., 1.]), colorSpace='rgb', contrast=1.0, depth=-10.0, draggable=False, flipHoriz=False, flipVert=False, font='Open Sans', fontFiles=[], height=0.1, italic=False, languageStyle='LTR', name='num1', opacity=1.0, ori=0.0, pos=array([-0.225,  0.24 ]), rgb=UNKNOWN, text='', units='norm', win=Window(...), wrapWidth=1)
9.8260 	EXP 	window1: mouseVisible = True
9.8269 	EXP 	Created num2 = TextStim(__class__=<class 'psychopy.visual.text.TextStim'>, alignHoriz=method-wrapper(...), alignText='center', alignVert=method-wrapper(...), anchorHoriz='center', anchorVert='center', antialias=True, autoDraw=False, autoLog=True, bold=False, color=array([1., 1., 1.]), colorSpace='rgb', contrast=1.0, depth=-11.0, draggable=False, flipHoriz=False, flipVert=False, font='Open Sans', fontFiles=[], height=0.1, italic=False, languageStyle='LTR', name='num2', opacity=1.0, ori=0.0, pos=array([-0.075,  0.24 ]), rgb=UNKNOWN, text='', units='norm', win=Window(...), wrapWidth=1)
9.8270 	EXP 	window1: mouseVisible = True
9.8279 	EXP 	Created num3 = TextStim(__class__=<class 'psychopy.visual.text.TextStim'>, alignHoriz=method-wrapper(...), alignText='center', alignVert=method-wrapper(...), anchorHoriz='center', anchorVert='center', antialias=True, autoDraw=False, autoLog=True, bold=False, color=array([1., 1., 1.]), colorSpace='rgb', contrast=1.0, depth=-12.0, draggable=False, flipHoriz=False, flipVert=False, font='Open Sans', fontFiles=[], height=0.1, italic=False, languageStyle='LTR', name='num3', opacity=1.0, ori=0.0, pos=array([0.075, 0.24 ]), rgb=UNKNOWN, text='', units='norm', win=Window(...), wrapWidth=1)
9.8280 	EXP 	window1: mouseVisible = True
9.8290 	EXP 	Created num4 = TextStim(__class__=<class 'psychopy.visual.text.TextStim'>, alignHoriz=method-wrapper(...), alignText='center', alignVert=method-wrapper(...), anchorHoriz='center', anchorVert='center', antialias=True, autoDraw=False, autoLog=True, bold=False, color=array([1., 1., 1.]), colorSpace='rgb', contrast=1.0, depth=-13.0, draggable=False, flipHoriz=False, flipVert=False, font='Open Sans', fontFiles=[], height=0.1, italic=False, languageStyle='LTR', name='num4', opacity=1.0, ori=0.0, pos=array([0.225, 0.24 ]), rgb=UNKNOWN, text='', units='norm', win=Window(...), wrapWidth=1)
9.8291 	EXP 	window1: mouseVisible = True
9.8308 	EXP 	Created fixCrossR = ShapeStim(__class__=<class 'psychopy.visual.shape.ShapeStim'>, anchor=('center', 'center'), autoDraw=False, autoLog=True, closeShape=True, color=method-wrapper(...), colorSpace='rgb', contrast=None, depth=0.0, draggable=False, fillColor=array([-1, -1, -1]), fillColorSpace='rgb', fillRGB=array([-1, -1, -1]), interpolate=True, lineColor=array([-1., -1., -1.]), lineColorSpace='rgb', lineRGB=array([-1, -1, -1]), lineWidth=1.0, name='fixCrossR', opacity=1.0, ori=0.0, pos=array([0., 0.]), size=array([0.02, 0.02]), units='height', vertices=ndarray(...), win=Window(...), windingRule=None)
9.8308 	EXP 	window1: mouseVisible = True
9.8325 	EXP 	Created fixCrossR_5 = ShapeStim(__class__=<class 'psychopy.visual.shape.ShapeStim'>, anchor=('center', 'center'), autoDraw=False, autoLog=True, closeShape=True, color=method-wrapper(...), colorSpace='rgb', contrast=None, depth=-1.0, draggable=False, fillColor=array([-1, -1, -1]), fillColorSpace='rgb', fillRGB=array([-1, -1, -1]), interpolate=True, lineColor=array([-1., -1., -1.]), lineColorSpace='rgb', lineRGB=array([-1, -1, -1]), lineWidth=1.0, name='fixCrossR_5', opacity=1.0, ori=0.0, pos=array([0., 0.]), size=array([0.02, 0.02]), units='height', vertices=ndarray(...), win=Window(...), windingRule=None)
0.0085 	EXP 	Created sequence: random, trialTypes=1, nReps=0, seed=None
0.0232 	EXP 	text_17: autoDraw = True
10.5457 	EXP 	Imported participantData/s12/block_0/babySteps_s12.xlsx as conditions, 5 conditions, 15 params
10.5460 	EXP 	Created sequence: sequential, trialTypes=5, nReps=0, seed=None
10.5462 	EXP 	Created sequence: random, trialTypes=1, nReps=0, seed=None
10.5537 	EXP 	text_17: autoDraw = False
10.5537 	EXP 	text: autoDraw = True
19.3998 	EXP 	Imported participantData/s12/block_1/trialMatrix_s12_1.xlsx as conditions, 64 conditions, 15 params
19.4011 	EXP 	Created sequence: sequential, trialTypes=64, nReps=1, seed=None
19.4013 	EXP 	New trial (rep=0, index=0): {'category': 'shoe', 'orientation': 2, 'taskCue': 'stim//ori2.png', 'stimfile': 'stim//shoe2.png', 'resp1': 'Turtle', 'resp2': 'Car', 'resp3': 'Horse', 'resp4': 'Shoe', 'resp5': 'Full Right', 'resp6': 'Half Right', 'resp7': 'Full Left', 'resp8': 'Half Left', 'objFirst': 'True', 'correctButton': 4, 'interval': 2.376}
19.4084 	DATA 	Keypress: 5
19.4202 	EXP 	text: autoDraw = False
19.4202 	EXP 	cue: image = 'stim//ori2.png'
19.4202 	EXP 	cue: autoDraw = True
19.4202 	EXP 	fixCrossR_6: autoDraw = True
20.4050 	EXP 	Created sequence: random, trialTypes=1, nReps=3, seed=None
20.4053 	EXP 	New trial (rep=0, index=0): None
20.6536 	EXP 	cue: autoDraw = False
20.6536 	EXP 	fixCrossR_6: autoDraw = False
20.6536 	EXP 	cue: autoDraw = False
20.6536 	EXP 	fixCrossR_6: autoDraw = False
20.6536 	EXP 	image: image = 'stim//shoe2.png'
20.6536 	EXP 	image: autoDraw = True
20.6536 	EXP 	fixCrossR_2: autoDraw = True
20.9034 	EXP 	image: autoDraw = False
20.9034 	EXP 	fixCrossR_2: autoDraw = False
20.9034 	EXP 	image: autoDraw = False
20.9034 	EXP 	fixCrossR_2: autoDraw = False
20.9034 	EXP 	fixCrossR_4: autoDraw = True
21.1380 	EXP 	New trial (rep=1, index=0): None
21.3036 	EXP 	fixCrossR_4: autoDraw = False
21.3036 	EXP 	fixCrossR_4: autoDraw = False
21.3036 	EXP 	image: image = 'stim//shoe2.png'
21.3036 	EXP 	image: autoDraw = True
21.3036 	EXP 	fixCrossR_2: autoDraw = True
21.5532 	EXP 	image: autoDraw = False
21.5532 	EXP 	fixCrossR_2: autoDraw = False
21.5532 	EXP 	image: autoDraw = False
21.5532 	EXP 	fixCrossR_2: autoDraw = False
21.5532 	EXP 	fixCrossR_4: autoDraw = True
21.7882 	EXP 	New trial (rep=2, index=0): None
22.0369 	EXP 	fixCrossR_4: autoDraw = False
22.0369 	EXP 	fixCrossR_4: autoDraw = False
22.0369 	EXP 	image: image = 'stim//shoe2.png'
22.0369 	EXP 	image: autoDraw = True
22.0369 	EXP 	fixCrossR_2: autoDraw = True
22.2867 	EXP 	image: autoDraw = False
22.2867 	EXP 	fixCrossR_2: autoDraw = False
22.2867 	EXP 	image: autoDraw = False
22.2867 	EXP 	fixCrossR_2: autoDraw = False
22.2867 	EXP 	fixCrossR_4: autoDraw = True
22.6700 	EXP 	fixCrossR_4: autoDraw = False
22.6700 	EXP 	fixCrossR_4: autoDraw = False
22.6700 	EXP 	fixCross: fillColor = <psychopy.colors.Color: black, alpha=1.0>
22.6700 	EXP 	fixCross: borderColor = <psychopy.colors.Color: black, alpha=1.0>
22.6700 	EXP 	text1: foreColor = <psychopy.colors.Color: white, alpha=1.0>
22.6700 	EXP 	text1: height = 0.05
22.6700 	EXP 	text1: height = 0.05
22.6700 	EXP 	text1: height = 0.05
22.6700 	EXP 	text1: text = 'Turtle'
22.6700 	EXP 	text2: foreColor = <psychopy.colors.Color: white, alpha=1.0>
22.6700 	EXP 	text2: height = 0.05
22.6700 	EXP 	text2: height = 0.05
22.6700 	EXP 	text2: height = 0.05
22.6700 	EXP 	text2: text = 'Car'
22.6700 	EXP 	text3: foreColor = <psychopy.colors.Color: white, alpha=1.0>
22.6700 	EXP 	text3: height = 0.05
22.6700 	EXP 	text3: height = 0.05
22.6700 	EXP 	text3: height = 0.05
22.6700 	EXP 	text3: text = 'Horse'
22.6700 	EXP 	text4: foreColor = <psychopy.colors.Color: white, alpha=1.0>
22.6700 	EXP 	text4: height = 0.05
22.6700 	EXP 	text4: height = 0.05
22.6700 	EXP 	text4: height = 0.05
22.6700 	EXP 	text4: text = 'Shoe'
22.6700 	EXP 	text5: foreColor = <psychopy.colors.Color: white, alpha=1.0>
22.6700 	EXP 	text5: height = 0.05
22.6700 	EXP 	text5: height = 0.05
22.6700 	EXP 	text5: height = 0.05
22.6700 	EXP 	text5: text = 'Full Right'
22.6700 	EXP 	text6: foreColor = <psychopy.colors.Color: white, alpha=1.0>
22.6700 	EXP 	text6: height = 0.05
22.6700 	EXP 	text6: height = 0.05
22.6700 	EXP 	text6: height = 0.05
22.6700 	EXP 	text6: text = 'Half Right'
22.6700 	EXP 	text7: foreColor = <psychopy.colors.Color: white, alpha=1.0>
22.6700 	EXP 	text7: height = 0.05
22.6700 	EXP 	text7: height = 0.05
22.6700 	EXP 	text7: height = 0.05
22.6700 	EXP 	text7: text = 'Full Left'
22.6700 	EXP 	text8: foreColor = <psychopy.colors.Color: white, alpha=1.0>
22.6700 	EXP 	text8: height = 0.05
22.6700 	EXP 	text8: height = 0.05
22.6700 	EXP 	text8: height = 0.05
22.6700 	EXP 	text8: text = 'Half Left'
22.6700 	EXP 	num1: foreColor = <psychopy.colors.Color: white, alpha=1.0>
22.6700 	EXP 	num1: height = 0.1
22.6700 	EXP 	num1: height = 0.1
22.6700 	EXP 	num1: height = 0.1
22.6700 	EXP 	num1: text = '1'
22.6700 	EXP 	num2: foreColor = <psychopy.colors.Color: white, alpha=1.0>
22.6700 	EXP 	num2: height = 0.1
22.6700 	EXP 	num2: height = 0.1
22.6700 	EXP 	num2: height = 0.1
22.6700 	EXP 	num2: text = '2'
22.6700 	EXP 	num3: foreColor = <psychopy.colors.Color: white, alpha=1.0>
22.6700 	EXP 	num3: height = 0.1
22.6700 	EXP 	num3: height = 0.1
22.6700 	EXP 	num3: height = 0.1
22.6700 	EXP 	num3: text = '3'
22.6700 	EXP 	num4: foreColor = <psychopy.colors.Color: white, alpha=1.0>
22.6700 	EXP 	num4: height = 0.1
22.6700 	EXP 	num4: height = 0.1
22.6700 	EXP 	num4: height = 0.1
22.6700 	EXP 	num4: text = '4'
22.6700 	EXP 	fixCross: autoDraw = True
22.6700 	EXP 	text1: autoDraw = True
22.6700 	EXP 	text2: autoDraw = True
22.6700 	EXP 	text3: autoDraw = True
22.6700 	EXP 	text4: autoDraw = True
22.6700 	EXP 	text5: autoDraw = True
22.6700 	EXP 	text6: autoDraw = True
22.6700 	EXP 	text7: autoDraw = True
22.6700 	EXP 	text8: autoDraw = True
22.6700 	EXP 	num1: autoDraw = True
22.6700 	EXP 	num2: autoDraw = True
22.6700 	EXP 	num3: autoDraw = True
22.6700 	EXP 	num4: autoDraw = True
23.3811 	DATA 	Keypress: 4
23.4034 	EXP 	fixCross: foreColor = <psychopy.colors.Color: (1.0, 0.0, 1.0, 1.0)>
23.4034 	EXP 	fixCross: borderColor = <psychopy.colors.Color: (1.0, 0.0, 1.0, 1.0)>
23.4034 	EXP 	fixCross: fillColor = <psychopy.colors.Color: (1.0, 0.0, 1.0, 1.0)>
25.6847 	EXP 	window1: mouseVisible = True
