2.4844 	ERROR 	Support for the `sounddevice` audio backend is not available this session. Please install `psychopy-sounddevice` and restart the session to enable support.
12.9487 	WARNING 	User requested fullscreen with size [1536  864], but screen is actually [1920, 1080]. Using actual size
13.7876 	EXP 	Created window1 = Window(allowGUI=True, allowStencil=False, autoLog=True, backendConf=UNKNOWN, backgroundFit=<method-wrapper '__getattribute__' of attributeSetter object at 0x000001AFFC714F40>, backgroundImage=<method-wrapper '__getattribute__' of attributeSetter object at 0x000001AFFC714FA0>, bitsMode=UNKNOWN, blendMode='avg', bpc=(8, 8, 8), color=array([-0.4039, -0.4039, -0.4039]), colorSpace='rgb', depthBits=8, fullscr=<method-wrapper '__getattribute__' of attributeSetter object at 0x000001AFFC714DF0>, gamma=None, gammaErrorPolicy='raise', lms=UNKNOWN, monitor=<psychopy.monitors.calibTools.Monitor object at 0x000001AFFCC48F70>, multiSample=False, name='window1', numSamples=2, pos=(-1920, 0), screen=0, size=array([1920, 1080]), stencilBits=0, stereo=False, title='PsychoPy', units='height', useFBO=True, useRetina=False, viewOri=0.0, viewPos=None, viewScale=None, waitBlanking=True, winType='pyglet')
13.7877 	EXP 	window1: mouseVisible = True
13.7877 	EXP 	window1: backgroundImage = ''
13.7877 	EXP 	window1: backgroundFit = 'none'
13.7892 	EXP 	window1: Attempting to measure frame rate of screen (0) ...
13.7892 	EXP 	window1: recordFrameIntervals = False
13.9530 	EXP 	window1: recordFrameIntervals = True
14.1372 	EXP 	Screen (0) actual frame rate measured at 59.85Hz
14.1373 	EXP 	window1: recordFrameIntervals = False
14.1374 	EXP 	window1: mouseVisible = False
16.3571 	EXP 	pilotv2: status = STARTED
16.3574 	EXP 	window1: mouseVisible = True
16.3677 	EXP 	Created imageInstruct = ImageStim(__class__=<class 'psychopy.visual.image.ImageStim'>, anchor=('center', 'center'), autoLog=True, color=array([1., 1., 1.]), colorSpace='rgb', contrast=1.0, depth=0.0, draggable=False, flipHoriz=False, flipVert=False, image='default.png', interpolate=True, mask=None, maskParams=None, name='imageInstruct', opacity=1.0, ori=0.0, pos=array([0., 0.]), size=array([1.6    , 1.00736]), texRes=128.0, units='height', win=Window(...))
16.3680 	EXP 	window1: mouseVisible = True
16.3681 	EXP 	window1: mouseVisible = True
16.3686 	EXP 	window1: mouseVisible = True
16.3690 	EXP 	window1: mouseVisible = True
16.3827 	EXP 	window1: mouseVisible = True
16.3829 	EXP 	window1: mouseVisible = True
16.3833 	EXP 	window1: mouseVisible = True
16.3837 	EXP 	window1: mouseVisible = True
16.3954 	EXP 	window1: mouseVisible = True
16.3956 	EXP 	window1: mouseVisible = True
16.3958 	EXP 	window1: mouseVisible = True
16.3962 	EXP 	window1: mouseVisible = True
16.3966 	EXP 	window1: mouseVisible = True
16.4079 	EXP 	window1: mouseVisible = True
16.4081 	EXP 	window1: mouseVisible = True
16.4085 	EXP 	window1: mouseVisible = True
16.4088 	EXP 	window1: mouseVisible = True
16.4121 	EXP 	window1: mouseVisible = True
16.4123 	EXP 	window1: mouseVisible = True
16.4779 	EXP 	Created text_8 = TextStim(__class__=<class 'psychopy.visual.text.TextStim'>, alignHoriz=method-wrapper(...), alignText='center', alignVert=method-wrapper(...), anchorHoriz='center', anchorVert='center', antialias=True, autoDraw=False, autoLog=True, bold=False, color=array([1., 1., 1.]), colorSpace='rgb', contrast=1.0, depth=0.0, draggable=False, flipHoriz=False, flipVert=False, font='Open Sans', fontFiles=[], height=0.05, italic=False, languageStyle='LTR', name='text_8', opacity=1.0, ori=0.0, pos=array([0., 0.]), rgb=UNKNOWN, text=str(...), units='height', win=Window(...), wrapWidth=1)
16.4782 	EXP 	window1: mouseVisible = True
16.4786 	EXP 	window1: mouseVisible = True
16.4791 	EXP 	window1: mouseVisible = True
16.4795 	EXP 	window1: mouseVisible = True
16.5045 	EXP 	window1: mouseVisible = True
16.5047 	EXP 	window1: mouseVisible = True
16.5051 	EXP 	window1: mouseVisible = True
16.5055 	EXP 	window1: mouseVisible = True
16.5160 	EXP 	window1: mouseVisible = True
16.5162 	EXP 	window1: mouseVisible = True
16.5163 	EXP 	window1: mouseVisible = True
16.5167 	EXP 	window1: mouseVisible = True
16.5171 	EXP 	window1: mouseVisible = True
16.5265 	EXP 	window1: mouseVisible = True
16.5266 	EXP 	window1: mouseVisible = True
16.5272 	EXP 	window1: mouseVisible = True
16.5277 	EXP 	window1: mouseVisible = True
16.5315 	EXP 	window1: mouseVisible = True
16.5316 	EXP 	window1: mouseVisible = True
16.5358 	EXP 	Created image_17 = ImageStim(__class__=<class 'psychopy.visual.image.ImageStim'>, anchor=('center', 'center'), autoLog=True, color=array([1., 1., 1.]), colorSpace='rgb', contrast=1.0, depth=-3.0, draggable=False, flipHoriz=False, flipVert=False, image='stim/ori1.png', interpolate=True, mask=None, maskParams=None, name='image_17', opacity=1.0, ori=0.0, pos=array([0.  , 0.23]), size=array([0.15, 0.15]), texRes=128.0, units='height', win=Window(...))
16.5359 	EXP 	window1: mouseVisible = True
16.5402 	EXP 	Created text_9 = TextStim(__class__=<class 'psychopy.visual.text.TextStim'>, alignHoriz=method-wrapper(...), alignText='center', alignVert=method-wrapper(...), anchorHoriz='center', anchorVert='center', antialias=True, autoDraw=False, autoLog=True, bold=False, color=array([1., 1., 1.]), colorSpace='rgb', contrast=1.0, depth=0.0, draggable=False, flipHoriz=False, flipVert=False, font='Open Sans', fontFiles=[], height=0.05, italic=False, languageStyle='LTR', name='text_9', opacity=1.0, ori=0.0, pos=array([0., 0.]), rgb=UNKNOWN, text=str(...), units='height', win=Window(...), wrapWidth=1)
16.5404 	EXP 	window1: mouseVisible = True
16.5405 	EXP 	window1: mouseVisible = True
16.5410 	EXP 	window1: mouseVisible = True
16.5414 	EXP 	window1: mouseVisible = True
16.5453 	EXP 	window1: mouseVisible = True
16.5454 	EXP 	window1: mouseVisible = True
16.5459 	EXP 	window1: mouseVisible = True
16.5462 	EXP 	window1: mouseVisible = True
16.5496 	EXP 	window1: mouseVisible = True
16.5498 	EXP 	window1: mouseVisible = True
16.5499 	EXP 	window1: mouseVisible = True
16.5504 	EXP 	window1: mouseVisible = True
16.5508 	EXP 	window1: mouseVisible = True
16.5546 	EXP 	window1: mouseVisible = True
16.5548 	EXP 	window1: mouseVisible = True
16.5556 	EXP 	window1: mouseVisible = True
16.5560 	EXP 	window1: mouseVisible = True
16.5593 	EXP 	window1: mouseVisible = True
16.5593 	EXP 	window1: mouseVisible = True
16.5632 	EXP 	Created image_18 = ImageStim(__class__=<class 'psychopy.visual.image.ImageStim'>, anchor=('center', 'center'), autoLog=True, color=array([1., 1., 1.]), colorSpace='rgb', contrast=1.0, depth=-3.0, draggable=False, flipHoriz=False, flipVert=False, image='stim/obj2.png', interpolate=True, mask=None, maskParams=None, name='image_18', opacity=1.0, ori=0.0, pos=array([0.  , 0.23]), size=array([0.15, 0.15]), texRes=128.0, units='height', win=Window(...))
16.5633 	EXP 	window1: mouseVisible = True
16.5673 	EXP 	Created text_10 = TextStim(__class__=<class 'psychopy.visual.text.TextStim'>, alignHoriz=method-wrapper(...), alignText='center', alignVert=method-wrapper(...), anchorHoriz='center', anchorVert='center', antialias=True, autoDraw=False, autoLog=True, bold=False, color=array([1., 1., 1.]), colorSpace='rgb', contrast=1.0, depth=0.0, draggable=False, flipHoriz=False, flipVert=False, font='Open Sans', fontFiles=[], height=0.05, italic=False, languageStyle='LTR', name='text_10', opacity=1.0, ori=0.0, pos=array([0., 0.]), rgb=UNKNOWN, text=str(...), units='height', win=Window(...), wrapWidth=1)
16.5675 	EXP 	window1: mouseVisible = True
16.5677 	EXP 	window1: mouseVisible = True
16.5681 	EXP 	window1: mouseVisible = True
16.5685 	EXP 	window1: mouseVisible = True
16.5725 	EXP 	window1: mouseVisible = True
16.5727 	EXP 	window1: mouseVisible = True
16.5731 	EXP 	window1: mouseVisible = True
16.5736 	EXP 	window1: mouseVisible = True
16.5770 	EXP 	window1: mouseVisible = True
16.5772 	EXP 	window1: mouseVisible = True
16.5773 	EXP 	window1: mouseVisible = True
16.5777 	EXP 	window1: mouseVisible = True
16.5781 	EXP 	window1: mouseVisible = True
16.5819 	EXP 	window1: mouseVisible = True
16.5820 	EXP 	window1: mouseVisible = True
16.5824 	EXP 	window1: mouseVisible = True
16.5828 	EXP 	window1: mouseVisible = True
16.5861 	EXP 	window1: mouseVisible = True
16.5861 	EXP 	window1: mouseVisible = True
16.5907 	EXP 	Created image_19 = ImageStim(__class__=<class 'psychopy.visual.image.ImageStim'>, anchor=('center', 'center'), autoLog=True, color=array([1., 1., 1.]), colorSpace='rgb', contrast=1.0, depth=-3.0, draggable=False, flipHoriz=False, flipVert=False, image='stim/ori2.png', interpolate=True, mask=None, maskParams=None, name='image_19', opacity=1.0, ori=0.0, pos=array([0.  , 0.23]), size=array([0.15, 0.15]), texRes=128.0, units='height', win=Window(...))
16.5908 	EXP 	window1: mouseVisible = True
16.5949 	EXP 	Created text_11 = TextStim(__class__=<class 'psychopy.visual.text.TextStim'>, alignHoriz=method-wrapper(...), alignText='center', alignVert=method-wrapper(...), anchorHoriz='center', anchorVert='center', antialias=True, autoDraw=False, autoLog=True, bold=False, color=array([1., 1., 1.]), colorSpace='rgb', contrast=1.0, depth=0.0, draggable=False, flipHoriz=False, flipVert=False, font='Open Sans', fontFiles=[], height=0.05, italic=False, languageStyle='LTR', name='text_11', opacity=1.0, ori=0.0, pos=array([0., 0.]), rgb=UNKNOWN, text=str(...), units='height', win=Window(...), wrapWidth=1)
16.5951 	EXP 	window1: mouseVisible = True
16.5952 	EXP 	window1: mouseVisible = True
16.5956 	EXP 	window1: mouseVisible = True
16.5960 	EXP 	window1: mouseVisible = True
16.6007 	EXP 	window1: mouseVisible = True
16.6009 	EXP 	window1: mouseVisible = True
16.6013 	EXP 	window1: mouseVisible = True
16.6017 	EXP 	window1: mouseVisible = True
16.6052 	EXP 	window1: mouseVisible = True
16.6055 	EXP 	window1: mouseVisible = True
16.6056 	EXP 	window1: mouseVisible = True
16.6060 	EXP 	window1: mouseVisible = True
16.6064 	EXP 	window1: mouseVisible = True
16.6102 	EXP 	window1: mouseVisible = True
16.6104 	EXP 	window1: mouseVisible = True
16.6108 	EXP 	window1: mouseVisible = True
16.6113 	EXP 	window1: mouseVisible = True
16.6146 	EXP 	window1: mouseVisible = True
16.6147 	EXP 	window1: mouseVisible = True
16.6188 	EXP 	Created image_20 = ImageStim(__class__=<class 'psychopy.visual.image.ImageStim'>, anchor=('center', 'center'), autoLog=True, color=array([1., 1., 1.]), colorSpace='rgb', contrast=1.0, depth=-3.0, draggable=False, flipHoriz=False, flipVert=False, image='stim/obj1.png', interpolate=True, mask=None, maskParams=None, name='image_20', opacity=1.0, ori=0.0, pos=array([0.  , 0.23]), size=array([0.15, 0.15]), texRes=128.0, units='height', win=Window(...))
16.6190 	EXP 	window1: mouseVisible = True
16.6284 	EXP 	Created imageInstruct_2 = ImageStim(__class__=<class 'psychopy.visual.image.ImageStim'>, anchor=('center', 'center'), autoLog=True, color=array([1., 1., 1.]), colorSpace='rgb', contrast=1.0, depth=0.0, draggable=False, flipHoriz=False, flipVert=False, image='default.png', interpolate=True, mask=None, maskParams=None, name='imageInstruct_2', opacity=1.0, ori=0.0, pos=array([0., 0.]), size=array([1.6    , 1.00736]), texRes=128.0, units='height', win=Window(...))
16.6286 	EXP 	window1: mouseVisible = True
16.6288 	EXP 	window1: mouseVisible = True
16.6292 	EXP 	window1: mouseVisible = True
16.6298 	EXP 	window1: mouseVisible = True
16.6334 	EXP 	window1: mouseVisible = True
16.6335 	EXP 	window1: mouseVisible = True
16.6339 	EXP 	window1: mouseVisible = True
16.6343 	EXP 	window1: mouseVisible = True
16.6376 	EXP 	window1: mouseVisible = True
16.6379 	EXP 	window1: mouseVisible = True
16.6380 	EXP 	window1: mouseVisible = True
16.6385 	EXP 	window1: mouseVisible = True
16.6389 	EXP 	window1: mouseVisible = True
16.6426 	EXP 	window1: mouseVisible = True
16.6427 	EXP 	window1: mouseVisible = True
16.6431 	EXP 	window1: mouseVisible = True
16.6435 	EXP 	window1: mouseVisible = True
16.6467 	EXP 	window1: mouseVisible = True
16.6468 	EXP 	window1: mouseVisible = True
16.6590 	EXP 	Created text = TextStim(__class__=<class 'psychopy.visual.text.TextStim'>, alignHoriz=method-wrapper(...), alignText='center', alignVert=method-wrapper(...), anchorHoriz='center', anchorVert='center', antialias=True, autoDraw=False, autoLog=True, bold=False, color=array([1., 1., 1.]), colorSpace='rgb', contrast=1.0, depth=0.0, draggable=False, flipHoriz=False, flipVert=False, font='Open Sans', fontFiles=[], height=0.05, italic=False, languageStyle='LTR', name='text', opacity=1.0, ori=0.0, pos=array([0., 0.]), rgb=UNKNOWN, text='The experiment will begin soon. Get ready!', units='height', win=Window(...), wrapWidth=1)
16.6591 	EXP 	window1: mouseVisible = True
16.6683 	EXP 	Created cue = ImageStim(__class__=<class 'psychopy.visual.image.ImageStim'>, anchor=('center', 'center'), autoLog=True, color=array([1., 1., 1.]), colorSpace='rgb', contrast=1.0, depth=0.0, draggable=False, flipHoriz=False, flipVert=False, image='default.png', interpolate=True, mask=None, maskParams=None, name='cue', opacity=1.0, ori=0.0, pos=array([0., 0.]), size=array([0.15, 0.15]), texRes=128.0, units='height', win=Window(...))
16.6684 	EXP 	window1: mouseVisible = True
16.6779 	EXP 	Created image = ImageStim(__class__=<class 'psychopy.visual.image.ImageStim'>, anchor=('center', 'center'), autoLog=True, color=array([1., 1., 1.]), colorSpace='rgb', contrast=1.0, depth=0.0, draggable=False, flipHoriz=False, flipVert=False, image='default.png', interpolate=True, mask=None, maskParams=None, name='image', opacity=1.0, ori=0.0, pos=array([0., 0.]), size=array([0.5, 0.5]), texRes=128.0, units='height', win=Window(...))
16.6780 	EXP 	window1: mouseVisible = True
16.6799 	EXP 	Created fixCrossR_2 = ShapeStim(__class__=<class 'psychopy.visual.shape.ShapeStim'>, anchor=('center', 'center'), autoDraw=False, autoLog=True, closeShape=True, color=method-wrapper(...), colorSpace='rgb', contrast=None, depth=-1.0, draggable=False, fillColor=array([-1, -1, -1]), fillColorSpace='rgb', fillRGB=array([-1, -1, -1]), interpolate=True, lineColor=array([-1., -1., -1.]), lineColorSpace='rgb', lineRGB=array([-1, -1, -1]), lineWidth=1.0, name='fixCrossR_2', opacity=1.0, ori=0.0, pos=array([0., 0.]), size=array([0.02, 0.02]), units='height', vertices=ndarray(...), win=Window(...), windingRule=None)
16.6800 	EXP 	window1: mouseVisible = True
16.6817 	EXP 	Created fixCrossR_4 = ShapeStim(__class__=<class 'psychopy.visual.shape.ShapeStim'>, anchor=('center', 'center'), autoDraw=False, autoLog=True, closeShape=True, color=method-wrapper(...), colorSpace='rgb', contrast=None, depth=0.0, draggable=False, fillColor=array([-1, -1, -1]), fillColorSpace='rgb', fillRGB=array([-1, -1, -1]), interpolate=True, lineColor=array([-1., -1., -1.]), lineColorSpace='rgb', lineRGB=array([-1, -1, -1]), lineWidth=1.0, name='fixCrossR_4', opacity=1.0, ori=0.0, pos=array([0., 0.]), size=array([0.02, 0.02]), units='height', vertices=ndarray(...), win=Window(...), windingRule=None)
16.6818 	EXP 	window1: mouseVisible = True
16.6836 	EXP 	Created fixCross_2 = ShapeStim(__class__=<class 'psychopy.visual.shape.ShapeStim'>, anchor=('center', 'center'), autoDraw=False, autoLog=True, closeShape=True, color=method-wrapper(...), colorSpace='rgb', contrast=None, depth=0.0, draggable=False, fillColor=array([1, 1, 1]), fillColorSpace='rgb', fillRGB=array([1, 1, 1]), interpolate=True, lineColor=array([1., 1., 1.]), lineColorSpace='rgb', lineRGB=array([1, 1, 1]), lineWidth=1.0, name='fixCross_2', opacity=1.0, ori=0.0, pos=array([0., 0.]), size=array([0.02, 0.02]), units='height', vertices=ndarray(...), win=Window(...), windingRule=None)
16.6837 	EXP 	window1: mouseVisible = True
16.6855 	EXP 	Created text1_2 = TextStim(__class__=<class 'psychopy.visual.text.TextStim'>, alignHoriz=method-wrapper(...), alignText='center', alignVert=method-wrapper(...), anchorHoriz='center', anchorVert='center', antialias=True, autoDraw=False, autoLog=True, bold=False, color=array([1., 1., 1.]), colorSpace='rgb', contrast=1.0, depth=-1.0, draggable=False, flipHoriz=False, flipVert=False, font='Open Sans', fontFiles=[], height=0.05, italic=False, languageStyle='LTR', name='text1_2', opacity=1.0, ori=0.0, pos=array([-0.225,  0.08 ]), rgb=UNKNOWN, text='', units='norm', win=Window(...), wrapWidth=1)
16.6857 	EXP 	window1: mouseVisible = True
16.6867 	EXP 	Created text2_2 = TextStim(__class__=<class 'psychopy.visual.text.TextStim'>, alignHoriz=method-wrapper(...), alignText='center', alignVert=method-wrapper(...), anchorHoriz='center', anchorVert='center', antialias=True, autoDraw=False, autoLog=True, bold=False, color=array([1., 1., 1.]), colorSpace='rgb', contrast=1.0, depth=-2.0, draggable=False, flipHoriz=False, flipVert=False, font='Open Sans', fontFiles=[], height=0.05, italic=False, languageStyle='LTR', name='text2_2', opacity=1.0, ori=0.0, pos=array([-0.075,  0.08 ]), rgb=UNKNOWN, text='', units='norm', win=Window(...), wrapWidth=1)
16.6868 	EXP 	window1: mouseVisible = True
16.6879 	EXP 	Created text3_2 = TextStim(__class__=<class 'psychopy.visual.text.TextStim'>, alignHoriz=method-wrapper(...), alignText='center', alignVert=method-wrapper(...), anchorHoriz='center', anchorVert='center', antialias=True, autoDraw=False, autoLog=True, bold=False, color=array([1., 1., 1.]), colorSpace='rgb', contrast=1.0, depth=-3.0, draggable=False, flipHoriz=False, flipVert=False, font='Open Sans', fontFiles=[], height=0.05, italic=False, languageStyle='LTR', name='text3_2', opacity=1.0, ori=0.0, pos=array([0.075, 0.08 ]), rgb=UNKNOWN, text='', units='norm', win=Window(...), wrapWidth=1)
16.6880 	EXP 	window1: mouseVisible = True
16.6891 	EXP 	Created text4_2 = TextStim(__class__=<class 'psychopy.visual.text.TextStim'>, alignHoriz=method-wrapper(...), alignText='center', alignVert=method-wrapper(...), anchorHoriz='center', anchorVert='center', antialias=True, autoDraw=False, autoLog=True, bold=False, color=array([1., 1., 1.]), colorSpace='rgb', contrast=1.0, depth=-4.0, draggable=False, flipHoriz=False, flipVert=False, font='Open Sans', fontFiles=[], height=0.05, italic=False, languageStyle='LTR', name='text4_2', opacity=1.0, ori=0.0, pos=array([0.225, 0.08 ]), rgb=UNKNOWN, text='', units='norm', win=Window(...), wrapWidth=1)
16.6892 	EXP 	window1: mouseVisible = True
16.6902 	EXP 	Created text5_2 = TextStim(__class__=<class 'psychopy.visual.text.TextStim'>, alignHoriz=method-wrapper(...), alignText='center', alignVert=method-wrapper(...), anchorHoriz='center', anchorVert='center', antialias=True, autoDraw=False, autoLog=True, bold=False, color=array([1., 1., 1.]), colorSpace='rgb', contrast=1.0, depth=-5.0, draggable=False, flipHoriz=False, flipVert=False, font='Open Sans', fontFiles=[], height=0.05, italic=False, languageStyle='LTR', name='text5_2', opacity=1.0, ori=0.0, pos=array([-0.225, -0.08 ]), rgb=UNKNOWN, text='', units='norm', win=Window(...), wrapWidth=1)
16.6902 	EXP 	window1: mouseVisible = True
16.6912 	EXP 	Created text6_2 = TextStim(__class__=<class 'psychopy.visual.text.TextStim'>, alignHoriz=method-wrapper(...), alignText='center', alignVert=method-wrapper(...), anchorHoriz='center', anchorVert='center', antialias=True, autoDraw=False, autoLog=True, bold=False, color=array([1., 1., 1.]), colorSpace='rgb', contrast=1.0, depth=-6.0, draggable=False, flipHoriz=False, flipVert=False, font='Open Sans', fontFiles=[], height=0.05, italic=False, languageStyle='LTR', name='text6_2', opacity=1.0, ori=0.0, pos=array([-0.075, -0.08 ]), rgb=UNKNOWN, text='', units='norm', win=Window(...), wrapWidth=1)
16.6913 	EXP 	window1: mouseVisible = True
16.6922 	EXP 	Created text7_2 = TextStim(__class__=<class 'psychopy.visual.text.TextStim'>, alignHoriz=method-wrapper(...), alignText='center', alignVert=method-wrapper(...), anchorHoriz='center', anchorVert='center', antialias=True, autoDraw=False, autoLog=True, bold=False, color=array([1., 1., 1.]), colorSpace='rgb', contrast=1.0, depth=-7.0, draggable=False, flipHoriz=False, flipVert=False, font='Open Sans', fontFiles=[], height=0.05, italic=False, languageStyle='LTR', name='text7_2', opacity=1.0, ori=0.0, pos=array([ 0.075, -0.08 ]), rgb=UNKNOWN, text='', units='norm', win=Window(...), wrapWidth=1)
16.6923 	EXP 	window1: mouseVisible = True
16.6932 	EXP 	Created text8_2 = TextStim(__class__=<class 'psychopy.visual.text.TextStim'>, alignHoriz=method-wrapper(...), alignText='center', alignVert=method-wrapper(...), anchorHoriz='center', anchorVert='center', antialias=True, autoDraw=False, autoLog=True, bold=False, color=array([1., 1., 1.]), colorSpace='rgb', contrast=1.0, depth=-8.0, draggable=False, flipHoriz=False, flipVert=False, font='Open Sans', fontFiles=[], height=0.05, italic=False, languageStyle='LTR', name='text8_2', opacity=1.0, ori=0.0, pos=array([ 0.225, -0.08 ]), rgb=UNKNOWN, text='', units='norm', win=Window(...), wrapWidth=1)
16.6935 	EXP 	window1: mouseVisible = True
16.6947 	EXP 	Created num1_2 = TextStim(__class__=<class 'psychopy.visual.text.TextStim'>, alignHoriz=method-wrapper(...), alignText='center', alignVert=method-wrapper(...), anchorHoriz='center', anchorVert='center', antialias=True, autoDraw=False, autoLog=True, bold=False, color=array([1., 1., 1.]), colorSpace='rgb', contrast=1.0, depth=-10.0, draggable=False, flipHoriz=False, flipVert=False, font='Open Sans', fontFiles=[], height=0.1, italic=False, languageStyle='LTR', name='num1_2', opacity=1.0, ori=0.0, pos=array([-0.225,  0.24 ]), rgb=UNKNOWN, text='', units='norm', win=Window(...), wrapWidth=1)
16.6948 	EXP 	window1: mouseVisible = True
16.6958 	EXP 	Created num2_2 = TextStim(__class__=<class 'psychopy.visual.text.TextStim'>, alignHoriz=method-wrapper(...), alignText='center', alignVert=method-wrapper(...), anchorHoriz='center', anchorVert='center', antialias=True, autoDraw=False, autoLog=True, bold=False, color=array([1., 1., 1.]), colorSpace='rgb', contrast=1.0, depth=-11.0, draggable=False, flipHoriz=False, flipVert=False, font='Open Sans', fontFiles=[], height=0.1, italic=False, languageStyle='LTR', name='num2_2', opacity=1.0, ori=0.0, pos=array([-0.075,  0.24 ]), rgb=UNKNOWN, text='', units='norm', win=Window(...), wrapWidth=1)
16.6959 	EXP 	window1: mouseVisible = True
16.6969 	EXP 	Created num3_2 = TextStim(__class__=<class 'psychopy.visual.text.TextStim'>, alignHoriz=method-wrapper(...), alignText='center', alignVert=method-wrapper(...), anchorHoriz='center', anchorVert='center', antialias=True, autoDraw=False, autoLog=True, bold=False, color=array([1., 1., 1.]), colorSpace='rgb', contrast=1.0, depth=-12.0, draggable=False, flipHoriz=False, flipVert=False, font='Open Sans', fontFiles=[], height=0.1, italic=False, languageStyle='LTR', name='num3_2', opacity=1.0, ori=0.0, pos=array([0.075, 0.24 ]), rgb=UNKNOWN, text='', units='norm', win=Window(...), wrapWidth=1)
16.6970 	EXP 	window1: mouseVisible = True
16.6979 	EXP 	Created num4_2 = TextStim(__class__=<class 'psychopy.visual.text.TextStim'>, alignHoriz=method-wrapper(...), alignText='center', alignVert=method-wrapper(...), anchorHoriz='center', anchorVert='center', antialias=True, autoDraw=False, autoLog=True, bold=False, color=array([1., 1., 1.]), colorSpace='rgb', contrast=1.0, depth=-13.0, draggable=False, flipHoriz=False, flipVert=False, font='Open Sans', fontFiles=[], height=0.1, italic=False, languageStyle='LTR', name='num4_2', opacity=1.0, ori=0.0, pos=array([0.225, 0.24 ]), rgb=UNKNOWN, text='', units='norm', win=Window(...), wrapWidth=1)
16.6980 	EXP 	window1: mouseVisible = True
16.7077 	EXP 	Created cue = ImageStim(__class__=<class 'psychopy.visual.image.ImageStim'>, anchor=('center', 'center'), autoLog=True, color=array([1., 1., 1.]), colorSpace='rgb', contrast=1.0, depth=0.0, draggable=False, flipHoriz=False, flipVert=False, image='default.png', interpolate=True, mask=None, maskParams=None, name='cue', opacity=1.0, ori=0.0, pos=array([0., 0.]), size=array([0.15, 0.15]), texRes=128.0, units='height', win=Window(...))
16.7078 	EXP 	window1: mouseVisible = True
16.7170 	EXP 	Created image = ImageStim(__class__=<class 'psychopy.visual.image.ImageStim'>, anchor=('center', 'center'), autoLog=True, color=array([1., 1., 1.]), colorSpace='rgb', contrast=1.0, depth=0.0, draggable=False, flipHoriz=False, flipVert=False, image='default.png', interpolate=True, mask=None, maskParams=None, name='image', opacity=1.0, ori=0.0, pos=array([0., 0.]), size=array([0.5, 0.5]), texRes=128.0, units='height', win=Window(...))
16.7171 	EXP 	window1: mouseVisible = True
16.7190 	EXP 	Created fixCrossR_2 = ShapeStim(__class__=<class 'psychopy.visual.shape.ShapeStim'>, anchor=('center', 'center'), autoDraw=False, autoLog=True, closeShape=True, color=method-wrapper(...), colorSpace='rgb', contrast=None, depth=-1.0, draggable=False, fillColor=array([-1, -1, -1]), fillColorSpace='rgb', fillRGB=array([-1, -1, -1]), interpolate=True, lineColor=array([-1., -1., -1.]), lineColorSpace='rgb', lineRGB=array([-1, -1, -1]), lineWidth=1.0, name='fixCrossR_2', opacity=1.0, ori=0.0, pos=array([0., 0.]), size=array([0.02, 0.02]), units='height', vertices=ndarray(...), win=Window(...), windingRule=None)
16.7191 	EXP 	window1: mouseVisible = True
16.7207 	EXP 	Created fixCrossR_4 = ShapeStim(__class__=<class 'psychopy.visual.shape.ShapeStim'>, anchor=('center', 'center'), autoDraw=False, autoLog=True, closeShape=True, color=method-wrapper(...), colorSpace='rgb', contrast=None, depth=0.0, draggable=False, fillColor=array([-1, -1, -1]), fillColorSpace='rgb', fillRGB=array([-1, -1, -1]), interpolate=True, lineColor=array([-1., -1., -1.]), lineColorSpace='rgb', lineRGB=array([-1, -1, -1]), lineWidth=1.0, name='fixCrossR_4', opacity=1.0, ori=0.0, pos=array([0., 0.]), size=array([0.02, 0.02]), units='height', vertices=ndarray(...), win=Window(...), windingRule=None)
16.7208 	EXP 	window1: mouseVisible = True
16.7227 	EXP 	Created fixCross = ShapeStim(__class__=<class 'psychopy.visual.shape.ShapeStim'>, anchor=('center', 'center'), autoDraw=False, autoLog=True, closeShape=True, color=method-wrapper(...), colorSpace='rgb', contrast=None, depth=0.0, draggable=False, fillColor=array([1, 1, 1]), fillColorSpace='rgb', fillRGB=array([1, 1, 1]), interpolate=True, lineColor=array([1., 1., 1.]), lineColorSpace='rgb', lineRGB=array([1, 1, 1]), lineWidth=1.0, name='fixCross', opacity=1.0, ori=0.0, pos=array([0., 0.]), size=array([0.02, 0.02]), units='height', vertices=ndarray(...), win=Window(...), windingRule=None)
16.7228 	EXP 	window1: mouseVisible = True
16.7238 	EXP 	Created text1 = TextStim(__class__=<class 'psychopy.visual.text.TextStim'>, alignHoriz=method-wrapper(...), alignText='center', alignVert=method-wrapper(...), anchorHoriz='center', anchorVert='center', antialias=True, autoDraw=False, autoLog=True, bold=False, color=array([1., 1., 1.]), colorSpace='rgb', contrast=1.0, depth=-1.0, draggable=False, flipHoriz=False, flipVert=False, font='Open Sans', fontFiles=[], height=0.05, italic=False, languageStyle='LTR', name='text1', opacity=1.0, ori=0.0, pos=array([-0.225,  0.08 ]), rgb=UNKNOWN, text='', units='norm', win=Window(...), wrapWidth=1)
16.7239 	EXP 	window1: mouseVisible = True
16.7248 	EXP 	Created text2 = TextStim(__class__=<class 'psychopy.visual.text.TextStim'>, alignHoriz=method-wrapper(...), alignText='center', alignVert=method-wrapper(...), anchorHoriz='center', anchorVert='center', antialias=True, autoDraw=False, autoLog=True, bold=False, color=array([1., 1., 1.]), colorSpace='rgb', contrast=1.0, depth=-2.0, draggable=False, flipHoriz=False, flipVert=False, font='Open Sans', fontFiles=[], height=0.05, italic=False, languageStyle='LTR', name='text2', opacity=1.0, ori=0.0, pos=array([-0.075,  0.08 ]), rgb=UNKNOWN, text='', units='norm', win=Window(...), wrapWidth=1)
16.7249 	EXP 	window1: mouseVisible = True
16.7260 	EXP 	Created text3 = TextStim(__class__=<class 'psychopy.visual.text.TextStim'>, alignHoriz=method-wrapper(...), alignText='center', alignVert=method-wrapper(...), anchorHoriz='center', anchorVert='center', antialias=True, autoDraw=False, autoLog=True, bold=False, color=array([1., 1., 1.]), colorSpace='rgb', contrast=1.0, depth=-3.0, draggable=False, flipHoriz=False, flipVert=False, font='Open Sans', fontFiles=[], height=0.05, italic=False, languageStyle='LTR', name='text3', opacity=1.0, ori=0.0, pos=array([0.075, 0.08 ]), rgb=UNKNOWN, text='', units='norm', win=Window(...), wrapWidth=1)
16.7261 	EXP 	window1: mouseVisible = True
16.7271 	EXP 	Created text4 = TextStim(__class__=<class 'psychopy.visual.text.TextStim'>, alignHoriz=method-wrapper(...), alignText='center', alignVert=method-wrapper(...), anchorHoriz='center', anchorVert='center', antialias=True, autoDraw=False, autoLog=True, bold=False, color=array([1., 1., 1.]), colorSpace='rgb', contrast=1.0, depth=-4.0, draggable=False, flipHoriz=False, flipVert=False, font='Open Sans', fontFiles=[], height=0.05, italic=False, languageStyle='LTR', name='text4', opacity=1.0, ori=0.0, pos=array([0.225, 0.08 ]), rgb=UNKNOWN, text='', units='norm', win=Window(...), wrapWidth=1)
16.7271 	EXP 	window1: mouseVisible = True
16.7281 	EXP 	Created text5 = TextStim(__class__=<class 'psychopy.visual.text.TextStim'>, alignHoriz=method-wrapper(...), alignText='center', alignVert=method-wrapper(...), anchorHoriz='center', anchorVert='center', antialias=True, autoDraw=False, autoLog=True, bold=False, color=array([1., 1., 1.]), colorSpace='rgb', contrast=1.0, depth=-5.0, draggable=False, flipHoriz=False, flipVert=False, font='Open Sans', fontFiles=[], height=0.05, italic=False, languageStyle='LTR', name='text5', opacity=1.0, ori=0.0, pos=array([-0.225, -0.08 ]), rgb=UNKNOWN, text='', units='norm', win=Window(...), wrapWidth=1)
16.7282 	EXP 	window1: mouseVisible = True
16.7291 	EXP 	Created text6 = TextStim(__class__=<class 'psychopy.visual.text.TextStim'>, alignHoriz=method-wrapper(...), alignText='center', alignVert=method-wrapper(...), anchorHoriz='center', anchorVert='center', antialias=True, autoDraw=False, autoLog=True, bold=False, color=array([1., 1., 1.]), colorSpace='rgb', contrast=1.0, depth=-6.0, draggable=False, flipHoriz=False, flipVert=False, font='Open Sans', fontFiles=[], height=0.05, italic=False, languageStyle='LTR', name='text6', opacity=1.0, ori=0.0, pos=array([-0.075, -0.08 ]), rgb=UNKNOWN, text='', units='norm', win=Window(...), wrapWidth=1)
16.7292 	EXP 	window1: mouseVisible = True
16.7302 	EXP 	Created text7 = TextStim(__class__=<class 'psychopy.visual.text.TextStim'>, alignHoriz=method-wrapper(...), alignText='center', alignVert=method-wrapper(...), anchorHoriz='center', anchorVert='center', antialias=True, autoDraw=False, autoLog=True, bold=False, color=array([1., 1., 1.]), colorSpace='rgb', contrast=1.0, depth=-7.0, draggable=False, flipHoriz=False, flipVert=False, font='Open Sans', fontFiles=[], height=0.05, italic=False, languageStyle='LTR', name='text7', opacity=1.0, ori=0.0, pos=array([ 0.075, -0.08 ]), rgb=UNKNOWN, text='', units='norm', win=Window(...), wrapWidth=1)
16.7302 	EXP 	window1: mouseVisible = True
16.7312 	EXP 	Created text8 = TextStim(__class__=<class 'psychopy.visual.text.TextStim'>, alignHoriz=method-wrapper(...), alignText='center', alignVert=method-wrapper(...), anchorHoriz='center', anchorVert='center', antialias=True, autoDraw=False, autoLog=True, bold=False, color=array([1., 1., 1.]), colorSpace='rgb', contrast=1.0, depth=-8.0, draggable=False, flipHoriz=False, flipVert=False, font='Open Sans', fontFiles=[], height=0.05, italic=False, languageStyle='LTR', name='text8', opacity=1.0, ori=0.0, pos=array([ 0.225, -0.08 ]), rgb=UNKNOWN, text='', units='norm', win=Window(...), wrapWidth=1)
16.7313 	EXP 	window1: mouseVisible = True
16.7322 	EXP 	Created num1 = TextStim(__class__=<class 'psychopy.visual.text.TextStim'>, alignHoriz=method-wrapper(...), alignText='center', alignVert=method-wrapper(...), anchorHoriz='center', anchorVert='center', antialias=True, autoDraw=False, autoLog=True, bold=False, color=array([1., 1., 1.]), colorSpace='rgb', contrast=1.0, depth=-10.0, draggable=False, flipHoriz=False, flipVert=False, font='Open Sans', fontFiles=[], height=0.1, italic=False, languageStyle='LTR', name='num1', opacity=1.0, ori=0.0, pos=array([-0.225,  0.24 ]), rgb=UNKNOWN, text='', units='norm', win=Window(...), wrapWidth=1)
16.7323 	EXP 	window1: mouseVisible = True
16.7334 	EXP 	Created num2 = TextStim(__class__=<class 'psychopy.visual.text.TextStim'>, alignHoriz=method-wrapper(...), alignText='center', alignVert=method-wrapper(...), anchorHoriz='center', anchorVert='center', antialias=True, autoDraw=False, autoLog=True, bold=False, color=array([1., 1., 1.]), colorSpace='rgb', contrast=1.0, depth=-11.0, draggable=False, flipHoriz=False, flipVert=False, font='Open Sans', fontFiles=[], height=0.1, italic=False, languageStyle='LTR', name='num2', opacity=1.0, ori=0.0, pos=array([-0.075,  0.24 ]), rgb=UNKNOWN, text='', units='norm', win=Window(...), wrapWidth=1)
16.7335 	EXP 	window1: mouseVisible = True
16.7346 	EXP 	Created num3 = TextStim(__class__=<class 'psychopy.visual.text.TextStim'>, alignHoriz=method-wrapper(...), alignText='center', alignVert=method-wrapper(...), anchorHoriz='center', anchorVert='center', antialias=True, autoDraw=False, autoLog=True, bold=False, color=array([1., 1., 1.]), colorSpace='rgb', contrast=1.0, depth=-12.0, draggable=False, flipHoriz=False, flipVert=False, font='Open Sans', fontFiles=[], height=0.1, italic=False, languageStyle='LTR', name='num3', opacity=1.0, ori=0.0, pos=array([0.075, 0.24 ]), rgb=UNKNOWN, text='', units='norm', win=Window(...), wrapWidth=1)
16.7347 	EXP 	window1: mouseVisible = True
16.7356 	EXP 	Created num4 = TextStim(__class__=<class 'psychopy.visual.text.TextStim'>, alignHoriz=method-wrapper(...), alignText='center', alignVert=method-wrapper(...), anchorHoriz='center', anchorVert='center', antialias=True, autoDraw=False, autoLog=True, bold=False, color=array([1., 1., 1.]), colorSpace='rgb', contrast=1.0, depth=-13.0, draggable=False, flipHoriz=False, flipVert=False, font='Open Sans', fontFiles=[], height=0.1, italic=False, languageStyle='LTR', name='num4', opacity=1.0, ori=0.0, pos=array([0.225, 0.24 ]), rgb=UNKNOWN, text='', units='norm', win=Window(...), wrapWidth=1)
16.7357 	EXP 	window1: mouseVisible = True
16.7374 	EXP 	Created fixCrossR = ShapeStim(__class__=<class 'psychopy.visual.shape.ShapeStim'>, anchor=('center', 'center'), autoDraw=False, autoLog=True, closeShape=True, color=method-wrapper(...), colorSpace='rgb', contrast=None, depth=0.0, draggable=False, fillColor=array([-1, -1, -1]), fillColorSpace='rgb', fillRGB=array([-1, -1, -1]), interpolate=True, lineColor=array([-1., -1., -1.]), lineColorSpace='rgb', lineRGB=array([-1, -1, -1]), lineWidth=1.0, name='fixCrossR', opacity=1.0, ori=0.0, pos=array([0., 0.]), size=array([0.02, 0.02]), units='height', vertices=ndarray(...), win=Window(...), windingRule=None)
16.7375 	EXP 	window1: mouseVisible = True
16.7390 	EXP 	Created text_total = TextStim(__class__=<class 'psychopy.visual.text.TextStim'>, alignHoriz=method-wrapper(...), alignText='center', alignVert=method-wrapper(...), anchorHoriz='center', anchorVert='center', antialias=True, autoDraw=False, autoLog=True, bold=False, color=array([1., 1., 1.]), colorSpace='rgb', contrast=1.0, depth=-1.0, draggable=False, flipHoriz=False, flipVert=False, font='Open Sans', fontFiles=[], height=0.05, italic=False, languageStyle='LTR', name='text_total', opacity=1.0, ori=0.0, pos=array([0., 0.]), rgb=UNKNOWN, text='', units='height', win=Window(...), wrapWidth=1)
16.7391 	EXP 	window1: mouseVisible = True
16.7404 	EXP 	Created text_acc = TextStim(__class__=<class 'psychopy.visual.text.TextStim'>, alignHoriz=method-wrapper(...), alignText='center', alignVert=method-wrapper(...), anchorHoriz='center', anchorVert='center', antialias=True, autoDraw=False, autoLog=True, bold=False, color=array([1., 1., 1.]), colorSpace='rgb', contrast=1.0, depth=-2.0, draggable=False, flipHoriz=False, flipVert=False, font='Open Sans', fontFiles=[], height=0.05, italic=False, languageStyle='LTR', name='text_acc', opacity=1.0, ori=0.0, pos=array([ 0. , -0.3]), rgb=UNKNOWN, text='', units='height', win=Window(...), wrapWidth=1)
0.0046 	DATA 	Mouse: Left button down, pos=(972,265)
0.0050 	DATA 	Mouse:  Left button up, pos=(973,265)
0.0159 	EXP 	Created sequence: random, trialTypes=1, nReps=0, seed=None
0.0323 	EXP 	text: autoDraw = True
3.1755 	EXP 	Imported participantData/s15/block_0/babySteps_s15.xlsx as conditions, 5 conditions, 14 params
3.1758 	EXP 	Created sequence: sequential, trialTypes=5, nReps=1, seed=None
3.1760 	EXP 	New trial (rep=0, index=0): {'category': 'car', 'orientation': 2, 'taskCue': 'stim//obj2.png', 'stimfile': 'stim//car2.png', 'resp1': 'Turtle', 'resp2': 'Horse', 'resp3': 'Car', 'resp4': 'Shoe', 'resp5': 'Full Left', 'resp6': 'Half Right', 'resp7': 'Half Left', 'resp8': 'Full Right', 'objFirst': True, 'interval': 2.475}
3.1795 	DATA 	Keypress: 5
3.1844 	EXP 	text: autoDraw = False
3.1844 	EXP 	cue: image = 'stim//obj2.png'
3.1844 	EXP 	cue: autoDraw = True
4.1696 	EXP 	Created sequence: sequential, trialTypes=1, nReps=3, seed=None
4.1697 	EXP 	New trial (rep=0, index=0): None
4.3857 	EXP 	cue: autoDraw = False
4.3857 	EXP 	cue: autoDraw = False
4.3857 	EXP 	image: image = 'stim//car2.png'
4.3857 	EXP 	image: autoDraw = True
4.3857 	EXP 	fixCrossR_2: autoDraw = True
4.6352 	EXP 	image: autoDraw = False
4.6352 	EXP 	fixCrossR_2: autoDraw = False
4.6352 	EXP 	image: autoDraw = False
4.6352 	EXP 	fixCrossR_2: autoDraw = False
4.6352 	EXP 	fixCrossR_4: autoDraw = True
4.8697 	EXP 	New trial (rep=1, index=0): None
5.0024 	EXP 	fixCrossR_4: autoDraw = False
5.0024 	EXP 	fixCrossR_4: autoDraw = False
5.0024 	EXP 	image: image = 'stim//car2.png'
5.0024 	EXP 	image: autoDraw = True
5.0024 	EXP 	fixCrossR_2: autoDraw = True
5.2528 	EXP 	image: autoDraw = False
5.2528 	EXP 	fixCrossR_2: autoDraw = False
5.2528 	EXP 	image: autoDraw = False
5.2528 	EXP 	fixCrossR_2: autoDraw = False
5.2528 	EXP 	fixCrossR_4: autoDraw = True
5.4872 	EXP 	New trial (rep=2, index=0): None
5.6695 	EXP 	fixCrossR_4: autoDraw = False
5.6695 	EXP 	fixCrossR_4: autoDraw = False
5.6695 	EXP 	image: image = 'stim//car2.png'
5.6695 	EXP 	image: autoDraw = True
5.6695 	EXP 	fixCrossR_2: autoDraw = True
5.9200 	EXP 	image: autoDraw = False
5.9200 	EXP 	fixCrossR_2: autoDraw = False
5.9200 	EXP 	image: autoDraw = False
5.9200 	EXP 	fixCrossR_2: autoDraw = False
5.9200 	EXP 	fixCrossR_4: autoDraw = True
6.2372 	EXP 	fixCrossR_4: autoDraw = False
6.2372 	EXP 	fixCrossR_4: autoDraw = False
6.2372 	EXP 	fixCross_2: fillColor = <psychopy.colors.Color: black, alpha=1.0>
6.2372 	EXP 	fixCross_2: borderColor = <psychopy.colors.Color: black, alpha=1.0>
6.2372 	EXP 	text1_2: foreColor = <psychopy.colors.Color: white, alpha=1.0>
6.2372 	EXP 	text1_2: height = 0.05
6.2372 	EXP 	text1_2: height = 0.05
6.2372 	EXP 	text1_2: height = 0.05
6.2372 	EXP 	text1_2: text = 'Turtle'
6.2372 	EXP 	text2_2: foreColor = <psychopy.colors.Color: white, alpha=1.0>
6.2372 	EXP 	text2_2: height = 0.05
6.2372 	EXP 	text2_2: height = 0.05
6.2372 	EXP 	text2_2: height = 0.05
6.2372 	EXP 	text2_2: text = 'Horse'
6.2372 	EXP 	text3_2: foreColor = <psychopy.colors.Color: white, alpha=1.0>
6.2372 	EXP 	text3_2: height = 0.05
6.2372 	EXP 	text3_2: height = 0.05
6.2372 	EXP 	text3_2: height = 0.05
6.2372 	EXP 	text3_2: text = 'Car'
6.2372 	EXP 	text4_2: foreColor = <psychopy.colors.Color: white, alpha=1.0>
6.2372 	EXP 	text4_2: height = 0.05
6.2372 	EXP 	text4_2: height = 0.05
6.2372 	EXP 	text4_2: height = 0.05
6.2372 	EXP 	text4_2: text = 'Shoe'
6.2372 	EXP 	text5_2: foreColor = <psychopy.colors.Color: white, alpha=1.0>
6.2372 	EXP 	text5_2: height = 0.05
6.2372 	EXP 	text5_2: height = 0.05
6.2372 	EXP 	text5_2: height = 0.05
6.2372 	EXP 	text5_2: text = 'Full Left'
6.2372 	EXP 	text6_2: foreColor = <psychopy.colors.Color: white, alpha=1.0>
6.2372 	EXP 	text6_2: height = 0.05
6.2372 	EXP 	text6_2: height = 0.05
6.2372 	EXP 	text6_2: height = 0.05
6.2372 	EXP 	text6_2: text = 'Half Right'
6.2372 	EXP 	text7_2: foreColor = <psychopy.colors.Color: white, alpha=1.0>
6.2372 	EXP 	text7_2: height = 0.05
6.2372 	EXP 	text7_2: height = 0.05
6.2372 	EXP 	text7_2: height = 0.05
6.2372 	EXP 	text7_2: text = 'Half Left'
6.2372 	EXP 	text8_2: foreColor = <psychopy.colors.Color: white, alpha=1.0>
6.2372 	EXP 	text8_2: height = 0.05
6.2372 	EXP 	text8_2: height = 0.05
6.2372 	EXP 	text8_2: height = 0.05
6.2372 	EXP 	text8_2: text = 'Full Right'
6.2372 	EXP 	num1_2: foreColor = <psychopy.colors.Color: white, alpha=1.0>
6.2372 	EXP 	num1_2: height = 0.1
6.2372 	EXP 	num1_2: height = 0.1
6.2372 	EXP 	num1_2: height = 0.1
6.2372 	EXP 	num1_2: text = '1'
6.2372 	EXP 	num2_2: foreColor = <psychopy.colors.Color: white, alpha=1.0>
6.2372 	EXP 	num2_2: height = 0.1
6.2372 	EXP 	num2_2: height = 0.1
6.2372 	EXP 	num2_2: height = 0.1
6.2372 	EXP 	num2_2: text = '2'
6.2372 	EXP 	num3_2: foreColor = <psychopy.colors.Color: white, alpha=1.0>
6.2372 	EXP 	num3_2: height = 0.1
6.2372 	EXP 	num3_2: height = 0.1
6.2372 	EXP 	num3_2: height = 0.1
6.2372 	EXP 	num3_2: text = '3'
6.2372 	EXP 	num4_2: foreColor = <psychopy.colors.Color: white, alpha=1.0>
6.2372 	EXP 	num4_2: height = 0.1
6.2372 	EXP 	num4_2: height = 0.1
6.2372 	EXP 	num4_2: height = 0.1
6.2372 	EXP 	num4_2: text = '4'
6.2372 	EXP 	fixCross_2: autoDraw = True
6.2372 	EXP 	text1_2: autoDraw = True
6.2372 	EXP 	text2_2: autoDraw = True
6.2372 	EXP 	text3_2: autoDraw = True
6.2372 	EXP 	text4_2: autoDraw = True
6.2372 	EXP 	text5_2: autoDraw = True
6.2372 	EXP 	text6_2: autoDraw = True
6.2372 	EXP 	text7_2: autoDraw = True
6.2372 	EXP 	text8_2: autoDraw = True
6.2372 	EXP 	num1_2: autoDraw = True
6.2372 	EXP 	num2_2: autoDraw = True
6.2372 	EXP 	num3_2: autoDraw = True
6.2372 	EXP 	num4_2: autoDraw = True
6.5779 	DATA 	Keypress: 3
6.6042 	EXP 	fixCross_2: foreColor = <psychopy.colors.Color: (0.0, 1.0, 0.0, 1.0)>
6.6042 	EXP 	fixCross_2: borderColor = <psychopy.colors.Color: (0.0, 1.0, 0.0, 1.0)>
6.6042 	EXP 	fixCross_2: fillColor = <psychopy.colors.Color: (0.0, 1.0, 0.0, 1.0)>
6.6042 	EXP 	text3_2: foreColor = <psychopy.colors.Color: (0.0, 1.0, 0.0, 1.0)>
6.6042 	EXP 	text7_2: foreColor = <psychopy.colors.Color: (0.0, 1.0, 0.0, 1.0)>
6.6042 	EXP 	num3_2: foreColor = <psychopy.colors.Color: (0.0, 1.0, 0.0, 1.0)>
10.2307 	DATA 	Mouse: Left button down, pos=(1286,124)
10.3632 	DATA 	Mouse:  Left button up, pos=(1286,124)
10.5637 	DATA 	Mouse: Left button down, pos=(1286,124)
10.6971 	DATA 	Mouse:  Left button up, pos=(1286,124)
10.7806 	DATA 	Mouse: Left button down, pos=(1286,124)
10.8971 	DATA 	Mouse:  Left button up, pos=(1286,124)
11.3815 	DATA 	Mouse: Left button down, pos=(1286,124)
11.5146 	DATA 	Mouse:  Left button up, pos=(1286,124)
12.4111 	EXP 	New trial (rep=0, index=1): {'category': 'horse', 'orientation': 1, 'taskCue': 'stim//ori2.png', 'stimfile': 'stim//horse1.png', 'resp1': 'Half Left', 'resp2': 'Full Right', 'resp3': 'Full Left', 'resp4': 'Half Right', 'resp5': 'Car', 'resp6': 'Horse', 'resp7': 'Shoe', 'resp8': 'Turtle', 'objFirst': False, 'interval': 2.425}
12.4171 	DATA 	Keypress: space
12.4255 	EXP 	fixCross_2: autoDraw = False
12.4255 	EXP 	text1_2: autoDraw = False
12.4255 	EXP 	text2_2: autoDraw = False
12.4255 	EXP 	text3_2: autoDraw = False
12.4255 	EXP 	text4_2: autoDraw = False
12.4255 	EXP 	text5_2: autoDraw = False
12.4255 	EXP 	text6_2: autoDraw = False
12.4255 	EXP 	text7_2: autoDraw = False
12.4255 	EXP 	text8_2: autoDraw = False
12.4255 	EXP 	num1_2: autoDraw = False
12.4255 	EXP 	num2_2: autoDraw = False
12.4255 	EXP 	num3_2: autoDraw = False
12.4255 	EXP 	num4_2: autoDraw = False
12.4255 	EXP 	fixCross: foreColor = <psychopy.colors.Color: transparent, alpha=1.0>
12.4255 	EXP 	fixCross: borderColor = <psychopy.colors.Color: transparent, alpha=1.0>
12.4255 	EXP 	fixCross: fillColor = <psychopy.colors.Color: transparent, alpha=1.0>
12.4255 	EXP 	cue: image = 'stim//ori2.png'
12.4255 	EXP 	cue: autoDraw = True
13.4101 	EXP 	Created sequence: sequential, trialTypes=1, nReps=3, seed=None
13.4102 	EXP 	New trial (rep=0, index=0): None
13.5264 	EXP 	cue: autoDraw = False
13.5264 	EXP 	cue: autoDraw = False
13.5264 	EXP 	image: image = 'stim//horse1.png'
13.5264 	EXP 	image: autoDraw = True
13.5264 	EXP 	fixCrossR_2: autoDraw = True
13.7769 	EXP 	image: autoDraw = False
13.7769 	EXP 	fixCrossR_2: autoDraw = False
13.7769 	EXP 	image: autoDraw = False
13.7769 	EXP 	fixCrossR_2: autoDraw = False
13.7769 	EXP 	fixCrossR_4: autoDraw = True
14.0105 	EXP 	New trial (rep=1, index=0): None
14.1433 	EXP 	fixCrossR_4: autoDraw = False
14.1433 	EXP 	fixCrossR_4: autoDraw = False
14.1433 	EXP 	image: image = 'stim//horse1.png'
14.1433 	EXP 	image: autoDraw = True
14.1433 	EXP 	fixCrossR_2: autoDraw = True
14.3933 	EXP 	image: autoDraw = False
14.3933 	EXP 	fixCrossR_2: autoDraw = False
14.3933 	EXP 	image: autoDraw = False
14.3933 	EXP 	fixCrossR_2: autoDraw = False
14.3933 	EXP 	fixCrossR_4: autoDraw = True
14.6282 	EXP 	New trial (rep=2, index=0): None
14.8106 	EXP 	fixCrossR_4: autoDraw = False
14.8106 	EXP 	fixCrossR_4: autoDraw = False
14.8106 	EXP 	image: image = 'stim//horse1.png'
14.8106 	EXP 	image: autoDraw = True
14.8106 	EXP 	fixCrossR_2: autoDraw = True
15.0611 	EXP 	image: autoDraw = False
15.0611 	EXP 	fixCrossR_2: autoDraw = False
15.0611 	EXP 	image: autoDraw = False
15.0611 	EXP 	fixCrossR_2: autoDraw = False
15.0611 	EXP 	fixCrossR_4: autoDraw = True
15.3444 	EXP 	fixCrossR_4: autoDraw = False
15.3444 	EXP 	fixCrossR_4: autoDraw = False
15.3444 	EXP 	fixCross_2: fillColor = <psychopy.colors.Color: black, alpha=1.0>
15.3444 	EXP 	fixCross_2: borderColor = <psychopy.colors.Color: black, alpha=1.0>
15.3444 	EXP 	text1_2: foreColor = <psychopy.colors.Color: white, alpha=1.0>
15.3444 	EXP 	text1_2: height = 0.05
15.3444 	EXP 	text1_2: height = 0.05
15.3444 	EXP 	text1_2: height = 0.05
15.3444 	EXP 	text1_2: text = 'Half Left'
15.3444 	EXP 	text2_2: foreColor = <psychopy.colors.Color: white, alpha=1.0>
15.3444 	EXP 	text2_2: height = 0.05
15.3444 	EXP 	text2_2: height = 0.05
15.3444 	EXP 	text2_2: height = 0.05
15.3444 	EXP 	text2_2: text = 'Full Right'
15.3444 	EXP 	text3_2: foreColor = <psychopy.colors.Color: white, alpha=1.0>
15.3444 	EXP 	text3_2: height = 0.05
15.3444 	EXP 	text3_2: height = 0.05
15.3444 	EXP 	text3_2: height = 0.05
15.3444 	EXP 	text3_2: text = 'Full Left'
15.3444 	EXP 	text4_2: foreColor = <psychopy.colors.Color: white, alpha=1.0>
15.3444 	EXP 	text4_2: height = 0.05
15.3444 	EXP 	text4_2: height = 0.05
15.3444 	EXP 	text4_2: height = 0.05
15.3444 	EXP 	text4_2: text = 'Half Right'
15.3444 	EXP 	text5_2: foreColor = <psychopy.colors.Color: white, alpha=1.0>
15.3444 	EXP 	text5_2: height = 0.05
15.3444 	EXP 	text5_2: height = 0.05
15.3444 	EXP 	text5_2: height = 0.05
15.3444 	EXP 	text5_2: text = 'Car'
15.3444 	EXP 	text6_2: foreColor = <psychopy.colors.Color: white, alpha=1.0>
15.3444 	EXP 	text6_2: height = 0.05
15.3444 	EXP 	text6_2: height = 0.05
15.3444 	EXP 	text6_2: height = 0.05
15.3444 	EXP 	text6_2: text = 'Horse'
15.3444 	EXP 	text7_2: foreColor = <psychopy.colors.Color: white, alpha=1.0>
15.3444 	EXP 	text7_2: height = 0.05
15.3444 	EXP 	text7_2: height = 0.05
15.3444 	EXP 	text7_2: height = 0.05
15.3444 	EXP 	text7_2: text = 'Shoe'
15.3444 	EXP 	text8_2: foreColor = <psychopy.colors.Color: white, alpha=1.0>
15.3444 	EXP 	text8_2: height = 0.05
15.3444 	EXP 	text8_2: height = 0.05
15.3444 	EXP 	text8_2: height = 0.05
15.3444 	EXP 	text8_2: text = 'Turtle'
15.3444 	EXP 	num1_2: foreColor = <psychopy.colors.Color: white, alpha=1.0>
15.3444 	EXP 	num1_2: text = '1'
15.3444 	EXP 	num2_2: foreColor = <psychopy.colors.Color: white, alpha=1.0>
15.3444 	EXP 	num2_2: text = '2'
15.3444 	EXP 	num3_2: foreColor = <psychopy.colors.Color: white, alpha=1.0>
15.3444 	EXP 	num3_2: text = '3'
15.3444 	EXP 	num4_2: foreColor = <psychopy.colors.Color: white, alpha=1.0>
15.3444 	EXP 	num4_2: text = '4'
15.3444 	EXP 	fixCross_2: autoDraw = True
15.3444 	EXP 	text1_2: autoDraw = True
15.3444 	EXP 	text2_2: autoDraw = True
15.3444 	EXP 	text3_2: autoDraw = True
15.3444 	EXP 	text4_2: autoDraw = True
15.3444 	EXP 	text5_2: autoDraw = True
15.3444 	EXP 	text6_2: autoDraw = True
15.3444 	EXP 	text7_2: autoDraw = True
15.3444 	EXP 	text8_2: autoDraw = True
15.3444 	EXP 	num1_2: autoDraw = True
15.3444 	EXP 	num2_2: autoDraw = True
15.3444 	EXP 	num3_2: autoDraw = True
15.3444 	EXP 	num4_2: autoDraw = True
15.5788 	DATA 	Keypress: 1
15.5946 	EXP 	fixCross_2: foreColor = <psychopy.colors.Color: (1.0, 0.0, 0.0, 1.0)>
15.5946 	EXP 	fixCross_2: borderColor = <psychopy.colors.Color: (1.0, 0.0, 0.0, 1.0)>
15.5946 	EXP 	fixCross_2: fillColor = <psychopy.colors.Color: (1.0, 0.0, 0.0, 1.0)>
15.5946 	EXP 	text1_2: foreColor = <psychopy.colors.Color: (1.0, 0.0, 0.0, 1.0)>
15.5946 	EXP 	text5_2: foreColor = <psychopy.colors.Color: (1.0, 0.0, 0.0, 1.0)>
15.5946 	EXP 	num1_2: foreColor = <psychopy.colors.Color: (1.0, 0.0, 0.0, 1.0)>
18.8662 	EXP 	New trial (rep=0, index=2): {'category': 'car', 'orientation': 1, 'taskCue': 'stim//obj1.png', 'stimfile': 'stim//car1.png', 'resp1': 'Half Left', 'resp2': 'Full Right', 'resp3': 'Full Left', 'resp4': 'Half Right', 'resp5': 'Car', 'resp6': 'Turtle', 'resp7': 'Horse', 'resp8': 'Shoe', 'objFirst': False, 'interval': 2.877}
18.8717 	DATA 	Keypress: space
18.8800 	EXP 	fixCross_2: autoDraw = False
18.8800 	EXP 	text1_2: autoDraw = False
18.8800 	EXP 	text2_2: autoDraw = False
18.8800 	EXP 	text3_2: autoDraw = False
18.8800 	EXP 	text4_2: autoDraw = False
18.8800 	EXP 	text5_2: autoDraw = False
18.8800 	EXP 	text6_2: autoDraw = False
18.8800 	EXP 	text7_2: autoDraw = False
18.8800 	EXP 	text8_2: autoDraw = False
18.8800 	EXP 	num1_2: autoDraw = False
18.8800 	EXP 	num2_2: autoDraw = False
18.8800 	EXP 	num3_2: autoDraw = False
18.8800 	EXP 	num4_2: autoDraw = False
18.8800 	EXP 	fixCross: foreColor = <psychopy.colors.Color: transparent, alpha=1.0>
18.8800 	EXP 	fixCross: borderColor = <psychopy.colors.Color: transparent, alpha=1.0>
18.8800 	EXP 	fixCross: fillColor = <psychopy.colors.Color: transparent, alpha=1.0>
18.8800 	EXP 	cue: image = 'stim//obj1.png'
18.8800 	EXP 	cue: autoDraw = True
19.3819 	DATA 	Keypress: escape
19.4978 	EXP 	pilotv2: status = STOPPED
19.5140 	EXP 	cue: autoDraw = False
19.5140 	EXP 	pilotv2: status = STOPPED
19.7501 	EXP 	window1: mouseVisible = True
