2.3872 	ERROR 	Support for the `sounddevice` audio backend is not available this session. Please install `psychopy-sounddevice` and restart the session to enable support.
16.6533 	WARNING 	User requested fullscreen with size [1536  864], but screen is actually [1920, 1080]. Using actual size
17.4026 	EXP 	Created window1 = Window(allowGUI=True, allowStencil=False, autoLog=True, backendConf=UNKNOWN, backgroundFit=<method-wrapper '__getattribute__' of attributeSetter object at 0x000001E308E58C10>, backgroundImage=<method-wrapper '__getattribute__' of attributeSetter object at 0x000001E308E58BB0>, bitsMode=UNKNOWN, blendMode='avg', bpc=(8, 8, 8), color=array([-0.4039, -0.4039, -0.4039]), colorSpace='rgb', depthBits=8, fullscr=<method-wrapper '__getattribute__' of attributeSetter object at 0x000001E308E589D0>, gamma=None, gammaErrorPolicy='raise', lms=UNKNOWN, monitor=<psychopy.monitors.calibTools.Monitor object at 0x000001E3093A8B50>, multiSample=False, name='window1', numSamples=2, pos=(-1920, 0), screen=0, size=array([1920, 1080]), stencilBits=0, stereo=False, title='PsychoPy', units='height', useFBO=True, useRetina=False, viewOri=0.0, viewPos=None, viewScale=None, waitBlanking=True, winType='pyglet')
17.4027 	EXP 	window1: mouseVisible = True
17.4027 	EXP 	window1: backgroundImage = ''
17.4027 	EXP 	window1: backgroundFit = 'none'
17.4043 	EXP 	window1: Attempting to measure frame rate of screen (0) ...
17.4043 	EXP 	window1: recordFrameIntervals = False
17.5696 	EXP 	window1: recordFrameIntervals = True
17.7526 	EXP 	Screen (0) actual frame rate measured at 60.28Hz
17.7526 	EXP 	window1: recordFrameIntervals = False
17.7527 	EXP 	window1: mouseVisible = False
19.8660 	EXP 	pilotv2: status = STARTED
19.8662 	EXP 	window1: mouseVisible = True
19.8768 	EXP 	Created imageInstruct = ImageStim(__class__=<class 'psychopy.visual.image.ImageStim'>, anchor=('center', 'center'), autoLog=True, color=array([1., 1., 1.]), colorSpace='rgb', contrast=1.0, depth=0.0, draggable=False, flipHoriz=False, flipVert=False, image='default.png', interpolate=True, mask=None, maskParams=None, name='imageInstruct', opacity=1.0, ori=0.0, pos=array([0., 0.]), size=array([1.6    , 1.00736]), texRes=128.0, units='height', win=Window(...))
19.8771 	EXP 	window1: mouseVisible = True
19.8772 	EXP 	window1: mouseVisible = True
19.8777 	EXP 	window1: mouseVisible = True
19.8781 	EXP 	window1: mouseVisible = True
19.8993 	EXP 	window1: mouseVisible = True
19.8994 	EXP 	window1: mouseVisible = True
19.8998 	EXP 	window1: mouseVisible = True
19.9002 	EXP 	window1: mouseVisible = True
19.9184 	EXP 	window1: mouseVisible = True
19.9186 	EXP 	window1: mouseVisible = True
19.9187 	EXP 	window1: mouseVisible = True
19.9191 	EXP 	window1: mouseVisible = True
19.9195 	EXP 	window1: mouseVisible = True
19.9359 	EXP 	window1: mouseVisible = True
19.9360 	EXP 	window1: mouseVisible = True
19.9364 	EXP 	window1: mouseVisible = True
19.9368 	EXP 	window1: mouseVisible = True
19.9400 	EXP 	window1: mouseVisible = True
19.9402 	EXP 	window1: mouseVisible = True
20.0031 	EXP 	Created text_8 = TextStim(__class__=<class 'psychopy.visual.text.TextStim'>, alignHoriz=method-wrapper(...), alignText='center', alignVert=method-wrapper(...), anchorHoriz='center', anchorVert='center', antialias=True, autoDraw=False, autoLog=True, bold=False, color=array([1., 1., 1.]), colorSpace='rgb', contrast=1.0, depth=0.0, draggable=False, flipHoriz=False, flipVert=False, font='Open Sans', fontFiles=[], height=0.05, italic=False, languageStyle='LTR', name='text_8', opacity=1.0, ori=0.0, pos=array([0., 0.]), rgb=UNKNOWN, text=str(...), units='height', win=Window(...), wrapWidth=1)
20.0034 	EXP 	window1: mouseVisible = True
20.0035 	EXP 	window1: mouseVisible = True
20.0039 	EXP 	window1: mouseVisible = True
20.0043 	EXP 	window1: mouseVisible = True
20.0274 	EXP 	window1: mouseVisible = True
20.0275 	EXP 	window1: mouseVisible = True
20.0279 	EXP 	window1: mouseVisible = True
20.0283 	EXP 	window1: mouseVisible = True
20.0384 	EXP 	window1: mouseVisible = True
20.0386 	EXP 	window1: mouseVisible = True
20.0387 	EXP 	window1: mouseVisible = True
20.0391 	EXP 	window1: mouseVisible = True
20.0395 	EXP 	window1: mouseVisible = True
20.0480 	EXP 	window1: mouseVisible = True
20.0481 	EXP 	window1: mouseVisible = True
20.0485 	EXP 	window1: mouseVisible = True
20.0489 	EXP 	window1: mouseVisible = True
20.0523 	EXP 	window1: mouseVisible = True
20.0524 	EXP 	window1: mouseVisible = True
20.0562 	EXP 	Created image_17 = ImageStim(__class__=<class 'psychopy.visual.image.ImageStim'>, anchor=('center', 'center'), autoLog=True, color=array([1., 1., 1.]), colorSpace='rgb', contrast=1.0, depth=-3.0, draggable=False, flipHoriz=False, flipVert=False, image='stim/ori1.png', interpolate=True, mask=None, maskParams=None, name='image_17', opacity=1.0, ori=0.0, pos=array([0.  , 0.23]), size=array([0.15, 0.15]), texRes=128.0, units='height', win=Window(...))
20.0563 	EXP 	window1: mouseVisible = True
20.0603 	EXP 	Created text_9 = TextStim(__class__=<class 'psychopy.visual.text.TextStim'>, alignHoriz=method-wrapper(...), alignText='center', alignVert=method-wrapper(...), anchorHoriz='center', anchorVert='center', antialias=True, autoDraw=False, autoLog=True, bold=False, color=array([1., 1., 1.]), colorSpace='rgb', contrast=1.0, depth=0.0, draggable=False, flipHoriz=False, flipVert=False, font='Open Sans', fontFiles=[], height=0.05, italic=False, languageStyle='LTR', name='text_9', opacity=1.0, ori=0.0, pos=array([0., 0.]), rgb=UNKNOWN, text=str(...), units='height', win=Window(...), wrapWidth=1)
20.0605 	EXP 	window1: mouseVisible = True
20.0606 	EXP 	window1: mouseVisible = True
20.0611 	EXP 	window1: mouseVisible = True
20.0614 	EXP 	window1: mouseVisible = True
20.0653 	EXP 	window1: mouseVisible = True
20.0654 	EXP 	window1: mouseVisible = True
20.0658 	EXP 	window1: mouseVisible = True
20.0662 	EXP 	window1: mouseVisible = True
20.0695 	EXP 	window1: mouseVisible = True
20.0697 	EXP 	window1: mouseVisible = True
20.0698 	EXP 	window1: mouseVisible = True
20.0703 	EXP 	window1: mouseVisible = True
20.0707 	EXP 	window1: mouseVisible = True
20.0744 	EXP 	window1: mouseVisible = True
20.0745 	EXP 	window1: mouseVisible = True
20.0749 	EXP 	window1: mouseVisible = True
20.0753 	EXP 	window1: mouseVisible = True
20.0786 	EXP 	window1: mouseVisible = True
20.0787 	EXP 	window1: mouseVisible = True
20.0825 	EXP 	Created image_18 = ImageStim(__class__=<class 'psychopy.visual.image.ImageStim'>, anchor=('center', 'center'), autoLog=True, color=array([1., 1., 1.]), colorSpace='rgb', contrast=1.0, depth=-3.0, draggable=False, flipHoriz=False, flipVert=False, image='stim/obj2.png', interpolate=True, mask=None, maskParams=None, name='image_18', opacity=1.0, ori=0.0, pos=array([0.  , 0.23]), size=array([0.15, 0.15]), texRes=128.0, units='height', win=Window(...))
20.0826 	EXP 	window1: mouseVisible = True
20.0866 	EXP 	Created text_10 = TextStim(__class__=<class 'psychopy.visual.text.TextStim'>, alignHoriz=method-wrapper(...), alignText='center', alignVert=method-wrapper(...), anchorHoriz='center', anchorVert='center', antialias=True, autoDraw=False, autoLog=True, bold=False, color=array([1., 1., 1.]), colorSpace='rgb', contrast=1.0, depth=0.0, draggable=False, flipHoriz=False, flipVert=False, font='Open Sans', fontFiles=[], height=0.05, italic=False, languageStyle='LTR', name='text_10', opacity=1.0, ori=0.0, pos=array([0., 0.]), rgb=UNKNOWN, text=str(...), units='height', win=Window(...), wrapWidth=1)
20.0868 	EXP 	window1: mouseVisible = True
20.0869 	EXP 	window1: mouseVisible = True
20.0873 	EXP 	window1: mouseVisible = True
20.0877 	EXP 	window1: mouseVisible = True
20.0916 	EXP 	window1: mouseVisible = True
20.0917 	EXP 	window1: mouseVisible = True
20.0921 	EXP 	window1: mouseVisible = True
20.0925 	EXP 	window1: mouseVisible = True
20.0959 	EXP 	window1: mouseVisible = True
20.0961 	EXP 	window1: mouseVisible = True
20.0962 	EXP 	window1: mouseVisible = True
20.0966 	EXP 	window1: mouseVisible = True
20.0970 	EXP 	window1: mouseVisible = True
20.1008 	EXP 	window1: mouseVisible = True
20.1009 	EXP 	window1: mouseVisible = True
20.1013 	EXP 	window1: mouseVisible = True
20.1017 	EXP 	window1: mouseVisible = True
20.1050 	EXP 	window1: mouseVisible = True
20.1051 	EXP 	window1: mouseVisible = True
20.1089 	EXP 	Created image_19 = ImageStim(__class__=<class 'psychopy.visual.image.ImageStim'>, anchor=('center', 'center'), autoLog=True, color=array([1., 1., 1.]), colorSpace='rgb', contrast=1.0, depth=-3.0, draggable=False, flipHoriz=False, flipVert=False, image='stim/ori2.png', interpolate=True, mask=None, maskParams=None, name='image_19', opacity=1.0, ori=0.0, pos=array([0.  , 0.23]), size=array([0.15, 0.15]), texRes=128.0, units='height', win=Window(...))
20.1090 	EXP 	window1: mouseVisible = True
20.1131 	EXP 	Created text_11 = TextStim(__class__=<class 'psychopy.visual.text.TextStim'>, alignHoriz=method-wrapper(...), alignText='center', alignVert=method-wrapper(...), anchorHoriz='center', anchorVert='center', antialias=True, autoDraw=False, autoLog=True, bold=False, color=array([1., 1., 1.]), colorSpace='rgb', contrast=1.0, depth=0.0, draggable=False, flipHoriz=False, flipVert=False, font='Open Sans', fontFiles=[], height=0.05, italic=False, languageStyle='LTR', name='text_11', opacity=1.0, ori=0.0, pos=array([0., 0.]), rgb=UNKNOWN, text=str(...), units='height', win=Window(...), wrapWidth=1)
20.1133 	EXP 	window1: mouseVisible = True
20.1134 	EXP 	window1: mouseVisible = True
20.1138 	EXP 	window1: mouseVisible = True
20.1142 	EXP 	window1: mouseVisible = True
20.1181 	EXP 	window1: mouseVisible = True
20.1183 	EXP 	window1: mouseVisible = True
20.1187 	EXP 	window1: mouseVisible = True
20.1191 	EXP 	window1: mouseVisible = True
20.1224 	EXP 	window1: mouseVisible = True
20.1226 	EXP 	window1: mouseVisible = True
20.1227 	EXP 	window1: mouseVisible = True
20.1231 	EXP 	window1: mouseVisible = True
20.1235 	EXP 	window1: mouseVisible = True
20.1274 	EXP 	window1: mouseVisible = True
20.1275 	EXP 	window1: mouseVisible = True
20.1279 	EXP 	window1: mouseVisible = True
20.1284 	EXP 	window1: mouseVisible = True
20.1318 	EXP 	window1: mouseVisible = True
20.1319 	EXP 	window1: mouseVisible = True
20.1359 	EXP 	Created image_20 = ImageStim(__class__=<class 'psychopy.visual.image.ImageStim'>, anchor=('center', 'center'), autoLog=True, color=array([1., 1., 1.]), colorSpace='rgb', contrast=1.0, depth=-3.0, draggable=False, flipHoriz=False, flipVert=False, image='stim/obj1.png', interpolate=True, mask=None, maskParams=None, name='image_20', opacity=1.0, ori=0.0, pos=array([0.  , 0.23]), size=array([0.15, 0.15]), texRes=128.0, units='height', win=Window(...))
20.1361 	EXP 	window1: mouseVisible = True
20.1452 	EXP 	Created imageInstruct_2 = ImageStim(__class__=<class 'psychopy.visual.image.ImageStim'>, anchor=('center', 'center'), autoLog=True, color=array([1., 1., 1.]), colorSpace='rgb', contrast=1.0, depth=0.0, draggable=False, flipHoriz=False, flipVert=False, image='default.png', interpolate=True, mask=None, maskParams=None, name='imageInstruct_2', opacity=1.0, ori=0.0, pos=array([0., 0.]), size=array([1.6    , 1.00736]), texRes=128.0, units='height', win=Window(...))
20.1455 	EXP 	window1: mouseVisible = True
20.1456 	EXP 	window1: mouseVisible = True
20.1460 	EXP 	window1: mouseVisible = True
20.1465 	EXP 	window1: mouseVisible = True
20.1504 	EXP 	window1: mouseVisible = True
20.1505 	EXP 	window1: mouseVisible = True
20.1509 	EXP 	window1: mouseVisible = True
20.1513 	EXP 	window1: mouseVisible = True
20.1546 	EXP 	window1: mouseVisible = True
20.1548 	EXP 	window1: mouseVisible = True
20.1549 	EXP 	window1: mouseVisible = True
20.1553 	EXP 	window1: mouseVisible = True
20.1557 	EXP 	window1: mouseVisible = True
20.1594 	EXP 	window1: mouseVisible = True
20.1595 	EXP 	window1: mouseVisible = True
20.1599 	EXP 	window1: mouseVisible = True
20.1603 	EXP 	window1: mouseVisible = True
20.1636 	EXP 	window1: mouseVisible = True
20.1637 	EXP 	window1: mouseVisible = True
20.1729 	EXP 	Created text = TextStim(__class__=<class 'psychopy.visual.text.TextStim'>, alignHoriz=method-wrapper(...), alignText='center', alignVert=method-wrapper(...), anchorHoriz='center', anchorVert='center', antialias=True, autoDraw=False, autoLog=True, bold=False, color=array([1., 1., 1.]), colorSpace='rgb', contrast=1.0, depth=0.0, draggable=False, flipHoriz=False, flipVert=False, font='Open Sans', fontFiles=[], height=0.05, italic=False, languageStyle='LTR', name='text', opacity=1.0, ori=0.0, pos=array([0., 0.]), rgb=UNKNOWN, text='The experiment will begin soon. Get ready!', units='height', win=Window(...), wrapWidth=1)
20.1730 	EXP 	window1: mouseVisible = True
20.1820 	EXP 	Created cue = ImageStim(__class__=<class 'psychopy.visual.image.ImageStim'>, anchor=('center', 'center'), autoLog=True, color=array([1., 1., 1.]), colorSpace='rgb', contrast=1.0, depth=0.0, draggable=False, flipHoriz=False, flipVert=False, image='default.png', interpolate=True, mask=None, maskParams=None, name='cue', opacity=1.0, ori=0.0, pos=array([0., 0.]), size=array([0.15, 0.15]), texRes=128.0, units='height', win=Window(...))
20.1822 	EXP 	window1: mouseVisible = True
20.1912 	EXP 	Created image = ImageStim(__class__=<class 'psychopy.visual.image.ImageStim'>, anchor=('center', 'center'), autoLog=True, color=array([1., 1., 1.]), colorSpace='rgb', contrast=1.0, depth=0.0, draggable=False, flipHoriz=False, flipVert=False, image='default.png', interpolate=True, mask=None, maskParams=None, name='image', opacity=1.0, ori=0.0, pos=array([0., 0.]), size=array([0.5, 0.5]), texRes=128.0, units='height', win=Window(...))
20.1913 	EXP 	window1: mouseVisible = True
20.1932 	EXP 	Created fixCrossR_2 = ShapeStim(__class__=<class 'psychopy.visual.shape.ShapeStim'>, anchor=('center', 'center'), autoDraw=False, autoLog=True, closeShape=True, color=method-wrapper(...), colorSpace='rgb', contrast=None, depth=-1.0, draggable=False, fillColor=array([-1, -1, -1]), fillColorSpace='rgb', fillRGB=array([-1, -1, -1]), interpolate=True, lineColor=array([-1., -1., -1.]), lineColorSpace='rgb', lineRGB=array([-1, -1, -1]), lineWidth=1.0, name='fixCrossR_2', opacity=1.0, ori=0.0, pos=array([0., 0.]), size=array([0.02, 0.02]), units='height', vertices=ndarray(...), win=Window(...), windingRule=None)
20.1933 	EXP 	window1: mouseVisible = True
20.1950 	EXP 	Created fixCrossR_4 = ShapeStim(__class__=<class 'psychopy.visual.shape.ShapeStim'>, anchor=('center', 'center'), autoDraw=False, autoLog=True, closeShape=True, color=method-wrapper(...), colorSpace='rgb', contrast=None, depth=0.0, draggable=False, fillColor=array([-1, -1, -1]), fillColorSpace='rgb', fillRGB=array([-1, -1, -1]), interpolate=True, lineColor=array([-1., -1., -1.]), lineColorSpace='rgb', lineRGB=array([-1, -1, -1]), lineWidth=1.0, name='fixCrossR_4', opacity=1.0, ori=0.0, pos=array([0., 0.]), size=array([0.02, 0.02]), units='height', vertices=ndarray(...), win=Window(...), windingRule=None)
20.1951 	EXP 	window1: mouseVisible = True
20.1967 	EXP 	Created fixCross_2 = ShapeStim(__class__=<class 'psychopy.visual.shape.ShapeStim'>, anchor=('center', 'center'), autoDraw=False, autoLog=True, closeShape=True, color=method-wrapper(...), colorSpace='rgb', contrast=None, depth=0.0, draggable=False, fillColor=array([1, 1, 1]), fillColorSpace='rgb', fillRGB=array([1, 1, 1]), interpolate=True, lineColor=array([1., 1., 1.]), lineColorSpace='rgb', lineRGB=array([1, 1, 1]), lineWidth=1.0, name='fixCross_2', opacity=1.0, ori=0.0, pos=array([0., 0.]), size=array([0.02, 0.02]), units='height', vertices=ndarray(...), win=Window(...), windingRule=None)
20.1968 	EXP 	window1: mouseVisible = True
20.1985 	EXP 	Created text1_2 = TextStim(__class__=<class 'psychopy.visual.text.TextStim'>, alignHoriz=method-wrapper(...), alignText='center', alignVert=method-wrapper(...), anchorHoriz='center', anchorVert='center', antialias=True, autoDraw=False, autoLog=True, bold=False, color=array([1., 1., 1.]), colorSpace='rgb', contrast=1.0, depth=-1.0, draggable=False, flipHoriz=False, flipVert=False, font='Open Sans', fontFiles=[], height=0.05, italic=False, languageStyle='LTR', name='text1_2', opacity=1.0, ori=0.0, pos=array([-0.225,  0.08 ]), rgb=UNKNOWN, text='', units='norm', win=Window(...), wrapWidth=1)
20.1986 	EXP 	window1: mouseVisible = True
20.1996 	EXP 	Created text2_2 = TextStim(__class__=<class 'psychopy.visual.text.TextStim'>, alignHoriz=method-wrapper(...), alignText='center', alignVert=method-wrapper(...), anchorHoriz='center', anchorVert='center', antialias=True, autoDraw=False, autoLog=True, bold=False, color=array([1., 1., 1.]), colorSpace='rgb', contrast=1.0, depth=-2.0, draggable=False, flipHoriz=False, flipVert=False, font='Open Sans', fontFiles=[], height=0.05, italic=False, languageStyle='LTR', name='text2_2', opacity=1.0, ori=0.0, pos=array([-0.075,  0.08 ]), rgb=UNKNOWN, text='', units='norm', win=Window(...), wrapWidth=1)
20.1997 	EXP 	window1: mouseVisible = True
20.2006 	EXP 	Created text3_2 = TextStim(__class__=<class 'psychopy.visual.text.TextStim'>, alignHoriz=method-wrapper(...), alignText='center', alignVert=method-wrapper(...), anchorHoriz='center', anchorVert='center', antialias=True, autoDraw=False, autoLog=True, bold=False, color=array([1., 1., 1.]), colorSpace='rgb', contrast=1.0, depth=-3.0, draggable=False, flipHoriz=False, flipVert=False, font='Open Sans', fontFiles=[], height=0.05, italic=False, languageStyle='LTR', name='text3_2', opacity=1.0, ori=0.0, pos=array([0.075, 0.08 ]), rgb=UNKNOWN, text='', units='norm', win=Window(...), wrapWidth=1)
20.2007 	EXP 	window1: mouseVisible = True
20.2016 	EXP 	Created text4_2 = TextStim(__class__=<class 'psychopy.visual.text.TextStim'>, alignHoriz=method-wrapper(...), alignText='center', alignVert=method-wrapper(...), anchorHoriz='center', anchorVert='center', antialias=True, autoDraw=False, autoLog=True, bold=False, color=array([1., 1., 1.]), colorSpace='rgb', contrast=1.0, depth=-4.0, draggable=False, flipHoriz=False, flipVert=False, font='Open Sans', fontFiles=[], height=0.05, italic=False, languageStyle='LTR', name='text4_2', opacity=1.0, ori=0.0, pos=array([0.225, 0.08 ]), rgb=UNKNOWN, text='', units='norm', win=Window(...), wrapWidth=1)
20.2017 	EXP 	window1: mouseVisible = True
20.2027 	EXP 	Created text5_2 = TextStim(__class__=<class 'psychopy.visual.text.TextStim'>, alignHoriz=method-wrapper(...), alignText='center', alignVert=method-wrapper(...), anchorHoriz='center', anchorVert='center', antialias=True, autoDraw=False, autoLog=True, bold=False, color=array([1., 1., 1.]), colorSpace='rgb', contrast=1.0, depth=-5.0, draggable=False, flipHoriz=False, flipVert=False, font='Open Sans', fontFiles=[], height=0.05, italic=False, languageStyle='LTR', name='text5_2', opacity=1.0, ori=0.0, pos=array([-0.225, -0.08 ]), rgb=UNKNOWN, text='', units='norm', win=Window(...), wrapWidth=1)
20.2027 	EXP 	window1: mouseVisible = True
20.2037 	EXP 	Created text6_2 = TextStim(__class__=<class 'psychopy.visual.text.TextStim'>, alignHoriz=method-wrapper(...), alignText='center', alignVert=method-wrapper(...), anchorHoriz='center', anchorVert='center', antialias=True, autoDraw=False, autoLog=True, bold=False, color=array([1., 1., 1.]), colorSpace='rgb', contrast=1.0, depth=-6.0, draggable=False, flipHoriz=False, flipVert=False, font='Open Sans', fontFiles=[], height=0.05, italic=False, languageStyle='LTR', name='text6_2', opacity=1.0, ori=0.0, pos=array([-0.075, -0.08 ]), rgb=UNKNOWN, text='', units='norm', win=Window(...), wrapWidth=1)
20.2038 	EXP 	window1: mouseVisible = True
20.2047 	EXP 	Created text7_2 = TextStim(__class__=<class 'psychopy.visual.text.TextStim'>, alignHoriz=method-wrapper(...), alignText='center', alignVert=method-wrapper(...), anchorHoriz='center', anchorVert='center', antialias=True, autoDraw=False, autoLog=True, bold=False, color=array([1., 1., 1.]), colorSpace='rgb', contrast=1.0, depth=-7.0, draggable=False, flipHoriz=False, flipVert=False, font='Open Sans', fontFiles=[], height=0.05, italic=False, languageStyle='LTR', name='text7_2', opacity=1.0, ori=0.0, pos=array([ 0.075, -0.08 ]), rgb=UNKNOWN, text='', units='norm', win=Window(...), wrapWidth=1)
20.2048 	EXP 	window1: mouseVisible = True
20.2058 	EXP 	Created text8_2 = TextStim(__class__=<class 'psychopy.visual.text.TextStim'>, alignHoriz=method-wrapper(...), alignText='center', alignVert=method-wrapper(...), anchorHoriz='center', anchorVert='center', antialias=True, autoDraw=False, autoLog=True, bold=False, color=array([1., 1., 1.]), colorSpace='rgb', contrast=1.0, depth=-8.0, draggable=False, flipHoriz=False, flipVert=False, font='Open Sans', fontFiles=[], height=0.05, italic=False, languageStyle='LTR', name='text8_2', opacity=1.0, ori=0.0, pos=array([ 0.225, -0.08 ]), rgb=UNKNOWN, text='', units='norm', win=Window(...), wrapWidth=1)
20.2059 	EXP 	window1: mouseVisible = True
20.2069 	EXP 	Created num1_2 = TextStim(__class__=<class 'psychopy.visual.text.TextStim'>, alignHoriz=method-wrapper(...), alignText='center', alignVert=method-wrapper(...), anchorHoriz='center', anchorVert='center', antialias=True, autoDraw=False, autoLog=True, bold=False, color=array([1., 1., 1.]), colorSpace='rgb', contrast=1.0, depth=-10.0, draggable=False, flipHoriz=False, flipVert=False, font='Open Sans', fontFiles=[], height=0.1, italic=False, languageStyle='LTR', name='num1_2', opacity=1.0, ori=0.0, pos=array([-0.225,  0.24 ]), rgb=UNKNOWN, text='', units='norm', win=Window(...), wrapWidth=1)
20.2070 	EXP 	window1: mouseVisible = True
20.2080 	EXP 	Created num2_2 = TextStim(__class__=<class 'psychopy.visual.text.TextStim'>, alignHoriz=method-wrapper(...), alignText='center', alignVert=method-wrapper(...), anchorHoriz='center', anchorVert='center', antialias=True, autoDraw=False, autoLog=True, bold=False, color=array([1., 1., 1.]), colorSpace='rgb', contrast=1.0, depth=-11.0, draggable=False, flipHoriz=False, flipVert=False, font='Open Sans', fontFiles=[], height=0.1, italic=False, languageStyle='LTR', name='num2_2', opacity=1.0, ori=0.0, pos=array([-0.075,  0.24 ]), rgb=UNKNOWN, text='', units='norm', win=Window(...), wrapWidth=1)
20.2081 	EXP 	window1: mouseVisible = True
20.2090 	EXP 	Created num3_2 = TextStim(__class__=<class 'psychopy.visual.text.TextStim'>, alignHoriz=method-wrapper(...), alignText='center', alignVert=method-wrapper(...), anchorHoriz='center', anchorVert='center', antialias=True, autoDraw=False, autoLog=True, bold=False, color=array([1., 1., 1.]), colorSpace='rgb', contrast=1.0, depth=-12.0, draggable=False, flipHoriz=False, flipVert=False, font='Open Sans', fontFiles=[], height=0.1, italic=False, languageStyle='LTR', name='num3_2', opacity=1.0, ori=0.0, pos=array([0.075, 0.24 ]), rgb=UNKNOWN, text='', units='norm', win=Window(...), wrapWidth=1)
20.2091 	EXP 	window1: mouseVisible = True
20.2100 	EXP 	Created num4_2 = TextStim(__class__=<class 'psychopy.visual.text.TextStim'>, alignHoriz=method-wrapper(...), alignText='center', alignVert=method-wrapper(...), anchorHoriz='center', anchorVert='center', antialias=True, autoDraw=False, autoLog=True, bold=False, color=array([1., 1., 1.]), colorSpace='rgb', contrast=1.0, depth=-13.0, draggable=False, flipHoriz=False, flipVert=False, font='Open Sans', fontFiles=[], height=0.1, italic=False, languageStyle='LTR', name='num4_2', opacity=1.0, ori=0.0, pos=array([0.225, 0.24 ]), rgb=UNKNOWN, text='', units='norm', win=Window(...), wrapWidth=1)
20.2101 	EXP 	window1: mouseVisible = True
20.2189 	EXP 	Created cue = ImageStim(__class__=<class 'psychopy.visual.image.ImageStim'>, anchor=('center', 'center'), autoLog=True, color=array([1., 1., 1.]), colorSpace='rgb', contrast=1.0, depth=0.0, draggable=False, flipHoriz=False, flipVert=False, image='default.png', interpolate=True, mask=None, maskParams=None, name='cue', opacity=1.0, ori=0.0, pos=array([0., 0.]), size=array([0.15, 0.15]), texRes=128.0, units='height', win=Window(...))
20.2190 	EXP 	window1: mouseVisible = True
20.2279 	EXP 	Created image = ImageStim(__class__=<class 'psychopy.visual.image.ImageStim'>, anchor=('center', 'center'), autoLog=True, color=array([1., 1., 1.]), colorSpace='rgb', contrast=1.0, depth=0.0, draggable=False, flipHoriz=False, flipVert=False, image='default.png', interpolate=True, mask=None, maskParams=None, name='image', opacity=1.0, ori=0.0, pos=array([0., 0.]), size=array([0.5, 0.5]), texRes=128.0, units='height', win=Window(...))
20.2281 	EXP 	window1: mouseVisible = True
20.2299 	EXP 	Created fixCrossR_2 = ShapeStim(__class__=<class 'psychopy.visual.shape.ShapeStim'>, anchor=('center', 'center'), autoDraw=False, autoLog=True, closeShape=True, color=method-wrapper(...), colorSpace='rgb', contrast=None, depth=-1.0, draggable=False, fillColor=array([-1, -1, -1]), fillColorSpace='rgb', fillRGB=array([-1, -1, -1]), interpolate=True, lineColor=array([-1., -1., -1.]), lineColorSpace='rgb', lineRGB=array([-1, -1, -1]), lineWidth=1.0, name='fixCrossR_2', opacity=1.0, ori=0.0, pos=array([0., 0.]), size=array([0.02, 0.02]), units='height', vertices=ndarray(...), win=Window(...), windingRule=None)
20.2300 	EXP 	window1: mouseVisible = True
20.2317 	EXP 	Created fixCrossR_4 = ShapeStim(__class__=<class 'psychopy.visual.shape.ShapeStim'>, anchor=('center', 'center'), autoDraw=False, autoLog=True, closeShape=True, color=method-wrapper(...), colorSpace='rgb', contrast=None, depth=0.0, draggable=False, fillColor=array([-1, -1, -1]), fillColorSpace='rgb', fillRGB=array([-1, -1, -1]), interpolate=True, lineColor=array([-1., -1., -1.]), lineColorSpace='rgb', lineRGB=array([-1, -1, -1]), lineWidth=1.0, name='fixCrossR_4', opacity=1.0, ori=0.0, pos=array([0., 0.]), size=array([0.02, 0.02]), units='height', vertices=ndarray(...), win=Window(...), windingRule=None)
20.2318 	EXP 	window1: mouseVisible = True
20.2334 	EXP 	Created fixCross = ShapeStim(__class__=<class 'psychopy.visual.shape.ShapeStim'>, anchor=('center', 'center'), autoDraw=False, autoLog=True, closeShape=True, color=method-wrapper(...), colorSpace='rgb', contrast=None, depth=0.0, draggable=False, fillColor=array([1, 1, 1]), fillColorSpace='rgb', fillRGB=array([1, 1, 1]), interpolate=True, lineColor=array([1., 1., 1.]), lineColorSpace='rgb', lineRGB=array([1, 1, 1]), lineWidth=1.0, name='fixCross', opacity=1.0, ori=0.0, pos=array([0., 0.]), size=array([0.02, 0.02]), units='height', vertices=ndarray(...), win=Window(...), windingRule=None)
20.2335 	EXP 	window1: mouseVisible = True
20.2345 	EXP 	Created text1 = TextStim(__class__=<class 'psychopy.visual.text.TextStim'>, alignHoriz=method-wrapper(...), alignText='center', alignVert=method-wrapper(...), anchorHoriz='center', anchorVert='center', antialias=True, autoDraw=False, autoLog=True, bold=False, color=array([1., 1., 1.]), colorSpace='rgb', contrast=1.0, depth=-1.0, draggable=False, flipHoriz=False, flipVert=False, font='Open Sans', fontFiles=[], height=0.05, italic=False, languageStyle='LTR', name='text1', opacity=1.0, ori=0.0, pos=array([-0.225,  0.08 ]), rgb=UNKNOWN, text='', units='norm', win=Window(...), wrapWidth=1)
20.2346 	EXP 	window1: mouseVisible = True
20.2356 	EXP 	Created text2 = TextStim(__class__=<class 'psychopy.visual.text.TextStim'>, alignHoriz=method-wrapper(...), alignText='center', alignVert=method-wrapper(...), anchorHoriz='center', anchorVert='center', antialias=True, autoDraw=False, autoLog=True, bold=False, color=array([1., 1., 1.]), colorSpace='rgb', contrast=1.0, depth=-2.0, draggable=False, flipHoriz=False, flipVert=False, font='Open Sans', fontFiles=[], height=0.05, italic=False, languageStyle='LTR', name='text2', opacity=1.0, ori=0.0, pos=array([-0.075,  0.08 ]), rgb=UNKNOWN, text='', units='norm', win=Window(...), wrapWidth=1)
20.2356 	EXP 	window1: mouseVisible = True
20.2366 	EXP 	Created text3 = TextStim(__class__=<class 'psychopy.visual.text.TextStim'>, alignHoriz=method-wrapper(...), alignText='center', alignVert=method-wrapper(...), anchorHoriz='center', anchorVert='center', antialias=True, autoDraw=False, autoLog=True, bold=False, color=array([1., 1., 1.]), colorSpace='rgb', contrast=1.0, depth=-3.0, draggable=False, flipHoriz=False, flipVert=False, font='Open Sans', fontFiles=[], height=0.05, italic=False, languageStyle='LTR', name='text3', opacity=1.0, ori=0.0, pos=array([0.075, 0.08 ]), rgb=UNKNOWN, text='', units='norm', win=Window(...), wrapWidth=1)
20.2367 	EXP 	window1: mouseVisible = True
20.2376 	EXP 	Created text4 = TextStim(__class__=<class 'psychopy.visual.text.TextStim'>, alignHoriz=method-wrapper(...), alignText='center', alignVert=method-wrapper(...), anchorHoriz='center', anchorVert='center', antialias=True, autoDraw=False, autoLog=True, bold=False, color=array([1., 1., 1.]), colorSpace='rgb', contrast=1.0, depth=-4.0, draggable=False, flipHoriz=False, flipVert=False, font='Open Sans', fontFiles=[], height=0.05, italic=False, languageStyle='LTR', name='text4', opacity=1.0, ori=0.0, pos=array([0.225, 0.08 ]), rgb=UNKNOWN, text='', units='norm', win=Window(...), wrapWidth=1)
20.2377 	EXP 	window1: mouseVisible = True
20.2386 	EXP 	Created text5 = TextStim(__class__=<class 'psychopy.visual.text.TextStim'>, alignHoriz=method-wrapper(...), alignText='center', alignVert=method-wrapper(...), anchorHoriz='center', anchorVert='center', antialias=True, autoDraw=False, autoLog=True, bold=False, color=array([1., 1., 1.]), colorSpace='rgb', contrast=1.0, depth=-5.0, draggable=False, flipHoriz=False, flipVert=False, font='Open Sans', fontFiles=[], height=0.05, italic=False, languageStyle='LTR', name='text5', opacity=1.0, ori=0.0, pos=array([-0.225, -0.08 ]), rgb=UNKNOWN, text='', units='norm', win=Window(...), wrapWidth=1)
20.2387 	EXP 	window1: mouseVisible = True
20.2397 	EXP 	Created text6 = TextStim(__class__=<class 'psychopy.visual.text.TextStim'>, alignHoriz=method-wrapper(...), alignText='center', alignVert=method-wrapper(...), anchorHoriz='center', anchorVert='center', antialias=True, autoDraw=False, autoLog=True, bold=False, color=array([1., 1., 1.]), colorSpace='rgb', contrast=1.0, depth=-6.0, draggable=False, flipHoriz=False, flipVert=False, font='Open Sans', fontFiles=[], height=0.05, italic=False, languageStyle='LTR', name='text6', opacity=1.0, ori=0.0, pos=array([-0.075, -0.08 ]), rgb=UNKNOWN, text='', units='norm', win=Window(...), wrapWidth=1)
20.2398 	EXP 	window1: mouseVisible = True
20.2407 	EXP 	Created text7 = TextStim(__class__=<class 'psychopy.visual.text.TextStim'>, alignHoriz=method-wrapper(...), alignText='center', alignVert=method-wrapper(...), anchorHoriz='center', anchorVert='center', antialias=True, autoDraw=False, autoLog=True, bold=False, color=array([1., 1., 1.]), colorSpace='rgb', contrast=1.0, depth=-7.0, draggable=False, flipHoriz=False, flipVert=False, font='Open Sans', fontFiles=[], height=0.05, italic=False, languageStyle='LTR', name='text7', opacity=1.0, ori=0.0, pos=array([ 0.075, -0.08 ]), rgb=UNKNOWN, text='', units='norm', win=Window(...), wrapWidth=1)
20.2408 	EXP 	window1: mouseVisible = True
20.2417 	EXP 	Created text8 = TextStim(__class__=<class 'psychopy.visual.text.TextStim'>, alignHoriz=method-wrapper(...), alignText='center', alignVert=method-wrapper(...), anchorHoriz='center', anchorVert='center', antialias=True, autoDraw=False, autoLog=True, bold=False, color=array([1., 1., 1.]), colorSpace='rgb', contrast=1.0, depth=-8.0, draggable=False, flipHoriz=False, flipVert=False, font='Open Sans', fontFiles=[], height=0.05, italic=False, languageStyle='LTR', name='text8', opacity=1.0, ori=0.0, pos=array([ 0.225, -0.08 ]), rgb=UNKNOWN, text='', units='norm', win=Window(...), wrapWidth=1)
20.2418 	EXP 	window1: mouseVisible = True
20.2427 	EXP 	Created num1 = TextStim(__class__=<class 'psychopy.visual.text.TextStim'>, alignHoriz=method-wrapper(...), alignText='center', alignVert=method-wrapper(...), anchorHoriz='center', anchorVert='center', antialias=True, autoDraw=False, autoLog=True, bold=False, color=array([1., 1., 1.]), colorSpace='rgb', contrast=1.0, depth=-10.0, draggable=False, flipHoriz=False, flipVert=False, font='Open Sans', fontFiles=[], height=0.1, italic=False, languageStyle='LTR', name='num1', opacity=1.0, ori=0.0, pos=array([-0.225,  0.24 ]), rgb=UNKNOWN, text='', units='norm', win=Window(...), wrapWidth=1)
20.2428 	EXP 	window1: mouseVisible = True
20.2439 	EXP 	Created num2 = TextStim(__class__=<class 'psychopy.visual.text.TextStim'>, alignHoriz=method-wrapper(...), alignText='center', alignVert=method-wrapper(...), anchorHoriz='center', anchorVert='center', antialias=True, autoDraw=False, autoLog=True, bold=False, color=array([1., 1., 1.]), colorSpace='rgb', contrast=1.0, depth=-11.0, draggable=False, flipHoriz=False, flipVert=False, font='Open Sans', fontFiles=[], height=0.1, italic=False, languageStyle='LTR', name='num2', opacity=1.0, ori=0.0, pos=array([-0.075,  0.24 ]), rgb=UNKNOWN, text='', units='norm', win=Window(...), wrapWidth=1)
20.2440 	EXP 	window1: mouseVisible = True
20.2449 	EXP 	Created num3 = TextStim(__class__=<class 'psychopy.visual.text.TextStim'>, alignHoriz=method-wrapper(...), alignText='center', alignVert=method-wrapper(...), anchorHoriz='center', anchorVert='center', antialias=True, autoDraw=False, autoLog=True, bold=False, color=array([1., 1., 1.]), colorSpace='rgb', contrast=1.0, depth=-12.0, draggable=False, flipHoriz=False, flipVert=False, font='Open Sans', fontFiles=[], height=0.1, italic=False, languageStyle='LTR', name='num3', opacity=1.0, ori=0.0, pos=array([0.075, 0.24 ]), rgb=UNKNOWN, text='', units='norm', win=Window(...), wrapWidth=1)
20.2450 	EXP 	window1: mouseVisible = True
20.2460 	EXP 	Created num4 = TextStim(__class__=<class 'psychopy.visual.text.TextStim'>, alignHoriz=method-wrapper(...), alignText='center', alignVert=method-wrapper(...), anchorHoriz='center', anchorVert='center', antialias=True, autoDraw=False, autoLog=True, bold=False, color=array([1., 1., 1.]), colorSpace='rgb', contrast=1.0, depth=-13.0, draggable=False, flipHoriz=False, flipVert=False, font='Open Sans', fontFiles=[], height=0.1, italic=False, languageStyle='LTR', name='num4', opacity=1.0, ori=0.0, pos=array([0.225, 0.24 ]), rgb=UNKNOWN, text='', units='norm', win=Window(...), wrapWidth=1)
20.2460 	EXP 	window1: mouseVisible = True
20.2477 	EXP 	Created fixCrossR = ShapeStim(__class__=<class 'psychopy.visual.shape.ShapeStim'>, anchor=('center', 'center'), autoDraw=False, autoLog=True, closeShape=True, color=method-wrapper(...), colorSpace='rgb', contrast=None, depth=0.0, draggable=False, fillColor=array([-1, -1, -1]), fillColorSpace='rgb', fillRGB=array([-1, -1, -1]), interpolate=True, lineColor=array([-1., -1., -1.]), lineColorSpace='rgb', lineRGB=array([-1, -1, -1]), lineWidth=1.0, name='fixCrossR', opacity=1.0, ori=0.0, pos=array([0., 0.]), size=array([0.02, 0.02]), units='height', vertices=ndarray(...), win=Window(...), windingRule=None)
20.2478 	EXP 	window1: mouseVisible = True
20.2491 	EXP 	Created text_total = TextStim(__class__=<class 'psychopy.visual.text.TextStim'>, alignHoriz=method-wrapper(...), alignText='center', alignVert=method-wrapper(...), anchorHoriz='center', anchorVert='center', antialias=True, autoDraw=False, autoLog=True, bold=False, color=array([1., 1., 1.]), colorSpace='rgb', contrast=1.0, depth=-1.0, draggable=False, flipHoriz=False, flipVert=False, font='Open Sans', fontFiles=[], height=0.05, italic=False, languageStyle='LTR', name='text_total', opacity=1.0, ori=0.0, pos=array([0., 0.]), rgb=UNKNOWN, text='', units='height', win=Window(...), wrapWidth=1)
20.2492 	EXP 	window1: mouseVisible = True
20.2504 	EXP 	Created text_acc = TextStim(__class__=<class 'psychopy.visual.text.TextStim'>, alignHoriz=method-wrapper(...), alignText='center', alignVert=method-wrapper(...), anchorHoriz='center', anchorVert='center', antialias=True, autoDraw=False, autoLog=True, bold=False, color=array([1., 1., 1.]), colorSpace='rgb', contrast=1.0, depth=-2.0, draggable=False, flipHoriz=False, flipVert=False, font='Open Sans', fontFiles=[], height=0.05, italic=False, languageStyle='LTR', name='text_acc', opacity=1.0, ori=0.0, pos=array([ 0. , -0.3]), rgb=UNKNOWN, text='', units='height', win=Window(...), wrapWidth=1)
0.0037 	DATA 	Mouse: Left button down, pos=(1041,540)
0.0039 	DATA 	Mouse:  Left button up, pos=(1041,540)
0.0220 	EXP 	Created sequence: random, trialTypes=1, nReps=0, seed=None
0.0366 	EXP 	text: autoDraw = True
1.1627 	EXP 	Imported participantData/s15/block_0/babySteps_s15.xlsx as conditions, 5 conditions, 14 params
1.1631 	EXP 	Created sequence: sequential, trialTypes=5, nReps=1, seed=None
1.1632 	EXP 	New trial (rep=0, index=0): {'category': 'car', 'orientation': 2, 'taskCue': 'stim//obj2.png', 'stimfile': 'stim//car2.png', 'resp1': 'Turtle', 'resp2': 'Horse', 'resp3': 'Car', 'resp4': 'Shoe', 'resp5': 'Full Left', 'resp6': 'Half Right', 'resp7': 'Half Left', 'resp8': 'Full Right', 'objFirst': True, 'interval': 2.475}
1.1668 	DATA 	Keypress: 5
1.1711 	EXP 	text: autoDraw = False
1.1711 	EXP 	cue: image = 'stim//obj2.png'
1.1711 	EXP 	cue: autoDraw = True
2.1559 	EXP 	Created sequence: sequential, trialTypes=1, nReps=3, seed=None
2.1561 	EXP 	New trial (rep=0, index=0): None
2.3551 	EXP 	cue: autoDraw = False
2.3551 	EXP 	cue: autoDraw = False
2.3551 	EXP 	image: image = 'stim//car2.png'
2.3551 	EXP 	image: autoDraw = True
2.3551 	EXP 	fixCrossR_2: autoDraw = True
2.6054 	EXP 	image: autoDraw = False
2.6054 	EXP 	fixCrossR_2: autoDraw = False
2.6054 	EXP 	image: autoDraw = False
2.6054 	EXP 	fixCrossR_2: autoDraw = False
2.6054 	EXP 	fixCrossR_4: autoDraw = True
2.8396 	EXP 	New trial (rep=1, index=0): None
2.9556 	EXP 	fixCrossR_4: autoDraw = False
2.9556 	EXP 	fixCrossR_4: autoDraw = False
2.9556 	EXP 	image: image = 'stim//car2.png'
2.9556 	EXP 	image: autoDraw = True
2.9556 	EXP 	fixCrossR_2: autoDraw = True
3.2059 	EXP 	image: autoDraw = False
3.2059 	EXP 	fixCrossR_2: autoDraw = False
3.2059 	EXP 	image: autoDraw = False
3.2059 	EXP 	fixCrossR_2: autoDraw = False
3.2059 	EXP 	fixCrossR_4: autoDraw = True
3.4403 	EXP 	New trial (rep=2, index=0): None
3.6226 	EXP 	fixCrossR_4: autoDraw = False
3.6226 	EXP 	fixCrossR_4: autoDraw = False
3.6226 	EXP 	image: image = 'stim//car2.png'
3.6226 	EXP 	image: autoDraw = True
3.6226 	EXP 	fixCrossR_2: autoDraw = True
3.8730 	EXP 	image: autoDraw = False
3.8730 	EXP 	fixCrossR_2: autoDraw = False
3.8730 	EXP 	image: autoDraw = False
3.8730 	EXP 	fixCrossR_2: autoDraw = False
3.8730 	EXP 	fixCrossR_4: autoDraw = True
4.1901 	EXP 	fixCrossR_4: autoDraw = False
4.1901 	EXP 	fixCrossR_4: autoDraw = False
4.1901 	EXP 	fixCross_2: fillColor = <psychopy.colors.Color: black, alpha=1.0>
4.1901 	EXP 	fixCross_2: borderColor = <psychopy.colors.Color: black, alpha=1.0>
4.1901 	EXP 	text1_2: foreColor = <psychopy.colors.Color: white, alpha=1.0>
4.1901 	EXP 	text1_2: height = 0.05
4.1901 	EXP 	text1_2: height = 0.05
4.1901 	EXP 	text1_2: height = 0.05
4.1901 	EXP 	text1_2: text = 'Turtle'
4.1901 	EXP 	text2_2: foreColor = <psychopy.colors.Color: white, alpha=1.0>
4.1901 	EXP 	text2_2: height = 0.05
4.1901 	EXP 	text2_2: height = 0.05
4.1901 	EXP 	text2_2: height = 0.05
4.1901 	EXP 	text2_2: text = 'Horse'
4.1901 	EXP 	text3_2: foreColor = <psychopy.colors.Color: white, alpha=1.0>
4.1901 	EXP 	text3_2: height = 0.05
4.1901 	EXP 	text3_2: height = 0.05
4.1901 	EXP 	text3_2: height = 0.05
4.1901 	EXP 	text3_2: text = 'Car'
4.1901 	EXP 	text4_2: foreColor = <psychopy.colors.Color: white, alpha=1.0>
4.1901 	EXP 	text4_2: height = 0.05
4.1901 	EXP 	text4_2: height = 0.05
4.1901 	EXP 	text4_2: height = 0.05
4.1901 	EXP 	text4_2: text = 'Shoe'
4.1901 	EXP 	text5_2: foreColor = <psychopy.colors.Color: white, alpha=1.0>
4.1901 	EXP 	text5_2: height = 0.05
4.1901 	EXP 	text5_2: height = 0.05
4.1901 	EXP 	text5_2: height = 0.05
4.1901 	EXP 	text5_2: text = 'Full Left'
4.1901 	EXP 	text6_2: foreColor = <psychopy.colors.Color: white, alpha=1.0>
4.1901 	EXP 	text6_2: height = 0.05
4.1901 	EXP 	text6_2: height = 0.05
4.1901 	EXP 	text6_2: height = 0.05
4.1901 	EXP 	text6_2: text = 'Half Right'
4.1901 	EXP 	text7_2: foreColor = <psychopy.colors.Color: white, alpha=1.0>
4.1901 	EXP 	text7_2: height = 0.05
4.1901 	EXP 	text7_2: height = 0.05
4.1901 	EXP 	text7_2: height = 0.05
4.1901 	EXP 	text7_2: text = 'Half Left'
4.1901 	EXP 	text8_2: foreColor = <psychopy.colors.Color: white, alpha=1.0>
4.1901 	EXP 	text8_2: height = 0.05
4.1901 	EXP 	text8_2: height = 0.05
4.1901 	EXP 	text8_2: height = 0.05
4.1901 	EXP 	text8_2: text = 'Full Right'
4.1901 	EXP 	num1_2: foreColor = <psychopy.colors.Color: white, alpha=1.0>
4.1901 	EXP 	num1_2: height = 0.1
4.1901 	EXP 	num1_2: height = 0.1
4.1901 	EXP 	num1_2: height = 0.1
4.1901 	EXP 	num1_2: text = '1'
4.1901 	EXP 	num2_2: foreColor = <psychopy.colors.Color: white, alpha=1.0>
4.1901 	EXP 	num2_2: height = 0.1
4.1901 	EXP 	num2_2: height = 0.1
4.1901 	EXP 	num2_2: height = 0.1
4.1901 	EXP 	num2_2: text = '2'
4.1901 	EXP 	num3_2: foreColor = <psychopy.colors.Color: white, alpha=1.0>
4.1901 	EXP 	num3_2: height = 0.1
4.1901 	EXP 	num3_2: height = 0.1
4.1901 	EXP 	num3_2: height = 0.1
4.1901 	EXP 	num3_2: text = '3'
4.1901 	EXP 	num4_2: foreColor = <psychopy.colors.Color: white, alpha=1.0>
4.1901 	EXP 	num4_2: height = 0.1
4.1901 	EXP 	num4_2: height = 0.1
4.1901 	EXP 	num4_2: height = 0.1
4.1901 	EXP 	num4_2: text = '4'
4.1901 	EXP 	fixCross_2: autoDraw = True
4.1901 	EXP 	text1_2: autoDraw = True
4.1901 	EXP 	text2_2: autoDraw = True
4.1901 	EXP 	text3_2: autoDraw = True
4.1901 	EXP 	text4_2: autoDraw = True
4.1901 	EXP 	text5_2: autoDraw = True
4.1901 	EXP 	text6_2: autoDraw = True
4.1901 	EXP 	text7_2: autoDraw = True
4.1901 	EXP 	text8_2: autoDraw = True
4.1901 	EXP 	num1_2: autoDraw = True
4.1901 	EXP 	num2_2: autoDraw = True
4.1901 	EXP 	num3_2: autoDraw = True
4.1901 	EXP 	num4_2: autoDraw = True
5.3485 	DATA 	Keypress: 3
5.3748 	EXP 	fixCross_2: foreColor = <psychopy.colors.Color: (0.0, 1.0, 0.0, 1.0)>
5.3748 	EXP 	fixCross_2: borderColor = <psychopy.colors.Color: (0.0, 1.0, 0.0, 1.0)>
5.3748 	EXP 	fixCross_2: fillColor = <psychopy.colors.Color: (0.0, 1.0, 0.0, 1.0)>
5.3748 	EXP 	text3_2: foreColor = <psychopy.colors.Color: (0.0, 1.0, 0.0, 1.0)>
5.3748 	EXP 	text7_2: foreColor = <psychopy.colors.Color: (0.0, 1.0, 0.0, 1.0)>
5.3748 	EXP 	num3_2: foreColor = <psychopy.colors.Color: (0.0, 1.0, 0.0, 1.0)>
7.1116 	EXP 	New trial (rep=0, index=1): {'category': 'horse', 'orientation': 1, 'taskCue': 'stim//ori2.png', 'stimfile': 'stim//horse1.png', 'resp1': 'Half Left', 'resp2': 'Full Right', 'resp3': 'Full Left', 'resp4': 'Half Right', 'resp5': 'Car', 'resp6': 'Horse', 'resp7': 'Shoe', 'resp8': 'Turtle', 'objFirst': False, 'interval': 2.425}
7.1259 	EXP 	fixCross_2: autoDraw = False
7.1259 	EXP 	text1_2: autoDraw = False
7.1259 	EXP 	text2_2: autoDraw = False
7.1259 	EXP 	text3_2: autoDraw = False
7.1259 	EXP 	text4_2: autoDraw = False
7.1259 	EXP 	text5_2: autoDraw = False
7.1259 	EXP 	text6_2: autoDraw = False
7.1259 	EXP 	text7_2: autoDraw = False
7.1259 	EXP 	text8_2: autoDraw = False
7.1259 	EXP 	num1_2: autoDraw = False
7.1259 	EXP 	num2_2: autoDraw = False
7.1259 	EXP 	num3_2: autoDraw = False
7.1259 	EXP 	num4_2: autoDraw = False
7.1259 	EXP 	fixCross: foreColor = <psychopy.colors.Color: transparent, alpha=1.0>
7.1259 	EXP 	fixCross: borderColor = <psychopy.colors.Color: transparent, alpha=1.0>
7.1259 	EXP 	fixCross: fillColor = <psychopy.colors.Color: transparent, alpha=1.0>
7.1259 	EXP 	cue: image = 'stim//ori2.png'
7.1259 	EXP 	cue: autoDraw = True
8.1108 	EXP 	Created sequence: sequential, trialTypes=1, nReps=3, seed=None
8.1109 	EXP 	New trial (rep=0, index=0): None
8.2263 	EXP 	cue: autoDraw = False
8.2263 	EXP 	cue: autoDraw = False
8.2263 	EXP 	image: image = 'stim//horse1.png'
8.2263 	EXP 	image: autoDraw = True
8.2263 	EXP 	fixCrossR_2: autoDraw = True
8.4767 	EXP 	image: autoDraw = False
8.4767 	EXP 	fixCrossR_2: autoDraw = False
8.4767 	EXP 	image: autoDraw = False
8.4767 	EXP 	fixCrossR_2: autoDraw = False
8.4767 	EXP 	fixCrossR_4: autoDraw = True
8.7111 	EXP 	New trial (rep=1, index=0): None
8.8269 	EXP 	fixCrossR_4: autoDraw = False
8.8269 	EXP 	fixCrossR_4: autoDraw = False
8.8269 	EXP 	image: image = 'stim//horse1.png'
8.8269 	EXP 	image: autoDraw = True
8.8269 	EXP 	fixCrossR_2: autoDraw = True
9.0773 	EXP 	image: autoDraw = False
9.0773 	EXP 	fixCrossR_2: autoDraw = False
9.0773 	EXP 	image: autoDraw = False
9.0773 	EXP 	fixCrossR_2: autoDraw = False
9.0773 	EXP 	fixCrossR_4: autoDraw = True
9.3119 	EXP 	New trial (rep=2, index=0): None
9.4941 	EXP 	fixCrossR_4: autoDraw = False
9.4941 	EXP 	fixCrossR_4: autoDraw = False
9.4941 	EXP 	image: image = 'stim//horse1.png'
9.4941 	EXP 	image: autoDraw = True
9.4941 	EXP 	fixCrossR_2: autoDraw = True
9.7445 	EXP 	image: autoDraw = False
9.7445 	EXP 	fixCrossR_2: autoDraw = False
9.7445 	EXP 	image: autoDraw = False
9.7445 	EXP 	fixCrossR_2: autoDraw = False
9.7445 	EXP 	fixCrossR_4: autoDraw = True
10.0451 	EXP 	fixCrossR_4: autoDraw = False
10.0451 	EXP 	fixCrossR_4: autoDraw = False
10.0451 	EXP 	fixCross_2: fillColor = <psychopy.colors.Color: black, alpha=1.0>
10.0451 	EXP 	fixCross_2: borderColor = <psychopy.colors.Color: black, alpha=1.0>
10.0451 	EXP 	text1_2: foreColor = <psychopy.colors.Color: white, alpha=1.0>
10.0451 	EXP 	text1_2: height = 0.05
10.0451 	EXP 	text1_2: height = 0.05
10.0451 	EXP 	text1_2: height = 0.05
10.0451 	EXP 	text1_2: text = 'Half Left'
10.0451 	EXP 	text2_2: foreColor = <psychopy.colors.Color: white, alpha=1.0>
10.0451 	EXP 	text2_2: height = 0.05
10.0451 	EXP 	text2_2: height = 0.05
10.0451 	EXP 	text2_2: height = 0.05
10.0451 	EXP 	text2_2: text = 'Full Right'
10.0451 	EXP 	text3_2: foreColor = <psychopy.colors.Color: white, alpha=1.0>
10.0451 	EXP 	text3_2: height = 0.05
10.0451 	EXP 	text3_2: height = 0.05
10.0451 	EXP 	text3_2: height = 0.05
10.0451 	EXP 	text3_2: text = 'Full Left'
10.0451 	EXP 	text4_2: foreColor = <psychopy.colors.Color: white, alpha=1.0>
10.0451 	EXP 	text4_2: height = 0.05
10.0451 	EXP 	text4_2: height = 0.05
10.0451 	EXP 	text4_2: height = 0.05
10.0451 	EXP 	text4_2: text = 'Half Right'
10.0451 	EXP 	text5_2: foreColor = <psychopy.colors.Color: white, alpha=1.0>
10.0451 	EXP 	text5_2: height = 0.05
10.0451 	EXP 	text5_2: height = 0.05
10.0451 	EXP 	text5_2: height = 0.05
10.0451 	EXP 	text5_2: text = 'Car'
10.0451 	EXP 	text6_2: foreColor = <psychopy.colors.Color: white, alpha=1.0>
10.0451 	EXP 	text6_2: height = 0.05
10.0451 	EXP 	text6_2: height = 0.05
10.0451 	EXP 	text6_2: height = 0.05
10.0451 	EXP 	text6_2: text = 'Horse'
10.0451 	EXP 	text7_2: foreColor = <psychopy.colors.Color: white, alpha=1.0>
10.0451 	EXP 	text7_2: height = 0.05
10.0451 	EXP 	text7_2: height = 0.05
10.0451 	EXP 	text7_2: height = 0.05
10.0451 	EXP 	text7_2: text = 'Shoe'
10.0451 	EXP 	text8_2: foreColor = <psychopy.colors.Color: white, alpha=1.0>
10.0451 	EXP 	text8_2: height = 0.05
10.0451 	EXP 	text8_2: height = 0.05
10.0451 	EXP 	text8_2: height = 0.05
10.0451 	EXP 	text8_2: text = 'Turtle'
10.0451 	EXP 	num1_2: foreColor = <psychopy.colors.Color: white, alpha=1.0>
10.0451 	EXP 	num1_2: text = '1'
10.0451 	EXP 	num2_2: foreColor = <psychopy.colors.Color: white, alpha=1.0>
10.0451 	EXP 	num2_2: text = '2'
10.0451 	EXP 	num3_2: foreColor = <psychopy.colors.Color: white, alpha=1.0>
10.0451 	EXP 	num3_2: text = '3'
10.0451 	EXP 	num4_2: foreColor = <psychopy.colors.Color: white, alpha=1.0>
10.0451 	EXP 	num4_2: text = '4'
10.0451 	EXP 	fixCross_2: autoDraw = True
10.0451 	EXP 	text1_2: autoDraw = True
10.0451 	EXP 	text2_2: autoDraw = True
10.0451 	EXP 	text3_2: autoDraw = True
10.0451 	EXP 	text4_2: autoDraw = True
10.0451 	EXP 	text5_2: autoDraw = True
10.0451 	EXP 	text6_2: autoDraw = True
10.0451 	EXP 	text7_2: autoDraw = True
10.0451 	EXP 	text8_2: autoDraw = True
10.0451 	EXP 	num1_2: autoDraw = True
10.0451 	EXP 	num2_2: autoDraw = True
10.0451 	EXP 	num3_2: autoDraw = True
10.0451 	EXP 	num4_2: autoDraw = True
14.7165 	DATA 	Keypress: 2
14.7323 	EXP 	fixCross_2: foreColor = <psychopy.colors.Color: (1.0, 0.0, 0.0, 1.0)>
14.7323 	EXP 	fixCross_2: borderColor = <psychopy.colors.Color: (1.0, 0.0, 0.0, 1.0)>
14.7323 	EXP 	fixCross_2: fillColor = <psychopy.colors.Color: (1.0, 0.0, 0.0, 1.0)>
14.7323 	EXP 	text2_2: foreColor = <psychopy.colors.Color: (1.0, 0.0, 0.0, 1.0)>
14.7323 	EXP 	text6_2: foreColor = <psychopy.colors.Color: (1.0, 0.0, 0.0, 1.0)>
14.7323 	EXP 	num2_2: foreColor = <psychopy.colors.Color: (1.0, 0.0, 0.0, 1.0)>
14.7345 	EXP 	New trial (rep=0, index=2): {'category': 'car', 'orientation': 1, 'taskCue': 'stim//obj1.png', 'stimfile': 'stim//car1.png', 'resp1': 'Half Left', 'resp2': 'Full Right', 'resp3': 'Full Left', 'resp4': 'Half Right', 'resp5': 'Car', 'resp6': 'Turtle', 'resp7': 'Horse', 'resp8': 'Shoe', 'objFirst': False, 'interval': 2.877}
14.7489 	EXP 	fixCross_2: autoDraw = False
14.7489 	EXP 	text1_2: autoDraw = False
14.7489 	EXP 	text2_2: autoDraw = False
14.7489 	EXP 	text3_2: autoDraw = False
14.7489 	EXP 	text4_2: autoDraw = False
14.7489 	EXP 	text5_2: autoDraw = False
14.7489 	EXP 	text6_2: autoDraw = False
14.7489 	EXP 	text7_2: autoDraw = False
14.7489 	EXP 	text8_2: autoDraw = False
14.7489 	EXP 	num1_2: autoDraw = False
14.7489 	EXP 	num2_2: autoDraw = False
14.7489 	EXP 	num3_2: autoDraw = False
14.7489 	EXP 	num4_2: autoDraw = False
14.7489 	EXP 	fixCross: foreColor = <psychopy.colors.Color: transparent, alpha=1.0>
14.7489 	EXP 	fixCross: borderColor = <psychopy.colors.Color: transparent, alpha=1.0>
14.7489 	EXP 	fixCross: fillColor = <psychopy.colors.Color: transparent, alpha=1.0>
14.7489 	EXP 	cue: image = 'stim//obj1.png'
14.7489 	EXP 	cue: autoDraw = True
15.7340 	EXP 	Created sequence: sequential, trialTypes=1, nReps=3, seed=None
15.7342 	EXP 	New trial (rep=0, index=0): None
15.8497 	EXP 	cue: autoDraw = False
15.8497 	EXP 	cue: autoDraw = False
15.8497 	EXP 	image: image = 'stim//car1.png'
15.8497 	EXP 	image: autoDraw = True
15.8497 	EXP 	fixCrossR_2: autoDraw = True
16.1000 	EXP 	image: autoDraw = False
16.1000 	EXP 	fixCrossR_2: autoDraw = False
16.1000 	EXP 	image: autoDraw = False
16.1000 	EXP 	fixCrossR_2: autoDraw = False
16.1000 	EXP 	fixCrossR_4: autoDraw = True
16.3342 	EXP 	New trial (rep=1, index=0): None
16.4500 	EXP 	fixCrossR_4: autoDraw = False
16.4500 	EXP 	fixCrossR_4: autoDraw = False
16.4500 	EXP 	image: image = 'stim//car1.png'
16.4500 	EXP 	image: autoDraw = True
16.4500 	EXP 	fixCrossR_2: autoDraw = True
16.7005 	EXP 	image: autoDraw = False
16.7005 	EXP 	fixCrossR_2: autoDraw = False
16.7005 	EXP 	image: autoDraw = False
16.7005 	EXP 	fixCrossR_2: autoDraw = False
16.7005 	EXP 	fixCrossR_4: autoDraw = True
16.9348 	EXP 	New trial (rep=2, index=0): None
17.1174 	EXP 	fixCrossR_4: autoDraw = False
17.1174 	EXP 	fixCrossR_4: autoDraw = False
17.1174 	EXP 	image: image = 'stim//car1.png'
17.1174 	EXP 	image: autoDraw = True
17.1174 	EXP 	fixCrossR_2: autoDraw = True
17.3675 	EXP 	image: autoDraw = False
17.3675 	EXP 	fixCrossR_2: autoDraw = False
17.3675 	EXP 	image: autoDraw = False
17.3675 	EXP 	fixCrossR_2: autoDraw = False
17.3675 	EXP 	fixCrossR_4: autoDraw = True
17.6352 	EXP 	fixCrossR_4: autoDraw = False
17.6352 	EXP 	fixCrossR_4: autoDraw = False
17.6352 	EXP 	fixCross_2: fillColor = <psychopy.colors.Color: black, alpha=1.0>
17.6352 	EXP 	fixCross_2: borderColor = <psychopy.colors.Color: black, alpha=1.0>
17.6352 	EXP 	text1_2: foreColor = <psychopy.colors.Color: white, alpha=1.0>
17.6352 	EXP 	text1_2: text = 'Half Left'
17.6352 	EXP 	text2_2: foreColor = <psychopy.colors.Color: white, alpha=1.0>
17.6352 	EXP 	text2_2: text = 'Full Right'
17.6352 	EXP 	text3_2: foreColor = <psychopy.colors.Color: white, alpha=1.0>
17.6352 	EXP 	text3_2: text = 'Full Left'
17.6352 	EXP 	text4_2: foreColor = <psychopy.colors.Color: white, alpha=1.0>
17.6352 	EXP 	text4_2: text = 'Half Right'
17.6352 	EXP 	text5_2: foreColor = <psychopy.colors.Color: white, alpha=1.0>
17.6352 	EXP 	text5_2: text = 'Car'
17.6352 	EXP 	text6_2: foreColor = <psychopy.colors.Color: white, alpha=1.0>
17.6352 	EXP 	text6_2: height = 0.05
17.6352 	EXP 	text6_2: height = 0.05
17.6352 	EXP 	text6_2: height = 0.05
17.6352 	EXP 	text6_2: text = 'Turtle'
17.6352 	EXP 	text7_2: foreColor = <psychopy.colors.Color: white, alpha=1.0>
17.6352 	EXP 	text7_2: height = 0.05
17.6352 	EXP 	text7_2: height = 0.05
17.6352 	EXP 	text7_2: height = 0.05
17.6352 	EXP 	text7_2: text = 'Horse'
17.6352 	EXP 	text8_2: foreColor = <psychopy.colors.Color: white, alpha=1.0>
17.6352 	EXP 	text8_2: height = 0.05
17.6352 	EXP 	text8_2: height = 0.05
17.6352 	EXP 	text8_2: height = 0.05
17.6352 	EXP 	text8_2: text = 'Shoe'
17.6352 	EXP 	num1_2: foreColor = <psychopy.colors.Color: white, alpha=1.0>
17.6352 	EXP 	num1_2: text = '1'
17.6352 	EXP 	num2_2: foreColor = <psychopy.colors.Color: white, alpha=1.0>
17.6352 	EXP 	num2_2: text = '2'
17.6352 	EXP 	num3_2: foreColor = <psychopy.colors.Color: white, alpha=1.0>
17.6352 	EXP 	num3_2: text = '3'
17.6352 	EXP 	num4_2: foreColor = <psychopy.colors.Color: white, alpha=1.0>
17.6352 	EXP 	num4_2: text = '4'
17.6352 	EXP 	fixCross_2: autoDraw = True
17.6352 	EXP 	text1_2: autoDraw = True
17.6352 	EXP 	text2_2: autoDraw = True
17.6352 	EXP 	text3_2: autoDraw = True
17.6352 	EXP 	text4_2: autoDraw = True
17.6352 	EXP 	text5_2: autoDraw = True
17.6352 	EXP 	text6_2: autoDraw = True
17.6352 	EXP 	text7_2: autoDraw = True
17.6352 	EXP 	text8_2: autoDraw = True
17.6352 	EXP 	num1_2: autoDraw = True
17.6352 	EXP 	num2_2: autoDraw = True
17.6352 	EXP 	num3_2: autoDraw = True
17.6352 	EXP 	num4_2: autoDraw = True
20.1706 	DATA 	Keypress: 1
20.1863 	EXP 	fixCross_2: foreColor = <psychopy.colors.Color: (1.0, 0.0, 0.0, 1.0)>
20.1863 	EXP 	fixCross_2: borderColor = <psychopy.colors.Color: (1.0, 0.0, 0.0, 1.0)>
20.1863 	EXP 	fixCross_2: fillColor = <psychopy.colors.Color: (1.0, 0.0, 0.0, 1.0)>
20.1863 	EXP 	text1_2: foreColor = <psychopy.colors.Color: (1.0, 0.0, 0.0, 1.0)>
20.1863 	EXP 	text5_2: foreColor = <psychopy.colors.Color: (1.0, 0.0, 0.0, 1.0)>
20.1863 	EXP 	num1_2: foreColor = <psychopy.colors.Color: (1.0, 0.0, 0.0, 1.0)>
20.6056 	EXP 	New trial (rep=0, index=3): {'category': 'shoe', 'orientation': 3, 'taskCue': 'stim//obj2.png', 'stimfile': 'stim//shoe3.png', 'resp1': 'Full Right', 'resp2': 'Half Right', 'resp3': 'Full Left', 'resp4': 'Half Left', 'resp5': 'Horse', 'resp6': 'Shoe', 'resp7': 'Car', 'resp8': 'Turtle', 'objFirst': False, 'interval': 2.181}
20.6202 	EXP 	fixCross_2: autoDraw = False
20.6202 	EXP 	text1_2: autoDraw = False
20.6202 	EXP 	text2_2: autoDraw = False
20.6202 	EXP 	text3_2: autoDraw = False
20.6202 	EXP 	text4_2: autoDraw = False
20.6202 	EXP 	text5_2: autoDraw = False
20.6202 	EXP 	text6_2: autoDraw = False
20.6202 	EXP 	text7_2: autoDraw = False
20.6202 	EXP 	text8_2: autoDraw = False
20.6202 	EXP 	num1_2: autoDraw = False
20.6202 	EXP 	num2_2: autoDraw = False
20.6202 	EXP 	num3_2: autoDraw = False
20.6202 	EXP 	num4_2: autoDraw = False
20.6202 	EXP 	fixCross: foreColor = <psychopy.colors.Color: transparent, alpha=1.0>
20.6202 	EXP 	fixCross: borderColor = <psychopy.colors.Color: transparent, alpha=1.0>
20.6202 	EXP 	fixCross: fillColor = <psychopy.colors.Color: transparent, alpha=1.0>
20.6202 	EXP 	cue: image = 'stim//obj2.png'
20.6202 	EXP 	cue: autoDraw = True
21.6053 	EXP 	Created sequence: sequential, trialTypes=1, nReps=3, seed=None
21.6055 	EXP 	New trial (rep=0, index=0): None
21.7379 	EXP 	cue: autoDraw = False
21.7379 	EXP 	cue: autoDraw = False
21.7379 	EXP 	image: image = 'stim//shoe3.png'
21.7379 	EXP 	image: autoDraw = True
21.7379 	EXP 	fixCrossR_2: autoDraw = True
21.9882 	EXP 	image: autoDraw = False
21.9882 	EXP 	fixCrossR_2: autoDraw = False
21.9882 	EXP 	image: autoDraw = False
21.9882 	EXP 	fixCrossR_2: autoDraw = False
21.9882 	EXP 	fixCrossR_4: autoDraw = True
22.2228 	EXP 	New trial (rep=1, index=0): None
22.3387 	EXP 	fixCrossR_4: autoDraw = False
22.3387 	EXP 	fixCrossR_4: autoDraw = False
22.3387 	EXP 	image: image = 'stim//shoe3.png'
22.3387 	EXP 	image: autoDraw = True
22.3387 	EXP 	fixCrossR_2: autoDraw = True
22.5887 	EXP 	image: autoDraw = False
22.5887 	EXP 	fixCrossR_2: autoDraw = False
22.5887 	EXP 	image: autoDraw = False
22.5887 	EXP 	fixCrossR_2: autoDraw = False
22.5887 	EXP 	fixCrossR_4: autoDraw = True
22.8231 	EXP 	New trial (rep=2, index=0): None
23.0056 	EXP 	fixCrossR_4: autoDraw = False
23.0056 	EXP 	fixCrossR_4: autoDraw = False
23.0056 	EXP 	image: image = 'stim//shoe3.png'
23.0056 	EXP 	image: autoDraw = True
23.0056 	EXP 	fixCrossR_2: autoDraw = True
23.2559 	EXP 	image: autoDraw = False
23.2559 	EXP 	fixCrossR_2: autoDraw = False
23.2559 	EXP 	image: autoDraw = False
23.2559 	EXP 	fixCrossR_2: autoDraw = False
23.2559 	EXP 	fixCrossR_4: autoDraw = True
23.5395 	EXP 	fixCrossR_4: autoDraw = False
23.5395 	EXP 	fixCrossR_4: autoDraw = False
23.5395 	EXP 	fixCross_2: fillColor = <psychopy.colors.Color: black, alpha=1.0>
23.5395 	EXP 	fixCross_2: borderColor = <psychopy.colors.Color: black, alpha=1.0>
23.5395 	EXP 	text1_2: foreColor = <psychopy.colors.Color: white, alpha=1.0>
23.5395 	EXP 	text1_2: height = 0.05
23.5395 	EXP 	text1_2: height = 0.05
23.5395 	EXP 	text1_2: height = 0.05
23.5395 	EXP 	text1_2: text = 'Full Right'
23.5395 	EXP 	text2_2: foreColor = <psychopy.colors.Color: white, alpha=1.0>
23.5395 	EXP 	text2_2: height = 0.05
23.5395 	EXP 	text2_2: height = 0.05
23.5395 	EXP 	text2_2: height = 0.05
23.5395 	EXP 	text2_2: text = 'Half Right'
23.5395 	EXP 	text3_2: foreColor = <psychopy.colors.Color: white, alpha=1.0>
23.5395 	EXP 	text3_2: text = 'Full Left'
23.5395 	EXP 	text4_2: foreColor = <psychopy.colors.Color: white, alpha=1.0>
23.5395 	EXP 	text4_2: height = 0.05
23.5395 	EXP 	text4_2: height = 0.05
23.5395 	EXP 	text4_2: height = 0.05
23.5395 	EXP 	text4_2: text = 'Half Left'
23.5395 	EXP 	text5_2: foreColor = <psychopy.colors.Color: white, alpha=1.0>
23.5395 	EXP 	text5_2: height = 0.05
23.5395 	EXP 	text5_2: height = 0.05
23.5395 	EXP 	text5_2: height = 0.05
23.5395 	EXP 	text5_2: text = 'Horse'
23.5395 	EXP 	text6_2: foreColor = <psychopy.colors.Color: white, alpha=1.0>
23.5395 	EXP 	text6_2: height = 0.05
23.5395 	EXP 	text6_2: height = 0.05
23.5395 	EXP 	text6_2: height = 0.05
23.5395 	EXP 	text6_2: text = 'Shoe'
23.5395 	EXP 	text7_2: foreColor = <psychopy.colors.Color: white, alpha=1.0>
23.5395 	EXP 	text7_2: height = 0.05
23.5395 	EXP 	text7_2: height = 0.05
23.5395 	EXP 	text7_2: height = 0.05
23.5395 	EXP 	text7_2: text = 'Car'
23.5395 	EXP 	text8_2: foreColor = <psychopy.colors.Color: white, alpha=1.0>
23.5395 	EXP 	text8_2: height = 0.05
23.5395 	EXP 	text8_2: height = 0.05
23.5395 	EXP 	text8_2: height = 0.05
23.5395 	EXP 	text8_2: text = 'Turtle'
23.5395 	EXP 	num1_2: foreColor = <psychopy.colors.Color: white, alpha=1.0>
23.5395 	EXP 	num1_2: text = '1'
23.5395 	EXP 	num2_2: foreColor = <psychopy.colors.Color: white, alpha=1.0>
23.5395 	EXP 	num2_2: text = '2'
23.5395 	EXP 	num3_2: foreColor = <psychopy.colors.Color: white, alpha=1.0>
23.5395 	EXP 	num3_2: text = '3'
23.5395 	EXP 	num4_2: foreColor = <psychopy.colors.Color: white, alpha=1.0>
23.5395 	EXP 	num4_2: text = '4'
23.5395 	EXP 	fixCross_2: autoDraw = True
23.5395 	EXP 	text1_2: autoDraw = True
23.5395 	EXP 	text2_2: autoDraw = True
23.5395 	EXP 	text3_2: autoDraw = True
23.5395 	EXP 	text4_2: autoDraw = True
23.5395 	EXP 	text5_2: autoDraw = True
23.5395 	EXP 	text6_2: autoDraw = True
23.5395 	EXP 	text7_2: autoDraw = True
23.5395 	EXP 	text8_2: autoDraw = True
23.5395 	EXP 	num1_2: autoDraw = True
23.5395 	EXP 	num2_2: autoDraw = True
23.5395 	EXP 	num3_2: autoDraw = True
23.5395 	EXP 	num4_2: autoDraw = True
40.1039 	DATA 	Keypress: 4
40.1195 	EXP 	fixCross_2: foreColor = <psychopy.colors.Color: (1.0, 0.0, 0.0, 1.0)>
40.1195 	EXP 	fixCross_2: borderColor = <psychopy.colors.Color: (1.0, 0.0, 0.0, 1.0)>
40.1195 	EXP 	fixCross_2: fillColor = <psychopy.colors.Color: (1.0, 0.0, 0.0, 1.0)>
40.1195 	EXP 	text4_2: foreColor = <psychopy.colors.Color: (1.0, 0.0, 0.0, 1.0)>
40.1195 	EXP 	text8_2: foreColor = <psychopy.colors.Color: (1.0, 0.0, 0.0, 1.0)>
40.1195 	EXP 	num4_2: foreColor = <psychopy.colors.Color: (1.0, 0.0, 0.0, 1.0)>
40.1217 	EXP 	New trial (rep=0, index=4): {'category': 'car', 'orientation': 1, 'taskCue': 'stim//ori2.png', 'stimfile': 'stim//car1.png', 'resp1': 'Turtle', 'resp2': 'Car', 'resp3': 'Horse', 'resp4': 'Shoe', 'resp5': 'Half Right', 'resp6': 'Half Left', 'resp7': 'Full Right', 'resp8': 'Full Left', 'objFirst': True, 'interval': 2.47}
40.1365 	EXP 	fixCross_2: autoDraw = False
40.1365 	EXP 	text1_2: autoDraw = False
40.1365 	EXP 	text2_2: autoDraw = False
40.1365 	EXP 	text3_2: autoDraw = False
40.1365 	EXP 	text4_2: autoDraw = False
40.1365 	EXP 	text5_2: autoDraw = False
40.1365 	EXP 	text6_2: autoDraw = False
40.1365 	EXP 	text7_2: autoDraw = False
40.1365 	EXP 	text8_2: autoDraw = False
40.1365 	EXP 	num1_2: autoDraw = False
40.1365 	EXP 	num2_2: autoDraw = False
40.1365 	EXP 	num3_2: autoDraw = False
40.1365 	EXP 	num4_2: autoDraw = False
40.1365 	EXP 	fixCross: foreColor = <psychopy.colors.Color: transparent, alpha=1.0>
40.1365 	EXP 	fixCross: borderColor = <psychopy.colors.Color: transparent, alpha=1.0>
40.1365 	EXP 	fixCross: fillColor = <psychopy.colors.Color: transparent, alpha=1.0>
40.1365 	EXP 	cue: image = 'stim//ori2.png'
40.1365 	EXP 	cue: autoDraw = True
41.1217 	EXP 	Created sequence: sequential, trialTypes=1, nReps=3, seed=None
41.1218 	EXP 	New trial (rep=0, index=0): None
41.2373 	EXP 	cue: autoDraw = False
41.2373 	EXP 	cue: autoDraw = False
41.2373 	EXP 	image: image = 'stim//car1.png'
41.2373 	EXP 	image: autoDraw = True
41.2373 	EXP 	fixCrossR_2: autoDraw = True
41.4876 	EXP 	image: autoDraw = False
41.4876 	EXP 	fixCrossR_2: autoDraw = False
41.4876 	EXP 	image: autoDraw = False
41.4876 	EXP 	fixCrossR_2: autoDraw = False
41.4876 	EXP 	fixCrossR_4: autoDraw = True
41.7220 	EXP 	New trial (rep=1, index=0): None
41.8377 	EXP 	fixCrossR_4: autoDraw = False
41.8377 	EXP 	fixCrossR_4: autoDraw = False
41.8377 	EXP 	image: image = 'stim//car1.png'
41.8377 	EXP 	image: autoDraw = True
41.8377 	EXP 	fixCrossR_2: autoDraw = True
41.9564 	DATA 	Keypress: tab
42.0882 	EXP 	image: autoDraw = False
42.0882 	EXP 	fixCrossR_2: autoDraw = False
42.0882 	EXP 	image: autoDraw = False
42.0882 	EXP 	fixCrossR_2: autoDraw = False
42.0882 	EXP 	fixCrossR_4: autoDraw = True
42.3227 	EXP 	New trial (rep=2, index=0): None
42.5052 	EXP 	fixCrossR_4: autoDraw = False
42.5052 	EXP 	fixCrossR_4: autoDraw = False
42.5052 	EXP 	image: image = 'stim//car1.png'
42.5052 	EXP 	image: autoDraw = True
42.5052 	EXP 	fixCrossR_2: autoDraw = True
42.7552 	EXP 	image: autoDraw = False
42.7552 	EXP 	fixCrossR_2: autoDraw = False
42.7552 	EXP 	image: autoDraw = False
42.7552 	EXP 	fixCrossR_2: autoDraw = False
42.7552 	EXP 	fixCrossR_4: autoDraw = True
43.0389 	EXP 	fixCrossR_4: autoDraw = False
43.0389 	EXP 	fixCrossR_4: autoDraw = False
43.0389 	EXP 	fixCross_2: fillColor = <psychopy.colors.Color: black, alpha=1.0>
43.0389 	EXP 	fixCross_2: borderColor = <psychopy.colors.Color: black, alpha=1.0>
43.0389 	EXP 	text1_2: foreColor = <psychopy.colors.Color: white, alpha=1.0>
43.0389 	EXP 	text1_2: height = 0.05
43.0389 	EXP 	text1_2: height = 0.05
43.0389 	EXP 	text1_2: height = 0.05
43.0389 	EXP 	text1_2: text = 'Turtle'
43.0389 	EXP 	text2_2: foreColor = <psychopy.colors.Color: white, alpha=1.0>
43.0389 	EXP 	text2_2: height = 0.05
43.0389 	EXP 	text2_2: height = 0.05
43.0389 	EXP 	text2_2: height = 0.05
43.0389 	EXP 	text2_2: text = 'Car'
43.0389 	EXP 	text3_2: foreColor = <psychopy.colors.Color: white, alpha=1.0>
43.0389 	EXP 	text3_2: height = 0.05
43.0389 	EXP 	text3_2: height = 0.05
43.0389 	EXP 	text3_2: height = 0.05
43.0389 	EXP 	text3_2: text = 'Horse'
43.0389 	EXP 	text4_2: foreColor = <psychopy.colors.Color: white, alpha=1.0>
43.0389 	EXP 	text4_2: height = 0.05
43.0389 	EXP 	text4_2: height = 0.05
43.0389 	EXP 	text4_2: height = 0.05
43.0389 	EXP 	text4_2: text = 'Shoe'
43.0389 	EXP 	text5_2: foreColor = <psychopy.colors.Color: white, alpha=1.0>
43.0389 	EXP 	text5_2: height = 0.05
43.0389 	EXP 	text5_2: height = 0.05
43.0389 	EXP 	text5_2: height = 0.05
43.0389 	EXP 	text5_2: text = 'Half Right'
43.0389 	EXP 	text6_2: foreColor = <psychopy.colors.Color: white, alpha=1.0>
43.0389 	EXP 	text6_2: height = 0.05
43.0389 	EXP 	text6_2: height = 0.05
43.0389 	EXP 	text6_2: height = 0.05
43.0389 	EXP 	text6_2: text = 'Half Left'
43.0389 	EXP 	text7_2: foreColor = <psychopy.colors.Color: white, alpha=1.0>
43.0389 	EXP 	text7_2: height = 0.05
43.0389 	EXP 	text7_2: height = 0.05
43.0389 	EXP 	text7_2: height = 0.05
43.0389 	EXP 	text7_2: text = 'Full Right'
43.0389 	EXP 	text8_2: foreColor = <psychopy.colors.Color: white, alpha=1.0>
43.0389 	EXP 	text8_2: height = 0.05
43.0389 	EXP 	text8_2: height = 0.05
43.0389 	EXP 	text8_2: height = 0.05
43.0389 	EXP 	text8_2: text = 'Full Left'
43.0389 	EXP 	num1_2: foreColor = <psychopy.colors.Color: white, alpha=1.0>
43.0389 	EXP 	num1_2: text = '1'
43.0389 	EXP 	num2_2: foreColor = <psychopy.colors.Color: white, alpha=1.0>
43.0389 	EXP 	num2_2: text = '2'
43.0389 	EXP 	num3_2: foreColor = <psychopy.colors.Color: white, alpha=1.0>
43.0389 	EXP 	num3_2: text = '3'
43.0389 	EXP 	num4_2: foreColor = <psychopy.colors.Color: white, alpha=1.0>
43.0389 	EXP 	num4_2: text = '4'
43.0389 	EXP 	fixCross_2: autoDraw = True
43.0389 	EXP 	text1_2: autoDraw = True
43.0389 	EXP 	text2_2: autoDraw = True
43.0389 	EXP 	text3_2: autoDraw = True
43.0389 	EXP 	text4_2: autoDraw = True
43.0389 	EXP 	text5_2: autoDraw = True
43.0389 	EXP 	text6_2: autoDraw = True
43.0389 	EXP 	text7_2: autoDraw = True
43.0389 	EXP 	text8_2: autoDraw = True
43.0389 	EXP 	num1_2: autoDraw = True
43.0389 	EXP 	num2_2: autoDraw = True
43.0389 	EXP 	num3_2: autoDraw = True
43.0389 	EXP 	num4_2: autoDraw = True
43.3303 	DATA 	Keypress: 3
43.3559 	EXP 	fixCross_2: foreColor = <psychopy.colors.Color: (1.0, 0.0, 0.0, 1.0)>
43.3559 	EXP 	fixCross_2: borderColor = <psychopy.colors.Color: (1.0, 0.0, 0.0, 1.0)>
43.3559 	EXP 	fixCross_2: fillColor = <psychopy.colors.Color: (1.0, 0.0, 0.0, 1.0)>
43.3559 	EXP 	text3_2: foreColor = <psychopy.colors.Color: (1.0, 0.0, 0.0, 1.0)>
43.3559 	EXP 	text7_2: foreColor = <psychopy.colors.Color: (1.0, 0.0, 0.0, 1.0)>
43.3559 	EXP 	num3_2: foreColor = <psychopy.colors.Color: (1.0, 0.0, 0.0, 1.0)>
46.2158 	EXP 	window1: mouseVisible = True
