2.4736 	ERROR 	Support for the `sounddevice` audio backend is not available this session. Please install `psychopy-sounddevice` and restart the session to enable support.
8.6693 	WARNING 	User requested fullscreen with size [1536  864], but screen is actually [1920, 1080]. Using actual size
9.4582 	EXP 	Created window1 = Window(allowGUI=True, allowStencil=False, autoLog=True, backendConf=UNKNOWN, backgroundFit=<method-wrapper '__getattribute__' of attributeSetter object at 0x000001FDE0254EB0>, backgroundImage=<method-wrapper '__getattribute__' of attributeSetter object at 0x000001FDE0254E50>, bitsMode=UNKNOWN, blendMode='avg', bpc=(8, 8, 8), color=array([-0.4039, -0.4039, -0.4039]), colorSpace='rgb', depthBits=8, fullscr=<method-wrapper '__getattribute__' of attributeSetter object at 0x000001FDE0254C70>, gamma=None, gammaErrorPolicy='raise', lms=UNKNOWN, monitor=<psychopy.monitors.calibTools.Monitor object at 0x000001FDE07B8E20>, multiSample=False, name='window1', numSamples=2, pos=(-1920, 0), screen=0, size=array([1920, 1080]), stencilBits=0, stereo=False, title='PsychoPy', units='height', useFBO=True, useRetina=False, viewOri=0.0, viewPos=None, viewScale=None, waitBlanking=True, winType='pyglet')
9.4583 	EXP 	window1: mouseVisible = True
9.4583 	EXP 	window1: backgroundImage = ''
9.4583 	EXP 	window1: backgroundFit = 'none'
9.4598 	EXP 	window1: Attempting to measure frame rate of screen (0) ...
9.4598 	EXP 	window1: recordFrameIntervals = False
9.6228 	EXP 	window1: recordFrameIntervals = True
9.8070 	EXP 	Screen (0) actual frame rate measured at 59.83Hz
9.8071 	EXP 	window1: recordFrameIntervals = False
9.8072 	EXP 	window1: mouseVisible = False
12.0249 	EXP 	pilotv2: status = STARTED
12.0251 	EXP 	window1: mouseVisible = True
12.0353 	EXP 	Created imageInstruct = ImageStim(__class__=<class 'psychopy.visual.image.ImageStim'>, anchor=('center', 'center'), autoLog=True, color=array([1., 1., 1.]), colorSpace='rgb', contrast=1.0, depth=0.0, draggable=False, flipHoriz=False, flipVert=False, image='default.png', interpolate=True, mask=None, maskParams=None, name='imageInstruct', opacity=1.0, ori=0.0, pos=array([0., 0.]), size=array([1.6    , 1.00736]), texRes=128.0, units='height', win=Window(...))
12.0356 	EXP 	window1: mouseVisible = True
12.0357 	EXP 	window1: mouseVisible = True
12.0362 	EXP 	window1: mouseVisible = True
12.0366 	EXP 	window1: mouseVisible = True
12.0508 	EXP 	window1: mouseVisible = True
12.0510 	EXP 	window1: mouseVisible = True
12.0514 	EXP 	window1: mouseVisible = True
12.0518 	EXP 	window1: mouseVisible = True
12.0636 	EXP 	window1: mouseVisible = True
12.0638 	EXP 	window1: mouseVisible = True
12.0639 	EXP 	window1: mouseVisible = True
12.0643 	EXP 	window1: mouseVisible = True
12.0647 	EXP 	window1: mouseVisible = True
12.0757 	EXP 	window1: mouseVisible = True
12.0758 	EXP 	window1: mouseVisible = True
12.0763 	EXP 	window1: mouseVisible = True
12.0767 	EXP 	window1: mouseVisible = True
12.0801 	EXP 	window1: mouseVisible = True
12.0803 	EXP 	window1: mouseVisible = True
12.1459 	EXP 	Created text_8 = TextStim(__class__=<class 'psychopy.visual.text.TextStim'>, alignHoriz=method-wrapper(...), alignText='center', alignVert=method-wrapper(...), anchorHoriz='center', anchorVert='center', antialias=True, autoDraw=False, autoLog=True, bold=False, color=array([1., 1., 1.]), colorSpace='rgb', contrast=1.0, depth=0.0, draggable=False, flipHoriz=False, flipVert=False, font='Open Sans', fontFiles=[], height=0.05, italic=False, languageStyle='LTR', name='text_8', opacity=1.0, ori=0.0, pos=array([0., 0.]), rgb=UNKNOWN, text=str(...), units='height', win=Window(...), wrapWidth=1)
12.1461 	EXP 	window1: mouseVisible = True
12.1462 	EXP 	window1: mouseVisible = True
12.1467 	EXP 	window1: mouseVisible = True
12.1471 	EXP 	window1: mouseVisible = True
12.1714 	EXP 	window1: mouseVisible = True
12.1715 	EXP 	window1: mouseVisible = True
12.1719 	EXP 	window1: mouseVisible = True
12.1724 	EXP 	window1: mouseVisible = True
12.1827 	EXP 	window1: mouseVisible = True
12.1829 	EXP 	window1: mouseVisible = True
12.1831 	EXP 	window1: mouseVisible = True
12.1835 	EXP 	window1: mouseVisible = True
12.1839 	EXP 	window1: mouseVisible = True
12.1927 	EXP 	window1: mouseVisible = True
12.1929 	EXP 	window1: mouseVisible = True
12.1933 	EXP 	window1: mouseVisible = True
12.1937 	EXP 	window1: mouseVisible = True
12.1972 	EXP 	window1: mouseVisible = True
12.1973 	EXP 	window1: mouseVisible = True
12.2011 	EXP 	Created image_17 = ImageStim(__class__=<class 'psychopy.visual.image.ImageStim'>, anchor=('center', 'center'), autoLog=True, color=array([1., 1., 1.]), colorSpace='rgb', contrast=1.0, depth=-3.0, draggable=False, flipHoriz=False, flipVert=False, image='stim/ori1.png', interpolate=True, mask=None, maskParams=None, name='image_17', opacity=1.0, ori=0.0, pos=array([0.  , 0.23]), size=array([0.15, 0.15]), texRes=128.0, units='height', win=Window(...))
12.2012 	EXP 	window1: mouseVisible = True
12.2055 	EXP 	Created text_9 = TextStim(__class__=<class 'psychopy.visual.text.TextStim'>, alignHoriz=method-wrapper(...), alignText='center', alignVert=method-wrapper(...), anchorHoriz='center', anchorVert='center', antialias=True, autoDraw=False, autoLog=True, bold=False, color=array([1., 1., 1.]), colorSpace='rgb', contrast=1.0, depth=0.0, draggable=False, flipHoriz=False, flipVert=False, font='Open Sans', fontFiles=[], height=0.05, italic=False, languageStyle='LTR', name='text_9', opacity=1.0, ori=0.0, pos=array([0., 0.]), rgb=UNKNOWN, text=str(...), units='height', win=Window(...), wrapWidth=1)
12.2057 	EXP 	window1: mouseVisible = True
12.2059 	EXP 	window1: mouseVisible = True
12.2066 	EXP 	window1: mouseVisible = True
12.2071 	EXP 	window1: mouseVisible = True
12.2110 	EXP 	window1: mouseVisible = True
12.2112 	EXP 	window1: mouseVisible = True
12.2116 	EXP 	window1: mouseVisible = True
12.2120 	EXP 	window1: mouseVisible = True
12.2154 	EXP 	window1: mouseVisible = True
12.2156 	EXP 	window1: mouseVisible = True
12.2157 	EXP 	window1: mouseVisible = True
12.2162 	EXP 	window1: mouseVisible = True
12.2166 	EXP 	window1: mouseVisible = True
12.2205 	EXP 	window1: mouseVisible = True
12.2206 	EXP 	window1: mouseVisible = True
12.2210 	EXP 	window1: mouseVisible = True
12.2215 	EXP 	window1: mouseVisible = True
12.2249 	EXP 	window1: mouseVisible = True
12.2250 	EXP 	window1: mouseVisible = True
12.2291 	EXP 	Created image_18 = ImageStim(__class__=<class 'psychopy.visual.image.ImageStim'>, anchor=('center', 'center'), autoLog=True, color=array([1., 1., 1.]), colorSpace='rgb', contrast=1.0, depth=-3.0, draggable=False, flipHoriz=False, flipVert=False, image='stim/obj2.png', interpolate=True, mask=None, maskParams=None, name='image_18', opacity=1.0, ori=0.0, pos=array([0.  , 0.23]), size=array([0.15, 0.15]), texRes=128.0, units='height', win=Window(...))
12.2292 	EXP 	window1: mouseVisible = True
12.2332 	EXP 	Created text_10 = TextStim(__class__=<class 'psychopy.visual.text.TextStim'>, alignHoriz=method-wrapper(...), alignText='center', alignVert=method-wrapper(...), anchorHoriz='center', anchorVert='center', antialias=True, autoDraw=False, autoLog=True, bold=False, color=array([1., 1., 1.]), colorSpace='rgb', contrast=1.0, depth=0.0, draggable=False, flipHoriz=False, flipVert=False, font='Open Sans', fontFiles=[], height=0.05, italic=False, languageStyle='LTR', name='text_10', opacity=1.0, ori=0.0, pos=array([0., 0.]), rgb=UNKNOWN, text=str(...), units='height', win=Window(...), wrapWidth=1)
12.2334 	EXP 	window1: mouseVisible = True
12.2335 	EXP 	window1: mouseVisible = True
12.2340 	EXP 	window1: mouseVisible = True
12.2344 	EXP 	window1: mouseVisible = True
12.2385 	EXP 	window1: mouseVisible = True
12.2387 	EXP 	window1: mouseVisible = True
12.2391 	EXP 	window1: mouseVisible = True
12.2395 	EXP 	window1: mouseVisible = True
12.2429 	EXP 	window1: mouseVisible = True
12.2430 	EXP 	window1: mouseVisible = True
12.2432 	EXP 	window1: mouseVisible = True
12.2436 	EXP 	window1: mouseVisible = True
12.2440 	EXP 	window1: mouseVisible = True
12.2479 	EXP 	window1: mouseVisible = True
12.2480 	EXP 	window1: mouseVisible = True
12.2484 	EXP 	window1: mouseVisible = True
12.2488 	EXP 	window1: mouseVisible = True
12.2522 	EXP 	window1: mouseVisible = True
12.2522 	EXP 	window1: mouseVisible = True
12.2564 	EXP 	Created image_19 = ImageStim(__class__=<class 'psychopy.visual.image.ImageStim'>, anchor=('center', 'center'), autoLog=True, color=array([1., 1., 1.]), colorSpace='rgb', contrast=1.0, depth=-3.0, draggable=False, flipHoriz=False, flipVert=False, image='stim/ori2.png', interpolate=True, mask=None, maskParams=None, name='image_19', opacity=1.0, ori=0.0, pos=array([0.  , 0.23]), size=array([0.15, 0.15]), texRes=128.0, units='height', win=Window(...))
12.2565 	EXP 	window1: mouseVisible = True
12.2607 	EXP 	Created text_11 = TextStim(__class__=<class 'psychopy.visual.text.TextStim'>, alignHoriz=method-wrapper(...), alignText='center', alignVert=method-wrapper(...), anchorHoriz='center', anchorVert='center', antialias=True, autoDraw=False, autoLog=True, bold=False, color=array([1., 1., 1.]), colorSpace='rgb', contrast=1.0, depth=0.0, draggable=False, flipHoriz=False, flipVert=False, font='Open Sans', fontFiles=[], height=0.05, italic=False, languageStyle='LTR', name='text_11', opacity=1.0, ori=0.0, pos=array([0., 0.]), rgb=UNKNOWN, text=str(...), units='height', win=Window(...), wrapWidth=1)
12.2610 	EXP 	window1: mouseVisible = True
12.2612 	EXP 	window1: mouseVisible = True
12.2617 	EXP 	window1: mouseVisible = True
12.2621 	EXP 	window1: mouseVisible = True
12.2659 	EXP 	window1: mouseVisible = True
12.2661 	EXP 	window1: mouseVisible = True
12.2665 	EXP 	window1: mouseVisible = True
12.2669 	EXP 	window1: mouseVisible = True
12.2704 	EXP 	window1: mouseVisible = True
12.2706 	EXP 	window1: mouseVisible = True
12.2708 	EXP 	window1: mouseVisible = True
12.2712 	EXP 	window1: mouseVisible = True
12.2716 	EXP 	window1: mouseVisible = True
12.2755 	EXP 	window1: mouseVisible = True
12.2756 	EXP 	window1: mouseVisible = True
12.2761 	EXP 	window1: mouseVisible = True
12.2766 	EXP 	window1: mouseVisible = True
12.2799 	EXP 	window1: mouseVisible = True
12.2800 	EXP 	window1: mouseVisible = True
12.2843 	EXP 	Created image_20 = ImageStim(__class__=<class 'psychopy.visual.image.ImageStim'>, anchor=('center', 'center'), autoLog=True, color=array([1., 1., 1.]), colorSpace='rgb', contrast=1.0, depth=-3.0, draggable=False, flipHoriz=False, flipVert=False, image='stim/obj1.png', interpolate=True, mask=None, maskParams=None, name='image_20', opacity=1.0, ori=0.0, pos=array([0.  , 0.23]), size=array([0.15, 0.15]), texRes=128.0, units='height', win=Window(...))
12.2844 	EXP 	window1: mouseVisible = True
12.2938 	EXP 	Created imageInstruct_2 = ImageStim(__class__=<class 'psychopy.visual.image.ImageStim'>, anchor=('center', 'center'), autoLog=True, color=array([1., 1., 1.]), colorSpace='rgb', contrast=1.0, depth=0.0, draggable=False, flipHoriz=False, flipVert=False, image='default.png', interpolate=True, mask=None, maskParams=None, name='imageInstruct_2', opacity=1.0, ori=0.0, pos=array([0., 0.]), size=array([1.6    , 1.00736]), texRes=128.0, units='height', win=Window(...))
12.2941 	EXP 	window1: mouseVisible = True
12.2942 	EXP 	window1: mouseVisible = True
12.2946 	EXP 	window1: mouseVisible = True
12.2951 	EXP 	window1: mouseVisible = True
12.2989 	EXP 	window1: mouseVisible = True
12.2991 	EXP 	window1: mouseVisible = True
12.2995 	EXP 	window1: mouseVisible = True
12.2999 	EXP 	window1: mouseVisible = True
12.3033 	EXP 	window1: mouseVisible = True
12.3035 	EXP 	window1: mouseVisible = True
12.3036 	EXP 	window1: mouseVisible = True
12.3040 	EXP 	window1: mouseVisible = True
12.3044 	EXP 	window1: mouseVisible = True
12.3082 	EXP 	window1: mouseVisible = True
12.3083 	EXP 	window1: mouseVisible = True
12.3088 	EXP 	window1: mouseVisible = True
12.3092 	EXP 	window1: mouseVisible = True
12.3125 	EXP 	window1: mouseVisible = True
12.3126 	EXP 	window1: mouseVisible = True
12.3233 	EXP 	Created text = TextStim(__class__=<class 'psychopy.visual.text.TextStim'>, alignHoriz=method-wrapper(...), alignText='center', alignVert=method-wrapper(...), anchorHoriz='center', anchorVert='center', antialias=True, autoDraw=False, autoLog=True, bold=False, color=array([1., 1., 1.]), colorSpace='rgb', contrast=1.0, depth=0.0, draggable=False, flipHoriz=False, flipVert=False, font='Open Sans', fontFiles=[], height=0.05, italic=False, languageStyle='LTR', name='text', opacity=1.0, ori=0.0, pos=array([0., 0.]), rgb=UNKNOWN, text='The experiment will begin soon. Get ready!', units='height', win=Window(...), wrapWidth=1)
12.3235 	EXP 	window1: mouseVisible = True
12.3328 	EXP 	Created cue = ImageStim(__class__=<class 'psychopy.visual.image.ImageStim'>, anchor=('center', 'center'), autoLog=True, color=array([1., 1., 1.]), colorSpace='rgb', contrast=1.0, depth=0.0, draggable=False, flipHoriz=False, flipVert=False, image='default.png', interpolate=True, mask=None, maskParams=None, name='cue', opacity=1.0, ori=0.0, pos=array([0., 0.]), size=array([0.15, 0.15]), texRes=128.0, units='height', win=Window(...))
12.3329 	EXP 	window1: mouseVisible = True
12.3421 	EXP 	Created image = ImageStim(__class__=<class 'psychopy.visual.image.ImageStim'>, anchor=('center', 'center'), autoLog=True, color=array([1., 1., 1.]), colorSpace='rgb', contrast=1.0, depth=0.0, draggable=False, flipHoriz=False, flipVert=False, image='default.png', interpolate=True, mask=None, maskParams=None, name='image', opacity=1.0, ori=0.0, pos=array([0., 0.]), size=array([0.5, 0.5]), texRes=128.0, units='height', win=Window(...))
12.3423 	EXP 	window1: mouseVisible = True
12.3442 	EXP 	Created fixCrossR_2 = ShapeStim(__class__=<class 'psychopy.visual.shape.ShapeStim'>, anchor=('center', 'center'), autoDraw=False, autoLog=True, closeShape=True, color=method-wrapper(...), colorSpace='rgb', contrast=None, depth=-1.0, draggable=False, fillColor=array([-1, -1, -1]), fillColorSpace='rgb', fillRGB=array([-1, -1, -1]), interpolate=True, lineColor=array([-1., -1., -1.]), lineColorSpace='rgb', lineRGB=array([-1, -1, -1]), lineWidth=1.0, name='fixCrossR_2', opacity=1.0, ori=0.0, pos=array([0., 0.]), size=array([0.02, 0.02]), units='height', vertices=ndarray(...), win=Window(...), windingRule=None)
12.3442 	EXP 	window1: mouseVisible = True
12.3461 	EXP 	Created fixCrossR_4 = ShapeStim(__class__=<class 'psychopy.visual.shape.ShapeStim'>, anchor=('center', 'center'), autoDraw=False, autoLog=True, closeShape=True, color=method-wrapper(...), colorSpace='rgb', contrast=None, depth=0.0, draggable=False, fillColor=array([-1, -1, -1]), fillColorSpace='rgb', fillRGB=array([-1, -1, -1]), interpolate=True, lineColor=array([-1., -1., -1.]), lineColorSpace='rgb', lineRGB=array([-1, -1, -1]), lineWidth=1.0, name='fixCrossR_4', opacity=1.0, ori=0.0, pos=array([0., 0.]), size=array([0.02, 0.02]), units='height', vertices=ndarray(...), win=Window(...), windingRule=None)
12.3462 	EXP 	window1: mouseVisible = True
12.3480 	EXP 	Created fixCross_2 = ShapeStim(__class__=<class 'psychopy.visual.shape.ShapeStim'>, anchor=('center', 'center'), autoDraw=False, autoLog=True, closeShape=True, color=method-wrapper(...), colorSpace='rgb', contrast=None, depth=0.0, draggable=False, fillColor=array([1, 1, 1]), fillColorSpace='rgb', fillRGB=array([1, 1, 1]), interpolate=True, lineColor=array([1., 1., 1.]), lineColorSpace='rgb', lineRGB=array([1, 1, 1]), lineWidth=1.0, name='fixCross_2', opacity=1.0, ori=0.0, pos=array([0., 0.]), size=array([0.02, 0.02]), units='height', vertices=ndarray(...), win=Window(...), windingRule=None)
12.3481 	EXP 	window1: mouseVisible = True
12.3498 	EXP 	Created text1_2 = TextStim(__class__=<class 'psychopy.visual.text.TextStim'>, alignHoriz=method-wrapper(...), alignText='center', alignVert=method-wrapper(...), anchorHoriz='center', anchorVert='center', antialias=True, autoDraw=False, autoLog=True, bold=False, color=array([1., 1., 1.]), colorSpace='rgb', contrast=1.0, depth=-1.0, draggable=False, flipHoriz=False, flipVert=False, font='Open Sans', fontFiles=[], height=0.05, italic=False, languageStyle='LTR', name='text1_2', opacity=1.0, ori=0.0, pos=array([-0.225,  0.08 ]), rgb=UNKNOWN, text='', units='norm', win=Window(...), wrapWidth=1)
12.3499 	EXP 	window1: mouseVisible = True
12.3509 	EXP 	Created text2_2 = TextStim(__class__=<class 'psychopy.visual.text.TextStim'>, alignHoriz=method-wrapper(...), alignText='center', alignVert=method-wrapper(...), anchorHoriz='center', anchorVert='center', antialias=True, autoDraw=False, autoLog=True, bold=False, color=array([1., 1., 1.]), colorSpace='rgb', contrast=1.0, depth=-2.0, draggable=False, flipHoriz=False, flipVert=False, font='Open Sans', fontFiles=[], height=0.05, italic=False, languageStyle='LTR', name='text2_2', opacity=1.0, ori=0.0, pos=array([-0.075,  0.08 ]), rgb=UNKNOWN, text='', units='norm', win=Window(...), wrapWidth=1)
12.3510 	EXP 	window1: mouseVisible = True
12.3520 	EXP 	Created text3_2 = TextStim(__class__=<class 'psychopy.visual.text.TextStim'>, alignHoriz=method-wrapper(...), alignText='center', alignVert=method-wrapper(...), anchorHoriz='center', anchorVert='center', antialias=True, autoDraw=False, autoLog=True, bold=False, color=array([1., 1., 1.]), colorSpace='rgb', contrast=1.0, depth=-3.0, draggable=False, flipHoriz=False, flipVert=False, font='Open Sans', fontFiles=[], height=0.05, italic=False, languageStyle='LTR', name='text3_2', opacity=1.0, ori=0.0, pos=array([0.075, 0.08 ]), rgb=UNKNOWN, text='', units='norm', win=Window(...), wrapWidth=1)
12.3521 	EXP 	window1: mouseVisible = True
12.3530 	EXP 	Created text4_2 = TextStim(__class__=<class 'psychopy.visual.text.TextStim'>, alignHoriz=method-wrapper(...), alignText='center', alignVert=method-wrapper(...), anchorHoriz='center', anchorVert='center', antialias=True, autoDraw=False, autoLog=True, bold=False, color=array([1., 1., 1.]), colorSpace='rgb', contrast=1.0, depth=-4.0, draggable=False, flipHoriz=False, flipVert=False, font='Open Sans', fontFiles=[], height=0.05, italic=False, languageStyle='LTR', name='text4_2', opacity=1.0, ori=0.0, pos=array([0.225, 0.08 ]), rgb=UNKNOWN, text='', units='norm', win=Window(...), wrapWidth=1)
12.3531 	EXP 	window1: mouseVisible = True
12.3540 	EXP 	Created text5_2 = TextStim(__class__=<class 'psychopy.visual.text.TextStim'>, alignHoriz=method-wrapper(...), alignText='center', alignVert=method-wrapper(...), anchorHoriz='center', anchorVert='center', antialias=True, autoDraw=False, autoLog=True, bold=False, color=array([1., 1., 1.]), colorSpace='rgb', contrast=1.0, depth=-5.0, draggable=False, flipHoriz=False, flipVert=False, font='Open Sans', fontFiles=[], height=0.05, italic=False, languageStyle='LTR', name='text5_2', opacity=1.0, ori=0.0, pos=array([-0.225, -0.08 ]), rgb=UNKNOWN, text='', units='norm', win=Window(...), wrapWidth=1)
12.3541 	EXP 	window1: mouseVisible = True
12.3551 	EXP 	Created text6_2 = TextStim(__class__=<class 'psychopy.visual.text.TextStim'>, alignHoriz=method-wrapper(...), alignText='center', alignVert=method-wrapper(...), anchorHoriz='center', anchorVert='center', antialias=True, autoDraw=False, autoLog=True, bold=False, color=array([1., 1., 1.]), colorSpace='rgb', contrast=1.0, depth=-6.0, draggable=False, flipHoriz=False, flipVert=False, font='Open Sans', fontFiles=[], height=0.05, italic=False, languageStyle='LTR', name='text6_2', opacity=1.0, ori=0.0, pos=array([-0.075, -0.08 ]), rgb=UNKNOWN, text='', units='norm', win=Window(...), wrapWidth=1)
12.3552 	EXP 	window1: mouseVisible = True
12.3561 	EXP 	Created text7_2 = TextStim(__class__=<class 'psychopy.visual.text.TextStim'>, alignHoriz=method-wrapper(...), alignText='center', alignVert=method-wrapper(...), anchorHoriz='center', anchorVert='center', antialias=True, autoDraw=False, autoLog=True, bold=False, color=array([1., 1., 1.]), colorSpace='rgb', contrast=1.0, depth=-7.0, draggable=False, flipHoriz=False, flipVert=False, font='Open Sans', fontFiles=[], height=0.05, italic=False, languageStyle='LTR', name='text7_2', opacity=1.0, ori=0.0, pos=array([ 0.075, -0.08 ]), rgb=UNKNOWN, text='', units='norm', win=Window(...), wrapWidth=1)
12.3562 	EXP 	window1: mouseVisible = True
12.3572 	EXP 	Created text8_2 = TextStim(__class__=<class 'psychopy.visual.text.TextStim'>, alignHoriz=method-wrapper(...), alignText='center', alignVert=method-wrapper(...), anchorHoriz='center', anchorVert='center', antialias=True, autoDraw=False, autoLog=True, bold=False, color=array([1., 1., 1.]), colorSpace='rgb', contrast=1.0, depth=-8.0, draggable=False, flipHoriz=False, flipVert=False, font='Open Sans', fontFiles=[], height=0.05, italic=False, languageStyle='LTR', name='text8_2', opacity=1.0, ori=0.0, pos=array([ 0.225, -0.08 ]), rgb=UNKNOWN, text='', units='norm', win=Window(...), wrapWidth=1)
12.3574 	EXP 	window1: mouseVisible = True
12.3585 	EXP 	Created num1_2 = TextStim(__class__=<class 'psychopy.visual.text.TextStim'>, alignHoriz=method-wrapper(...), alignText='center', alignVert=method-wrapper(...), anchorHoriz='center', anchorVert='center', antialias=True, autoDraw=False, autoLog=True, bold=False, color=array([1., 1., 1.]), colorSpace='rgb', contrast=1.0, depth=-10.0, draggable=False, flipHoriz=False, flipVert=False, font='Open Sans', fontFiles=[], height=0.1, italic=False, languageStyle='LTR', name='num1_2', opacity=1.0, ori=0.0, pos=array([-0.225,  0.24 ]), rgb=UNKNOWN, text='', units='norm', win=Window(...), wrapWidth=1)
12.3586 	EXP 	window1: mouseVisible = True
12.3596 	EXP 	Created num2_2 = TextStim(__class__=<class 'psychopy.visual.text.TextStim'>, alignHoriz=method-wrapper(...), alignText='center', alignVert=method-wrapper(...), anchorHoriz='center', anchorVert='center', antialias=True, autoDraw=False, autoLog=True, bold=False, color=array([1., 1., 1.]), colorSpace='rgb', contrast=1.0, depth=-11.0, draggable=False, flipHoriz=False, flipVert=False, font='Open Sans', fontFiles=[], height=0.1, italic=False, languageStyle='LTR', name='num2_2', opacity=1.0, ori=0.0, pos=array([-0.075,  0.24 ]), rgb=UNKNOWN, text='', units='norm', win=Window(...), wrapWidth=1)
12.3597 	EXP 	window1: mouseVisible = True
12.3606 	EXP 	Created num3_2 = TextStim(__class__=<class 'psychopy.visual.text.TextStim'>, alignHoriz=method-wrapper(...), alignText='center', alignVert=method-wrapper(...), anchorHoriz='center', anchorVert='center', antialias=True, autoDraw=False, autoLog=True, bold=False, color=array([1., 1., 1.]), colorSpace='rgb', contrast=1.0, depth=-12.0, draggable=False, flipHoriz=False, flipVert=False, font='Open Sans', fontFiles=[], height=0.1, italic=False, languageStyle='LTR', name='num3_2', opacity=1.0, ori=0.0, pos=array([0.075, 0.24 ]), rgb=UNKNOWN, text='', units='norm', win=Window(...), wrapWidth=1)
12.3607 	EXP 	window1: mouseVisible = True
12.3617 	EXP 	Created num4_2 = TextStim(__class__=<class 'psychopy.visual.text.TextStim'>, alignHoriz=method-wrapper(...), alignText='center', alignVert=method-wrapper(...), anchorHoriz='center', anchorVert='center', antialias=True, autoDraw=False, autoLog=True, bold=False, color=array([1., 1., 1.]), colorSpace='rgb', contrast=1.0, depth=-13.0, draggable=False, flipHoriz=False, flipVert=False, font='Open Sans', fontFiles=[], height=0.1, italic=False, languageStyle='LTR', name='num4_2', opacity=1.0, ori=0.0, pos=array([0.225, 0.24 ]), rgb=UNKNOWN, text='', units='norm', win=Window(...), wrapWidth=1)
12.3618 	EXP 	window1: mouseVisible = True
12.3708 	EXP 	Created cue = ImageStim(__class__=<class 'psychopy.visual.image.ImageStim'>, anchor=('center', 'center'), autoLog=True, color=array([1., 1., 1.]), colorSpace='rgb', contrast=1.0, depth=0.0, draggable=False, flipHoriz=False, flipVert=False, image='default.png', interpolate=True, mask=None, maskParams=None, name='cue', opacity=1.0, ori=0.0, pos=array([0., 0.]), size=array([0.15, 0.15]), texRes=128.0, units='height', win=Window(...))
12.3709 	EXP 	window1: mouseVisible = True
12.3802 	EXP 	Created image = ImageStim(__class__=<class 'psychopy.visual.image.ImageStim'>, anchor=('center', 'center'), autoLog=True, color=array([1., 1., 1.]), colorSpace='rgb', contrast=1.0, depth=0.0, draggable=False, flipHoriz=False, flipVert=False, image='default.png', interpolate=True, mask=None, maskParams=None, name='image', opacity=1.0, ori=0.0, pos=array([0., 0.]), size=array([0.5, 0.5]), texRes=128.0, units='height', win=Window(...))
12.3803 	EXP 	window1: mouseVisible = True
12.3822 	EXP 	Created fixCrossR_2 = ShapeStim(__class__=<class 'psychopy.visual.shape.ShapeStim'>, anchor=('center', 'center'), autoDraw=False, autoLog=True, closeShape=True, color=method-wrapper(...), colorSpace='rgb', contrast=None, depth=-1.0, draggable=False, fillColor=array([-1, -1, -1]), fillColorSpace='rgb', fillRGB=array([-1, -1, -1]), interpolate=True, lineColor=array([-1., -1., -1.]), lineColorSpace='rgb', lineRGB=array([-1, -1, -1]), lineWidth=1.0, name='fixCrossR_2', opacity=1.0, ori=0.0, pos=array([0., 0.]), size=array([0.02, 0.02]), units='height', vertices=ndarray(...), win=Window(...), windingRule=None)
12.3823 	EXP 	window1: mouseVisible = True
12.3840 	EXP 	Created fixCrossR_4 = ShapeStim(__class__=<class 'psychopy.visual.shape.ShapeStim'>, anchor=('center', 'center'), autoDraw=False, autoLog=True, closeShape=True, color=method-wrapper(...), colorSpace='rgb', contrast=None, depth=0.0, draggable=False, fillColor=array([-1, -1, -1]), fillColorSpace='rgb', fillRGB=array([-1, -1, -1]), interpolate=True, lineColor=array([-1., -1., -1.]), lineColorSpace='rgb', lineRGB=array([-1, -1, -1]), lineWidth=1.0, name='fixCrossR_4', opacity=1.0, ori=0.0, pos=array([0., 0.]), size=array([0.02, 0.02]), units='height', vertices=ndarray(...), win=Window(...), windingRule=None)
12.3841 	EXP 	window1: mouseVisible = True
12.3858 	EXP 	Created fixCross = ShapeStim(__class__=<class 'psychopy.visual.shape.ShapeStim'>, anchor=('center', 'center'), autoDraw=False, autoLog=True, closeShape=True, color=method-wrapper(...), colorSpace='rgb', contrast=None, depth=0.0, draggable=False, fillColor=array([1, 1, 1]), fillColorSpace='rgb', fillRGB=array([1, 1, 1]), interpolate=True, lineColor=array([1., 1., 1.]), lineColorSpace='rgb', lineRGB=array([1, 1, 1]), lineWidth=1.0, name='fixCross', opacity=1.0, ori=0.0, pos=array([0., 0.]), size=array([0.02, 0.02]), units='height', vertices=ndarray(...), win=Window(...), windingRule=None)
12.3859 	EXP 	window1: mouseVisible = True
12.3869 	EXP 	Created text1 = TextStim(__class__=<class 'psychopy.visual.text.TextStim'>, alignHoriz=method-wrapper(...), alignText='center', alignVert=method-wrapper(...), anchorHoriz='center', anchorVert='center', antialias=True, autoDraw=False, autoLog=True, bold=False, color=array([1., 1., 1.]), colorSpace='rgb', contrast=1.0, depth=-1.0, draggable=False, flipHoriz=False, flipVert=False, font='Open Sans', fontFiles=[], height=0.05, italic=False, languageStyle='LTR', name='text1', opacity=1.0, ori=0.0, pos=array([-0.225,  0.08 ]), rgb=UNKNOWN, text='', units='norm', win=Window(...), wrapWidth=1)
12.3870 	EXP 	window1: mouseVisible = True
12.3880 	EXP 	Created text2 = TextStim(__class__=<class 'psychopy.visual.text.TextStim'>, alignHoriz=method-wrapper(...), alignText='center', alignVert=method-wrapper(...), anchorHoriz='center', anchorVert='center', antialias=True, autoDraw=False, autoLog=True, bold=False, color=array([1., 1., 1.]), colorSpace='rgb', contrast=1.0, depth=-2.0, draggable=False, flipHoriz=False, flipVert=False, font='Open Sans', fontFiles=[], height=0.05, italic=False, languageStyle='LTR', name='text2', opacity=1.0, ori=0.0, pos=array([-0.075,  0.08 ]), rgb=UNKNOWN, text='', units='norm', win=Window(...), wrapWidth=1)
12.3880 	EXP 	window1: mouseVisible = True
12.3890 	EXP 	Created text3 = TextStim(__class__=<class 'psychopy.visual.text.TextStim'>, alignHoriz=method-wrapper(...), alignText='center', alignVert=method-wrapper(...), anchorHoriz='center', anchorVert='center', antialias=True, autoDraw=False, autoLog=True, bold=False, color=array([1., 1., 1.]), colorSpace='rgb', contrast=1.0, depth=-3.0, draggable=False, flipHoriz=False, flipVert=False, font='Open Sans', fontFiles=[], height=0.05, italic=False, languageStyle='LTR', name='text3', opacity=1.0, ori=0.0, pos=array([0.075, 0.08 ]), rgb=UNKNOWN, text='', units='norm', win=Window(...), wrapWidth=1)
12.3891 	EXP 	window1: mouseVisible = True
12.3902 	EXP 	Created text4 = TextStim(__class__=<class 'psychopy.visual.text.TextStim'>, alignHoriz=method-wrapper(...), alignText='center', alignVert=method-wrapper(...), anchorHoriz='center', anchorVert='center', antialias=True, autoDraw=False, autoLog=True, bold=False, color=array([1., 1., 1.]), colorSpace='rgb', contrast=1.0, depth=-4.0, draggable=False, flipHoriz=False, flipVert=False, font='Open Sans', fontFiles=[], height=0.05, italic=False, languageStyle='LTR', name='text4', opacity=1.0, ori=0.0, pos=array([0.225, 0.08 ]), rgb=UNKNOWN, text='', units='norm', win=Window(...), wrapWidth=1)
12.3903 	EXP 	window1: mouseVisible = True
12.3914 	EXP 	Created text5 = TextStim(__class__=<class 'psychopy.visual.text.TextStim'>, alignHoriz=method-wrapper(...), alignText='center', alignVert=method-wrapper(...), anchorHoriz='center', anchorVert='center', antialias=True, autoDraw=False, autoLog=True, bold=False, color=array([1., 1., 1.]), colorSpace='rgb', contrast=1.0, depth=-5.0, draggable=False, flipHoriz=False, flipVert=False, font='Open Sans', fontFiles=[], height=0.05, italic=False, languageStyle='LTR', name='text5', opacity=1.0, ori=0.0, pos=array([-0.225, -0.08 ]), rgb=UNKNOWN, text='', units='norm', win=Window(...), wrapWidth=1)
12.3915 	EXP 	window1: mouseVisible = True
12.3925 	EXP 	Created text6 = TextStim(__class__=<class 'psychopy.visual.text.TextStim'>, alignHoriz=method-wrapper(...), alignText='center', alignVert=method-wrapper(...), anchorHoriz='center', anchorVert='center', antialias=True, autoDraw=False, autoLog=True, bold=False, color=array([1., 1., 1.]), colorSpace='rgb', contrast=1.0, depth=-6.0, draggable=False, flipHoriz=False, flipVert=False, font='Open Sans', fontFiles=[], height=0.05, italic=False, languageStyle='LTR', name='text6', opacity=1.0, ori=0.0, pos=array([-0.075, -0.08 ]), rgb=UNKNOWN, text='', units='norm', win=Window(...), wrapWidth=1)
12.3926 	EXP 	window1: mouseVisible = True
12.3935 	EXP 	Created text7 = TextStim(__class__=<class 'psychopy.visual.text.TextStim'>, alignHoriz=method-wrapper(...), alignText='center', alignVert=method-wrapper(...), anchorHoriz='center', anchorVert='center', antialias=True, autoDraw=False, autoLog=True, bold=False, color=array([1., 1., 1.]), colorSpace='rgb', contrast=1.0, depth=-7.0, draggable=False, flipHoriz=False, flipVert=False, font='Open Sans', fontFiles=[], height=0.05, italic=False, languageStyle='LTR', name='text7', opacity=1.0, ori=0.0, pos=array([ 0.075, -0.08 ]), rgb=UNKNOWN, text='', units='norm', win=Window(...), wrapWidth=1)
12.3936 	EXP 	window1: mouseVisible = True
12.3946 	EXP 	Created text8 = TextStim(__class__=<class 'psychopy.visual.text.TextStim'>, alignHoriz=method-wrapper(...), alignText='center', alignVert=method-wrapper(...), anchorHoriz='center', anchorVert='center', antialias=True, autoDraw=False, autoLog=True, bold=False, color=array([1., 1., 1.]), colorSpace='rgb', contrast=1.0, depth=-8.0, draggable=False, flipHoriz=False, flipVert=False, font='Open Sans', fontFiles=[], height=0.05, italic=False, languageStyle='LTR', name='text8', opacity=1.0, ori=0.0, pos=array([ 0.225, -0.08 ]), rgb=UNKNOWN, text='', units='norm', win=Window(...), wrapWidth=1)
12.3947 	EXP 	window1: mouseVisible = True
12.3956 	EXP 	Created num1 = TextStim(__class__=<class 'psychopy.visual.text.TextStim'>, alignHoriz=method-wrapper(...), alignText='center', alignVert=method-wrapper(...), anchorHoriz='center', anchorVert='center', antialias=True, autoDraw=False, autoLog=True, bold=False, color=array([1., 1., 1.]), colorSpace='rgb', contrast=1.0, depth=-10.0, draggable=False, flipHoriz=False, flipVert=False, font='Open Sans', fontFiles=[], height=0.1, italic=False, languageStyle='LTR', name='num1', opacity=1.0, ori=0.0, pos=array([-0.225,  0.24 ]), rgb=UNKNOWN, text='', units='norm', win=Window(...), wrapWidth=1)
12.3957 	EXP 	window1: mouseVisible = True
12.3968 	EXP 	Created num2 = TextStim(__class__=<class 'psychopy.visual.text.TextStim'>, alignHoriz=method-wrapper(...), alignText='center', alignVert=method-wrapper(...), anchorHoriz='center', anchorVert='center', antialias=True, autoDraw=False, autoLog=True, bold=False, color=array([1., 1., 1.]), colorSpace='rgb', contrast=1.0, depth=-11.0, draggable=False, flipHoriz=False, flipVert=False, font='Open Sans', fontFiles=[], height=0.1, italic=False, languageStyle='LTR', name='num2', opacity=1.0, ori=0.0, pos=array([-0.075,  0.24 ]), rgb=UNKNOWN, text='', units='norm', win=Window(...), wrapWidth=1)
12.3969 	EXP 	window1: mouseVisible = True
12.3980 	EXP 	Created num3 = TextStim(__class__=<class 'psychopy.visual.text.TextStim'>, alignHoriz=method-wrapper(...), alignText='center', alignVert=method-wrapper(...), anchorHoriz='center', anchorVert='center', antialias=True, autoDraw=False, autoLog=True, bold=False, color=array([1., 1., 1.]), colorSpace='rgb', contrast=1.0, depth=-12.0, draggable=False, flipHoriz=False, flipVert=False, font='Open Sans', fontFiles=[], height=0.1, italic=False, languageStyle='LTR', name='num3', opacity=1.0, ori=0.0, pos=array([0.075, 0.24 ]), rgb=UNKNOWN, text='', units='norm', win=Window(...), wrapWidth=1)
12.3981 	EXP 	window1: mouseVisible = True
12.3991 	EXP 	Created num4 = TextStim(__class__=<class 'psychopy.visual.text.TextStim'>, alignHoriz=method-wrapper(...), alignText='center', alignVert=method-wrapper(...), anchorHoriz='center', anchorVert='center', antialias=True, autoDraw=False, autoLog=True, bold=False, color=array([1., 1., 1.]), colorSpace='rgb', contrast=1.0, depth=-13.0, draggable=False, flipHoriz=False, flipVert=False, font='Open Sans', fontFiles=[], height=0.1, italic=False, languageStyle='LTR', name='num4', opacity=1.0, ori=0.0, pos=array([0.225, 0.24 ]), rgb=UNKNOWN, text='', units='norm', win=Window(...), wrapWidth=1)
12.3992 	EXP 	window1: mouseVisible = True
12.4009 	EXP 	Created fixCrossR = ShapeStim(__class__=<class 'psychopy.visual.shape.ShapeStim'>, anchor=('center', 'center'), autoDraw=False, autoLog=True, closeShape=True, color=method-wrapper(...), colorSpace='rgb', contrast=None, depth=0.0, draggable=False, fillColor=array([-1, -1, -1]), fillColorSpace='rgb', fillRGB=array([-1, -1, -1]), interpolate=True, lineColor=array([-1., -1., -1.]), lineColorSpace='rgb', lineRGB=array([-1, -1, -1]), lineWidth=1.0, name='fixCrossR', opacity=1.0, ori=0.0, pos=array([0., 0.]), size=array([0.02, 0.02]), units='height', vertices=ndarray(...), win=Window(...), windingRule=None)
12.4010 	EXP 	window1: mouseVisible = True
12.4023 	EXP 	Created text_total = TextStim(__class__=<class 'psychopy.visual.text.TextStim'>, alignHoriz=method-wrapper(...), alignText='center', alignVert=method-wrapper(...), anchorHoriz='center', anchorVert='center', antialias=True, autoDraw=False, autoLog=True, bold=False, color=array([1., 1., 1.]), colorSpace='rgb', contrast=1.0, depth=-1.0, draggable=False, flipHoriz=False, flipVert=False, font='Open Sans', fontFiles=[], height=0.05, italic=False, languageStyle='LTR', name='text_total', opacity=1.0, ori=0.0, pos=array([0., 0.]), rgb=UNKNOWN, text='', units='height', win=Window(...), wrapWidth=1)
12.4024 	EXP 	window1: mouseVisible = True
12.4036 	EXP 	Created text_acc = TextStim(__class__=<class 'psychopy.visual.text.TextStim'>, alignHoriz=method-wrapper(...), alignText='center', alignVert=method-wrapper(...), anchorHoriz='center', anchorVert='center', antialias=True, autoDraw=False, autoLog=True, bold=False, color=array([1., 1., 1.]), colorSpace='rgb', contrast=1.0, depth=-2.0, draggable=False, flipHoriz=False, flipVert=False, font='Open Sans', fontFiles=[], height=0.05, italic=False, languageStyle='LTR', name='text_acc', opacity=1.0, ori=0.0, pos=array([ 0. , -0.3]), rgb=UNKNOWN, text='', units='height', win=Window(...), wrapWidth=1)
0.0073 	EXP 	Created sequence: random, trialTypes=1, nReps=0, seed=None
0.0264 	EXP 	text: autoDraw = True
0.1994 	DATA 	Mouse: Left button down, pos=(1305,438)
0.3115 	DATA 	Mouse:  Left button up, pos=(1305,438)
0.6839 	EXP 	Imported participantData/s15/block_0/babySteps_s15.xlsx as conditions, 5 conditions, 14 params
0.6843 	EXP 	Created sequence: sequential, trialTypes=5, nReps=1, seed=None
0.6844 	EXP 	New trial (rep=0, index=0): {'category': 'car', 'orientation': 2, 'taskCue': 'stim//obj2.png', 'stimfile': 'stim//car2.png', 'resp1': 'Turtle', 'resp2': 'Horse', 'resp3': 'Car', 'resp4': 'Shoe', 'resp5': 'Full Left', 'resp6': 'Half Right', 'resp7': 'Half Left', 'resp8': 'Full Right', 'objFirst': True, 'interval': 2.475}
0.6883 	DATA 	Keypress: 5
0.7058 	EXP 	text: autoDraw = False
0.7058 	EXP 	cue: image = 'stim//obj2.png'
0.7058 	EXP 	cue: autoDraw = True
1.6903 	EXP 	Created sequence: sequential, trialTypes=1, nReps=3, seed=None
1.6906 	EXP 	New trial (rep=0, index=0): None
1.9054 	EXP 	cue: autoDraw = False
1.9054 	EXP 	cue: autoDraw = False
1.9054 	EXP 	image: image = 'stim//car2.png'
1.9054 	EXP 	image: autoDraw = True
1.9054 	EXP 	fixCrossR_2: autoDraw = True
2.1561 	EXP 	image: autoDraw = False
2.1561 	EXP 	fixCrossR_2: autoDraw = False
2.1561 	EXP 	image: autoDraw = False
2.1561 	EXP 	fixCrossR_2: autoDraw = False
2.1561 	EXP 	fixCrossR_4: autoDraw = True
2.3909 	EXP 	New trial (rep=1, index=0): None
2.5229 	EXP 	fixCrossR_4: autoDraw = False
2.5229 	EXP 	fixCrossR_4: autoDraw = False
2.5229 	EXP 	image: image = 'stim//car2.png'
2.5229 	EXP 	image: autoDraw = True
2.5229 	EXP 	fixCrossR_2: autoDraw = True
2.7731 	EXP 	image: autoDraw = False
2.7731 	EXP 	fixCrossR_2: autoDraw = False
2.7731 	EXP 	image: autoDraw = False
2.7731 	EXP 	fixCrossR_2: autoDraw = False
2.7731 	EXP 	fixCrossR_4: autoDraw = True
3.0078 	EXP 	New trial (rep=2, index=0): None
3.2066 	EXP 	fixCrossR_4: autoDraw = False
3.2066 	EXP 	fixCrossR_4: autoDraw = False
3.2066 	EXP 	image: image = 'stim//car2.png'
3.2066 	EXP 	image: autoDraw = True
3.2066 	EXP 	fixCrossR_2: autoDraw = True
3.4569 	EXP 	image: autoDraw = False
3.4569 	EXP 	fixCrossR_2: autoDraw = False
3.4569 	EXP 	image: autoDraw = False
3.4569 	EXP 	fixCrossR_2: autoDraw = False
3.4569 	EXP 	fixCrossR_4: autoDraw = True
3.7739 	EXP 	fixCrossR_4: autoDraw = False
3.7739 	EXP 	fixCrossR_4: autoDraw = False
3.7739 	EXP 	fixCross_2: fillColor = <psychopy.colors.Color: black, alpha=1.0>
3.7739 	EXP 	fixCross_2: borderColor = <psychopy.colors.Color: black, alpha=1.0>
3.7739 	EXP 	text1_2: foreColor = <psychopy.colors.Color: white, alpha=1.0>
3.7739 	EXP 	text1_2: height = 0.05
3.7739 	EXP 	text1_2: height = 0.05
3.7739 	EXP 	text1_2: height = 0.05
3.7739 	EXP 	text1_2: text = 'Turtle'
3.7739 	EXP 	text2_2: foreColor = <psychopy.colors.Color: white, alpha=1.0>
3.7739 	EXP 	text2_2: height = 0.05
3.7739 	EXP 	text2_2: height = 0.05
3.7739 	EXP 	text2_2: height = 0.05
3.7739 	EXP 	text2_2: text = 'Horse'
3.7739 	EXP 	text3_2: foreColor = <psychopy.colors.Color: white, alpha=1.0>
3.7739 	EXP 	text3_2: height = 0.05
3.7739 	EXP 	text3_2: height = 0.05
3.7739 	EXP 	text3_2: height = 0.05
3.7739 	EXP 	text3_2: text = 'Car'
3.7739 	EXP 	text4_2: foreColor = <psychopy.colors.Color: white, alpha=1.0>
3.7739 	EXP 	text4_2: height = 0.05
3.7739 	EXP 	text4_2: height = 0.05
3.7739 	EXP 	text4_2: height = 0.05
3.7739 	EXP 	text4_2: text = 'Shoe'
3.7739 	EXP 	text5_2: foreColor = <psychopy.colors.Color: white, alpha=1.0>
3.7739 	EXP 	text5_2: height = 0.05
3.7739 	EXP 	text5_2: height = 0.05
3.7739 	EXP 	text5_2: height = 0.05
3.7739 	EXP 	text5_2: text = 'Full Left'
3.7739 	EXP 	text6_2: foreColor = <psychopy.colors.Color: white, alpha=1.0>
3.7739 	EXP 	text6_2: height = 0.05
3.7739 	EXP 	text6_2: height = 0.05
3.7739 	EXP 	text6_2: height = 0.05
3.7739 	EXP 	text6_2: text = 'Half Right'
3.7739 	EXP 	text7_2: foreColor = <psychopy.colors.Color: white, alpha=1.0>
3.7739 	EXP 	text7_2: height = 0.05
3.7739 	EXP 	text7_2: height = 0.05
3.7739 	EXP 	text7_2: height = 0.05
3.7739 	EXP 	text7_2: text = 'Half Left'
3.7739 	EXP 	text8_2: foreColor = <psychopy.colors.Color: white, alpha=1.0>
3.7739 	EXP 	text8_2: height = 0.05
3.7739 	EXP 	text8_2: height = 0.05
3.7739 	EXP 	text8_2: height = 0.05
3.7739 	EXP 	text8_2: text = 'Full Right'
3.7739 	EXP 	num1_2: foreColor = <psychopy.colors.Color: white, alpha=1.0>
3.7739 	EXP 	num1_2: height = 0.1
3.7739 	EXP 	num1_2: height = 0.1
3.7739 	EXP 	num1_2: height = 0.1
3.7739 	EXP 	num1_2: text = '1'
3.7739 	EXP 	num2_2: foreColor = <psychopy.colors.Color: white, alpha=1.0>
3.7739 	EXP 	num2_2: height = 0.1
3.7739 	EXP 	num2_2: height = 0.1
3.7739 	EXP 	num2_2: height = 0.1
3.7739 	EXP 	num2_2: text = '2'
3.7739 	EXP 	num3_2: foreColor = <psychopy.colors.Color: white, alpha=1.0>
3.7739 	EXP 	num3_2: height = 0.1
3.7739 	EXP 	num3_2: height = 0.1
3.7739 	EXP 	num3_2: height = 0.1
3.7739 	EXP 	num3_2: text = '3'
3.7739 	EXP 	num4_2: foreColor = <psychopy.colors.Color: white, alpha=1.0>
3.7739 	EXP 	num4_2: height = 0.1
3.7739 	EXP 	num4_2: height = 0.1
3.7739 	EXP 	num4_2: height = 0.1
3.7739 	EXP 	num4_2: text = '4'
3.7739 	EXP 	fixCross_2: autoDraw = True
3.7739 	EXP 	text1_2: autoDraw = True
3.7739 	EXP 	text2_2: autoDraw = True
3.7739 	EXP 	text3_2: autoDraw = True
3.7739 	EXP 	text4_2: autoDraw = True
3.7739 	EXP 	text5_2: autoDraw = True
3.7739 	EXP 	text6_2: autoDraw = True
3.7739 	EXP 	text7_2: autoDraw = True
3.7739 	EXP 	text8_2: autoDraw = True
3.7739 	EXP 	num1_2: autoDraw = True
3.7739 	EXP 	num2_2: autoDraw = True
3.7739 	EXP 	num3_2: autoDraw = True
3.7739 	EXP 	num4_2: autoDraw = True
4.8087 	DATA 	Keypress: 4
4.8248 	EXP 	fixCross: foreColor = <psychopy.colors.Color: (1.0, 0.0, 0.0, 1.0)>
4.8248 	EXP 	fixCross: borderColor = <psychopy.colors.Color: (1.0, 0.0, 0.0, 1.0)>
4.8248 	EXP 	fixCross: fillColor = <psychopy.colors.Color: (1.0, 0.0, 0.0, 1.0)>
4.8248 	EXP 	text1_2: foreColor = <psychopy.colors.Color: (1.0, 0.0, 0.0, 1.0)>
4.8248 	EXP 	text5_2: foreColor = <psychopy.colors.Color: (1.0, 0.0, 0.0, 1.0)>
4.8248 	EXP 	num1_2: foreColor = <psychopy.colors.Color: (1.0, 0.0, 0.0, 1.0)>
4.8248 	EXP 	fixCross: foreColor = <psychopy.colors.Color: (1.0, 0.0, 0.0, 1.0)>
4.8248 	EXP 	fixCross: borderColor = <psychopy.colors.Color: (1.0, 0.0, 0.0, 1.0)>
4.8248 	EXP 	fixCross: fillColor = <psychopy.colors.Color: (1.0, 0.0, 0.0, 1.0)>
4.8248 	EXP 	text2_2: foreColor = <psychopy.colors.Color: (1.0, 0.0, 0.0, 1.0)>
4.8248 	EXP 	text6_2: foreColor = <psychopy.colors.Color: (1.0, 0.0, 0.0, 1.0)>
4.8248 	EXP 	num2_2: foreColor = <psychopy.colors.Color: (1.0, 0.0, 0.0, 1.0)>
4.8248 	EXP 	fixCross: foreColor = <psychopy.colors.Color: (1.0, 0.0, 0.0, 1.0)>
4.8248 	EXP 	fixCross: borderColor = <psychopy.colors.Color: (1.0, 0.0, 0.0, 1.0)>
4.8248 	EXP 	fixCross: fillColor = <psychopy.colors.Color: (1.0, 0.0, 0.0, 1.0)>
4.8248 	EXP 	text3_2: foreColor = <psychopy.colors.Color: (1.0, 0.0, 0.0, 1.0)>
4.8248 	EXP 	text7_2: foreColor = <psychopy.colors.Color: (1.0, 0.0, 0.0, 1.0)>
4.8248 	EXP 	num3_2: foreColor = <psychopy.colors.Color: (1.0, 0.0, 0.0, 1.0)>
4.8248 	EXP 	fixCross: foreColor = <psychopy.colors.Color: (1.0, 0.0, 0.0, 1.0)>
4.8248 	EXP 	fixCross: borderColor = <psychopy.colors.Color: (1.0, 0.0, 0.0, 1.0)>
4.8248 	EXP 	fixCross: fillColor = <psychopy.colors.Color: (1.0, 0.0, 0.0, 1.0)>
4.8248 	EXP 	text4_2: foreColor = <psychopy.colors.Color: (1.0, 0.0, 0.0, 1.0)>
4.8248 	EXP 	text8_2: foreColor = <psychopy.colors.Color: (1.0, 0.0, 0.0, 1.0)>
4.8248 	EXP 	num4_2: foreColor = <psychopy.colors.Color: (1.0, 0.0, 0.0, 1.0)>
8.9810 	EXP 	New trial (rep=0, index=1): {'category': 'horse', 'orientation': 1, 'taskCue': 'stim//ori2.png', 'stimfile': 'stim//horse1.png', 'resp1': 'Half Left', 'resp2': 'Full Right', 'resp3': 'Full Left', 'resp4': 'Half Right', 'resp5': 'Car', 'resp6': 'Horse', 'resp7': 'Shoe', 'resp8': 'Turtle', 'objFirst': False, 'interval': 2.425}
8.9865 	DATA 	Keypress: space
8.9952 	EXP 	fixCross_2: autoDraw = False
8.9952 	EXP 	text1_2: autoDraw = False
8.9952 	EXP 	text2_2: autoDraw = False
8.9952 	EXP 	text3_2: autoDraw = False
8.9952 	EXP 	text4_2: autoDraw = False
8.9952 	EXP 	text5_2: autoDraw = False
8.9952 	EXP 	text6_2: autoDraw = False
8.9952 	EXP 	text7_2: autoDraw = False
8.9952 	EXP 	text8_2: autoDraw = False
8.9952 	EXP 	num1_2: autoDraw = False
8.9952 	EXP 	num2_2: autoDraw = False
8.9952 	EXP 	num3_2: autoDraw = False
8.9952 	EXP 	num4_2: autoDraw = False
8.9952 	EXP 	fixCross: foreColor = <psychopy.colors.Color: transparent, alpha=1.0>
8.9952 	EXP 	fixCross: borderColor = <psychopy.colors.Color: transparent, alpha=1.0>
8.9952 	EXP 	fixCross: fillColor = <psychopy.colors.Color: transparent, alpha=1.0>
8.9952 	EXP 	cue: image = 'stim//ori2.png'
8.9952 	EXP 	cue: autoDraw = True
9.9802 	EXP 	Created sequence: sequential, trialTypes=1, nReps=3, seed=None
9.9804 	EXP 	New trial (rep=0, index=0): None
10.1126 	EXP 	cue: autoDraw = False
10.1126 	EXP 	cue: autoDraw = False
10.1126 	EXP 	image: image = 'stim//horse1.png'
10.1126 	EXP 	image: autoDraw = True
10.1126 	EXP 	fixCrossR_2: autoDraw = True
10.3627 	EXP 	image: autoDraw = False
10.3627 	EXP 	fixCrossR_2: autoDraw = False
10.3627 	EXP 	image: autoDraw = False
10.3627 	EXP 	fixCrossR_2: autoDraw = False
10.3627 	EXP 	fixCrossR_4: autoDraw = True
10.5974 	EXP 	New trial (rep=1, index=0): None
10.7151 	EXP 	fixCrossR_4: autoDraw = False
10.7151 	EXP 	fixCrossR_4: autoDraw = False
10.7151 	EXP 	image: image = 'stim//horse1.png'
10.7151 	EXP 	image: autoDraw = True
10.7151 	EXP 	fixCrossR_2: autoDraw = True
10.9633 	EXP 	image: autoDraw = False
10.9633 	EXP 	fixCrossR_2: autoDraw = False
10.9633 	EXP 	image: autoDraw = False
10.9633 	EXP 	fixCrossR_2: autoDraw = False
10.9633 	EXP 	fixCrossR_4: autoDraw = True
11.1973 	EXP 	New trial (rep=2, index=0): None
11.3803 	EXP 	fixCrossR_4: autoDraw = False
11.3803 	EXP 	fixCrossR_4: autoDraw = False
11.3803 	EXP 	image: image = 'stim//horse1.png'
11.3803 	EXP 	image: autoDraw = True
11.3803 	EXP 	fixCrossR_2: autoDraw = True
11.6306 	EXP 	image: autoDraw = False
11.6306 	EXP 	fixCrossR_2: autoDraw = False
11.6306 	EXP 	image: autoDraw = False
11.6306 	EXP 	fixCrossR_2: autoDraw = False
11.6306 	EXP 	fixCrossR_4: autoDraw = True
11.9141 	EXP 	fixCrossR_4: autoDraw = False
11.9141 	EXP 	fixCrossR_4: autoDraw = False
11.9141 	EXP 	fixCross_2: fillColor = <psychopy.colors.Color: black, alpha=1.0>
11.9141 	EXP 	fixCross_2: borderColor = <psychopy.colors.Color: black, alpha=1.0>
11.9141 	EXP 	text1_2: foreColor = <psychopy.colors.Color: white, alpha=1.0>
11.9141 	EXP 	text1_2: height = 0.05
11.9141 	EXP 	text1_2: height = 0.05
11.9141 	EXP 	text1_2: height = 0.05
11.9141 	EXP 	text1_2: text = 'Half Left'
11.9141 	EXP 	text2_2: foreColor = <psychopy.colors.Color: white, alpha=1.0>
11.9141 	EXP 	text2_2: height = 0.05
11.9141 	EXP 	text2_2: height = 0.05
11.9141 	EXP 	text2_2: height = 0.05
11.9141 	EXP 	text2_2: text = 'Full Right'
11.9141 	EXP 	text3_2: foreColor = <psychopy.colors.Color: white, alpha=1.0>
11.9141 	EXP 	text3_2: height = 0.05
11.9141 	EXP 	text3_2: height = 0.05
11.9141 	EXP 	text3_2: height = 0.05
11.9141 	EXP 	text3_2: text = 'Full Left'
11.9141 	EXP 	text4_2: foreColor = <psychopy.colors.Color: white, alpha=1.0>
11.9141 	EXP 	text4_2: height = 0.05
11.9141 	EXP 	text4_2: height = 0.05
11.9141 	EXP 	text4_2: height = 0.05
11.9141 	EXP 	text4_2: text = 'Half Right'
11.9141 	EXP 	text5_2: foreColor = <psychopy.colors.Color: white, alpha=1.0>
11.9141 	EXP 	text5_2: height = 0.05
11.9141 	EXP 	text5_2: height = 0.05
11.9141 	EXP 	text5_2: height = 0.05
11.9141 	EXP 	text5_2: text = 'Car'
11.9141 	EXP 	text6_2: foreColor = <psychopy.colors.Color: white, alpha=1.0>
11.9141 	EXP 	text6_2: height = 0.05
11.9141 	EXP 	text6_2: height = 0.05
11.9141 	EXP 	text6_2: height = 0.05
11.9141 	EXP 	text6_2: text = 'Horse'
11.9141 	EXP 	text7_2: foreColor = <psychopy.colors.Color: white, alpha=1.0>
11.9141 	EXP 	text7_2: height = 0.05
11.9141 	EXP 	text7_2: height = 0.05
11.9141 	EXP 	text7_2: height = 0.05
11.9141 	EXP 	text7_2: text = 'Shoe'
11.9141 	EXP 	text8_2: foreColor = <psychopy.colors.Color: white, alpha=1.0>
11.9141 	EXP 	text8_2: height = 0.05
11.9141 	EXP 	text8_2: height = 0.05
11.9141 	EXP 	text8_2: height = 0.05
11.9141 	EXP 	text8_2: text = 'Turtle'
11.9141 	EXP 	num1_2: foreColor = <psychopy.colors.Color: white, alpha=1.0>
11.9141 	EXP 	num1_2: text = '1'
11.9141 	EXP 	num2_2: foreColor = <psychopy.colors.Color: white, alpha=1.0>
11.9141 	EXP 	num2_2: text = '2'
11.9141 	EXP 	num3_2: foreColor = <psychopy.colors.Color: white, alpha=1.0>
11.9141 	EXP 	num3_2: text = '3'
11.9141 	EXP 	num4_2: foreColor = <psychopy.colors.Color: white, alpha=1.0>
11.9141 	EXP 	num4_2: text = '4'
11.9141 	EXP 	fixCross_2: autoDraw = True
11.9141 	EXP 	text1_2: autoDraw = True
11.9141 	EXP 	text2_2: autoDraw = True
11.9141 	EXP 	text3_2: autoDraw = True
11.9141 	EXP 	text4_2: autoDraw = True
11.9141 	EXP 	text5_2: autoDraw = True
11.9141 	EXP 	text6_2: autoDraw = True
11.9141 	EXP 	text7_2: autoDraw = True
11.9141 	EXP 	text8_2: autoDraw = True
11.9141 	EXP 	num1_2: autoDraw = True
11.9141 	EXP 	num2_2: autoDraw = True
11.9141 	EXP 	num3_2: autoDraw = True
11.9141 	EXP 	num4_2: autoDraw = True
12.9994 	DATA 	Keypress: 3
13.0146 	EXP 	fixCross: foreColor = <psychopy.colors.Color: (1.0, 0.0, 0.0, 1.0)>
13.0146 	EXP 	fixCross: borderColor = <psychopy.colors.Color: (1.0, 0.0, 0.0, 1.0)>
13.0146 	EXP 	fixCross: fillColor = <psychopy.colors.Color: (1.0, 0.0, 0.0, 1.0)>
13.0146 	EXP 	text1_2: foreColor = <psychopy.colors.Color: (1.0, 0.0, 0.0, 1.0)>
13.0146 	EXP 	text5_2: foreColor = <psychopy.colors.Color: (1.0, 0.0, 0.0, 1.0)>
13.0146 	EXP 	num1_2: foreColor = <psychopy.colors.Color: (1.0, 0.0, 0.0, 1.0)>
13.0146 	EXP 	fixCross: foreColor = <psychopy.colors.Color: (1.0, 0.0, 0.0, 1.0)>
13.0146 	EXP 	fixCross: borderColor = <psychopy.colors.Color: (1.0, 0.0, 0.0, 1.0)>
13.0146 	EXP 	fixCross: fillColor = <psychopy.colors.Color: (1.0, 0.0, 0.0, 1.0)>
13.0146 	EXP 	text2_2: foreColor = <psychopy.colors.Color: (1.0, 0.0, 0.0, 1.0)>
13.0146 	EXP 	text6_2: foreColor = <psychopy.colors.Color: (1.0, 0.0, 0.0, 1.0)>
13.0146 	EXP 	num2_2: foreColor = <psychopy.colors.Color: (1.0, 0.0, 0.0, 1.0)>
13.0146 	EXP 	fixCross: foreColor = <psychopy.colors.Color: (0.0, 1.0, 0.0, 1.0)>
13.0146 	EXP 	fixCross: borderColor = <psychopy.colors.Color: (0.0, 1.0, 0.0, 1.0)>
13.0146 	EXP 	fixCross: fillColor = <psychopy.colors.Color: (0.0, 1.0, 0.0, 1.0)>
13.0146 	EXP 	text3_2: foreColor = <psychopy.colors.Color: (0.0, 1.0, 0.0, 1.0)>
13.0146 	EXP 	text7_2: foreColor = <psychopy.colors.Color: (0.0, 1.0, 0.0, 1.0)>
13.0146 	EXP 	num3_2: foreColor = <psychopy.colors.Color: (0.0, 1.0, 0.0, 1.0)>
13.0146 	EXP 	fixCross: foreColor = <psychopy.colors.Color: (1.0, 0.0, 0.0, 1.0)>
13.0146 	EXP 	fixCross: borderColor = <psychopy.colors.Color: (1.0, 0.0, 0.0, 1.0)>
13.0146 	EXP 	fixCross: fillColor = <psychopy.colors.Color: (1.0, 0.0, 0.0, 1.0)>
13.0146 	EXP 	text4_2: foreColor = <psychopy.colors.Color: (1.0, 0.0, 0.0, 1.0)>
13.0146 	EXP 	text8_2: foreColor = <psychopy.colors.Color: (1.0, 0.0, 0.0, 1.0)>
13.0146 	EXP 	num4_2: foreColor = <psychopy.colors.Color: (1.0, 0.0, 0.0, 1.0)>
14.9055 	DATA 	Keypress: escape
15.0847 	EXP 	pilotv2: status = STOPPED
15.1001 	EXP 	fixCross_2: autoDraw = False
15.1001 	EXP 	text1_2: autoDraw = False
15.1001 	EXP 	text2_2: autoDraw = False
15.1001 	EXP 	text3_2: autoDraw = False
15.1001 	EXP 	text4_2: autoDraw = False
15.1001 	EXP 	text5_2: autoDraw = False
15.1001 	EXP 	text6_2: autoDraw = False
15.1001 	EXP 	text7_2: autoDraw = False
15.1001 	EXP 	text8_2: autoDraw = False
15.1001 	EXP 	num1_2: autoDraw = False
15.1001 	EXP 	num2_2: autoDraw = False
15.1001 	EXP 	num3_2: autoDraw = False
15.1001 	EXP 	num4_2: autoDraw = False
15.1003 	EXP 	pilotv2: status = STOPPED
15.1098 	DATA 	Keypress: space
15.3164 	EXP 	window1: mouseVisible = True
