2.3932 	ERROR 	Support for the `sounddevice` audio backend is not available this session. Please install `psychopy-sounddevice` and restart the session to enable support.
6.7070 	WARNING 	User requested fullscreen with size [1536  864], but screen is actually [1920, 1080]. Using actual size
7.4879 	EXP 	Created window1 = Window(allowGUI=True, allowStencil=False, autoLog=True, backendConf=UNKNOWN, backgroundFit=<method-wrapper '__getattribute__' of attributeSetter object at 0x000001952D394EB0>, backgroundImage=<method-wrapper '__getattribute__' of attributeSetter object at 0x000001952D394E50>, bitsMode=UNKNOWN, blendMode='avg', bpc=(8, 8, 8), color=array([-0.4039, -0.4039, -0.4039]), colorSpace='rgb', depthBits=8, fullscr=<method-wrapper '__getattribute__' of attributeSetter object at 0x000001952D394C70>, gamma=None, gammaErrorPolicy='raise', lms=UNKNOWN, monitor=<psychopy.monitors.calibTools.Monitor object at 0x000001952D8CADF0>, multiSample=False, name='window1', numSamples=2, pos=(-1920, 0), screen=0, size=array([1920, 1080]), stencilBits=0, stereo=False, title='PsychoPy', units='height', useFBO=True, useRetina=False, viewOri=0.0, viewPos=None, viewScale=None, waitBlanking=True, winType='pyglet')
7.4879 	EXP 	window1: mouseVisible = True
7.4880 	EXP 	window1: backgroundImage = ''
7.4880 	EXP 	window1: backgroundFit = 'none'
7.4895 	EXP 	window1: Attempting to measure frame rate of screen (0) ...
7.4895 	EXP 	window1: recordFrameIntervals = False
7.6544 	EXP 	window1: recordFrameIntervals = True
7.8384 	EXP 	Screen (0) actual frame rate measured at 59.89Hz
7.8384 	EXP 	window1: recordFrameIntervals = False
7.8385 	EXP 	window1: mouseVisible = False
10.0566 	EXP 	pilotv2: status = STARTED
10.0568 	EXP 	window1: mouseVisible = True
10.0666 	EXP 	Created imageInstruct = ImageStim(__class__=<class 'psychopy.visual.image.ImageStim'>, anchor=('center', 'center'), autoLog=True, color=array([1., 1., 1.]), colorSpace='rgb', contrast=1.0, depth=0.0, draggable=False, flipHoriz=False, flipVert=False, image='default.png', interpolate=True, mask=None, maskParams=None, name='imageInstruct', opacity=1.0, ori=0.0, pos=array([0., 0.]), size=array([1.6    , 1.00736]), texRes=128.0, units='height', win=Window(...))
10.0668 	EXP 	window1: mouseVisible = True
10.0670 	EXP 	window1: mouseVisible = True
10.0674 	EXP 	window1: mouseVisible = True
10.0678 	EXP 	window1: mouseVisible = True
10.0886 	EXP 	window1: mouseVisible = True
10.0887 	EXP 	window1: mouseVisible = True
10.0892 	EXP 	window1: mouseVisible = True
10.0896 	EXP 	window1: mouseVisible = True
10.1075 	EXP 	window1: mouseVisible = True
10.1077 	EXP 	window1: mouseVisible = True
10.1078 	EXP 	window1: mouseVisible = True
10.1082 	EXP 	window1: mouseVisible = True
10.1087 	EXP 	window1: mouseVisible = True
10.1248 	EXP 	window1: mouseVisible = True
10.1250 	EXP 	window1: mouseVisible = True
10.1254 	EXP 	window1: mouseVisible = True
10.1258 	EXP 	window1: mouseVisible = True
10.1290 	EXP 	window1: mouseVisible = True
10.1292 	EXP 	window1: mouseVisible = True
10.1908 	EXP 	Created text_8 = TextStim(__class__=<class 'psychopy.visual.text.TextStim'>, alignHoriz=method-wrapper(...), alignText='center', alignVert=method-wrapper(...), anchorHoriz='center', anchorVert='center', antialias=True, autoDraw=False, autoLog=True, bold=False, color=array([1., 1., 1.]), colorSpace='rgb', contrast=1.0, depth=0.0, draggable=False, flipHoriz=False, flipVert=False, font='Open Sans', fontFiles=[], height=0.05, italic=False, languageStyle='LTR', name='text_8', opacity=1.0, ori=0.0, pos=array([0., 0.]), rgb=UNKNOWN, text=str(...), units='height', win=Window(...), wrapWidth=1)
10.1911 	EXP 	window1: mouseVisible = True
10.1912 	EXP 	window1: mouseVisible = True
10.1916 	EXP 	window1: mouseVisible = True
10.1920 	EXP 	window1: mouseVisible = True
10.2148 	EXP 	window1: mouseVisible = True
10.2149 	EXP 	window1: mouseVisible = True
10.2153 	EXP 	window1: mouseVisible = True
10.2157 	EXP 	window1: mouseVisible = True
10.2257 	EXP 	window1: mouseVisible = True
10.2259 	EXP 	window1: mouseVisible = True
10.2260 	EXP 	window1: mouseVisible = True
10.2264 	EXP 	window1: mouseVisible = True
10.2268 	EXP 	window1: mouseVisible = True
10.2352 	EXP 	window1: mouseVisible = True
10.2353 	EXP 	window1: mouseVisible = True
10.2357 	EXP 	window1: mouseVisible = True
10.2361 	EXP 	window1: mouseVisible = True
10.2395 	EXP 	window1: mouseVisible = True
10.2395 	EXP 	window1: mouseVisible = True
10.2432 	EXP 	Created image_17 = ImageStim(__class__=<class 'psychopy.visual.image.ImageStim'>, anchor=('center', 'center'), autoLog=True, color=array([1., 1., 1.]), colorSpace='rgb', contrast=1.0, depth=-3.0, draggable=False, flipHoriz=False, flipVert=False, image='stim/ori1.png', interpolate=True, mask=None, maskParams=None, name='image_17', opacity=1.0, ori=0.0, pos=array([0.  , 0.23]), size=array([0.15, 0.15]), texRes=128.0, units='height', win=Window(...))
10.2433 	EXP 	window1: mouseVisible = True
10.2473 	EXP 	Created text_9 = TextStim(__class__=<class 'psychopy.visual.text.TextStim'>, alignHoriz=method-wrapper(...), alignText='center', alignVert=method-wrapper(...), anchorHoriz='center', anchorVert='center', antialias=True, autoDraw=False, autoLog=True, bold=False, color=array([1., 1., 1.]), colorSpace='rgb', contrast=1.0, depth=0.0, draggable=False, flipHoriz=False, flipVert=False, font='Open Sans', fontFiles=[], height=0.05, italic=False, languageStyle='LTR', name='text_9', opacity=1.0, ori=0.0, pos=array([0., 0.]), rgb=UNKNOWN, text=str(...), units='height', win=Window(...), wrapWidth=1)
10.2475 	EXP 	window1: mouseVisible = True
10.2476 	EXP 	window1: mouseVisible = True
10.2481 	EXP 	window1: mouseVisible = True
10.2485 	EXP 	window1: mouseVisible = True
10.2524 	EXP 	window1: mouseVisible = True
10.2526 	EXP 	window1: mouseVisible = True
10.2530 	EXP 	window1: mouseVisible = True
10.2538 	EXP 	window1: mouseVisible = True
10.2574 	EXP 	window1: mouseVisible = True
10.2576 	EXP 	window1: mouseVisible = True
10.2577 	EXP 	window1: mouseVisible = True
10.2582 	EXP 	window1: mouseVisible = True
10.2586 	EXP 	window1: mouseVisible = True
10.2624 	EXP 	window1: mouseVisible = True
10.2626 	EXP 	window1: mouseVisible = True
10.2630 	EXP 	window1: mouseVisible = True
10.2633 	EXP 	window1: mouseVisible = True
10.2665 	EXP 	window1: mouseVisible = True
10.2667 	EXP 	window1: mouseVisible = True
10.2704 	EXP 	Created image_18 = ImageStim(__class__=<class 'psychopy.visual.image.ImageStim'>, anchor=('center', 'center'), autoLog=True, color=array([1., 1., 1.]), colorSpace='rgb', contrast=1.0, depth=-3.0, draggable=False, flipHoriz=False, flipVert=False, image='stim/obj2.png', interpolate=True, mask=None, maskParams=None, name='image_18', opacity=1.0, ori=0.0, pos=array([0.  , 0.23]), size=array([0.15, 0.15]), texRes=128.0, units='height', win=Window(...))
10.2705 	EXP 	window1: mouseVisible = True
10.2746 	EXP 	Created text_10 = TextStim(__class__=<class 'psychopy.visual.text.TextStim'>, alignHoriz=method-wrapper(...), alignText='center', alignVert=method-wrapper(...), anchorHoriz='center', anchorVert='center', antialias=True, autoDraw=False, autoLog=True, bold=False, color=array([1., 1., 1.]), colorSpace='rgb', contrast=1.0, depth=0.0, draggable=False, flipHoriz=False, flipVert=False, font='Open Sans', fontFiles=[], height=0.05, italic=False, languageStyle='LTR', name='text_10', opacity=1.0, ori=0.0, pos=array([0., 0.]), rgb=UNKNOWN, text=str(...), units='height', win=Window(...), wrapWidth=1)
10.2748 	EXP 	window1: mouseVisible = True
10.2749 	EXP 	window1: mouseVisible = True
10.2753 	EXP 	window1: mouseVisible = True
10.2757 	EXP 	window1: mouseVisible = True
10.2795 	EXP 	window1: mouseVisible = True
10.2796 	EXP 	window1: mouseVisible = True
10.2800 	EXP 	window1: mouseVisible = True
10.2804 	EXP 	window1: mouseVisible = True
10.2837 	EXP 	window1: mouseVisible = True
10.2839 	EXP 	window1: mouseVisible = True
10.2840 	EXP 	window1: mouseVisible = True
10.2844 	EXP 	window1: mouseVisible = True
10.2848 	EXP 	window1: mouseVisible = True
10.2886 	EXP 	window1: mouseVisible = True
10.2887 	EXP 	window1: mouseVisible = True
10.2891 	EXP 	window1: mouseVisible = True
10.2895 	EXP 	window1: mouseVisible = True
10.2928 	EXP 	window1: mouseVisible = True
10.2928 	EXP 	window1: mouseVisible = True
10.2965 	EXP 	Created image_19 = ImageStim(__class__=<class 'psychopy.visual.image.ImageStim'>, anchor=('center', 'center'), autoLog=True, color=array([1., 1., 1.]), colorSpace='rgb', contrast=1.0, depth=-3.0, draggable=False, flipHoriz=False, flipVert=False, image='stim/ori2.png', interpolate=True, mask=None, maskParams=None, name='image_19', opacity=1.0, ori=0.0, pos=array([0.  , 0.23]), size=array([0.15, 0.15]), texRes=128.0, units='height', win=Window(...))
10.2967 	EXP 	window1: mouseVisible = True
10.3007 	EXP 	Created text_11 = TextStim(__class__=<class 'psychopy.visual.text.TextStim'>, alignHoriz=method-wrapper(...), alignText='center', alignVert=method-wrapper(...), anchorHoriz='center', anchorVert='center', antialias=True, autoDraw=False, autoLog=True, bold=False, color=array([1., 1., 1.]), colorSpace='rgb', contrast=1.0, depth=0.0, draggable=False, flipHoriz=False, flipVert=False, font='Open Sans', fontFiles=[], height=0.05, italic=False, languageStyle='LTR', name='text_11', opacity=1.0, ori=0.0, pos=array([0., 0.]), rgb=UNKNOWN, text=str(...), units='height', win=Window(...), wrapWidth=1)
10.3009 	EXP 	window1: mouseVisible = True
10.3010 	EXP 	window1: mouseVisible = True
10.3015 	EXP 	window1: mouseVisible = True
10.3018 	EXP 	window1: mouseVisible = True
10.3057 	EXP 	window1: mouseVisible = True
10.3058 	EXP 	window1: mouseVisible = True
10.3062 	EXP 	window1: mouseVisible = True
10.3066 	EXP 	window1: mouseVisible = True
10.3099 	EXP 	window1: mouseVisible = True
10.3101 	EXP 	window1: mouseVisible = True
10.3102 	EXP 	window1: mouseVisible = True
10.3106 	EXP 	window1: mouseVisible = True
10.3110 	EXP 	window1: mouseVisible = True
10.3147 	EXP 	window1: mouseVisible = True
10.3148 	EXP 	window1: mouseVisible = True
10.3152 	EXP 	window1: mouseVisible = True
10.3157 	EXP 	window1: mouseVisible = True
10.3190 	EXP 	window1: mouseVisible = True
10.3191 	EXP 	window1: mouseVisible = True
10.3231 	EXP 	Created image_20 = ImageStim(__class__=<class 'psychopy.visual.image.ImageStim'>, anchor=('center', 'center'), autoLog=True, color=array([1., 1., 1.]), colorSpace='rgb', contrast=1.0, depth=-3.0, draggable=False, flipHoriz=False, flipVert=False, image='stim/obj1.png', interpolate=True, mask=None, maskParams=None, name='image_20', opacity=1.0, ori=0.0, pos=array([0.  , 0.23]), size=array([0.15, 0.15]), texRes=128.0, units='height', win=Window(...))
10.3232 	EXP 	window1: mouseVisible = True
10.3323 	EXP 	Created imageInstruct_2 = ImageStim(__class__=<class 'psychopy.visual.image.ImageStim'>, anchor=('center', 'center'), autoLog=True, color=array([1., 1., 1.]), colorSpace='rgb', contrast=1.0, depth=0.0, draggable=False, flipHoriz=False, flipVert=False, image='default.png', interpolate=True, mask=None, maskParams=None, name='imageInstruct_2', opacity=1.0, ori=0.0, pos=array([0., 0.]), size=array([1.6    , 1.00736]), texRes=128.0, units='height', win=Window(...))
10.3325 	EXP 	window1: mouseVisible = True
10.3326 	EXP 	window1: mouseVisible = True
10.3330 	EXP 	window1: mouseVisible = True
10.3335 	EXP 	window1: mouseVisible = True
10.3373 	EXP 	window1: mouseVisible = True
10.3374 	EXP 	window1: mouseVisible = True
10.3378 	EXP 	window1: mouseVisible = True
10.3382 	EXP 	window1: mouseVisible = True
10.3414 	EXP 	window1: mouseVisible = True
10.3416 	EXP 	window1: mouseVisible = True
10.3418 	EXP 	window1: mouseVisible = True
10.3421 	EXP 	window1: mouseVisible = True
10.3425 	EXP 	window1: mouseVisible = True
10.3462 	EXP 	window1: mouseVisible = True
10.3464 	EXP 	window1: mouseVisible = True
10.3468 	EXP 	window1: mouseVisible = True
10.3471 	EXP 	window1: mouseVisible = True
10.3504 	EXP 	window1: mouseVisible = True
10.3505 	EXP 	window1: mouseVisible = True
10.3598 	EXP 	Created text = TextStim(__class__=<class 'psychopy.visual.text.TextStim'>, alignHoriz=method-wrapper(...), alignText='center', alignVert=method-wrapper(...), anchorHoriz='center', anchorVert='center', antialias=True, autoDraw=False, autoLog=True, bold=False, color=array([1., 1., 1.]), colorSpace='rgb', contrast=1.0, depth=0.0, draggable=False, flipHoriz=False, flipVert=False, font='Open Sans', fontFiles=[], height=0.05, italic=False, languageStyle='LTR', name='text', opacity=1.0, ori=0.0, pos=array([0., 0.]), rgb=UNKNOWN, text='The experiment will begin soon. Get ready!', units='height', win=Window(...), wrapWidth=1)
10.3600 	EXP 	window1: mouseVisible = True
10.3688 	EXP 	Created cue = ImageStim(__class__=<class 'psychopy.visual.image.ImageStim'>, anchor=('center', 'center'), autoLog=True, color=array([1., 1., 1.]), colorSpace='rgb', contrast=1.0, depth=0.0, draggable=False, flipHoriz=False, flipVert=False, image='default.png', interpolate=True, mask=None, maskParams=None, name='cue', opacity=1.0, ori=0.0, pos=array([0., 0.]), size=array([0.15, 0.15]), texRes=128.0, units='height', win=Window(...))
10.3689 	EXP 	window1: mouseVisible = True
10.3776 	EXP 	Created image = ImageStim(__class__=<class 'psychopy.visual.image.ImageStim'>, anchor=('center', 'center'), autoLog=True, color=array([1., 1., 1.]), colorSpace='rgb', contrast=1.0, depth=0.0, draggable=False, flipHoriz=False, flipVert=False, image='default.png', interpolate=True, mask=None, maskParams=None, name='image', opacity=1.0, ori=0.0, pos=array([0., 0.]), size=array([0.5, 0.5]), texRes=128.0, units='height', win=Window(...))
10.3777 	EXP 	window1: mouseVisible = True
10.3795 	EXP 	Created fixCrossR_2 = ShapeStim(__class__=<class 'psychopy.visual.shape.ShapeStim'>, anchor=('center', 'center'), autoDraw=False, autoLog=True, closeShape=True, color=method-wrapper(...), colorSpace='rgb', contrast=None, depth=-1.0, draggable=False, fillColor=array([-1, -1, -1]), fillColorSpace='rgb', fillRGB=array([-1, -1, -1]), interpolate=True, lineColor=array([-1., -1., -1.]), lineColorSpace='rgb', lineRGB=array([-1, -1, -1]), lineWidth=1.0, name='fixCrossR_2', opacity=1.0, ori=0.0, pos=array([0., 0.]), size=array([0.02, 0.02]), units='height', vertices=ndarray(...), win=Window(...), windingRule=None)
10.3796 	EXP 	window1: mouseVisible = True
10.3813 	EXP 	Created fixCrossR_4 = ShapeStim(__class__=<class 'psychopy.visual.shape.ShapeStim'>, anchor=('center', 'center'), autoDraw=False, autoLog=True, closeShape=True, color=method-wrapper(...), colorSpace='rgb', contrast=None, depth=0.0, draggable=False, fillColor=array([-1, -1, -1]), fillColorSpace='rgb', fillRGB=array([-1, -1, -1]), interpolate=True, lineColor=array([-1., -1., -1.]), lineColorSpace='rgb', lineRGB=array([-1, -1, -1]), lineWidth=1.0, name='fixCrossR_4', opacity=1.0, ori=0.0, pos=array([0., 0.]), size=array([0.02, 0.02]), units='height', vertices=ndarray(...), win=Window(...), windingRule=None)
10.3813 	EXP 	window1: mouseVisible = True
10.3829 	EXP 	Created fixCross_2 = ShapeStim(__class__=<class 'psychopy.visual.shape.ShapeStim'>, anchor=('center', 'center'), autoDraw=False, autoLog=True, closeShape=True, color=method-wrapper(...), colorSpace='rgb', contrast=None, depth=0.0, draggable=False, fillColor=array([1, 1, 1]), fillColorSpace='rgb', fillRGB=array([1, 1, 1]), interpolate=True, lineColor=array([1., 1., 1.]), lineColorSpace='rgb', lineRGB=array([1, 1, 1]), lineWidth=1.0, name='fixCross_2', opacity=1.0, ori=0.0, pos=array([0., 0.]), size=array([0.02, 0.02]), units='height', vertices=ndarray(...), win=Window(...), windingRule=None)
10.3830 	EXP 	window1: mouseVisible = True
10.3847 	EXP 	Created text1_2 = TextStim(__class__=<class 'psychopy.visual.text.TextStim'>, alignHoriz=method-wrapper(...), alignText='center', alignVert=method-wrapper(...), anchorHoriz='center', anchorVert='center', antialias=True, autoDraw=False, autoLog=True, bold=False, color=array([1., 1., 1.]), colorSpace='rgb', contrast=1.0, depth=-1.0, draggable=False, flipHoriz=False, flipVert=False, font='Open Sans', fontFiles=[], height=0.05, italic=False, languageStyle='LTR', name='text1_2', opacity=1.0, ori=0.0, pos=array([-0.225,  0.08 ]), rgb=UNKNOWN, text='', units='norm', win=Window(...), wrapWidth=1)
10.3848 	EXP 	window1: mouseVisible = True
10.3857 	EXP 	Created text2_2 = TextStim(__class__=<class 'psychopy.visual.text.TextStim'>, alignHoriz=method-wrapper(...), alignText='center', alignVert=method-wrapper(...), anchorHoriz='center', anchorVert='center', antialias=True, autoDraw=False, autoLog=True, bold=False, color=array([1., 1., 1.]), colorSpace='rgb', contrast=1.0, depth=-2.0, draggable=False, flipHoriz=False, flipVert=False, font='Open Sans', fontFiles=[], height=0.05, italic=False, languageStyle='LTR', name='text2_2', opacity=1.0, ori=0.0, pos=array([-0.075,  0.08 ]), rgb=UNKNOWN, text='', units='norm', win=Window(...), wrapWidth=1)
10.3858 	EXP 	window1: mouseVisible = True
10.3867 	EXP 	Created text3_2 = TextStim(__class__=<class 'psychopy.visual.text.TextStim'>, alignHoriz=method-wrapper(...), alignText='center', alignVert=method-wrapper(...), anchorHoriz='center', anchorVert='center', antialias=True, autoDraw=False, autoLog=True, bold=False, color=array([1., 1., 1.]), colorSpace='rgb', contrast=1.0, depth=-3.0, draggable=False, flipHoriz=False, flipVert=False, font='Open Sans', fontFiles=[], height=0.05, italic=False, languageStyle='LTR', name='text3_2', opacity=1.0, ori=0.0, pos=array([0.075, 0.08 ]), rgb=UNKNOWN, text='', units='norm', win=Window(...), wrapWidth=1)
10.3868 	EXP 	window1: mouseVisible = True
10.3877 	EXP 	Created text4_2 = TextStim(__class__=<class 'psychopy.visual.text.TextStim'>, alignHoriz=method-wrapper(...), alignText='center', alignVert=method-wrapper(...), anchorHoriz='center', anchorVert='center', antialias=True, autoDraw=False, autoLog=True, bold=False, color=array([1., 1., 1.]), colorSpace='rgb', contrast=1.0, depth=-4.0, draggable=False, flipHoriz=False, flipVert=False, font='Open Sans', fontFiles=[], height=0.05, italic=False, languageStyle='LTR', name='text4_2', opacity=1.0, ori=0.0, pos=array([0.225, 0.08 ]), rgb=UNKNOWN, text='', units='norm', win=Window(...), wrapWidth=1)
10.3878 	EXP 	window1: mouseVisible = True
10.3888 	EXP 	Created text5_2 = TextStim(__class__=<class 'psychopy.visual.text.TextStim'>, alignHoriz=method-wrapper(...), alignText='center', alignVert=method-wrapper(...), anchorHoriz='center', anchorVert='center', antialias=True, autoDraw=False, autoLog=True, bold=False, color=array([1., 1., 1.]), colorSpace='rgb', contrast=1.0, depth=-5.0, draggable=False, flipHoriz=False, flipVert=False, font='Open Sans', fontFiles=[], height=0.05, italic=False, languageStyle='LTR', name='text5_2', opacity=1.0, ori=0.0, pos=array([-0.225, -0.08 ]), rgb=UNKNOWN, text='', units='norm', win=Window(...), wrapWidth=1)
10.3888 	EXP 	window1: mouseVisible = True
10.3898 	EXP 	Created text6_2 = TextStim(__class__=<class 'psychopy.visual.text.TextStim'>, alignHoriz=method-wrapper(...), alignText='center', alignVert=method-wrapper(...), anchorHoriz='center', anchorVert='center', antialias=True, autoDraw=False, autoLog=True, bold=False, color=array([1., 1., 1.]), colorSpace='rgb', contrast=1.0, depth=-6.0, draggable=False, flipHoriz=False, flipVert=False, font='Open Sans', fontFiles=[], height=0.05, italic=False, languageStyle='LTR', name='text6_2', opacity=1.0, ori=0.0, pos=array([-0.075, -0.08 ]), rgb=UNKNOWN, text='', units='norm', win=Window(...), wrapWidth=1)
10.3898 	EXP 	window1: mouseVisible = True
10.3908 	EXP 	Created text7_2 = TextStim(__class__=<class 'psychopy.visual.text.TextStim'>, alignHoriz=method-wrapper(...), alignText='center', alignVert=method-wrapper(...), anchorHoriz='center', anchorVert='center', antialias=True, autoDraw=False, autoLog=True, bold=False, color=array([1., 1., 1.]), colorSpace='rgb', contrast=1.0, depth=-7.0, draggable=False, flipHoriz=False, flipVert=False, font='Open Sans', fontFiles=[], height=0.05, italic=False, languageStyle='LTR', name='text7_2', opacity=1.0, ori=0.0, pos=array([ 0.075, -0.08 ]), rgb=UNKNOWN, text='', units='norm', win=Window(...), wrapWidth=1)
10.3908 	EXP 	window1: mouseVisible = True
10.3917 	EXP 	Created text8_2 = TextStim(__class__=<class 'psychopy.visual.text.TextStim'>, alignHoriz=method-wrapper(...), alignText='center', alignVert=method-wrapper(...), anchorHoriz='center', anchorVert='center', antialias=True, autoDraw=False, autoLog=True, bold=False, color=array([1., 1., 1.]), colorSpace='rgb', contrast=1.0, depth=-8.0, draggable=False, flipHoriz=False, flipVert=False, font='Open Sans', fontFiles=[], height=0.05, italic=False, languageStyle='LTR', name='text8_2', opacity=1.0, ori=0.0, pos=array([ 0.225, -0.08 ]), rgb=UNKNOWN, text='', units='norm', win=Window(...), wrapWidth=1)
10.3918 	EXP 	window1: mouseVisible = True
10.3928 	EXP 	Created num1_2 = TextStim(__class__=<class 'psychopy.visual.text.TextStim'>, alignHoriz=method-wrapper(...), alignText='center', alignVert=method-wrapper(...), anchorHoriz='center', anchorVert='center', antialias=True, autoDraw=False, autoLog=True, bold=False, color=array([1., 1., 1.]), colorSpace='rgb', contrast=1.0, depth=-10.0, draggable=False, flipHoriz=False, flipVert=False, font='Open Sans', fontFiles=[], height=0.1, italic=False, languageStyle='LTR', name='num1_2', opacity=1.0, ori=0.0, pos=array([-0.225,  0.24 ]), rgb=UNKNOWN, text='', units='norm', win=Window(...), wrapWidth=1)
10.3929 	EXP 	window1: mouseVisible = True
10.3940 	EXP 	Created num2_2 = TextStim(__class__=<class 'psychopy.visual.text.TextStim'>, alignHoriz=method-wrapper(...), alignText='center', alignVert=method-wrapper(...), anchorHoriz='center', anchorVert='center', antialias=True, autoDraw=False, autoLog=True, bold=False, color=array([1., 1., 1.]), colorSpace='rgb', contrast=1.0, depth=-11.0, draggable=False, flipHoriz=False, flipVert=False, font='Open Sans', fontFiles=[], height=0.1, italic=False, languageStyle='LTR', name='num2_2', opacity=1.0, ori=0.0, pos=array([-0.075,  0.24 ]), rgb=UNKNOWN, text='', units='norm', win=Window(...), wrapWidth=1)
10.3941 	EXP 	window1: mouseVisible = True
10.3951 	EXP 	Created num3_2 = TextStim(__class__=<class 'psychopy.visual.text.TextStim'>, alignHoriz=method-wrapper(...), alignText='center', alignVert=method-wrapper(...), anchorHoriz='center', anchorVert='center', antialias=True, autoDraw=False, autoLog=True, bold=False, color=array([1., 1., 1.]), colorSpace='rgb', contrast=1.0, depth=-12.0, draggable=False, flipHoriz=False, flipVert=False, font='Open Sans', fontFiles=[], height=0.1, italic=False, languageStyle='LTR', name='num3_2', opacity=1.0, ori=0.0, pos=array([0.075, 0.24 ]), rgb=UNKNOWN, text='', units='norm', win=Window(...), wrapWidth=1)
10.3952 	EXP 	window1: mouseVisible = True
10.3962 	EXP 	Created num4_2 = TextStim(__class__=<class 'psychopy.visual.text.TextStim'>, alignHoriz=method-wrapper(...), alignText='center', alignVert=method-wrapper(...), anchorHoriz='center', anchorVert='center', antialias=True, autoDraw=False, autoLog=True, bold=False, color=array([1., 1., 1.]), colorSpace='rgb', contrast=1.0, depth=-13.0, draggable=False, flipHoriz=False, flipVert=False, font='Open Sans', fontFiles=[], height=0.1, italic=False, languageStyle='LTR', name='num4_2', opacity=1.0, ori=0.0, pos=array([0.225, 0.24 ]), rgb=UNKNOWN, text='', units='norm', win=Window(...), wrapWidth=1)
10.3963 	EXP 	window1: mouseVisible = True
10.4048 	EXP 	Created cue = ImageStim(__class__=<class 'psychopy.visual.image.ImageStim'>, anchor=('center', 'center'), autoLog=True, color=array([1., 1., 1.]), colorSpace='rgb', contrast=1.0, depth=0.0, draggable=False, flipHoriz=False, flipVert=False, image='default.png', interpolate=True, mask=None, maskParams=None, name='cue', opacity=1.0, ori=0.0, pos=array([0., 0.]), size=array([0.15, 0.15]), texRes=128.0, units='height', win=Window(...))
10.4049 	EXP 	window1: mouseVisible = True
10.4137 	EXP 	Created image = ImageStim(__class__=<class 'psychopy.visual.image.ImageStim'>, anchor=('center', 'center'), autoLog=True, color=array([1., 1., 1.]), colorSpace='rgb', contrast=1.0, depth=0.0, draggable=False, flipHoriz=False, flipVert=False, image='default.png', interpolate=True, mask=None, maskParams=None, name='image', opacity=1.0, ori=0.0, pos=array([0., 0.]), size=array([0.5, 0.5]), texRes=128.0, units='height', win=Window(...))
10.4138 	EXP 	window1: mouseVisible = True
10.4156 	EXP 	Created fixCrossR_2 = ShapeStim(__class__=<class 'psychopy.visual.shape.ShapeStim'>, anchor=('center', 'center'), autoDraw=False, autoLog=True, closeShape=True, color=method-wrapper(...), colorSpace='rgb', contrast=None, depth=-1.0, draggable=False, fillColor=array([-1, -1, -1]), fillColorSpace='rgb', fillRGB=array([-1, -1, -1]), interpolate=True, lineColor=array([-1., -1., -1.]), lineColorSpace='rgb', lineRGB=array([-1, -1, -1]), lineWidth=1.0, name='fixCrossR_2', opacity=1.0, ori=0.0, pos=array([0., 0.]), size=array([0.02, 0.02]), units='height', vertices=ndarray(...), win=Window(...), windingRule=None)
10.4157 	EXP 	window1: mouseVisible = True
10.4172 	EXP 	Created fixCrossR_4 = ShapeStim(__class__=<class 'psychopy.visual.shape.ShapeStim'>, anchor=('center', 'center'), autoDraw=False, autoLog=True, closeShape=True, color=method-wrapper(...), colorSpace='rgb', contrast=None, depth=0.0, draggable=False, fillColor=array([-1, -1, -1]), fillColorSpace='rgb', fillRGB=array([-1, -1, -1]), interpolate=True, lineColor=array([-1., -1., -1.]), lineColorSpace='rgb', lineRGB=array([-1, -1, -1]), lineWidth=1.0, name='fixCrossR_4', opacity=1.0, ori=0.0, pos=array([0., 0.]), size=array([0.02, 0.02]), units='height', vertices=ndarray(...), win=Window(...), windingRule=None)
10.4173 	EXP 	window1: mouseVisible = True
10.4189 	EXP 	Created fixCross = ShapeStim(__class__=<class 'psychopy.visual.shape.ShapeStim'>, anchor=('center', 'center'), autoDraw=False, autoLog=True, closeShape=True, color=method-wrapper(...), colorSpace='rgb', contrast=None, depth=0.0, draggable=False, fillColor=array([1, 1, 1]), fillColorSpace='rgb', fillRGB=array([1, 1, 1]), interpolate=True, lineColor=array([1., 1., 1.]), lineColorSpace='rgb', lineRGB=array([1, 1, 1]), lineWidth=1.0, name='fixCross', opacity=1.0, ori=0.0, pos=array([0., 0.]), size=array([0.02, 0.02]), units='height', vertices=ndarray(...), win=Window(...), windingRule=None)
10.4190 	EXP 	window1: mouseVisible = True
10.4200 	EXP 	Created text1 = TextStim(__class__=<class 'psychopy.visual.text.TextStim'>, alignHoriz=method-wrapper(...), alignText='center', alignVert=method-wrapper(...), anchorHoriz='center', anchorVert='center', antialias=True, autoDraw=False, autoLog=True, bold=False, color=array([1., 1., 1.]), colorSpace='rgb', contrast=1.0, depth=-1.0, draggable=False, flipHoriz=False, flipVert=False, font='Open Sans', fontFiles=[], height=0.05, italic=False, languageStyle='LTR', name='text1', opacity=1.0, ori=0.0, pos=array([-0.225,  0.08 ]), rgb=UNKNOWN, text='', units='norm', win=Window(...), wrapWidth=1)
10.4200 	EXP 	window1: mouseVisible = True
10.4209 	EXP 	Created text2 = TextStim(__class__=<class 'psychopy.visual.text.TextStim'>, alignHoriz=method-wrapper(...), alignText='center', alignVert=method-wrapper(...), anchorHoriz='center', anchorVert='center', antialias=True, autoDraw=False, autoLog=True, bold=False, color=array([1., 1., 1.]), colorSpace='rgb', contrast=1.0, depth=-2.0, draggable=False, flipHoriz=False, flipVert=False, font='Open Sans', fontFiles=[], height=0.05, italic=False, languageStyle='LTR', name='text2', opacity=1.0, ori=0.0, pos=array([-0.075,  0.08 ]), rgb=UNKNOWN, text='', units='norm', win=Window(...), wrapWidth=1)
10.4210 	EXP 	window1: mouseVisible = True
10.4219 	EXP 	Created text3 = TextStim(__class__=<class 'psychopy.visual.text.TextStim'>, alignHoriz=method-wrapper(...), alignText='center', alignVert=method-wrapper(...), anchorHoriz='center', anchorVert='center', antialias=True, autoDraw=False, autoLog=True, bold=False, color=array([1., 1., 1.]), colorSpace='rgb', contrast=1.0, depth=-3.0, draggable=False, flipHoriz=False, flipVert=False, font='Open Sans', fontFiles=[], height=0.05, italic=False, languageStyle='LTR', name='text3', opacity=1.0, ori=0.0, pos=array([0.075, 0.08 ]), rgb=UNKNOWN, text='', units='norm', win=Window(...), wrapWidth=1)
10.4220 	EXP 	window1: mouseVisible = True
10.4229 	EXP 	Created text4 = TextStim(__class__=<class 'psychopy.visual.text.TextStim'>, alignHoriz=method-wrapper(...), alignText='center', alignVert=method-wrapper(...), anchorHoriz='center', anchorVert='center', antialias=True, autoDraw=False, autoLog=True, bold=False, color=array([1., 1., 1.]), colorSpace='rgb', contrast=1.0, depth=-4.0, draggable=False, flipHoriz=False, flipVert=False, font='Open Sans', fontFiles=[], height=0.05, italic=False, languageStyle='LTR', name='text4', opacity=1.0, ori=0.0, pos=array([0.225, 0.08 ]), rgb=UNKNOWN, text='', units='norm', win=Window(...), wrapWidth=1)
10.4230 	EXP 	window1: mouseVisible = True
10.4239 	EXP 	Created text5 = TextStim(__class__=<class 'psychopy.visual.text.TextStim'>, alignHoriz=method-wrapper(...), alignText='center', alignVert=method-wrapper(...), anchorHoriz='center', anchorVert='center', antialias=True, autoDraw=False, autoLog=True, bold=False, color=array([1., 1., 1.]), colorSpace='rgb', contrast=1.0, depth=-5.0, draggable=False, flipHoriz=False, flipVert=False, font='Open Sans', fontFiles=[], height=0.05, italic=False, languageStyle='LTR', name='text5', opacity=1.0, ori=0.0, pos=array([-0.225, -0.08 ]), rgb=UNKNOWN, text='', units='norm', win=Window(...), wrapWidth=1)
10.4240 	EXP 	window1: mouseVisible = True
10.4249 	EXP 	Created text6 = TextStim(__class__=<class 'psychopy.visual.text.TextStim'>, alignHoriz=method-wrapper(...), alignText='center', alignVert=method-wrapper(...), anchorHoriz='center', anchorVert='center', antialias=True, autoDraw=False, autoLog=True, bold=False, color=array([1., 1., 1.]), colorSpace='rgb', contrast=1.0, depth=-6.0, draggable=False, flipHoriz=False, flipVert=False, font='Open Sans', fontFiles=[], height=0.05, italic=False, languageStyle='LTR', name='text6', opacity=1.0, ori=0.0, pos=array([-0.075, -0.08 ]), rgb=UNKNOWN, text='', units='norm', win=Window(...), wrapWidth=1)
10.4250 	EXP 	window1: mouseVisible = True
10.4260 	EXP 	Created text7 = TextStim(__class__=<class 'psychopy.visual.text.TextStim'>, alignHoriz=method-wrapper(...), alignText='center', alignVert=method-wrapper(...), anchorHoriz='center', anchorVert='center', antialias=True, autoDraw=False, autoLog=True, bold=False, color=array([1., 1., 1.]), colorSpace='rgb', contrast=1.0, depth=-7.0, draggable=False, flipHoriz=False, flipVert=False, font='Open Sans', fontFiles=[], height=0.05, italic=False, languageStyle='LTR', name='text7', opacity=1.0, ori=0.0, pos=array([ 0.075, -0.08 ]), rgb=UNKNOWN, text='', units='norm', win=Window(...), wrapWidth=1)
10.4261 	EXP 	window1: mouseVisible = True
10.4270 	EXP 	Created text8 = TextStim(__class__=<class 'psychopy.visual.text.TextStim'>, alignHoriz=method-wrapper(...), alignText='center', alignVert=method-wrapper(...), anchorHoriz='center', anchorVert='center', antialias=True, autoDraw=False, autoLog=True, bold=False, color=array([1., 1., 1.]), colorSpace='rgb', contrast=1.0, depth=-8.0, draggable=False, flipHoriz=False, flipVert=False, font='Open Sans', fontFiles=[], height=0.05, italic=False, languageStyle='LTR', name='text8', opacity=1.0, ori=0.0, pos=array([ 0.225, -0.08 ]), rgb=UNKNOWN, text='', units='norm', win=Window(...), wrapWidth=1)
10.4271 	EXP 	window1: mouseVisible = True
10.4280 	EXP 	Created num1 = TextStim(__class__=<class 'psychopy.visual.text.TextStim'>, alignHoriz=method-wrapper(...), alignText='center', alignVert=method-wrapper(...), anchorHoriz='center', anchorVert='center', antialias=True, autoDraw=False, autoLog=True, bold=False, color=array([1., 1., 1.]), colorSpace='rgb', contrast=1.0, depth=-10.0, draggable=False, flipHoriz=False, flipVert=False, font='Open Sans', fontFiles=[], height=0.1, italic=False, languageStyle='LTR', name='num1', opacity=1.0, ori=0.0, pos=array([-0.225,  0.24 ]), rgb=UNKNOWN, text='', units='norm', win=Window(...), wrapWidth=1)
10.4281 	EXP 	window1: mouseVisible = True
10.4291 	EXP 	Created num2 = TextStim(__class__=<class 'psychopy.visual.text.TextStim'>, alignHoriz=method-wrapper(...), alignText='center', alignVert=method-wrapper(...), anchorHoriz='center', anchorVert='center', antialias=True, autoDraw=False, autoLog=True, bold=False, color=array([1., 1., 1.]), colorSpace='rgb', contrast=1.0, depth=-11.0, draggable=False, flipHoriz=False, flipVert=False, font='Open Sans', fontFiles=[], height=0.1, italic=False, languageStyle='LTR', name='num2', opacity=1.0, ori=0.0, pos=array([-0.075,  0.24 ]), rgb=UNKNOWN, text='', units='norm', win=Window(...), wrapWidth=1)
10.4292 	EXP 	window1: mouseVisible = True
10.4301 	EXP 	Created num3 = TextStim(__class__=<class 'psychopy.visual.text.TextStim'>, alignHoriz=method-wrapper(...), alignText='center', alignVert=method-wrapper(...), anchorHoriz='center', anchorVert='center', antialias=True, autoDraw=False, autoLog=True, bold=False, color=array([1., 1., 1.]), colorSpace='rgb', contrast=1.0, depth=-12.0, draggable=False, flipHoriz=False, flipVert=False, font='Open Sans', fontFiles=[], height=0.1, italic=False, languageStyle='LTR', name='num3', opacity=1.0, ori=0.0, pos=array([0.075, 0.24 ]), rgb=UNKNOWN, text='', units='norm', win=Window(...), wrapWidth=1)
10.4301 	EXP 	window1: mouseVisible = True
10.4311 	EXP 	Created num4 = TextStim(__class__=<class 'psychopy.visual.text.TextStim'>, alignHoriz=method-wrapper(...), alignText='center', alignVert=method-wrapper(...), anchorHoriz='center', anchorVert='center', antialias=True, autoDraw=False, autoLog=True, bold=False, color=array([1., 1., 1.]), colorSpace='rgb', contrast=1.0, depth=-13.0, draggable=False, flipHoriz=False, flipVert=False, font='Open Sans', fontFiles=[], height=0.1, italic=False, languageStyle='LTR', name='num4', opacity=1.0, ori=0.0, pos=array([0.225, 0.24 ]), rgb=UNKNOWN, text='', units='norm', win=Window(...), wrapWidth=1)
10.4312 	EXP 	window1: mouseVisible = True
10.4328 	EXP 	Created fixCrossR = ShapeStim(__class__=<class 'psychopy.visual.shape.ShapeStim'>, anchor=('center', 'center'), autoDraw=False, autoLog=True, closeShape=True, color=method-wrapper(...), colorSpace='rgb', contrast=None, depth=0.0, draggable=False, fillColor=array([-1, -1, -1]), fillColorSpace='rgb', fillRGB=array([-1, -1, -1]), interpolate=True, lineColor=array([-1., -1., -1.]), lineColorSpace='rgb', lineRGB=array([-1, -1, -1]), lineWidth=1.0, name='fixCrossR', opacity=1.0, ori=0.0, pos=array([0., 0.]), size=array([0.02, 0.02]), units='height', vertices=ndarray(...), win=Window(...), windingRule=None)
10.4329 	EXP 	window1: mouseVisible = True
10.4341 	EXP 	Created text_total = TextStim(__class__=<class 'psychopy.visual.text.TextStim'>, alignHoriz=method-wrapper(...), alignText='center', alignVert=method-wrapper(...), anchorHoriz='center', anchorVert='center', antialias=True, autoDraw=False, autoLog=True, bold=False, color=array([1., 1., 1.]), colorSpace='rgb', contrast=1.0, depth=-1.0, draggable=False, flipHoriz=False, flipVert=False, font='Open Sans', fontFiles=[], height=0.05, italic=False, languageStyle='LTR', name='text_total', opacity=1.0, ori=0.0, pos=array([0., 0.]), rgb=UNKNOWN, text='', units='height', win=Window(...), wrapWidth=1)
10.4342 	EXP 	window1: mouseVisible = True
10.4354 	EXP 	Created text_acc = TextStim(__class__=<class 'psychopy.visual.text.TextStim'>, alignHoriz=method-wrapper(...), alignText='center', alignVert=method-wrapper(...), anchorHoriz='center', anchorVert='center', antialias=True, autoDraw=False, autoLog=True, bold=False, color=array([1., 1., 1.]), colorSpace='rgb', contrast=1.0, depth=-2.0, draggable=False, flipHoriz=False, flipVert=False, font='Open Sans', fontFiles=[], height=0.05, italic=False, languageStyle='LTR', name='text_acc', opacity=1.0, ori=0.0, pos=array([ 0. , -0.3]), rgb=UNKNOWN, text='', units='height', win=Window(...), wrapWidth=1)
0.0077 	EXP 	Created sequence: random, trialTypes=1, nReps=0, seed=None
0.0206 	EXP 	text: autoDraw = True
0.8431 	DATA 	Mouse: Left button down, pos=(1376,201)
0.9570 	DATA 	Mouse:  Left button up, pos=(1376,201)
0.9956 	EXP 	Imported participantData/s15/block_0/babySteps_s15.xlsx as conditions, 5 conditions, 14 params
0.9960 	EXP 	Created sequence: sequential, trialTypes=5, nReps=1, seed=None
0.9961 	EXP 	New trial (rep=0, index=0): {'category': 'car', 'orientation': 2, 'taskCue': 'stim//obj2.png', 'stimfile': 'stim//car2.png', 'resp1': 'Turtle', 'resp2': 'Horse', 'resp3': 'Car', 'resp4': 'Shoe', 'resp5': 'Full Left', 'resp6': 'Half Right', 'resp7': 'Half Left', 'resp8': 'Full Right', 'objFirst': True, 'interval': 2.475}
0.9992 	DATA 	Keypress: 5
1.0043 	EXP 	text: autoDraw = False
1.0043 	EXP 	cue: image = 'stim//obj2.png'
1.0043 	EXP 	cue: autoDraw = True
1.9900 	EXP 	Created sequence: sequential, trialTypes=1, nReps=3, seed=None
1.9901 	EXP 	New trial (rep=0, index=0): None
2.1887 	EXP 	cue: autoDraw = False
2.1887 	EXP 	cue: autoDraw = False
2.1887 	EXP 	image: image = 'stim//car2.png'
2.1887 	EXP 	image: autoDraw = True
2.1887 	EXP 	fixCrossR_2: autoDraw = True
2.4392 	EXP 	image: autoDraw = False
2.4392 	EXP 	fixCrossR_2: autoDraw = False
2.4392 	EXP 	image: autoDraw = False
2.4392 	EXP 	fixCrossR_2: autoDraw = False
2.4392 	EXP 	fixCrossR_4: autoDraw = True
2.6740 	EXP 	New trial (rep=1, index=0): None
2.7891 	EXP 	fixCrossR_4: autoDraw = False
2.7891 	EXP 	fixCrossR_4: autoDraw = False
2.7891 	EXP 	image: image = 'stim//car2.png'
2.7891 	EXP 	image: autoDraw = True
2.7891 	EXP 	fixCrossR_2: autoDraw = True
3.0396 	EXP 	image: autoDraw = False
3.0396 	EXP 	fixCrossR_2: autoDraw = False
3.0396 	EXP 	image: autoDraw = False
3.0396 	EXP 	fixCrossR_2: autoDraw = False
3.0396 	EXP 	fixCrossR_4: autoDraw = True
3.2741 	EXP 	New trial (rep=2, index=0): None
3.4566 	EXP 	fixCrossR_4: autoDraw = False
3.4566 	EXP 	fixCrossR_4: autoDraw = False
3.4566 	EXP 	image: image = 'stim//car2.png'
3.4566 	EXP 	image: autoDraw = True
3.4566 	EXP 	fixCrossR_2: autoDraw = True
3.7069 	EXP 	image: autoDraw = False
3.7069 	EXP 	fixCrossR_2: autoDraw = False
3.7069 	EXP 	image: autoDraw = False
3.7069 	EXP 	fixCrossR_2: autoDraw = False
3.7069 	EXP 	fixCrossR_4: autoDraw = True
4.0067 	EXP 	fixCrossR_4: autoDraw = False
4.0067 	EXP 	fixCrossR_4: autoDraw = False
4.0067 	EXP 	fixCross_2: fillColor = <psychopy.colors.Color: black, alpha=1.0>
4.0067 	EXP 	fixCross_2: borderColor = <psychopy.colors.Color: black, alpha=1.0>
4.0067 	EXP 	text1_2: foreColor = <psychopy.colors.Color: white, alpha=1.0>
4.0067 	EXP 	text1_2: height = 0.05
4.0067 	EXP 	text1_2: height = 0.05
4.0067 	EXP 	text1_2: height = 0.05
4.0067 	EXP 	text1_2: text = 'Turtle'
4.0067 	EXP 	text2_2: foreColor = <psychopy.colors.Color: white, alpha=1.0>
4.0067 	EXP 	text2_2: height = 0.05
4.0067 	EXP 	text2_2: height = 0.05
4.0067 	EXP 	text2_2: height = 0.05
4.0067 	EXP 	text2_2: text = 'Horse'
4.0067 	EXP 	text3_2: foreColor = <psychopy.colors.Color: white, alpha=1.0>
4.0067 	EXP 	text3_2: height = 0.05
4.0067 	EXP 	text3_2: height = 0.05
4.0067 	EXP 	text3_2: height = 0.05
4.0067 	EXP 	text3_2: text = 'Car'
4.0067 	EXP 	text4_2: foreColor = <psychopy.colors.Color: white, alpha=1.0>
4.0067 	EXP 	text4_2: height = 0.05
4.0067 	EXP 	text4_2: height = 0.05
4.0067 	EXP 	text4_2: height = 0.05
4.0067 	EXP 	text4_2: text = 'Shoe'
4.0067 	EXP 	text5_2: foreColor = <psychopy.colors.Color: white, alpha=1.0>
4.0067 	EXP 	text5_2: height = 0.05
4.0067 	EXP 	text5_2: height = 0.05
4.0067 	EXP 	text5_2: height = 0.05
4.0067 	EXP 	text5_2: text = 'Full Left'
4.0067 	EXP 	text6_2: foreColor = <psychopy.colors.Color: white, alpha=1.0>
4.0067 	EXP 	text6_2: height = 0.05
4.0067 	EXP 	text6_2: height = 0.05
4.0067 	EXP 	text6_2: height = 0.05
4.0067 	EXP 	text6_2: text = 'Half Right'
4.0067 	EXP 	text7_2: foreColor = <psychopy.colors.Color: white, alpha=1.0>
4.0067 	EXP 	text7_2: height = 0.05
4.0067 	EXP 	text7_2: height = 0.05
4.0067 	EXP 	text7_2: height = 0.05
4.0067 	EXP 	text7_2: text = 'Half Left'
4.0067 	EXP 	text8_2: foreColor = <psychopy.colors.Color: white, alpha=1.0>
4.0067 	EXP 	text8_2: height = 0.05
4.0067 	EXP 	text8_2: height = 0.05
4.0067 	EXP 	text8_2: height = 0.05
4.0067 	EXP 	text8_2: text = 'Full Right'
4.0067 	EXP 	num1_2: foreColor = <psychopy.colors.Color: white, alpha=1.0>
4.0067 	EXP 	num1_2: height = 0.1
4.0067 	EXP 	num1_2: height = 0.1
4.0067 	EXP 	num1_2: height = 0.1
4.0067 	EXP 	num1_2: text = '1'
4.0067 	EXP 	num2_2: foreColor = <psychopy.colors.Color: white, alpha=1.0>
4.0067 	EXP 	num2_2: height = 0.1
4.0067 	EXP 	num2_2: height = 0.1
4.0067 	EXP 	num2_2: height = 0.1
4.0067 	EXP 	num2_2: text = '2'
4.0067 	EXP 	num3_2: foreColor = <psychopy.colors.Color: white, alpha=1.0>
4.0067 	EXP 	num3_2: height = 0.1
4.0067 	EXP 	num3_2: height = 0.1
4.0067 	EXP 	num3_2: height = 0.1
4.0067 	EXP 	num3_2: text = '3'
4.0067 	EXP 	num4_2: foreColor = <psychopy.colors.Color: white, alpha=1.0>
4.0067 	EXP 	num4_2: height = 0.1
4.0067 	EXP 	num4_2: height = 0.1
4.0067 	EXP 	num4_2: height = 0.1
4.0067 	EXP 	num4_2: text = '4'
4.0067 	EXP 	fixCross_2: autoDraw = True
4.0067 	EXP 	text1_2: autoDraw = True
4.0067 	EXP 	text2_2: autoDraw = True
4.0067 	EXP 	text3_2: autoDraw = True
4.0067 	EXP 	text4_2: autoDraw = True
4.0067 	EXP 	text5_2: autoDraw = True
4.0067 	EXP 	text6_2: autoDraw = True
4.0067 	EXP 	text7_2: autoDraw = True
4.0067 	EXP 	text8_2: autoDraw = True
4.0067 	EXP 	num1_2: autoDraw = True
4.0067 	EXP 	num2_2: autoDraw = True
4.0067 	EXP 	num3_2: autoDraw = True
4.0067 	EXP 	num4_2: autoDraw = True
7.6672 	DATA 	Keypress: 3
7.6934 	EXP 	fixCross_2: foreColor = <psychopy.colors.Color: (0.0, 1.0, 0.0, 1.0)>
7.6934 	EXP 	fixCross_2: borderColor = <psychopy.colors.Color: (0.0, 1.0, 0.0, 1.0)>
7.6934 	EXP 	fixCross_2: fillColor = <psychopy.colors.Color: (0.0, 1.0, 0.0, 1.0)>
7.6934 	EXP 	text3_2: foreColor = <psychopy.colors.Color: (0.0, 1.0, 0.0, 1.0)>
7.6934 	EXP 	text7_2: foreColor = <psychopy.colors.Color: (0.0, 1.0, 0.0, 1.0)>
7.6934 	EXP 	num3_2: foreColor = <psychopy.colors.Color: (0.0, 1.0, 0.0, 1.0)>
7.6959 	EXP 	New trial (rep=0, index=1): {'category': 'horse', 'orientation': 1, 'taskCue': 'stim//ori2.png', 'stimfile': 'stim//horse1.png', 'resp1': 'Half Left', 'resp2': 'Full Right', 'resp3': 'Full Left', 'resp4': 'Half Right', 'resp5': 'Car', 'resp6': 'Horse', 'resp7': 'Shoe', 'resp8': 'Turtle', 'objFirst': False, 'interval': 2.425}
7.7102 	EXP 	fixCross_2: autoDraw = False
7.7102 	EXP 	text1_2: autoDraw = False
7.7102 	EXP 	text2_2: autoDraw = False
7.7102 	EXP 	text3_2: autoDraw = False
7.7102 	EXP 	text4_2: autoDraw = False
7.7102 	EXP 	text5_2: autoDraw = False
7.7102 	EXP 	text6_2: autoDraw = False
7.7102 	EXP 	text7_2: autoDraw = False
7.7102 	EXP 	text8_2: autoDraw = False
7.7102 	EXP 	num1_2: autoDraw = False
7.7102 	EXP 	num2_2: autoDraw = False
7.7102 	EXP 	num3_2: autoDraw = False
7.7102 	EXP 	num4_2: autoDraw = False
7.7102 	EXP 	fixCross: foreColor = <psychopy.colors.Color: transparent, alpha=1.0>
7.7102 	EXP 	fixCross: borderColor = <psychopy.colors.Color: transparent, alpha=1.0>
7.7102 	EXP 	fixCross: fillColor = <psychopy.colors.Color: transparent, alpha=1.0>
7.7102 	EXP 	cue: image = 'stim//ori2.png'
7.7102 	EXP 	cue: autoDraw = True
8.6953 	EXP 	Created sequence: sequential, trialTypes=1, nReps=3, seed=None
8.6955 	EXP 	New trial (rep=0, index=0): None
8.8110 	EXP 	cue: autoDraw = False
8.8110 	EXP 	cue: autoDraw = False
8.8110 	EXP 	image: image = 'stim//horse1.png'
8.8110 	EXP 	image: autoDraw = True
8.8110 	EXP 	fixCrossR_2: autoDraw = True
9.0614 	EXP 	image: autoDraw = False
9.0614 	EXP 	fixCrossR_2: autoDraw = False
9.0614 	EXP 	image: autoDraw = False
9.0614 	EXP 	fixCrossR_2: autoDraw = False
9.0614 	EXP 	fixCrossR_4: autoDraw = True
9.2957 	EXP 	New trial (rep=1, index=0): None
9.4047 	DATA 	Keypress: space
9.4117 	EXP 	fixCrossR_4: autoDraw = False
9.4117 	EXP 	fixCrossR_4: autoDraw = False
9.4117 	EXP 	image: image = 'stim//horse1.png'
9.4117 	EXP 	image: autoDraw = True
9.4117 	EXP 	fixCrossR_2: autoDraw = True
9.6618 	EXP 	image: autoDraw = False
9.6618 	EXP 	fixCrossR_2: autoDraw = False
9.6618 	EXP 	image: autoDraw = False
9.6618 	EXP 	fixCrossR_2: autoDraw = False
9.6618 	EXP 	fixCrossR_4: autoDraw = True
9.7468 	DATA 	Keypress: escape
9.8794 	EXP 	pilotv2: status = STOPPED
9.8953 	EXP 	fixCrossR_4: autoDraw = False
9.8954 	EXP 	pilotv2: status = STOPPED
10.1151 	EXP 	window1: mouseVisible = True
