2.4049 	ERROR 	Support for the `sounddevice` audio backend is not available this session. Please install `psychopy-sounddevice` and restart the session to enable support.
8.9288 	WARNING 	User requested fullscreen with size [1536  864], but screen is actually [1920, 1080]. Using actual size
9.7850 	EXP 	Created window1 = Window(allowGUI=True, allowStencil=False, autoLog=True, backendConf=UNKNOWN, backgroundFit=<method-wrapper '__getattribute__' of attributeSetter object at 0x0000021A676C4F10>, backgroundImage=<method-wrapper '__getattribute__' of attributeSetter object at 0x0000021A676C4EB0>, bitsMode=UNKNOWN, blendMode='avg', bpc=(8, 8, 8), color=array([-0.4039, -0.4039, -0.4039]), colorSpace='rgb', depthBits=8, fullscr=<method-wrapper '__getattribute__' of attributeSetter object at 0x0000021A676C4CD0>, gamma=None, gammaErrorPolicy='raise', lms=UNKNOWN, monitor=<psychopy.monitors.calibTools.Monitor object at 0x0000021A67BC8E80>, multiSample=False, name='window1', numSamples=2, pos=(-1920, 0), screen=0, size=array([1920, 1080]), stencilBits=0, stereo=False, title='PsychoPy', units='height', useFBO=True, useRetina=False, viewOri=0.0, viewPos=None, viewScale=None, waitBlanking=True, winType='pyglet')
9.7852 	EXP 	window1: mouseVisible = True
9.7852 	EXP 	window1: backgroundImage = ''
9.7852 	EXP 	window1: backgroundFit = 'none'
9.7868 	EXP 	window1: Attempting to measure frame rate of screen (0) ...
9.7869 	EXP 	window1: recordFrameIntervals = False
9.9508 	EXP 	window1: recordFrameIntervals = True
10.1348 	EXP 	Screen (0) actual frame rate measured at 59.89Hz
10.1349 	EXP 	window1: recordFrameIntervals = False
10.1350 	EXP 	window1: mouseVisible = False
12.2492 	EXP 	pilotv2: status = STARTED
12.2494 	EXP 	window1: mouseVisible = True
12.2593 	EXP 	Created imageInstruct = ImageStim(__class__=<class 'psychopy.visual.image.ImageStim'>, anchor=('center', 'center'), autoLog=True, color=array([1., 1., 1.]), colorSpace='rgb', contrast=1.0, depth=0.0, draggable=False, flipHoriz=False, flipVert=False, image='default.png', interpolate=True, mask=None, maskParams=None, name='imageInstruct', opacity=1.0, ori=0.0, pos=array([0., 0.]), size=array([1.6    , 1.00736]), texRes=128.0, units='height', win=Window(...))
12.2596 	EXP 	window1: mouseVisible = True
12.2597 	EXP 	window1: mouseVisible = True
12.2602 	EXP 	window1: mouseVisible = True
12.2606 	EXP 	window1: mouseVisible = True
12.2817 	EXP 	window1: mouseVisible = True
12.2818 	EXP 	window1: mouseVisible = True
12.2822 	EXP 	window1: mouseVisible = True
12.2826 	EXP 	window1: mouseVisible = True
12.3010 	EXP 	window1: mouseVisible = True
12.3012 	EXP 	window1: mouseVisible = True
12.3014 	EXP 	window1: mouseVisible = True
12.3018 	EXP 	window1: mouseVisible = True
12.3022 	EXP 	window1: mouseVisible = True
12.3188 	EXP 	window1: mouseVisible = True
12.3190 	EXP 	window1: mouseVisible = True
12.3194 	EXP 	window1: mouseVisible = True
12.3198 	EXP 	window1: mouseVisible = True
12.3231 	EXP 	window1: mouseVisible = True
12.3232 	EXP 	window1: mouseVisible = True
12.3865 	EXP 	Created text_8 = TextStim(__class__=<class 'psychopy.visual.text.TextStim'>, alignHoriz=method-wrapper(...), alignText='center', alignVert=method-wrapper(...), anchorHoriz='center', anchorVert='center', antialias=True, autoDraw=False, autoLog=True, bold=False, color=array([1., 1., 1.]), colorSpace='rgb', contrast=1.0, depth=0.0, draggable=False, flipHoriz=False, flipVert=False, font='Open Sans', fontFiles=[], height=0.05, italic=False, languageStyle='LTR', name='text_8', opacity=1.0, ori=0.0, pos=array([0., 0.]), rgb=UNKNOWN, text=str(...), units='height', win=Window(...), wrapWidth=1)
12.3868 	EXP 	window1: mouseVisible = True
12.3869 	EXP 	window1: mouseVisible = True
12.3873 	EXP 	window1: mouseVisible = True
12.3877 	EXP 	window1: mouseVisible = True
12.4108 	EXP 	window1: mouseVisible = True
12.4109 	EXP 	window1: mouseVisible = True
12.4114 	EXP 	window1: mouseVisible = True
12.4118 	EXP 	window1: mouseVisible = True
12.4218 	EXP 	window1: mouseVisible = True
12.4221 	EXP 	window1: mouseVisible = True
12.4222 	EXP 	window1: mouseVisible = True
12.4226 	EXP 	window1: mouseVisible = True
12.4230 	EXP 	window1: mouseVisible = True
12.4314 	EXP 	window1: mouseVisible = True
12.4315 	EXP 	window1: mouseVisible = True
12.4320 	EXP 	window1: mouseVisible = True
12.4323 	EXP 	window1: mouseVisible = True
12.4357 	EXP 	window1: mouseVisible = True
12.4358 	EXP 	window1: mouseVisible = True
12.4395 	EXP 	Created image_17 = ImageStim(__class__=<class 'psychopy.visual.image.ImageStim'>, anchor=('center', 'center'), autoLog=True, color=array([1., 1., 1.]), colorSpace='rgb', contrast=1.0, depth=-3.0, draggable=False, flipHoriz=False, flipVert=False, image='stim/ori1.png', interpolate=True, mask=None, maskParams=None, name='image_17', opacity=1.0, ori=0.0, pos=array([0.  , 0.23]), size=array([0.15, 0.15]), texRes=128.0, units='height', win=Window(...))
12.4397 	EXP 	window1: mouseVisible = True
12.4437 	EXP 	Created text_9 = TextStim(__class__=<class 'psychopy.visual.text.TextStim'>, alignHoriz=method-wrapper(...), alignText='center', alignVert=method-wrapper(...), anchorHoriz='center', anchorVert='center', antialias=True, autoDraw=False, autoLog=True, bold=False, color=array([1., 1., 1.]), colorSpace='rgb', contrast=1.0, depth=0.0, draggable=False, flipHoriz=False, flipVert=False, font='Open Sans', fontFiles=[], height=0.05, italic=False, languageStyle='LTR', name='text_9', opacity=1.0, ori=0.0, pos=array([0., 0.]), rgb=UNKNOWN, text=str(...), units='height', win=Window(...), wrapWidth=1)
12.4439 	EXP 	window1: mouseVisible = True
12.4440 	EXP 	window1: mouseVisible = True
12.4444 	EXP 	window1: mouseVisible = True
12.4448 	EXP 	window1: mouseVisible = True
12.4486 	EXP 	window1: mouseVisible = True
12.4487 	EXP 	window1: mouseVisible = True
12.4491 	EXP 	window1: mouseVisible = True
12.4495 	EXP 	window1: mouseVisible = True
12.4528 	EXP 	window1: mouseVisible = True
12.4530 	EXP 	window1: mouseVisible = True
12.4532 	EXP 	window1: mouseVisible = True
12.4537 	EXP 	window1: mouseVisible = True
12.4541 	EXP 	window1: mouseVisible = True
12.4579 	EXP 	window1: mouseVisible = True
12.4580 	EXP 	window1: mouseVisible = True
12.4584 	EXP 	window1: mouseVisible = True
12.4588 	EXP 	window1: mouseVisible = True
12.4621 	EXP 	window1: mouseVisible = True
12.4622 	EXP 	window1: mouseVisible = True
12.4660 	EXP 	Created image_18 = ImageStim(__class__=<class 'psychopy.visual.image.ImageStim'>, anchor=('center', 'center'), autoLog=True, color=array([1., 1., 1.]), colorSpace='rgb', contrast=1.0, depth=-3.0, draggable=False, flipHoriz=False, flipVert=False, image='stim/obj2.png', interpolate=True, mask=None, maskParams=None, name='image_18', opacity=1.0, ori=0.0, pos=array([0.  , 0.23]), size=array([0.15, 0.15]), texRes=128.0, units='height', win=Window(...))
12.4661 	EXP 	window1: mouseVisible = True
12.4700 	EXP 	Created text_10 = TextStim(__class__=<class 'psychopy.visual.text.TextStim'>, alignHoriz=method-wrapper(...), alignText='center', alignVert=method-wrapper(...), anchorHoriz='center', anchorVert='center', antialias=True, autoDraw=False, autoLog=True, bold=False, color=array([1., 1., 1.]), colorSpace='rgb', contrast=1.0, depth=0.0, draggable=False, flipHoriz=False, flipVert=False, font='Open Sans', fontFiles=[], height=0.05, italic=False, languageStyle='LTR', name='text_10', opacity=1.0, ori=0.0, pos=array([0., 0.]), rgb=UNKNOWN, text=str(...), units='height', win=Window(...), wrapWidth=1)
12.4702 	EXP 	window1: mouseVisible = True
12.4704 	EXP 	window1: mouseVisible = True
12.4708 	EXP 	window1: mouseVisible = True
12.4712 	EXP 	window1: mouseVisible = True
12.4751 	EXP 	window1: mouseVisible = True
12.4752 	EXP 	window1: mouseVisible = True
12.4757 	EXP 	window1: mouseVisible = True
12.4760 	EXP 	window1: mouseVisible = True
12.4793 	EXP 	window1: mouseVisible = True
12.4795 	EXP 	window1: mouseVisible = True
12.4796 	EXP 	window1: mouseVisible = True
12.4800 	EXP 	window1: mouseVisible = True
12.4804 	EXP 	window1: mouseVisible = True
12.4842 	EXP 	window1: mouseVisible = True
12.4844 	EXP 	window1: mouseVisible = True
12.4848 	EXP 	window1: mouseVisible = True
12.4852 	EXP 	window1: mouseVisible = True
12.4885 	EXP 	window1: mouseVisible = True
12.4886 	EXP 	window1: mouseVisible = True
12.4924 	EXP 	Created image_19 = ImageStim(__class__=<class 'psychopy.visual.image.ImageStim'>, anchor=('center', 'center'), autoLog=True, color=array([1., 1., 1.]), colorSpace='rgb', contrast=1.0, depth=-3.0, draggable=False, flipHoriz=False, flipVert=False, image='stim/ori2.png', interpolate=True, mask=None, maskParams=None, name='image_19', opacity=1.0, ori=0.0, pos=array([0.  , 0.23]), size=array([0.15, 0.15]), texRes=128.0, units='height', win=Window(...))
12.4926 	EXP 	window1: mouseVisible = True
12.4966 	EXP 	Created text_11 = TextStim(__class__=<class 'psychopy.visual.text.TextStim'>, alignHoriz=method-wrapper(...), alignText='center', alignVert=method-wrapper(...), anchorHoriz='center', anchorVert='center', antialias=True, autoDraw=False, autoLog=True, bold=False, color=array([1., 1., 1.]), colorSpace='rgb', contrast=1.0, depth=0.0, draggable=False, flipHoriz=False, flipVert=False, font='Open Sans', fontFiles=[], height=0.05, italic=False, languageStyle='LTR', name='text_11', opacity=1.0, ori=0.0, pos=array([0., 0.]), rgb=UNKNOWN, text=str(...), units='height', win=Window(...), wrapWidth=1)
12.4969 	EXP 	window1: mouseVisible = True
12.4970 	EXP 	window1: mouseVisible = True
12.4974 	EXP 	window1: mouseVisible = True
12.4978 	EXP 	window1: mouseVisible = True
12.5016 	EXP 	window1: mouseVisible = True
12.5017 	EXP 	window1: mouseVisible = True
12.5021 	EXP 	window1: mouseVisible = True
12.5025 	EXP 	window1: mouseVisible = True
12.5059 	EXP 	window1: mouseVisible = True
12.5061 	EXP 	window1: mouseVisible = True
12.5062 	EXP 	window1: mouseVisible = True
12.5066 	EXP 	window1: mouseVisible = True
12.5070 	EXP 	window1: mouseVisible = True
12.5108 	EXP 	window1: mouseVisible = True
12.5110 	EXP 	window1: mouseVisible = True
12.5114 	EXP 	window1: mouseVisible = True
12.5118 	EXP 	window1: mouseVisible = True
12.5152 	EXP 	window1: mouseVisible = True
12.5153 	EXP 	window1: mouseVisible = True
12.5195 	EXP 	Created image_20 = ImageStim(__class__=<class 'psychopy.visual.image.ImageStim'>, anchor=('center', 'center'), autoLog=True, color=array([1., 1., 1.]), colorSpace='rgb', contrast=1.0, depth=-3.0, draggable=False, flipHoriz=False, flipVert=False, image='stim/obj1.png', interpolate=True, mask=None, maskParams=None, name='image_20', opacity=1.0, ori=0.0, pos=array([0.  , 0.23]), size=array([0.15, 0.15]), texRes=128.0, units='height', win=Window(...))
12.5196 	EXP 	window1: mouseVisible = True
12.5286 	EXP 	Created imageInstruct_2 = ImageStim(__class__=<class 'psychopy.visual.image.ImageStim'>, anchor=('center', 'center'), autoLog=True, color=array([1., 1., 1.]), colorSpace='rgb', contrast=1.0, depth=0.0, draggable=False, flipHoriz=False, flipVert=False, image='default.png', interpolate=True, mask=None, maskParams=None, name='imageInstruct_2', opacity=1.0, ori=0.0, pos=array([0., 0.]), size=array([1.6    , 1.00736]), texRes=128.0, units='height', win=Window(...))
12.5288 	EXP 	window1: mouseVisible = True
12.5289 	EXP 	window1: mouseVisible = True
12.5294 	EXP 	window1: mouseVisible = True
12.5299 	EXP 	window1: mouseVisible = True
12.5338 	EXP 	window1: mouseVisible = True
12.5339 	EXP 	window1: mouseVisible = True
12.5345 	EXP 	window1: mouseVisible = True
12.5349 	EXP 	window1: mouseVisible = True
12.5384 	EXP 	window1: mouseVisible = True
12.5386 	EXP 	window1: mouseVisible = True
12.5387 	EXP 	window1: mouseVisible = True
12.5392 	EXP 	window1: mouseVisible = True
12.5396 	EXP 	window1: mouseVisible = True
12.5433 	EXP 	window1: mouseVisible = True
12.5434 	EXP 	window1: mouseVisible = True
12.5438 	EXP 	window1: mouseVisible = True
12.5442 	EXP 	window1: mouseVisible = True
12.5476 	EXP 	window1: mouseVisible = True
12.5477 	EXP 	window1: mouseVisible = True
12.5581 	EXP 	Created text = TextStim(__class__=<class 'psychopy.visual.text.TextStim'>, alignHoriz=method-wrapper(...), alignText='center', alignVert=method-wrapper(...), anchorHoriz='center', anchorVert='center', antialias=True, autoDraw=False, autoLog=True, bold=False, color=array([1., 1., 1.]), colorSpace='rgb', contrast=1.0, depth=0.0, draggable=False, flipHoriz=False, flipVert=False, font='Open Sans', fontFiles=[], height=0.05, italic=False, languageStyle='LTR', name='text', opacity=1.0, ori=0.0, pos=array([0., 0.]), rgb=UNKNOWN, text='The experiment will begin soon. Get ready!', units='height', win=Window(...), wrapWidth=1)
12.5582 	EXP 	window1: mouseVisible = True
12.5674 	EXP 	Created cue = ImageStim(__class__=<class 'psychopy.visual.image.ImageStim'>, anchor=('center', 'center'), autoLog=True, color=array([1., 1., 1.]), colorSpace='rgb', contrast=1.0, depth=0.0, draggable=False, flipHoriz=False, flipVert=False, image='default.png', interpolate=True, mask=None, maskParams=None, name='cue', opacity=1.0, ori=0.0, pos=array([0., 0.]), size=array([0.15, 0.15]), texRes=128.0, units='height', win=Window(...))
12.5675 	EXP 	window1: mouseVisible = True
12.5766 	EXP 	Created image = ImageStim(__class__=<class 'psychopy.visual.image.ImageStim'>, anchor=('center', 'center'), autoLog=True, color=array([1., 1., 1.]), colorSpace='rgb', contrast=1.0, depth=0.0, draggable=False, flipHoriz=False, flipVert=False, image='default.png', interpolate=True, mask=None, maskParams=None, name='image', opacity=1.0, ori=0.0, pos=array([0., 0.]), size=array([0.5, 0.5]), texRes=128.0, units='height', win=Window(...))
12.5767 	EXP 	window1: mouseVisible = True
12.5786 	EXP 	Created fixCrossR_2 = ShapeStim(__class__=<class 'psychopy.visual.shape.ShapeStim'>, anchor=('center', 'center'), autoDraw=False, autoLog=True, closeShape=True, color=method-wrapper(...), colorSpace='rgb', contrast=None, depth=-1.0, draggable=False, fillColor=array([-1, -1, -1]), fillColorSpace='rgb', fillRGB=array([-1, -1, -1]), interpolate=True, lineColor=array([-1., -1., -1.]), lineColorSpace='rgb', lineRGB=array([-1, -1, -1]), lineWidth=1.0, name='fixCrossR_2', opacity=1.0, ori=0.0, pos=array([0., 0.]), size=array([0.02, 0.02]), units='height', vertices=ndarray(...), win=Window(...), windingRule=None)
12.5787 	EXP 	window1: mouseVisible = True
12.5806 	EXP 	Created fixCrossR_4 = ShapeStim(__class__=<class 'psychopy.visual.shape.ShapeStim'>, anchor=('center', 'center'), autoDraw=False, autoLog=True, closeShape=True, color=method-wrapper(...), colorSpace='rgb', contrast=None, depth=0.0, draggable=False, fillColor=array([-1, -1, -1]), fillColorSpace='rgb', fillRGB=array([-1, -1, -1]), interpolate=True, lineColor=array([-1., -1., -1.]), lineColorSpace='rgb', lineRGB=array([-1, -1, -1]), lineWidth=1.0, name='fixCrossR_4', opacity=1.0, ori=0.0, pos=array([0., 0.]), size=array([0.02, 0.02]), units='height', vertices=ndarray(...), win=Window(...), windingRule=None)
12.5807 	EXP 	window1: mouseVisible = True
12.5827 	EXP 	Created fixCross_2 = ShapeStim(__class__=<class 'psychopy.visual.shape.ShapeStim'>, anchor=('center', 'center'), autoDraw=False, autoLog=True, closeShape=True, color=method-wrapper(...), colorSpace='rgb', contrast=None, depth=0.0, draggable=False, fillColor=array([1, 1, 1]), fillColorSpace='rgb', fillRGB=array([1, 1, 1]), interpolate=True, lineColor=array([1., 1., 1.]), lineColorSpace='rgb', lineRGB=array([1, 1, 1]), lineWidth=1.0, name='fixCross_2', opacity=1.0, ori=0.0, pos=array([0., 0.]), size=array([0.02, 0.02]), units='height', vertices=ndarray(...), win=Window(...), windingRule=None)
12.5829 	EXP 	window1: mouseVisible = True
12.5850 	EXP 	Created text1_2 = TextStim(__class__=<class 'psychopy.visual.text.TextStim'>, alignHoriz=method-wrapper(...), alignText='center', alignVert=method-wrapper(...), anchorHoriz='center', anchorVert='center', antialias=True, autoDraw=False, autoLog=True, bold=False, color=array([1., 1., 1.]), colorSpace='rgb', contrast=1.0, depth=-1.0, draggable=False, flipHoriz=False, flipVert=False, font='Open Sans', fontFiles=[], height=0.05, italic=False, languageStyle='LTR', name='text1_2', opacity=1.0, ori=0.0, pos=array([-0.225,  0.08 ]), rgb=UNKNOWN, text='', units='norm', win=Window(...), wrapWidth=1)
12.5852 	EXP 	window1: mouseVisible = True
12.5865 	EXP 	Created text2_2 = TextStim(__class__=<class 'psychopy.visual.text.TextStim'>, alignHoriz=method-wrapper(...), alignText='center', alignVert=method-wrapper(...), anchorHoriz='center', anchorVert='center', antialias=True, autoDraw=False, autoLog=True, bold=False, color=array([1., 1., 1.]), colorSpace='rgb', contrast=1.0, depth=-2.0, draggable=False, flipHoriz=False, flipVert=False, font='Open Sans', fontFiles=[], height=0.05, italic=False, languageStyle='LTR', name='text2_2', opacity=1.0, ori=0.0, pos=array([-0.075,  0.08 ]), rgb=UNKNOWN, text='', units='norm', win=Window(...), wrapWidth=1)
12.5867 	EXP 	window1: mouseVisible = True
12.5880 	EXP 	Created text3_2 = TextStim(__class__=<class 'psychopy.visual.text.TextStim'>, alignHoriz=method-wrapper(...), alignText='center', alignVert=method-wrapper(...), anchorHoriz='center', anchorVert='center', antialias=True, autoDraw=False, autoLog=True, bold=False, color=array([1., 1., 1.]), colorSpace='rgb', contrast=1.0, depth=-3.0, draggable=False, flipHoriz=False, flipVert=False, font='Open Sans', fontFiles=[], height=0.05, italic=False, languageStyle='LTR', name='text3_2', opacity=1.0, ori=0.0, pos=array([0.075, 0.08 ]), rgb=UNKNOWN, text='', units='norm', win=Window(...), wrapWidth=1)
12.5881 	EXP 	window1: mouseVisible = True
12.5892 	EXP 	Created text4_2 = TextStim(__class__=<class 'psychopy.visual.text.TextStim'>, alignHoriz=method-wrapper(...), alignText='center', alignVert=method-wrapper(...), anchorHoriz='center', anchorVert='center', antialias=True, autoDraw=False, autoLog=True, bold=False, color=array([1., 1., 1.]), colorSpace='rgb', contrast=1.0, depth=-4.0, draggable=False, flipHoriz=False, flipVert=False, font='Open Sans', fontFiles=[], height=0.05, italic=False, languageStyle='LTR', name='text4_2', opacity=1.0, ori=0.0, pos=array([0.225, 0.08 ]), rgb=UNKNOWN, text='', units='norm', win=Window(...), wrapWidth=1)
12.5893 	EXP 	window1: mouseVisible = True
12.5905 	EXP 	Created text5_2 = TextStim(__class__=<class 'psychopy.visual.text.TextStim'>, alignHoriz=method-wrapper(...), alignText='center', alignVert=method-wrapper(...), anchorHoriz='center', anchorVert='center', antialias=True, autoDraw=False, autoLog=True, bold=False, color=array([1., 1., 1.]), colorSpace='rgb', contrast=1.0, depth=-5.0, draggable=False, flipHoriz=False, flipVert=False, font='Open Sans', fontFiles=[], height=0.05, italic=False, languageStyle='LTR', name='text5_2', opacity=1.0, ori=0.0, pos=array([-0.225, -0.08 ]), rgb=UNKNOWN, text='', units='norm', win=Window(...), wrapWidth=1)
12.5906 	EXP 	window1: mouseVisible = True
12.5916 	EXP 	Created text6_2 = TextStim(__class__=<class 'psychopy.visual.text.TextStim'>, alignHoriz=method-wrapper(...), alignText='center', alignVert=method-wrapper(...), anchorHoriz='center', anchorVert='center', antialias=True, autoDraw=False, autoLog=True, bold=False, color=array([1., 1., 1.]), colorSpace='rgb', contrast=1.0, depth=-6.0, draggable=False, flipHoriz=False, flipVert=False, font='Open Sans', fontFiles=[], height=0.05, italic=False, languageStyle='LTR', name='text6_2', opacity=1.0, ori=0.0, pos=array([-0.075, -0.08 ]), rgb=UNKNOWN, text='', units='norm', win=Window(...), wrapWidth=1)
12.5917 	EXP 	window1: mouseVisible = True
12.5926 	EXP 	Created text7_2 = TextStim(__class__=<class 'psychopy.visual.text.TextStim'>, alignHoriz=method-wrapper(...), alignText='center', alignVert=method-wrapper(...), anchorHoriz='center', anchorVert='center', antialias=True, autoDraw=False, autoLog=True, bold=False, color=array([1., 1., 1.]), colorSpace='rgb', contrast=1.0, depth=-7.0, draggable=False, flipHoriz=False, flipVert=False, font='Open Sans', fontFiles=[], height=0.05, italic=False, languageStyle='LTR', name='text7_2', opacity=1.0, ori=0.0, pos=array([ 0.075, -0.08 ]), rgb=UNKNOWN, text='', units='norm', win=Window(...), wrapWidth=1)
12.5927 	EXP 	window1: mouseVisible = True
12.5937 	EXP 	Created text8_2 = TextStim(__class__=<class 'psychopy.visual.text.TextStim'>, alignHoriz=method-wrapper(...), alignText='center', alignVert=method-wrapper(...), anchorHoriz='center', anchorVert='center', antialias=True, autoDraw=False, autoLog=True, bold=False, color=array([1., 1., 1.]), colorSpace='rgb', contrast=1.0, depth=-8.0, draggable=False, flipHoriz=False, flipVert=False, font='Open Sans', fontFiles=[], height=0.05, italic=False, languageStyle='LTR', name='text8_2', opacity=1.0, ori=0.0, pos=array([ 0.225, -0.08 ]), rgb=UNKNOWN, text='', units='norm', win=Window(...), wrapWidth=1)
12.5938 	EXP 	window1: mouseVisible = True
12.5949 	EXP 	Created num1_2 = TextStim(__class__=<class 'psychopy.visual.text.TextStim'>, alignHoriz=method-wrapper(...), alignText='center', alignVert=method-wrapper(...), anchorHoriz='center', anchorVert='center', antialias=True, autoDraw=False, autoLog=True, bold=False, color=array([1., 1., 1.]), colorSpace='rgb', contrast=1.0, depth=-10.0, draggable=False, flipHoriz=False, flipVert=False, font='Open Sans', fontFiles=[], height=0.1, italic=False, languageStyle='LTR', name='num1_2', opacity=1.0, ori=0.0, pos=array([-0.225,  0.24 ]), rgb=UNKNOWN, text='', units='norm', win=Window(...), wrapWidth=1)
12.5950 	EXP 	window1: mouseVisible = True
12.5961 	EXP 	Created num2_2 = TextStim(__class__=<class 'psychopy.visual.text.TextStim'>, alignHoriz=method-wrapper(...), alignText='center', alignVert=method-wrapper(...), anchorHoriz='center', anchorVert='center', antialias=True, autoDraw=False, autoLog=True, bold=False, color=array([1., 1., 1.]), colorSpace='rgb', contrast=1.0, depth=-11.0, draggable=False, flipHoriz=False, flipVert=False, font='Open Sans', fontFiles=[], height=0.1, italic=False, languageStyle='LTR', name='num2_2', opacity=1.0, ori=0.0, pos=array([-0.075,  0.24 ]), rgb=UNKNOWN, text='', units='norm', win=Window(...), wrapWidth=1)
12.5962 	EXP 	window1: mouseVisible = True
12.5972 	EXP 	Created num3_2 = TextStim(__class__=<class 'psychopy.visual.text.TextStim'>, alignHoriz=method-wrapper(...), alignText='center', alignVert=method-wrapper(...), anchorHoriz='center', anchorVert='center', antialias=True, autoDraw=False, autoLog=True, bold=False, color=array([1., 1., 1.]), colorSpace='rgb', contrast=1.0, depth=-12.0, draggable=False, flipHoriz=False, flipVert=False, font='Open Sans', fontFiles=[], height=0.1, italic=False, languageStyle='LTR', name='num3_2', opacity=1.0, ori=0.0, pos=array([0.075, 0.24 ]), rgb=UNKNOWN, text='', units='norm', win=Window(...), wrapWidth=1)
12.5973 	EXP 	window1: mouseVisible = True
12.5982 	EXP 	Created num4_2 = TextStim(__class__=<class 'psychopy.visual.text.TextStim'>, alignHoriz=method-wrapper(...), alignText='center', alignVert=method-wrapper(...), anchorHoriz='center', anchorVert='center', antialias=True, autoDraw=False, autoLog=True, bold=False, color=array([1., 1., 1.]), colorSpace='rgb', contrast=1.0, depth=-13.0, draggable=False, flipHoriz=False, flipVert=False, font='Open Sans', fontFiles=[], height=0.1, italic=False, languageStyle='LTR', name='num4_2', opacity=1.0, ori=0.0, pos=array([0.225, 0.24 ]), rgb=UNKNOWN, text='', units='norm', win=Window(...), wrapWidth=1)
12.5983 	EXP 	window1: mouseVisible = True
12.6072 	EXP 	Created cue = ImageStim(__class__=<class 'psychopy.visual.image.ImageStim'>, anchor=('center', 'center'), autoLog=True, color=array([1., 1., 1.]), colorSpace='rgb', contrast=1.0, depth=0.0, draggable=False, flipHoriz=False, flipVert=False, image='default.png', interpolate=True, mask=None, maskParams=None, name='cue', opacity=1.0, ori=0.0, pos=array([0., 0.]), size=array([0.15, 0.15]), texRes=128.0, units='height', win=Window(...))
12.6073 	EXP 	window1: mouseVisible = True
12.6164 	EXP 	Created image = ImageStim(__class__=<class 'psychopy.visual.image.ImageStim'>, anchor=('center', 'center'), autoLog=True, color=array([1., 1., 1.]), colorSpace='rgb', contrast=1.0, depth=0.0, draggable=False, flipHoriz=False, flipVert=False, image='default.png', interpolate=True, mask=None, maskParams=None, name='image', opacity=1.0, ori=0.0, pos=array([0., 0.]), size=array([0.5, 0.5]), texRes=128.0, units='height', win=Window(...))
12.6165 	EXP 	window1: mouseVisible = True
12.6183 	EXP 	Created fixCrossR_2 = ShapeStim(__class__=<class 'psychopy.visual.shape.ShapeStim'>, anchor=('center', 'center'), autoDraw=False, autoLog=True, closeShape=True, color=method-wrapper(...), colorSpace='rgb', contrast=None, depth=-1.0, draggable=False, fillColor=array([-1, -1, -1]), fillColorSpace='rgb', fillRGB=array([-1, -1, -1]), interpolate=True, lineColor=array([-1., -1., -1.]), lineColorSpace='rgb', lineRGB=array([-1, -1, -1]), lineWidth=1.0, name='fixCrossR_2', opacity=1.0, ori=0.0, pos=array([0., 0.]), size=array([0.02, 0.02]), units='height', vertices=ndarray(...), win=Window(...), windingRule=None)
12.6185 	EXP 	window1: mouseVisible = True
12.6202 	EXP 	Created fixCrossR_4 = ShapeStim(__class__=<class 'psychopy.visual.shape.ShapeStim'>, anchor=('center', 'center'), autoDraw=False, autoLog=True, closeShape=True, color=method-wrapper(...), colorSpace='rgb', contrast=None, depth=0.0, draggable=False, fillColor=array([-1, -1, -1]), fillColorSpace='rgb', fillRGB=array([-1, -1, -1]), interpolate=True, lineColor=array([-1., -1., -1.]), lineColorSpace='rgb', lineRGB=array([-1, -1, -1]), lineWidth=1.0, name='fixCrossR_4', opacity=1.0, ori=0.0, pos=array([0., 0.]), size=array([0.02, 0.02]), units='height', vertices=ndarray(...), win=Window(...), windingRule=None)
12.6203 	EXP 	window1: mouseVisible = True
12.6220 	EXP 	Created fixCross = ShapeStim(__class__=<class 'psychopy.visual.shape.ShapeStim'>, anchor=('center', 'center'), autoDraw=False, autoLog=True, closeShape=True, color=method-wrapper(...), colorSpace='rgb', contrast=None, depth=0.0, draggable=False, fillColor=array([1, 1, 1]), fillColorSpace='rgb', fillRGB=array([1, 1, 1]), interpolate=True, lineColor=array([1., 1., 1.]), lineColorSpace='rgb', lineRGB=array([1, 1, 1]), lineWidth=1.0, name='fixCross', opacity=1.0, ori=0.0, pos=array([0., 0.]), size=array([0.02, 0.02]), units='height', vertices=ndarray(...), win=Window(...), windingRule=None)
12.6221 	EXP 	window1: mouseVisible = True
12.6231 	EXP 	Created text1 = TextStim(__class__=<class 'psychopy.visual.text.TextStim'>, alignHoriz=method-wrapper(...), alignText='center', alignVert=method-wrapper(...), anchorHoriz='center', anchorVert='center', antialias=True, autoDraw=False, autoLog=True, bold=False, color=array([1., 1., 1.]), colorSpace='rgb', contrast=1.0, depth=-1.0, draggable=False, flipHoriz=False, flipVert=False, font='Open Sans', fontFiles=[], height=0.05, italic=False, languageStyle='LTR', name='text1', opacity=1.0, ori=0.0, pos=array([-0.225,  0.08 ]), rgb=UNKNOWN, text='', units='norm', win=Window(...), wrapWidth=1)
12.6232 	EXP 	window1: mouseVisible = True
12.6241 	EXP 	Created text2 = TextStim(__class__=<class 'psychopy.visual.text.TextStim'>, alignHoriz=method-wrapper(...), alignText='center', alignVert=method-wrapper(...), anchorHoriz='center', anchorVert='center', antialias=True, autoDraw=False, autoLog=True, bold=False, color=array([1., 1., 1.]), colorSpace='rgb', contrast=1.0, depth=-2.0, draggable=False, flipHoriz=False, flipVert=False, font='Open Sans', fontFiles=[], height=0.05, italic=False, languageStyle='LTR', name='text2', opacity=1.0, ori=0.0, pos=array([-0.075,  0.08 ]), rgb=UNKNOWN, text='', units='norm', win=Window(...), wrapWidth=1)
12.6242 	EXP 	window1: mouseVisible = True
12.6251 	EXP 	Created text3 = TextStim(__class__=<class 'psychopy.visual.text.TextStim'>, alignHoriz=method-wrapper(...), alignText='center', alignVert=method-wrapper(...), anchorHoriz='center', anchorVert='center', antialias=True, autoDraw=False, autoLog=True, bold=False, color=array([1., 1., 1.]), colorSpace='rgb', contrast=1.0, depth=-3.0, draggable=False, flipHoriz=False, flipVert=False, font='Open Sans', fontFiles=[], height=0.05, italic=False, languageStyle='LTR', name='text3', opacity=1.0, ori=0.0, pos=array([0.075, 0.08 ]), rgb=UNKNOWN, text='', units='norm', win=Window(...), wrapWidth=1)
12.6252 	EXP 	window1: mouseVisible = True
12.6262 	EXP 	Created text4 = TextStim(__class__=<class 'psychopy.visual.text.TextStim'>, alignHoriz=method-wrapper(...), alignText='center', alignVert=method-wrapper(...), anchorHoriz='center', anchorVert='center', antialias=True, autoDraw=False, autoLog=True, bold=False, color=array([1., 1., 1.]), colorSpace='rgb', contrast=1.0, depth=-4.0, draggable=False, flipHoriz=False, flipVert=False, font='Open Sans', fontFiles=[], height=0.05, italic=False, languageStyle='LTR', name='text4', opacity=1.0, ori=0.0, pos=array([0.225, 0.08 ]), rgb=UNKNOWN, text='', units='norm', win=Window(...), wrapWidth=1)
12.6263 	EXP 	window1: mouseVisible = True
12.6273 	EXP 	Created text5 = TextStim(__class__=<class 'psychopy.visual.text.TextStim'>, alignHoriz=method-wrapper(...), alignText='center', alignVert=method-wrapper(...), anchorHoriz='center', anchorVert='center', antialias=True, autoDraw=False, autoLog=True, bold=False, color=array([1., 1., 1.]), colorSpace='rgb', contrast=1.0, depth=-5.0, draggable=False, flipHoriz=False, flipVert=False, font='Open Sans', fontFiles=[], height=0.05, italic=False, languageStyle='LTR', name='text5', opacity=1.0, ori=0.0, pos=array([-0.225, -0.08 ]), rgb=UNKNOWN, text='', units='norm', win=Window(...), wrapWidth=1)
12.6274 	EXP 	window1: mouseVisible = True
12.6284 	EXP 	Created text6 = TextStim(__class__=<class 'psychopy.visual.text.TextStim'>, alignHoriz=method-wrapper(...), alignText='center', alignVert=method-wrapper(...), anchorHoriz='center', anchorVert='center', antialias=True, autoDraw=False, autoLog=True, bold=False, color=array([1., 1., 1.]), colorSpace='rgb', contrast=1.0, depth=-6.0, draggable=False, flipHoriz=False, flipVert=False, font='Open Sans', fontFiles=[], height=0.05, italic=False, languageStyle='LTR', name='text6', opacity=1.0, ori=0.0, pos=array([-0.075, -0.08 ]), rgb=UNKNOWN, text='', units='norm', win=Window(...), wrapWidth=1)
12.6284 	EXP 	window1: mouseVisible = True
12.6294 	EXP 	Created text7 = TextStim(__class__=<class 'psychopy.visual.text.TextStim'>, alignHoriz=method-wrapper(...), alignText='center', alignVert=method-wrapper(...), anchorHoriz='center', anchorVert='center', antialias=True, autoDraw=False, autoLog=True, bold=False, color=array([1., 1., 1.]), colorSpace='rgb', contrast=1.0, depth=-7.0, draggable=False, flipHoriz=False, flipVert=False, font='Open Sans', fontFiles=[], height=0.05, italic=False, languageStyle='LTR', name='text7', opacity=1.0, ori=0.0, pos=array([ 0.075, -0.08 ]), rgb=UNKNOWN, text='', units='norm', win=Window(...), wrapWidth=1)
12.6295 	EXP 	window1: mouseVisible = True
12.6304 	EXP 	Created text8 = TextStim(__class__=<class 'psychopy.visual.text.TextStim'>, alignHoriz=method-wrapper(...), alignText='center', alignVert=method-wrapper(...), anchorHoriz='center', anchorVert='center', antialias=True, autoDraw=False, autoLog=True, bold=False, color=array([1., 1., 1.]), colorSpace='rgb', contrast=1.0, depth=-8.0, draggable=False, flipHoriz=False, flipVert=False, font='Open Sans', fontFiles=[], height=0.05, italic=False, languageStyle='LTR', name='text8', opacity=1.0, ori=0.0, pos=array([ 0.225, -0.08 ]), rgb=UNKNOWN, text='', units='norm', win=Window(...), wrapWidth=1)
12.6305 	EXP 	window1: mouseVisible = True
12.6315 	EXP 	Created num1 = TextStim(__class__=<class 'psychopy.visual.text.TextStim'>, alignHoriz=method-wrapper(...), alignText='center', alignVert=method-wrapper(...), anchorHoriz='center', anchorVert='center', antialias=True, autoDraw=False, autoLog=True, bold=False, color=array([1., 1., 1.]), colorSpace='rgb', contrast=1.0, depth=-10.0, draggable=False, flipHoriz=False, flipVert=False, font='Open Sans', fontFiles=[], height=0.1, italic=False, languageStyle='LTR', name='num1', opacity=1.0, ori=0.0, pos=array([-0.225,  0.24 ]), rgb=UNKNOWN, text='', units='norm', win=Window(...), wrapWidth=1)
12.6315 	EXP 	window1: mouseVisible = True
12.6326 	EXP 	Created num2 = TextStim(__class__=<class 'psychopy.visual.text.TextStim'>, alignHoriz=method-wrapper(...), alignText='center', alignVert=method-wrapper(...), anchorHoriz='center', anchorVert='center', antialias=True, autoDraw=False, autoLog=True, bold=False, color=array([1., 1., 1.]), colorSpace='rgb', contrast=1.0, depth=-11.0, draggable=False, flipHoriz=False, flipVert=False, font='Open Sans', fontFiles=[], height=0.1, italic=False, languageStyle='LTR', name='num2', opacity=1.0, ori=0.0, pos=array([-0.075,  0.24 ]), rgb=UNKNOWN, text='', units='norm', win=Window(...), wrapWidth=1)
12.6327 	EXP 	window1: mouseVisible = True
12.6336 	EXP 	Created num3 = TextStim(__class__=<class 'psychopy.visual.text.TextStim'>, alignHoriz=method-wrapper(...), alignText='center', alignVert=method-wrapper(...), anchorHoriz='center', anchorVert='center', antialias=True, autoDraw=False, autoLog=True, bold=False, color=array([1., 1., 1.]), colorSpace='rgb', contrast=1.0, depth=-12.0, draggable=False, flipHoriz=False, flipVert=False, font='Open Sans', fontFiles=[], height=0.1, italic=False, languageStyle='LTR', name='num3', opacity=1.0, ori=0.0, pos=array([0.075, 0.24 ]), rgb=UNKNOWN, text='', units='norm', win=Window(...), wrapWidth=1)
12.6337 	EXP 	window1: mouseVisible = True
12.6347 	EXP 	Created num4 = TextStim(__class__=<class 'psychopy.visual.text.TextStim'>, alignHoriz=method-wrapper(...), alignText='center', alignVert=method-wrapper(...), anchorHoriz='center', anchorVert='center', antialias=True, autoDraw=False, autoLog=True, bold=False, color=array([1., 1., 1.]), colorSpace='rgb', contrast=1.0, depth=-13.0, draggable=False, flipHoriz=False, flipVert=False, font='Open Sans', fontFiles=[], height=0.1, italic=False, languageStyle='LTR', name='num4', opacity=1.0, ori=0.0, pos=array([0.225, 0.24 ]), rgb=UNKNOWN, text='', units='norm', win=Window(...), wrapWidth=1)
12.6348 	EXP 	window1: mouseVisible = True
12.6366 	EXP 	Created fixCrossR = ShapeStim(__class__=<class 'psychopy.visual.shape.ShapeStim'>, anchor=('center', 'center'), autoDraw=False, autoLog=True, closeShape=True, color=method-wrapper(...), colorSpace='rgb', contrast=None, depth=0.0, draggable=False, fillColor=array([-1, -1, -1]), fillColorSpace='rgb', fillRGB=array([-1, -1, -1]), interpolate=True, lineColor=array([-1., -1., -1.]), lineColorSpace='rgb', lineRGB=array([-1, -1, -1]), lineWidth=1.0, name='fixCrossR', opacity=1.0, ori=0.0, pos=array([0., 0.]), size=array([0.02, 0.02]), units='height', vertices=ndarray(...), win=Window(...), windingRule=None)
12.6367 	EXP 	window1: mouseVisible = True
12.6380 	EXP 	Created text_total = TextStim(__class__=<class 'psychopy.visual.text.TextStim'>, alignHoriz=method-wrapper(...), alignText='center', alignVert=method-wrapper(...), anchorHoriz='center', anchorVert='center', antialias=True, autoDraw=False, autoLog=True, bold=False, color=array([1., 1., 1.]), colorSpace='rgb', contrast=1.0, depth=-1.0, draggable=False, flipHoriz=False, flipVert=False, font='Open Sans', fontFiles=[], height=0.05, italic=False, languageStyle='LTR', name='text_total', opacity=1.0, ori=0.0, pos=array([0., 0.]), rgb=UNKNOWN, text='', units='height', win=Window(...), wrapWidth=1)
12.6381 	EXP 	window1: mouseVisible = True
12.6393 	EXP 	Created text_acc = TextStim(__class__=<class 'psychopy.visual.text.TextStim'>, alignHoriz=method-wrapper(...), alignText='center', alignVert=method-wrapper(...), anchorHoriz='center', anchorVert='center', antialias=True, autoDraw=False, autoLog=True, bold=False, color=array([1., 1., 1.]), colorSpace='rgb', contrast=1.0, depth=-2.0, draggable=False, flipHoriz=False, flipVert=False, font='Open Sans', fontFiles=[], height=0.05, italic=False, languageStyle='LTR', name='text_acc', opacity=1.0, ori=0.0, pos=array([ 0. , -0.3]), rgb=UNKNOWN, text='', units='height', win=Window(...), wrapWidth=1)
0.0137 	EXP 	Created sequence: random, trialTypes=1, nReps=0, seed=None
0.0304 	EXP 	text: autoDraw = True
0.5039 	DATA 	Mouse: Left button down, pos=(1053,475)
0.6000 	DATA 	Mouse:  Left button up, pos=(1052,475)
0.7055 	EXP 	Imported participantData/s15/block_0/babySteps_s15.xlsx as conditions, 5 conditions, 14 params
0.7058 	EXP 	Created sequence: sequential, trialTypes=5, nReps=1, seed=None
0.7060 	EXP 	New trial (rep=0, index=0): {'category': 'car', 'orientation': 2, 'taskCue': 'stim//obj2.png', 'stimfile': 'stim//car2.png', 'resp1': 'Turtle', 'resp2': 'Horse', 'resp3': 'Car', 'resp4': 'Shoe', 'resp5': 'Full Left', 'resp6': 'Half Right', 'resp7': 'Half Left', 'resp8': 'Full Right', 'objFirst': True, 'interval': 2.475}
0.7095 	DATA 	Keypress: 5
0.7139 	EXP 	text: autoDraw = False
0.7139 	EXP 	cue: image = 'stim//obj2.png'
0.7139 	EXP 	cue: autoDraw = True
1.6988 	EXP 	Created sequence: sequential, trialTypes=1, nReps=3, seed=None
1.6991 	EXP 	New trial (rep=0, index=0): None
1.9143 	EXP 	cue: autoDraw = False
1.9143 	EXP 	cue: autoDraw = False
1.9143 	EXP 	image: image = 'stim//car2.png'
1.9143 	EXP 	image: autoDraw = True
1.9143 	EXP 	fixCrossR_2: autoDraw = True
2.1646 	EXP 	image: autoDraw = False
2.1646 	EXP 	fixCrossR_2: autoDraw = False
2.1646 	EXP 	image: autoDraw = False
2.1646 	EXP 	fixCrossR_2: autoDraw = False
2.1646 	EXP 	fixCrossR_4: autoDraw = True
2.4026 	EXP 	New trial (rep=1, index=0): None
2.5314 	EXP 	fixCrossR_4: autoDraw = False
2.5314 	EXP 	fixCrossR_4: autoDraw = False
2.5314 	EXP 	image: image = 'stim//car2.png'
2.5314 	EXP 	image: autoDraw = True
2.5314 	EXP 	fixCrossR_2: autoDraw = True
2.7817 	EXP 	image: autoDraw = False
2.7817 	EXP 	fixCrossR_2: autoDraw = False
2.7817 	EXP 	image: autoDraw = False
2.7817 	EXP 	fixCrossR_2: autoDraw = False
2.7817 	EXP 	fixCrossR_4: autoDraw = True
3.0163 	EXP 	New trial (rep=2, index=0): None
3.2155 	EXP 	fixCrossR_4: autoDraw = False
3.2155 	EXP 	fixCrossR_4: autoDraw = False
3.2155 	EXP 	image: image = 'stim//car2.png'
3.2155 	EXP 	image: autoDraw = True
3.2155 	EXP 	fixCrossR_2: autoDraw = True
3.4659 	EXP 	image: autoDraw = False
3.4659 	EXP 	fixCrossR_2: autoDraw = False
3.4659 	EXP 	image: autoDraw = False
3.4659 	EXP 	fixCrossR_2: autoDraw = False
3.4659 	EXP 	fixCrossR_4: autoDraw = True
3.7826 	EXP 	fixCrossR_4: autoDraw = False
3.7826 	EXP 	fixCrossR_4: autoDraw = False
3.7826 	EXP 	fixCross_2: fillColor = <psychopy.colors.Color: black, alpha=1.0>
3.7826 	EXP 	fixCross_2: borderColor = <psychopy.colors.Color: black, alpha=1.0>
3.7826 	EXP 	text1_2: foreColor = <psychopy.colors.Color: white, alpha=1.0>
3.7826 	EXP 	text1_2: height = 0.05
3.7826 	EXP 	text1_2: height = 0.05
3.7826 	EXP 	text1_2: height = 0.05
3.7826 	EXP 	text1_2: text = 'Turtle'
3.7826 	EXP 	text2_2: foreColor = <psychopy.colors.Color: white, alpha=1.0>
3.7826 	EXP 	text2_2: height = 0.05
3.7826 	EXP 	text2_2: height = 0.05
3.7826 	EXP 	text2_2: height = 0.05
3.7826 	EXP 	text2_2: text = 'Horse'
3.7826 	EXP 	text3_2: foreColor = <psychopy.colors.Color: white, alpha=1.0>
3.7826 	EXP 	text3_2: height = 0.05
3.7826 	EXP 	text3_2: height = 0.05
3.7826 	EXP 	text3_2: height = 0.05
3.7826 	EXP 	text3_2: text = 'Car'
3.7826 	EXP 	text4_2: foreColor = <psychopy.colors.Color: white, alpha=1.0>
3.7826 	EXP 	text4_2: height = 0.05
3.7826 	EXP 	text4_2: height = 0.05
3.7826 	EXP 	text4_2: height = 0.05
3.7826 	EXP 	text4_2: text = 'Shoe'
3.7826 	EXP 	text5_2: foreColor = <psychopy.colors.Color: white, alpha=1.0>
3.7826 	EXP 	text5_2: height = 0.05
3.7826 	EXP 	text5_2: height = 0.05
3.7826 	EXP 	text5_2: height = 0.05
3.7826 	EXP 	text5_2: text = 'Full Left'
3.7826 	EXP 	text6_2: foreColor = <psychopy.colors.Color: white, alpha=1.0>
3.7826 	EXP 	text6_2: height = 0.05
3.7826 	EXP 	text6_2: height = 0.05
3.7826 	EXP 	text6_2: height = 0.05
3.7826 	EXP 	text6_2: text = 'Half Right'
3.7826 	EXP 	text7_2: foreColor = <psychopy.colors.Color: white, alpha=1.0>
3.7826 	EXP 	text7_2: height = 0.05
3.7826 	EXP 	text7_2: height = 0.05
3.7826 	EXP 	text7_2: height = 0.05
3.7826 	EXP 	text7_2: text = 'Half Left'
3.7826 	EXP 	text8_2: foreColor = <psychopy.colors.Color: white, alpha=1.0>
3.7826 	EXP 	text8_2: height = 0.05
3.7826 	EXP 	text8_2: height = 0.05
3.7826 	EXP 	text8_2: height = 0.05
3.7826 	EXP 	text8_2: text = 'Full Right'
3.7826 	EXP 	num1_2: foreColor = <psychopy.colors.Color: white, alpha=1.0>
3.7826 	EXP 	num1_2: height = 0.1
3.7826 	EXP 	num1_2: height = 0.1
3.7826 	EXP 	num1_2: height = 0.1
3.7826 	EXP 	num1_2: text = '1'
3.7826 	EXP 	num2_2: foreColor = <psychopy.colors.Color: white, alpha=1.0>
3.7826 	EXP 	num2_2: height = 0.1
3.7826 	EXP 	num2_2: height = 0.1
3.7826 	EXP 	num2_2: height = 0.1
3.7826 	EXP 	num2_2: text = '2'
3.7826 	EXP 	num3_2: foreColor = <psychopy.colors.Color: white, alpha=1.0>
3.7826 	EXP 	num3_2: height = 0.1
3.7826 	EXP 	num3_2: height = 0.1
3.7826 	EXP 	num3_2: height = 0.1
3.7826 	EXP 	num3_2: text = '3'
3.7826 	EXP 	num4_2: foreColor = <psychopy.colors.Color: white, alpha=1.0>
3.7826 	EXP 	num4_2: height = 0.1
3.7826 	EXP 	num4_2: height = 0.1
3.7826 	EXP 	num4_2: height = 0.1
3.7826 	EXP 	num4_2: text = '4'
3.7826 	EXP 	fixCross_2: autoDraw = True
3.7826 	EXP 	text1_2: autoDraw = True
3.7826 	EXP 	text2_2: autoDraw = True
3.7826 	EXP 	text3_2: autoDraw = True
3.7826 	EXP 	text4_2: autoDraw = True
3.7826 	EXP 	text5_2: autoDraw = True
3.7826 	EXP 	text6_2: autoDraw = True
3.7826 	EXP 	text7_2: autoDraw = True
3.7826 	EXP 	text8_2: autoDraw = True
3.7826 	EXP 	num1_2: autoDraw = True
3.7826 	EXP 	num2_2: autoDraw = True
3.7826 	EXP 	num3_2: autoDraw = True
3.7826 	EXP 	num4_2: autoDraw = True
4.1739 	DATA 	Keypress: 3
4.1996 	EXP 	fixCross_2: foreColor = <psychopy.colors.Color: (0.0, 1.0, 0.0, 1.0)>
4.1996 	EXP 	fixCross_2: borderColor = <psychopy.colors.Color: (0.0, 1.0, 0.0, 1.0)>
4.1996 	EXP 	fixCross_2: fillColor = <psychopy.colors.Color: (0.0, 1.0, 0.0, 1.0)>
4.1996 	EXP 	text3_2: foreColor = <psychopy.colors.Color: (0.0, 1.0, 0.0, 1.0)>
4.1996 	EXP 	text7_2: foreColor = <psychopy.colors.Color: (0.0, 1.0, 0.0, 1.0)>
4.1996 	EXP 	num3_2: foreColor = <psychopy.colors.Color: (0.0, 1.0, 0.0, 1.0)>
9.8786 	DATA 	Mouse: Left button down, pos=(1040,211)
9.9781 	DATA 	Mouse:  Left button up, pos=(1040,211)
10.0576 	EXP 	New trial (rep=0, index=1): {'category': 'horse', 'orientation': 1, 'taskCue': 'stim//ori2.png', 'stimfile': 'stim//horse1.png', 'resp1': 'Half Left', 'resp2': 'Full Right', 'resp3': 'Full Left', 'resp4': 'Half Right', 'resp5': 'Car', 'resp6': 'Horse', 'resp7': 'Shoe', 'resp8': 'Turtle', 'objFirst': False, 'interval': 2.425}
10.0633 	DATA 	Keypress: space
10.0713 	EXP 	fixCross_2: autoDraw = False
10.0713 	EXP 	text1_2: autoDraw = False
10.0713 	EXP 	text2_2: autoDraw = False
10.0713 	EXP 	text3_2: autoDraw = False
10.0713 	EXP 	text4_2: autoDraw = False
10.0713 	EXP 	text5_2: autoDraw = False
10.0713 	EXP 	text6_2: autoDraw = False
10.0713 	EXP 	text7_2: autoDraw = False
10.0713 	EXP 	text8_2: autoDraw = False
10.0713 	EXP 	num1_2: autoDraw = False
10.0713 	EXP 	num2_2: autoDraw = False
10.0713 	EXP 	num3_2: autoDraw = False
10.0713 	EXP 	num4_2: autoDraw = False
10.0713 	EXP 	fixCross: foreColor = <psychopy.colors.Color: transparent, alpha=1.0>
10.0713 	EXP 	fixCross: borderColor = <psychopy.colors.Color: transparent, alpha=1.0>
10.0713 	EXP 	fixCross: fillColor = <psychopy.colors.Color: transparent, alpha=1.0>
10.0713 	EXP 	cue: image = 'stim//ori2.png'
10.0713 	EXP 	cue: autoDraw = True
11.0563 	EXP 	Created sequence: sequential, trialTypes=1, nReps=3, seed=None
11.0567 	EXP 	New trial (rep=0, index=0): None
11.1753 	EXP 	cue: autoDraw = False
11.1753 	EXP 	cue: autoDraw = False
11.1753 	EXP 	image: image = 'stim//horse1.png'
11.1753 	EXP 	image: autoDraw = True
11.1753 	EXP 	fixCrossR_2: autoDraw = True
11.4224 	EXP 	image: autoDraw = False
11.4224 	EXP 	fixCrossR_2: autoDraw = False
11.4224 	EXP 	image: autoDraw = False
11.4224 	EXP 	fixCrossR_2: autoDraw = False
11.4224 	EXP 	fixCrossR_4: autoDraw = True
11.6570 	EXP 	New trial (rep=1, index=0): None
11.7740 	EXP 	fixCrossR_4: autoDraw = False
11.7740 	EXP 	fixCrossR_4: autoDraw = False
11.7740 	EXP 	image: image = 'stim//horse1.png'
11.7740 	EXP 	image: autoDraw = True
11.7740 	EXP 	fixCrossR_2: autoDraw = True
12.0230 	EXP 	image: autoDraw = False
12.0230 	EXP 	fixCrossR_2: autoDraw = False
12.0230 	EXP 	image: autoDraw = False
12.0230 	EXP 	fixCrossR_2: autoDraw = False
12.0230 	EXP 	fixCrossR_4: autoDraw = True
12.2573 	EXP 	New trial (rep=2, index=0): None
12.4418 	EXP 	fixCrossR_4: autoDraw = False
12.4418 	EXP 	fixCrossR_4: autoDraw = False
12.4418 	EXP 	image: image = 'stim//horse1.png'
12.4418 	EXP 	image: autoDraw = True
12.4418 	EXP 	fixCrossR_2: autoDraw = True
12.6902 	EXP 	image: autoDraw = False
12.6902 	EXP 	fixCrossR_2: autoDraw = False
12.6902 	EXP 	image: autoDraw = False
12.6902 	EXP 	fixCrossR_2: autoDraw = False
12.6902 	EXP 	fixCrossR_4: autoDraw = True
12.9737 	EXP 	fixCrossR_4: autoDraw = False
12.9737 	EXP 	fixCrossR_4: autoDraw = False
12.9737 	EXP 	fixCross_2: fillColor = <psychopy.colors.Color: black, alpha=1.0>
12.9737 	EXP 	fixCross_2: borderColor = <psychopy.colors.Color: black, alpha=1.0>
12.9737 	EXP 	text1_2: foreColor = <psychopy.colors.Color: white, alpha=1.0>
12.9737 	EXP 	text1_2: height = 0.05
12.9737 	EXP 	text1_2: height = 0.05
12.9737 	EXP 	text1_2: height = 0.05
12.9737 	EXP 	text1_2: text = 'Half Left'
12.9737 	EXP 	text2_2: foreColor = <psychopy.colors.Color: white, alpha=1.0>
12.9737 	EXP 	text2_2: height = 0.05
12.9737 	EXP 	text2_2: height = 0.05
12.9737 	EXP 	text2_2: height = 0.05
12.9737 	EXP 	text2_2: text = 'Full Right'
12.9737 	EXP 	text3_2: foreColor = <psychopy.colors.Color: white, alpha=1.0>
12.9737 	EXP 	text3_2: height = 0.05
12.9737 	EXP 	text3_2: height = 0.05
12.9737 	EXP 	text3_2: height = 0.05
12.9737 	EXP 	text3_2: text = 'Full Left'
12.9737 	EXP 	text4_2: foreColor = <psychopy.colors.Color: white, alpha=1.0>
12.9737 	EXP 	text4_2: height = 0.05
12.9737 	EXP 	text4_2: height = 0.05
12.9737 	EXP 	text4_2: height = 0.05
12.9737 	EXP 	text4_2: text = 'Half Right'
12.9737 	EXP 	text5_2: foreColor = <psychopy.colors.Color: white, alpha=1.0>
12.9737 	EXP 	text5_2: height = 0.05
12.9737 	EXP 	text5_2: height = 0.05
12.9737 	EXP 	text5_2: height = 0.05
12.9737 	EXP 	text5_2: text = 'Car'
12.9737 	EXP 	text6_2: foreColor = <psychopy.colors.Color: white, alpha=1.0>
12.9737 	EXP 	text6_2: height = 0.05
12.9737 	EXP 	text6_2: height = 0.05
12.9737 	EXP 	text6_2: height = 0.05
12.9737 	EXP 	text6_2: text = 'Horse'
12.9737 	EXP 	text7_2: foreColor = <psychopy.colors.Color: white, alpha=1.0>
12.9737 	EXP 	text7_2: height = 0.05
12.9737 	EXP 	text7_2: height = 0.05
12.9737 	EXP 	text7_2: height = 0.05
12.9737 	EXP 	text7_2: text = 'Shoe'
12.9737 	EXP 	text8_2: foreColor = <psychopy.colors.Color: white, alpha=1.0>
12.9737 	EXP 	text8_2: height = 0.05
12.9737 	EXP 	text8_2: height = 0.05
12.9737 	EXP 	text8_2: height = 0.05
12.9737 	EXP 	text8_2: text = 'Turtle'
12.9737 	EXP 	num1_2: foreColor = <psychopy.colors.Color: white, alpha=1.0>
12.9737 	EXP 	num1_2: text = '1'
12.9737 	EXP 	num2_2: foreColor = <psychopy.colors.Color: white, alpha=1.0>
12.9737 	EXP 	num2_2: text = '2'
12.9737 	EXP 	num3_2: foreColor = <psychopy.colors.Color: white, alpha=1.0>
12.9737 	EXP 	num3_2: text = '3'
12.9737 	EXP 	num4_2: foreColor = <psychopy.colors.Color: white, alpha=1.0>
12.9737 	EXP 	num4_2: text = '4'
12.9737 	EXP 	fixCross_2: autoDraw = True
12.9737 	EXP 	text1_2: autoDraw = True
12.9737 	EXP 	text2_2: autoDraw = True
12.9737 	EXP 	text3_2: autoDraw = True
12.9737 	EXP 	text4_2: autoDraw = True
12.9737 	EXP 	text5_2: autoDraw = True
12.9737 	EXP 	text6_2: autoDraw = True
12.9737 	EXP 	text7_2: autoDraw = True
12.9737 	EXP 	text8_2: autoDraw = True
12.9737 	EXP 	num1_2: autoDraw = True
12.9737 	EXP 	num2_2: autoDraw = True
12.9737 	EXP 	num3_2: autoDraw = True
12.9737 	EXP 	num4_2: autoDraw = True
13.4164 	DATA 	Keypress: 2
13.4406 	EXP 	fixCross_2: foreColor = <psychopy.colors.Color: (1.0, 0.0, 0.0, 1.0)>
13.4406 	EXP 	fixCross_2: borderColor = <psychopy.colors.Color: (1.0, 0.0, 0.0, 1.0)>
13.4406 	EXP 	fixCross_2: fillColor = <psychopy.colors.Color: (1.0, 0.0, 0.0, 1.0)>
13.4406 	EXP 	text2_2: foreColor = <psychopy.colors.Color: (1.0, 0.0, 0.0, 1.0)>
13.4406 	EXP 	text6_2: foreColor = <psychopy.colors.Color: (1.0, 0.0, 0.0, 1.0)>
13.4406 	EXP 	num2_2: foreColor = <psychopy.colors.Color: (1.0, 0.0, 0.0, 1.0)>
16.4496 	DATA 	Keypress: escape
16.5775 	EXP 	pilotv2: status = STOPPED
16.5933 	EXP 	fixCross_2: autoDraw = False
16.5933 	EXP 	text1_2: autoDraw = False
16.5933 	EXP 	text2_2: autoDraw = False
16.5933 	EXP 	text3_2: autoDraw = False
16.5933 	EXP 	text4_2: autoDraw = False
16.5933 	EXP 	text5_2: autoDraw = False
16.5933 	EXP 	text6_2: autoDraw = False
16.5933 	EXP 	text7_2: autoDraw = False
16.5933 	EXP 	text8_2: autoDraw = False
16.5933 	EXP 	num1_2: autoDraw = False
16.5933 	EXP 	num2_2: autoDraw = False
16.5933 	EXP 	num3_2: autoDraw = False
16.5933 	EXP 	num4_2: autoDraw = False
16.5934 	EXP 	pilotv2: status = STOPPED
16.8255 	EXP 	window1: mouseVisible = True
