2.4016 	ERROR 	Support for the `sounddevice` audio backend is not available this session. Please install `psychopy-sounddevice` and restart the session to enable support.
7.1209 	WARNING 	User requested fullscreen with size [1536  864], but screen is actually [1920, 1080]. Using actual size
7.8814 	EXP 	Created window1 = Window(allowGUI=True, allowStencil=False, autoLog=True, backendConf=UNKNOWN, backgroundFit=<method-wrapper '__getattribute__' of attributeSetter object at 0x00000232B2145130>, backgroundImage=<method-wrapper '__getattribute__' of attributeSetter object at 0x00000232B21450D0>, bitsMode=UNKNOWN, blendMode='avg', bpc=(8, 8, 8), color=array([-0.4039, -0.4039, -0.4039]), colorSpace='rgb', depthBits=8, fullscr=<method-wrapper '__getattribute__' of attributeSetter object at 0x00000232B2133FD0>, gamma=None, gammaErrorPolicy='raise', lms=UNKNOWN, monitor=<psychopy.monitors.calibTools.Monitor object at 0x00000232B265A0D0>, multiSample=False, name='window1', numSamples=2, pos=(-1920, 0), screen=0, size=array([1920, 1080]), stencilBits=0, stereo=False, title='PsychoPy', units='height', useFBO=True, useRetina=False, viewOri=0.0, viewPos=None, viewScale=None, waitBlanking=True, winType='pyglet')
7.8815 	EXP 	window1: mouseVisible = True
7.8815 	EXP 	window1: backgroundImage = ''
7.8815 	EXP 	window1: backgroundFit = 'none'
7.8830 	EXP 	window1: Attempting to measure frame rate of screen (0) ...
7.8831 	EXP 	window1: recordFrameIntervals = False
8.0481 	EXP 	window1: recordFrameIntervals = True
8.3132 	EXP 	Screen (0) actual frame rate measured at 60.19Hz
8.3133 	EXP 	window1: recordFrameIntervals = False
8.3133 	EXP 	window1: mouseVisible = False
10.4327 	EXP 	pilotv2: status = STARTED
10.4329 	EXP 	window1: mouseVisible = True
10.4430 	EXP 	Created imageInstruct = ImageStim(__class__=<class 'psychopy.visual.image.ImageStim'>, anchor=('center', 'center'), autoLog=True, color=array([1., 1., 1.]), colorSpace='rgb', contrast=1.0, depth=0.0, draggable=False, flipHoriz=False, flipVert=False, image='default.png', interpolate=True, mask=None, maskParams=None, name='imageInstruct', opacity=1.0, ori=0.0, pos=array([0., 0.]), size=array([1.6    , 1.00736]), texRes=128.0, units='height', win=Window(...))
10.4433 	EXP 	window1: mouseVisible = True
10.4434 	EXP 	window1: mouseVisible = True
10.4438 	EXP 	window1: mouseVisible = True
10.4442 	EXP 	window1: mouseVisible = True
10.4668 	EXP 	window1: mouseVisible = True
10.4670 	EXP 	window1: mouseVisible = True
10.4674 	EXP 	window1: mouseVisible = True
10.4678 	EXP 	window1: mouseVisible = True
10.4861 	EXP 	window1: mouseVisible = True
10.4864 	EXP 	window1: mouseVisible = True
10.4865 	EXP 	window1: mouseVisible = True
10.4869 	EXP 	window1: mouseVisible = True
10.4873 	EXP 	window1: mouseVisible = True
10.5042 	EXP 	window1: mouseVisible = True
10.5043 	EXP 	window1: mouseVisible = True
10.5048 	EXP 	window1: mouseVisible = True
10.5051 	EXP 	window1: mouseVisible = True
10.5086 	EXP 	window1: mouseVisible = True
10.5087 	EXP 	window1: mouseVisible = True
10.5717 	EXP 	Created text_8 = TextStim(__class__=<class 'psychopy.visual.text.TextStim'>, alignHoriz=method-wrapper(...), alignText='center', alignVert=method-wrapper(...), anchorHoriz='center', anchorVert='center', antialias=True, autoDraw=False, autoLog=True, bold=False, color=array([1., 1., 1.]), colorSpace='rgb', contrast=1.0, depth=0.0, draggable=False, flipHoriz=False, flipVert=False, font='Open Sans', fontFiles=[], height=0.05, italic=False, languageStyle='LTR', name='text_8', opacity=1.0, ori=0.0, pos=array([0., 0.]), rgb=UNKNOWN, text=str(...), units='height', win=Window(...), wrapWidth=1)
10.5719 	EXP 	window1: mouseVisible = True
10.5720 	EXP 	window1: mouseVisible = True
10.5725 	EXP 	window1: mouseVisible = True
10.5729 	EXP 	window1: mouseVisible = True
10.5965 	EXP 	window1: mouseVisible = True
10.5966 	EXP 	window1: mouseVisible = True
10.5971 	EXP 	window1: mouseVisible = True
10.5975 	EXP 	window1: mouseVisible = True
10.6088 	EXP 	window1: mouseVisible = True
10.6090 	EXP 	window1: mouseVisible = True
10.6092 	EXP 	window1: mouseVisible = True
10.6096 	EXP 	window1: mouseVisible = True
10.6100 	EXP 	window1: mouseVisible = True
10.6186 	EXP 	window1: mouseVisible = True
10.6187 	EXP 	window1: mouseVisible = True
10.6191 	EXP 	window1: mouseVisible = True
10.6195 	EXP 	window1: mouseVisible = True
10.6229 	EXP 	window1: mouseVisible = True
10.6229 	EXP 	window1: mouseVisible = True
10.6268 	EXP 	Created image_17 = ImageStim(__class__=<class 'psychopy.visual.image.ImageStim'>, anchor=('center', 'center'), autoLog=True, color=array([1., 1., 1.]), colorSpace='rgb', contrast=1.0, depth=-3.0, draggable=False, flipHoriz=False, flipVert=False, image='stim/ori1.png', interpolate=True, mask=None, maskParams=None, name='image_17', opacity=1.0, ori=0.0, pos=array([0.  , 0.23]), size=array([0.15, 0.15]), texRes=128.0, units='height', win=Window(...))
10.6269 	EXP 	window1: mouseVisible = True
10.6309 	EXP 	Created text_9 = TextStim(__class__=<class 'psychopy.visual.text.TextStim'>, alignHoriz=method-wrapper(...), alignText='center', alignVert=method-wrapper(...), anchorHoriz='center', anchorVert='center', antialias=True, autoDraw=False, autoLog=True, bold=False, color=array([1., 1., 1.]), colorSpace='rgb', contrast=1.0, depth=0.0, draggable=False, flipHoriz=False, flipVert=False, font='Open Sans', fontFiles=[], height=0.05, italic=False, languageStyle='LTR', name='text_9', opacity=1.0, ori=0.0, pos=array([0., 0.]), rgb=UNKNOWN, text=str(...), units='height', win=Window(...), wrapWidth=1)
10.6311 	EXP 	window1: mouseVisible = True
10.6312 	EXP 	window1: mouseVisible = True
10.6316 	EXP 	window1: mouseVisible = True
10.6320 	EXP 	window1: mouseVisible = True
10.6359 	EXP 	window1: mouseVisible = True
10.6360 	EXP 	window1: mouseVisible = True
10.6364 	EXP 	window1: mouseVisible = True
10.6368 	EXP 	window1: mouseVisible = True
10.6402 	EXP 	window1: mouseVisible = True
10.6404 	EXP 	window1: mouseVisible = True
10.6405 	EXP 	window1: mouseVisible = True
10.6410 	EXP 	window1: mouseVisible = True
10.6415 	EXP 	window1: mouseVisible = True
10.6454 	EXP 	window1: mouseVisible = True
10.6455 	EXP 	window1: mouseVisible = True
10.6459 	EXP 	window1: mouseVisible = True
10.6464 	EXP 	window1: mouseVisible = True
10.6498 	EXP 	window1: mouseVisible = True
10.6499 	EXP 	window1: mouseVisible = True
10.6537 	EXP 	Created image_18 = ImageStim(__class__=<class 'psychopy.visual.image.ImageStim'>, anchor=('center', 'center'), autoLog=True, color=array([1., 1., 1.]), colorSpace='rgb', contrast=1.0, depth=-3.0, draggable=False, flipHoriz=False, flipVert=False, image='stim/obj2.png', interpolate=True, mask=None, maskParams=None, name='image_18', opacity=1.0, ori=0.0, pos=array([0.  , 0.23]), size=array([0.15, 0.15]), texRes=128.0, units='height', win=Window(...))
10.6538 	EXP 	window1: mouseVisible = True
10.6579 	EXP 	Created text_10 = TextStim(__class__=<class 'psychopy.visual.text.TextStim'>, alignHoriz=method-wrapper(...), alignText='center', alignVert=method-wrapper(...), anchorHoriz='center', anchorVert='center', antialias=True, autoDraw=False, autoLog=True, bold=False, color=array([1., 1., 1.]), colorSpace='rgb', contrast=1.0, depth=0.0, draggable=False, flipHoriz=False, flipVert=False, font='Open Sans', fontFiles=[], height=0.05, italic=False, languageStyle='LTR', name='text_10', opacity=1.0, ori=0.0, pos=array([0., 0.]), rgb=UNKNOWN, text=str(...), units='height', win=Window(...), wrapWidth=1)
10.6581 	EXP 	window1: mouseVisible = True
10.6582 	EXP 	window1: mouseVisible = True
10.6586 	EXP 	window1: mouseVisible = True
10.6590 	EXP 	window1: mouseVisible = True
10.6629 	EXP 	window1: mouseVisible = True
10.6630 	EXP 	window1: mouseVisible = True
10.6634 	EXP 	window1: mouseVisible = True
10.6638 	EXP 	window1: mouseVisible = True
10.6672 	EXP 	window1: mouseVisible = True
10.6674 	EXP 	window1: mouseVisible = True
10.6675 	EXP 	window1: mouseVisible = True
10.6679 	EXP 	window1: mouseVisible = True
10.6683 	EXP 	window1: mouseVisible = True
10.6735 	EXP 	window1: mouseVisible = True
10.6736 	EXP 	window1: mouseVisible = True
10.6740 	EXP 	window1: mouseVisible = True
10.6744 	EXP 	window1: mouseVisible = True
10.6778 	EXP 	window1: mouseVisible = True
10.6778 	EXP 	window1: mouseVisible = True
10.6820 	EXP 	Created image_19 = ImageStim(__class__=<class 'psychopy.visual.image.ImageStim'>, anchor=('center', 'center'), autoLog=True, color=array([1., 1., 1.]), colorSpace='rgb', contrast=1.0, depth=-3.0, draggable=False, flipHoriz=False, flipVert=False, image='stim/ori2.png', interpolate=True, mask=None, maskParams=None, name='image_19', opacity=1.0, ori=0.0, pos=array([0.  , 0.23]), size=array([0.15, 0.15]), texRes=128.0, units='height', win=Window(...))
10.6822 	EXP 	window1: mouseVisible = True
10.6863 	EXP 	Created text_11 = TextStim(__class__=<class 'psychopy.visual.text.TextStim'>, alignHoriz=method-wrapper(...), alignText='center', alignVert=method-wrapper(...), anchorHoriz='center', anchorVert='center', antialias=True, autoDraw=False, autoLog=True, bold=False, color=array([1., 1., 1.]), colorSpace='rgb', contrast=1.0, depth=0.0, draggable=False, flipHoriz=False, flipVert=False, font='Open Sans', fontFiles=[], height=0.05, italic=False, languageStyle='LTR', name='text_11', opacity=1.0, ori=0.0, pos=array([0., 0.]), rgb=UNKNOWN, text=str(...), units='height', win=Window(...), wrapWidth=1)
10.6865 	EXP 	window1: mouseVisible = True
10.6866 	EXP 	window1: mouseVisible = True
10.6871 	EXP 	window1: mouseVisible = True
10.6875 	EXP 	window1: mouseVisible = True
10.6914 	EXP 	window1: mouseVisible = True
10.6915 	EXP 	window1: mouseVisible = True
10.6919 	EXP 	window1: mouseVisible = True
10.6923 	EXP 	window1: mouseVisible = True
10.6957 	EXP 	window1: mouseVisible = True
10.6959 	EXP 	window1: mouseVisible = True
10.6960 	EXP 	window1: mouseVisible = True
10.6965 	EXP 	window1: mouseVisible = True
10.6969 	EXP 	window1: mouseVisible = True
10.7009 	EXP 	window1: mouseVisible = True
10.7010 	EXP 	window1: mouseVisible = True
10.7015 	EXP 	window1: mouseVisible = True
10.7020 	EXP 	window1: mouseVisible = True
10.7058 	EXP 	window1: mouseVisible = True
10.7058 	EXP 	window1: mouseVisible = True
10.7100 	EXP 	Created image_20 = ImageStim(__class__=<class 'psychopy.visual.image.ImageStim'>, anchor=('center', 'center'), autoLog=True, color=array([1., 1., 1.]), colorSpace='rgb', contrast=1.0, depth=-3.0, draggable=False, flipHoriz=False, flipVert=False, image='stim/obj1.png', interpolate=True, mask=None, maskParams=None, name='image_20', opacity=1.0, ori=0.0, pos=array([0.  , 0.23]), size=array([0.15, 0.15]), texRes=128.0, units='height', win=Window(...))
10.7101 	EXP 	window1: mouseVisible = True
10.7195 	EXP 	Created imageInstruct_2 = ImageStim(__class__=<class 'psychopy.visual.image.ImageStim'>, anchor=('center', 'center'), autoLog=True, color=array([1., 1., 1.]), colorSpace='rgb', contrast=1.0, depth=0.0, draggable=False, flipHoriz=False, flipVert=False, image='default.png', interpolate=True, mask=None, maskParams=None, name='imageInstruct_2', opacity=1.0, ori=0.0, pos=array([0., 0.]), size=array([1.6    , 1.00736]), texRes=128.0, units='height', win=Window(...))
10.7197 	EXP 	window1: mouseVisible = True
10.7199 	EXP 	window1: mouseVisible = True
10.7203 	EXP 	window1: mouseVisible = True
10.7207 	EXP 	window1: mouseVisible = True
10.7245 	EXP 	window1: mouseVisible = True
10.7246 	EXP 	window1: mouseVisible = True
10.7251 	EXP 	window1: mouseVisible = True
10.7254 	EXP 	window1: mouseVisible = True
10.7289 	EXP 	window1: mouseVisible = True
10.7291 	EXP 	window1: mouseVisible = True
10.7292 	EXP 	window1: mouseVisible = True
10.7296 	EXP 	window1: mouseVisible = True
10.7300 	EXP 	window1: mouseVisible = True
10.7339 	EXP 	window1: mouseVisible = True
10.7340 	EXP 	window1: mouseVisible = True
10.7344 	EXP 	window1: mouseVisible = True
10.7348 	EXP 	window1: mouseVisible = True
10.7381 	EXP 	window1: mouseVisible = True
10.7382 	EXP 	window1: mouseVisible = True
10.7471 	EXP 	Created text = TextStim(__class__=<class 'psychopy.visual.text.TextStim'>, alignHoriz=method-wrapper(...), alignText='center', alignVert=method-wrapper(...), anchorHoriz='center', anchorVert='center', antialias=True, autoDraw=False, autoLog=True, bold=False, color=array([1., 1., 1.]), colorSpace='rgb', contrast=1.0, depth=0.0, draggable=False, flipHoriz=False, flipVert=False, font='Open Sans', fontFiles=[], height=0.05, italic=False, languageStyle='LTR', name='text', opacity=1.0, ori=0.0, pos=array([0., 0.]), rgb=UNKNOWN, text='The experiment will begin soon. Get ready!', units='height', win=Window(...), wrapWidth=1)
10.7472 	EXP 	window1: mouseVisible = True
10.7566 	EXP 	Created cue = ImageStim(__class__=<class 'psychopy.visual.image.ImageStim'>, anchor=('center', 'center'), autoLog=True, color=array([1., 1., 1.]), colorSpace='rgb', contrast=1.0, depth=0.0, draggable=False, flipHoriz=False, flipVert=False, image='default.png', interpolate=True, mask=None, maskParams=None, name='cue', opacity=1.0, ori=0.0, pos=array([0., 0.]), size=array([0.15, 0.15]), texRes=128.0, units='height', win=Window(...))
10.7567 	EXP 	window1: mouseVisible = True
10.7659 	EXP 	Created image = ImageStim(__class__=<class 'psychopy.visual.image.ImageStim'>, anchor=('center', 'center'), autoLog=True, color=array([1., 1., 1.]), colorSpace='rgb', contrast=1.0, depth=0.0, draggable=False, flipHoriz=False, flipVert=False, image='default.png', interpolate=True, mask=None, maskParams=None, name='image', opacity=1.0, ori=0.0, pos=array([0., 0.]), size=array([0.5, 0.5]), texRes=128.0, units='height', win=Window(...))
10.7660 	EXP 	window1: mouseVisible = True
10.7679 	EXP 	Created fixCrossR_2 = ShapeStim(__class__=<class 'psychopy.visual.shape.ShapeStim'>, anchor=('center', 'center'), autoDraw=False, autoLog=True, closeShape=True, color=method-wrapper(...), colorSpace='rgb', contrast=None, depth=-1.0, draggable=False, fillColor=array([-1, -1, -1]), fillColorSpace='rgb', fillRGB=array([-1, -1, -1]), interpolate=True, lineColor=array([-1., -1., -1.]), lineColorSpace='rgb', lineRGB=array([-1, -1, -1]), lineWidth=1.0, name='fixCrossR_2', opacity=1.0, ori=0.0, pos=array([0., 0.]), size=array([0.02, 0.02]), units='height', vertices=ndarray(...), win=Window(...), windingRule=None)
10.7680 	EXP 	window1: mouseVisible = True
10.7697 	EXP 	Created fixCrossR_4 = ShapeStim(__class__=<class 'psychopy.visual.shape.ShapeStim'>, anchor=('center', 'center'), autoDraw=False, autoLog=True, closeShape=True, color=method-wrapper(...), colorSpace='rgb', contrast=None, depth=0.0, draggable=False, fillColor=array([-1, -1, -1]), fillColorSpace='rgb', fillRGB=array([-1, -1, -1]), interpolate=True, lineColor=array([-1., -1., -1.]), lineColorSpace='rgb', lineRGB=array([-1, -1, -1]), lineWidth=1.0, name='fixCrossR_4', opacity=1.0, ori=0.0, pos=array([0., 0.]), size=array([0.02, 0.02]), units='height', vertices=ndarray(...), win=Window(...), windingRule=None)
10.7698 	EXP 	window1: mouseVisible = True
10.7715 	EXP 	Created fixCross_2 = ShapeStim(__class__=<class 'psychopy.visual.shape.ShapeStim'>, anchor=('center', 'center'), autoDraw=False, autoLog=True, closeShape=True, color=method-wrapper(...), colorSpace='rgb', contrast=None, depth=0.0, draggable=False, fillColor=array([1, 1, 1]), fillColorSpace='rgb', fillRGB=array([1, 1, 1]), interpolate=True, lineColor=array([1., 1., 1.]), lineColorSpace='rgb', lineRGB=array([1, 1, 1]), lineWidth=1.0, name='fixCross_2', opacity=1.0, ori=0.0, pos=array([0., 0.]), size=array([0.02, 0.02]), units='height', vertices=ndarray(...), win=Window(...), windingRule=None)
10.7716 	EXP 	window1: mouseVisible = True
10.7739 	EXP 	Created text1_2 = TextStim(__class__=<class 'psychopy.visual.text.TextStim'>, alignHoriz=method-wrapper(...), alignText='center', alignVert=method-wrapper(...), anchorHoriz='center', anchorVert='center', antialias=True, autoDraw=False, autoLog=True, bold=False, color=array([1., 1., 1.]), colorSpace='rgb', contrast=1.0, depth=-1.0, draggable=False, flipHoriz=False, flipVert=False, font='Open Sans', fontFiles=[], height=0.05, italic=False, languageStyle='LTR', name='text1_2', opacity=1.0, ori=0.0, pos=array([-0.225,  0.08 ]), rgb=UNKNOWN, text='', units='norm', win=Window(...), wrapWidth=1)
10.7740 	EXP 	window1: mouseVisible = True
10.7750 	EXP 	Created text2_2 = TextStim(__class__=<class 'psychopy.visual.text.TextStim'>, alignHoriz=method-wrapper(...), alignText='center', alignVert=method-wrapper(...), anchorHoriz='center', anchorVert='center', antialias=True, autoDraw=False, autoLog=True, bold=False, color=array([1., 1., 1.]), colorSpace='rgb', contrast=1.0, depth=-2.0, draggable=False, flipHoriz=False, flipVert=False, font='Open Sans', fontFiles=[], height=0.05, italic=False, languageStyle='LTR', name='text2_2', opacity=1.0, ori=0.0, pos=array([-0.075,  0.08 ]), rgb=UNKNOWN, text='', units='norm', win=Window(...), wrapWidth=1)
10.7751 	EXP 	window1: mouseVisible = True
10.7760 	EXP 	Created text3_2 = TextStim(__class__=<class 'psychopy.visual.text.TextStim'>, alignHoriz=method-wrapper(...), alignText='center', alignVert=method-wrapper(...), anchorHoriz='center', anchorVert='center', antialias=True, autoDraw=False, autoLog=True, bold=False, color=array([1., 1., 1.]), colorSpace='rgb', contrast=1.0, depth=-3.0, draggable=False, flipHoriz=False, flipVert=False, font='Open Sans', fontFiles=[], height=0.05, italic=False, languageStyle='LTR', name='text3_2', opacity=1.0, ori=0.0, pos=array([0.075, 0.08 ]), rgb=UNKNOWN, text='', units='norm', win=Window(...), wrapWidth=1)
10.7761 	EXP 	window1: mouseVisible = True
10.7771 	EXP 	Created text4_2 = TextStim(__class__=<class 'psychopy.visual.text.TextStim'>, alignHoriz=method-wrapper(...), alignText='center', alignVert=method-wrapper(...), anchorHoriz='center', anchorVert='center', antialias=True, autoDraw=False, autoLog=True, bold=False, color=array([1., 1., 1.]), colorSpace='rgb', contrast=1.0, depth=-4.0, draggable=False, flipHoriz=False, flipVert=False, font='Open Sans', fontFiles=[], height=0.05, italic=False, languageStyle='LTR', name='text4_2', opacity=1.0, ori=0.0, pos=array([0.225, 0.08 ]), rgb=UNKNOWN, text='', units='norm', win=Window(...), wrapWidth=1)
10.7772 	EXP 	window1: mouseVisible = True
10.7782 	EXP 	Created text5_2 = TextStim(__class__=<class 'psychopy.visual.text.TextStim'>, alignHoriz=method-wrapper(...), alignText='center', alignVert=method-wrapper(...), anchorHoriz='center', anchorVert='center', antialias=True, autoDraw=False, autoLog=True, bold=False, color=array([1., 1., 1.]), colorSpace='rgb', contrast=1.0, depth=-5.0, draggable=False, flipHoriz=False, flipVert=False, font='Open Sans', fontFiles=[], height=0.05, italic=False, languageStyle='LTR', name='text5_2', opacity=1.0, ori=0.0, pos=array([-0.225, -0.08 ]), rgb=UNKNOWN, text='', units='norm', win=Window(...), wrapWidth=1)
10.7782 	EXP 	window1: mouseVisible = True
10.7792 	EXP 	Created text6_2 = TextStim(__class__=<class 'psychopy.visual.text.TextStim'>, alignHoriz=method-wrapper(...), alignText='center', alignVert=method-wrapper(...), anchorHoriz='center', anchorVert='center', antialias=True, autoDraw=False, autoLog=True, bold=False, color=array([1., 1., 1.]), colorSpace='rgb', contrast=1.0, depth=-6.0, draggable=False, flipHoriz=False, flipVert=False, font='Open Sans', fontFiles=[], height=0.05, italic=False, languageStyle='LTR', name='text6_2', opacity=1.0, ori=0.0, pos=array([-0.075, -0.08 ]), rgb=UNKNOWN, text='', units='norm', win=Window(...), wrapWidth=1)
10.7793 	EXP 	window1: mouseVisible = True
10.7803 	EXP 	Created text7_2 = TextStim(__class__=<class 'psychopy.visual.text.TextStim'>, alignHoriz=method-wrapper(...), alignText='center', alignVert=method-wrapper(...), anchorHoriz='center', anchorVert='center', antialias=True, autoDraw=False, autoLog=True, bold=False, color=array([1., 1., 1.]), colorSpace='rgb', contrast=1.0, depth=-7.0, draggable=False, flipHoriz=False, flipVert=False, font='Open Sans', fontFiles=[], height=0.05, italic=False, languageStyle='LTR', name='text7_2', opacity=1.0, ori=0.0, pos=array([ 0.075, -0.08 ]), rgb=UNKNOWN, text='', units='norm', win=Window(...), wrapWidth=1)
10.7803 	EXP 	window1: mouseVisible = True
10.7814 	EXP 	Created text8_2 = TextStim(__class__=<class 'psychopy.visual.text.TextStim'>, alignHoriz=method-wrapper(...), alignText='center', alignVert=method-wrapper(...), anchorHoriz='center', anchorVert='center', antialias=True, autoDraw=False, autoLog=True, bold=False, color=array([1., 1., 1.]), colorSpace='rgb', contrast=1.0, depth=-8.0, draggable=False, flipHoriz=False, flipVert=False, font='Open Sans', fontFiles=[], height=0.05, italic=False, languageStyle='LTR', name='text8_2', opacity=1.0, ori=0.0, pos=array([ 0.225, -0.08 ]), rgb=UNKNOWN, text='', units='norm', win=Window(...), wrapWidth=1)
10.7815 	EXP 	window1: mouseVisible = True
10.7826 	EXP 	Created num1_2 = TextStim(__class__=<class 'psychopy.visual.text.TextStim'>, alignHoriz=method-wrapper(...), alignText='center', alignVert=method-wrapper(...), anchorHoriz='center', anchorVert='center', antialias=True, autoDraw=False, autoLog=True, bold=False, color=array([1., 1., 1.]), colorSpace='rgb', contrast=1.0, depth=-10.0, draggable=False, flipHoriz=False, flipVert=False, font='Open Sans', fontFiles=[], height=0.1, italic=False, languageStyle='LTR', name='num1_2', opacity=1.0, ori=0.0, pos=array([-0.225,  0.24 ]), rgb=UNKNOWN, text='', units='norm', win=Window(...), wrapWidth=1)
10.7826 	EXP 	window1: mouseVisible = True
10.7836 	EXP 	Created num2_2 = TextStim(__class__=<class 'psychopy.visual.text.TextStim'>, alignHoriz=method-wrapper(...), alignText='center', alignVert=method-wrapper(...), anchorHoriz='center', anchorVert='center', antialias=True, autoDraw=False, autoLog=True, bold=False, color=array([1., 1., 1.]), colorSpace='rgb', contrast=1.0, depth=-11.0, draggable=False, flipHoriz=False, flipVert=False, font='Open Sans', fontFiles=[], height=0.1, italic=False, languageStyle='LTR', name='num2_2', opacity=1.0, ori=0.0, pos=array([-0.075,  0.24 ]), rgb=UNKNOWN, text='', units='norm', win=Window(...), wrapWidth=1)
10.7837 	EXP 	window1: mouseVisible = True
10.7847 	EXP 	Created num3_2 = TextStim(__class__=<class 'psychopy.visual.text.TextStim'>, alignHoriz=method-wrapper(...), alignText='center', alignVert=method-wrapper(...), anchorHoriz='center', anchorVert='center', antialias=True, autoDraw=False, autoLog=True, bold=False, color=array([1., 1., 1.]), colorSpace='rgb', contrast=1.0, depth=-12.0, draggable=False, flipHoriz=False, flipVert=False, font='Open Sans', fontFiles=[], height=0.1, italic=False, languageStyle='LTR', name='num3_2', opacity=1.0, ori=0.0, pos=array([0.075, 0.24 ]), rgb=UNKNOWN, text='', units='norm', win=Window(...), wrapWidth=1)
10.7847 	EXP 	window1: mouseVisible = True
10.7857 	EXP 	Created num4_2 = TextStim(__class__=<class 'psychopy.visual.text.TextStim'>, alignHoriz=method-wrapper(...), alignText='center', alignVert=method-wrapper(...), anchorHoriz='center', anchorVert='center', antialias=True, autoDraw=False, autoLog=True, bold=False, color=array([1., 1., 1.]), colorSpace='rgb', contrast=1.0, depth=-13.0, draggable=False, flipHoriz=False, flipVert=False, font='Open Sans', fontFiles=[], height=0.1, italic=False, languageStyle='LTR', name='num4_2', opacity=1.0, ori=0.0, pos=array([0.225, 0.24 ]), rgb=UNKNOWN, text='', units='norm', win=Window(...), wrapWidth=1)
10.7858 	EXP 	window1: mouseVisible = True
10.7946 	EXP 	Created cue = ImageStim(__class__=<class 'psychopy.visual.image.ImageStim'>, anchor=('center', 'center'), autoLog=True, color=array([1., 1., 1.]), colorSpace='rgb', contrast=1.0, depth=0.0, draggable=False, flipHoriz=False, flipVert=False, image='default.png', interpolate=True, mask=None, maskParams=None, name='cue', opacity=1.0, ori=0.0, pos=array([0., 0.]), size=array([0.15, 0.15]), texRes=128.0, units='height', win=Window(...))
10.7947 	EXP 	window1: mouseVisible = True
10.8038 	EXP 	Created image = ImageStim(__class__=<class 'psychopy.visual.image.ImageStim'>, anchor=('center', 'center'), autoLog=True, color=array([1., 1., 1.]), colorSpace='rgb', contrast=1.0, depth=0.0, draggable=False, flipHoriz=False, flipVert=False, image='default.png', interpolate=True, mask=None, maskParams=None, name='image', opacity=1.0, ori=0.0, pos=array([0., 0.]), size=array([0.5, 0.5]), texRes=128.0, units='height', win=Window(...))
10.8040 	EXP 	window1: mouseVisible = True
10.8058 	EXP 	Created fixCrossR_2 = ShapeStim(__class__=<class 'psychopy.visual.shape.ShapeStim'>, anchor=('center', 'center'), autoDraw=False, autoLog=True, closeShape=True, color=method-wrapper(...), colorSpace='rgb', contrast=None, depth=-1.0, draggable=False, fillColor=array([-1, -1, -1]), fillColorSpace='rgb', fillRGB=array([-1, -1, -1]), interpolate=True, lineColor=array([-1., -1., -1.]), lineColorSpace='rgb', lineRGB=array([-1, -1, -1]), lineWidth=1.0, name='fixCrossR_2', opacity=1.0, ori=0.0, pos=array([0., 0.]), size=array([0.02, 0.02]), units='height', vertices=ndarray(...), win=Window(...), windingRule=None)
10.8059 	EXP 	window1: mouseVisible = True
10.8076 	EXP 	Created fixCrossR_4 = ShapeStim(__class__=<class 'psychopy.visual.shape.ShapeStim'>, anchor=('center', 'center'), autoDraw=False, autoLog=True, closeShape=True, color=method-wrapper(...), colorSpace='rgb', contrast=None, depth=0.0, draggable=False, fillColor=array([-1, -1, -1]), fillColorSpace='rgb', fillRGB=array([-1, -1, -1]), interpolate=True, lineColor=array([-1., -1., -1.]), lineColorSpace='rgb', lineRGB=array([-1, -1, -1]), lineWidth=1.0, name='fixCrossR_4', opacity=1.0, ori=0.0, pos=array([0., 0.]), size=array([0.02, 0.02]), units='height', vertices=ndarray(...), win=Window(...), windingRule=None)
10.8077 	EXP 	window1: mouseVisible = True
10.8094 	EXP 	Created fixCross = ShapeStim(__class__=<class 'psychopy.visual.shape.ShapeStim'>, anchor=('center', 'center'), autoDraw=False, autoLog=True, closeShape=True, color=method-wrapper(...), colorSpace='rgb', contrast=None, depth=0.0, draggable=False, fillColor=array([1, 1, 1]), fillColorSpace='rgb', fillRGB=array([1, 1, 1]), interpolate=True, lineColor=array([1., 1., 1.]), lineColorSpace='rgb', lineRGB=array([1, 1, 1]), lineWidth=1.0, name='fixCross', opacity=1.0, ori=0.0, pos=array([0., 0.]), size=array([0.02, 0.02]), units='height', vertices=ndarray(...), win=Window(...), windingRule=None)
10.8095 	EXP 	window1: mouseVisible = True
10.8105 	EXP 	Created text1 = TextStim(__class__=<class 'psychopy.visual.text.TextStim'>, alignHoriz=method-wrapper(...), alignText='center', alignVert=method-wrapper(...), anchorHoriz='center', anchorVert='center', antialias=True, autoDraw=False, autoLog=True, bold=False, color=array([1., 1., 1.]), colorSpace='rgb', contrast=1.0, depth=-1.0, draggable=False, flipHoriz=False, flipVert=False, font='Open Sans', fontFiles=[], height=0.05, italic=False, languageStyle='LTR', name='text1', opacity=1.0, ori=0.0, pos=array([-0.225,  0.08 ]), rgb=UNKNOWN, text='', units='norm', win=Window(...), wrapWidth=1)
10.8105 	EXP 	window1: mouseVisible = True
10.8116 	EXP 	Created text2 = TextStim(__class__=<class 'psychopy.visual.text.TextStim'>, alignHoriz=method-wrapper(...), alignText='center', alignVert=method-wrapper(...), anchorHoriz='center', anchorVert='center', antialias=True, autoDraw=False, autoLog=True, bold=False, color=array([1., 1., 1.]), colorSpace='rgb', contrast=1.0, depth=-2.0, draggable=False, flipHoriz=False, flipVert=False, font='Open Sans', fontFiles=[], height=0.05, italic=False, languageStyle='LTR', name='text2', opacity=1.0, ori=0.0, pos=array([-0.075,  0.08 ]), rgb=UNKNOWN, text='', units='norm', win=Window(...), wrapWidth=1)
10.8117 	EXP 	window1: mouseVisible = True
10.8127 	EXP 	Created text3 = TextStim(__class__=<class 'psychopy.visual.text.TextStim'>, alignHoriz=method-wrapper(...), alignText='center', alignVert=method-wrapper(...), anchorHoriz='center', anchorVert='center', antialias=True, autoDraw=False, autoLog=True, bold=False, color=array([1., 1., 1.]), colorSpace='rgb', contrast=1.0, depth=-3.0, draggable=False, flipHoriz=False, flipVert=False, font='Open Sans', fontFiles=[], height=0.05, italic=False, languageStyle='LTR', name='text3', opacity=1.0, ori=0.0, pos=array([0.075, 0.08 ]), rgb=UNKNOWN, text='', units='norm', win=Window(...), wrapWidth=1)
10.8128 	EXP 	window1: mouseVisible = True
10.8138 	EXP 	Created text4 = TextStim(__class__=<class 'psychopy.visual.text.TextStim'>, alignHoriz=method-wrapper(...), alignText='center', alignVert=method-wrapper(...), anchorHoriz='center', anchorVert='center', antialias=True, autoDraw=False, autoLog=True, bold=False, color=array([1., 1., 1.]), colorSpace='rgb', contrast=1.0, depth=-4.0, draggable=False, flipHoriz=False, flipVert=False, font='Open Sans', fontFiles=[], height=0.05, italic=False, languageStyle='LTR', name='text4', opacity=1.0, ori=0.0, pos=array([0.225, 0.08 ]), rgb=UNKNOWN, text='', units='norm', win=Window(...), wrapWidth=1)
10.8138 	EXP 	window1: mouseVisible = True
10.8148 	EXP 	Created text5 = TextStim(__class__=<class 'psychopy.visual.text.TextStim'>, alignHoriz=method-wrapper(...), alignText='center', alignVert=method-wrapper(...), anchorHoriz='center', anchorVert='center', antialias=True, autoDraw=False, autoLog=True, bold=False, color=array([1., 1., 1.]), colorSpace='rgb', contrast=1.0, depth=-5.0, draggable=False, flipHoriz=False, flipVert=False, font='Open Sans', fontFiles=[], height=0.05, italic=False, languageStyle='LTR', name='text5', opacity=1.0, ori=0.0, pos=array([-0.225, -0.08 ]), rgb=UNKNOWN, text='', units='norm', win=Window(...), wrapWidth=1)
10.8149 	EXP 	window1: mouseVisible = True
10.8159 	EXP 	Created text6 = TextStim(__class__=<class 'psychopy.visual.text.TextStim'>, alignHoriz=method-wrapper(...), alignText='center', alignVert=method-wrapper(...), anchorHoriz='center', anchorVert='center', antialias=True, autoDraw=False, autoLog=True, bold=False, color=array([1., 1., 1.]), colorSpace='rgb', contrast=1.0, depth=-6.0, draggable=False, flipHoriz=False, flipVert=False, font='Open Sans', fontFiles=[], height=0.05, italic=False, languageStyle='LTR', name='text6', opacity=1.0, ori=0.0, pos=array([-0.075, -0.08 ]), rgb=UNKNOWN, text='', units='norm', win=Window(...), wrapWidth=1)
10.8160 	EXP 	window1: mouseVisible = True
10.8171 	EXP 	Created text7 = TextStim(__class__=<class 'psychopy.visual.text.TextStim'>, alignHoriz=method-wrapper(...), alignText='center', alignVert=method-wrapper(...), anchorHoriz='center', anchorVert='center', antialias=True, autoDraw=False, autoLog=True, bold=False, color=array([1., 1., 1.]), colorSpace='rgb', contrast=1.0, depth=-7.0, draggable=False, flipHoriz=False, flipVert=False, font='Open Sans', fontFiles=[], height=0.05, italic=False, languageStyle='LTR', name='text7', opacity=1.0, ori=0.0, pos=array([ 0.075, -0.08 ]), rgb=UNKNOWN, text='', units='norm', win=Window(...), wrapWidth=1)
10.8172 	EXP 	window1: mouseVisible = True
10.8182 	EXP 	Created text8 = TextStim(__class__=<class 'psychopy.visual.text.TextStim'>, alignHoriz=method-wrapper(...), alignText='center', alignVert=method-wrapper(...), anchorHoriz='center', anchorVert='center', antialias=True, autoDraw=False, autoLog=True, bold=False, color=array([1., 1., 1.]), colorSpace='rgb', contrast=1.0, depth=-8.0, draggable=False, flipHoriz=False, flipVert=False, font='Open Sans', fontFiles=[], height=0.05, italic=False, languageStyle='LTR', name='text8', opacity=1.0, ori=0.0, pos=array([ 0.225, -0.08 ]), rgb=UNKNOWN, text='', units='norm', win=Window(...), wrapWidth=1)
10.8183 	EXP 	window1: mouseVisible = True
10.8193 	EXP 	Created num1 = TextStim(__class__=<class 'psychopy.visual.text.TextStim'>, alignHoriz=method-wrapper(...), alignText='center', alignVert=method-wrapper(...), anchorHoriz='center', anchorVert='center', antialias=True, autoDraw=False, autoLog=True, bold=False, color=array([1., 1., 1.]), colorSpace='rgb', contrast=1.0, depth=-10.0, draggable=False, flipHoriz=False, flipVert=False, font='Open Sans', fontFiles=[], height=0.1, italic=False, languageStyle='LTR', name='num1', opacity=1.0, ori=0.0, pos=array([-0.225,  0.24 ]), rgb=UNKNOWN, text='', units='norm', win=Window(...), wrapWidth=1)
10.8194 	EXP 	window1: mouseVisible = True
10.8204 	EXP 	Created num2 = TextStim(__class__=<class 'psychopy.visual.text.TextStim'>, alignHoriz=method-wrapper(...), alignText='center', alignVert=method-wrapper(...), anchorHoriz='center', anchorVert='center', antialias=True, autoDraw=False, autoLog=True, bold=False, color=array([1., 1., 1.]), colorSpace='rgb', contrast=1.0, depth=-11.0, draggable=False, flipHoriz=False, flipVert=False, font='Open Sans', fontFiles=[], height=0.1, italic=False, languageStyle='LTR', name='num2', opacity=1.0, ori=0.0, pos=array([-0.075,  0.24 ]), rgb=UNKNOWN, text='', units='norm', win=Window(...), wrapWidth=1)
10.8205 	EXP 	window1: mouseVisible = True
10.8215 	EXP 	Created num3 = TextStim(__class__=<class 'psychopy.visual.text.TextStim'>, alignHoriz=method-wrapper(...), alignText='center', alignVert=method-wrapper(...), anchorHoriz='center', anchorVert='center', antialias=True, autoDraw=False, autoLog=True, bold=False, color=array([1., 1., 1.]), colorSpace='rgb', contrast=1.0, depth=-12.0, draggable=False, flipHoriz=False, flipVert=False, font='Open Sans', fontFiles=[], height=0.1, italic=False, languageStyle='LTR', name='num3', opacity=1.0, ori=0.0, pos=array([0.075, 0.24 ]), rgb=UNKNOWN, text='', units='norm', win=Window(...), wrapWidth=1)
10.8216 	EXP 	window1: mouseVisible = True
10.8225 	EXP 	Created num4 = TextStim(__class__=<class 'psychopy.visual.text.TextStim'>, alignHoriz=method-wrapper(...), alignText='center', alignVert=method-wrapper(...), anchorHoriz='center', anchorVert='center', antialias=True, autoDraw=False, autoLog=True, bold=False, color=array([1., 1., 1.]), colorSpace='rgb', contrast=1.0, depth=-13.0, draggable=False, flipHoriz=False, flipVert=False, font='Open Sans', fontFiles=[], height=0.1, italic=False, languageStyle='LTR', name='num4', opacity=1.0, ori=0.0, pos=array([0.225, 0.24 ]), rgb=UNKNOWN, text='', units='norm', win=Window(...), wrapWidth=1)
10.8226 	EXP 	window1: mouseVisible = True
10.8243 	EXP 	Created fixCrossR = ShapeStim(__class__=<class 'psychopy.visual.shape.ShapeStim'>, anchor=('center', 'center'), autoDraw=False, autoLog=True, closeShape=True, color=method-wrapper(...), colorSpace='rgb', contrast=None, depth=0.0, draggable=False, fillColor=array([-1, -1, -1]), fillColorSpace='rgb', fillRGB=array([-1, -1, -1]), interpolate=True, lineColor=array([-1., -1., -1.]), lineColorSpace='rgb', lineRGB=array([-1, -1, -1]), lineWidth=1.0, name='fixCrossR', opacity=1.0, ori=0.0, pos=array([0., 0.]), size=array([0.02, 0.02]), units='height', vertices=ndarray(...), win=Window(...), windingRule=None)
10.8244 	EXP 	window1: mouseVisible = True
10.8257 	EXP 	Created text_total = TextStim(__class__=<class 'psychopy.visual.text.TextStim'>, alignHoriz=method-wrapper(...), alignText='center', alignVert=method-wrapper(...), anchorHoriz='center', anchorVert='center', antialias=True, autoDraw=False, autoLog=True, bold=False, color=array([1., 1., 1.]), colorSpace='rgb', contrast=1.0, depth=-1.0, draggable=False, flipHoriz=False, flipVert=False, font='Open Sans', fontFiles=[], height=0.05, italic=False, languageStyle='LTR', name='text_total', opacity=1.0, ori=0.0, pos=array([0., 0.]), rgb=UNKNOWN, text='', units='height', win=Window(...), wrapWidth=1)
10.8258 	EXP 	window1: mouseVisible = True
10.8270 	EXP 	Created text_acc = TextStim(__class__=<class 'psychopy.visual.text.TextStim'>, alignHoriz=method-wrapper(...), alignText='center', alignVert=method-wrapper(...), anchorHoriz='center', anchorVert='center', antialias=True, autoDraw=False, autoLog=True, bold=False, color=array([1., 1., 1.]), colorSpace='rgb', contrast=1.0, depth=-2.0, draggable=False, flipHoriz=False, flipVert=False, font='Open Sans', fontFiles=[], height=0.05, italic=False, languageStyle='LTR', name='text_acc', opacity=1.0, ori=0.0, pos=array([ 0. , -0.3]), rgb=UNKNOWN, text='', units='height', win=Window(...), wrapWidth=1)
0.0030 	DATA 	Mouse: Left button down, pos=(1258,428)
0.0033 	DATA 	Mouse:  Left button up, pos=(1258,428)
0.0220 	EXP 	Created sequence: random, trialTypes=1, nReps=0, seed=None
0.0388 	EXP 	text: autoDraw = True
0.4304 	EXP 	Imported participantData/s15/block_0/babySteps_s15.xlsx as conditions, 5 conditions, 14 params
0.4307 	EXP 	Created sequence: sequential, trialTypes=5, nReps=1, seed=None
0.4308 	EXP 	New trial (rep=0, index=0): {'category': 'car', 'orientation': 2, 'taskCue': 'stim//obj2.png', 'stimfile': 'stim//car2.png', 'resp1': 'Turtle', 'resp2': 'Horse', 'resp3': 'Car', 'resp4': 'Shoe', 'resp5': 'Full Left', 'resp6': 'Half Right', 'resp7': 'Half Left', 'resp8': 'Full Right', 'objFirst': True, 'interval': 2.475}
0.4343 	DATA 	Keypress: 5
0.4387 	EXP 	text: autoDraw = False
0.4387 	EXP 	cue: image = 'stim//obj2.png'
0.4387 	EXP 	cue: autoDraw = True
1.4247 	EXP 	Created sequence: sequential, trialTypes=1, nReps=3, seed=None
1.4250 	EXP 	New trial (rep=0, index=0): None
1.5893 	EXP 	cue: autoDraw = False
1.5893 	EXP 	cue: autoDraw = False
1.5893 	EXP 	image: image = 'stim//car2.png'
1.5893 	EXP 	image: autoDraw = True
1.5893 	EXP 	fixCrossR_2: autoDraw = True
1.8404 	EXP 	image: autoDraw = False
1.8404 	EXP 	fixCrossR_2: autoDraw = False
1.8404 	EXP 	image: autoDraw = False
1.8404 	EXP 	fixCrossR_2: autoDraw = False
1.8404 	EXP 	fixCrossR_4: autoDraw = True
2.0740 	EXP 	New trial (rep=1, index=0): None
2.1902 	EXP 	fixCrossR_4: autoDraw = False
2.1902 	EXP 	fixCrossR_4: autoDraw = False
2.1902 	EXP 	image: image = 'stim//car2.png'
2.1902 	EXP 	image: autoDraw = True
2.1902 	EXP 	fixCrossR_2: autoDraw = True
2.4406 	EXP 	image: autoDraw = False
2.4406 	EXP 	fixCrossR_2: autoDraw = False
2.4406 	EXP 	image: autoDraw = False
2.4406 	EXP 	fixCrossR_2: autoDraw = False
2.4406 	EXP 	fixCrossR_4: autoDraw = True
2.6745 	EXP 	New trial (rep=2, index=0): None
2.8567 	EXP 	fixCrossR_4: autoDraw = False
2.8567 	EXP 	fixCrossR_4: autoDraw = False
2.8567 	EXP 	image: image = 'stim//car2.png'
2.8567 	EXP 	image: autoDraw = True
2.8567 	EXP 	fixCrossR_2: autoDraw = True
3.1077 	EXP 	image: autoDraw = False
3.1077 	EXP 	fixCrossR_2: autoDraw = False
3.1077 	EXP 	image: autoDraw = False
3.1077 	EXP 	fixCrossR_2: autoDraw = False
3.1077 	EXP 	fixCrossR_4: autoDraw = True
3.4246 	EXP 	fixCrossR_4: autoDraw = False
3.4246 	EXP 	fixCrossR_4: autoDraw = False
3.4246 	EXP 	fixCross_2: fillColor = <psychopy.colors.Color: black, alpha=1.0>
3.4246 	EXP 	fixCross_2: borderColor = <psychopy.colors.Color: black, alpha=1.0>
3.4246 	EXP 	text1_2: foreColor = <psychopy.colors.Color: white, alpha=1.0>
3.4246 	EXP 	text1_2: height = 0.05
3.4246 	EXP 	text1_2: height = 0.05
3.4246 	EXP 	text1_2: height = 0.05
3.4246 	EXP 	text1_2: text = 'Turtle'
3.4246 	EXP 	text2_2: foreColor = <psychopy.colors.Color: white, alpha=1.0>
3.4246 	EXP 	text2_2: height = 0.05
3.4246 	EXP 	text2_2: height = 0.05
3.4246 	EXP 	text2_2: height = 0.05
3.4246 	EXP 	text2_2: text = 'Horse'
3.4246 	EXP 	text3_2: foreColor = <psychopy.colors.Color: white, alpha=1.0>
3.4246 	EXP 	text3_2: height = 0.05
3.4246 	EXP 	text3_2: height = 0.05
3.4246 	EXP 	text3_2: height = 0.05
3.4246 	EXP 	text3_2: text = 'Car'
3.4246 	EXP 	text4_2: foreColor = <psychopy.colors.Color: white, alpha=1.0>
3.4246 	EXP 	text4_2: height = 0.05
3.4246 	EXP 	text4_2: height = 0.05
3.4246 	EXP 	text4_2: height = 0.05
3.4246 	EXP 	text4_2: text = 'Shoe'
3.4246 	EXP 	text5_2: foreColor = <psychopy.colors.Color: white, alpha=1.0>
3.4246 	EXP 	text5_2: height = 0.05
3.4246 	EXP 	text5_2: height = 0.05
3.4246 	EXP 	text5_2: height = 0.05
3.4246 	EXP 	text5_2: text = 'Full Left'
3.4246 	EXP 	text6_2: foreColor = <psychopy.colors.Color: white, alpha=1.0>
3.4246 	EXP 	text6_2: height = 0.05
3.4246 	EXP 	text6_2: height = 0.05
3.4246 	EXP 	text6_2: height = 0.05
3.4246 	EXP 	text6_2: text = 'Half Right'
3.4246 	EXP 	text7_2: foreColor = <psychopy.colors.Color: white, alpha=1.0>
3.4246 	EXP 	text7_2: height = 0.05
3.4246 	EXP 	text7_2: height = 0.05
3.4246 	EXP 	text7_2: height = 0.05
3.4246 	EXP 	text7_2: text = 'Half Left'
3.4246 	EXP 	text8_2: foreColor = <psychopy.colors.Color: white, alpha=1.0>
3.4246 	EXP 	text8_2: height = 0.05
3.4246 	EXP 	text8_2: height = 0.05
3.4246 	EXP 	text8_2: height = 0.05
3.4246 	EXP 	text8_2: text = 'Full Right'
3.4246 	EXP 	num1_2: foreColor = <psychopy.colors.Color: white, alpha=1.0>
3.4246 	EXP 	num1_2: height = 0.1
3.4246 	EXP 	num1_2: height = 0.1
3.4246 	EXP 	num1_2: height = 0.1
3.4246 	EXP 	num1_2: text = '1'
3.4246 	EXP 	num2_2: foreColor = <psychopy.colors.Color: white, alpha=1.0>
3.4246 	EXP 	num2_2: height = 0.1
3.4246 	EXP 	num2_2: height = 0.1
3.4246 	EXP 	num2_2: height = 0.1
3.4246 	EXP 	num2_2: text = '2'
3.4246 	EXP 	num3_2: foreColor = <psychopy.colors.Color: white, alpha=1.0>
3.4246 	EXP 	num3_2: height = 0.1
3.4246 	EXP 	num3_2: height = 0.1
3.4246 	EXP 	num3_2: height = 0.1
3.4246 	EXP 	num3_2: text = '3'
3.4246 	EXP 	num4_2: foreColor = <psychopy.colors.Color: white, alpha=1.0>
3.4246 	EXP 	num4_2: height = 0.1
3.4246 	EXP 	num4_2: height = 0.1
3.4246 	EXP 	num4_2: height = 0.1
3.4246 	EXP 	num4_2: text = '4'
3.4246 	EXP 	fixCross_2: autoDraw = True
3.4246 	EXP 	text1_2: autoDraw = True
3.4246 	EXP 	text2_2: autoDraw = True
3.4246 	EXP 	text3_2: autoDraw = True
3.4246 	EXP 	text4_2: autoDraw = True
3.4246 	EXP 	text5_2: autoDraw = True
3.4246 	EXP 	text6_2: autoDraw = True
3.4246 	EXP 	text7_2: autoDraw = True
3.4246 	EXP 	text8_2: autoDraw = True
3.4246 	EXP 	num1_2: autoDraw = True
3.4246 	EXP 	num2_2: autoDraw = True
3.4246 	EXP 	num3_2: autoDraw = True
3.4246 	EXP 	num4_2: autoDraw = True
3.9095 	DATA 	Keypress: 3
3.9245 	EXP 	fixCross_2: foreColor = <psychopy.colors.Color: (0.0, 1.0, 0.0, 1.0)>
3.9245 	EXP 	fixCross_2: borderColor = <psychopy.colors.Color: (0.0, 1.0, 0.0, 1.0)>
3.9245 	EXP 	fixCross_2: fillColor = <psychopy.colors.Color: (0.0, 1.0, 0.0, 1.0)>
3.9245 	EXP 	text3_2: foreColor = <psychopy.colors.Color: (0.0, 1.0, 0.0, 1.0)>
3.9245 	EXP 	text7_2: foreColor = <psychopy.colors.Color: (0.0, 1.0, 0.0, 1.0)>
3.9245 	EXP 	num3_2: foreColor = <psychopy.colors.Color: (0.0, 1.0, 0.0, 1.0)>
6.3456 	EXP 	New trial (rep=0, index=1): {'category': 'horse', 'orientation': 1, 'taskCue': 'stim//ori2.png', 'stimfile': 'stim//horse1.png', 'resp1': 'Half Left', 'resp2': 'Full Right', 'resp3': 'Full Left', 'resp4': 'Half Right', 'resp5': 'Car', 'resp6': 'Horse', 'resp7': 'Shoe', 'resp8': 'Turtle', 'objFirst': False, 'interval': 2.425}
6.3599 	EXP 	fixCross_2: autoDraw = False
6.3599 	EXP 	text1_2: autoDraw = False
6.3599 	EXP 	text2_2: autoDraw = False
6.3599 	EXP 	text3_2: autoDraw = False
6.3599 	EXP 	text4_2: autoDraw = False
6.3599 	EXP 	text5_2: autoDraw = False
6.3599 	EXP 	text6_2: autoDraw = False
6.3599 	EXP 	text7_2: autoDraw = False
6.3599 	EXP 	text8_2: autoDraw = False
6.3599 	EXP 	num1_2: autoDraw = False
6.3599 	EXP 	num2_2: autoDraw = False
6.3599 	EXP 	num3_2: autoDraw = False
6.3599 	EXP 	num4_2: autoDraw = False
6.3599 	EXP 	fixCross: foreColor = <psychopy.colors.Color: transparent, alpha=1.0>
6.3599 	EXP 	fixCross: borderColor = <psychopy.colors.Color: transparent, alpha=1.0>
6.3599 	EXP 	fixCross: fillColor = <psychopy.colors.Color: transparent, alpha=1.0>
6.3599 	EXP 	cue: image = 'stim//ori2.png'
6.3599 	EXP 	cue: autoDraw = True
7.3454 	EXP 	Created sequence: sequential, trialTypes=1, nReps=3, seed=None
7.3455 	EXP 	New trial (rep=0, index=0): None
7.4610 	EXP 	cue: autoDraw = False
7.4610 	EXP 	cue: autoDraw = False
7.4610 	EXP 	image: image = 'stim//horse1.png'
7.4610 	EXP 	image: autoDraw = True
7.4610 	EXP 	fixCrossR_2: autoDraw = True
7.7112 	EXP 	image: autoDraw = False
7.7112 	EXP 	fixCrossR_2: autoDraw = False
7.7112 	EXP 	image: autoDraw = False
7.7112 	EXP 	fixCrossR_2: autoDraw = False
7.7112 	EXP 	fixCrossR_4: autoDraw = True
7.9456 	EXP 	New trial (rep=1, index=0): None
8.0623 	EXP 	fixCrossR_4: autoDraw = False
8.0623 	EXP 	fixCrossR_4: autoDraw = False
8.0623 	EXP 	image: image = 'stim//horse1.png'
8.0623 	EXP 	image: autoDraw = True
8.0623 	EXP 	fixCrossR_2: autoDraw = True
8.3114 	EXP 	image: autoDraw = False
8.3114 	EXP 	fixCrossR_2: autoDraw = False
8.3114 	EXP 	image: autoDraw = False
8.3114 	EXP 	fixCrossR_2: autoDraw = False
8.3114 	EXP 	fixCrossR_4: autoDraw = True
8.5461 	EXP 	New trial (rep=2, index=0): None
8.7286 	EXP 	fixCrossR_4: autoDraw = False
8.7286 	EXP 	fixCrossR_4: autoDraw = False
8.7286 	EXP 	image: image = 'stim//horse1.png'
8.7286 	EXP 	image: autoDraw = True
8.7286 	EXP 	fixCrossR_2: autoDraw = True
8.9788 	EXP 	image: autoDraw = False
8.9788 	EXP 	fixCrossR_2: autoDraw = False
8.9788 	EXP 	image: autoDraw = False
8.9788 	EXP 	fixCrossR_2: autoDraw = False
8.9788 	EXP 	fixCrossR_4: autoDraw = True
9.2623 	EXP 	fixCrossR_4: autoDraw = False
9.2623 	EXP 	fixCrossR_4: autoDraw = False
9.2623 	EXP 	fixCross_2: fillColor = <psychopy.colors.Color: black, alpha=1.0>
9.2623 	EXP 	fixCross_2: borderColor = <psychopy.colors.Color: black, alpha=1.0>
9.2623 	EXP 	text1_2: foreColor = <psychopy.colors.Color: white, alpha=1.0>
9.2623 	EXP 	text1_2: height = 0.05
9.2623 	EXP 	text1_2: height = 0.05
9.2623 	EXP 	text1_2: height = 0.05
9.2623 	EXP 	text1_2: text = 'Half Left'
9.2623 	EXP 	text2_2: foreColor = <psychopy.colors.Color: white, alpha=1.0>
9.2623 	EXP 	text2_2: height = 0.05
9.2623 	EXP 	text2_2: height = 0.05
9.2623 	EXP 	text2_2: height = 0.05
9.2623 	EXP 	text2_2: text = 'Full Right'
9.2623 	EXP 	text3_2: foreColor = <psychopy.colors.Color: white, alpha=1.0>
9.2623 	EXP 	text3_2: height = 0.05
9.2623 	EXP 	text3_2: height = 0.05
9.2623 	EXP 	text3_2: height = 0.05
9.2623 	EXP 	text3_2: text = 'Full Left'
9.2623 	EXP 	text4_2: foreColor = <psychopy.colors.Color: white, alpha=1.0>
9.2623 	EXP 	text4_2: height = 0.05
9.2623 	EXP 	text4_2: height = 0.05
9.2623 	EXP 	text4_2: height = 0.05
9.2623 	EXP 	text4_2: text = 'Half Right'
9.2623 	EXP 	text5_2: foreColor = <psychopy.colors.Color: white, alpha=1.0>
9.2623 	EXP 	text5_2: height = 0.05
9.2623 	EXP 	text5_2: height = 0.05
9.2623 	EXP 	text5_2: height = 0.05
9.2623 	EXP 	text5_2: text = 'Car'
9.2623 	EXP 	text6_2: foreColor = <psychopy.colors.Color: white, alpha=1.0>
9.2623 	EXP 	text6_2: height = 0.05
9.2623 	EXP 	text6_2: height = 0.05
9.2623 	EXP 	text6_2: height = 0.05
9.2623 	EXP 	text6_2: text = 'Horse'
9.2623 	EXP 	text7_2: foreColor = <psychopy.colors.Color: white, alpha=1.0>
9.2623 	EXP 	text7_2: height = 0.05
9.2623 	EXP 	text7_2: height = 0.05
9.2623 	EXP 	text7_2: height = 0.05
9.2623 	EXP 	text7_2: text = 'Shoe'
9.2623 	EXP 	text8_2: foreColor = <psychopy.colors.Color: white, alpha=1.0>
9.2623 	EXP 	text8_2: height = 0.05
9.2623 	EXP 	text8_2: height = 0.05
9.2623 	EXP 	text8_2: height = 0.05
9.2623 	EXP 	text8_2: text = 'Turtle'
9.2623 	EXP 	num1_2: foreColor = <psychopy.colors.Color: white, alpha=1.0>
9.2623 	EXP 	num1_2: text = '1'
9.2623 	EXP 	num2_2: foreColor = <psychopy.colors.Color: white, alpha=1.0>
9.2623 	EXP 	num2_2: text = '2'
9.2623 	EXP 	num3_2: foreColor = <psychopy.colors.Color: white, alpha=1.0>
9.2623 	EXP 	num3_2: text = '3'
9.2623 	EXP 	num4_2: foreColor = <psychopy.colors.Color: white, alpha=1.0>
9.2623 	EXP 	num4_2: text = '4'
9.2623 	EXP 	fixCross_2: autoDraw = True
9.2623 	EXP 	text1_2: autoDraw = True
9.2623 	EXP 	text2_2: autoDraw = True
9.2623 	EXP 	text3_2: autoDraw = True
9.2623 	EXP 	text4_2: autoDraw = True
9.2623 	EXP 	text5_2: autoDraw = True
9.2623 	EXP 	text6_2: autoDraw = True
9.2623 	EXP 	text7_2: autoDraw = True
9.2623 	EXP 	text8_2: autoDraw = True
9.2623 	EXP 	num1_2: autoDraw = True
9.2623 	EXP 	num2_2: autoDraw = True
9.2623 	EXP 	num3_2: autoDraw = True
9.2623 	EXP 	num4_2: autoDraw = True
11.0978 	DATA 	Keypress: 2
11.1137 	EXP 	fixCross_2: foreColor = <psychopy.colors.Color: (1.0, 0.0, 0.0, 1.0)>
11.1137 	EXP 	fixCross_2: borderColor = <psychopy.colors.Color: (1.0, 0.0, 0.0, 1.0)>
11.1137 	EXP 	fixCross_2: fillColor = <psychopy.colors.Color: (1.0, 0.0, 0.0, 1.0)>
11.1137 	EXP 	text2_2: foreColor = <psychopy.colors.Color: (1.0, 0.0, 0.0, 1.0)>
11.1137 	EXP 	text6_2: foreColor = <psychopy.colors.Color: (1.0, 0.0, 0.0, 1.0)>
11.1137 	EXP 	num2_2: foreColor = <psychopy.colors.Color: (1.0, 0.0, 0.0, 1.0)>
12.2169 	EXP 	New trial (rep=0, index=2): {'category': 'car', 'orientation': 1, 'taskCue': 'stim//obj1.png', 'stimfile': 'stim//car1.png', 'resp1': 'Half Left', 'resp2': 'Full Right', 'resp3': 'Full Left', 'resp4': 'Half Right', 'resp5': 'Car', 'resp6': 'Turtle', 'resp7': 'Horse', 'resp8': 'Shoe', 'objFirst': False, 'interval': 2.877}
12.2315 	EXP 	fixCross_2: autoDraw = False
12.2315 	EXP 	text1_2: autoDraw = False
12.2315 	EXP 	text2_2: autoDraw = False
12.2315 	EXP 	text3_2: autoDraw = False
12.2315 	EXP 	text4_2: autoDraw = False
12.2315 	EXP 	text5_2: autoDraw = False
12.2315 	EXP 	text6_2: autoDraw = False
12.2315 	EXP 	text7_2: autoDraw = False
12.2315 	EXP 	text8_2: autoDraw = False
12.2315 	EXP 	num1_2: autoDraw = False
12.2315 	EXP 	num2_2: autoDraw = False
12.2315 	EXP 	num3_2: autoDraw = False
12.2315 	EXP 	num4_2: autoDraw = False
12.2315 	EXP 	fixCross: foreColor = <psychopy.colors.Color: transparent, alpha=1.0>
12.2315 	EXP 	fixCross: borderColor = <psychopy.colors.Color: transparent, alpha=1.0>
12.2315 	EXP 	fixCross: fillColor = <psychopy.colors.Color: transparent, alpha=1.0>
12.2315 	EXP 	cue: image = 'stim//obj1.png'
12.2315 	EXP 	cue: autoDraw = True
13.2170 	EXP 	Created sequence: sequential, trialTypes=1, nReps=3, seed=None
13.2173 	EXP 	New trial (rep=0, index=0): None
13.3323 	EXP 	cue: autoDraw = False
13.3323 	EXP 	cue: autoDraw = False
13.3323 	EXP 	image: image = 'stim//car1.png'
13.3323 	EXP 	image: autoDraw = True
13.3323 	EXP 	fixCrossR_2: autoDraw = True
13.5824 	EXP 	image: autoDraw = False
13.5824 	EXP 	fixCrossR_2: autoDraw = False
13.5824 	EXP 	image: autoDraw = False
13.5824 	EXP 	fixCrossR_2: autoDraw = False
13.5824 	EXP 	fixCrossR_4: autoDraw = True
13.8169 	EXP 	New trial (rep=1, index=0): None
13.9331 	EXP 	fixCrossR_4: autoDraw = False
13.9331 	EXP 	fixCrossR_4: autoDraw = False
13.9331 	EXP 	image: image = 'stim//car1.png'
13.9331 	EXP 	image: autoDraw = True
13.9331 	EXP 	fixCrossR_2: autoDraw = True
14.1830 	EXP 	image: autoDraw = False
14.1830 	EXP 	fixCrossR_2: autoDraw = False
14.1830 	EXP 	image: autoDraw = False
14.1830 	EXP 	fixCrossR_2: autoDraw = False
14.1830 	EXP 	fixCrossR_4: autoDraw = True
14.4176 	EXP 	New trial (rep=2, index=0): None
14.6000 	EXP 	fixCrossR_4: autoDraw = False
14.6000 	EXP 	fixCrossR_4: autoDraw = False
14.6000 	EXP 	image: image = 'stim//car1.png'
14.6000 	EXP 	image: autoDraw = True
14.6000 	EXP 	fixCrossR_2: autoDraw = True
14.8503 	EXP 	image: autoDraw = False
14.8503 	EXP 	fixCrossR_2: autoDraw = False
14.8503 	EXP 	image: autoDraw = False
14.8503 	EXP 	fixCrossR_2: autoDraw = False
14.8503 	EXP 	fixCrossR_4: autoDraw = True
15.1190 	EXP 	fixCrossR_4: autoDraw = False
15.1190 	EXP 	fixCrossR_4: autoDraw = False
15.1190 	EXP 	fixCross_2: fillColor = <psychopy.colors.Color: black, alpha=1.0>
15.1190 	EXP 	fixCross_2: borderColor = <psychopy.colors.Color: black, alpha=1.0>
15.1190 	EXP 	text1_2: foreColor = <psychopy.colors.Color: white, alpha=1.0>
15.1190 	EXP 	text1_2: text = 'Half Left'
15.1190 	EXP 	text2_2: foreColor = <psychopy.colors.Color: white, alpha=1.0>
15.1190 	EXP 	text2_2: text = 'Full Right'
15.1190 	EXP 	text3_2: foreColor = <psychopy.colors.Color: white, alpha=1.0>
15.1190 	EXP 	text3_2: text = 'Full Left'
15.1190 	EXP 	text4_2: foreColor = <psychopy.colors.Color: white, alpha=1.0>
15.1190 	EXP 	text4_2: text = 'Half Right'
15.1190 	EXP 	text5_2: foreColor = <psychopy.colors.Color: white, alpha=1.0>
15.1190 	EXP 	text5_2: text = 'Car'
15.1190 	EXP 	text6_2: foreColor = <psychopy.colors.Color: white, alpha=1.0>
15.1190 	EXP 	text6_2: height = 0.05
15.1190 	EXP 	text6_2: height = 0.05
15.1190 	EXP 	text6_2: height = 0.05
15.1190 	EXP 	text6_2: text = 'Turtle'
15.1190 	EXP 	text7_2: foreColor = <psychopy.colors.Color: white, alpha=1.0>
15.1190 	EXP 	text7_2: height = 0.05
15.1190 	EXP 	text7_2: height = 0.05
15.1190 	EXP 	text7_2: height = 0.05
15.1190 	EXP 	text7_2: text = 'Horse'
15.1190 	EXP 	text8_2: foreColor = <psychopy.colors.Color: white, alpha=1.0>
15.1190 	EXP 	text8_2: height = 0.05
15.1190 	EXP 	text8_2: height = 0.05
15.1190 	EXP 	text8_2: height = 0.05
15.1190 	EXP 	text8_2: text = 'Shoe'
15.1190 	EXP 	num1_2: foreColor = <psychopy.colors.Color: white, alpha=1.0>
15.1190 	EXP 	num1_2: text = '1'
15.1190 	EXP 	num2_2: foreColor = <psychopy.colors.Color: white, alpha=1.0>
15.1190 	EXP 	num2_2: text = '2'
15.1190 	EXP 	num3_2: foreColor = <psychopy.colors.Color: white, alpha=1.0>
15.1190 	EXP 	num3_2: text = '3'
15.1190 	EXP 	num4_2: foreColor = <psychopy.colors.Color: white, alpha=1.0>
15.1190 	EXP 	num4_2: text = '4'
15.1190 	EXP 	fixCross_2: autoDraw = True
15.1190 	EXP 	text1_2: autoDraw = True
15.1190 	EXP 	text2_2: autoDraw = True
15.1190 	EXP 	text3_2: autoDraw = True
15.1190 	EXP 	text4_2: autoDraw = True
15.1190 	EXP 	text5_2: autoDraw = True
15.1190 	EXP 	text6_2: autoDraw = True
15.1190 	EXP 	text7_2: autoDraw = True
15.1190 	EXP 	text8_2: autoDraw = True
15.1190 	EXP 	num1_2: autoDraw = True
15.1190 	EXP 	num2_2: autoDraw = True
15.1190 	EXP 	num3_2: autoDraw = True
15.1190 	EXP 	num4_2: autoDraw = True
18.5043 	DATA 	Keypress: 2
18.5201 	EXP 	fixCross_2: foreColor = <psychopy.colors.Color: (1.0, 0.0, 0.0, 1.0)>
18.5201 	EXP 	fixCross_2: borderColor = <psychopy.colors.Color: (1.0, 0.0, 0.0, 1.0)>
18.5201 	EXP 	fixCross_2: fillColor = <psychopy.colors.Color: (1.0, 0.0, 0.0, 1.0)>
18.5201 	EXP 	text2_2: foreColor = <psychopy.colors.Color: (1.0, 0.0, 0.0, 1.0)>
18.5201 	EXP 	text6_2: foreColor = <psychopy.colors.Color: (1.0, 0.0, 0.0, 1.0)>
18.5201 	EXP 	num2_2: foreColor = <psychopy.colors.Color: (1.0, 0.0, 0.0, 1.0)>
18.5223 	EXP 	New trial (rep=0, index=3): {'category': 'shoe', 'orientation': 3, 'taskCue': 'stim//obj2.png', 'stimfile': 'stim//shoe3.png', 'resp1': 'Full Right', 'resp2': 'Half Right', 'resp3': 'Full Left', 'resp4': 'Half Left', 'resp5': 'Horse', 'resp6': 'Shoe', 'resp7': 'Car', 'resp8': 'Turtle', 'objFirst': False, 'interval': 2.181}
18.5369 	EXP 	fixCross_2: autoDraw = False
18.5369 	EXP 	text1_2: autoDraw = False
18.5369 	EXP 	text2_2: autoDraw = False
18.5369 	EXP 	text3_2: autoDraw = False
18.5369 	EXP 	text4_2: autoDraw = False
18.5369 	EXP 	text5_2: autoDraw = False
18.5369 	EXP 	text6_2: autoDraw = False
18.5369 	EXP 	text7_2: autoDraw = False
18.5369 	EXP 	text8_2: autoDraw = False
18.5369 	EXP 	num1_2: autoDraw = False
18.5369 	EXP 	num2_2: autoDraw = False
18.5369 	EXP 	num3_2: autoDraw = False
18.5369 	EXP 	num4_2: autoDraw = False
18.5369 	EXP 	fixCross: foreColor = <psychopy.colors.Color: transparent, alpha=1.0>
18.5369 	EXP 	fixCross: borderColor = <psychopy.colors.Color: transparent, alpha=1.0>
18.5369 	EXP 	fixCross: fillColor = <psychopy.colors.Color: transparent, alpha=1.0>
18.5369 	EXP 	cue: image = 'stim//obj2.png'
18.5369 	EXP 	cue: autoDraw = True
19.5221 	EXP 	Created sequence: sequential, trialTypes=1, nReps=3, seed=None
19.5222 	EXP 	New trial (rep=0, index=0): None
19.6379 	EXP 	cue: autoDraw = False
19.6379 	EXP 	cue: autoDraw = False
19.6379 	EXP 	image: image = 'stim//shoe3.png'
19.6379 	EXP 	image: autoDraw = True
19.6379 	EXP 	fixCrossR_2: autoDraw = True
19.8895 	EXP 	image: autoDraw = False
19.8895 	EXP 	fixCrossR_2: autoDraw = False
19.8895 	EXP 	image: autoDraw = False
19.8895 	EXP 	fixCrossR_2: autoDraw = False
19.8895 	EXP 	fixCrossR_4: autoDraw = True
20.1236 	EXP 	New trial (rep=1, index=0): None
20.2399 	EXP 	fixCrossR_4: autoDraw = False
20.2399 	EXP 	fixCrossR_4: autoDraw = False
20.2399 	EXP 	image: image = 'stim//shoe3.png'
20.2399 	EXP 	image: autoDraw = True
20.2399 	EXP 	fixCrossR_2: autoDraw = True
20.2764 	DATA 	Keypress: escape
20.4251 	EXP 	pilotv2: status = STOPPED
20.4399 	EXP 	image: autoDraw = False
20.4399 	EXP 	fixCrossR_2: autoDraw = False
20.4400 	EXP 	pilotv2: status = STOPPED
20.6676 	EXP 	window1: mouseVisible = True
