2.4493 	ERROR 	Support for the `sounddevice` audio backend is not available this session. Please install `psychopy-sounddevice` and restart the session to enable support.
7.8281 	WARNING 	User requested fullscreen with size [1536  864], but screen is actually [1920, 1080]. Using actual size
8.6081 	EXP 	Created window1 = Window(allowGUI=True, allowStencil=False, autoLog=True, backendConf=UNKNOWN, backgroundFit=<method-wrapper '__getattribute__' of attributeSetter object at 0x000001632E2D9C70>, backgroundImage=<method-wrapper '__getattribute__' of attributeSetter object at 0x000001632E2D9C10>, bitsMode=UNKNOWN, blendMode='avg', bpc=(8, 8, 8), color=array([-0.4039, -0.4039, -0.4039]), colorSpace='rgb', depthBits=8, fullscr=<method-wrapper '__getattribute__' of attributeSetter object at 0x000001632E2D9A30>, gamma=None, gammaErrorPolicy='raise', lms=UNKNOWN, monitor=<psychopy.monitors.calibTools.Monitor object at 0x000001632E7DABB0>, multiSample=False, name='window1', numSamples=2, pos=(-1920, 0), screen=0, size=array([1920, 1080]), stencilBits=0, stereo=False, title='PsychoPy', units='height', useFBO=True, useRetina=False, viewOri=0.0, viewPos=None, viewScale=None, waitBlanking=True, winType='pyglet')
8.6082 	EXP 	window1: mouseVisible = True
8.6083 	EXP 	window1: backgroundImage = ''
8.6083 	EXP 	window1: backgroundFit = 'none'
8.6100 	EXP 	window1: Attempting to measure frame rate of screen (0) ...
8.6100 	EXP 	window1: recordFrameIntervals = False
8.7748 	EXP 	window1: recordFrameIntervals = True
8.9580 	EXP 	Screen (0) actual frame rate measured at 60.12Hz
8.9581 	EXP 	window1: recordFrameIntervals = False
8.9582 	EXP 	window1: mouseVisible = False
11.0735 	EXP 	pilotv2: status = STARTED
11.0736 	EXP 	window1: mouseVisible = True
11.0837 	EXP 	Created imageInstruct = ImageStim(__class__=<class 'psychopy.visual.image.ImageStim'>, anchor=('center', 'center'), autoLog=True, color=array([1., 1., 1.]), colorSpace='rgb', contrast=1.0, depth=0.0, draggable=False, flipHoriz=False, flipVert=False, image='default.png', interpolate=True, mask=None, maskParams=None, name='imageInstruct', opacity=1.0, ori=0.0, pos=array([0., 0.]), size=array([1.6    , 1.00736]), texRes=128.0, units='height', win=Window(...))
11.0840 	EXP 	window1: mouseVisible = True
11.0841 	EXP 	window1: mouseVisible = True
11.0846 	EXP 	window1: mouseVisible = True
11.0849 	EXP 	window1: mouseVisible = True
11.0981 	EXP 	window1: mouseVisible = True
11.0982 	EXP 	window1: mouseVisible = True
11.0987 	EXP 	window1: mouseVisible = True
11.0991 	EXP 	window1: mouseVisible = True
11.1106 	EXP 	window1: mouseVisible = True
11.1108 	EXP 	window1: mouseVisible = True
11.1109 	EXP 	window1: mouseVisible = True
11.1113 	EXP 	window1: mouseVisible = True
11.1117 	EXP 	window1: mouseVisible = True
11.1226 	EXP 	window1: mouseVisible = True
11.1227 	EXP 	window1: mouseVisible = True
11.1231 	EXP 	window1: mouseVisible = True
11.1235 	EXP 	window1: mouseVisible = True
11.1268 	EXP 	window1: mouseVisible = True
11.1270 	EXP 	window1: mouseVisible = True
11.1908 	EXP 	Created text_8 = TextStim(__class__=<class 'psychopy.visual.text.TextStim'>, alignHoriz=method-wrapper(...), alignText='center', alignVert=method-wrapper(...), anchorHoriz='center', anchorVert='center', antialias=True, autoDraw=False, autoLog=True, bold=False, color=array([1., 1., 1.]), colorSpace='rgb', contrast=1.0, depth=0.0, draggable=False, flipHoriz=False, flipVert=False, font='Open Sans', fontFiles=[], height=0.05, italic=False, languageStyle='LTR', name='text_8', opacity=1.0, ori=0.0, pos=array([0., 0.]), rgb=UNKNOWN, text=str(...), units='height', win=Window(...), wrapWidth=1)
11.1910 	EXP 	window1: mouseVisible = True
11.1911 	EXP 	window1: mouseVisible = True
11.1915 	EXP 	window1: mouseVisible = True
11.1920 	EXP 	window1: mouseVisible = True
11.2152 	EXP 	window1: mouseVisible = True
11.2154 	EXP 	window1: mouseVisible = True
11.2159 	EXP 	window1: mouseVisible = True
11.2169 	EXP 	window1: mouseVisible = True
11.2274 	EXP 	window1: mouseVisible = True
11.2276 	EXP 	window1: mouseVisible = True
11.2277 	EXP 	window1: mouseVisible = True
11.2281 	EXP 	window1: mouseVisible = True
11.2285 	EXP 	window1: mouseVisible = True
11.2369 	EXP 	window1: mouseVisible = True
11.2370 	EXP 	window1: mouseVisible = True
11.2374 	EXP 	window1: mouseVisible = True
11.2378 	EXP 	window1: mouseVisible = True
11.2412 	EXP 	window1: mouseVisible = True
11.2413 	EXP 	window1: mouseVisible = True
11.2451 	EXP 	Created image_17 = ImageStim(__class__=<class 'psychopy.visual.image.ImageStim'>, anchor=('center', 'center'), autoLog=True, color=array([1., 1., 1.]), colorSpace='rgb', contrast=1.0, depth=-3.0, draggable=False, flipHoriz=False, flipVert=False, image='stim/ori1.png', interpolate=True, mask=None, maskParams=None, name='image_17', opacity=1.0, ori=0.0, pos=array([0.  , 0.23]), size=array([0.15, 0.15]), texRes=128.0, units='height', win=Window(...))
11.2452 	EXP 	window1: mouseVisible = True
11.2493 	EXP 	Created text_9 = TextStim(__class__=<class 'psychopy.visual.text.TextStim'>, alignHoriz=method-wrapper(...), alignText='center', alignVert=method-wrapper(...), anchorHoriz='center', anchorVert='center', antialias=True, autoDraw=False, autoLog=True, bold=False, color=array([1., 1., 1.]), colorSpace='rgb', contrast=1.0, depth=0.0, draggable=False, flipHoriz=False, flipVert=False, font='Open Sans', fontFiles=[], height=0.05, italic=False, languageStyle='LTR', name='text_9', opacity=1.0, ori=0.0, pos=array([0., 0.]), rgb=UNKNOWN, text=str(...), units='height', win=Window(...), wrapWidth=1)
11.2495 	EXP 	window1: mouseVisible = True
11.2496 	EXP 	window1: mouseVisible = True
11.2500 	EXP 	window1: mouseVisible = True
11.2504 	EXP 	window1: mouseVisible = True
11.2542 	EXP 	window1: mouseVisible = True
11.2543 	EXP 	window1: mouseVisible = True
11.2547 	EXP 	window1: mouseVisible = True
11.2551 	EXP 	window1: mouseVisible = True
11.2584 	EXP 	window1: mouseVisible = True
11.2586 	EXP 	window1: mouseVisible = True
11.2587 	EXP 	window1: mouseVisible = True
11.2592 	EXP 	window1: mouseVisible = True
11.2596 	EXP 	window1: mouseVisible = True
11.2635 	EXP 	window1: mouseVisible = True
11.2636 	EXP 	window1: mouseVisible = True
11.2641 	EXP 	window1: mouseVisible = True
11.2649 	EXP 	window1: mouseVisible = True
11.2682 	EXP 	window1: mouseVisible = True
11.2683 	EXP 	window1: mouseVisible = True
11.2722 	EXP 	Created image_18 = ImageStim(__class__=<class 'psychopy.visual.image.ImageStim'>, anchor=('center', 'center'), autoLog=True, color=array([1., 1., 1.]), colorSpace='rgb', contrast=1.0, depth=-3.0, draggable=False, flipHoriz=False, flipVert=False, image='stim/obj2.png', interpolate=True, mask=None, maskParams=None, name='image_18', opacity=1.0, ori=0.0, pos=array([0.  , 0.23]), size=array([0.15, 0.15]), texRes=128.0, units='height', win=Window(...))
11.2723 	EXP 	window1: mouseVisible = True
11.2763 	EXP 	Created text_10 = TextStim(__class__=<class 'psychopy.visual.text.TextStim'>, alignHoriz=method-wrapper(...), alignText='center', alignVert=method-wrapper(...), anchorHoriz='center', anchorVert='center', antialias=True, autoDraw=False, autoLog=True, bold=False, color=array([1., 1., 1.]), colorSpace='rgb', contrast=1.0, depth=0.0, draggable=False, flipHoriz=False, flipVert=False, font='Open Sans', fontFiles=[], height=0.05, italic=False, languageStyle='LTR', name='text_10', opacity=1.0, ori=0.0, pos=array([0., 0.]), rgb=UNKNOWN, text=str(...), units='height', win=Window(...), wrapWidth=1)
11.2766 	EXP 	window1: mouseVisible = True
11.2767 	EXP 	window1: mouseVisible = True
11.2771 	EXP 	window1: mouseVisible = True
11.2775 	EXP 	window1: mouseVisible = True
11.2815 	EXP 	window1: mouseVisible = True
11.2816 	EXP 	window1: mouseVisible = True
11.2820 	EXP 	window1: mouseVisible = True
11.2824 	EXP 	window1: mouseVisible = True
11.2857 	EXP 	window1: mouseVisible = True
11.2859 	EXP 	window1: mouseVisible = True
11.2860 	EXP 	window1: mouseVisible = True
11.2864 	EXP 	window1: mouseVisible = True
11.2868 	EXP 	window1: mouseVisible = True
11.2906 	EXP 	window1: mouseVisible = True
11.2907 	EXP 	window1: mouseVisible = True
11.2911 	EXP 	window1: mouseVisible = True
11.2915 	EXP 	window1: mouseVisible = True
11.2947 	EXP 	window1: mouseVisible = True
11.2948 	EXP 	window1: mouseVisible = True
11.2987 	EXP 	Created image_19 = ImageStim(__class__=<class 'psychopy.visual.image.ImageStim'>, anchor=('center', 'center'), autoLog=True, color=array([1., 1., 1.]), colorSpace='rgb', contrast=1.0, depth=-3.0, draggable=False, flipHoriz=False, flipVert=False, image='stim/ori2.png', interpolate=True, mask=None, maskParams=None, name='image_19', opacity=1.0, ori=0.0, pos=array([0.  , 0.23]), size=array([0.15, 0.15]), texRes=128.0, units='height', win=Window(...))
11.2989 	EXP 	window1: mouseVisible = True
11.3030 	EXP 	Created text_11 = TextStim(__class__=<class 'psychopy.visual.text.TextStim'>, alignHoriz=method-wrapper(...), alignText='center', alignVert=method-wrapper(...), anchorHoriz='center', anchorVert='center', antialias=True, autoDraw=False, autoLog=True, bold=False, color=array([1., 1., 1.]), colorSpace='rgb', contrast=1.0, depth=0.0, draggable=False, flipHoriz=False, flipVert=False, font='Open Sans', fontFiles=[], height=0.05, italic=False, languageStyle='LTR', name='text_11', opacity=1.0, ori=0.0, pos=array([0., 0.]), rgb=UNKNOWN, text=str(...), units='height', win=Window(...), wrapWidth=1)
11.3032 	EXP 	window1: mouseVisible = True
11.3033 	EXP 	window1: mouseVisible = True
11.3038 	EXP 	window1: mouseVisible = True
11.3042 	EXP 	window1: mouseVisible = True
11.3079 	EXP 	window1: mouseVisible = True
11.3081 	EXP 	window1: mouseVisible = True
11.3085 	EXP 	window1: mouseVisible = True
11.3089 	EXP 	window1: mouseVisible = True
11.3121 	EXP 	window1: mouseVisible = True
11.3124 	EXP 	window1: mouseVisible = True
11.3125 	EXP 	window1: mouseVisible = True
11.3130 	EXP 	window1: mouseVisible = True
11.3134 	EXP 	window1: mouseVisible = True
11.3172 	EXP 	window1: mouseVisible = True
11.3173 	EXP 	window1: mouseVisible = True
11.3178 	EXP 	window1: mouseVisible = True
11.3182 	EXP 	window1: mouseVisible = True
11.3216 	EXP 	window1: mouseVisible = True
11.3216 	EXP 	window1: mouseVisible = True
11.3257 	EXP 	Created image_20 = ImageStim(__class__=<class 'psychopy.visual.image.ImageStim'>, anchor=('center', 'center'), autoLog=True, color=array([1., 1., 1.]), colorSpace='rgb', contrast=1.0, depth=-3.0, draggable=False, flipHoriz=False, flipVert=False, image='stim/obj1.png', interpolate=True, mask=None, maskParams=None, name='image_20', opacity=1.0, ori=0.0, pos=array([0.  , 0.23]), size=array([0.15, 0.15]), texRes=128.0, units='height', win=Window(...))
11.3258 	EXP 	window1: mouseVisible = True
11.3348 	EXP 	Created imageInstruct_2 = ImageStim(__class__=<class 'psychopy.visual.image.ImageStim'>, anchor=('center', 'center'), autoLog=True, color=array([1., 1., 1.]), colorSpace='rgb', contrast=1.0, depth=0.0, draggable=False, flipHoriz=False, flipVert=False, image='default.png', interpolate=True, mask=None, maskParams=None, name='imageInstruct_2', opacity=1.0, ori=0.0, pos=array([0., 0.]), size=array([1.6    , 1.00736]), texRes=128.0, units='height', win=Window(...))
11.3351 	EXP 	window1: mouseVisible = True
11.3352 	EXP 	window1: mouseVisible = True
11.3356 	EXP 	window1: mouseVisible = True
11.3362 	EXP 	window1: mouseVisible = True
11.3414 	EXP 	window1: mouseVisible = True
11.3416 	EXP 	window1: mouseVisible = True
11.3420 	EXP 	window1: mouseVisible = True
11.3424 	EXP 	window1: mouseVisible = True
11.3457 	EXP 	window1: mouseVisible = True
11.3459 	EXP 	window1: mouseVisible = True
11.3460 	EXP 	window1: mouseVisible = True
11.3464 	EXP 	window1: mouseVisible = True
11.3468 	EXP 	window1: mouseVisible = True
11.3505 	EXP 	window1: mouseVisible = True
11.3506 	EXP 	window1: mouseVisible = True
11.3510 	EXP 	window1: mouseVisible = True
11.3514 	EXP 	window1: mouseVisible = True
11.3547 	EXP 	window1: mouseVisible = True
11.3548 	EXP 	window1: mouseVisible = True
11.3650 	EXP 	Created text = TextStim(__class__=<class 'psychopy.visual.text.TextStim'>, alignHoriz=method-wrapper(...), alignText='center', alignVert=method-wrapper(...), anchorHoriz='center', anchorVert='center', antialias=True, autoDraw=False, autoLog=True, bold=False, color=array([1., 1., 1.]), colorSpace='rgb', contrast=1.0, depth=0.0, draggable=False, flipHoriz=False, flipVert=False, font='Open Sans', fontFiles=[], height=0.05, italic=False, languageStyle='LTR', name='text', opacity=1.0, ori=0.0, pos=array([0., 0.]), rgb=UNKNOWN, text='The experiment will begin soon. Get ready!', units='height', win=Window(...), wrapWidth=1)
11.3651 	EXP 	window1: mouseVisible = True
11.3740 	EXP 	Created cue = ImageStim(__class__=<class 'psychopy.visual.image.ImageStim'>, anchor=('center', 'center'), autoLog=True, color=array([1., 1., 1.]), colorSpace='rgb', contrast=1.0, depth=0.0, draggable=False, flipHoriz=False, flipVert=False, image='default.png', interpolate=True, mask=None, maskParams=None, name='cue', opacity=1.0, ori=0.0, pos=array([0., 0.]), size=array([0.15, 0.15]), texRes=128.0, units='height', win=Window(...))
11.3741 	EXP 	window1: mouseVisible = True
11.3832 	EXP 	Created image = ImageStim(__class__=<class 'psychopy.visual.image.ImageStim'>, anchor=('center', 'center'), autoLog=True, color=array([1., 1., 1.]), colorSpace='rgb', contrast=1.0, depth=0.0, draggable=False, flipHoriz=False, flipVert=False, image='default.png', interpolate=True, mask=None, maskParams=None, name='image', opacity=1.0, ori=0.0, pos=array([0., 0.]), size=array([0.5, 0.5]), texRes=128.0, units='height', win=Window(...))
11.3834 	EXP 	window1: mouseVisible = True
11.3852 	EXP 	Created fixCrossR_2 = ShapeStim(__class__=<class 'psychopy.visual.shape.ShapeStim'>, anchor=('center', 'center'), autoDraw=False, autoLog=True, closeShape=True, color=method-wrapper(...), colorSpace='rgb', contrast=None, depth=-1.0, draggable=False, fillColor=array([-1, -1, -1]), fillColorSpace='rgb', fillRGB=array([-1, -1, -1]), interpolate=True, lineColor=array([-1., -1., -1.]), lineColorSpace='rgb', lineRGB=array([-1, -1, -1]), lineWidth=1.0, name='fixCrossR_2', opacity=1.0, ori=0.0, pos=array([0., 0.]), size=array([0.02, 0.02]), units='height', vertices=ndarray(...), win=Window(...), windingRule=None)
11.3853 	EXP 	window1: mouseVisible = True
11.3870 	EXP 	Created fixCrossR_4 = ShapeStim(__class__=<class 'psychopy.visual.shape.ShapeStim'>, anchor=('center', 'center'), autoDraw=False, autoLog=True, closeShape=True, color=method-wrapper(...), colorSpace='rgb', contrast=None, depth=0.0, draggable=False, fillColor=array([-1, -1, -1]), fillColorSpace='rgb', fillRGB=array([-1, -1, -1]), interpolate=True, lineColor=array([-1., -1., -1.]), lineColorSpace='rgb', lineRGB=array([-1, -1, -1]), lineWidth=1.0, name='fixCrossR_4', opacity=1.0, ori=0.0, pos=array([0., 0.]), size=array([0.02, 0.02]), units='height', vertices=ndarray(...), win=Window(...), windingRule=None)
11.3871 	EXP 	window1: mouseVisible = True
11.3888 	EXP 	Created fixCross_2 = ShapeStim(__class__=<class 'psychopy.visual.shape.ShapeStim'>, anchor=('center', 'center'), autoDraw=False, autoLog=True, closeShape=True, color=method-wrapper(...), colorSpace='rgb', contrast=None, depth=0.0, draggable=False, fillColor=array([1, 1, 1]), fillColorSpace='rgb', fillRGB=array([1, 1, 1]), interpolate=True, lineColor=array([1., 1., 1.]), lineColorSpace='rgb', lineRGB=array([1, 1, 1]), lineWidth=1.0, name='fixCross_2', opacity=1.0, ori=0.0, pos=array([0., 0.]), size=array([0.02, 0.02]), units='height', vertices=ndarray(...), win=Window(...), windingRule=None)
11.3889 	EXP 	window1: mouseVisible = True
11.3905 	EXP 	Created text1_2 = TextStim(__class__=<class 'psychopy.visual.text.TextStim'>, alignHoriz=method-wrapper(...), alignText='center', alignVert=method-wrapper(...), anchorHoriz='center', anchorVert='center', antialias=True, autoDraw=False, autoLog=True, bold=False, color=array([1., 1., 1.]), colorSpace='rgb', contrast=1.0, depth=-1.0, draggable=False, flipHoriz=False, flipVert=False, font='Open Sans', fontFiles=[], height=0.05, italic=False, languageStyle='LTR', name='text1_2', opacity=1.0, ori=0.0, pos=array([-0.225,  0.08 ]), rgb=UNKNOWN, text='', units='norm', win=Window(...), wrapWidth=1)
11.3906 	EXP 	window1: mouseVisible = True
11.3916 	EXP 	Created text2_2 = TextStim(__class__=<class 'psychopy.visual.text.TextStim'>, alignHoriz=method-wrapper(...), alignText='center', alignVert=method-wrapper(...), anchorHoriz='center', anchorVert='center', antialias=True, autoDraw=False, autoLog=True, bold=False, color=array([1., 1., 1.]), colorSpace='rgb', contrast=1.0, depth=-2.0, draggable=False, flipHoriz=False, flipVert=False, font='Open Sans', fontFiles=[], height=0.05, italic=False, languageStyle='LTR', name='text2_2', opacity=1.0, ori=0.0, pos=array([-0.075,  0.08 ]), rgb=UNKNOWN, text='', units='norm', win=Window(...), wrapWidth=1)
11.3917 	EXP 	window1: mouseVisible = True
11.3927 	EXP 	Created text3_2 = TextStim(__class__=<class 'psychopy.visual.text.TextStim'>, alignHoriz=method-wrapper(...), alignText='center', alignVert=method-wrapper(...), anchorHoriz='center', anchorVert='center', antialias=True, autoDraw=False, autoLog=True, bold=False, color=array([1., 1., 1.]), colorSpace='rgb', contrast=1.0, depth=-3.0, draggable=False, flipHoriz=False, flipVert=False, font='Open Sans', fontFiles=[], height=0.05, italic=False, languageStyle='LTR', name='text3_2', opacity=1.0, ori=0.0, pos=array([0.075, 0.08 ]), rgb=UNKNOWN, text='', units='norm', win=Window(...), wrapWidth=1)
11.3928 	EXP 	window1: mouseVisible = True
11.3938 	EXP 	Created text4_2 = TextStim(__class__=<class 'psychopy.visual.text.TextStim'>, alignHoriz=method-wrapper(...), alignText='center', alignVert=method-wrapper(...), anchorHoriz='center', anchorVert='center', antialias=True, autoDraw=False, autoLog=True, bold=False, color=array([1., 1., 1.]), colorSpace='rgb', contrast=1.0, depth=-4.0, draggable=False, flipHoriz=False, flipVert=False, font='Open Sans', fontFiles=[], height=0.05, italic=False, languageStyle='LTR', name='text4_2', opacity=1.0, ori=0.0, pos=array([0.225, 0.08 ]), rgb=UNKNOWN, text='', units='norm', win=Window(...), wrapWidth=1)
11.3938 	EXP 	window1: mouseVisible = True
11.3948 	EXP 	Created text5_2 = TextStim(__class__=<class 'psychopy.visual.text.TextStim'>, alignHoriz=method-wrapper(...), alignText='center', alignVert=method-wrapper(...), anchorHoriz='center', anchorVert='center', antialias=True, autoDraw=False, autoLog=True, bold=False, color=array([1., 1., 1.]), colorSpace='rgb', contrast=1.0, depth=-5.0, draggable=False, flipHoriz=False, flipVert=False, font='Open Sans', fontFiles=[], height=0.05, italic=False, languageStyle='LTR', name='text5_2', opacity=1.0, ori=0.0, pos=array([-0.225, -0.08 ]), rgb=UNKNOWN, text='', units='norm', win=Window(...), wrapWidth=1)
11.3949 	EXP 	window1: mouseVisible = True
11.3959 	EXP 	Created text6_2 = TextStim(__class__=<class 'psychopy.visual.text.TextStim'>, alignHoriz=method-wrapper(...), alignText='center', alignVert=method-wrapper(...), anchorHoriz='center', anchorVert='center', antialias=True, autoDraw=False, autoLog=True, bold=False, color=array([1., 1., 1.]), colorSpace='rgb', contrast=1.0, depth=-6.0, draggable=False, flipHoriz=False, flipVert=False, font='Open Sans', fontFiles=[], height=0.05, italic=False, languageStyle='LTR', name='text6_2', opacity=1.0, ori=0.0, pos=array([-0.075, -0.08 ]), rgb=UNKNOWN, text='', units='norm', win=Window(...), wrapWidth=1)
11.3960 	EXP 	window1: mouseVisible = True
11.3969 	EXP 	Created text7_2 = TextStim(__class__=<class 'psychopy.visual.text.TextStim'>, alignHoriz=method-wrapper(...), alignText='center', alignVert=method-wrapper(...), anchorHoriz='center', anchorVert='center', antialias=True, autoDraw=False, autoLog=True, bold=False, color=array([1., 1., 1.]), colorSpace='rgb', contrast=1.0, depth=-7.0, draggable=False, flipHoriz=False, flipVert=False, font='Open Sans', fontFiles=[], height=0.05, italic=False, languageStyle='LTR', name='text7_2', opacity=1.0, ori=0.0, pos=array([ 0.075, -0.08 ]), rgb=UNKNOWN, text='', units='norm', win=Window(...), wrapWidth=1)
11.3970 	EXP 	window1: mouseVisible = True
11.3979 	EXP 	Created text8_2 = TextStim(__class__=<class 'psychopy.visual.text.TextStim'>, alignHoriz=method-wrapper(...), alignText='center', alignVert=method-wrapper(...), anchorHoriz='center', anchorVert='center', antialias=True, autoDraw=False, autoLog=True, bold=False, color=array([1., 1., 1.]), colorSpace='rgb', contrast=1.0, depth=-8.0, draggable=False, flipHoriz=False, flipVert=False, font='Open Sans', fontFiles=[], height=0.05, italic=False, languageStyle='LTR', name='text8_2', opacity=1.0, ori=0.0, pos=array([ 0.225, -0.08 ]), rgb=UNKNOWN, text='', units='norm', win=Window(...), wrapWidth=1)
11.3980 	EXP 	window1: mouseVisible = True
11.3991 	EXP 	Created num1_2 = TextStim(__class__=<class 'psychopy.visual.text.TextStim'>, alignHoriz=method-wrapper(...), alignText='center', alignVert=method-wrapper(...), anchorHoriz='center', anchorVert='center', antialias=True, autoDraw=False, autoLog=True, bold=False, color=array([1., 1., 1.]), colorSpace='rgb', contrast=1.0, depth=-10.0, draggable=False, flipHoriz=False, flipVert=False, font='Open Sans', fontFiles=[], height=0.1, italic=False, languageStyle='LTR', name='num1_2', opacity=1.0, ori=0.0, pos=array([-0.225,  0.24 ]), rgb=UNKNOWN, text='', units='norm', win=Window(...), wrapWidth=1)
11.3992 	EXP 	window1: mouseVisible = True
11.4002 	EXP 	Created num2_2 = TextStim(__class__=<class 'psychopy.visual.text.TextStim'>, alignHoriz=method-wrapper(...), alignText='center', alignVert=method-wrapper(...), anchorHoriz='center', anchorVert='center', antialias=True, autoDraw=False, autoLog=True, bold=False, color=array([1., 1., 1.]), colorSpace='rgb', contrast=1.0, depth=-11.0, draggable=False, flipHoriz=False, flipVert=False, font='Open Sans', fontFiles=[], height=0.1, italic=False, languageStyle='LTR', name='num2_2', opacity=1.0, ori=0.0, pos=array([-0.075,  0.24 ]), rgb=UNKNOWN, text='', units='norm', win=Window(...), wrapWidth=1)
11.4003 	EXP 	window1: mouseVisible = True
11.4012 	EXP 	Created num3_2 = TextStim(__class__=<class 'psychopy.visual.text.TextStim'>, alignHoriz=method-wrapper(...), alignText='center', alignVert=method-wrapper(...), anchorHoriz='center', anchorVert='center', antialias=True, autoDraw=False, autoLog=True, bold=False, color=array([1., 1., 1.]), colorSpace='rgb', contrast=1.0, depth=-12.0, draggable=False, flipHoriz=False, flipVert=False, font='Open Sans', fontFiles=[], height=0.1, italic=False, languageStyle='LTR', name='num3_2', opacity=1.0, ori=0.0, pos=array([0.075, 0.24 ]), rgb=UNKNOWN, text='', units='norm', win=Window(...), wrapWidth=1)
11.4013 	EXP 	window1: mouseVisible = True
11.4022 	EXP 	Created num4_2 = TextStim(__class__=<class 'psychopy.visual.text.TextStim'>, alignHoriz=method-wrapper(...), alignText='center', alignVert=method-wrapper(...), anchorHoriz='center', anchorVert='center', antialias=True, autoDraw=False, autoLog=True, bold=False, color=array([1., 1., 1.]), colorSpace='rgb', contrast=1.0, depth=-13.0, draggable=False, flipHoriz=False, flipVert=False, font='Open Sans', fontFiles=[], height=0.1, italic=False, languageStyle='LTR', name='num4_2', opacity=1.0, ori=0.0, pos=array([0.225, 0.24 ]), rgb=UNKNOWN, text='', units='norm', win=Window(...), wrapWidth=1)
11.4023 	EXP 	window1: mouseVisible = True
11.4112 	EXP 	Created cue = ImageStim(__class__=<class 'psychopy.visual.image.ImageStim'>, anchor=('center', 'center'), autoLog=True, color=array([1., 1., 1.]), colorSpace='rgb', contrast=1.0, depth=0.0, draggable=False, flipHoriz=False, flipVert=False, image='default.png', interpolate=True, mask=None, maskParams=None, name='cue', opacity=1.0, ori=0.0, pos=array([0., 0.]), size=array([0.15, 0.15]), texRes=128.0, units='height', win=Window(...))
11.4113 	EXP 	window1: mouseVisible = True
11.4202 	EXP 	Created image = ImageStim(__class__=<class 'psychopy.visual.image.ImageStim'>, anchor=('center', 'center'), autoLog=True, color=array([1., 1., 1.]), colorSpace='rgb', contrast=1.0, depth=0.0, draggable=False, flipHoriz=False, flipVert=False, image='default.png', interpolate=True, mask=None, maskParams=None, name='image', opacity=1.0, ori=0.0, pos=array([0., 0.]), size=array([0.5, 0.5]), texRes=128.0, units='height', win=Window(...))
11.4204 	EXP 	window1: mouseVisible = True
11.4222 	EXP 	Created fixCrossR_2 = ShapeStim(__class__=<class 'psychopy.visual.shape.ShapeStim'>, anchor=('center', 'center'), autoDraw=False, autoLog=True, closeShape=True, color=method-wrapper(...), colorSpace='rgb', contrast=None, depth=-1.0, draggable=False, fillColor=array([-1, -1, -1]), fillColorSpace='rgb', fillRGB=array([-1, -1, -1]), interpolate=True, lineColor=array([-1., -1., -1.]), lineColorSpace='rgb', lineRGB=array([-1, -1, -1]), lineWidth=1.0, name='fixCrossR_2', opacity=1.0, ori=0.0, pos=array([0., 0.]), size=array([0.02, 0.02]), units='height', vertices=ndarray(...), win=Window(...), windingRule=None)
11.4222 	EXP 	window1: mouseVisible = True
11.4239 	EXP 	Created fixCrossR_4 = ShapeStim(__class__=<class 'psychopy.visual.shape.ShapeStim'>, anchor=('center', 'center'), autoDraw=False, autoLog=True, closeShape=True, color=method-wrapper(...), colorSpace='rgb', contrast=None, depth=0.0, draggable=False, fillColor=array([-1, -1, -1]), fillColorSpace='rgb', fillRGB=array([-1, -1, -1]), interpolate=True, lineColor=array([-1., -1., -1.]), lineColorSpace='rgb', lineRGB=array([-1, -1, -1]), lineWidth=1.0, name='fixCrossR_4', opacity=1.0, ori=0.0, pos=array([0., 0.]), size=array([0.02, 0.02]), units='height', vertices=ndarray(...), win=Window(...), windingRule=None)
11.4240 	EXP 	window1: mouseVisible = True
11.4257 	EXP 	Created fixCross = ShapeStim(__class__=<class 'psychopy.visual.shape.ShapeStim'>, anchor=('center', 'center'), autoDraw=False, autoLog=True, closeShape=True, color=method-wrapper(...), colorSpace='rgb', contrast=None, depth=0.0, draggable=False, fillColor=array([1, 1, 1]), fillColorSpace='rgb', fillRGB=array([1, 1, 1]), interpolate=True, lineColor=array([1., 1., 1.]), lineColorSpace='rgb', lineRGB=array([1, 1, 1]), lineWidth=1.0, name='fixCross', opacity=1.0, ori=0.0, pos=array([0., 0.]), size=array([0.02, 0.02]), units='height', vertices=ndarray(...), win=Window(...), windingRule=None)
11.4258 	EXP 	window1: mouseVisible = True
11.4268 	EXP 	Created text1 = TextStim(__class__=<class 'psychopy.visual.text.TextStim'>, alignHoriz=method-wrapper(...), alignText='center', alignVert=method-wrapper(...), anchorHoriz='center', anchorVert='center', antialias=True, autoDraw=False, autoLog=True, bold=False, color=array([1., 1., 1.]), colorSpace='rgb', contrast=1.0, depth=-1.0, draggable=False, flipHoriz=False, flipVert=False, font='Open Sans', fontFiles=[], height=0.05, italic=False, languageStyle='LTR', name='text1', opacity=1.0, ori=0.0, pos=array([-0.225,  0.08 ]), rgb=UNKNOWN, text='', units='norm', win=Window(...), wrapWidth=1)
11.4269 	EXP 	window1: mouseVisible = True
11.4279 	EXP 	Created text2 = TextStim(__class__=<class 'psychopy.visual.text.TextStim'>, alignHoriz=method-wrapper(...), alignText='center', alignVert=method-wrapper(...), anchorHoriz='center', anchorVert='center', antialias=True, autoDraw=False, autoLog=True, bold=False, color=array([1., 1., 1.]), colorSpace='rgb', contrast=1.0, depth=-2.0, draggable=False, flipHoriz=False, flipVert=False, font='Open Sans', fontFiles=[], height=0.05, italic=False, languageStyle='LTR', name='text2', opacity=1.0, ori=0.0, pos=array([-0.075,  0.08 ]), rgb=UNKNOWN, text='', units='norm', win=Window(...), wrapWidth=1)
11.4280 	EXP 	window1: mouseVisible = True
11.4289 	EXP 	Created text3 = TextStim(__class__=<class 'psychopy.visual.text.TextStim'>, alignHoriz=method-wrapper(...), alignText='center', alignVert=method-wrapper(...), anchorHoriz='center', anchorVert='center', antialias=True, autoDraw=False, autoLog=True, bold=False, color=array([1., 1., 1.]), colorSpace='rgb', contrast=1.0, depth=-3.0, draggable=False, flipHoriz=False, flipVert=False, font='Open Sans', fontFiles=[], height=0.05, italic=False, languageStyle='LTR', name='text3', opacity=1.0, ori=0.0, pos=array([0.075, 0.08 ]), rgb=UNKNOWN, text='', units='norm', win=Window(...), wrapWidth=1)
11.4290 	EXP 	window1: mouseVisible = True
11.4300 	EXP 	Created text4 = TextStim(__class__=<class 'psychopy.visual.text.TextStim'>, alignHoriz=method-wrapper(...), alignText='center', alignVert=method-wrapper(...), anchorHoriz='center', anchorVert='center', antialias=True, autoDraw=False, autoLog=True, bold=False, color=array([1., 1., 1.]), colorSpace='rgb', contrast=1.0, depth=-4.0, draggable=False, flipHoriz=False, flipVert=False, font='Open Sans', fontFiles=[], height=0.05, italic=False, languageStyle='LTR', name='text4', opacity=1.0, ori=0.0, pos=array([0.225, 0.08 ]), rgb=UNKNOWN, text='', units='norm', win=Window(...), wrapWidth=1)
11.4300 	EXP 	window1: mouseVisible = True
11.4310 	EXP 	Created text5 = TextStim(__class__=<class 'psychopy.visual.text.TextStim'>, alignHoriz=method-wrapper(...), alignText='center', alignVert=method-wrapper(...), anchorHoriz='center', anchorVert='center', antialias=True, autoDraw=False, autoLog=True, bold=False, color=array([1., 1., 1.]), colorSpace='rgb', contrast=1.0, depth=-5.0, draggable=False, flipHoriz=False, flipVert=False, font='Open Sans', fontFiles=[], height=0.05, italic=False, languageStyle='LTR', name='text5', opacity=1.0, ori=0.0, pos=array([-0.225, -0.08 ]), rgb=UNKNOWN, text='', units='norm', win=Window(...), wrapWidth=1)
11.4311 	EXP 	window1: mouseVisible = True
11.4320 	EXP 	Created text6 = TextStim(__class__=<class 'psychopy.visual.text.TextStim'>, alignHoriz=method-wrapper(...), alignText='center', alignVert=method-wrapper(...), anchorHoriz='center', anchorVert='center', antialias=True, autoDraw=False, autoLog=True, bold=False, color=array([1., 1., 1.]), colorSpace='rgb', contrast=1.0, depth=-6.0, draggable=False, flipHoriz=False, flipVert=False, font='Open Sans', fontFiles=[], height=0.05, italic=False, languageStyle='LTR', name='text6', opacity=1.0, ori=0.0, pos=array([-0.075, -0.08 ]), rgb=UNKNOWN, text='', units='norm', win=Window(...), wrapWidth=1)
11.4321 	EXP 	window1: mouseVisible = True
11.4331 	EXP 	Created text7 = TextStim(__class__=<class 'psychopy.visual.text.TextStim'>, alignHoriz=method-wrapper(...), alignText='center', alignVert=method-wrapper(...), anchorHoriz='center', anchorVert='center', antialias=True, autoDraw=False, autoLog=True, bold=False, color=array([1., 1., 1.]), colorSpace='rgb', contrast=1.0, depth=-7.0, draggable=False, flipHoriz=False, flipVert=False, font='Open Sans', fontFiles=[], height=0.05, italic=False, languageStyle='LTR', name='text7', opacity=1.0, ori=0.0, pos=array([ 0.075, -0.08 ]), rgb=UNKNOWN, text='', units='norm', win=Window(...), wrapWidth=1)
11.4332 	EXP 	window1: mouseVisible = True
11.4341 	EXP 	Created text8 = TextStim(__class__=<class 'psychopy.visual.text.TextStim'>, alignHoriz=method-wrapper(...), alignText='center', alignVert=method-wrapper(...), anchorHoriz='center', anchorVert='center', antialias=True, autoDraw=False, autoLog=True, bold=False, color=array([1., 1., 1.]), colorSpace='rgb', contrast=1.0, depth=-8.0, draggable=False, flipHoriz=False, flipVert=False, font='Open Sans', fontFiles=[], height=0.05, italic=False, languageStyle='LTR', name='text8', opacity=1.0, ori=0.0, pos=array([ 0.225, -0.08 ]), rgb=UNKNOWN, text='', units='norm', win=Window(...), wrapWidth=1)
11.4342 	EXP 	window1: mouseVisible = True
11.4352 	EXP 	Created num1 = TextStim(__class__=<class 'psychopy.visual.text.TextStim'>, alignHoriz=method-wrapper(...), alignText='center', alignVert=method-wrapper(...), anchorHoriz='center', anchorVert='center', antialias=True, autoDraw=False, autoLog=True, bold=False, color=array([1., 1., 1.]), colorSpace='rgb', contrast=1.0, depth=-10.0, draggable=False, flipHoriz=False, flipVert=False, font='Open Sans', fontFiles=[], height=0.1, italic=False, languageStyle='LTR', name='num1', opacity=1.0, ori=0.0, pos=array([-0.225,  0.24 ]), rgb=UNKNOWN, text='', units='norm', win=Window(...), wrapWidth=1)
11.4352 	EXP 	window1: mouseVisible = True
11.4363 	EXP 	Created num2 = TextStim(__class__=<class 'psychopy.visual.text.TextStim'>, alignHoriz=method-wrapper(...), alignText='center', alignVert=method-wrapper(...), anchorHoriz='center', anchorVert='center', antialias=True, autoDraw=False, autoLog=True, bold=False, color=array([1., 1., 1.]), colorSpace='rgb', contrast=1.0, depth=-11.0, draggable=False, flipHoriz=False, flipVert=False, font='Open Sans', fontFiles=[], height=0.1, italic=False, languageStyle='LTR', name='num2', opacity=1.0, ori=0.0, pos=array([-0.075,  0.24 ]), rgb=UNKNOWN, text='', units='norm', win=Window(...), wrapWidth=1)
11.4364 	EXP 	window1: mouseVisible = True
11.4374 	EXP 	Created num3 = TextStim(__class__=<class 'psychopy.visual.text.TextStim'>, alignHoriz=method-wrapper(...), alignText='center', alignVert=method-wrapper(...), anchorHoriz='center', anchorVert='center', antialias=True, autoDraw=False, autoLog=True, bold=False, color=array([1., 1., 1.]), colorSpace='rgb', contrast=1.0, depth=-12.0, draggable=False, flipHoriz=False, flipVert=False, font='Open Sans', fontFiles=[], height=0.1, italic=False, languageStyle='LTR', name='num3', opacity=1.0, ori=0.0, pos=array([0.075, 0.24 ]), rgb=UNKNOWN, text='', units='norm', win=Window(...), wrapWidth=1)
11.4374 	EXP 	window1: mouseVisible = True
11.4384 	EXP 	Created num4 = TextStim(__class__=<class 'psychopy.visual.text.TextStim'>, alignHoriz=method-wrapper(...), alignText='center', alignVert=method-wrapper(...), anchorHoriz='center', anchorVert='center', antialias=True, autoDraw=False, autoLog=True, bold=False, color=array([1., 1., 1.]), colorSpace='rgb', contrast=1.0, depth=-13.0, draggable=False, flipHoriz=False, flipVert=False, font='Open Sans', fontFiles=[], height=0.1, italic=False, languageStyle='LTR', name='num4', opacity=1.0, ori=0.0, pos=array([0.225, 0.24 ]), rgb=UNKNOWN, text='', units='norm', win=Window(...), wrapWidth=1)
11.4385 	EXP 	window1: mouseVisible = True
11.4402 	EXP 	Created fixCrossR = ShapeStim(__class__=<class 'psychopy.visual.shape.ShapeStim'>, anchor=('center', 'center'), autoDraw=False, autoLog=True, closeShape=True, color=method-wrapper(...), colorSpace='rgb', contrast=None, depth=0.0, draggable=False, fillColor=array([-1, -1, -1]), fillColorSpace='rgb', fillRGB=array([-1, -1, -1]), interpolate=True, lineColor=array([-1., -1., -1.]), lineColorSpace='rgb', lineRGB=array([-1, -1, -1]), lineWidth=1.0, name='fixCrossR', opacity=1.0, ori=0.0, pos=array([0., 0.]), size=array([0.02, 0.02]), units='height', vertices=ndarray(...), win=Window(...), windingRule=None)
11.4403 	EXP 	window1: mouseVisible = True
11.4416 	EXP 	Created text_total = TextStim(__class__=<class 'psychopy.visual.text.TextStim'>, alignHoriz=method-wrapper(...), alignText='center', alignVert=method-wrapper(...), anchorHoriz='center', anchorVert='center', antialias=True, autoDraw=False, autoLog=True, bold=False, color=array([1., 1., 1.]), colorSpace='rgb', contrast=1.0, depth=-1.0, draggable=False, flipHoriz=False, flipVert=False, font='Open Sans', fontFiles=[], height=0.05, italic=False, languageStyle='LTR', name='text_total', opacity=1.0, ori=0.0, pos=array([0., 0.]), rgb=UNKNOWN, text='', units='height', win=Window(...), wrapWidth=1)
11.4417 	EXP 	window1: mouseVisible = True
11.4429 	EXP 	Created text_acc = TextStim(__class__=<class 'psychopy.visual.text.TextStim'>, alignHoriz=method-wrapper(...), alignText='center', alignVert=method-wrapper(...), anchorHoriz='center', anchorVert='center', antialias=True, autoDraw=False, autoLog=True, bold=False, color=array([1., 1., 1.]), colorSpace='rgb', contrast=1.0, depth=-2.0, draggable=False, flipHoriz=False, flipVert=False, font='Open Sans', fontFiles=[], height=0.05, italic=False, languageStyle='LTR', name='text_acc', opacity=1.0, ori=0.0, pos=array([ 0. , -0.3]), rgb=UNKNOWN, text='', units='height', win=Window(...), wrapWidth=1)
0.0034 	DATA 	Mouse: Left button down, pos=(1001,219)
0.0036 	DATA 	Mouse:  Left button up, pos=(1001,219)
0.0168 	EXP 	Created sequence: random, trialTypes=1, nReps=0, seed=None
0.0343 	EXP 	text: autoDraw = True
0.4410 	EXP 	Imported participantData/s15/block_0/babySteps_s15.xlsx as conditions, 5 conditions, 14 params
0.4414 	EXP 	Created sequence: sequential, trialTypes=5, nReps=1, seed=None
0.4415 	EXP 	New trial (rep=0, index=0): {'category': 'car', 'orientation': 2, 'taskCue': 'stim//obj2.png', 'stimfile': 'stim//car2.png', 'resp1': 'Turtle', 'resp2': 'Horse', 'resp3': 'Car', 'resp4': 'Shoe', 'resp5': 'Full Left', 'resp6': 'Half Right', 'resp7': 'Half Left', 'resp8': 'Full Right', 'objFirst': True, 'interval': 2.475}
0.4452 	DATA 	Keypress: 5
0.4498 	EXP 	text: autoDraw = False
0.4498 	EXP 	cue: image = 'stim//obj2.png'
0.4498 	EXP 	cue: autoDraw = True
1.4347 	EXP 	Created sequence: sequential, trialTypes=1, nReps=3, seed=None
1.4350 	EXP 	New trial (rep=0, index=0): None
1.6507 	EXP 	cue: autoDraw = False
1.6507 	EXP 	cue: autoDraw = False
1.6507 	EXP 	image: image = 'stim//car2.png'
1.6507 	EXP 	image: autoDraw = True
1.6507 	EXP 	fixCrossR_2: autoDraw = True
1.9029 	EXP 	image: autoDraw = False
1.9029 	EXP 	fixCrossR_2: autoDraw = False
1.9029 	EXP 	image: autoDraw = False
1.9029 	EXP 	fixCrossR_2: autoDraw = False
1.9029 	EXP 	fixCrossR_4: autoDraw = True
2.1372 	EXP 	New trial (rep=1, index=0): None
2.2679 	EXP 	fixCrossR_4: autoDraw = False
2.2679 	EXP 	fixCrossR_4: autoDraw = False
2.2679 	EXP 	image: image = 'stim//car2.png'
2.2679 	EXP 	image: autoDraw = True
2.2679 	EXP 	fixCrossR_2: autoDraw = True
2.5183 	EXP 	image: autoDraw = False
2.5183 	EXP 	fixCrossR_2: autoDraw = False
2.5183 	EXP 	image: autoDraw = False
2.5183 	EXP 	fixCrossR_2: autoDraw = False
2.5183 	EXP 	fixCrossR_4: autoDraw = True
2.7526 	EXP 	New trial (rep=2, index=0): None
2.9371 	EXP 	fixCrossR_4: autoDraw = False
2.9371 	EXP 	fixCrossR_4: autoDraw = False
2.9371 	EXP 	image: image = 'stim//car2.png'
2.9371 	EXP 	image: autoDraw = True
2.9371 	EXP 	fixCrossR_2: autoDraw = True
3.1858 	EXP 	image: autoDraw = False
3.1858 	EXP 	fixCrossR_2: autoDraw = False
3.1858 	EXP 	image: autoDraw = False
3.1858 	EXP 	fixCrossR_2: autoDraw = False
3.1858 	EXP 	fixCrossR_4: autoDraw = True
3.5025 	EXP 	fixCrossR_4: autoDraw = False
3.5025 	EXP 	fixCrossR_4: autoDraw = False
3.5025 	EXP 	fixCross_2: fillColor = <psychopy.colors.Color: black, alpha=1.0>
3.5025 	EXP 	fixCross_2: borderColor = <psychopy.colors.Color: black, alpha=1.0>
3.5025 	EXP 	text1_2: foreColor = <psychopy.colors.Color: white, alpha=1.0>
3.5025 	EXP 	text1_2: height = 0.05
3.5025 	EXP 	text1_2: height = 0.05
3.5025 	EXP 	text1_2: height = 0.05
3.5025 	EXP 	text1_2: text = 'Turtle'
3.5025 	EXP 	text2_2: foreColor = <psychopy.colors.Color: white, alpha=1.0>
3.5025 	EXP 	text2_2: height = 0.05
3.5025 	EXP 	text2_2: height = 0.05
3.5025 	EXP 	text2_2: height = 0.05
3.5025 	EXP 	text2_2: text = 'Horse'
3.5025 	EXP 	text3_2: foreColor = <psychopy.colors.Color: white, alpha=1.0>
3.5025 	EXP 	text3_2: height = 0.05
3.5025 	EXP 	text3_2: height = 0.05
3.5025 	EXP 	text3_2: height = 0.05
3.5025 	EXP 	text3_2: text = 'Car'
3.5025 	EXP 	text4_2: foreColor = <psychopy.colors.Color: white, alpha=1.0>
3.5025 	EXP 	text4_2: height = 0.05
3.5025 	EXP 	text4_2: height = 0.05
3.5025 	EXP 	text4_2: height = 0.05
3.5025 	EXP 	text4_2: text = 'Shoe'
3.5025 	EXP 	text5_2: foreColor = <psychopy.colors.Color: white, alpha=1.0>
3.5025 	EXP 	text5_2: height = 0.05
3.5025 	EXP 	text5_2: height = 0.05
3.5025 	EXP 	text5_2: height = 0.05
3.5025 	EXP 	text5_2: text = 'Full Left'
3.5025 	EXP 	text6_2: foreColor = <psychopy.colors.Color: white, alpha=1.0>
3.5025 	EXP 	text6_2: height = 0.05
3.5025 	EXP 	text6_2: height = 0.05
3.5025 	EXP 	text6_2: height = 0.05
3.5025 	EXP 	text6_2: text = 'Half Right'
3.5025 	EXP 	text7_2: foreColor = <psychopy.colors.Color: white, alpha=1.0>
3.5025 	EXP 	text7_2: height = 0.05
3.5025 	EXP 	text7_2: height = 0.05
3.5025 	EXP 	text7_2: height = 0.05
3.5025 	EXP 	text7_2: text = 'Half Left'
3.5025 	EXP 	text8_2: foreColor = <psychopy.colors.Color: white, alpha=1.0>
3.5025 	EXP 	text8_2: height = 0.05
3.5025 	EXP 	text8_2: height = 0.05
3.5025 	EXP 	text8_2: height = 0.05
3.5025 	EXP 	text8_2: text = 'Full Right'
3.5025 	EXP 	num1_2: foreColor = <psychopy.colors.Color: white, alpha=1.0>
3.5025 	EXP 	num1_2: height = 0.1
3.5025 	EXP 	num1_2: height = 0.1
3.5025 	EXP 	num1_2: height = 0.1
3.5025 	EXP 	num1_2: text = '1'
3.5025 	EXP 	num2_2: foreColor = <psychopy.colors.Color: white, alpha=1.0>
3.5025 	EXP 	num2_2: height = 0.1
3.5025 	EXP 	num2_2: height = 0.1
3.5025 	EXP 	num2_2: height = 0.1
3.5025 	EXP 	num2_2: text = '2'
3.5025 	EXP 	num3_2: foreColor = <psychopy.colors.Color: white, alpha=1.0>
3.5025 	EXP 	num3_2: height = 0.1
3.5025 	EXP 	num3_2: height = 0.1
3.5025 	EXP 	num3_2: height = 0.1
3.5025 	EXP 	num3_2: text = '3'
3.5025 	EXP 	num4_2: foreColor = <psychopy.colors.Color: white, alpha=1.0>
3.5025 	EXP 	num4_2: height = 0.1
3.5025 	EXP 	num4_2: height = 0.1
3.5025 	EXP 	num4_2: height = 0.1
3.5025 	EXP 	num4_2: text = '4'
3.5025 	EXP 	fixCross_2: autoDraw = True
3.5025 	EXP 	text1_2: autoDraw = True
3.5025 	EXP 	text2_2: autoDraw = True
3.5025 	EXP 	text3_2: autoDraw = True
3.5025 	EXP 	text4_2: autoDraw = True
3.5025 	EXP 	text5_2: autoDraw = True
3.5025 	EXP 	text6_2: autoDraw = True
3.5025 	EXP 	text7_2: autoDraw = True
3.5025 	EXP 	text8_2: autoDraw = True
3.5025 	EXP 	num1_2: autoDraw = True
3.5025 	EXP 	num2_2: autoDraw = True
3.5025 	EXP 	num3_2: autoDraw = True
3.5025 	EXP 	num4_2: autoDraw = True
3.8433 	DATA 	Keypress: 3
3.8693 	EXP 	fixCross_2: foreColor = <psychopy.colors.Color: (0.0, 1.0, 0.0, 1.0)>
3.8693 	EXP 	fixCross_2: borderColor = <psychopy.colors.Color: (0.0, 1.0, 0.0, 1.0)>
3.8693 	EXP 	fixCross_2: fillColor = <psychopy.colors.Color: (0.0, 1.0, 0.0, 1.0)>
3.8693 	EXP 	text3_2: foreColor = <psychopy.colors.Color: (0.0, 1.0, 0.0, 1.0)>
3.8693 	EXP 	text7_2: foreColor = <psychopy.colors.Color: (0.0, 1.0, 0.0, 1.0)>
3.8693 	EXP 	num3_2: foreColor = <psychopy.colors.Color: (0.0, 1.0, 0.0, 1.0)>
4.0484 	EXP 	window1: mouseVisible = True
