2.4602 	ERROR 	Support for the `sounddevice` audio backend is not available this session. Please install `psychopy-sounddevice` and restart the session to enable support.
8.4083 	WARNING 	User requested fullscreen with size [1536  864], but screen is actually [1920, 1080]. Using actual size
9.2070 	EXP 	Created window1 = Window(allowGUI=True, allowStencil=False, autoLog=True, backendConf=UNKNOWN, backgroundFit=<method-wrapper '__getattribute__' of attributeSetter object at 0x000001BF64B19E80>, backgroundImage=<method-wrapper '__getattribute__' of attributeSetter object at 0x000001BF64B19E20>, bitsMode=UNKNOWN, blendMode='avg', bpc=(8, 8, 8), color=array([-0.4039, -0.4039, -0.4039]), colorSpace='rgb', depthBits=8, fullscr=<method-wrapper '__getattribute__' of attributeSetter object at 0x000001BF64B19C40>, gamma=None, gammaErrorPolicy='raise', lms=UNKNOWN, monitor=<psychopy.monitors.calibTools.Monitor object at 0x000001BF65058DF0>, multiSample=False, name='window1', numSamples=2, pos=(-1920, 0), screen=0, size=array([1920, 1080]), stencilBits=0, stereo=False, title='PsychoPy', units='height', useFBO=True, useRetina=False, viewOri=0.0, viewPos=None, viewScale=None, waitBlanking=True, winType='pyglet')
9.2070 	EXP 	window1: mouseVisible = True
9.2070 	EXP 	window1: backgroundImage = ''
9.2071 	EXP 	window1: backgroundFit = 'none'
9.2086 	EXP 	window1: Attempting to measure frame rate of screen (0) ...
9.2086 	EXP 	window1: recordFrameIntervals = False
9.3723 	EXP 	window1: recordFrameIntervals = True
9.5565 	EXP 	Screen (0) actual frame rate measured at 59.61Hz
9.5565 	EXP 	window1: recordFrameIntervals = False
9.5567 	EXP 	window1: mouseVisible = False
11.7747 	EXP 	pilotv2: status = STARTED
11.7751 	EXP 	window1: mouseVisible = True
11.7849 	EXP 	Created imageInstruct = ImageStim(__class__=<class 'psychopy.visual.image.ImageStim'>, anchor=('center', 'center'), autoLog=True, color=array([1., 1., 1.]), colorSpace='rgb', contrast=1.0, depth=0.0, draggable=False, flipHoriz=False, flipVert=False, image='default.png', interpolate=True, mask=None, maskParams=None, name='imageInstruct', opacity=1.0, ori=0.0, pos=array([0., 0.]), size=array([1.6    , 1.00736]), texRes=128.0, units='height', win=Window(...))
11.7852 	EXP 	window1: mouseVisible = True
11.7853 	EXP 	window1: mouseVisible = True
11.7857 	EXP 	window1: mouseVisible = True
11.7861 	EXP 	window1: mouseVisible = True
11.8071 	EXP 	window1: mouseVisible = True
11.8073 	EXP 	window1: mouseVisible = True
11.8077 	EXP 	window1: mouseVisible = True
11.8081 	EXP 	window1: mouseVisible = True
11.8263 	EXP 	window1: mouseVisible = True
11.8265 	EXP 	window1: mouseVisible = True
11.8266 	EXP 	window1: mouseVisible = True
11.8270 	EXP 	window1: mouseVisible = True
11.8274 	EXP 	window1: mouseVisible = True
11.8439 	EXP 	window1: mouseVisible = True
11.8441 	EXP 	window1: mouseVisible = True
11.8445 	EXP 	window1: mouseVisible = True
11.8448 	EXP 	window1: mouseVisible = True
11.8481 	EXP 	window1: mouseVisible = True
11.8483 	EXP 	window1: mouseVisible = True
11.9111 	EXP 	Created text_8 = TextStim(__class__=<class 'psychopy.visual.text.TextStim'>, alignHoriz=method-wrapper(...), alignText='center', alignVert=method-wrapper(...), anchorHoriz='center', anchorVert='center', antialias=True, autoDraw=False, autoLog=True, bold=False, color=array([1., 1., 1.]), colorSpace='rgb', contrast=1.0, depth=0.0, draggable=False, flipHoriz=False, flipVert=False, font='Open Sans', fontFiles=[], height=0.05, italic=False, languageStyle='LTR', name='text_8', opacity=1.0, ori=0.0, pos=array([0., 0.]), rgb=UNKNOWN, text=str(...), units='height', win=Window(...), wrapWidth=1)
11.9113 	EXP 	window1: mouseVisible = True
11.9114 	EXP 	window1: mouseVisible = True
11.9119 	EXP 	window1: mouseVisible = True
11.9123 	EXP 	window1: mouseVisible = True
11.9353 	EXP 	window1: mouseVisible = True
11.9354 	EXP 	window1: mouseVisible = True
11.9358 	EXP 	window1: mouseVisible = True
11.9362 	EXP 	window1: mouseVisible = True
11.9463 	EXP 	window1: mouseVisible = True
11.9466 	EXP 	window1: mouseVisible = True
11.9468 	EXP 	window1: mouseVisible = True
11.9472 	EXP 	window1: mouseVisible = True
11.9478 	EXP 	window1: mouseVisible = True
11.9565 	EXP 	window1: mouseVisible = True
11.9566 	EXP 	window1: mouseVisible = True
11.9571 	EXP 	window1: mouseVisible = True
11.9576 	EXP 	window1: mouseVisible = True
11.9608 	EXP 	window1: mouseVisible = True
11.9609 	EXP 	window1: mouseVisible = True
11.9646 	EXP 	Created image_17 = ImageStim(__class__=<class 'psychopy.visual.image.ImageStim'>, anchor=('center', 'center'), autoLog=True, color=array([1., 1., 1.]), colorSpace='rgb', contrast=1.0, depth=-3.0, draggable=False, flipHoriz=False, flipVert=False, image='stim/ori1.png', interpolate=True, mask=None, maskParams=None, name='image_17', opacity=1.0, ori=0.0, pos=array([0.  , 0.23]), size=array([0.15, 0.15]), texRes=128.0, units='height', win=Window(...))
11.9647 	EXP 	window1: mouseVisible = True
11.9685 	EXP 	Created text_9 = TextStim(__class__=<class 'psychopy.visual.text.TextStim'>, alignHoriz=method-wrapper(...), alignText='center', alignVert=method-wrapper(...), anchorHoriz='center', anchorVert='center', antialias=True, autoDraw=False, autoLog=True, bold=False, color=array([1., 1., 1.]), colorSpace='rgb', contrast=1.0, depth=0.0, draggable=False, flipHoriz=False, flipVert=False, font='Open Sans', fontFiles=[], height=0.05, italic=False, languageStyle='LTR', name='text_9', opacity=1.0, ori=0.0, pos=array([0., 0.]), rgb=UNKNOWN, text=str(...), units='height', win=Window(...), wrapWidth=1)
11.9687 	EXP 	window1: mouseVisible = True
11.9688 	EXP 	window1: mouseVisible = True
11.9693 	EXP 	window1: mouseVisible = True
11.9696 	EXP 	window1: mouseVisible = True
11.9734 	EXP 	window1: mouseVisible = True
11.9735 	EXP 	window1: mouseVisible = True
11.9739 	EXP 	window1: mouseVisible = True
11.9743 	EXP 	window1: mouseVisible = True
11.9776 	EXP 	window1: mouseVisible = True
11.9778 	EXP 	window1: mouseVisible = True
11.9779 	EXP 	window1: mouseVisible = True
11.9784 	EXP 	window1: mouseVisible = True
11.9788 	EXP 	window1: mouseVisible = True
11.9825 	EXP 	window1: mouseVisible = True
11.9827 	EXP 	window1: mouseVisible = True
11.9831 	EXP 	window1: mouseVisible = True
11.9834 	EXP 	window1: mouseVisible = True
11.9867 	EXP 	window1: mouseVisible = True
11.9867 	EXP 	window1: mouseVisible = True
11.9906 	EXP 	Created image_18 = ImageStim(__class__=<class 'psychopy.visual.image.ImageStim'>, anchor=('center', 'center'), autoLog=True, color=array([1., 1., 1.]), colorSpace='rgb', contrast=1.0, depth=-3.0, draggable=False, flipHoriz=False, flipVert=False, image='stim/obj2.png', interpolate=True, mask=None, maskParams=None, name='image_18', opacity=1.0, ori=0.0, pos=array([0.  , 0.23]), size=array([0.15, 0.15]), texRes=128.0, units='height', win=Window(...))
11.9907 	EXP 	window1: mouseVisible = True
11.9945 	EXP 	Created text_10 = TextStim(__class__=<class 'psychopy.visual.text.TextStim'>, alignHoriz=method-wrapper(...), alignText='center', alignVert=method-wrapper(...), anchorHoriz='center', anchorVert='center', antialias=True, autoDraw=False, autoLog=True, bold=False, color=array([1., 1., 1.]), colorSpace='rgb', contrast=1.0, depth=0.0, draggable=False, flipHoriz=False, flipVert=False, font='Open Sans', fontFiles=[], height=0.05, italic=False, languageStyle='LTR', name='text_10', opacity=1.0, ori=0.0, pos=array([0., 0.]), rgb=UNKNOWN, text=str(...), units='height', win=Window(...), wrapWidth=1)
11.9948 	EXP 	window1: mouseVisible = True
11.9949 	EXP 	window1: mouseVisible = True
11.9954 	EXP 	window1: mouseVisible = True
11.9957 	EXP 	window1: mouseVisible = True
11.9995 	EXP 	window1: mouseVisible = True
11.9997 	EXP 	window1: mouseVisible = True
12.0000 	EXP 	window1: mouseVisible = True
12.0004 	EXP 	window1: mouseVisible = True
12.0037 	EXP 	window1: mouseVisible = True
12.0039 	EXP 	window1: mouseVisible = True
12.0040 	EXP 	window1: mouseVisible = True
12.0044 	EXP 	window1: mouseVisible = True
12.0048 	EXP 	window1: mouseVisible = True
12.0087 	EXP 	window1: mouseVisible = True
12.0088 	EXP 	window1: mouseVisible = True
12.0093 	EXP 	window1: mouseVisible = True
12.0097 	EXP 	window1: mouseVisible = True
12.0129 	EXP 	window1: mouseVisible = True
12.0130 	EXP 	window1: mouseVisible = True
12.0168 	EXP 	Created image_19 = ImageStim(__class__=<class 'psychopy.visual.image.ImageStim'>, anchor=('center', 'center'), autoLog=True, color=array([1., 1., 1.]), colorSpace='rgb', contrast=1.0, depth=-3.0, draggable=False, flipHoriz=False, flipVert=False, image='stim/ori2.png', interpolate=True, mask=None, maskParams=None, name='image_19', opacity=1.0, ori=0.0, pos=array([0.  , 0.23]), size=array([0.15, 0.15]), texRes=128.0, units='height', win=Window(...))
12.0170 	EXP 	window1: mouseVisible = True
12.0211 	EXP 	Created text_11 = TextStim(__class__=<class 'psychopy.visual.text.TextStim'>, alignHoriz=method-wrapper(...), alignText='center', alignVert=method-wrapper(...), anchorHoriz='center', anchorVert='center', antialias=True, autoDraw=False, autoLog=True, bold=False, color=array([1., 1., 1.]), colorSpace='rgb', contrast=1.0, depth=0.0, draggable=False, flipHoriz=False, flipVert=False, font='Open Sans', fontFiles=[], height=0.05, italic=False, languageStyle='LTR', name='text_11', opacity=1.0, ori=0.0, pos=array([0., 0.]), rgb=UNKNOWN, text=str(...), units='height', win=Window(...), wrapWidth=1)
12.0213 	EXP 	window1: mouseVisible = True
12.0214 	EXP 	window1: mouseVisible = True
12.0218 	EXP 	window1: mouseVisible = True
12.0222 	EXP 	window1: mouseVisible = True
12.0261 	EXP 	window1: mouseVisible = True
12.0263 	EXP 	window1: mouseVisible = True
12.0267 	EXP 	window1: mouseVisible = True
12.0270 	EXP 	window1: mouseVisible = True
12.0304 	EXP 	window1: mouseVisible = True
12.0305 	EXP 	window1: mouseVisible = True
12.0307 	EXP 	window1: mouseVisible = True
12.0311 	EXP 	window1: mouseVisible = True
12.0314 	EXP 	window1: mouseVisible = True
12.0364 	EXP 	window1: mouseVisible = True
12.0365 	EXP 	window1: mouseVisible = True
12.0369 	EXP 	window1: mouseVisible = True
12.0374 	EXP 	window1: mouseVisible = True
12.0407 	EXP 	window1: mouseVisible = True
12.0408 	EXP 	window1: mouseVisible = True
12.0448 	EXP 	Created image_20 = ImageStim(__class__=<class 'psychopy.visual.image.ImageStim'>, anchor=('center', 'center'), autoLog=True, color=array([1., 1., 1.]), colorSpace='rgb', contrast=1.0, depth=-3.0, draggable=False, flipHoriz=False, flipVert=False, image='stim/obj1.png', interpolate=True, mask=None, maskParams=None, name='image_20', opacity=1.0, ori=0.0, pos=array([0.  , 0.23]), size=array([0.15, 0.15]), texRes=128.0, units='height', win=Window(...))
12.0450 	EXP 	window1: mouseVisible = True
12.0537 	EXP 	Created imageInstruct_2 = ImageStim(__class__=<class 'psychopy.visual.image.ImageStim'>, anchor=('center', 'center'), autoLog=True, color=array([1., 1., 1.]), colorSpace='rgb', contrast=1.0, depth=0.0, draggable=False, flipHoriz=False, flipVert=False, image='default.png', interpolate=True, mask=None, maskParams=None, name='imageInstruct_2', opacity=1.0, ori=0.0, pos=array([0., 0.]), size=array([1.6    , 1.00736]), texRes=128.0, units='height', win=Window(...))
12.0540 	EXP 	window1: mouseVisible = True
12.0541 	EXP 	window1: mouseVisible = True
12.0545 	EXP 	window1: mouseVisible = True
12.0549 	EXP 	window1: mouseVisible = True
12.0586 	EXP 	window1: mouseVisible = True
12.0588 	EXP 	window1: mouseVisible = True
12.0592 	EXP 	window1: mouseVisible = True
12.0596 	EXP 	window1: mouseVisible = True
12.0628 	EXP 	window1: mouseVisible = True
12.0630 	EXP 	window1: mouseVisible = True
12.0631 	EXP 	window1: mouseVisible = True
12.0635 	EXP 	window1: mouseVisible = True
12.0638 	EXP 	window1: mouseVisible = True
12.0676 	EXP 	window1: mouseVisible = True
12.0677 	EXP 	window1: mouseVisible = True
12.0681 	EXP 	window1: mouseVisible = True
12.0685 	EXP 	window1: mouseVisible = True
12.0717 	EXP 	window1: mouseVisible = True
12.0718 	EXP 	window1: mouseVisible = True
12.0813 	EXP 	Created text = TextStim(__class__=<class 'psychopy.visual.text.TextStim'>, alignHoriz=method-wrapper(...), alignText='center', alignVert=method-wrapper(...), anchorHoriz='center', anchorVert='center', antialias=True, autoDraw=False, autoLog=True, bold=False, color=array([1., 1., 1.]), colorSpace='rgb', contrast=1.0, depth=0.0, draggable=False, flipHoriz=False, flipVert=False, font='Open Sans', fontFiles=[], height=0.05, italic=False, languageStyle='LTR', name='text', opacity=1.0, ori=0.0, pos=array([0., 0.]), rgb=UNKNOWN, text='The experiment will begin soon. Get ready!', units='height', win=Window(...), wrapWidth=1)
12.0814 	EXP 	window1: mouseVisible = True
12.0900 	EXP 	Created cue = ImageStim(__class__=<class 'psychopy.visual.image.ImageStim'>, anchor=('center', 'center'), autoLog=True, color=array([1., 1., 1.]), colorSpace='rgb', contrast=1.0, depth=0.0, draggable=False, flipHoriz=False, flipVert=False, image='default.png', interpolate=True, mask=None, maskParams=None, name='cue', opacity=1.0, ori=0.0, pos=array([0., 0.]), size=array([0.15, 0.15]), texRes=128.0, units='height', win=Window(...))
12.0902 	EXP 	window1: mouseVisible = True
12.0989 	EXP 	Created image = ImageStim(__class__=<class 'psychopy.visual.image.ImageStim'>, anchor=('center', 'center'), autoLog=True, color=array([1., 1., 1.]), colorSpace='rgb', contrast=1.0, depth=0.0, draggable=False, flipHoriz=False, flipVert=False, image='default.png', interpolate=True, mask=None, maskParams=None, name='image', opacity=1.0, ori=0.0, pos=array([0., 0.]), size=array([0.5, 0.5]), texRes=128.0, units='height', win=Window(...))
12.0991 	EXP 	window1: mouseVisible = True
12.1008 	EXP 	Created fixCrossR_2 = ShapeStim(__class__=<class 'psychopy.visual.shape.ShapeStim'>, anchor=('center', 'center'), autoDraw=False, autoLog=True, closeShape=True, color=method-wrapper(...), colorSpace='rgb', contrast=None, depth=-1.0, draggable=False, fillColor=array([-1, -1, -1]), fillColorSpace='rgb', fillRGB=array([-1, -1, -1]), interpolate=True, lineColor=array([-1., -1., -1.]), lineColorSpace='rgb', lineRGB=array([-1, -1, -1]), lineWidth=1.0, name='fixCrossR_2', opacity=1.0, ori=0.0, pos=array([0., 0.]), size=array([0.02, 0.02]), units='height', vertices=ndarray(...), win=Window(...), windingRule=None)
12.1009 	EXP 	window1: mouseVisible = True
12.1025 	EXP 	Created fixCrossR_4 = ShapeStim(__class__=<class 'psychopy.visual.shape.ShapeStim'>, anchor=('center', 'center'), autoDraw=False, autoLog=True, closeShape=True, color=method-wrapper(...), colorSpace='rgb', contrast=None, depth=0.0, draggable=False, fillColor=array([-1, -1, -1]), fillColorSpace='rgb', fillRGB=array([-1, -1, -1]), interpolate=True, lineColor=array([-1., -1., -1.]), lineColorSpace='rgb', lineRGB=array([-1, -1, -1]), lineWidth=1.0, name='fixCrossR_4', opacity=1.0, ori=0.0, pos=array([0., 0.]), size=array([0.02, 0.02]), units='height', vertices=ndarray(...), win=Window(...), windingRule=None)
12.1026 	EXP 	window1: mouseVisible = True
12.1042 	EXP 	Created fixCross_2 = ShapeStim(__class__=<class 'psychopy.visual.shape.ShapeStim'>, anchor=('center', 'center'), autoDraw=False, autoLog=True, closeShape=True, color=method-wrapper(...), colorSpace='rgb', contrast=None, depth=0.0, draggable=False, fillColor=array([1, 1, 1]), fillColorSpace='rgb', fillRGB=array([1, 1, 1]), interpolate=True, lineColor=array([1., 1., 1.]), lineColorSpace='rgb', lineRGB=array([1, 1, 1]), lineWidth=1.0, name='fixCross_2', opacity=1.0, ori=0.0, pos=array([0., 0.]), size=array([0.02, 0.02]), units='height', vertices=ndarray(...), win=Window(...), windingRule=None)
12.1043 	EXP 	window1: mouseVisible = True
12.1061 	EXP 	Created text1_2 = TextStim(__class__=<class 'psychopy.visual.text.TextStim'>, alignHoriz=method-wrapper(...), alignText='center', alignVert=method-wrapper(...), anchorHoriz='center', anchorVert='center', antialias=True, autoDraw=False, autoLog=True, bold=False, color=array([1., 1., 1.]), colorSpace='rgb', contrast=1.0, depth=-1.0, draggable=False, flipHoriz=False, flipVert=False, font='Open Sans', fontFiles=[], height=0.05, italic=False, languageStyle='LTR', name='text1_2', opacity=1.0, ori=0.0, pos=array([-0.225,  0.08 ]), rgb=UNKNOWN, text='', units='norm', win=Window(...), wrapWidth=1)
12.1062 	EXP 	window1: mouseVisible = True
12.1072 	EXP 	Created text2_2 = TextStim(__class__=<class 'psychopy.visual.text.TextStim'>, alignHoriz=method-wrapper(...), alignText='center', alignVert=method-wrapper(...), anchorHoriz='center', anchorVert='center', antialias=True, autoDraw=False, autoLog=True, bold=False, color=array([1., 1., 1.]), colorSpace='rgb', contrast=1.0, depth=-2.0, draggable=False, flipHoriz=False, flipVert=False, font='Open Sans', fontFiles=[], height=0.05, italic=False, languageStyle='LTR', name='text2_2', opacity=1.0, ori=0.0, pos=array([-0.075,  0.08 ]), rgb=UNKNOWN, text='', units='norm', win=Window(...), wrapWidth=1)
12.1073 	EXP 	window1: mouseVisible = True
12.1083 	EXP 	Created text3_2 = TextStim(__class__=<class 'psychopy.visual.text.TextStim'>, alignHoriz=method-wrapper(...), alignText='center', alignVert=method-wrapper(...), anchorHoriz='center', anchorVert='center', antialias=True, autoDraw=False, autoLog=True, bold=False, color=array([1., 1., 1.]), colorSpace='rgb', contrast=1.0, depth=-3.0, draggable=False, flipHoriz=False, flipVert=False, font='Open Sans', fontFiles=[], height=0.05, italic=False, languageStyle='LTR', name='text3_2', opacity=1.0, ori=0.0, pos=array([0.075, 0.08 ]), rgb=UNKNOWN, text='', units='norm', win=Window(...), wrapWidth=1)
12.1084 	EXP 	window1: mouseVisible = True
12.1093 	EXP 	Created text4_2 = TextStim(__class__=<class 'psychopy.visual.text.TextStim'>, alignHoriz=method-wrapper(...), alignText='center', alignVert=method-wrapper(...), anchorHoriz='center', anchorVert='center', antialias=True, autoDraw=False, autoLog=True, bold=False, color=array([1., 1., 1.]), colorSpace='rgb', contrast=1.0, depth=-4.0, draggable=False, flipHoriz=False, flipVert=False, font='Open Sans', fontFiles=[], height=0.05, italic=False, languageStyle='LTR', name='text4_2', opacity=1.0, ori=0.0, pos=array([0.225, 0.08 ]), rgb=UNKNOWN, text='', units='norm', win=Window(...), wrapWidth=1)
12.1094 	EXP 	window1: mouseVisible = True
12.1103 	EXP 	Created text5_2 = TextStim(__class__=<class 'psychopy.visual.text.TextStim'>, alignHoriz=method-wrapper(...), alignText='center', alignVert=method-wrapper(...), anchorHoriz='center', anchorVert='center', antialias=True, autoDraw=False, autoLog=True, bold=False, color=array([1., 1., 1.]), colorSpace='rgb', contrast=1.0, depth=-5.0, draggable=False, flipHoriz=False, flipVert=False, font='Open Sans', fontFiles=[], height=0.05, italic=False, languageStyle='LTR', name='text5_2', opacity=1.0, ori=0.0, pos=array([-0.225, -0.08 ]), rgb=UNKNOWN, text='', units='norm', win=Window(...), wrapWidth=1)
12.1103 	EXP 	window1: mouseVisible = True
12.1113 	EXP 	Created text6_2 = TextStim(__class__=<class 'psychopy.visual.text.TextStim'>, alignHoriz=method-wrapper(...), alignText='center', alignVert=method-wrapper(...), anchorHoriz='center', anchorVert='center', antialias=True, autoDraw=False, autoLog=True, bold=False, color=array([1., 1., 1.]), colorSpace='rgb', contrast=1.0, depth=-6.0, draggable=False, flipHoriz=False, flipVert=False, font='Open Sans', fontFiles=[], height=0.05, italic=False, languageStyle='LTR', name='text6_2', opacity=1.0, ori=0.0, pos=array([-0.075, -0.08 ]), rgb=UNKNOWN, text='', units='norm', win=Window(...), wrapWidth=1)
12.1113 	EXP 	window1: mouseVisible = True
12.1122 	EXP 	Created text7_2 = TextStim(__class__=<class 'psychopy.visual.text.TextStim'>, alignHoriz=method-wrapper(...), alignText='center', alignVert=method-wrapper(...), anchorHoriz='center', anchorVert='center', antialias=True, autoDraw=False, autoLog=True, bold=False, color=array([1., 1., 1.]), colorSpace='rgb', contrast=1.0, depth=-7.0, draggable=False, flipHoriz=False, flipVert=False, font='Open Sans', fontFiles=[], height=0.05, italic=False, languageStyle='LTR', name='text7_2', opacity=1.0, ori=0.0, pos=array([ 0.075, -0.08 ]), rgb=UNKNOWN, text='', units='norm', win=Window(...), wrapWidth=1)
12.1123 	EXP 	window1: mouseVisible = True
12.1133 	EXP 	Created text8_2 = TextStim(__class__=<class 'psychopy.visual.text.TextStim'>, alignHoriz=method-wrapper(...), alignText='center', alignVert=method-wrapper(...), anchorHoriz='center', anchorVert='center', antialias=True, autoDraw=False, autoLog=True, bold=False, color=array([1., 1., 1.]), colorSpace='rgb', contrast=1.0, depth=-8.0, draggable=False, flipHoriz=False, flipVert=False, font='Open Sans', fontFiles=[], height=0.05, italic=False, languageStyle='LTR', name='text8_2', opacity=1.0, ori=0.0, pos=array([ 0.225, -0.08 ]), rgb=UNKNOWN, text='', units='norm', win=Window(...), wrapWidth=1)
12.1134 	EXP 	window1: mouseVisible = True
12.1145 	EXP 	Created num1_2 = TextStim(__class__=<class 'psychopy.visual.text.TextStim'>, alignHoriz=method-wrapper(...), alignText='center', alignVert=method-wrapper(...), anchorHoriz='center', anchorVert='center', antialias=True, autoDraw=False, autoLog=True, bold=False, color=array([1., 1., 1.]), colorSpace='rgb', contrast=1.0, depth=-10.0, draggable=False, flipHoriz=False, flipVert=False, font='Open Sans', fontFiles=[], height=0.1, italic=False, languageStyle='LTR', name='num1_2', opacity=1.0, ori=0.0, pos=array([-0.225,  0.24 ]), rgb=UNKNOWN, text='', units='norm', win=Window(...), wrapWidth=1)
12.1145 	EXP 	window1: mouseVisible = True
12.1155 	EXP 	Created num2_2 = TextStim(__class__=<class 'psychopy.visual.text.TextStim'>, alignHoriz=method-wrapper(...), alignText='center', alignVert=method-wrapper(...), anchorHoriz='center', anchorVert='center', antialias=True, autoDraw=False, autoLog=True, bold=False, color=array([1., 1., 1.]), colorSpace='rgb', contrast=1.0, depth=-11.0, draggable=False, flipHoriz=False, flipVert=False, font='Open Sans', fontFiles=[], height=0.1, italic=False, languageStyle='LTR', name='num2_2', opacity=1.0, ori=0.0, pos=array([-0.075,  0.24 ]), rgb=UNKNOWN, text='', units='norm', win=Window(...), wrapWidth=1)
12.1155 	EXP 	window1: mouseVisible = True
12.1164 	EXP 	Created num3_2 = TextStim(__class__=<class 'psychopy.visual.text.TextStim'>, alignHoriz=method-wrapper(...), alignText='center', alignVert=method-wrapper(...), anchorHoriz='center', anchorVert='center', antialias=True, autoDraw=False, autoLog=True, bold=False, color=array([1., 1., 1.]), colorSpace='rgb', contrast=1.0, depth=-12.0, draggable=False, flipHoriz=False, flipVert=False, font='Open Sans', fontFiles=[], height=0.1, italic=False, languageStyle='LTR', name='num3_2', opacity=1.0, ori=0.0, pos=array([0.075, 0.24 ]), rgb=UNKNOWN, text='', units='norm', win=Window(...), wrapWidth=1)
12.1165 	EXP 	window1: mouseVisible = True
12.1174 	EXP 	Created num4_2 = TextStim(__class__=<class 'psychopy.visual.text.TextStim'>, alignHoriz=method-wrapper(...), alignText='center', alignVert=method-wrapper(...), anchorHoriz='center', anchorVert='center', antialias=True, autoDraw=False, autoLog=True, bold=False, color=array([1., 1., 1.]), colorSpace='rgb', contrast=1.0, depth=-13.0, draggable=False, flipHoriz=False, flipVert=False, font='Open Sans', fontFiles=[], height=0.1, italic=False, languageStyle='LTR', name='num4_2', opacity=1.0, ori=0.0, pos=array([0.225, 0.24 ]), rgb=UNKNOWN, text='', units='norm', win=Window(...), wrapWidth=1)
12.1175 	EXP 	window1: mouseVisible = True
12.1261 	EXP 	Created cue = ImageStim(__class__=<class 'psychopy.visual.image.ImageStim'>, anchor=('center', 'center'), autoLog=True, color=array([1., 1., 1.]), colorSpace='rgb', contrast=1.0, depth=0.0, draggable=False, flipHoriz=False, flipVert=False, image='default.png', interpolate=True, mask=None, maskParams=None, name='cue', opacity=1.0, ori=0.0, pos=array([0., 0.]), size=array([0.15, 0.15]), texRes=128.0, units='height', win=Window(...))
12.1262 	EXP 	window1: mouseVisible = True
12.1349 	EXP 	Created image = ImageStim(__class__=<class 'psychopy.visual.image.ImageStim'>, anchor=('center', 'center'), autoLog=True, color=array([1., 1., 1.]), colorSpace='rgb', contrast=1.0, depth=0.0, draggable=False, flipHoriz=False, flipVert=False, image='default.png', interpolate=True, mask=None, maskParams=None, name='image', opacity=1.0, ori=0.0, pos=array([0., 0.]), size=array([0.5, 0.5]), texRes=128.0, units='height', win=Window(...))
12.1350 	EXP 	window1: mouseVisible = True
12.1368 	EXP 	Created fixCrossR_2 = ShapeStim(__class__=<class 'psychopy.visual.shape.ShapeStim'>, anchor=('center', 'center'), autoDraw=False, autoLog=True, closeShape=True, color=method-wrapper(...), colorSpace='rgb', contrast=None, depth=-1.0, draggable=False, fillColor=array([-1, -1, -1]), fillColorSpace='rgb', fillRGB=array([-1, -1, -1]), interpolate=True, lineColor=array([-1., -1., -1.]), lineColorSpace='rgb', lineRGB=array([-1, -1, -1]), lineWidth=1.0, name='fixCrossR_2', opacity=1.0, ori=0.0, pos=array([0., 0.]), size=array([0.02, 0.02]), units='height', vertices=ndarray(...), win=Window(...), windingRule=None)
12.1369 	EXP 	window1: mouseVisible = True
12.1386 	EXP 	Created fixCrossR_4 = ShapeStim(__class__=<class 'psychopy.visual.shape.ShapeStim'>, anchor=('center', 'center'), autoDraw=False, autoLog=True, closeShape=True, color=method-wrapper(...), colorSpace='rgb', contrast=None, depth=0.0, draggable=False, fillColor=array([-1, -1, -1]), fillColorSpace='rgb', fillRGB=array([-1, -1, -1]), interpolate=True, lineColor=array([-1., -1., -1.]), lineColorSpace='rgb', lineRGB=array([-1, -1, -1]), lineWidth=1.0, name='fixCrossR_4', opacity=1.0, ori=0.0, pos=array([0., 0.]), size=array([0.02, 0.02]), units='height', vertices=ndarray(...), win=Window(...), windingRule=None)
12.1387 	EXP 	window1: mouseVisible = True
12.1403 	EXP 	Created fixCross = ShapeStim(__class__=<class 'psychopy.visual.shape.ShapeStim'>, anchor=('center', 'center'), autoDraw=False, autoLog=True, closeShape=True, color=method-wrapper(...), colorSpace='rgb', contrast=None, depth=0.0, draggable=False, fillColor=array([1, 1, 1]), fillColorSpace='rgb', fillRGB=array([1, 1, 1]), interpolate=True, lineColor=array([1., 1., 1.]), lineColorSpace='rgb', lineRGB=array([1, 1, 1]), lineWidth=1.0, name='fixCross', opacity=1.0, ori=0.0, pos=array([0., 0.]), size=array([0.02, 0.02]), units='height', vertices=ndarray(...), win=Window(...), windingRule=None)
12.1404 	EXP 	window1: mouseVisible = True
12.1415 	EXP 	Created text1 = TextStim(__class__=<class 'psychopy.visual.text.TextStim'>, alignHoriz=method-wrapper(...), alignText='center', alignVert=method-wrapper(...), anchorHoriz='center', anchorVert='center', antialias=True, autoDraw=False, autoLog=True, bold=False, color=array([1., 1., 1.]), colorSpace='rgb', contrast=1.0, depth=-1.0, draggable=False, flipHoriz=False, flipVert=False, font='Open Sans', fontFiles=[], height=0.05, italic=False, languageStyle='LTR', name='text1', opacity=1.0, ori=0.0, pos=array([-0.225,  0.08 ]), rgb=UNKNOWN, text='', units='norm', win=Window(...), wrapWidth=1)
12.1415 	EXP 	window1: mouseVisible = True
12.1425 	EXP 	Created text2 = TextStim(__class__=<class 'psychopy.visual.text.TextStim'>, alignHoriz=method-wrapper(...), alignText='center', alignVert=method-wrapper(...), anchorHoriz='center', anchorVert='center', antialias=True, autoDraw=False, autoLog=True, bold=False, color=array([1., 1., 1.]), colorSpace='rgb', contrast=1.0, depth=-2.0, draggable=False, flipHoriz=False, flipVert=False, font='Open Sans', fontFiles=[], height=0.05, italic=False, languageStyle='LTR', name='text2', opacity=1.0, ori=0.0, pos=array([-0.075,  0.08 ]), rgb=UNKNOWN, text='', units='norm', win=Window(...), wrapWidth=1)
12.1425 	EXP 	window1: mouseVisible = True
12.1434 	EXP 	Created text3 = TextStim(__class__=<class 'psychopy.visual.text.TextStim'>, alignHoriz=method-wrapper(...), alignText='center', alignVert=method-wrapper(...), anchorHoriz='center', anchorVert='center', antialias=True, autoDraw=False, autoLog=True, bold=False, color=array([1., 1., 1.]), colorSpace='rgb', contrast=1.0, depth=-3.0, draggable=False, flipHoriz=False, flipVert=False, font='Open Sans', fontFiles=[], height=0.05, italic=False, languageStyle='LTR', name='text3', opacity=1.0, ori=0.0, pos=array([0.075, 0.08 ]), rgb=UNKNOWN, text='', units='norm', win=Window(...), wrapWidth=1)
12.1435 	EXP 	window1: mouseVisible = True
12.1444 	EXP 	Created text4 = TextStim(__class__=<class 'psychopy.visual.text.TextStim'>, alignHoriz=method-wrapper(...), alignText='center', alignVert=method-wrapper(...), anchorHoriz='center', anchorVert='center', antialias=True, autoDraw=False, autoLog=True, bold=False, color=array([1., 1., 1.]), colorSpace='rgb', contrast=1.0, depth=-4.0, draggable=False, flipHoriz=False, flipVert=False, font='Open Sans', fontFiles=[], height=0.05, italic=False, languageStyle='LTR', name='text4', opacity=1.0, ori=0.0, pos=array([0.225, 0.08 ]), rgb=UNKNOWN, text='', units='norm', win=Window(...), wrapWidth=1)
12.1445 	EXP 	window1: mouseVisible = True
12.1454 	EXP 	Created text5 = TextStim(__class__=<class 'psychopy.visual.text.TextStim'>, alignHoriz=method-wrapper(...), alignText='center', alignVert=method-wrapper(...), anchorHoriz='center', anchorVert='center', antialias=True, autoDraw=False, autoLog=True, bold=False, color=array([1., 1., 1.]), colorSpace='rgb', contrast=1.0, depth=-5.0, draggable=False, flipHoriz=False, flipVert=False, font='Open Sans', fontFiles=[], height=0.05, italic=False, languageStyle='LTR', name='text5', opacity=1.0, ori=0.0, pos=array([-0.225, -0.08 ]), rgb=UNKNOWN, text='', units='norm', win=Window(...), wrapWidth=1)
12.1455 	EXP 	window1: mouseVisible = True
12.1465 	EXP 	Created text6 = TextStim(__class__=<class 'psychopy.visual.text.TextStim'>, alignHoriz=method-wrapper(...), alignText='center', alignVert=method-wrapper(...), anchorHoriz='center', anchorVert='center', antialias=True, autoDraw=False, autoLog=True, bold=False, color=array([1., 1., 1.]), colorSpace='rgb', contrast=1.0, depth=-6.0, draggable=False, flipHoriz=False, flipVert=False, font='Open Sans', fontFiles=[], height=0.05, italic=False, languageStyle='LTR', name='text6', opacity=1.0, ori=0.0, pos=array([-0.075, -0.08 ]), rgb=UNKNOWN, text='', units='norm', win=Window(...), wrapWidth=1)
12.1466 	EXP 	window1: mouseVisible = True
12.1475 	EXP 	Created text7 = TextStim(__class__=<class 'psychopy.visual.text.TextStim'>, alignHoriz=method-wrapper(...), alignText='center', alignVert=method-wrapper(...), anchorHoriz='center', anchorVert='center', antialias=True, autoDraw=False, autoLog=True, bold=False, color=array([1., 1., 1.]), colorSpace='rgb', contrast=1.0, depth=-7.0, draggable=False, flipHoriz=False, flipVert=False, font='Open Sans', fontFiles=[], height=0.05, italic=False, languageStyle='LTR', name='text7', opacity=1.0, ori=0.0, pos=array([ 0.075, -0.08 ]), rgb=UNKNOWN, text='', units='norm', win=Window(...), wrapWidth=1)
12.1475 	EXP 	window1: mouseVisible = True
12.1484 	EXP 	Created text8 = TextStim(__class__=<class 'psychopy.visual.text.TextStim'>, alignHoriz=method-wrapper(...), alignText='center', alignVert=method-wrapper(...), anchorHoriz='center', anchorVert='center', antialias=True, autoDraw=False, autoLog=True, bold=False, color=array([1., 1., 1.]), colorSpace='rgb', contrast=1.0, depth=-8.0, draggable=False, flipHoriz=False, flipVert=False, font='Open Sans', fontFiles=[], height=0.05, italic=False, languageStyle='LTR', name='text8', opacity=1.0, ori=0.0, pos=array([ 0.225, -0.08 ]), rgb=UNKNOWN, text='', units='norm', win=Window(...), wrapWidth=1)
12.1485 	EXP 	window1: mouseVisible = True
12.1494 	EXP 	Created num1 = TextStim(__class__=<class 'psychopy.visual.text.TextStim'>, alignHoriz=method-wrapper(...), alignText='center', alignVert=method-wrapper(...), anchorHoriz='center', anchorVert='center', antialias=True, autoDraw=False, autoLog=True, bold=False, color=array([1., 1., 1.]), colorSpace='rgb', contrast=1.0, depth=-10.0, draggable=False, flipHoriz=False, flipVert=False, font='Open Sans', fontFiles=[], height=0.1, italic=False, languageStyle='LTR', name='num1', opacity=1.0, ori=0.0, pos=array([-0.225,  0.24 ]), rgb=UNKNOWN, text='', units='norm', win=Window(...), wrapWidth=1)
12.1495 	EXP 	window1: mouseVisible = True
12.1505 	EXP 	Created num2 = TextStim(__class__=<class 'psychopy.visual.text.TextStim'>, alignHoriz=method-wrapper(...), alignText='center', alignVert=method-wrapper(...), anchorHoriz='center', anchorVert='center', antialias=True, autoDraw=False, autoLog=True, bold=False, color=array([1., 1., 1.]), colorSpace='rgb', contrast=1.0, depth=-11.0, draggable=False, flipHoriz=False, flipVert=False, font='Open Sans', fontFiles=[], height=0.1, italic=False, languageStyle='LTR', name='num2', opacity=1.0, ori=0.0, pos=array([-0.075,  0.24 ]), rgb=UNKNOWN, text='', units='norm', win=Window(...), wrapWidth=1)
12.1506 	EXP 	window1: mouseVisible = True
12.1515 	EXP 	Created num3 = TextStim(__class__=<class 'psychopy.visual.text.TextStim'>, alignHoriz=method-wrapper(...), alignText='center', alignVert=method-wrapper(...), anchorHoriz='center', anchorVert='center', antialias=True, autoDraw=False, autoLog=True, bold=False, color=array([1., 1., 1.]), colorSpace='rgb', contrast=1.0, depth=-12.0, draggable=False, flipHoriz=False, flipVert=False, font='Open Sans', fontFiles=[], height=0.1, italic=False, languageStyle='LTR', name='num3', opacity=1.0, ori=0.0, pos=array([0.075, 0.24 ]), rgb=UNKNOWN, text='', units='norm', win=Window(...), wrapWidth=1)
12.1516 	EXP 	window1: mouseVisible = True
12.1525 	EXP 	Created num4 = TextStim(__class__=<class 'psychopy.visual.text.TextStim'>, alignHoriz=method-wrapper(...), alignText='center', alignVert=method-wrapper(...), anchorHoriz='center', anchorVert='center', antialias=True, autoDraw=False, autoLog=True, bold=False, color=array([1., 1., 1.]), colorSpace='rgb', contrast=1.0, depth=-13.0, draggable=False, flipHoriz=False, flipVert=False, font='Open Sans', fontFiles=[], height=0.1, italic=False, languageStyle='LTR', name='num4', opacity=1.0, ori=0.0, pos=array([0.225, 0.24 ]), rgb=UNKNOWN, text='', units='norm', win=Window(...), wrapWidth=1)
12.1526 	EXP 	window1: mouseVisible = True
12.1543 	EXP 	Created fixCrossR = ShapeStim(__class__=<class 'psychopy.visual.shape.ShapeStim'>, anchor=('center', 'center'), autoDraw=False, autoLog=True, closeShape=True, color=method-wrapper(...), colorSpace='rgb', contrast=None, depth=0.0, draggable=False, fillColor=array([-1, -1, -1]), fillColorSpace='rgb', fillRGB=array([-1, -1, -1]), interpolate=True, lineColor=array([-1., -1., -1.]), lineColorSpace='rgb', lineRGB=array([-1, -1, -1]), lineWidth=1.0, name='fixCrossR', opacity=1.0, ori=0.0, pos=array([0., 0.]), size=array([0.02, 0.02]), units='height', vertices=ndarray(...), win=Window(...), windingRule=None)
12.1544 	EXP 	window1: mouseVisible = True
12.1556 	EXP 	Created text_total = TextStim(__class__=<class 'psychopy.visual.text.TextStim'>, alignHoriz=method-wrapper(...), alignText='center', alignVert=method-wrapper(...), anchorHoriz='center', anchorVert='center', antialias=True, autoDraw=False, autoLog=True, bold=False, color=array([1., 1., 1.]), colorSpace='rgb', contrast=1.0, depth=-1.0, draggable=False, flipHoriz=False, flipVert=False, font='Open Sans', fontFiles=[], height=0.05, italic=False, languageStyle='LTR', name='text_total', opacity=1.0, ori=0.0, pos=array([0., 0.]), rgb=UNKNOWN, text='', units='height', win=Window(...), wrapWidth=1)
12.1557 	EXP 	window1: mouseVisible = True
12.1569 	EXP 	Created text_acc = TextStim(__class__=<class 'psychopy.visual.text.TextStim'>, alignHoriz=method-wrapper(...), alignText='center', alignVert=method-wrapper(...), anchorHoriz='center', anchorVert='center', antialias=True, autoDraw=False, autoLog=True, bold=False, color=array([1., 1., 1.]), colorSpace='rgb', contrast=1.0, depth=-2.0, draggable=False, flipHoriz=False, flipVert=False, font='Open Sans', fontFiles=[], height=0.05, italic=False, languageStyle='LTR', name='text_acc', opacity=1.0, ori=0.0, pos=array([ 0. , -0.3]), rgb=UNKNOWN, text='', units='height', win=Window(...), wrapWidth=1)
0.0189 	EXP 	Created sequence: random, trialTypes=1, nReps=0, seed=None
0.0338 	EXP 	text: autoDraw = True
0.3572 	DATA 	Mouse: Left button down, pos=(1207,129)
0.4528 	DATA 	Mouse:  Left button up, pos=(1206,129)
0.5423 	EXP 	Imported participantData/s15/block_0/babySteps_s15.xlsx as conditions, 5 conditions, 14 params
0.5426 	EXP 	Created sequence: sequential, trialTypes=5, nReps=1, seed=None
0.5427 	EXP 	New trial (rep=0, index=0): {'category': 'car', 'orientation': 2, 'taskCue': 'stim//obj2.png', 'stimfile': 'stim//car2.png', 'resp1': 'Turtle', 'resp2': 'Horse', 'resp3': 'Car', 'resp4': 'Shoe', 'resp5': 'Full Left', 'resp6': 'Half Right', 'resp7': 'Half Left', 'resp8': 'Full Right', 'objFirst': True, 'interval': 2.475}
0.5465 	DATA 	Keypress: 5
0.5509 	EXP 	text: autoDraw = False
0.5509 	EXP 	cue: image = 'stim//obj2.png'
0.5509 	EXP 	cue: autoDraw = True
1.5366 	EXP 	Created sequence: sequential, trialTypes=1, nReps=3, seed=None
1.5367 	EXP 	New trial (rep=0, index=0): None
1.7353 	EXP 	cue: autoDraw = False
1.7353 	EXP 	cue: autoDraw = False
1.7353 	EXP 	image: image = 'stim//car2.png'
1.7353 	EXP 	image: autoDraw = True
1.7353 	EXP 	fixCrossR_2: autoDraw = True
1.9857 	EXP 	image: autoDraw = False
1.9857 	EXP 	fixCrossR_2: autoDraw = False
1.9857 	EXP 	image: autoDraw = False
1.9857 	EXP 	fixCrossR_2: autoDraw = False
1.9857 	EXP 	fixCrossR_4: autoDraw = True
2.2199 	EXP 	New trial (rep=1, index=0): None
2.3528 	EXP 	fixCrossR_4: autoDraw = False
2.3528 	EXP 	fixCrossR_4: autoDraw = False
2.3528 	EXP 	image: image = 'stim//car2.png'
2.3528 	EXP 	image: autoDraw = True
2.3528 	EXP 	fixCrossR_2: autoDraw = True
2.6029 	EXP 	image: autoDraw = False
2.6029 	EXP 	fixCrossR_2: autoDraw = False
2.6029 	EXP 	image: autoDraw = False
2.6029 	EXP 	fixCrossR_2: autoDraw = False
2.6029 	EXP 	fixCrossR_4: autoDraw = True
2.8373 	EXP 	New trial (rep=2, index=0): None
3.0196 	EXP 	fixCrossR_4: autoDraw = False
3.0196 	EXP 	fixCrossR_4: autoDraw = False
3.0196 	EXP 	image: image = 'stim//car2.png'
3.0196 	EXP 	image: autoDraw = True
3.0196 	EXP 	fixCrossR_2: autoDraw = True
3.2700 	EXP 	image: autoDraw = False
3.2700 	EXP 	fixCrossR_2: autoDraw = False
3.2700 	EXP 	image: autoDraw = False
3.2700 	EXP 	fixCrossR_2: autoDraw = False
3.2700 	EXP 	fixCrossR_4: autoDraw = True
3.5698 	EXP 	fixCrossR_4: autoDraw = False
3.5698 	EXP 	fixCrossR_4: autoDraw = False
3.5698 	EXP 	fixCross_2: fillColor = <psychopy.colors.Color: black, alpha=1.0>
3.5698 	EXP 	fixCross_2: borderColor = <psychopy.colors.Color: black, alpha=1.0>
3.5698 	EXP 	text1_2: foreColor = <psychopy.colors.Color: white, alpha=1.0>
3.5698 	EXP 	text1_2: height = 0.05
3.5698 	EXP 	text1_2: height = 0.05
3.5698 	EXP 	text1_2: height = 0.05
3.5698 	EXP 	text1_2: text = 'Turtle'
3.5698 	EXP 	text2_2: foreColor = <psychopy.colors.Color: white, alpha=1.0>
3.5698 	EXP 	text2_2: height = 0.05
3.5698 	EXP 	text2_2: height = 0.05
3.5698 	EXP 	text2_2: height = 0.05
3.5698 	EXP 	text2_2: text = 'Horse'
3.5698 	EXP 	text3_2: foreColor = <psychopy.colors.Color: white, alpha=1.0>
3.5698 	EXP 	text3_2: height = 0.05
3.5698 	EXP 	text3_2: height = 0.05
3.5698 	EXP 	text3_2: height = 0.05
3.5698 	EXP 	text3_2: text = 'Car'
3.5698 	EXP 	text4_2: foreColor = <psychopy.colors.Color: white, alpha=1.0>
3.5698 	EXP 	text4_2: height = 0.05
3.5698 	EXP 	text4_2: height = 0.05
3.5698 	EXP 	text4_2: height = 0.05
3.5698 	EXP 	text4_2: text = 'Shoe'
3.5698 	EXP 	text5_2: foreColor = <psychopy.colors.Color: white, alpha=1.0>
3.5698 	EXP 	text5_2: height = 0.05
3.5698 	EXP 	text5_2: height = 0.05
3.5698 	EXP 	text5_2: height = 0.05
3.5698 	EXP 	text5_2: text = 'Full Left'
3.5698 	EXP 	text6_2: foreColor = <psychopy.colors.Color: white, alpha=1.0>
3.5698 	EXP 	text6_2: height = 0.05
3.5698 	EXP 	text6_2: height = 0.05
3.5698 	EXP 	text6_2: height = 0.05
3.5698 	EXP 	text6_2: text = 'Half Right'
3.5698 	EXP 	text7_2: foreColor = <psychopy.colors.Color: white, alpha=1.0>
3.5698 	EXP 	text7_2: height = 0.05
3.5698 	EXP 	text7_2: height = 0.05
3.5698 	EXP 	text7_2: height = 0.05
3.5698 	EXP 	text7_2: text = 'Half Left'
3.5698 	EXP 	text8_2: foreColor = <psychopy.colors.Color: white, alpha=1.0>
3.5698 	EXP 	text8_2: height = 0.05
3.5698 	EXP 	text8_2: height = 0.05
3.5698 	EXP 	text8_2: height = 0.05
3.5698 	EXP 	text8_2: text = 'Full Right'
3.5698 	EXP 	num1_2: foreColor = <psychopy.colors.Color: white, alpha=1.0>
3.5698 	EXP 	num1_2: height = 0.1
3.5698 	EXP 	num1_2: height = 0.1
3.5698 	EXP 	num1_2: height = 0.1
3.5698 	EXP 	num1_2: text = '1'
3.5698 	EXP 	num2_2: foreColor = <psychopy.colors.Color: white, alpha=1.0>
3.5698 	EXP 	num2_2: height = 0.1
3.5698 	EXP 	num2_2: height = 0.1
3.5698 	EXP 	num2_2: height = 0.1
3.5698 	EXP 	num2_2: text = '2'
3.5698 	EXP 	num3_2: foreColor = <psychopy.colors.Color: white, alpha=1.0>
3.5698 	EXP 	num3_2: height = 0.1
3.5698 	EXP 	num3_2: height = 0.1
3.5698 	EXP 	num3_2: height = 0.1
3.5698 	EXP 	num3_2: text = '3'
3.5698 	EXP 	num4_2: foreColor = <psychopy.colors.Color: white, alpha=1.0>
3.5698 	EXP 	num4_2: height = 0.1
3.5698 	EXP 	num4_2: height = 0.1
3.5698 	EXP 	num4_2: height = 0.1
3.5698 	EXP 	num4_2: text = '4'
3.5698 	EXP 	fixCross_2: autoDraw = True
3.5698 	EXP 	text1_2: autoDraw = True
3.5698 	EXP 	text2_2: autoDraw = True
3.5698 	EXP 	text3_2: autoDraw = True
3.5698 	EXP 	text4_2: autoDraw = True
3.5698 	EXP 	text5_2: autoDraw = True
3.5698 	EXP 	text6_2: autoDraw = True
3.5698 	EXP 	text7_2: autoDraw = True
3.5698 	EXP 	text8_2: autoDraw = True
3.5698 	EXP 	num1_2: autoDraw = True
3.5698 	EXP 	num2_2: autoDraw = True
3.5698 	EXP 	num3_2: autoDraw = True
3.5698 	EXP 	num4_2: autoDraw = True
4.4615 	DATA 	Keypress: 3
4.6701 	EXP 	window1: mouseVisible = True
