2.3926 	ERROR 	Support for the `sounddevice` audio backend is not available this session. Please install `psychopy-sounddevice` and restart the session to enable support.
11.3657 	WARNING 	User requested fullscreen with size [1536  864], but screen is actually [1920, 1080]. Using actual size
12.2384 	EXP 	Created window1 = Window(allowGUI=True, allowStencil=False, autoLog=True, backendConf=UNKNOWN, backgroundFit=<method-wrapper '__getattribute__' of attributeSetter object at 0x000001B874944EE0>, backgroundImage=<method-wrapper '__getattribute__' of attributeSetter object at 0x000001B874944E80>, bitsMode=UNKNOWN, blendMode='avg', bpc=(8, 8, 8), color=array([-0.4039, -0.4039, -0.4039]), colorSpace='rgb', depthBits=8, fullscr=<method-wrapper '__getattribute__' of attributeSetter object at 0x000001B874944CA0>, gamma=None, gammaErrorPolicy='raise', lms=UNKNOWN, monitor=<psychopy.monitors.calibTools.Monitor object at 0x000001B874E47E50>, multiSample=False, name='window1', numSamples=2, pos=(-1920, 0), screen=0, size=array([1920, 1080]), stencilBits=0, stereo=False, title='PsychoPy', units='height', useFBO=True, useRetina=False, viewOri=0.0, viewPos=None, viewScale=None, waitBlanking=True, winType='pyglet')
12.2385 	EXP 	window1: mouseVisible = True
12.2385 	EXP 	window1: backgroundImage = ''
12.2385 	EXP 	window1: backgroundFit = 'none'
12.2400 	EXP 	window1: Attempting to measure frame rate of screen (0) ...
12.2401 	EXP 	window1: recordFrameIntervals = False
12.4045 	EXP 	window1: recordFrameIntervals = True
12.5879 	EXP 	Screen (0) actual frame rate measured at 60.35Hz
12.5879 	EXP 	window1: recordFrameIntervals = False
12.5880 	EXP 	window1: mouseVisible = False
14.9713 	EXP 	pilotv2: status = STARTED
14.9715 	EXP 	window1: mouseVisible = True
14.9824 	EXP 	Created imageInstruct = ImageStim(__class__=<class 'psychopy.visual.image.ImageStim'>, anchor=('center', 'center'), autoLog=True, color=array([1., 1., 1.]), colorSpace='rgb', contrast=1.0, depth=0.0, draggable=False, flipHoriz=False, flipVert=False, image='default.png', interpolate=True, mask=None, maskParams=None, name='imageInstruct', opacity=1.0, ori=0.0, pos=array([0., 0.]), size=array([1.6    , 1.00736]), texRes=128.0, units='height', win=Window(...))
14.9826 	EXP 	window1: mouseVisible = True
14.9827 	EXP 	window1: mouseVisible = True
14.9832 	EXP 	window1: mouseVisible = True
14.9836 	EXP 	window1: mouseVisible = True
14.9982 	EXP 	window1: mouseVisible = True
14.9984 	EXP 	window1: mouseVisible = True
14.9989 	EXP 	window1: mouseVisible = True
14.9992 	EXP 	window1: mouseVisible = True
15.0110 	EXP 	window1: mouseVisible = True
15.0112 	EXP 	window1: mouseVisible = True
15.0113 	EXP 	window1: mouseVisible = True
15.0117 	EXP 	window1: mouseVisible = True
15.0121 	EXP 	window1: mouseVisible = True
15.0230 	EXP 	window1: mouseVisible = True
15.0232 	EXP 	window1: mouseVisible = True
15.0236 	EXP 	window1: mouseVisible = True
15.0240 	EXP 	window1: mouseVisible = True
15.0273 	EXP 	window1: mouseVisible = True
15.0274 	EXP 	window1: mouseVisible = True
15.0894 	EXP 	Created text_8 = TextStim(__class__=<class 'psychopy.visual.text.TextStim'>, alignHoriz=method-wrapper(...), alignText='center', alignVert=method-wrapper(...), anchorHoriz='center', anchorVert='center', antialias=True, autoDraw=False, autoLog=True, bold=False, color=array([1., 1., 1.]), colorSpace='rgb', contrast=1.0, depth=0.0, draggable=False, flipHoriz=False, flipVert=False, font='Open Sans', fontFiles=[], height=0.05, italic=False, languageStyle='LTR', name='text_8', opacity=1.0, ori=0.0, pos=array([0., 0.]), rgb=UNKNOWN, text=str(...), units='height', win=Window(...), wrapWidth=1)
15.0896 	EXP 	window1: mouseVisible = True
15.0897 	EXP 	window1: mouseVisible = True
15.0902 	EXP 	window1: mouseVisible = True
15.0906 	EXP 	window1: mouseVisible = True
15.1143 	EXP 	window1: mouseVisible = True
15.1145 	EXP 	window1: mouseVisible = True
15.1149 	EXP 	window1: mouseVisible = True
15.1153 	EXP 	window1: mouseVisible = True
15.1253 	EXP 	window1: mouseVisible = True
15.1257 	EXP 	window1: mouseVisible = True
15.1258 	EXP 	window1: mouseVisible = True
15.1263 	EXP 	window1: mouseVisible = True
15.1267 	EXP 	window1: mouseVisible = True
15.1351 	EXP 	window1: mouseVisible = True
15.1352 	EXP 	window1: mouseVisible = True
15.1356 	EXP 	window1: mouseVisible = True
15.1360 	EXP 	window1: mouseVisible = True
15.1394 	EXP 	window1: mouseVisible = True
15.1394 	EXP 	window1: mouseVisible = True
15.1433 	EXP 	Created image_17 = ImageStim(__class__=<class 'psychopy.visual.image.ImageStim'>, anchor=('center', 'center'), autoLog=True, color=array([1., 1., 1.]), colorSpace='rgb', contrast=1.0, depth=-3.0, draggable=False, flipHoriz=False, flipVert=False, image='stim/ori1.png', interpolate=True, mask=None, maskParams=None, name='image_17', opacity=1.0, ori=0.0, pos=array([0.  , 0.23]), size=array([0.15, 0.15]), texRes=128.0, units='height', win=Window(...))
15.1435 	EXP 	window1: mouseVisible = True
15.1474 	EXP 	Created text_9 = TextStim(__class__=<class 'psychopy.visual.text.TextStim'>, alignHoriz=method-wrapper(...), alignText='center', alignVert=method-wrapper(...), anchorHoriz='center', anchorVert='center', antialias=True, autoDraw=False, autoLog=True, bold=False, color=array([1., 1., 1.]), colorSpace='rgb', contrast=1.0, depth=0.0, draggable=False, flipHoriz=False, flipVert=False, font='Open Sans', fontFiles=[], height=0.05, italic=False, languageStyle='LTR', name='text_9', opacity=1.0, ori=0.0, pos=array([0., 0.]), rgb=UNKNOWN, text=str(...), units='height', win=Window(...), wrapWidth=1)
15.1476 	EXP 	window1: mouseVisible = True
15.1477 	EXP 	window1: mouseVisible = True
15.1481 	EXP 	window1: mouseVisible = True
15.1485 	EXP 	window1: mouseVisible = True
15.1524 	EXP 	window1: mouseVisible = True
15.1525 	EXP 	window1: mouseVisible = True
15.1529 	EXP 	window1: mouseVisible = True
15.1533 	EXP 	window1: mouseVisible = True
15.1566 	EXP 	window1: mouseVisible = True
15.1568 	EXP 	window1: mouseVisible = True
15.1569 	EXP 	window1: mouseVisible = True
15.1574 	EXP 	window1: mouseVisible = True
15.1579 	EXP 	window1: mouseVisible = True
15.1617 	EXP 	window1: mouseVisible = True
15.1619 	EXP 	window1: mouseVisible = True
15.1623 	EXP 	window1: mouseVisible = True
15.1627 	EXP 	window1: mouseVisible = True
15.1661 	EXP 	window1: mouseVisible = True
15.1663 	EXP 	window1: mouseVisible = True
15.1702 	EXP 	Created image_18 = ImageStim(__class__=<class 'psychopy.visual.image.ImageStim'>, anchor=('center', 'center'), autoLog=True, color=array([1., 1., 1.]), colorSpace='rgb', contrast=1.0, depth=-3.0, draggable=False, flipHoriz=False, flipVert=False, image='stim/obj2.png', interpolate=True, mask=None, maskParams=None, name='image_18', opacity=1.0, ori=0.0, pos=array([0.  , 0.23]), size=array([0.15, 0.15]), texRes=128.0, units='height', win=Window(...))
15.1703 	EXP 	window1: mouseVisible = True
15.1744 	EXP 	Created text_10 = TextStim(__class__=<class 'psychopy.visual.text.TextStim'>, alignHoriz=method-wrapper(...), alignText='center', alignVert=method-wrapper(...), anchorHoriz='center', anchorVert='center', antialias=True, autoDraw=False, autoLog=True, bold=False, color=array([1., 1., 1.]), colorSpace='rgb', contrast=1.0, depth=0.0, draggable=False, flipHoriz=False, flipVert=False, font='Open Sans', fontFiles=[], height=0.05, italic=False, languageStyle='LTR', name='text_10', opacity=1.0, ori=0.0, pos=array([0., 0.]), rgb=UNKNOWN, text=str(...), units='height', win=Window(...), wrapWidth=1)
15.1746 	EXP 	window1: mouseVisible = True
15.1747 	EXP 	window1: mouseVisible = True
15.1752 	EXP 	window1: mouseVisible = True
15.1756 	EXP 	window1: mouseVisible = True
15.1794 	EXP 	window1: mouseVisible = True
15.1796 	EXP 	window1: mouseVisible = True
15.1800 	EXP 	window1: mouseVisible = True
15.1803 	EXP 	window1: mouseVisible = True
15.1837 	EXP 	window1: mouseVisible = True
15.1839 	EXP 	window1: mouseVisible = True
15.1840 	EXP 	window1: mouseVisible = True
15.1844 	EXP 	window1: mouseVisible = True
15.1848 	EXP 	window1: mouseVisible = True
15.1886 	EXP 	window1: mouseVisible = True
15.1887 	EXP 	window1: mouseVisible = True
15.1892 	EXP 	window1: mouseVisible = True
15.1897 	EXP 	window1: mouseVisible = True
15.1930 	EXP 	window1: mouseVisible = True
15.1930 	EXP 	window1: mouseVisible = True
15.1968 	EXP 	Created image_19 = ImageStim(__class__=<class 'psychopy.visual.image.ImageStim'>, anchor=('center', 'center'), autoLog=True, color=array([1., 1., 1.]), colorSpace='rgb', contrast=1.0, depth=-3.0, draggable=False, flipHoriz=False, flipVert=False, image='stim/ori2.png', interpolate=True, mask=None, maskParams=None, name='image_19', opacity=1.0, ori=0.0, pos=array([0.  , 0.23]), size=array([0.15, 0.15]), texRes=128.0, units='height', win=Window(...))
15.1970 	EXP 	window1: mouseVisible = True
15.2011 	EXP 	Created text_11 = TextStim(__class__=<class 'psychopy.visual.text.TextStim'>, alignHoriz=method-wrapper(...), alignText='center', alignVert=method-wrapper(...), anchorHoriz='center', anchorVert='center', antialias=True, autoDraw=False, autoLog=True, bold=False, color=array([1., 1., 1.]), colorSpace='rgb', contrast=1.0, depth=0.0, draggable=False, flipHoriz=False, flipVert=False, font='Open Sans', fontFiles=[], height=0.05, italic=False, languageStyle='LTR', name='text_11', opacity=1.0, ori=0.0, pos=array([0., 0.]), rgb=UNKNOWN, text=str(...), units='height', win=Window(...), wrapWidth=1)
15.2013 	EXP 	window1: mouseVisible = True
15.2014 	EXP 	window1: mouseVisible = True
15.2019 	EXP 	window1: mouseVisible = True
15.2023 	EXP 	window1: mouseVisible = True
15.2063 	EXP 	window1: mouseVisible = True
15.2064 	EXP 	window1: mouseVisible = True
15.2069 	EXP 	window1: mouseVisible = True
15.2073 	EXP 	window1: mouseVisible = True
15.2105 	EXP 	window1: mouseVisible = True
15.2108 	EXP 	window1: mouseVisible = True
15.2109 	EXP 	window1: mouseVisible = True
15.2113 	EXP 	window1: mouseVisible = True
15.2117 	EXP 	window1: mouseVisible = True
15.2156 	EXP 	window1: mouseVisible = True
15.2157 	EXP 	window1: mouseVisible = True
15.2161 	EXP 	window1: mouseVisible = True
15.2166 	EXP 	window1: mouseVisible = True
15.2199 	EXP 	window1: mouseVisible = True
15.2200 	EXP 	window1: mouseVisible = True
15.2243 	EXP 	Created image_20 = ImageStim(__class__=<class 'psychopy.visual.image.ImageStim'>, anchor=('center', 'center'), autoLog=True, color=array([1., 1., 1.]), colorSpace='rgb', contrast=1.0, depth=-3.0, draggable=False, flipHoriz=False, flipVert=False, image='stim/obj1.png', interpolate=True, mask=None, maskParams=None, name='image_20', opacity=1.0, ori=0.0, pos=array([0.  , 0.23]), size=array([0.15, 0.15]), texRes=128.0, units='height', win=Window(...))
15.2245 	EXP 	window1: mouseVisible = True
15.2335 	EXP 	Created imageInstruct_2 = ImageStim(__class__=<class 'psychopy.visual.image.ImageStim'>, anchor=('center', 'center'), autoLog=True, color=array([1., 1., 1.]), colorSpace='rgb', contrast=1.0, depth=0.0, draggable=False, flipHoriz=False, flipVert=False, image='default.png', interpolate=True, mask=None, maskParams=None, name='imageInstruct_2', opacity=1.0, ori=0.0, pos=array([0., 0.]), size=array([1.6    , 1.00736]), texRes=128.0, units='height', win=Window(...))
15.2337 	EXP 	window1: mouseVisible = True
15.2338 	EXP 	window1: mouseVisible = True
15.2343 	EXP 	window1: mouseVisible = True
15.2347 	EXP 	window1: mouseVisible = True
15.2385 	EXP 	window1: mouseVisible = True
15.2388 	EXP 	window1: mouseVisible = True
15.2393 	EXP 	window1: mouseVisible = True
15.2398 	EXP 	window1: mouseVisible = True
15.2431 	EXP 	window1: mouseVisible = True
15.2432 	EXP 	window1: mouseVisible = True
15.2434 	EXP 	window1: mouseVisible = True
15.2438 	EXP 	window1: mouseVisible = True
15.2441 	EXP 	window1: mouseVisible = True
15.2479 	EXP 	window1: mouseVisible = True
15.2480 	EXP 	window1: mouseVisible = True
15.2484 	EXP 	window1: mouseVisible = True
15.2488 	EXP 	window1: mouseVisible = True
15.2521 	EXP 	window1: mouseVisible = True
15.2522 	EXP 	window1: mouseVisible = True
15.2632 	EXP 	Created text = TextStim(__class__=<class 'psychopy.visual.text.TextStim'>, alignHoriz=method-wrapper(...), alignText='center', alignVert=method-wrapper(...), anchorHoriz='center', anchorVert='center', antialias=True, autoDraw=False, autoLog=True, bold=False, color=array([1., 1., 1.]), colorSpace='rgb', contrast=1.0, depth=0.0, draggable=False, flipHoriz=False, flipVert=False, font='Open Sans', fontFiles=[], height=0.05, italic=False, languageStyle='LTR', name='text', opacity=1.0, ori=0.0, pos=array([0., 0.]), rgb=UNKNOWN, text='The experiment will begin soon. Get ready!', units='height', win=Window(...), wrapWidth=1)
15.2633 	EXP 	window1: mouseVisible = True
15.2723 	EXP 	Created cue = ImageStim(__class__=<class 'psychopy.visual.image.ImageStim'>, anchor=('center', 'center'), autoLog=True, color=array([1., 1., 1.]), colorSpace='rgb', contrast=1.0, depth=0.0, draggable=False, flipHoriz=False, flipVert=False, image='default.png', interpolate=True, mask=None, maskParams=None, name='cue', opacity=1.0, ori=0.0, pos=array([0., 0.]), size=array([0.15, 0.15]), texRes=128.0, units='height', win=Window(...))
15.2725 	EXP 	window1: mouseVisible = True
15.2821 	EXP 	Created image = ImageStim(__class__=<class 'psychopy.visual.image.ImageStim'>, anchor=('center', 'center'), autoLog=True, color=array([1., 1., 1.]), colorSpace='rgb', contrast=1.0, depth=0.0, draggable=False, flipHoriz=False, flipVert=False, image='default.png', interpolate=True, mask=None, maskParams=None, name='image', opacity=1.0, ori=0.0, pos=array([0., 0.]), size=array([0.5, 0.5]), texRes=128.0, units='height', win=Window(...))
15.2822 	EXP 	window1: mouseVisible = True
15.2840 	EXP 	Created fixCrossR_2 = ShapeStim(__class__=<class 'psychopy.visual.shape.ShapeStim'>, anchor=('center', 'center'), autoDraw=False, autoLog=True, closeShape=True, color=method-wrapper(...), colorSpace='rgb', contrast=None, depth=-1.0, draggable=False, fillColor=array([-1, -1, -1]), fillColorSpace='rgb', fillRGB=array([-1, -1, -1]), interpolate=True, lineColor=array([-1., -1., -1.]), lineColorSpace='rgb', lineRGB=array([-1, -1, -1]), lineWidth=1.0, name='fixCrossR_2', opacity=1.0, ori=0.0, pos=array([0., 0.]), size=array([0.02, 0.02]), units='height', vertices=ndarray(...), win=Window(...), windingRule=None)
15.2841 	EXP 	window1: mouseVisible = True
15.2857 	EXP 	Created fixCrossR_4 = ShapeStim(__class__=<class 'psychopy.visual.shape.ShapeStim'>, anchor=('center', 'center'), autoDraw=False, autoLog=True, closeShape=True, color=method-wrapper(...), colorSpace='rgb', contrast=None, depth=0.0, draggable=False, fillColor=array([-1, -1, -1]), fillColorSpace='rgb', fillRGB=array([-1, -1, -1]), interpolate=True, lineColor=array([-1., -1., -1.]), lineColorSpace='rgb', lineRGB=array([-1, -1, -1]), lineWidth=1.0, name='fixCrossR_4', opacity=1.0, ori=0.0, pos=array([0., 0.]), size=array([0.02, 0.02]), units='height', vertices=ndarray(...), win=Window(...), windingRule=None)
15.2858 	EXP 	window1: mouseVisible = True
15.2874 	EXP 	Created fixCross_2 = ShapeStim(__class__=<class 'psychopy.visual.shape.ShapeStim'>, anchor=('center', 'center'), autoDraw=False, autoLog=True, closeShape=True, color=method-wrapper(...), colorSpace='rgb', contrast=None, depth=0.0, draggable=False, fillColor=array([1, 1, 1]), fillColorSpace='rgb', fillRGB=array([1, 1, 1]), interpolate=True, lineColor=array([1., 1., 1.]), lineColorSpace='rgb', lineRGB=array([1, 1, 1]), lineWidth=1.0, name='fixCross_2', opacity=1.0, ori=0.0, pos=array([0., 0.]), size=array([0.02, 0.02]), units='height', vertices=ndarray(...), win=Window(...), windingRule=None)
15.2875 	EXP 	window1: mouseVisible = True
15.2891 	EXP 	Created text1_2 = TextStim(__class__=<class 'psychopy.visual.text.TextStim'>, alignHoriz=method-wrapper(...), alignText='center', alignVert=method-wrapper(...), anchorHoriz='center', anchorVert='center', antialias=True, autoDraw=False, autoLog=True, bold=False, color=array([1., 1., 1.]), colorSpace='rgb', contrast=1.0, depth=-1.0, draggable=False, flipHoriz=False, flipVert=False, font='Open Sans', fontFiles=[], height=0.05, italic=False, languageStyle='LTR', name='text1_2', opacity=1.0, ori=0.0, pos=array([-0.225,  0.08 ]), rgb=UNKNOWN, text='', units='norm', win=Window(...), wrapWidth=1)
15.2893 	EXP 	window1: mouseVisible = True
15.2905 	EXP 	Created text2_2 = TextStim(__class__=<class 'psychopy.visual.text.TextStim'>, alignHoriz=method-wrapper(...), alignText='center', alignVert=method-wrapper(...), anchorHoriz='center', anchorVert='center', antialias=True, autoDraw=False, autoLog=True, bold=False, color=array([1., 1., 1.]), colorSpace='rgb', contrast=1.0, depth=-2.0, draggable=False, flipHoriz=False, flipVert=False, font='Open Sans', fontFiles=[], height=0.05, italic=False, languageStyle='LTR', name='text2_2', opacity=1.0, ori=0.0, pos=array([-0.075,  0.08 ]), rgb=UNKNOWN, text='', units='norm', win=Window(...), wrapWidth=1)
15.2906 	EXP 	window1: mouseVisible = True
15.2916 	EXP 	Created text3_2 = TextStim(__class__=<class 'psychopy.visual.text.TextStim'>, alignHoriz=method-wrapper(...), alignText='center', alignVert=method-wrapper(...), anchorHoriz='center', anchorVert='center', antialias=True, autoDraw=False, autoLog=True, bold=False, color=array([1., 1., 1.]), colorSpace='rgb', contrast=1.0, depth=-3.0, draggable=False, flipHoriz=False, flipVert=False, font='Open Sans', fontFiles=[], height=0.05, italic=False, languageStyle='LTR', name='text3_2', opacity=1.0, ori=0.0, pos=array([0.075, 0.08 ]), rgb=UNKNOWN, text='', units='norm', win=Window(...), wrapWidth=1)
15.2917 	EXP 	window1: mouseVisible = True
15.2927 	EXP 	Created text4_2 = TextStim(__class__=<class 'psychopy.visual.text.TextStim'>, alignHoriz=method-wrapper(...), alignText='center', alignVert=method-wrapper(...), anchorHoriz='center', anchorVert='center', antialias=True, autoDraw=False, autoLog=True, bold=False, color=array([1., 1., 1.]), colorSpace='rgb', contrast=1.0, depth=-4.0, draggable=False, flipHoriz=False, flipVert=False, font='Open Sans', fontFiles=[], height=0.05, italic=False, languageStyle='LTR', name='text4_2', opacity=1.0, ori=0.0, pos=array([0.225, 0.08 ]), rgb=UNKNOWN, text='', units='norm', win=Window(...), wrapWidth=1)
15.2928 	EXP 	window1: mouseVisible = True
15.2939 	EXP 	Created text5_2 = TextStim(__class__=<class 'psychopy.visual.text.TextStim'>, alignHoriz=method-wrapper(...), alignText='center', alignVert=method-wrapper(...), anchorHoriz='center', anchorVert='center', antialias=True, autoDraw=False, autoLog=True, bold=False, color=array([1., 1., 1.]), colorSpace='rgb', contrast=1.0, depth=-5.0, draggable=False, flipHoriz=False, flipVert=False, font='Open Sans', fontFiles=[], height=0.05, italic=False, languageStyle='LTR', name='text5_2', opacity=1.0, ori=0.0, pos=array([-0.225, -0.08 ]), rgb=UNKNOWN, text='', units='norm', win=Window(...), wrapWidth=1)
15.2940 	EXP 	window1: mouseVisible = True
15.2951 	EXP 	Created text6_2 = TextStim(__class__=<class 'psychopy.visual.text.TextStim'>, alignHoriz=method-wrapper(...), alignText='center', alignVert=method-wrapper(...), anchorHoriz='center', anchorVert='center', antialias=True, autoDraw=False, autoLog=True, bold=False, color=array([1., 1., 1.]), colorSpace='rgb', contrast=1.0, depth=-6.0, draggable=False, flipHoriz=False, flipVert=False, font='Open Sans', fontFiles=[], height=0.05, italic=False, languageStyle='LTR', name='text6_2', opacity=1.0, ori=0.0, pos=array([-0.075, -0.08 ]), rgb=UNKNOWN, text='', units='norm', win=Window(...), wrapWidth=1)
15.2951 	EXP 	window1: mouseVisible = True
15.2961 	EXP 	Created text7_2 = TextStim(__class__=<class 'psychopy.visual.text.TextStim'>, alignHoriz=method-wrapper(...), alignText='center', alignVert=method-wrapper(...), anchorHoriz='center', anchorVert='center', antialias=True, autoDraw=False, autoLog=True, bold=False, color=array([1., 1., 1.]), colorSpace='rgb', contrast=1.0, depth=-7.0, draggable=False, flipHoriz=False, flipVert=False, font='Open Sans', fontFiles=[], height=0.05, italic=False, languageStyle='LTR', name='text7_2', opacity=1.0, ori=0.0, pos=array([ 0.075, -0.08 ]), rgb=UNKNOWN, text='', units='norm', win=Window(...), wrapWidth=1)
15.2962 	EXP 	window1: mouseVisible = True
15.2973 	EXP 	Created text8_2 = TextStim(__class__=<class 'psychopy.visual.text.TextStim'>, alignHoriz=method-wrapper(...), alignText='center', alignVert=method-wrapper(...), anchorHoriz='center', anchorVert='center', antialias=True, autoDraw=False, autoLog=True, bold=False, color=array([1., 1., 1.]), colorSpace='rgb', contrast=1.0, depth=-8.0, draggable=False, flipHoriz=False, flipVert=False, font='Open Sans', fontFiles=[], height=0.05, italic=False, languageStyle='LTR', name='text8_2', opacity=1.0, ori=0.0, pos=array([ 0.225, -0.08 ]), rgb=UNKNOWN, text='', units='norm', win=Window(...), wrapWidth=1)
15.2974 	EXP 	window1: mouseVisible = True
15.2986 	EXP 	Created num1_2 = TextStim(__class__=<class 'psychopy.visual.text.TextStim'>, alignHoriz=method-wrapper(...), alignText='center', alignVert=method-wrapper(...), anchorHoriz='center', anchorVert='center', antialias=True, autoDraw=False, autoLog=True, bold=False, color=array([1., 1., 1.]), colorSpace='rgb', contrast=1.0, depth=-10.0, draggable=False, flipHoriz=False, flipVert=False, font='Open Sans', fontFiles=[], height=0.1, italic=False, languageStyle='LTR', name='num1_2', opacity=1.0, ori=0.0, pos=array([-0.225,  0.24 ]), rgb=UNKNOWN, text='', units='norm', win=Window(...), wrapWidth=1)
15.2987 	EXP 	window1: mouseVisible = True
15.2997 	EXP 	Created num2_2 = TextStim(__class__=<class 'psychopy.visual.text.TextStim'>, alignHoriz=method-wrapper(...), alignText='center', alignVert=method-wrapper(...), anchorHoriz='center', anchorVert='center', antialias=True, autoDraw=False, autoLog=True, bold=False, color=array([1., 1., 1.]), colorSpace='rgb', contrast=1.0, depth=-11.0, draggable=False, flipHoriz=False, flipVert=False, font='Open Sans', fontFiles=[], height=0.1, italic=False, languageStyle='LTR', name='num2_2', opacity=1.0, ori=0.0, pos=array([-0.075,  0.24 ]), rgb=UNKNOWN, text='', units='norm', win=Window(...), wrapWidth=1)
15.2998 	EXP 	window1: mouseVisible = True
15.3008 	EXP 	Created num3_2 = TextStim(__class__=<class 'psychopy.visual.text.TextStim'>, alignHoriz=method-wrapper(...), alignText='center', alignVert=method-wrapper(...), anchorHoriz='center', anchorVert='center', antialias=True, autoDraw=False, autoLog=True, bold=False, color=array([1., 1., 1.]), colorSpace='rgb', contrast=1.0, depth=-12.0, draggable=False, flipHoriz=False, flipVert=False, font='Open Sans', fontFiles=[], height=0.1, italic=False, languageStyle='LTR', name='num3_2', opacity=1.0, ori=0.0, pos=array([0.075, 0.24 ]), rgb=UNKNOWN, text='', units='norm', win=Window(...), wrapWidth=1)
15.3009 	EXP 	window1: mouseVisible = True
15.3019 	EXP 	Created num4_2 = TextStim(__class__=<class 'psychopy.visual.text.TextStim'>, alignHoriz=method-wrapper(...), alignText='center', alignVert=method-wrapper(...), anchorHoriz='center', anchorVert='center', antialias=True, autoDraw=False, autoLog=True, bold=False, color=array([1., 1., 1.]), colorSpace='rgb', contrast=1.0, depth=-13.0, draggable=False, flipHoriz=False, flipVert=False, font='Open Sans', fontFiles=[], height=0.1, italic=False, languageStyle='LTR', name='num4_2', opacity=1.0, ori=0.0, pos=array([0.225, 0.24 ]), rgb=UNKNOWN, text='', units='norm', win=Window(...), wrapWidth=1)
15.3020 	EXP 	window1: mouseVisible = True
15.3115 	EXP 	Created cue = ImageStim(__class__=<class 'psychopy.visual.image.ImageStim'>, anchor=('center', 'center'), autoLog=True, color=array([1., 1., 1.]), colorSpace='rgb', contrast=1.0, depth=0.0, draggable=False, flipHoriz=False, flipVert=False, image='default.png', interpolate=True, mask=None, maskParams=None, name='cue', opacity=1.0, ori=0.0, pos=array([0., 0.]), size=array([0.15, 0.15]), texRes=128.0, units='height', win=Window(...))
15.3117 	EXP 	window1: mouseVisible = True
15.3207 	EXP 	Created image = ImageStim(__class__=<class 'psychopy.visual.image.ImageStim'>, anchor=('center', 'center'), autoLog=True, color=array([1., 1., 1.]), colorSpace='rgb', contrast=1.0, depth=0.0, draggable=False, flipHoriz=False, flipVert=False, image='default.png', interpolate=True, mask=None, maskParams=None, name='image', opacity=1.0, ori=0.0, pos=array([0., 0.]), size=array([0.5, 0.5]), texRes=128.0, units='height', win=Window(...))
15.3208 	EXP 	window1: mouseVisible = True
15.3226 	EXP 	Created fixCrossR_2 = ShapeStim(__class__=<class 'psychopy.visual.shape.ShapeStim'>, anchor=('center', 'center'), autoDraw=False, autoLog=True, closeShape=True, color=method-wrapper(...), colorSpace='rgb', contrast=None, depth=-1.0, draggable=False, fillColor=array([-1, -1, -1]), fillColorSpace='rgb', fillRGB=array([-1, -1, -1]), interpolate=True, lineColor=array([-1., -1., -1.]), lineColorSpace='rgb', lineRGB=array([-1, -1, -1]), lineWidth=1.0, name='fixCrossR_2', opacity=1.0, ori=0.0, pos=array([0., 0.]), size=array([0.02, 0.02]), units='height', vertices=ndarray(...), win=Window(...), windingRule=None)
15.3228 	EXP 	window1: mouseVisible = True
15.3245 	EXP 	Created fixCrossR_4 = ShapeStim(__class__=<class 'psychopy.visual.shape.ShapeStim'>, anchor=('center', 'center'), autoDraw=False, autoLog=True, closeShape=True, color=method-wrapper(...), colorSpace='rgb', contrast=None, depth=0.0, draggable=False, fillColor=array([-1, -1, -1]), fillColorSpace='rgb', fillRGB=array([-1, -1, -1]), interpolate=True, lineColor=array([-1., -1., -1.]), lineColorSpace='rgb', lineRGB=array([-1, -1, -1]), lineWidth=1.0, name='fixCrossR_4', opacity=1.0, ori=0.0, pos=array([0., 0.]), size=array([0.02, 0.02]), units='height', vertices=ndarray(...), win=Window(...), windingRule=None)
15.3246 	EXP 	window1: mouseVisible = True
15.3264 	EXP 	Created fixCross = ShapeStim(__class__=<class 'psychopy.visual.shape.ShapeStim'>, anchor=('center', 'center'), autoDraw=False, autoLog=True, closeShape=True, color=method-wrapper(...), colorSpace='rgb', contrast=None, depth=0.0, draggable=False, fillColor=array([1, 1, 1]), fillColorSpace='rgb', fillRGB=array([1, 1, 1]), interpolate=True, lineColor=array([1., 1., 1.]), lineColorSpace='rgb', lineRGB=array([1, 1, 1]), lineWidth=1.0, name='fixCross', opacity=1.0, ori=0.0, pos=array([0., 0.]), size=array([0.02, 0.02]), units='height', vertices=ndarray(...), win=Window(...), windingRule=None)
15.3265 	EXP 	window1: mouseVisible = True
15.3275 	EXP 	Created text1 = TextStim(__class__=<class 'psychopy.visual.text.TextStim'>, alignHoriz=method-wrapper(...), alignText='center', alignVert=method-wrapper(...), anchorHoriz='center', anchorVert='center', antialias=True, autoDraw=False, autoLog=True, bold=False, color=array([1., 1., 1.]), colorSpace='rgb', contrast=1.0, depth=-1.0, draggable=False, flipHoriz=False, flipVert=False, font='Open Sans', fontFiles=[], height=0.05, italic=False, languageStyle='LTR', name='text1', opacity=1.0, ori=0.0, pos=array([-0.225,  0.08 ]), rgb=UNKNOWN, text='', units='norm', win=Window(...), wrapWidth=1)
15.3275 	EXP 	window1: mouseVisible = True
15.3285 	EXP 	Created text2 = TextStim(__class__=<class 'psychopy.visual.text.TextStim'>, alignHoriz=method-wrapper(...), alignText='center', alignVert=method-wrapper(...), anchorHoriz='center', anchorVert='center', antialias=True, autoDraw=False, autoLog=True, bold=False, color=array([1., 1., 1.]), colorSpace='rgb', contrast=1.0, depth=-2.0, draggable=False, flipHoriz=False, flipVert=False, font='Open Sans', fontFiles=[], height=0.05, italic=False, languageStyle='LTR', name='text2', opacity=1.0, ori=0.0, pos=array([-0.075,  0.08 ]), rgb=UNKNOWN, text='', units='norm', win=Window(...), wrapWidth=1)
15.3285 	EXP 	window1: mouseVisible = True
15.3294 	EXP 	Created text3 = TextStim(__class__=<class 'psychopy.visual.text.TextStim'>, alignHoriz=method-wrapper(...), alignText='center', alignVert=method-wrapper(...), anchorHoriz='center', anchorVert='center', antialias=True, autoDraw=False, autoLog=True, bold=False, color=array([1., 1., 1.]), colorSpace='rgb', contrast=1.0, depth=-3.0, draggable=False, flipHoriz=False, flipVert=False, font='Open Sans', fontFiles=[], height=0.05, italic=False, languageStyle='LTR', name='text3', opacity=1.0, ori=0.0, pos=array([0.075, 0.08 ]), rgb=UNKNOWN, text='', units='norm', win=Window(...), wrapWidth=1)
15.3295 	EXP 	window1: mouseVisible = True
15.3304 	EXP 	Created text4 = TextStim(__class__=<class 'psychopy.visual.text.TextStim'>, alignHoriz=method-wrapper(...), alignText='center', alignVert=method-wrapper(...), anchorHoriz='center', anchorVert='center', antialias=True, autoDraw=False, autoLog=True, bold=False, color=array([1., 1., 1.]), colorSpace='rgb', contrast=1.0, depth=-4.0, draggable=False, flipHoriz=False, flipVert=False, font='Open Sans', fontFiles=[], height=0.05, italic=False, languageStyle='LTR', name='text4', opacity=1.0, ori=0.0, pos=array([0.225, 0.08 ]), rgb=UNKNOWN, text='', units='norm', win=Window(...), wrapWidth=1)
15.3305 	EXP 	window1: mouseVisible = True
15.3314 	EXP 	Created text5 = TextStim(__class__=<class 'psychopy.visual.text.TextStim'>, alignHoriz=method-wrapper(...), alignText='center', alignVert=method-wrapper(...), anchorHoriz='center', anchorVert='center', antialias=True, autoDraw=False, autoLog=True, bold=False, color=array([1., 1., 1.]), colorSpace='rgb', contrast=1.0, depth=-5.0, draggable=False, flipHoriz=False, flipVert=False, font='Open Sans', fontFiles=[], height=0.05, italic=False, languageStyle='LTR', name='text5', opacity=1.0, ori=0.0, pos=array([-0.225, -0.08 ]), rgb=UNKNOWN, text='', units='norm', win=Window(...), wrapWidth=1)
15.3315 	EXP 	window1: mouseVisible = True
15.3324 	EXP 	Created text6 = TextStim(__class__=<class 'psychopy.visual.text.TextStim'>, alignHoriz=method-wrapper(...), alignText='center', alignVert=method-wrapper(...), anchorHoriz='center', anchorVert='center', antialias=True, autoDraw=False, autoLog=True, bold=False, color=array([1., 1., 1.]), colorSpace='rgb', contrast=1.0, depth=-6.0, draggable=False, flipHoriz=False, flipVert=False, font='Open Sans', fontFiles=[], height=0.05, italic=False, languageStyle='LTR', name='text6', opacity=1.0, ori=0.0, pos=array([-0.075, -0.08 ]), rgb=UNKNOWN, text='', units='norm', win=Window(...), wrapWidth=1)
15.3325 	EXP 	window1: mouseVisible = True
15.3334 	EXP 	Created text7 = TextStim(__class__=<class 'psychopy.visual.text.TextStim'>, alignHoriz=method-wrapper(...), alignText='center', alignVert=method-wrapper(...), anchorHoriz='center', anchorVert='center', antialias=True, autoDraw=False, autoLog=True, bold=False, color=array([1., 1., 1.]), colorSpace='rgb', contrast=1.0, depth=-7.0, draggable=False, flipHoriz=False, flipVert=False, font='Open Sans', fontFiles=[], height=0.05, italic=False, languageStyle='LTR', name='text7', opacity=1.0, ori=0.0, pos=array([ 0.075, -0.08 ]), rgb=UNKNOWN, text='', units='norm', win=Window(...), wrapWidth=1)
15.3335 	EXP 	window1: mouseVisible = True
15.3345 	EXP 	Created text8 = TextStim(__class__=<class 'psychopy.visual.text.TextStim'>, alignHoriz=method-wrapper(...), alignText='center', alignVert=method-wrapper(...), anchorHoriz='center', anchorVert='center', antialias=True, autoDraw=False, autoLog=True, bold=False, color=array([1., 1., 1.]), colorSpace='rgb', contrast=1.0, depth=-8.0, draggable=False, flipHoriz=False, flipVert=False, font='Open Sans', fontFiles=[], height=0.05, italic=False, languageStyle='LTR', name='text8', opacity=1.0, ori=0.0, pos=array([ 0.225, -0.08 ]), rgb=UNKNOWN, text='', units='norm', win=Window(...), wrapWidth=1)
15.3345 	EXP 	window1: mouseVisible = True
15.3355 	EXP 	Created num1 = TextStim(__class__=<class 'psychopy.visual.text.TextStim'>, alignHoriz=method-wrapper(...), alignText='center', alignVert=method-wrapper(...), anchorHoriz='center', anchorVert='center', antialias=True, autoDraw=False, autoLog=True, bold=False, color=array([1., 1., 1.]), colorSpace='rgb', contrast=1.0, depth=-10.0, draggable=False, flipHoriz=False, flipVert=False, font='Open Sans', fontFiles=[], height=0.1, italic=False, languageStyle='LTR', name='num1', opacity=1.0, ori=0.0, pos=array([-0.225,  0.24 ]), rgb=UNKNOWN, text='', units='norm', win=Window(...), wrapWidth=1)
15.3355 	EXP 	window1: mouseVisible = True
15.3365 	EXP 	Created num2 = TextStim(__class__=<class 'psychopy.visual.text.TextStim'>, alignHoriz=method-wrapper(...), alignText='center', alignVert=method-wrapper(...), anchorHoriz='center', anchorVert='center', antialias=True, autoDraw=False, autoLog=True, bold=False, color=array([1., 1., 1.]), colorSpace='rgb', contrast=1.0, depth=-11.0, draggable=False, flipHoriz=False, flipVert=False, font='Open Sans', fontFiles=[], height=0.1, italic=False, languageStyle='LTR', name='num2', opacity=1.0, ori=0.0, pos=array([-0.075,  0.24 ]), rgb=UNKNOWN, text='', units='norm', win=Window(...), wrapWidth=1)
15.3366 	EXP 	window1: mouseVisible = True
15.3375 	EXP 	Created num3 = TextStim(__class__=<class 'psychopy.visual.text.TextStim'>, alignHoriz=method-wrapper(...), alignText='center', alignVert=method-wrapper(...), anchorHoriz='center', anchorVert='center', antialias=True, autoDraw=False, autoLog=True, bold=False, color=array([1., 1., 1.]), colorSpace='rgb', contrast=1.0, depth=-12.0, draggable=False, flipHoriz=False, flipVert=False, font='Open Sans', fontFiles=[], height=0.1, italic=False, languageStyle='LTR', name='num3', opacity=1.0, ori=0.0, pos=array([0.075, 0.24 ]), rgb=UNKNOWN, text='', units='norm', win=Window(...), wrapWidth=1)
15.3376 	EXP 	window1: mouseVisible = True
15.3386 	EXP 	Created num4 = TextStim(__class__=<class 'psychopy.visual.text.TextStim'>, alignHoriz=method-wrapper(...), alignText='center', alignVert=method-wrapper(...), anchorHoriz='center', anchorVert='center', antialias=True, autoDraw=False, autoLog=True, bold=False, color=array([1., 1., 1.]), colorSpace='rgb', contrast=1.0, depth=-13.0, draggable=False, flipHoriz=False, flipVert=False, font='Open Sans', fontFiles=[], height=0.1, italic=False, languageStyle='LTR', name='num4', opacity=1.0, ori=0.0, pos=array([0.225, 0.24 ]), rgb=UNKNOWN, text='', units='norm', win=Window(...), wrapWidth=1)
15.3387 	EXP 	window1: mouseVisible = True
15.3406 	EXP 	Created fixCrossR = ShapeStim(__class__=<class 'psychopy.visual.shape.ShapeStim'>, anchor=('center', 'center'), autoDraw=False, autoLog=True, closeShape=True, color=method-wrapper(...), colorSpace='rgb', contrast=None, depth=0.0, draggable=False, fillColor=array([-1, -1, -1]), fillColorSpace='rgb', fillRGB=array([-1, -1, -1]), interpolate=True, lineColor=array([-1., -1., -1.]), lineColorSpace='rgb', lineRGB=array([-1, -1, -1]), lineWidth=1.0, name='fixCrossR', opacity=1.0, ori=0.0, pos=array([0., 0.]), size=array([0.02, 0.02]), units='height', vertices=ndarray(...), win=Window(...), windingRule=None)
15.3407 	EXP 	window1: mouseVisible = True
15.3420 	EXP 	Created text_total = TextStim(__class__=<class 'psychopy.visual.text.TextStim'>, alignHoriz=method-wrapper(...), alignText='center', alignVert=method-wrapper(...), anchorHoriz='center', anchorVert='center', antialias=True, autoDraw=False, autoLog=True, bold=False, color=array([1., 1., 1.]), colorSpace='rgb', contrast=1.0, depth=-1.0, draggable=False, flipHoriz=False, flipVert=False, font='Open Sans', fontFiles=[], height=0.05, italic=False, languageStyle='LTR', name='text_total', opacity=1.0, ori=0.0, pos=array([0., 0.]), rgb=UNKNOWN, text='', units='height', win=Window(...), wrapWidth=1)
15.3422 	EXP 	window1: mouseVisible = True
15.3434 	EXP 	Created text_acc = TextStim(__class__=<class 'psychopy.visual.text.TextStim'>, alignHoriz=method-wrapper(...), alignText='center', alignVert=method-wrapper(...), anchorHoriz='center', anchorVert='center', antialias=True, autoDraw=False, autoLog=True, bold=False, color=array([1., 1., 1.]), colorSpace='rgb', contrast=1.0, depth=-2.0, draggable=False, flipHoriz=False, flipVert=False, font='Open Sans', fontFiles=[], height=0.05, italic=False, languageStyle='LTR', name='text_acc', opacity=1.0, ori=0.0, pos=array([ 0. , -0.3]), rgb=UNKNOWN, text='', units='height', win=Window(...), wrapWidth=1)
0.0145 	EXP 	Created sequence: random, trialTypes=1, nReps=0, seed=None
0.0300 	EXP 	text: autoDraw = True
13.6358 	DATA 	Mouse: Left button down, pos=(1881,44)
13.7318 	DATA 	Mouse:  Left button up, pos=(1879,48)
13.8700 	EXP 	Imported participantData/s15/block_0/babySteps_s15.xlsx as conditions, 5 conditions, 14 params
13.8703 	EXP 	Created sequence: sequential, trialTypes=5, nReps=1, seed=None
13.8705 	EXP 	New trial (rep=0, index=0): {'category': 'car', 'orientation': 2, 'taskCue': 'stim//obj2.png', 'stimfile': 'stim//car2.png', 'resp1': 'Turtle', 'resp2': 'Horse', 'resp3': 'Car', 'resp4': 'Shoe', 'resp5': 'Full Left', 'resp6': 'Half Right', 'resp7': 'Half Left', 'resp8': 'Full Right', 'objFirst': True, 'interval': 2.475}
13.8746 	DATA 	Keypress: 5
13.8908 	EXP 	text: autoDraw = False
13.8908 	EXP 	cue: image = 'stim//obj2.png'
13.8908 	EXP 	cue: autoDraw = True
14.8761 	EXP 	Created sequence: sequential, trialTypes=1, nReps=3, seed=None
14.8763 	EXP 	New trial (rep=0, index=0): None
15.0918 	EXP 	cue: autoDraw = False
15.0918 	EXP 	cue: autoDraw = False
15.0918 	EXP 	image: image = 'stim//car2.png'
15.0918 	EXP 	image: autoDraw = True
15.0918 	EXP 	fixCrossR_2: autoDraw = True
15.3421 	EXP 	image: autoDraw = False
15.3421 	EXP 	fixCrossR_2: autoDraw = False
15.3421 	EXP 	image: autoDraw = False
15.3421 	EXP 	fixCrossR_2: autoDraw = False
15.3421 	EXP 	fixCrossR_4: autoDraw = True
15.5767 	EXP 	New trial (rep=1, index=0): None
15.7090 	EXP 	fixCrossR_4: autoDraw = False
15.7090 	EXP 	fixCrossR_4: autoDraw = False
15.7090 	EXP 	image: image = 'stim//car2.png'
15.7090 	EXP 	image: autoDraw = True
15.7090 	EXP 	fixCrossR_2: autoDraw = True
15.9591 	EXP 	image: autoDraw = False
15.9591 	EXP 	fixCrossR_2: autoDraw = False
15.9591 	EXP 	image: autoDraw = False
15.9591 	EXP 	fixCrossR_2: autoDraw = False
15.9591 	EXP 	fixCrossR_4: autoDraw = True
16.1938 	EXP 	New trial (rep=2, index=0): None
16.3761 	EXP 	fixCrossR_4: autoDraw = False
16.3761 	EXP 	fixCrossR_4: autoDraw = False
16.3761 	EXP 	image: image = 'stim//car2.png'
16.3761 	EXP 	image: autoDraw = True
16.3761 	EXP 	fixCrossR_2: autoDraw = True
16.6264 	EXP 	image: autoDraw = False
16.6264 	EXP 	fixCrossR_2: autoDraw = False
16.6264 	EXP 	image: autoDraw = False
16.6264 	EXP 	fixCrossR_2: autoDraw = False
16.6264 	EXP 	fixCrossR_4: autoDraw = True
16.9433 	EXP 	fixCrossR_4: autoDraw = False
16.9433 	EXP 	fixCrossR_4: autoDraw = False
16.9433 	EXP 	fixCross_2: fillColor = <psychopy.colors.Color: black, alpha=1.0>
16.9433 	EXP 	fixCross_2: borderColor = <psychopy.colors.Color: black, alpha=1.0>
16.9433 	EXP 	text1_2: foreColor = <psychopy.colors.Color: white, alpha=1.0>
16.9433 	EXP 	text1_2: height = 0.05
16.9433 	EXP 	text1_2: height = 0.05
16.9433 	EXP 	text1_2: height = 0.05
16.9433 	EXP 	text1_2: text = 'Turtle'
16.9433 	EXP 	text2_2: foreColor = <psychopy.colors.Color: white, alpha=1.0>
16.9433 	EXP 	text2_2: height = 0.05
16.9433 	EXP 	text2_2: height = 0.05
16.9433 	EXP 	text2_2: height = 0.05
16.9433 	EXP 	text2_2: text = 'Horse'
16.9433 	EXP 	text3_2: foreColor = <psychopy.colors.Color: white, alpha=1.0>
16.9433 	EXP 	text3_2: height = 0.05
16.9433 	EXP 	text3_2: height = 0.05
16.9433 	EXP 	text3_2: height = 0.05
16.9433 	EXP 	text3_2: text = 'Car'
16.9433 	EXP 	text4_2: foreColor = <psychopy.colors.Color: white, alpha=1.0>
16.9433 	EXP 	text4_2: height = 0.05
16.9433 	EXP 	text4_2: height = 0.05
16.9433 	EXP 	text4_2: height = 0.05
16.9433 	EXP 	text4_2: text = 'Shoe'
16.9433 	EXP 	text5_2: foreColor = <psychopy.colors.Color: white, alpha=1.0>
16.9433 	EXP 	text5_2: height = 0.05
16.9433 	EXP 	text5_2: height = 0.05
16.9433 	EXP 	text5_2: height = 0.05
16.9433 	EXP 	text5_2: text = 'Full Left'
16.9433 	EXP 	text6_2: foreColor = <psychopy.colors.Color: white, alpha=1.0>
16.9433 	EXP 	text6_2: height = 0.05
16.9433 	EXP 	text6_2: height = 0.05
16.9433 	EXP 	text6_2: height = 0.05
16.9433 	EXP 	text6_2: text = 'Half Right'
16.9433 	EXP 	text7_2: foreColor = <psychopy.colors.Color: white, alpha=1.0>
16.9433 	EXP 	text7_2: height = 0.05
16.9433 	EXP 	text7_2: height = 0.05
16.9433 	EXP 	text7_2: height = 0.05
16.9433 	EXP 	text7_2: text = 'Half Left'
16.9433 	EXP 	text8_2: foreColor = <psychopy.colors.Color: white, alpha=1.0>
16.9433 	EXP 	text8_2: height = 0.05
16.9433 	EXP 	text8_2: height = 0.05
16.9433 	EXP 	text8_2: height = 0.05
16.9433 	EXP 	text8_2: text = 'Full Right'
16.9433 	EXP 	num1_2: foreColor = <psychopy.colors.Color: white, alpha=1.0>
16.9433 	EXP 	num1_2: height = 0.1
16.9433 	EXP 	num1_2: height = 0.1
16.9433 	EXP 	num1_2: height = 0.1
16.9433 	EXP 	num1_2: text = '1'
16.9433 	EXP 	num2_2: foreColor = <psychopy.colors.Color: white, alpha=1.0>
16.9433 	EXP 	num2_2: height = 0.1
16.9433 	EXP 	num2_2: height = 0.1
16.9433 	EXP 	num2_2: height = 0.1
16.9433 	EXP 	num2_2: text = '2'
16.9433 	EXP 	num3_2: foreColor = <psychopy.colors.Color: white, alpha=1.0>
16.9433 	EXP 	num3_2: height = 0.1
16.9433 	EXP 	num3_2: height = 0.1
16.9433 	EXP 	num3_2: height = 0.1
16.9433 	EXP 	num3_2: text = '3'
16.9433 	EXP 	num4_2: foreColor = <psychopy.colors.Color: white, alpha=1.0>
16.9433 	EXP 	num4_2: height = 0.1
16.9433 	EXP 	num4_2: height = 0.1
16.9433 	EXP 	num4_2: height = 0.1
16.9433 	EXP 	num4_2: text = '4'
16.9433 	EXP 	fixCross_2: autoDraw = True
16.9433 	EXP 	text1_2: autoDraw = True
16.9433 	EXP 	text2_2: autoDraw = True
16.9433 	EXP 	text3_2: autoDraw = True
16.9433 	EXP 	text4_2: autoDraw = True
16.9433 	EXP 	text5_2: autoDraw = True
16.9433 	EXP 	text6_2: autoDraw = True
16.9433 	EXP 	text7_2: autoDraw = True
16.9433 	EXP 	text8_2: autoDraw = True
16.9433 	EXP 	num1_2: autoDraw = True
16.9433 	EXP 	num2_2: autoDraw = True
16.9433 	EXP 	num3_2: autoDraw = True
16.9433 	EXP 	num4_2: autoDraw = True
17.2113 	DATA 	Keypress: 3
17.2269 	EXP 	fixCross_2: foreColor = <psychopy.colors.Color: (0.0, 1.0, 0.0, 1.0)>
17.2269 	EXP 	fixCross_2: borderColor = <psychopy.colors.Color: (0.0, 1.0, 0.0, 1.0)>
17.2269 	EXP 	fixCross_2: fillColor = <psychopy.colors.Color: (0.0, 1.0, 0.0, 1.0)>
17.2269 	EXP 	text3_2: foreColor = <psychopy.colors.Color: (0.0, 1.0, 0.0, 1.0)>
17.2269 	EXP 	text7_2: foreColor = <psychopy.colors.Color: (0.0, 1.0, 0.0, 1.0)>
17.2269 	EXP 	num3_2: foreColor = <psychopy.colors.Color: (0.0, 1.0, 0.0, 1.0)>
20.2162 	EXP 	New trial (rep=0, index=1): {'category': 'horse', 'orientation': 1, 'taskCue': 'stim//ori2.png', 'stimfile': 'stim//horse1.png', 'resp1': 'Half Left', 'resp2': 'Full Right', 'resp3': 'Full Left', 'resp4': 'Half Right', 'resp5': 'Car', 'resp6': 'Horse', 'resp7': 'Shoe', 'resp8': 'Turtle', 'objFirst': False, 'interval': 2.425}
20.2458 	EXP 	fixCross_2: autoDraw = False
20.2458 	EXP 	text1_2: autoDraw = False
20.2458 	EXP 	text2_2: autoDraw = False
20.2458 	EXP 	text3_2: autoDraw = False
20.2458 	EXP 	text4_2: autoDraw = False
20.2458 	EXP 	text5_2: autoDraw = False
20.2458 	EXP 	text6_2: autoDraw = False
20.2458 	EXP 	text7_2: autoDraw = False
20.2458 	EXP 	text8_2: autoDraw = False
20.2458 	EXP 	num1_2: autoDraw = False
20.2458 	EXP 	num2_2: autoDraw = False
20.2458 	EXP 	num3_2: autoDraw = False
20.2458 	EXP 	num4_2: autoDraw = False
20.2458 	EXP 	fixCross: foreColor = <psychopy.colors.Color: transparent, alpha=1.0>
20.2458 	EXP 	fixCross: borderColor = <psychopy.colors.Color: transparent, alpha=1.0>
20.2458 	EXP 	fixCross: fillColor = <psychopy.colors.Color: transparent, alpha=1.0>
20.2458 	EXP 	cue: image = 'stim//ori2.png'
20.2458 	EXP 	cue: autoDraw = True
21.2315 	EXP 	Created sequence: sequential, trialTypes=1, nReps=3, seed=None
21.2318 	EXP 	New trial (rep=0, index=0): None
21.3469 	EXP 	cue: autoDraw = False
21.3469 	EXP 	cue: autoDraw = False
21.3469 	EXP 	image: image = 'stim//horse1.png'
21.3469 	EXP 	image: autoDraw = True
21.3469 	EXP 	fixCrossR_2: autoDraw = True
21.5971 	EXP 	image: autoDraw = False
21.5971 	EXP 	fixCrossR_2: autoDraw = False
21.5971 	EXP 	image: autoDraw = False
21.5971 	EXP 	fixCrossR_2: autoDraw = False
21.5971 	EXP 	fixCrossR_4: autoDraw = True
21.8316 	EXP 	New trial (rep=1, index=0): None
21.9503 	EXP 	fixCrossR_4: autoDraw = False
21.9503 	EXP 	fixCrossR_4: autoDraw = False
21.9503 	EXP 	image: image = 'stim//horse1.png'
21.9503 	EXP 	image: autoDraw = True
21.9503 	EXP 	fixCrossR_2: autoDraw = True
22.1975 	EXP 	image: autoDraw = False
22.1975 	EXP 	fixCrossR_2: autoDraw = False
22.1975 	EXP 	image: autoDraw = False
22.1975 	EXP 	fixCrossR_2: autoDraw = False
22.1975 	EXP 	fixCrossR_4: autoDraw = True
22.4317 	EXP 	New trial (rep=2, index=0): None
22.6148 	EXP 	fixCrossR_4: autoDraw = False
22.6148 	EXP 	fixCrossR_4: autoDraw = False
22.6148 	EXP 	image: image = 'stim//horse1.png'
22.6148 	EXP 	image: autoDraw = True
22.6148 	EXP 	fixCrossR_2: autoDraw = True
22.8649 	EXP 	image: autoDraw = False
22.8649 	EXP 	fixCrossR_2: autoDraw = False
22.8649 	EXP 	image: autoDraw = False
22.8649 	EXP 	fixCrossR_2: autoDraw = False
22.8649 	EXP 	fixCrossR_4: autoDraw = True
23.1484 	EXP 	fixCrossR_4: autoDraw = False
23.1484 	EXP 	fixCrossR_4: autoDraw = False
23.1484 	EXP 	fixCross_2: fillColor = <psychopy.colors.Color: black, alpha=1.0>
23.1484 	EXP 	fixCross_2: borderColor = <psychopy.colors.Color: black, alpha=1.0>
23.1484 	EXP 	text1_2: foreColor = <psychopy.colors.Color: white, alpha=1.0>
23.1484 	EXP 	text1_2: height = 0.05
23.1484 	EXP 	text1_2: height = 0.05
23.1484 	EXP 	text1_2: height = 0.05
23.1484 	EXP 	text1_2: text = 'Half Left'
23.1484 	EXP 	text2_2: foreColor = <psychopy.colors.Color: white, alpha=1.0>
23.1484 	EXP 	text2_2: height = 0.05
23.1484 	EXP 	text2_2: height = 0.05
23.1484 	EXP 	text2_2: height = 0.05
23.1484 	EXP 	text2_2: text = 'Full Right'
23.1484 	EXP 	text3_2: foreColor = <psychopy.colors.Color: white, alpha=1.0>
23.1484 	EXP 	text3_2: height = 0.05
23.1484 	EXP 	text3_2: height = 0.05
23.1484 	EXP 	text3_2: height = 0.05
23.1484 	EXP 	text3_2: text = 'Full Left'
23.1484 	EXP 	text4_2: foreColor = <psychopy.colors.Color: white, alpha=1.0>
23.1484 	EXP 	text4_2: height = 0.05
23.1484 	EXP 	text4_2: height = 0.05
23.1484 	EXP 	text4_2: height = 0.05
23.1484 	EXP 	text4_2: text = 'Half Right'
23.1484 	EXP 	text5_2: foreColor = <psychopy.colors.Color: white, alpha=1.0>
23.1484 	EXP 	text5_2: height = 0.05
23.1484 	EXP 	text5_2: height = 0.05
23.1484 	EXP 	text5_2: height = 0.05
23.1484 	EXP 	text5_2: text = 'Car'
23.1484 	EXP 	text6_2: foreColor = <psychopy.colors.Color: white, alpha=1.0>
23.1484 	EXP 	text6_2: height = 0.05
23.1484 	EXP 	text6_2: height = 0.05
23.1484 	EXP 	text6_2: height = 0.05
23.1484 	EXP 	text6_2: text = 'Horse'
23.1484 	EXP 	text7_2: foreColor = <psychopy.colors.Color: white, alpha=1.0>
23.1484 	EXP 	text7_2: height = 0.05
23.1484 	EXP 	text7_2: height = 0.05
23.1484 	EXP 	text7_2: height = 0.05
23.1484 	EXP 	text7_2: text = 'Shoe'
23.1484 	EXP 	text8_2: foreColor = <psychopy.colors.Color: white, alpha=1.0>
23.1484 	EXP 	text8_2: height = 0.05
23.1484 	EXP 	text8_2: height = 0.05
23.1484 	EXP 	text8_2: height = 0.05
23.1484 	EXP 	text8_2: text = 'Turtle'
23.1484 	EXP 	num1_2: foreColor = <psychopy.colors.Color: white, alpha=1.0>
23.1484 	EXP 	num1_2: text = '1'
23.1484 	EXP 	num2_2: foreColor = <psychopy.colors.Color: white, alpha=1.0>
23.1484 	EXP 	num2_2: text = '2'
23.1484 	EXP 	num3_2: foreColor = <psychopy.colors.Color: white, alpha=1.0>
23.1484 	EXP 	num3_2: text = '3'
23.1484 	EXP 	num4_2: foreColor = <psychopy.colors.Color: white, alpha=1.0>
23.1484 	EXP 	num4_2: text = '4'
23.1484 	EXP 	fixCross_2: autoDraw = True
23.1484 	EXP 	text1_2: autoDraw = True
23.1484 	EXP 	text2_2: autoDraw = True
23.1484 	EXP 	text3_2: autoDraw = True
23.1484 	EXP 	text4_2: autoDraw = True
23.1484 	EXP 	text5_2: autoDraw = True
23.1484 	EXP 	text6_2: autoDraw = True
23.1484 	EXP 	text7_2: autoDraw = True
23.1484 	EXP 	text8_2: autoDraw = True
23.1484 	EXP 	num1_2: autoDraw = True
23.1484 	EXP 	num2_2: autoDraw = True
23.1484 	EXP 	num3_2: autoDraw = True
23.1484 	EXP 	num4_2: autoDraw = True
23.9666 	DATA 	Keypress: 2
23.9825 	EXP 	fixCross_2: foreColor = <psychopy.colors.Color: (1.0, 0.0, 0.0, 1.0)>
23.9825 	EXP 	fixCross_2: borderColor = <psychopy.colors.Color: (1.0, 0.0, 0.0, 1.0)>
23.9825 	EXP 	fixCross_2: fillColor = <psychopy.colors.Color: (1.0, 0.0, 0.0, 1.0)>
23.9825 	EXP 	text2_2: foreColor = <psychopy.colors.Color: (1.0, 0.0, 0.0, 1.0)>
23.9825 	EXP 	text6_2: foreColor = <psychopy.colors.Color: (1.0, 0.0, 0.0, 1.0)>
23.9825 	EXP 	num2_2: foreColor = <psychopy.colors.Color: (1.0, 0.0, 0.0, 1.0)>
26.9707 	EXP 	New trial (rep=0, index=2): {'category': 'car', 'orientation': 1, 'taskCue': 'stim//obj1.png', 'stimfile': 'stim//car1.png', 'resp1': 'Half Left', 'resp2': 'Full Right', 'resp3': 'Full Left', 'resp4': 'Half Right', 'resp5': 'Car', 'resp6': 'Turtle', 'resp7': 'Horse', 'resp8': 'Shoe', 'objFirst': False, 'interval': 2.877}
26.9849 	EXP 	fixCross_2: autoDraw = False
26.9849 	EXP 	text1_2: autoDraw = False
26.9849 	EXP 	text2_2: autoDraw = False
26.9849 	EXP 	text3_2: autoDraw = False
26.9849 	EXP 	text4_2: autoDraw = False
26.9849 	EXP 	text5_2: autoDraw = False
26.9849 	EXP 	text6_2: autoDraw = False
26.9849 	EXP 	text7_2: autoDraw = False
26.9849 	EXP 	text8_2: autoDraw = False
26.9849 	EXP 	num1_2: autoDraw = False
26.9849 	EXP 	num2_2: autoDraw = False
26.9849 	EXP 	num3_2: autoDraw = False
26.9849 	EXP 	num4_2: autoDraw = False
26.9849 	EXP 	fixCross: foreColor = <psychopy.colors.Color: transparent, alpha=1.0>
26.9849 	EXP 	fixCross: borderColor = <psychopy.colors.Color: transparent, alpha=1.0>
26.9849 	EXP 	fixCross: fillColor = <psychopy.colors.Color: transparent, alpha=1.0>
26.9849 	EXP 	cue: image = 'stim//obj1.png'
26.9849 	EXP 	cue: autoDraw = True
27.9702 	EXP 	Created sequence: sequential, trialTypes=1, nReps=3, seed=None
27.9704 	EXP 	New trial (rep=0, index=0): None
28.1024 	EXP 	cue: autoDraw = False
28.1024 	EXP 	cue: autoDraw = False
28.1024 	EXP 	image: image = 'stim//car1.png'
28.1024 	EXP 	image: autoDraw = True
28.1024 	EXP 	fixCrossR_2: autoDraw = True
28.3527 	EXP 	image: autoDraw = False
28.3527 	EXP 	fixCrossR_2: autoDraw = False
28.3527 	EXP 	image: autoDraw = False
28.3527 	EXP 	fixCrossR_2: autoDraw = False
28.3527 	EXP 	fixCrossR_4: autoDraw = True
28.5867 	EXP 	New trial (rep=1, index=0): None
28.7031 	EXP 	fixCrossR_4: autoDraw = False
28.7031 	EXP 	fixCrossR_4: autoDraw = False
28.7031 	EXP 	image: image = 'stim//car1.png'
28.7031 	EXP 	image: autoDraw = True
28.7031 	EXP 	fixCrossR_2: autoDraw = True
28.9532 	EXP 	image: autoDraw = False
28.9532 	EXP 	fixCrossR_2: autoDraw = False
28.9532 	EXP 	image: autoDraw = False
28.9532 	EXP 	fixCrossR_2: autoDraw = False
28.9532 	EXP 	fixCrossR_4: autoDraw = True
29.1877 	EXP 	New trial (rep=2, index=0): None
29.3701 	EXP 	fixCrossR_4: autoDraw = False
29.3701 	EXP 	fixCrossR_4: autoDraw = False
29.3701 	EXP 	image: image = 'stim//car1.png'
29.3701 	EXP 	image: autoDraw = True
29.3701 	EXP 	fixCrossR_2: autoDraw = True
29.6205 	EXP 	image: autoDraw = False
29.6205 	EXP 	fixCrossR_2: autoDraw = False
29.6205 	EXP 	image: autoDraw = False
29.6205 	EXP 	fixCrossR_2: autoDraw = False
29.6205 	EXP 	fixCrossR_4: autoDraw = True
29.8882 	EXP 	fixCrossR_4: autoDraw = False
29.8882 	EXP 	fixCrossR_4: autoDraw = False
29.8882 	EXP 	fixCross_2: fillColor = <psychopy.colors.Color: black, alpha=1.0>
29.8882 	EXP 	fixCross_2: borderColor = <psychopy.colors.Color: black, alpha=1.0>
29.8882 	EXP 	text1_2: foreColor = <psychopy.colors.Color: white, alpha=1.0>
29.8882 	EXP 	text1_2: text = 'Half Left'
29.8882 	EXP 	text2_2: foreColor = <psychopy.colors.Color: white, alpha=1.0>
29.8882 	EXP 	text2_2: text = 'Full Right'
29.8882 	EXP 	text3_2: foreColor = <psychopy.colors.Color: white, alpha=1.0>
29.8882 	EXP 	text3_2: text = 'Full Left'
29.8882 	EXP 	text4_2: foreColor = <psychopy.colors.Color: white, alpha=1.0>
29.8882 	EXP 	text4_2: text = 'Half Right'
29.8882 	EXP 	text5_2: foreColor = <psychopy.colors.Color: white, alpha=1.0>
29.8882 	EXP 	text5_2: text = 'Car'
29.8882 	EXP 	text6_2: foreColor = <psychopy.colors.Color: white, alpha=1.0>
29.8882 	EXP 	text6_2: height = 0.05
29.8882 	EXP 	text6_2: height = 0.05
29.8882 	EXP 	text6_2: height = 0.05
29.8882 	EXP 	text6_2: text = 'Turtle'
29.8882 	EXP 	text7_2: foreColor = <psychopy.colors.Color: white, alpha=1.0>
29.8882 	EXP 	text7_2: height = 0.05
29.8882 	EXP 	text7_2: height = 0.05
29.8882 	EXP 	text7_2: height = 0.05
29.8882 	EXP 	text7_2: text = 'Horse'
29.8882 	EXP 	text8_2: foreColor = <psychopy.colors.Color: white, alpha=1.0>
29.8882 	EXP 	text8_2: height = 0.05
29.8882 	EXP 	text8_2: height = 0.05
29.8882 	EXP 	text8_2: height = 0.05
29.8882 	EXP 	text8_2: text = 'Shoe'
29.8882 	EXP 	num1_2: foreColor = <psychopy.colors.Color: white, alpha=1.0>
29.8882 	EXP 	num1_2: text = '1'
29.8882 	EXP 	num2_2: foreColor = <psychopy.colors.Color: white, alpha=1.0>
29.8882 	EXP 	num2_2: text = '2'
29.8882 	EXP 	num3_2: foreColor = <psychopy.colors.Color: white, alpha=1.0>
29.8882 	EXP 	num3_2: text = '3'
29.8882 	EXP 	num4_2: foreColor = <psychopy.colors.Color: white, alpha=1.0>
29.8882 	EXP 	num4_2: text = '4'
29.8882 	EXP 	fixCross_2: autoDraw = True
29.8882 	EXP 	text1_2: autoDraw = True
29.8882 	EXP 	text2_2: autoDraw = True
29.8882 	EXP 	text3_2: autoDraw = True
29.8882 	EXP 	text4_2: autoDraw = True
29.8882 	EXP 	text5_2: autoDraw = True
29.8882 	EXP 	text6_2: autoDraw = True
29.8882 	EXP 	text7_2: autoDraw = True
29.8882 	EXP 	text8_2: autoDraw = True
29.8882 	EXP 	num1_2: autoDraw = True
29.8882 	EXP 	num2_2: autoDraw = True
29.8882 	EXP 	num3_2: autoDraw = True
29.8882 	EXP 	num4_2: autoDraw = True
34.6154 	DATA 	Keypress: 1
34.6413 	EXP 	fixCross_2: foreColor = <psychopy.colors.Color: (1.0, 0.0, 0.0, 1.0)>
34.6413 	EXP 	fixCross_2: borderColor = <psychopy.colors.Color: (1.0, 0.0, 0.0, 1.0)>
34.6413 	EXP 	fixCross_2: fillColor = <psychopy.colors.Color: (1.0, 0.0, 0.0, 1.0)>
34.6413 	EXP 	text1_2: foreColor = <psychopy.colors.Color: (1.0, 0.0, 0.0, 1.0)>
34.6413 	EXP 	text5_2: foreColor = <psychopy.colors.Color: (1.0, 0.0, 0.0, 1.0)>
34.6413 	EXP 	num1_2: foreColor = <psychopy.colors.Color: (1.0, 0.0, 0.0, 1.0)>
37.6293 	EXP 	New trial (rep=0, index=3): {'category': 'shoe', 'orientation': 3, 'taskCue': 'stim//obj2.png', 'stimfile': 'stim//shoe3.png', 'resp1': 'Full Right', 'resp2': 'Half Right', 'resp3': 'Full Left', 'resp4': 'Half Left', 'resp5': 'Horse', 'resp6': 'Shoe', 'resp7': 'Car', 'resp8': 'Turtle', 'objFirst': False, 'interval': 2.181}
37.6440 	EXP 	fixCross_2: autoDraw = False
37.6440 	EXP 	text1_2: autoDraw = False
37.6440 	EXP 	text2_2: autoDraw = False
37.6440 	EXP 	text3_2: autoDraw = False
37.6440 	EXP 	text4_2: autoDraw = False
37.6440 	EXP 	text5_2: autoDraw = False
37.6440 	EXP 	text6_2: autoDraw = False
37.6440 	EXP 	text7_2: autoDraw = False
37.6440 	EXP 	text8_2: autoDraw = False
37.6440 	EXP 	num1_2: autoDraw = False
37.6440 	EXP 	num2_2: autoDraw = False
37.6440 	EXP 	num3_2: autoDraw = False
37.6440 	EXP 	num4_2: autoDraw = False
37.6440 	EXP 	fixCross: foreColor = <psychopy.colors.Color: transparent, alpha=1.0>
37.6440 	EXP 	fixCross: borderColor = <psychopy.colors.Color: transparent, alpha=1.0>
37.6440 	EXP 	fixCross: fillColor = <psychopy.colors.Color: transparent, alpha=1.0>
37.6440 	EXP 	cue: image = 'stim//obj2.png'
37.6440 	EXP 	cue: autoDraw = True
38.6285 	EXP 	Created sequence: sequential, trialTypes=1, nReps=3, seed=None
38.6287 	EXP 	New trial (rep=0, index=0): None
38.7445 	EXP 	cue: autoDraw = False
38.7445 	EXP 	cue: autoDraw = False
38.7445 	EXP 	image: image = 'stim//shoe3.png'
38.7445 	EXP 	image: autoDraw = True
38.7445 	EXP 	fixCrossR_2: autoDraw = True
38.9950 	EXP 	image: autoDraw = False
38.9950 	EXP 	fixCrossR_2: autoDraw = False
38.9950 	EXP 	image: autoDraw = False
38.9950 	EXP 	fixCrossR_2: autoDraw = False
38.9950 	EXP 	fixCrossR_4: autoDraw = True
39.2297 	EXP 	New trial (rep=1, index=0): None
39.3454 	EXP 	fixCrossR_4: autoDraw = False
39.3454 	EXP 	fixCrossR_4: autoDraw = False
39.3454 	EXP 	image: image = 'stim//shoe3.png'
39.3454 	EXP 	image: autoDraw = True
39.3454 	EXP 	fixCrossR_2: autoDraw = True
39.5961 	EXP 	image: autoDraw = False
39.5961 	EXP 	fixCrossR_2: autoDraw = False
39.5961 	EXP 	image: autoDraw = False
39.5961 	EXP 	fixCrossR_2: autoDraw = False
39.5961 	EXP 	fixCrossR_4: autoDraw = True
39.8306 	EXP 	New trial (rep=2, index=0): None
40.0122 	EXP 	fixCrossR_4: autoDraw = False
40.0122 	EXP 	fixCrossR_4: autoDraw = False
40.0122 	EXP 	image: image = 'stim//shoe3.png'
40.0122 	EXP 	image: autoDraw = True
40.0122 	EXP 	fixCrossR_2: autoDraw = True
40.2624 	EXP 	image: autoDraw = False
40.2624 	EXP 	fixCrossR_2: autoDraw = False
40.2624 	EXP 	image: autoDraw = False
40.2624 	EXP 	fixCrossR_2: autoDraw = False
40.2624 	EXP 	fixCrossR_4: autoDraw = True
40.5465 	EXP 	fixCrossR_4: autoDraw = False
40.5465 	EXP 	fixCrossR_4: autoDraw = False
40.5465 	EXP 	fixCross_2: fillColor = <psychopy.colors.Color: black, alpha=1.0>
40.5465 	EXP 	fixCross_2: borderColor = <psychopy.colors.Color: black, alpha=1.0>
40.5465 	EXP 	text1_2: foreColor = <psychopy.colors.Color: white, alpha=1.0>
40.5465 	EXP 	text1_2: height = 0.05
40.5465 	EXP 	text1_2: height = 0.05
40.5465 	EXP 	text1_2: height = 0.05
40.5465 	EXP 	text1_2: text = 'Full Right'
40.5465 	EXP 	text2_2: foreColor = <psychopy.colors.Color: white, alpha=1.0>
40.5465 	EXP 	text2_2: height = 0.05
40.5465 	EXP 	text2_2: height = 0.05
40.5465 	EXP 	text2_2: height = 0.05
40.5465 	EXP 	text2_2: text = 'Half Right'
40.5465 	EXP 	text3_2: foreColor = <psychopy.colors.Color: white, alpha=1.0>
40.5465 	EXP 	text3_2: text = 'Full Left'
40.5465 	EXP 	text4_2: foreColor = <psychopy.colors.Color: white, alpha=1.0>
40.5465 	EXP 	text4_2: height = 0.05
40.5465 	EXP 	text4_2: height = 0.05
40.5465 	EXP 	text4_2: height = 0.05
40.5465 	EXP 	text4_2: text = 'Half Left'
40.5465 	EXP 	text5_2: foreColor = <psychopy.colors.Color: white, alpha=1.0>
40.5465 	EXP 	text5_2: height = 0.05
40.5465 	EXP 	text5_2: height = 0.05
40.5465 	EXP 	text5_2: height = 0.05
40.5465 	EXP 	text5_2: text = 'Horse'
40.5465 	EXP 	text6_2: foreColor = <psychopy.colors.Color: white, alpha=1.0>
40.5465 	EXP 	text6_2: height = 0.05
40.5465 	EXP 	text6_2: height = 0.05
40.5465 	EXP 	text6_2: height = 0.05
40.5465 	EXP 	text6_2: text = 'Shoe'
40.5465 	EXP 	text7_2: foreColor = <psychopy.colors.Color: white, alpha=1.0>
40.5465 	EXP 	text7_2: height = 0.05
40.5465 	EXP 	text7_2: height = 0.05
40.5465 	EXP 	text7_2: height = 0.05
40.5465 	EXP 	text7_2: text = 'Car'
40.5465 	EXP 	text8_2: foreColor = <psychopy.colors.Color: white, alpha=1.0>
40.5465 	EXP 	text8_2: height = 0.05
40.5465 	EXP 	text8_2: height = 0.05
40.5465 	EXP 	text8_2: height = 0.05
40.5465 	EXP 	text8_2: text = 'Turtle'
40.5465 	EXP 	num1_2: foreColor = <psychopy.colors.Color: white, alpha=1.0>
40.5465 	EXP 	num1_2: text = '1'
40.5465 	EXP 	num2_2: foreColor = <psychopy.colors.Color: white, alpha=1.0>
40.5465 	EXP 	num2_2: text = '2'
40.5465 	EXP 	num3_2: foreColor = <psychopy.colors.Color: white, alpha=1.0>
40.5465 	EXP 	num3_2: text = '3'
40.5465 	EXP 	num4_2: foreColor = <psychopy.colors.Color: white, alpha=1.0>
40.5465 	EXP 	num4_2: text = '4'
40.5465 	EXP 	fixCross_2: autoDraw = True
40.5465 	EXP 	text1_2: autoDraw = True
40.5465 	EXP 	text2_2: autoDraw = True
40.5465 	EXP 	text3_2: autoDraw = True
40.5465 	EXP 	text4_2: autoDraw = True
40.5465 	EXP 	text5_2: autoDraw = True
40.5465 	EXP 	text6_2: autoDraw = True
40.5465 	EXP 	text7_2: autoDraw = True
40.5465 	EXP 	text8_2: autoDraw = True
40.5465 	EXP 	num1_2: autoDraw = True
40.5465 	EXP 	num2_2: autoDraw = True
40.5465 	EXP 	num3_2: autoDraw = True
40.5465 	EXP 	num4_2: autoDraw = True
44.7176 	DATA 	Keypress: 4
44.7332 	EXP 	fixCross_2: foreColor = <psychopy.colors.Color: (1.0, 0.0, 0.0, 1.0)>
44.7332 	EXP 	fixCross_2: borderColor = <psychopy.colors.Color: (1.0, 0.0, 0.0, 1.0)>
44.7332 	EXP 	fixCross_2: fillColor = <psychopy.colors.Color: (1.0, 0.0, 0.0, 1.0)>
44.7332 	EXP 	text4_2: foreColor = <psychopy.colors.Color: (1.0, 0.0, 0.0, 1.0)>
44.7332 	EXP 	text8_2: foreColor = <psychopy.colors.Color: (1.0, 0.0, 0.0, 1.0)>
44.7332 	EXP 	num4_2: foreColor = <psychopy.colors.Color: (1.0, 0.0, 0.0, 1.0)>
47.7214 	EXP 	New trial (rep=0, index=4): {'category': 'car', 'orientation': 1, 'taskCue': 'stim//ori2.png', 'stimfile': 'stim//car1.png', 'resp1': 'Turtle', 'resp2': 'Car', 'resp3': 'Horse', 'resp4': 'Shoe', 'resp5': 'Half Right', 'resp6': 'Half Left', 'resp7': 'Full Right', 'resp8': 'Full Left', 'objFirst': True, 'interval': 2.47}
47.7355 	EXP 	fixCross_2: autoDraw = False
47.7355 	EXP 	text1_2: autoDraw = False
47.7355 	EXP 	text2_2: autoDraw = False
47.7355 	EXP 	text3_2: autoDraw = False
47.7355 	EXP 	text4_2: autoDraw = False
47.7355 	EXP 	text5_2: autoDraw = False
47.7355 	EXP 	text6_2: autoDraw = False
47.7355 	EXP 	text7_2: autoDraw = False
47.7355 	EXP 	text8_2: autoDraw = False
47.7355 	EXP 	num1_2: autoDraw = False
47.7355 	EXP 	num2_2: autoDraw = False
47.7355 	EXP 	num3_2: autoDraw = False
47.7355 	EXP 	num4_2: autoDraw = False
47.7355 	EXP 	fixCross: foreColor = <psychopy.colors.Color: transparent, alpha=1.0>
47.7355 	EXP 	fixCross: borderColor = <psychopy.colors.Color: transparent, alpha=1.0>
47.7355 	EXP 	fixCross: fillColor = <psychopy.colors.Color: transparent, alpha=1.0>
47.7355 	EXP 	cue: image = 'stim//ori2.png'
47.7355 	EXP 	cue: autoDraw = True
48.7209 	EXP 	Created sequence: sequential, trialTypes=1, nReps=3, seed=None
48.7210 	EXP 	New trial (rep=0, index=0): None
48.8364 	EXP 	cue: autoDraw = False
48.8364 	EXP 	cue: autoDraw = False
48.8364 	EXP 	image: image = 'stim//car1.png'
48.8364 	EXP 	image: autoDraw = True
48.8364 	EXP 	fixCrossR_2: autoDraw = True
49.0866 	EXP 	image: autoDraw = False
49.0866 	EXP 	fixCrossR_2: autoDraw = False
49.0866 	EXP 	image: autoDraw = False
49.0866 	EXP 	fixCrossR_2: autoDraw = False
49.0866 	EXP 	fixCrossR_4: autoDraw = True
49.3213 	EXP 	New trial (rep=1, index=0): None
49.4368 	EXP 	fixCrossR_4: autoDraw = False
49.4368 	EXP 	fixCrossR_4: autoDraw = False
49.4368 	EXP 	image: image = 'stim//car1.png'
49.4368 	EXP 	image: autoDraw = True
49.4368 	EXP 	fixCrossR_2: autoDraw = True
49.6871 	EXP 	image: autoDraw = False
49.6871 	EXP 	fixCrossR_2: autoDraw = False
49.6871 	EXP 	image: autoDraw = False
49.6871 	EXP 	fixCrossR_2: autoDraw = False
49.6871 	EXP 	fixCrossR_4: autoDraw = True
49.9215 	EXP 	New trial (rep=2, index=0): None
50.1042 	EXP 	fixCrossR_4: autoDraw = False
50.1042 	EXP 	fixCrossR_4: autoDraw = False
50.1042 	EXP 	image: image = 'stim//car1.png'
50.1042 	EXP 	image: autoDraw = True
50.1042 	EXP 	fixCrossR_2: autoDraw = True
50.3545 	EXP 	image: autoDraw = False
50.3545 	EXP 	fixCrossR_2: autoDraw = False
50.3545 	EXP 	image: autoDraw = False
50.3545 	EXP 	fixCrossR_2: autoDraw = False
50.3545 	EXP 	fixCrossR_4: autoDraw = True
50.6377 	EXP 	fixCrossR_4: autoDraw = False
50.6377 	EXP 	fixCrossR_4: autoDraw = False
50.6377 	EXP 	fixCross_2: fillColor = <psychopy.colors.Color: black, alpha=1.0>
50.6377 	EXP 	fixCross_2: borderColor = <psychopy.colors.Color: black, alpha=1.0>
50.6377 	EXP 	text1_2: foreColor = <psychopy.colors.Color: white, alpha=1.0>
50.6377 	EXP 	text1_2: height = 0.05
50.6377 	EXP 	text1_2: height = 0.05
50.6377 	EXP 	text1_2: height = 0.05
50.6377 	EXP 	text1_2: text = 'Turtle'
50.6377 	EXP 	text2_2: foreColor = <psychopy.colors.Color: white, alpha=1.0>
50.6377 	EXP 	text2_2: height = 0.05
50.6377 	EXP 	text2_2: height = 0.05
50.6377 	EXP 	text2_2: height = 0.05
50.6377 	EXP 	text2_2: text = 'Car'
50.6377 	EXP 	text3_2: foreColor = <psychopy.colors.Color: white, alpha=1.0>
50.6377 	EXP 	text3_2: height = 0.05
50.6377 	EXP 	text3_2: height = 0.05
50.6377 	EXP 	text3_2: height = 0.05
50.6377 	EXP 	text3_2: text = 'Horse'
50.6377 	EXP 	text4_2: foreColor = <psychopy.colors.Color: white, alpha=1.0>
50.6377 	EXP 	text4_2: height = 0.05
50.6377 	EXP 	text4_2: height = 0.05
50.6377 	EXP 	text4_2: height = 0.05
50.6377 	EXP 	text4_2: text = 'Shoe'
50.6377 	EXP 	text5_2: foreColor = <psychopy.colors.Color: white, alpha=1.0>
50.6377 	EXP 	text5_2: height = 0.05
50.6377 	EXP 	text5_2: height = 0.05
50.6377 	EXP 	text5_2: height = 0.05
50.6377 	EXP 	text5_2: text = 'Half Right'
50.6377 	EXP 	text6_2: foreColor = <psychopy.colors.Color: white, alpha=1.0>
50.6377 	EXP 	text6_2: height = 0.05
50.6377 	EXP 	text6_2: height = 0.05
50.6377 	EXP 	text6_2: height = 0.05
50.6377 	EXP 	text6_2: text = 'Half Left'
50.6377 	EXP 	text7_2: foreColor = <psychopy.colors.Color: white, alpha=1.0>
50.6377 	EXP 	text7_2: height = 0.05
50.6377 	EXP 	text7_2: height = 0.05
50.6377 	EXP 	text7_2: height = 0.05
50.6377 	EXP 	text7_2: text = 'Full Right'
50.6377 	EXP 	text8_2: foreColor = <psychopy.colors.Color: white, alpha=1.0>
50.6377 	EXP 	text8_2: height = 0.05
50.6377 	EXP 	text8_2: height = 0.05
50.6377 	EXP 	text8_2: height = 0.05
50.6377 	EXP 	text8_2: text = 'Full Left'
50.6377 	EXP 	num1_2: foreColor = <psychopy.colors.Color: white, alpha=1.0>
50.6377 	EXP 	num1_2: text = '1'
50.6377 	EXP 	num2_2: foreColor = <psychopy.colors.Color: white, alpha=1.0>
50.6377 	EXP 	num2_2: text = '2'
50.6377 	EXP 	num3_2: foreColor = <psychopy.colors.Color: white, alpha=1.0>
50.6377 	EXP 	num3_2: text = '3'
50.6377 	EXP 	num4_2: foreColor = <psychopy.colors.Color: white, alpha=1.0>
50.6377 	EXP 	num4_2: text = '4'
50.6377 	EXP 	fixCross_2: autoDraw = True
50.6377 	EXP 	text1_2: autoDraw = True
50.6377 	EXP 	text2_2: autoDraw = True
50.6377 	EXP 	text3_2: autoDraw = True
50.6377 	EXP 	text4_2: autoDraw = True
50.6377 	EXP 	text5_2: autoDraw = True
50.6377 	EXP 	text6_2: autoDraw = True
50.6377 	EXP 	text7_2: autoDraw = True
50.6377 	EXP 	text8_2: autoDraw = True
50.6377 	EXP 	num1_2: autoDraw = True
50.6377 	EXP 	num2_2: autoDraw = True
50.6377 	EXP 	num3_2: autoDraw = True
50.6377 	EXP 	num4_2: autoDraw = True
52.8740 	DATA 	Keypress: 2
52.8897 	EXP 	fixCross_2: foreColor = <psychopy.colors.Color: (1.0, 0.0, 0.0, 1.0)>
52.8897 	EXP 	fixCross_2: borderColor = <psychopy.colors.Color: (1.0, 0.0, 0.0, 1.0)>
52.8897 	EXP 	fixCross_2: fillColor = <psychopy.colors.Color: (1.0, 0.0, 0.0, 1.0)>
52.8897 	EXP 	text2_2: foreColor = <psychopy.colors.Color: (1.0, 0.0, 0.0, 1.0)>
52.8897 	EXP 	text6_2: foreColor = <psychopy.colors.Color: (1.0, 0.0, 0.0, 1.0)>
52.8897 	EXP 	num2_2: foreColor = <psychopy.colors.Color: (1.0, 0.0, 0.0, 1.0)>
56.0885 	EXP 	window1: mouseVisible = True
