2.4755 	ERROR 	Support for the `sounddevice` audio backend is not available this session. Please install `psychopy-sounddevice` and restart the session to enable support.
5.8786 	WARNING 	User requested fullscreen with size [1536  864], but screen is actually [1920, 1080]. Using actual size
6.8780 	EXP 	Created window1 = Window(allowGUI=True, allowStencil=False, autoLog=True, backendConf=UNKNOWN, backgroundFit=<method-wrapper '__getattribute__' of attributeSetter object at 0x000001E76F323220>, backgroundImage=<method-wrapper '__getattribute__' of attributeSetter object at 0x000001E76F3231C0>, bitsMode=UNKNOWN, blendMode='avg', bpc=(8, 8, 8), color=array([-0.4039, -0.4039, -0.4039]), colorSpace='rgb', depthBits=8, fullscr=<method-wrapper '__getattribute__' of attributeSetter object at 0x000001E76F313880>, gamma=None, gammaErrorPolicy='raise', lms=UNKNOWN, monitor=<psychopy.monitors.calibTools.Monitor object at 0x000001E76F8531C0>, multiSample=False, name='window1', numSamples=2, pos=(-1920, 0), screen=0, size=array([1920, 1080]), stencilBits=0, stereo=False, title='PsychoPy', units='height', useFBO=True, useRetina=False, viewOri=0.0, viewPos=None, viewScale=None, waitBlanking=True, winType='pyglet')
6.8781 	EXP 	window1: mouseVisible = True
6.8782 	EXP 	window1: backgroundImage = ''
6.8782 	EXP 	window1: backgroundFit = 'none'
6.8798 	EXP 	window1: Attempting to measure frame rate of screen (0) ...
6.8799 	EXP 	window1: recordFrameIntervals = False
7.0435 	EXP 	window1: recordFrameIntervals = True
7.2270 	EXP 	Screen (0) actual frame rate measured at 60.17Hz
7.2271 	EXP 	window1: recordFrameIntervals = False
7.2272 	EXP 	window1: mouseVisible = False
9.4454 	EXP 	pilotv2: status = STARTED
9.4458 	EXP 	window1: mouseVisible = True
9.4559 	EXP 	Created imageInstruct = ImageStim(__class__=<class 'psychopy.visual.image.ImageStim'>, anchor=('center', 'center'), autoLog=True, color=array([1., 1., 1.]), colorSpace='rgb', contrast=1.0, depth=0.0, draggable=False, flipHoriz=False, flipVert=False, image='default.png', interpolate=True, mask=None, maskParams=None, name='imageInstruct', opacity=1.0, ori=0.0, pos=array([0., 0.]), size=array([1.6    , 1.00736]), texRes=128.0, units='height', win=Window(...))
9.4561 	EXP 	window1: mouseVisible = True
9.4563 	EXP 	window1: mouseVisible = True
9.4567 	EXP 	window1: mouseVisible = True
9.4571 	EXP 	window1: mouseVisible = True
9.4792 	EXP 	window1: mouseVisible = True
9.4794 	EXP 	window1: mouseVisible = True
9.4798 	EXP 	window1: mouseVisible = True
9.4802 	EXP 	window1: mouseVisible = True
9.4988 	EXP 	window1: mouseVisible = True
9.4990 	EXP 	window1: mouseVisible = True
9.4991 	EXP 	window1: mouseVisible = True
9.4995 	EXP 	window1: mouseVisible = True
9.4999 	EXP 	window1: mouseVisible = True
9.5167 	EXP 	window1: mouseVisible = True
9.5168 	EXP 	window1: mouseVisible = True
9.5172 	EXP 	window1: mouseVisible = True
9.5176 	EXP 	window1: mouseVisible = True
9.5210 	EXP 	window1: mouseVisible = True
9.5212 	EXP 	window1: mouseVisible = True
9.5836 	EXP 	Created text_8 = TextStim(__class__=<class 'psychopy.visual.text.TextStim'>, alignHoriz=method-wrapper(...), alignText='center', alignVert=method-wrapper(...), anchorHoriz='center', anchorVert='center', antialias=True, autoDraw=False, autoLog=True, bold=False, color=array([1., 1., 1.]), colorSpace='rgb', contrast=1.0, depth=0.0, draggable=False, flipHoriz=False, flipVert=False, font='Open Sans', fontFiles=[], height=0.05, italic=False, languageStyle='LTR', name='text_8', opacity=1.0, ori=0.0, pos=array([0., 0.]), rgb=UNKNOWN, text=str(...), units='height', win=Window(...), wrapWidth=1)
9.5839 	EXP 	window1: mouseVisible = True
9.5840 	EXP 	window1: mouseVisible = True
9.5844 	EXP 	window1: mouseVisible = True
9.5848 	EXP 	window1: mouseVisible = True
9.6083 	EXP 	window1: mouseVisible = True
9.6085 	EXP 	window1: mouseVisible = True
9.6089 	EXP 	window1: mouseVisible = True
9.6093 	EXP 	window1: mouseVisible = True
9.6194 	EXP 	window1: mouseVisible = True
9.6196 	EXP 	window1: mouseVisible = True
9.6198 	EXP 	window1: mouseVisible = True
9.6202 	EXP 	window1: mouseVisible = True
9.6206 	EXP 	window1: mouseVisible = True
9.6291 	EXP 	window1: mouseVisible = True
9.6293 	EXP 	window1: mouseVisible = True
9.6297 	EXP 	window1: mouseVisible = True
9.6301 	EXP 	window1: mouseVisible = True
9.6334 	EXP 	window1: mouseVisible = True
9.6334 	EXP 	window1: mouseVisible = True
9.6372 	EXP 	Created image_17 = ImageStim(__class__=<class 'psychopy.visual.image.ImageStim'>, anchor=('center', 'center'), autoLog=True, color=array([1., 1., 1.]), colorSpace='rgb', contrast=1.0, depth=-3.0, draggable=False, flipHoriz=False, flipVert=False, image='stim/ori1.png', interpolate=True, mask=None, maskParams=None, name='image_17', opacity=1.0, ori=0.0, pos=array([0.  , 0.23]), size=array([0.15, 0.15]), texRes=128.0, units='height', win=Window(...))
9.6373 	EXP 	window1: mouseVisible = True
9.6416 	EXP 	Created text_9 = TextStim(__class__=<class 'psychopy.visual.text.TextStim'>, alignHoriz=method-wrapper(...), alignText='center', alignVert=method-wrapper(...), anchorHoriz='center', anchorVert='center', antialias=True, autoDraw=False, autoLog=True, bold=False, color=array([1., 1., 1.]), colorSpace='rgb', contrast=1.0, depth=0.0, draggable=False, flipHoriz=False, flipVert=False, font='Open Sans', fontFiles=[], height=0.05, italic=False, languageStyle='LTR', name='text_9', opacity=1.0, ori=0.0, pos=array([0., 0.]), rgb=UNKNOWN, text=str(...), units='height', win=Window(...), wrapWidth=1)
9.6420 	EXP 	window1: mouseVisible = True
9.6421 	EXP 	window1: mouseVisible = True
9.6426 	EXP 	window1: mouseVisible = True
9.6431 	EXP 	window1: mouseVisible = True
9.6473 	EXP 	window1: mouseVisible = True
9.6475 	EXP 	window1: mouseVisible = True
9.6479 	EXP 	window1: mouseVisible = True
9.6483 	EXP 	window1: mouseVisible = True
9.6516 	EXP 	window1: mouseVisible = True
9.6518 	EXP 	window1: mouseVisible = True
9.6519 	EXP 	window1: mouseVisible = True
9.6523 	EXP 	window1: mouseVisible = True
9.6527 	EXP 	window1: mouseVisible = True
9.6565 	EXP 	window1: mouseVisible = True
9.6566 	EXP 	window1: mouseVisible = True
9.6570 	EXP 	window1: mouseVisible = True
9.6574 	EXP 	window1: mouseVisible = True
9.6607 	EXP 	window1: mouseVisible = True
9.6608 	EXP 	window1: mouseVisible = True
9.6648 	EXP 	Created image_18 = ImageStim(__class__=<class 'psychopy.visual.image.ImageStim'>, anchor=('center', 'center'), autoLog=True, color=array([1., 1., 1.]), colorSpace='rgb', contrast=1.0, depth=-3.0, draggable=False, flipHoriz=False, flipVert=False, image='stim/obj2.png', interpolate=True, mask=None, maskParams=None, name='image_18', opacity=1.0, ori=0.0, pos=array([0.  , 0.23]), size=array([0.15, 0.15]), texRes=128.0, units='height', win=Window(...))
9.6649 	EXP 	window1: mouseVisible = True
9.6689 	EXP 	Created text_10 = TextStim(__class__=<class 'psychopy.visual.text.TextStim'>, alignHoriz=method-wrapper(...), alignText='center', alignVert=method-wrapper(...), anchorHoriz='center', anchorVert='center', antialias=True, autoDraw=False, autoLog=True, bold=False, color=array([1., 1., 1.]), colorSpace='rgb', contrast=1.0, depth=0.0, draggable=False, flipHoriz=False, flipVert=False, font='Open Sans', fontFiles=[], height=0.05, italic=False, languageStyle='LTR', name='text_10', opacity=1.0, ori=0.0, pos=array([0., 0.]), rgb=UNKNOWN, text=str(...), units='height', win=Window(...), wrapWidth=1)
9.6692 	EXP 	window1: mouseVisible = True
9.6693 	EXP 	window1: mouseVisible = True
9.6697 	EXP 	window1: mouseVisible = True
9.6701 	EXP 	window1: mouseVisible = True
9.6739 	EXP 	window1: mouseVisible = True
9.6741 	EXP 	window1: mouseVisible = True
9.6745 	EXP 	window1: mouseVisible = True
9.6749 	EXP 	window1: mouseVisible = True
9.6782 	EXP 	window1: mouseVisible = True
9.6784 	EXP 	window1: mouseVisible = True
9.6785 	EXP 	window1: mouseVisible = True
9.6789 	EXP 	window1: mouseVisible = True
9.6793 	EXP 	window1: mouseVisible = True
9.6831 	EXP 	window1: mouseVisible = True
9.6832 	EXP 	window1: mouseVisible = True
9.6836 	EXP 	window1: mouseVisible = True
9.6841 	EXP 	window1: mouseVisible = True
9.6875 	EXP 	window1: mouseVisible = True
9.6875 	EXP 	window1: mouseVisible = True
9.6914 	EXP 	Created image_19 = ImageStim(__class__=<class 'psychopy.visual.image.ImageStim'>, anchor=('center', 'center'), autoLog=True, color=array([1., 1., 1.]), colorSpace='rgb', contrast=1.0, depth=-3.0, draggable=False, flipHoriz=False, flipVert=False, image='stim/ori2.png', interpolate=True, mask=None, maskParams=None, name='image_19', opacity=1.0, ori=0.0, pos=array([0.  , 0.23]), size=array([0.15, 0.15]), texRes=128.0, units='height', win=Window(...))
9.6915 	EXP 	window1: mouseVisible = True
9.6956 	EXP 	Created text_11 = TextStim(__class__=<class 'psychopy.visual.text.TextStim'>, alignHoriz=method-wrapper(...), alignText='center', alignVert=method-wrapper(...), anchorHoriz='center', anchorVert='center', antialias=True, autoDraw=False, autoLog=True, bold=False, color=array([1., 1., 1.]), colorSpace='rgb', contrast=1.0, depth=0.0, draggable=False, flipHoriz=False, flipVert=False, font='Open Sans', fontFiles=[], height=0.05, italic=False, languageStyle='LTR', name='text_11', opacity=1.0, ori=0.0, pos=array([0., 0.]), rgb=UNKNOWN, text=str(...), units='height', win=Window(...), wrapWidth=1)
9.6958 	EXP 	window1: mouseVisible = True
9.6959 	EXP 	window1: mouseVisible = True
9.6964 	EXP 	window1: mouseVisible = True
9.6968 	EXP 	window1: mouseVisible = True
9.7006 	EXP 	window1: mouseVisible = True
9.7007 	EXP 	window1: mouseVisible = True
9.7011 	EXP 	window1: mouseVisible = True
9.7015 	EXP 	window1: mouseVisible = True
9.7057 	EXP 	window1: mouseVisible = True
9.7059 	EXP 	window1: mouseVisible = True
9.7060 	EXP 	window1: mouseVisible = True
9.7064 	EXP 	window1: mouseVisible = True
9.7068 	EXP 	window1: mouseVisible = True
9.7107 	EXP 	window1: mouseVisible = True
9.7108 	EXP 	window1: mouseVisible = True
9.7113 	EXP 	window1: mouseVisible = True
9.7117 	EXP 	window1: mouseVisible = True
9.7149 	EXP 	window1: mouseVisible = True
9.7150 	EXP 	window1: mouseVisible = True
9.7191 	EXP 	Created image_20 = ImageStim(__class__=<class 'psychopy.visual.image.ImageStim'>, anchor=('center', 'center'), autoLog=True, color=array([1., 1., 1.]), colorSpace='rgb', contrast=1.0, depth=-3.0, draggable=False, flipHoriz=False, flipVert=False, image='stim/obj1.png', interpolate=True, mask=None, maskParams=None, name='image_20', opacity=1.0, ori=0.0, pos=array([0.  , 0.23]), size=array([0.15, 0.15]), texRes=128.0, units='height', win=Window(...))
9.7192 	EXP 	window1: mouseVisible = True
9.7280 	EXP 	Created imageInstruct_2 = ImageStim(__class__=<class 'psychopy.visual.image.ImageStim'>, anchor=('center', 'center'), autoLog=True, color=array([1., 1., 1.]), colorSpace='rgb', contrast=1.0, depth=0.0, draggable=False, flipHoriz=False, flipVert=False, image='default.png', interpolate=True, mask=None, maskParams=None, name='imageInstruct_2', opacity=1.0, ori=0.0, pos=array([0., 0.]), size=array([1.6    , 1.00736]), texRes=128.0, units='height', win=Window(...))
9.7282 	EXP 	window1: mouseVisible = True
9.7284 	EXP 	window1: mouseVisible = True
9.7288 	EXP 	window1: mouseVisible = True
9.7292 	EXP 	window1: mouseVisible = True
9.7328 	EXP 	window1: mouseVisible = True
9.7329 	EXP 	window1: mouseVisible = True
9.7334 	EXP 	window1: mouseVisible = True
9.7337 	EXP 	window1: mouseVisible = True
9.7370 	EXP 	window1: mouseVisible = True
9.7372 	EXP 	window1: mouseVisible = True
9.7373 	EXP 	window1: mouseVisible = True
9.7377 	EXP 	window1: mouseVisible = True
9.7381 	EXP 	window1: mouseVisible = True
9.7416 	EXP 	window1: mouseVisible = True
9.7417 	EXP 	window1: mouseVisible = True
9.7421 	EXP 	window1: mouseVisible = True
9.7425 	EXP 	window1: mouseVisible = True
9.7457 	EXP 	window1: mouseVisible = True
9.7458 	EXP 	window1: mouseVisible = True
9.7571 	EXP 	Created text = TextStim(__class__=<class 'psychopy.visual.text.TextStim'>, alignHoriz=method-wrapper(...), alignText='center', alignVert=method-wrapper(...), anchorHoriz='center', anchorVert='center', antialias=True, autoDraw=False, autoLog=True, bold=False, color=array([1., 1., 1.]), colorSpace='rgb', contrast=1.0, depth=0.0, draggable=False, flipHoriz=False, flipVert=False, font='Open Sans', fontFiles=[], height=0.05, italic=False, languageStyle='LTR', name='text', opacity=1.0, ori=0.0, pos=array([0., 0.]), rgb=UNKNOWN, text='The experiment will begin soon. Get ready!', units='height', win=Window(...), wrapWidth=1)
9.7572 	EXP 	window1: mouseVisible = True
9.7662 	EXP 	Created cue = ImageStim(__class__=<class 'psychopy.visual.image.ImageStim'>, anchor=('center', 'center'), autoLog=True, color=array([1., 1., 1.]), colorSpace='rgb', contrast=1.0, depth=0.0, draggable=False, flipHoriz=False, flipVert=False, image='default.png', interpolate=True, mask=None, maskParams=None, name='cue', opacity=1.0, ori=0.0, pos=array([0., 0.]), size=array([0.15, 0.15]), texRes=128.0, units='height', win=Window(...))
9.7663 	EXP 	window1: mouseVisible = True
9.7750 	EXP 	Created image = ImageStim(__class__=<class 'psychopy.visual.image.ImageStim'>, anchor=('center', 'center'), autoLog=True, color=array([1., 1., 1.]), colorSpace='rgb', contrast=1.0, depth=0.0, draggable=False, flipHoriz=False, flipVert=False, image='default.png', interpolate=True, mask=None, maskParams=None, name='image', opacity=1.0, ori=0.0, pos=array([0., 0.]), size=array([0.5, 0.5]), texRes=128.0, units='height', win=Window(...))
9.7752 	EXP 	window1: mouseVisible = True
9.7771 	EXP 	Created fixCrossR_2 = ShapeStim(__class__=<class 'psychopy.visual.shape.ShapeStim'>, anchor=('center', 'center'), autoDraw=False, autoLog=True, closeShape=True, color=method-wrapper(...), colorSpace='rgb', contrast=None, depth=-1.0, draggable=False, fillColor=array([-1, -1, -1]), fillColorSpace='rgb', fillRGB=array([-1, -1, -1]), interpolate=True, lineColor=array([-1., -1., -1.]), lineColorSpace='rgb', lineRGB=array([-1, -1, -1]), lineWidth=1.0, name='fixCrossR_2', opacity=1.0, ori=0.0, pos=array([0., 0.]), size=array([0.02, 0.02]), units='height', vertices=ndarray(...), win=Window(...), windingRule=None)
9.7772 	EXP 	window1: mouseVisible = True
9.7789 	EXP 	Created fixCrossR_4 = ShapeStim(__class__=<class 'psychopy.visual.shape.ShapeStim'>, anchor=('center', 'center'), autoDraw=False, autoLog=True, closeShape=True, color=method-wrapper(...), colorSpace='rgb', contrast=None, depth=0.0, draggable=False, fillColor=array([-1, -1, -1]), fillColorSpace='rgb', fillRGB=array([-1, -1, -1]), interpolate=True, lineColor=array([-1., -1., -1.]), lineColorSpace='rgb', lineRGB=array([-1, -1, -1]), lineWidth=1.0, name='fixCrossR_4', opacity=1.0, ori=0.0, pos=array([0., 0.]), size=array([0.02, 0.02]), units='height', vertices=ndarray(...), win=Window(...), windingRule=None)
9.7790 	EXP 	window1: mouseVisible = True
9.7808 	EXP 	Created fixCross_2 = ShapeStim(__class__=<class 'psychopy.visual.shape.ShapeStim'>, anchor=('center', 'center'), autoDraw=False, autoLog=True, closeShape=True, color=method-wrapper(...), colorSpace='rgb', contrast=None, depth=0.0, draggable=False, fillColor=array([1, 1, 1]), fillColorSpace='rgb', fillRGB=array([1, 1, 1]), interpolate=True, lineColor=array([1., 1., 1.]), lineColorSpace='rgb', lineRGB=array([1, 1, 1]), lineWidth=1.0, name='fixCross_2', opacity=1.0, ori=0.0, pos=array([0., 0.]), size=array([0.02, 0.02]), units='height', vertices=ndarray(...), win=Window(...), windingRule=None)
9.7809 	EXP 	window1: mouseVisible = True
9.7826 	EXP 	Created text1_2 = TextStim(__class__=<class 'psychopy.visual.text.TextStim'>, alignHoriz=method-wrapper(...), alignText='center', alignVert=method-wrapper(...), anchorHoriz='center', anchorVert='center', antialias=True, autoDraw=False, autoLog=True, bold=False, color=array([1., 1., 1.]), colorSpace='rgb', contrast=1.0, depth=-1.0, draggable=False, flipHoriz=False, flipVert=False, font='Open Sans', fontFiles=[], height=0.05, italic=False, languageStyle='LTR', name='text1_2', opacity=1.0, ori=0.0, pos=array([-0.225,  0.08 ]), rgb=UNKNOWN, text='', units='norm', win=Window(...), wrapWidth=1)
9.7827 	EXP 	window1: mouseVisible = True
9.7837 	EXP 	Created text2_2 = TextStim(__class__=<class 'psychopy.visual.text.TextStim'>, alignHoriz=method-wrapper(...), alignText='center', alignVert=method-wrapper(...), anchorHoriz='center', anchorVert='center', antialias=True, autoDraw=False, autoLog=True, bold=False, color=array([1., 1., 1.]), colorSpace='rgb', contrast=1.0, depth=-2.0, draggable=False, flipHoriz=False, flipVert=False, font='Open Sans', fontFiles=[], height=0.05, italic=False, languageStyle='LTR', name='text2_2', opacity=1.0, ori=0.0, pos=array([-0.075,  0.08 ]), rgb=UNKNOWN, text='', units='norm', win=Window(...), wrapWidth=1)
9.7838 	EXP 	window1: mouseVisible = True
9.7847 	EXP 	Created text3_2 = TextStim(__class__=<class 'psychopy.visual.text.TextStim'>, alignHoriz=method-wrapper(...), alignText='center', alignVert=method-wrapper(...), anchorHoriz='center', anchorVert='center', antialias=True, autoDraw=False, autoLog=True, bold=False, color=array([1., 1., 1.]), colorSpace='rgb', contrast=1.0, depth=-3.0, draggable=False, flipHoriz=False, flipVert=False, font='Open Sans', fontFiles=[], height=0.05, italic=False, languageStyle='LTR', name='text3_2', opacity=1.0, ori=0.0, pos=array([0.075, 0.08 ]), rgb=UNKNOWN, text='', units='norm', win=Window(...), wrapWidth=1)
9.7848 	EXP 	window1: mouseVisible = True
9.7857 	EXP 	Created text4_2 = TextStim(__class__=<class 'psychopy.visual.text.TextStim'>, alignHoriz=method-wrapper(...), alignText='center', alignVert=method-wrapper(...), anchorHoriz='center', anchorVert='center', antialias=True, autoDraw=False, autoLog=True, bold=False, color=array([1., 1., 1.]), colorSpace='rgb', contrast=1.0, depth=-4.0, draggable=False, flipHoriz=False, flipVert=False, font='Open Sans', fontFiles=[], height=0.05, italic=False, languageStyle='LTR', name='text4_2', opacity=1.0, ori=0.0, pos=array([0.225, 0.08 ]), rgb=UNKNOWN, text='', units='norm', win=Window(...), wrapWidth=1)
9.7858 	EXP 	window1: mouseVisible = True
9.7867 	EXP 	Created text5_2 = TextStim(__class__=<class 'psychopy.visual.text.TextStim'>, alignHoriz=method-wrapper(...), alignText='center', alignVert=method-wrapper(...), anchorHoriz='center', anchorVert='center', antialias=True, autoDraw=False, autoLog=True, bold=False, color=array([1., 1., 1.]), colorSpace='rgb', contrast=1.0, depth=-5.0, draggable=False, flipHoriz=False, flipVert=False, font='Open Sans', fontFiles=[], height=0.05, italic=False, languageStyle='LTR', name='text5_2', opacity=1.0, ori=0.0, pos=array([-0.225, -0.08 ]), rgb=UNKNOWN, text='', units='norm', win=Window(...), wrapWidth=1)
9.7868 	EXP 	window1: mouseVisible = True
9.7877 	EXP 	Created text6_2 = TextStim(__class__=<class 'psychopy.visual.text.TextStim'>, alignHoriz=method-wrapper(...), alignText='center', alignVert=method-wrapper(...), anchorHoriz='center', anchorVert='center', antialias=True, autoDraw=False, autoLog=True, bold=False, color=array([1., 1., 1.]), colorSpace='rgb', contrast=1.0, depth=-6.0, draggable=False, flipHoriz=False, flipVert=False, font='Open Sans', fontFiles=[], height=0.05, italic=False, languageStyle='LTR', name='text6_2', opacity=1.0, ori=0.0, pos=array([-0.075, -0.08 ]), rgb=UNKNOWN, text='', units='norm', win=Window(...), wrapWidth=1)
9.7878 	EXP 	window1: mouseVisible = True
9.7888 	EXP 	Created text7_2 = TextStim(__class__=<class 'psychopy.visual.text.TextStim'>, alignHoriz=method-wrapper(...), alignText='center', alignVert=method-wrapper(...), anchorHoriz='center', anchorVert='center', antialias=True, autoDraw=False, autoLog=True, bold=False, color=array([1., 1., 1.]), colorSpace='rgb', contrast=1.0, depth=-7.0, draggable=False, flipHoriz=False, flipVert=False, font='Open Sans', fontFiles=[], height=0.05, italic=False, languageStyle='LTR', name='text7_2', opacity=1.0, ori=0.0, pos=array([ 0.075, -0.08 ]), rgb=UNKNOWN, text='', units='norm', win=Window(...), wrapWidth=1)
9.7888 	EXP 	window1: mouseVisible = True
9.7897 	EXP 	Created text8_2 = TextStim(__class__=<class 'psychopy.visual.text.TextStim'>, alignHoriz=method-wrapper(...), alignText='center', alignVert=method-wrapper(...), anchorHoriz='center', anchorVert='center', antialias=True, autoDraw=False, autoLog=True, bold=False, color=array([1., 1., 1.]), colorSpace='rgb', contrast=1.0, depth=-8.0, draggable=False, flipHoriz=False, flipVert=False, font='Open Sans', fontFiles=[], height=0.05, italic=False, languageStyle='LTR', name='text8_2', opacity=1.0, ori=0.0, pos=array([ 0.225, -0.08 ]), rgb=UNKNOWN, text='', units='norm', win=Window(...), wrapWidth=1)
9.7898 	EXP 	window1: mouseVisible = True
9.7908 	EXP 	Created num1_2 = TextStim(__class__=<class 'psychopy.visual.text.TextStim'>, alignHoriz=method-wrapper(...), alignText='center', alignVert=method-wrapper(...), anchorHoriz='center', anchorVert='center', antialias=True, autoDraw=False, autoLog=True, bold=False, color=array([1., 1., 1.]), colorSpace='rgb', contrast=1.0, depth=-10.0, draggable=False, flipHoriz=False, flipVert=False, font='Open Sans', fontFiles=[], height=0.1, italic=False, languageStyle='LTR', name='num1_2', opacity=1.0, ori=0.0, pos=array([-0.225,  0.24 ]), rgb=UNKNOWN, text='', units='norm', win=Window(...), wrapWidth=1)
9.7908 	EXP 	window1: mouseVisible = True
9.7919 	EXP 	Created num2_2 = TextStim(__class__=<class 'psychopy.visual.text.TextStim'>, alignHoriz=method-wrapper(...), alignText='center', alignVert=method-wrapper(...), anchorHoriz='center', anchorVert='center', antialias=True, autoDraw=False, autoLog=True, bold=False, color=array([1., 1., 1.]), colorSpace='rgb', contrast=1.0, depth=-11.0, draggable=False, flipHoriz=False, flipVert=False, font='Open Sans', fontFiles=[], height=0.1, italic=False, languageStyle='LTR', name='num2_2', opacity=1.0, ori=0.0, pos=array([-0.075,  0.24 ]), rgb=UNKNOWN, text='', units='norm', win=Window(...), wrapWidth=1)
9.7920 	EXP 	window1: mouseVisible = True
9.7930 	EXP 	Created num3_2 = TextStim(__class__=<class 'psychopy.visual.text.TextStim'>, alignHoriz=method-wrapper(...), alignText='center', alignVert=method-wrapper(...), anchorHoriz='center', anchorVert='center', antialias=True, autoDraw=False, autoLog=True, bold=False, color=array([1., 1., 1.]), colorSpace='rgb', contrast=1.0, depth=-12.0, draggable=False, flipHoriz=False, flipVert=False, font='Open Sans', fontFiles=[], height=0.1, italic=False, languageStyle='LTR', name='num3_2', opacity=1.0, ori=0.0, pos=array([0.075, 0.24 ]), rgb=UNKNOWN, text='', units='norm', win=Window(...), wrapWidth=1)
9.7930 	EXP 	window1: mouseVisible = True
9.7940 	EXP 	Created num4_2 = TextStim(__class__=<class 'psychopy.visual.text.TextStim'>, alignHoriz=method-wrapper(...), alignText='center', alignVert=method-wrapper(...), anchorHoriz='center', anchorVert='center', antialias=True, autoDraw=False, autoLog=True, bold=False, color=array([1., 1., 1.]), colorSpace='rgb', contrast=1.0, depth=-13.0, draggable=False, flipHoriz=False, flipVert=False, font='Open Sans', fontFiles=[], height=0.1, italic=False, languageStyle='LTR', name='num4_2', opacity=1.0, ori=0.0, pos=array([0.225, 0.24 ]), rgb=UNKNOWN, text='', units='norm', win=Window(...), wrapWidth=1)
9.7941 	EXP 	window1: mouseVisible = True
9.8027 	EXP 	Created cue = ImageStim(__class__=<class 'psychopy.visual.image.ImageStim'>, anchor=('center', 'center'), autoLog=True, color=array([1., 1., 1.]), colorSpace='rgb', contrast=1.0, depth=0.0, draggable=False, flipHoriz=False, flipVert=False, image='default.png', interpolate=True, mask=None, maskParams=None, name='cue', opacity=1.0, ori=0.0, pos=array([0., 0.]), size=array([0.15, 0.15]), texRes=128.0, units='height', win=Window(...))
9.8028 	EXP 	window1: mouseVisible = True
9.8116 	EXP 	Created image = ImageStim(__class__=<class 'psychopy.visual.image.ImageStim'>, anchor=('center', 'center'), autoLog=True, color=array([1., 1., 1.]), colorSpace='rgb', contrast=1.0, depth=0.0, draggable=False, flipHoriz=False, flipVert=False, image='default.png', interpolate=True, mask=None, maskParams=None, name='image', opacity=1.0, ori=0.0, pos=array([0., 0.]), size=array([0.5, 0.5]), texRes=128.0, units='height', win=Window(...))
9.8117 	EXP 	window1: mouseVisible = True
9.8135 	EXP 	Created fixCrossR_2 = ShapeStim(__class__=<class 'psychopy.visual.shape.ShapeStim'>, anchor=('center', 'center'), autoDraw=False, autoLog=True, closeShape=True, color=method-wrapper(...), colorSpace='rgb', contrast=None, depth=-1.0, draggable=False, fillColor=array([-1, -1, -1]), fillColorSpace='rgb', fillRGB=array([-1, -1, -1]), interpolate=True, lineColor=array([-1., -1., -1.]), lineColorSpace='rgb', lineRGB=array([-1, -1, -1]), lineWidth=1.0, name='fixCrossR_2', opacity=1.0, ori=0.0, pos=array([0., 0.]), size=array([0.02, 0.02]), units='height', vertices=ndarray(...), win=Window(...), windingRule=None)
9.8136 	EXP 	window1: mouseVisible = True
9.8153 	EXP 	Created fixCrossR_4 = ShapeStim(__class__=<class 'psychopy.visual.shape.ShapeStim'>, anchor=('center', 'center'), autoDraw=False, autoLog=True, closeShape=True, color=method-wrapper(...), colorSpace='rgb', contrast=None, depth=0.0, draggable=False, fillColor=array([-1, -1, -1]), fillColorSpace='rgb', fillRGB=array([-1, -1, -1]), interpolate=True, lineColor=array([-1., -1., -1.]), lineColorSpace='rgb', lineRGB=array([-1, -1, -1]), lineWidth=1.0, name='fixCrossR_4', opacity=1.0, ori=0.0, pos=array([0., 0.]), size=array([0.02, 0.02]), units='height', vertices=ndarray(...), win=Window(...), windingRule=None)
9.8154 	EXP 	window1: mouseVisible = True
9.8172 	EXP 	Created fixCross = ShapeStim(__class__=<class 'psychopy.visual.shape.ShapeStim'>, anchor=('center', 'center'), autoDraw=False, autoLog=True, closeShape=True, color=method-wrapper(...), colorSpace='rgb', contrast=None, depth=0.0, draggable=False, fillColor=array([1, 1, 1]), fillColorSpace='rgb', fillRGB=array([1, 1, 1]), interpolate=True, lineColor=array([1., 1., 1.]), lineColorSpace='rgb', lineRGB=array([1, 1, 1]), lineWidth=1.0, name='fixCross', opacity=1.0, ori=0.0, pos=array([0., 0.]), size=array([0.02, 0.02]), units='height', vertices=ndarray(...), win=Window(...), windingRule=None)
9.8173 	EXP 	window1: mouseVisible = True
9.8183 	EXP 	Created text1 = TextStim(__class__=<class 'psychopy.visual.text.TextStim'>, alignHoriz=method-wrapper(...), alignText='center', alignVert=method-wrapper(...), anchorHoriz='center', anchorVert='center', antialias=True, autoDraw=False, autoLog=True, bold=False, color=array([1., 1., 1.]), colorSpace='rgb', contrast=1.0, depth=-1.0, draggable=False, flipHoriz=False, flipVert=False, font='Open Sans', fontFiles=[], height=0.05, italic=False, languageStyle='LTR', name='text1', opacity=1.0, ori=0.0, pos=array([-0.225,  0.08 ]), rgb=UNKNOWN, text='', units='norm', win=Window(...), wrapWidth=1)
9.8184 	EXP 	window1: mouseVisible = True
9.8193 	EXP 	Created text2 = TextStim(__class__=<class 'psychopy.visual.text.TextStim'>, alignHoriz=method-wrapper(...), alignText='center', alignVert=method-wrapper(...), anchorHoriz='center', anchorVert='center', antialias=True, autoDraw=False, autoLog=True, bold=False, color=array([1., 1., 1.]), colorSpace='rgb', contrast=1.0, depth=-2.0, draggable=False, flipHoriz=False, flipVert=False, font='Open Sans', fontFiles=[], height=0.05, italic=False, languageStyle='LTR', name='text2', opacity=1.0, ori=0.0, pos=array([-0.075,  0.08 ]), rgb=UNKNOWN, text='', units='norm', win=Window(...), wrapWidth=1)
9.8194 	EXP 	window1: mouseVisible = True
9.8203 	EXP 	Created text3 = TextStim(__class__=<class 'psychopy.visual.text.TextStim'>, alignHoriz=method-wrapper(...), alignText='center', alignVert=method-wrapper(...), anchorHoriz='center', anchorVert='center', antialias=True, autoDraw=False, autoLog=True, bold=False, color=array([1., 1., 1.]), colorSpace='rgb', contrast=1.0, depth=-3.0, draggable=False, flipHoriz=False, flipVert=False, font='Open Sans', fontFiles=[], height=0.05, italic=False, languageStyle='LTR', name='text3', opacity=1.0, ori=0.0, pos=array([0.075, 0.08 ]), rgb=UNKNOWN, text='', units='norm', win=Window(...), wrapWidth=1)
9.8203 	EXP 	window1: mouseVisible = True
9.8213 	EXP 	Created text4 = TextStim(__class__=<class 'psychopy.visual.text.TextStim'>, alignHoriz=method-wrapper(...), alignText='center', alignVert=method-wrapper(...), anchorHoriz='center', anchorVert='center', antialias=True, autoDraw=False, autoLog=True, bold=False, color=array([1., 1., 1.]), colorSpace='rgb', contrast=1.0, depth=-4.0, draggable=False, flipHoriz=False, flipVert=False, font='Open Sans', fontFiles=[], height=0.05, italic=False, languageStyle='LTR', name='text4', opacity=1.0, ori=0.0, pos=array([0.225, 0.08 ]), rgb=UNKNOWN, text='', units='norm', win=Window(...), wrapWidth=1)
9.8213 	EXP 	window1: mouseVisible = True
9.8223 	EXP 	Created text5 = TextStim(__class__=<class 'psychopy.visual.text.TextStim'>, alignHoriz=method-wrapper(...), alignText='center', alignVert=method-wrapper(...), anchorHoriz='center', anchorVert='center', antialias=True, autoDraw=False, autoLog=True, bold=False, color=array([1., 1., 1.]), colorSpace='rgb', contrast=1.0, depth=-5.0, draggable=False, flipHoriz=False, flipVert=False, font='Open Sans', fontFiles=[], height=0.05, italic=False, languageStyle='LTR', name='text5', opacity=1.0, ori=0.0, pos=array([-0.225, -0.08 ]), rgb=UNKNOWN, text='', units='norm', win=Window(...), wrapWidth=1)
9.8223 	EXP 	window1: mouseVisible = True
9.8233 	EXP 	Created text6 = TextStim(__class__=<class 'psychopy.visual.text.TextStim'>, alignHoriz=method-wrapper(...), alignText='center', alignVert=method-wrapper(...), anchorHoriz='center', anchorVert='center', antialias=True, autoDraw=False, autoLog=True, bold=False, color=array([1., 1., 1.]), colorSpace='rgb', contrast=1.0, depth=-6.0, draggable=False, flipHoriz=False, flipVert=False, font='Open Sans', fontFiles=[], height=0.05, italic=False, languageStyle='LTR', name='text6', opacity=1.0, ori=0.0, pos=array([-0.075, -0.08 ]), rgb=UNKNOWN, text='', units='norm', win=Window(...), wrapWidth=1)
9.8234 	EXP 	window1: mouseVisible = True
9.8244 	EXP 	Created text7 = TextStim(__class__=<class 'psychopy.visual.text.TextStim'>, alignHoriz=method-wrapper(...), alignText='center', alignVert=method-wrapper(...), anchorHoriz='center', anchorVert='center', antialias=True, autoDraw=False, autoLog=True, bold=False, color=array([1., 1., 1.]), colorSpace='rgb', contrast=1.0, depth=-7.0, draggable=False, flipHoriz=False, flipVert=False, font='Open Sans', fontFiles=[], height=0.05, italic=False, languageStyle='LTR', name='text7', opacity=1.0, ori=0.0, pos=array([ 0.075, -0.08 ]), rgb=UNKNOWN, text='', units='norm', win=Window(...), wrapWidth=1)
9.8244 	EXP 	window1: mouseVisible = True
9.8254 	EXP 	Created text8 = TextStim(__class__=<class 'psychopy.visual.text.TextStim'>, alignHoriz=method-wrapper(...), alignText='center', alignVert=method-wrapper(...), anchorHoriz='center', anchorVert='center', antialias=True, autoDraw=False, autoLog=True, bold=False, color=array([1., 1., 1.]), colorSpace='rgb', contrast=1.0, depth=-8.0, draggable=False, flipHoriz=False, flipVert=False, font='Open Sans', fontFiles=[], height=0.05, italic=False, languageStyle='LTR', name='text8', opacity=1.0, ori=0.0, pos=array([ 0.225, -0.08 ]), rgb=UNKNOWN, text='', units='norm', win=Window(...), wrapWidth=1)
9.8255 	EXP 	window1: mouseVisible = True
9.8264 	EXP 	Created num1 = TextStim(__class__=<class 'psychopy.visual.text.TextStim'>, alignHoriz=method-wrapper(...), alignText='center', alignVert=method-wrapper(...), anchorHoriz='center', anchorVert='center', antialias=True, autoDraw=False, autoLog=True, bold=False, color=array([1., 1., 1.]), colorSpace='rgb', contrast=1.0, depth=-10.0, draggable=False, flipHoriz=False, flipVert=False, font='Open Sans', fontFiles=[], height=0.1, italic=False, languageStyle='LTR', name='num1', opacity=1.0, ori=0.0, pos=array([-0.225,  0.24 ]), rgb=UNKNOWN, text='', units='norm', win=Window(...), wrapWidth=1)
9.8264 	EXP 	window1: mouseVisible = True
9.8274 	EXP 	Created num2 = TextStim(__class__=<class 'psychopy.visual.text.TextStim'>, alignHoriz=method-wrapper(...), alignText='center', alignVert=method-wrapper(...), anchorHoriz='center', anchorVert='center', antialias=True, autoDraw=False, autoLog=True, bold=False, color=array([1., 1., 1.]), colorSpace='rgb', contrast=1.0, depth=-11.0, draggable=False, flipHoriz=False, flipVert=False, font='Open Sans', fontFiles=[], height=0.1, italic=False, languageStyle='LTR', name='num2', opacity=1.0, ori=0.0, pos=array([-0.075,  0.24 ]), rgb=UNKNOWN, text='', units='norm', win=Window(...), wrapWidth=1)
9.8274 	EXP 	window1: mouseVisible = True
9.8285 	EXP 	Created num3 = TextStim(__class__=<class 'psychopy.visual.text.TextStim'>, alignHoriz=method-wrapper(...), alignText='center', alignVert=method-wrapper(...), anchorHoriz='center', anchorVert='center', antialias=True, autoDraw=False, autoLog=True, bold=False, color=array([1., 1., 1.]), colorSpace='rgb', contrast=1.0, depth=-12.0, draggable=False, flipHoriz=False, flipVert=False, font='Open Sans', fontFiles=[], height=0.1, italic=False, languageStyle='LTR', name='num3', opacity=1.0, ori=0.0, pos=array([0.075, 0.24 ]), rgb=UNKNOWN, text='', units='norm', win=Window(...), wrapWidth=1)
9.8286 	EXP 	window1: mouseVisible = True
9.8295 	EXP 	Created num4 = TextStim(__class__=<class 'psychopy.visual.text.TextStim'>, alignHoriz=method-wrapper(...), alignText='center', alignVert=method-wrapper(...), anchorHoriz='center', anchorVert='center', antialias=True, autoDraw=False, autoLog=True, bold=False, color=array([1., 1., 1.]), colorSpace='rgb', contrast=1.0, depth=-13.0, draggable=False, flipHoriz=False, flipVert=False, font='Open Sans', fontFiles=[], height=0.1, italic=False, languageStyle='LTR', name='num4', opacity=1.0, ori=0.0, pos=array([0.225, 0.24 ]), rgb=UNKNOWN, text='', units='norm', win=Window(...), wrapWidth=1)
9.8296 	EXP 	window1: mouseVisible = True
9.8313 	EXP 	Created fixCrossR = ShapeStim(__class__=<class 'psychopy.visual.shape.ShapeStim'>, anchor=('center', 'center'), autoDraw=False, autoLog=True, closeShape=True, color=method-wrapper(...), colorSpace='rgb', contrast=None, depth=0.0, draggable=False, fillColor=array([-1, -1, -1]), fillColorSpace='rgb', fillRGB=array([-1, -1, -1]), interpolate=True, lineColor=array([-1., -1., -1.]), lineColorSpace='rgb', lineRGB=array([-1, -1, -1]), lineWidth=1.0, name='fixCrossR', opacity=1.0, ori=0.0, pos=array([0., 0.]), size=array([0.02, 0.02]), units='height', vertices=ndarray(...), win=Window(...), windingRule=None)
9.8314 	EXP 	window1: mouseVisible = True
9.8327 	EXP 	Created text_total = TextStim(__class__=<class 'psychopy.visual.text.TextStim'>, alignHoriz=method-wrapper(...), alignText='center', alignVert=method-wrapper(...), anchorHoriz='center', anchorVert='center', antialias=True, autoDraw=False, autoLog=True, bold=False, color=array([1., 1., 1.]), colorSpace='rgb', contrast=1.0, depth=-1.0, draggable=False, flipHoriz=False, flipVert=False, font='Open Sans', fontFiles=[], height=0.05, italic=False, languageStyle='LTR', name='text_total', opacity=1.0, ori=0.0, pos=array([0., 0.]), rgb=UNKNOWN, text='', units='height', win=Window(...), wrapWidth=1)
9.8328 	EXP 	window1: mouseVisible = True
9.8340 	EXP 	Created text_acc = TextStim(__class__=<class 'psychopy.visual.text.TextStim'>, alignHoriz=method-wrapper(...), alignText='center', alignVert=method-wrapper(...), anchorHoriz='center', anchorVert='center', antialias=True, autoDraw=False, autoLog=True, bold=False, color=array([1., 1., 1.]), colorSpace='rgb', contrast=1.0, depth=-2.0, draggable=False, flipHoriz=False, flipVert=False, font='Open Sans', fontFiles=[], height=0.05, italic=False, languageStyle='LTR', name='text_acc', opacity=1.0, ori=0.0, pos=array([ 0. , -0.3]), rgb=UNKNOWN, text='', units='height', win=Window(...), wrapWidth=1)
0.0015 	DATA 	Mouse: Left button down, pos=(1309,209)
0.0023 	DATA 	Mouse:  Left button up, pos=(1309,209)
0.0119 	EXP 	Created sequence: random, trialTypes=1, nReps=0, seed=None
0.0275 	EXP 	text: autoDraw = True
0.1508 	DATA 	Mouse: Left button down, pos=(1205,381)
0.2634 	DATA 	Mouse:  Left button up, pos=(1205,381)
0.4137 	DATA 	Keypress: 5
0.4350 	EXP 	Imported participantData/s15/block_0/babySteps_s15.xlsx as conditions, 5 conditions, 14 params
0.4353 	EXP 	Created sequence: sequential, trialTypes=5, nReps=1, seed=None
0.4355 	EXP 	New trial (rep=0, index=0): {'category': 'car', 'orientation': 2, 'taskCue': 'stim//obj2.png', 'stimfile': 'stim//car2.png', 'resp1': 'Turtle', 'resp2': 'Horse', 'resp3': 'Car', 'resp4': 'Shoe', 'resp5': 'Full Left', 'resp6': 'Half Right', 'resp7': 'Half Left', 'resp8': 'Full Right', 'objFirst': True, 'interval': 2.475}
0.4441 	EXP 	text: autoDraw = False
0.4441 	EXP 	cue: image = 'stim//obj2.png'
0.4441 	EXP 	cue: autoDraw = True
1.4297 	EXP 	Created sequence: sequential, trialTypes=1, nReps=3, seed=None
1.4298 	EXP 	New trial (rep=0, index=0): None
1.6454 	EXP 	cue: autoDraw = False
1.6454 	EXP 	cue: autoDraw = False
1.6454 	EXP 	image: image = 'stim//car2.png'
1.6454 	EXP 	image: autoDraw = True
1.6454 	EXP 	fixCrossR_2: autoDraw = True
1.8957 	EXP 	image: autoDraw = False
1.8957 	EXP 	fixCrossR_2: autoDraw = False
1.8957 	EXP 	image: autoDraw = False
1.8957 	EXP 	fixCrossR_2: autoDraw = False
1.8957 	EXP 	fixCrossR_4: autoDraw = True
2.1301 	EXP 	New trial (rep=1, index=0): None
2.2627 	EXP 	fixCrossR_4: autoDraw = False
2.2627 	EXP 	fixCrossR_4: autoDraw = False
2.2627 	EXP 	image: image = 'stim//car2.png'
2.2627 	EXP 	image: autoDraw = True
2.2627 	EXP 	fixCrossR_2: autoDraw = True
2.5130 	EXP 	image: autoDraw = False
2.5130 	EXP 	fixCrossR_2: autoDraw = False
2.5130 	EXP 	image: autoDraw = False
2.5130 	EXP 	fixCrossR_2: autoDraw = False
2.5130 	EXP 	fixCrossR_4: autoDraw = True
2.7471 	EXP 	New trial (rep=2, index=0): None
2.9298 	EXP 	fixCrossR_4: autoDraw = False
2.9298 	EXP 	fixCrossR_4: autoDraw = False
2.9298 	EXP 	image: image = 'stim//car2.png'
2.9298 	EXP 	image: autoDraw = True
2.9298 	EXP 	fixCrossR_2: autoDraw = True
3.1804 	EXP 	image: autoDraw = False
3.1804 	EXP 	fixCrossR_2: autoDraw = False
3.1804 	EXP 	image: autoDraw = False
3.1804 	EXP 	fixCrossR_2: autoDraw = False
3.1804 	EXP 	fixCrossR_4: autoDraw = True
3.4970 	EXP 	fixCrossR_4: autoDraw = False
3.4970 	EXP 	fixCrossR_4: autoDraw = False
3.4970 	EXP 	fixCross_2: fillColor = <psychopy.colors.Color: black, alpha=1.0>
3.4970 	EXP 	fixCross_2: borderColor = <psychopy.colors.Color: black, alpha=1.0>
3.4970 	EXP 	text1_2: foreColor = <psychopy.colors.Color: white, alpha=1.0>
3.4970 	EXP 	text1_2: height = 0.05
3.4970 	EXP 	text1_2: height = 0.05
3.4970 	EXP 	text1_2: height = 0.05
3.4970 	EXP 	text1_2: text = 'Turtle'
3.4970 	EXP 	text2_2: foreColor = <psychopy.colors.Color: white, alpha=1.0>
3.4970 	EXP 	text2_2: height = 0.05
3.4970 	EXP 	text2_2: height = 0.05
3.4970 	EXP 	text2_2: height = 0.05
3.4970 	EXP 	text2_2: text = 'Horse'
3.4970 	EXP 	text3_2: foreColor = <psychopy.colors.Color: white, alpha=1.0>
3.4970 	EXP 	text3_2: height = 0.05
3.4970 	EXP 	text3_2: height = 0.05
3.4970 	EXP 	text3_2: height = 0.05
3.4970 	EXP 	text3_2: text = 'Car'
3.4970 	EXP 	text4_2: foreColor = <psychopy.colors.Color: white, alpha=1.0>
3.4970 	EXP 	text4_2: height = 0.05
3.4970 	EXP 	text4_2: height = 0.05
3.4970 	EXP 	text4_2: height = 0.05
3.4970 	EXP 	text4_2: text = 'Shoe'
3.4970 	EXP 	text5_2: foreColor = <psychopy.colors.Color: white, alpha=1.0>
3.4970 	EXP 	text5_2: height = 0.05
3.4970 	EXP 	text5_2: height = 0.05
3.4970 	EXP 	text5_2: height = 0.05
3.4970 	EXP 	text5_2: text = 'Full Left'
3.4970 	EXP 	text6_2: foreColor = <psychopy.colors.Color: white, alpha=1.0>
3.4970 	EXP 	text6_2: height = 0.05
3.4970 	EXP 	text6_2: height = 0.05
3.4970 	EXP 	text6_2: height = 0.05
3.4970 	EXP 	text6_2: text = 'Half Right'
3.4970 	EXP 	text7_2: foreColor = <psychopy.colors.Color: white, alpha=1.0>
3.4970 	EXP 	text7_2: height = 0.05
3.4970 	EXP 	text7_2: height = 0.05
3.4970 	EXP 	text7_2: height = 0.05
3.4970 	EXP 	text7_2: text = 'Half Left'
3.4970 	EXP 	text8_2: foreColor = <psychopy.colors.Color: white, alpha=1.0>
3.4970 	EXP 	text8_2: height = 0.05
3.4970 	EXP 	text8_2: height = 0.05
3.4970 	EXP 	text8_2: height = 0.05
3.4970 	EXP 	text8_2: text = 'Full Right'
3.4970 	EXP 	num1_2: foreColor = <psychopy.colors.Color: white, alpha=1.0>
3.4970 	EXP 	num1_2: height = 0.1
3.4970 	EXP 	num1_2: height = 0.1
3.4970 	EXP 	num1_2: height = 0.1
3.4970 	EXP 	num1_2: text = '1'
3.4970 	EXP 	num2_2: foreColor = <psychopy.colors.Color: white, alpha=1.0>
3.4970 	EXP 	num2_2: height = 0.1
3.4970 	EXP 	num2_2: height = 0.1
3.4970 	EXP 	num2_2: height = 0.1
3.4970 	EXP 	num2_2: text = '2'
3.4970 	EXP 	num3_2: foreColor = <psychopy.colors.Color: white, alpha=1.0>
3.4970 	EXP 	num3_2: height = 0.1
3.4970 	EXP 	num3_2: height = 0.1
3.4970 	EXP 	num3_2: height = 0.1
3.4970 	EXP 	num3_2: text = '3'
3.4970 	EXP 	num4_2: foreColor = <psychopy.colors.Color: white, alpha=1.0>
3.4970 	EXP 	num4_2: height = 0.1
3.4970 	EXP 	num4_2: height = 0.1
3.4970 	EXP 	num4_2: height = 0.1
3.4970 	EXP 	num4_2: text = '4'
3.4970 	EXP 	fixCross_2: autoDraw = True
3.4970 	EXP 	text1_2: autoDraw = True
3.4970 	EXP 	text2_2: autoDraw = True
3.4970 	EXP 	text3_2: autoDraw = True
3.4970 	EXP 	text4_2: autoDraw = True
3.4970 	EXP 	text5_2: autoDraw = True
3.4970 	EXP 	text6_2: autoDraw = True
3.4970 	EXP 	text7_2: autoDraw = True
3.4970 	EXP 	text8_2: autoDraw = True
3.4970 	EXP 	num1_2: autoDraw = True
3.4970 	EXP 	num2_2: autoDraw = True
3.4970 	EXP 	num3_2: autoDraw = True
3.4970 	EXP 	num4_2: autoDraw = True
3.9817 	DATA 	Keypress: 3
4.1673 	EXP 	window1: mouseVisible = True
