2.5288 	ERROR 	Support for the `sounddevice` audio backend is not available this session. Please install `psychopy-sounddevice` and restart the session to enable support.
15.0363 	WARNING 	User requested fullscreen with size [1536  864], but screen is actually [1920, 1080]. Using actual size
16.3270 	EXP 	Created window1 = Window(allowGUI=True, allowStencil=False, autoLog=True, backendConf=UNKNOWN, backgroundFit=<method-wrapper '__getattribute__' of attributeSetter object at 0x000002E361408BE0>, backgroundImage=<method-wrapper '__getattribute__' of attributeSetter object at 0x000002E361408B80>, bitsMode=UNKNOWN, blendMode='avg', bpc=(8, 8, 8), color=array([-0.4039, -0.4039, -0.4039]), colorSpace='rgb', depthBits=8, fullscr=<method-wrapper '__getattribute__' of attributeSetter object at 0x000002E3614089A0>, gamma=None, gammaErrorPolicy='raise', lms=UNKNOWN, monitor=<psychopy.monitors.calibTools.Monitor object at 0x000002E361948AF0>, multiSample=False, name='window1', numSamples=2, pos=(-1920, 0), screen=0, size=array([1920, 1080]), stencilBits=0, stereo=False, title='PsychoPy', units='height', useFBO=True, useRetina=False, viewOri=0.0, viewPos=None, viewScale=None, waitBlanking=True, winType='pyglet')
16.3271 	EXP 	window1: mouseVisible = True
16.3271 	EXP 	window1: backgroundImage = ''
16.3271 	EXP 	window1: backgroundFit = 'none'
16.3286 	EXP 	window1: Attempting to measure frame rate of screen (0) ...
16.3286 	EXP 	window1: recordFrameIntervals = False
16.4938 	EXP 	window1: recordFrameIntervals = True
16.6784 	EXP 	Screen (0) actual frame rate measured at 59.47Hz
16.6785 	EXP 	window1: recordFrameIntervals = False
16.6786 	EXP 	window1: mouseVisible = False
19.5749 	EXP 	pilotv2: status = STARTED
19.5751 	EXP 	window1: mouseVisible = True
19.5855 	EXP 	Created imageInstruct = ImageStim(__class__=<class 'psychopy.visual.image.ImageStim'>, anchor=('center', 'center'), autoLog=True, color=array([1., 1., 1.]), colorSpace='rgb', contrast=1.0, depth=0.0, draggable=False, flipHoriz=False, flipVert=False, image='default.png', interpolate=True, mask=None, maskParams=None, name='imageInstruct', opacity=1.0, ori=0.0, pos=array([0., 0.]), size=array([1.6    , 1.00736]), texRes=128.0, units='height', win=Window(...))
19.5858 	EXP 	window1: mouseVisible = True
19.5859 	EXP 	window1: mouseVisible = True
19.5863 	EXP 	window1: mouseVisible = True
19.5868 	EXP 	window1: mouseVisible = True
19.6006 	EXP 	window1: mouseVisible = True
19.6008 	EXP 	window1: mouseVisible = True
19.6012 	EXP 	window1: mouseVisible = True
19.6016 	EXP 	window1: mouseVisible = True
19.6144 	EXP 	window1: mouseVisible = True
19.6146 	EXP 	window1: mouseVisible = True
19.6147 	EXP 	window1: mouseVisible = True
19.6152 	EXP 	window1: mouseVisible = True
19.6156 	EXP 	window1: mouseVisible = True
19.6265 	EXP 	window1: mouseVisible = True
19.6267 	EXP 	window1: mouseVisible = True
19.6271 	EXP 	window1: mouseVisible = True
19.6275 	EXP 	window1: mouseVisible = True
19.6308 	EXP 	window1: mouseVisible = True
19.6310 	EXP 	window1: mouseVisible = True
19.8557 	EXP 	Created text_8 = TextStim(__class__=<class 'psychopy.visual.text.TextStim'>, alignHoriz=method-wrapper(...), alignText='center', alignVert=method-wrapper(...), anchorHoriz='center', anchorVert='center', antialias=True, autoDraw=False, autoLog=True, bold=False, color=array([1., 1., 1.]), colorSpace='rgb', contrast=1.0, depth=0.0, draggable=False, flipHoriz=False, flipVert=False, font='Open Sans', fontFiles=[], height=0.05, italic=False, languageStyle='LTR', name='text_8', opacity=1.0, ori=0.0, pos=array([0., 0.]), rgb=UNKNOWN, text=str(...), units='height', win=Window(...), wrapWidth=1)
19.8560 	EXP 	window1: mouseVisible = True
19.8561 	EXP 	window1: mouseVisible = True
19.8565 	EXP 	window1: mouseVisible = True
19.8570 	EXP 	window1: mouseVisible = True
19.8809 	EXP 	window1: mouseVisible = True
19.8811 	EXP 	window1: mouseVisible = True
19.8815 	EXP 	window1: mouseVisible = True
19.8819 	EXP 	window1: mouseVisible = True
19.8921 	EXP 	window1: mouseVisible = True
19.8923 	EXP 	window1: mouseVisible = True
19.8924 	EXP 	window1: mouseVisible = True
19.8929 	EXP 	window1: mouseVisible = True
19.8933 	EXP 	window1: mouseVisible = True
19.9018 	EXP 	window1: mouseVisible = True
19.9019 	EXP 	window1: mouseVisible = True
19.9024 	EXP 	window1: mouseVisible = True
19.9028 	EXP 	window1: mouseVisible = True
19.9062 	EXP 	window1: mouseVisible = True
19.9063 	EXP 	window1: mouseVisible = True
19.9157 	EXP 	Created image_17 = ImageStim(__class__=<class 'psychopy.visual.image.ImageStim'>, anchor=('center', 'center'), autoLog=True, color=array([1., 1., 1.]), colorSpace='rgb', contrast=1.0, depth=-3.0, draggable=False, flipHoriz=False, flipVert=False, image='stim/ori1.png', interpolate=True, mask=None, maskParams=None, name='image_17', opacity=1.0, ori=0.0, pos=array([0.  , 0.23]), size=array([0.15, 0.15]), texRes=128.0, units='height', win=Window(...))
19.9158 	EXP 	window1: mouseVisible = True
19.9200 	EXP 	Created text_9 = TextStim(__class__=<class 'psychopy.visual.text.TextStim'>, alignHoriz=method-wrapper(...), alignText='center', alignVert=method-wrapper(...), anchorHoriz='center', anchorVert='center', antialias=True, autoDraw=False, autoLog=True, bold=False, color=array([1., 1., 1.]), colorSpace='rgb', contrast=1.0, depth=0.0, draggable=False, flipHoriz=False, flipVert=False, font='Open Sans', fontFiles=[], height=0.05, italic=False, languageStyle='LTR', name='text_9', opacity=1.0, ori=0.0, pos=array([0., 0.]), rgb=UNKNOWN, text=str(...), units='height', win=Window(...), wrapWidth=1)
19.9202 	EXP 	window1: mouseVisible = True
19.9204 	EXP 	window1: mouseVisible = True
19.9208 	EXP 	window1: mouseVisible = True
19.9212 	EXP 	window1: mouseVisible = True
19.9251 	EXP 	window1: mouseVisible = True
19.9252 	EXP 	window1: mouseVisible = True
19.9256 	EXP 	window1: mouseVisible = True
19.9260 	EXP 	window1: mouseVisible = True
19.9294 	EXP 	window1: mouseVisible = True
19.9296 	EXP 	window1: mouseVisible = True
19.9298 	EXP 	window1: mouseVisible = True
19.9303 	EXP 	window1: mouseVisible = True
19.9307 	EXP 	window1: mouseVisible = True
19.9346 	EXP 	window1: mouseVisible = True
19.9347 	EXP 	window1: mouseVisible = True
19.9352 	EXP 	window1: mouseVisible = True
19.9356 	EXP 	window1: mouseVisible = True
19.9390 	EXP 	window1: mouseVisible = True
19.9390 	EXP 	window1: mouseVisible = True
19.9473 	EXP 	Created image_18 = ImageStim(__class__=<class 'psychopy.visual.image.ImageStim'>, anchor=('center', 'center'), autoLog=True, color=array([1., 1., 1.]), colorSpace='rgb', contrast=1.0, depth=-3.0, draggable=False, flipHoriz=False, flipVert=False, image='stim/obj2.png', interpolate=True, mask=None, maskParams=None, name='image_18', opacity=1.0, ori=0.0, pos=array([0.  , 0.23]), size=array([0.15, 0.15]), texRes=128.0, units='height', win=Window(...))
19.9475 	EXP 	window1: mouseVisible = True
19.9514 	EXP 	Created text_10 = TextStim(__class__=<class 'psychopy.visual.text.TextStim'>, alignHoriz=method-wrapper(...), alignText='center', alignVert=method-wrapper(...), anchorHoriz='center', anchorVert='center', antialias=True, autoDraw=False, autoLog=True, bold=False, color=array([1., 1., 1.]), colorSpace='rgb', contrast=1.0, depth=0.0, draggable=False, flipHoriz=False, flipVert=False, font='Open Sans', fontFiles=[], height=0.05, italic=False, languageStyle='LTR', name='text_10', opacity=1.0, ori=0.0, pos=array([0., 0.]), rgb=UNKNOWN, text=str(...), units='height', win=Window(...), wrapWidth=1)
19.9517 	EXP 	window1: mouseVisible = True
19.9518 	EXP 	window1: mouseVisible = True
19.9522 	EXP 	window1: mouseVisible = True
19.9526 	EXP 	window1: mouseVisible = True
19.9566 	EXP 	window1: mouseVisible = True
19.9568 	EXP 	window1: mouseVisible = True
19.9572 	EXP 	window1: mouseVisible = True
19.9576 	EXP 	window1: mouseVisible = True
19.9610 	EXP 	window1: mouseVisible = True
19.9612 	EXP 	window1: mouseVisible = True
19.9613 	EXP 	window1: mouseVisible = True
19.9617 	EXP 	window1: mouseVisible = True
19.9621 	EXP 	window1: mouseVisible = True
19.9660 	EXP 	window1: mouseVisible = True
19.9661 	EXP 	window1: mouseVisible = True
19.9665 	EXP 	window1: mouseVisible = True
19.9670 	EXP 	window1: mouseVisible = True
19.9703 	EXP 	window1: mouseVisible = True
19.9704 	EXP 	window1: mouseVisible = True
19.9792 	EXP 	Created image_19 = ImageStim(__class__=<class 'psychopy.visual.image.ImageStim'>, anchor=('center', 'center'), autoLog=True, color=array([1., 1., 1.]), colorSpace='rgb', contrast=1.0, depth=-3.0, draggable=False, flipHoriz=False, flipVert=False, image='stim/ori2.png', interpolate=True, mask=None, maskParams=None, name='image_19', opacity=1.0, ori=0.0, pos=array([0.  , 0.23]), size=array([0.15, 0.15]), texRes=128.0, units='height', win=Window(...))
19.9794 	EXP 	window1: mouseVisible = True
19.9835 	EXP 	Created text_11 = TextStim(__class__=<class 'psychopy.visual.text.TextStim'>, alignHoriz=method-wrapper(...), alignText='center', alignVert=method-wrapper(...), anchorHoriz='center', anchorVert='center', antialias=True, autoDraw=False, autoLog=True, bold=False, color=array([1., 1., 1.]), colorSpace='rgb', contrast=1.0, depth=0.0, draggable=False, flipHoriz=False, flipVert=False, font='Open Sans', fontFiles=[], height=0.05, italic=False, languageStyle='LTR', name='text_11', opacity=1.0, ori=0.0, pos=array([0., 0.]), rgb=UNKNOWN, text=str(...), units='height', win=Window(...), wrapWidth=1)
19.9837 	EXP 	window1: mouseVisible = True
19.9838 	EXP 	window1: mouseVisible = True
19.9843 	EXP 	window1: mouseVisible = True
19.9847 	EXP 	window1: mouseVisible = True
19.9887 	EXP 	window1: mouseVisible = True
19.9889 	EXP 	window1: mouseVisible = True
19.9893 	EXP 	window1: mouseVisible = True
19.9897 	EXP 	window1: mouseVisible = True
19.9932 	EXP 	window1: mouseVisible = True
19.9934 	EXP 	window1: mouseVisible = True
19.9935 	EXP 	window1: mouseVisible = True
19.9940 	EXP 	window1: mouseVisible = True
19.9944 	EXP 	window1: mouseVisible = True
19.9984 	EXP 	window1: mouseVisible = True
19.9985 	EXP 	window1: mouseVisible = True
19.9989 	EXP 	window1: mouseVisible = True
19.9994 	EXP 	window1: mouseVisible = True
20.0028 	EXP 	window1: mouseVisible = True
20.0029 	EXP 	window1: mouseVisible = True
20.0124 	EXP 	Created image_20 = ImageStim(__class__=<class 'psychopy.visual.image.ImageStim'>, anchor=('center', 'center'), autoLog=True, color=array([1., 1., 1.]), colorSpace='rgb', contrast=1.0, depth=-3.0, draggable=False, flipHoriz=False, flipVert=False, image='stim/obj1.png', interpolate=True, mask=None, maskParams=None, name='image_20', opacity=1.0, ori=0.0, pos=array([0.  , 0.23]), size=array([0.15, 0.15]), texRes=128.0, units='height', win=Window(...))
20.0125 	EXP 	window1: mouseVisible = True
20.0216 	EXP 	Created imageInstruct_2 = ImageStim(__class__=<class 'psychopy.visual.image.ImageStim'>, anchor=('center', 'center'), autoLog=True, color=array([1., 1., 1.]), colorSpace='rgb', contrast=1.0, depth=0.0, draggable=False, flipHoriz=False, flipVert=False, image='default.png', interpolate=True, mask=None, maskParams=None, name='imageInstruct_2', opacity=1.0, ori=0.0, pos=array([0., 0.]), size=array([1.6    , 1.00736]), texRes=128.0, units='height', win=Window(...))
20.0218 	EXP 	window1: mouseVisible = True
20.0219 	EXP 	window1: mouseVisible = True
20.0224 	EXP 	window1: mouseVisible = True
20.0228 	EXP 	window1: mouseVisible = True
20.0266 	EXP 	window1: mouseVisible = True
20.0267 	EXP 	window1: mouseVisible = True
20.0271 	EXP 	window1: mouseVisible = True
20.0275 	EXP 	window1: mouseVisible = True
20.0309 	EXP 	window1: mouseVisible = True
20.0311 	EXP 	window1: mouseVisible = True
20.0312 	EXP 	window1: mouseVisible = True
20.0317 	EXP 	window1: mouseVisible = True
20.0321 	EXP 	window1: mouseVisible = True
20.0358 	EXP 	window1: mouseVisible = True
20.0360 	EXP 	window1: mouseVisible = True
20.0364 	EXP 	window1: mouseVisible = True
20.0368 	EXP 	window1: mouseVisible = True
20.0402 	EXP 	window1: mouseVisible = True
20.0403 	EXP 	window1: mouseVisible = True
20.0495 	EXP 	Created text = TextStim(__class__=<class 'psychopy.visual.text.TextStim'>, alignHoriz=method-wrapper(...), alignText='center', alignVert=method-wrapper(...), anchorHoriz='center', anchorVert='center', antialias=True, autoDraw=False, autoLog=True, bold=False, color=array([1., 1., 1.]), colorSpace='rgb', contrast=1.0, depth=0.0, draggable=False, flipHoriz=False, flipVert=False, font='Open Sans', fontFiles=[], height=0.05, italic=False, languageStyle='LTR', name='text', opacity=1.0, ori=0.0, pos=array([0., 0.]), rgb=UNKNOWN, text='The experiment will begin soon. Get ready!', units='height', win=Window(...), wrapWidth=1)
20.0496 	EXP 	window1: mouseVisible = True
20.0591 	EXP 	Created cue = ImageStim(__class__=<class 'psychopy.visual.image.ImageStim'>, anchor=('center', 'center'), autoLog=True, color=array([1., 1., 1.]), colorSpace='rgb', contrast=1.0, depth=0.0, draggable=False, flipHoriz=False, flipVert=False, image='default.png', interpolate=True, mask=None, maskParams=None, name='cue', opacity=1.0, ori=0.0, pos=array([0., 0.]), size=array([0.15, 0.15]), texRes=128.0, units='height', win=Window(...))
20.0592 	EXP 	window1: mouseVisible = True
20.0611 	EXP 	Created fixCrossR_4 = ShapeStim(__class__=<class 'psychopy.visual.shape.ShapeStim'>, anchor=('center', 'center'), autoDraw=False, autoLog=True, closeShape=True, color=method-wrapper(...), colorSpace='rgb', contrast=None, depth=0.0, draggable=False, fillColor=array([-1, -1, -1]), fillColorSpace='rgb', fillRGB=array([-1, -1, -1]), interpolate=True, lineColor=array([-1., -1., -1.]), lineColorSpace='rgb', lineRGB=array([-1, -1, -1]), lineWidth=1.0, name='fixCrossR_4', opacity=1.0, ori=0.0, pos=array([0., 0.]), size=array([0.02, 0.02]), units='height', vertices=ndarray(...), win=Window(...), windingRule=None)
20.0612 	EXP 	window1: mouseVisible = True
20.0631 	EXP 	Created fixCross_2 = ShapeStim(__class__=<class 'psychopy.visual.shape.ShapeStim'>, anchor=('center', 'center'), autoDraw=False, autoLog=True, closeShape=True, color=method-wrapper(...), colorSpace='rgb', contrast=None, depth=0.0, draggable=False, fillColor=array([1, 1, 1]), fillColorSpace='rgb', fillRGB=array([1, 1, 1]), interpolate=True, lineColor=array([1., 1., 1.]), lineColorSpace='rgb', lineRGB=array([1, 1, 1]), lineWidth=1.0, name='fixCross_2', opacity=1.0, ori=0.0, pos=array([0., 0.]), size=array([0.02, 0.02]), units='height', vertices=ndarray(...), win=Window(...), windingRule=None)
20.0632 	EXP 	window1: mouseVisible = True
20.0651 	EXP 	Created text1_2 = TextStim(__class__=<class 'psychopy.visual.text.TextStim'>, alignHoriz=method-wrapper(...), alignText='center', alignVert=method-wrapper(...), anchorHoriz='center', anchorVert='center', antialias=True, autoDraw=False, autoLog=True, bold=False, color=array([1., 1., 1.]), colorSpace='rgb', contrast=1.0, depth=-1.0, draggable=False, flipHoriz=False, flipVert=False, font='Open Sans', fontFiles=[], height=0.05, italic=False, languageStyle='LTR', name='text1_2', opacity=1.0, ori=0.0, pos=array([-0.225,  0.08 ]), rgb=UNKNOWN, text='', units='norm', win=Window(...), wrapWidth=1)
20.0653 	EXP 	window1: mouseVisible = True
20.0663 	EXP 	Created text2_2 = TextStim(__class__=<class 'psychopy.visual.text.TextStim'>, alignHoriz=method-wrapper(...), alignText='center', alignVert=method-wrapper(...), anchorHoriz='center', anchorVert='center', antialias=True, autoDraw=False, autoLog=True, bold=False, color=array([1., 1., 1.]), colorSpace='rgb', contrast=1.0, depth=-2.0, draggable=False, flipHoriz=False, flipVert=False, font='Open Sans', fontFiles=[], height=0.05, italic=False, languageStyle='LTR', name='text2_2', opacity=1.0, ori=0.0, pos=array([-0.075,  0.08 ]), rgb=UNKNOWN, text='', units='norm', win=Window(...), wrapWidth=1)
20.0664 	EXP 	window1: mouseVisible = True
20.0674 	EXP 	Created text3_2 = TextStim(__class__=<class 'psychopy.visual.text.TextStim'>, alignHoriz=method-wrapper(...), alignText='center', alignVert=method-wrapper(...), anchorHoriz='center', anchorVert='center', antialias=True, autoDraw=False, autoLog=True, bold=False, color=array([1., 1., 1.]), colorSpace='rgb', contrast=1.0, depth=-3.0, draggable=False, flipHoriz=False, flipVert=False, font='Open Sans', fontFiles=[], height=0.05, italic=False, languageStyle='LTR', name='text3_2', opacity=1.0, ori=0.0, pos=array([0.075, 0.08 ]), rgb=UNKNOWN, text='', units='norm', win=Window(...), wrapWidth=1)
20.0675 	EXP 	window1: mouseVisible = True
20.0685 	EXP 	Created text4_2 = TextStim(__class__=<class 'psychopy.visual.text.TextStim'>, alignHoriz=method-wrapper(...), alignText='center', alignVert=method-wrapper(...), anchorHoriz='center', anchorVert='center', antialias=True, autoDraw=False, autoLog=True, bold=False, color=array([1., 1., 1.]), colorSpace='rgb', contrast=1.0, depth=-4.0, draggable=False, flipHoriz=False, flipVert=False, font='Open Sans', fontFiles=[], height=0.05, italic=False, languageStyle='LTR', name='text4_2', opacity=1.0, ori=0.0, pos=array([0.225, 0.08 ]), rgb=UNKNOWN, text='', units='norm', win=Window(...), wrapWidth=1)
20.0686 	EXP 	window1: mouseVisible = True
20.0696 	EXP 	Created text5_2 = TextStim(__class__=<class 'psychopy.visual.text.TextStim'>, alignHoriz=method-wrapper(...), alignText='center', alignVert=method-wrapper(...), anchorHoriz='center', anchorVert='center', antialias=True, autoDraw=False, autoLog=True, bold=False, color=array([1., 1., 1.]), colorSpace='rgb', contrast=1.0, depth=-5.0, draggable=False, flipHoriz=False, flipVert=False, font='Open Sans', fontFiles=[], height=0.05, italic=False, languageStyle='LTR', name='text5_2', opacity=1.0, ori=0.0, pos=array([-0.225, -0.08 ]), rgb=UNKNOWN, text='', units='norm', win=Window(...), wrapWidth=1)
20.0697 	EXP 	window1: mouseVisible = True
20.0707 	EXP 	Created text6_2 = TextStim(__class__=<class 'psychopy.visual.text.TextStim'>, alignHoriz=method-wrapper(...), alignText='center', alignVert=method-wrapper(...), anchorHoriz='center', anchorVert='center', antialias=True, autoDraw=False, autoLog=True, bold=False, color=array([1., 1., 1.]), colorSpace='rgb', contrast=1.0, depth=-6.0, draggable=False, flipHoriz=False, flipVert=False, font='Open Sans', fontFiles=[], height=0.05, italic=False, languageStyle='LTR', name='text6_2', opacity=1.0, ori=0.0, pos=array([-0.075, -0.08 ]), rgb=UNKNOWN, text='', units='norm', win=Window(...), wrapWidth=1)
20.0707 	EXP 	window1: mouseVisible = True
20.0717 	EXP 	Created text7_2 = TextStim(__class__=<class 'psychopy.visual.text.TextStim'>, alignHoriz=method-wrapper(...), alignText='center', alignVert=method-wrapper(...), anchorHoriz='center', anchorVert='center', antialias=True, autoDraw=False, autoLog=True, bold=False, color=array([1., 1., 1.]), colorSpace='rgb', contrast=1.0, depth=-7.0, draggable=False, flipHoriz=False, flipVert=False, font='Open Sans', fontFiles=[], height=0.05, italic=False, languageStyle='LTR', name='text7_2', opacity=1.0, ori=0.0, pos=array([ 0.075, -0.08 ]), rgb=UNKNOWN, text='', units='norm', win=Window(...), wrapWidth=1)
20.0718 	EXP 	window1: mouseVisible = True
20.0728 	EXP 	Created text8_2 = TextStim(__class__=<class 'psychopy.visual.text.TextStim'>, alignHoriz=method-wrapper(...), alignText='center', alignVert=method-wrapper(...), anchorHoriz='center', anchorVert='center', antialias=True, autoDraw=False, autoLog=True, bold=False, color=array([1., 1., 1.]), colorSpace='rgb', contrast=1.0, depth=-8.0, draggable=False, flipHoriz=False, flipVert=False, font='Open Sans', fontFiles=[], height=0.05, italic=False, languageStyle='LTR', name='text8_2', opacity=1.0, ori=0.0, pos=array([ 0.225, -0.08 ]), rgb=UNKNOWN, text='', units='norm', win=Window(...), wrapWidth=1)
20.0729 	EXP 	window1: mouseVisible = True
20.0739 	EXP 	Created num1_2 = TextStim(__class__=<class 'psychopy.visual.text.TextStim'>, alignHoriz=method-wrapper(...), alignText='center', alignVert=method-wrapper(...), anchorHoriz='center', anchorVert='center', antialias=True, autoDraw=False, autoLog=True, bold=False, color=array([1., 1., 1.]), colorSpace='rgb', contrast=1.0, depth=-10.0, draggable=False, flipHoriz=False, flipVert=False, font='Open Sans', fontFiles=[], height=0.1, italic=False, languageStyle='LTR', name='num1_2', opacity=1.0, ori=0.0, pos=array([-0.225,  0.24 ]), rgb=UNKNOWN, text='', units='norm', win=Window(...), wrapWidth=1)
20.0740 	EXP 	window1: mouseVisible = True
20.0750 	EXP 	Created num2_2 = TextStim(__class__=<class 'psychopy.visual.text.TextStim'>, alignHoriz=method-wrapper(...), alignText='center', alignVert=method-wrapper(...), anchorHoriz='center', anchorVert='center', antialias=True, autoDraw=False, autoLog=True, bold=False, color=array([1., 1., 1.]), colorSpace='rgb', contrast=1.0, depth=-11.0, draggable=False, flipHoriz=False, flipVert=False, font='Open Sans', fontFiles=[], height=0.1, italic=False, languageStyle='LTR', name='num2_2', opacity=1.0, ori=0.0, pos=array([-0.075,  0.24 ]), rgb=UNKNOWN, text='', units='norm', win=Window(...), wrapWidth=1)
20.0750 	EXP 	window1: mouseVisible = True
20.0760 	EXP 	Created num3_2 = TextStim(__class__=<class 'psychopy.visual.text.TextStim'>, alignHoriz=method-wrapper(...), alignText='center', alignVert=method-wrapper(...), anchorHoriz='center', anchorVert='center', antialias=True, autoDraw=False, autoLog=True, bold=False, color=array([1., 1., 1.]), colorSpace='rgb', contrast=1.0, depth=-12.0, draggable=False, flipHoriz=False, flipVert=False, font='Open Sans', fontFiles=[], height=0.1, italic=False, languageStyle='LTR', name='num3_2', opacity=1.0, ori=0.0, pos=array([0.075, 0.24 ]), rgb=UNKNOWN, text='', units='norm', win=Window(...), wrapWidth=1)
20.0761 	EXP 	window1: mouseVisible = True
20.0771 	EXP 	Created num4_2 = TextStim(__class__=<class 'psychopy.visual.text.TextStim'>, alignHoriz=method-wrapper(...), alignText='center', alignVert=method-wrapper(...), anchorHoriz='center', anchorVert='center', antialias=True, autoDraw=False, autoLog=True, bold=False, color=array([1., 1., 1.]), colorSpace='rgb', contrast=1.0, depth=-13.0, draggable=False, flipHoriz=False, flipVert=False, font='Open Sans', fontFiles=[], height=0.1, italic=False, languageStyle='LTR', name='num4_2', opacity=1.0, ori=0.0, pos=array([0.225, 0.24 ]), rgb=UNKNOWN, text='', units='norm', win=Window(...), wrapWidth=1)
20.0772 	EXP 	window1: mouseVisible = True
20.0863 	EXP 	Created cue = ImageStim(__class__=<class 'psychopy.visual.image.ImageStim'>, anchor=('center', 'center'), autoLog=True, color=array([1., 1., 1.]), colorSpace='rgb', contrast=1.0, depth=0.0, draggable=False, flipHoriz=False, flipVert=False, image='default.png', interpolate=True, mask=None, maskParams=None, name='cue', opacity=1.0, ori=0.0, pos=array([0., 0.]), size=array([0.15, 0.15]), texRes=128.0, units='height', win=Window(...))
20.0864 	EXP 	window1: mouseVisible = True
20.0952 	EXP 	Created image = ImageStim(__class__=<class 'psychopy.visual.image.ImageStim'>, anchor=('center', 'center'), autoLog=True, color=array([1., 1., 1.]), colorSpace='rgb', contrast=1.0, depth=0.0, draggable=False, flipHoriz=False, flipVert=False, image='default.png', interpolate=True, mask=None, maskParams=None, name='image', opacity=1.0, ori=0.0, pos=array([0., 0.]), size=array([0.5, 0.5]), texRes=128.0, units='height', win=Window(...))
20.0953 	EXP 	window1: mouseVisible = True
20.0971 	EXP 	Created fixCrossR_2 = ShapeStim(__class__=<class 'psychopy.visual.shape.ShapeStim'>, anchor=('center', 'center'), autoDraw=False, autoLog=True, closeShape=True, color=method-wrapper(...), colorSpace='rgb', contrast=None, depth=-1.0, draggable=False, fillColor=array([-1, -1, -1]), fillColorSpace='rgb', fillRGB=array([-1, -1, -1]), interpolate=True, lineColor=array([-1., -1., -1.]), lineColorSpace='rgb', lineRGB=array([-1, -1, -1]), lineWidth=1.0, name='fixCrossR_2', opacity=1.0, ori=0.0, pos=array([0., 0.]), size=array([0.02, 0.02]), units='height', vertices=ndarray(...), win=Window(...), windingRule=None)
20.0972 	EXP 	window1: mouseVisible = True
20.0989 	EXP 	Created fixCrossR_4 = ShapeStim(__class__=<class 'psychopy.visual.shape.ShapeStim'>, anchor=('center', 'center'), autoDraw=False, autoLog=True, closeShape=True, color=method-wrapper(...), colorSpace='rgb', contrast=None, depth=0.0, draggable=False, fillColor=array([-1, -1, -1]), fillColorSpace='rgb', fillRGB=array([-1, -1, -1]), interpolate=True, lineColor=array([-1., -1., -1.]), lineColorSpace='rgb', lineRGB=array([-1, -1, -1]), lineWidth=1.0, name='fixCrossR_4', opacity=1.0, ori=0.0, pos=array([0., 0.]), size=array([0.02, 0.02]), units='height', vertices=ndarray(...), win=Window(...), windingRule=None)
20.0990 	EXP 	window1: mouseVisible = True
20.1009 	EXP 	Created fixCross = ShapeStim(__class__=<class 'psychopy.visual.shape.ShapeStim'>, anchor=('center', 'center'), autoDraw=False, autoLog=True, closeShape=True, color=method-wrapper(...), colorSpace='rgb', contrast=None, depth=0.0, draggable=False, fillColor=array([1, 1, 1]), fillColorSpace='rgb', fillRGB=array([1, 1, 1]), interpolate=True, lineColor=array([1., 1., 1.]), lineColorSpace='rgb', lineRGB=array([1, 1, 1]), lineWidth=1.0, name='fixCross', opacity=1.0, ori=0.0, pos=array([0., 0.]), size=array([0.02, 0.02]), units='height', vertices=ndarray(...), win=Window(...), windingRule=None)
20.1010 	EXP 	window1: mouseVisible = True
20.1020 	EXP 	Created text1 = TextStim(__class__=<class 'psychopy.visual.text.TextStim'>, alignHoriz=method-wrapper(...), alignText='center', alignVert=method-wrapper(...), anchorHoriz='center', anchorVert='center', antialias=True, autoDraw=False, autoLog=True, bold=False, color=array([1., 1., 1.]), colorSpace='rgb', contrast=1.0, depth=-1.0, draggable=False, flipHoriz=False, flipVert=False, font='Open Sans', fontFiles=[], height=0.05, italic=False, languageStyle='LTR', name='text1', opacity=1.0, ori=0.0, pos=array([-0.225,  0.08 ]), rgb=UNKNOWN, text='', units='norm', win=Window(...), wrapWidth=1)
20.1021 	EXP 	window1: mouseVisible = True
20.1031 	EXP 	Created text2 = TextStim(__class__=<class 'psychopy.visual.text.TextStim'>, alignHoriz=method-wrapper(...), alignText='center', alignVert=method-wrapper(...), anchorHoriz='center', anchorVert='center', antialias=True, autoDraw=False, autoLog=True, bold=False, color=array([1., 1., 1.]), colorSpace='rgb', contrast=1.0, depth=-2.0, draggable=False, flipHoriz=False, flipVert=False, font='Open Sans', fontFiles=[], height=0.05, italic=False, languageStyle='LTR', name='text2', opacity=1.0, ori=0.0, pos=array([-0.075,  0.08 ]), rgb=UNKNOWN, text='', units='norm', win=Window(...), wrapWidth=1)
20.1032 	EXP 	window1: mouseVisible = True
20.1042 	EXP 	Created text3 = TextStim(__class__=<class 'psychopy.visual.text.TextStim'>, alignHoriz=method-wrapper(...), alignText='center', alignVert=method-wrapper(...), anchorHoriz='center', anchorVert='center', antialias=True, autoDraw=False, autoLog=True, bold=False, color=array([1., 1., 1.]), colorSpace='rgb', contrast=1.0, depth=-3.0, draggable=False, flipHoriz=False, flipVert=False, font='Open Sans', fontFiles=[], height=0.05, italic=False, languageStyle='LTR', name='text3', opacity=1.0, ori=0.0, pos=array([0.075, 0.08 ]), rgb=UNKNOWN, text='', units='norm', win=Window(...), wrapWidth=1)
20.1043 	EXP 	window1: mouseVisible = True
20.1053 	EXP 	Created text4 = TextStim(__class__=<class 'psychopy.visual.text.TextStim'>, alignHoriz=method-wrapper(...), alignText='center', alignVert=method-wrapper(...), anchorHoriz='center', anchorVert='center', antialias=True, autoDraw=False, autoLog=True, bold=False, color=array([1., 1., 1.]), colorSpace='rgb', contrast=1.0, depth=-4.0, draggable=False, flipHoriz=False, flipVert=False, font='Open Sans', fontFiles=[], height=0.05, italic=False, languageStyle='LTR', name='text4', opacity=1.0, ori=0.0, pos=array([0.225, 0.08 ]), rgb=UNKNOWN, text='', units='norm', win=Window(...), wrapWidth=1)
20.1053 	EXP 	window1: mouseVisible = True
20.1064 	EXP 	Created text5 = TextStim(__class__=<class 'psychopy.visual.text.TextStim'>, alignHoriz=method-wrapper(...), alignText='center', alignVert=method-wrapper(...), anchorHoriz='center', anchorVert='center', antialias=True, autoDraw=False, autoLog=True, bold=False, color=array([1., 1., 1.]), colorSpace='rgb', contrast=1.0, depth=-5.0, draggable=False, flipHoriz=False, flipVert=False, font='Open Sans', fontFiles=[], height=0.05, italic=False, languageStyle='LTR', name='text5', opacity=1.0, ori=0.0, pos=array([-0.225, -0.08 ]), rgb=UNKNOWN, text='', units='norm', win=Window(...), wrapWidth=1)
20.1064 	EXP 	window1: mouseVisible = True
20.1074 	EXP 	Created text6 = TextStim(__class__=<class 'psychopy.visual.text.TextStim'>, alignHoriz=method-wrapper(...), alignText='center', alignVert=method-wrapper(...), anchorHoriz='center', anchorVert='center', antialias=True, autoDraw=False, autoLog=True, bold=False, color=array([1., 1., 1.]), colorSpace='rgb', contrast=1.0, depth=-6.0, draggable=False, flipHoriz=False, flipVert=False, font='Open Sans', fontFiles=[], height=0.05, italic=False, languageStyle='LTR', name='text6', opacity=1.0, ori=0.0, pos=array([-0.075, -0.08 ]), rgb=UNKNOWN, text='', units='norm', win=Window(...), wrapWidth=1)
20.1075 	EXP 	window1: mouseVisible = True
20.1085 	EXP 	Created text7 = TextStim(__class__=<class 'psychopy.visual.text.TextStim'>, alignHoriz=method-wrapper(...), alignText='center', alignVert=method-wrapper(...), anchorHoriz='center', anchorVert='center', antialias=True, autoDraw=False, autoLog=True, bold=False, color=array([1., 1., 1.]), colorSpace='rgb', contrast=1.0, depth=-7.0, draggable=False, flipHoriz=False, flipVert=False, font='Open Sans', fontFiles=[], height=0.05, italic=False, languageStyle='LTR', name='text7', opacity=1.0, ori=0.0, pos=array([ 0.075, -0.08 ]), rgb=UNKNOWN, text='', units='norm', win=Window(...), wrapWidth=1)
20.1085 	EXP 	window1: mouseVisible = True
20.1095 	EXP 	Created text8 = TextStim(__class__=<class 'psychopy.visual.text.TextStim'>, alignHoriz=method-wrapper(...), alignText='center', alignVert=method-wrapper(...), anchorHoriz='center', anchorVert='center', antialias=True, autoDraw=False, autoLog=True, bold=False, color=array([1., 1., 1.]), colorSpace='rgb', contrast=1.0, depth=-8.0, draggable=False, flipHoriz=False, flipVert=False, font='Open Sans', fontFiles=[], height=0.05, italic=False, languageStyle='LTR', name='text8', opacity=1.0, ori=0.0, pos=array([ 0.225, -0.08 ]), rgb=UNKNOWN, text='', units='norm', win=Window(...), wrapWidth=1)
20.1096 	EXP 	window1: mouseVisible = True
20.1106 	EXP 	Created num1 = TextStim(__class__=<class 'psychopy.visual.text.TextStim'>, alignHoriz=method-wrapper(...), alignText='center', alignVert=method-wrapper(...), anchorHoriz='center', anchorVert='center', antialias=True, autoDraw=False, autoLog=True, bold=False, color=array([1., 1., 1.]), colorSpace='rgb', contrast=1.0, depth=-10.0, draggable=False, flipHoriz=False, flipVert=False, font='Open Sans', fontFiles=[], height=0.1, italic=False, languageStyle='LTR', name='num1', opacity=1.0, ori=0.0, pos=array([-0.225,  0.24 ]), rgb=UNKNOWN, text='', units='norm', win=Window(...), wrapWidth=1)
20.1107 	EXP 	window1: mouseVisible = True
20.1117 	EXP 	Created num2 = TextStim(__class__=<class 'psychopy.visual.text.TextStim'>, alignHoriz=method-wrapper(...), alignText='center', alignVert=method-wrapper(...), anchorHoriz='center', anchorVert='center', antialias=True, autoDraw=False, autoLog=True, bold=False, color=array([1., 1., 1.]), colorSpace='rgb', contrast=1.0, depth=-11.0, draggable=False, flipHoriz=False, flipVert=False, font='Open Sans', fontFiles=[], height=0.1, italic=False, languageStyle='LTR', name='num2', opacity=1.0, ori=0.0, pos=array([-0.075,  0.24 ]), rgb=UNKNOWN, text='', units='norm', win=Window(...), wrapWidth=1)
20.1118 	EXP 	window1: mouseVisible = True
20.1128 	EXP 	Created num3 = TextStim(__class__=<class 'psychopy.visual.text.TextStim'>, alignHoriz=method-wrapper(...), alignText='center', alignVert=method-wrapper(...), anchorHoriz='center', anchorVert='center', antialias=True, autoDraw=False, autoLog=True, bold=False, color=array([1., 1., 1.]), colorSpace='rgb', contrast=1.0, depth=-12.0, draggable=False, flipHoriz=False, flipVert=False, font='Open Sans', fontFiles=[], height=0.1, italic=False, languageStyle='LTR', name='num3', opacity=1.0, ori=0.0, pos=array([0.075, 0.24 ]), rgb=UNKNOWN, text='', units='norm', win=Window(...), wrapWidth=1)
20.1129 	EXP 	window1: mouseVisible = True
20.1139 	EXP 	Created num4 = TextStim(__class__=<class 'psychopy.visual.text.TextStim'>, alignHoriz=method-wrapper(...), alignText='center', alignVert=method-wrapper(...), anchorHoriz='center', anchorVert='center', antialias=True, autoDraw=False, autoLog=True, bold=False, color=array([1., 1., 1.]), colorSpace='rgb', contrast=1.0, depth=-13.0, draggable=False, flipHoriz=False, flipVert=False, font='Open Sans', fontFiles=[], height=0.1, italic=False, languageStyle='LTR', name='num4', opacity=1.0, ori=0.0, pos=array([0.225, 0.24 ]), rgb=UNKNOWN, text='', units='norm', win=Window(...), wrapWidth=1)
20.1140 	EXP 	window1: mouseVisible = True
20.1159 	EXP 	Created fixCrossR = ShapeStim(__class__=<class 'psychopy.visual.shape.ShapeStim'>, anchor=('center', 'center'), autoDraw=False, autoLog=True, closeShape=True, color=method-wrapper(...), colorSpace='rgb', contrast=None, depth=0.0, draggable=False, fillColor=array([-1, -1, -1]), fillColorSpace='rgb', fillRGB=array([-1, -1, -1]), interpolate=True, lineColor=array([-1., -1., -1.]), lineColorSpace='rgb', lineRGB=array([-1, -1, -1]), lineWidth=1.0, name='fixCrossR', opacity=1.0, ori=0.0, pos=array([0., 0.]), size=array([0.02, 0.02]), units='height', vertices=ndarray(...), win=Window(...), windingRule=None)
20.1161 	EXP 	window1: mouseVisible = True
20.1173 	EXP 	Created text_total = TextStim(__class__=<class 'psychopy.visual.text.TextStim'>, alignHoriz=method-wrapper(...), alignText='center', alignVert=method-wrapper(...), anchorHoriz='center', anchorVert='center', antialias=True, autoDraw=False, autoLog=True, bold=False, color=array([1., 1., 1.]), colorSpace='rgb', contrast=1.0, depth=-1.0, draggable=False, flipHoriz=False, flipVert=False, font='Open Sans', fontFiles=[], height=0.05, italic=False, languageStyle='LTR', name='text_total', opacity=1.0, ori=0.0, pos=array([0., 0.]), rgb=UNKNOWN, text='', units='height', win=Window(...), wrapWidth=1)
20.1174 	EXP 	window1: mouseVisible = True
20.1187 	EXP 	Created text_acc = TextStim(__class__=<class 'psychopy.visual.text.TextStim'>, alignHoriz=method-wrapper(...), alignText='center', alignVert=method-wrapper(...), anchorHoriz='center', anchorVert='center', antialias=True, autoDraw=False, autoLog=True, bold=False, color=array([1., 1., 1.]), colorSpace='rgb', contrast=1.0, depth=-2.0, draggable=False, flipHoriz=False, flipVert=False, font='Open Sans', fontFiles=[], height=0.05, italic=False, languageStyle='LTR', name='text_acc', opacity=1.0, ori=0.0, pos=array([ 0. , -0.3]), rgb=UNKNOWN, text='', units='height', win=Window(...), wrapWidth=1)
0.0119 	EXP 	Created sequence: random, trialTypes=1, nReps=1, seed=None
0.0121 	EXP 	New trial (rep=0, index=0): None
0.0208 	EXP 	Created sequence: random, trialTypes=1, nReps=999, seed=None
0.0235 	EXP 	New trial (rep=0, index=0): None
0.0354 	EXP 	Imported instructions/Instructions_doc.xlsx as conditions, 1 conditions, 1 params
0.0357 	EXP 	Created sequence: sequential, trialTypes=1, nReps=1, seed=None
0.0358 	EXP 	New trial (rep=0, index=0): {'InstructionsFilepath': 'instructions//slide1.png'}
0.1438 	EXP 	imageInstruct: image = 'instructions//slide1.png'
0.1438 	EXP 	imageInstruct: autoDraw = True
4.0331 	DATA 	Mouse: Left button down, pos=(1738,72)
4.0643 	EXP 	New trial (rep=1, index=0): None
4.0684 	EXP 	Imported instructions/Instructions_doc.xlsx as conditions, 1 conditions, 1 params
4.0687 	EXP 	Created sequence: sequential, trialTypes=1, nReps=1, seed=None
4.0689 	EXP 	New trial (rep=0, index=0): {'InstructionsFilepath': 'instructions//slide2.png'}
4.1450 	DATA 	Mouse:  Left button up, pos=(1738,72)
4.1640 	EXP 	imageInstruct: autoDraw = False
4.1640 	EXP 	imageInstruct: image = 'instructions//slide2.png'
4.1640 	EXP 	imageInstruct: autoDraw = True
4.2175 	DATA 	Mouse: Left button down, pos=(1743,72)
4.2590 	EXP 	New trial (rep=2, index=0): None
4.2633 	EXP 	Imported instructions/Instructions_doc.xlsx as conditions, 1 conditions, 1 params
4.2636 	EXP 	Created sequence: sequential, trialTypes=1, nReps=1, seed=None
4.2638 	EXP 	New trial (rep=0, index=0): {'InstructionsFilepath': 'instructions//slide3.png'}
4.3639 	DATA 	Mouse:  Left button up, pos=(1743,72)
4.3804 	EXP 	imageInstruct: autoDraw = False
4.3804 	EXP 	imageInstruct: image = 'instructions//slide3.png'
4.3804 	EXP 	imageInstruct: autoDraw = True
4.4027 	DATA 	Mouse: Left button down, pos=(1742,73)
4.4470 	EXP 	New trial (rep=3, index=0): None
4.4516 	EXP 	Imported instructions/Instructions_doc.xlsx as conditions, 1 conditions, 1 params
4.4520 	EXP 	Created sequence: sequential, trialTypes=1, nReps=1, seed=None
4.4521 	EXP 	New trial (rep=0, index=0): {'InstructionsFilepath': 'instructions//slide4.png'}
4.5473 	DATA 	Mouse:  Left button up, pos=(1742,73)
4.5639 	EXP 	imageInstruct: autoDraw = False
4.5639 	EXP 	imageInstruct: image = 'instructions//slide4.png'
4.5639 	EXP 	imageInstruct: autoDraw = True
4.9155 	DATA 	Mouse: Left button down, pos=(1742,73)
4.9511 	EXP 	New trial (rep=4, index=0): None
4.9550 	EXP 	Imported instructions/Instructions_doc.xlsx as conditions, 1 conditions, 1 params
4.9553 	EXP 	Created sequence: sequential, trialTypes=1, nReps=1, seed=None
4.9555 	EXP 	New trial (rep=0, index=0): {'InstructionsFilepath': 'instructions//slide5.png'}
5.0321 	DATA 	Mouse:  Left button up, pos=(1742,73)
5.0475 	EXP 	imageInstruct: autoDraw = False
5.0475 	EXP 	imageInstruct: image = 'instructions//slide5.png'
5.0475 	EXP 	imageInstruct: autoDraw = True
5.3364 	DATA 	Mouse: Left button down, pos=(1742,73)
5.3970 	EXP 	New trial (rep=5, index=0): None
5.4018 	EXP 	Imported instructions/Instructions_doc.xlsx as conditions, 1 conditions, 1 params
5.4021 	EXP 	Created sequence: sequential, trialTypes=1, nReps=1, seed=None
5.4022 	EXP 	New trial (rep=0, index=0): {'InstructionsFilepath': 'instructions//slide6.png'}
5.4796 	DATA 	Mouse:  Left button up, pos=(1742,73)
5.4984 	EXP 	imageInstruct: autoDraw = False
5.4984 	EXP 	imageInstruct: image = 'instructions//slide6.png'
5.4984 	EXP 	imageInstruct: autoDraw = True
5.9498 	DATA 	Mouse: Left button down, pos=(1742,73)
5.9922 	EXP 	New trial (rep=6, index=0): None
5.9966 	EXP 	Imported instructions/Instructions_doc.xlsx as conditions, 1 conditions, 1 params
5.9969 	EXP 	Created sequence: sequential, trialTypes=1, nReps=0, seed=None
6.0656 	DATA 	Mouse:  Left button up, pos=(1742,73)
6.0820 	EXP 	imageInstruct: autoDraw = False
6.0820 	EXP 	text_8: autoDraw = True
6.0820 	EXP 	image_17: autoDraw = True
6.2159 	DATA 	Mouse: Left button down, pos=(1742,73)
6.3164 	DATA 	Mouse:  Left button up, pos=(1742,73)
6.8171 	DATA 	Mouse: Left button down, pos=(1214,380)
6.8327 	EXP 	text_8: autoDraw = False
6.8327 	EXP 	image_17: autoDraw = False
6.8327 	EXP 	text_9: autoDraw = True
6.8327 	EXP 	image_18: autoDraw = True
6.8878 	DATA 	Mouse:  Left button up, pos=(1214,380)
7.4335 	DATA 	Mouse: Left button down, pos=(840,387)
7.4496 	EXP 	text_9: autoDraw = False
7.4496 	EXP 	image_18: autoDraw = False
7.4496 	EXP 	text_10: autoDraw = True
7.4496 	EXP 	image_19: autoDraw = True
7.5168 	DATA 	Mouse:  Left button up, pos=(840,387)
7.8011 	DATA 	Mouse: Left button down, pos=(1223,386)
7.8169 	EXP 	text_10: autoDraw = False
7.8169 	EXP 	image_19: autoDraw = False
7.8169 	EXP 	text_11: autoDraw = True
7.8169 	EXP 	image_20: autoDraw = True
7.9009 	DATA 	Mouse:  Left button up, pos=(1222,386)
8.3514 	DATA 	Mouse: Left button down, pos=(769,393)
8.3610 	EXP 	Created sequence: random, trialTypes=1, nReps=999, seed=None
8.3636 	EXP 	New trial (rep=0, index=0): None
8.3742 	EXP 	Imported instructions/Instructions2_doc.xlsx as conditions, 1 conditions, 1 params
8.3745 	EXP 	Created sequence: sequential, trialTypes=1, nReps=1, seed=None
8.3746 	EXP 	New trial (rep=0, index=0): {'Instructions2Filepath': 'instructions//slide7.png'}
8.4481 	DATA 	Mouse:  Left button up, pos=(763,392)
8.4671 	EXP 	text_11: autoDraw = False
8.4671 	EXP 	image_20: autoDraw = False
8.4671 	EXP 	imageInstruct_2: image = 'instructions//slide7.png'
8.4671 	EXP 	imageInstruct_2: autoDraw = True
9.0348 	DATA 	Mouse: Left button down, pos=(1726,48)
9.1264 	EXP 	New trial (rep=1, index=0): None
9.1302 	EXP 	Imported instructions/Instructions2_doc.xlsx as conditions, 1 conditions, 1 params
9.1305 	EXP 	Created sequence: sequential, trialTypes=1, nReps=1, seed=None
9.1307 	EXP 	New trial (rep=0, index=0): {'Instructions2Filepath': 'instructions//slide8.png'}
9.2069 	DATA 	Mouse:  Left button up, pos=(1726,48)
9.2230 	EXP 	imageInstruct_2: autoDraw = False
9.2230 	EXP 	imageInstruct_2: image = 'instructions//slide8.png'
9.2230 	EXP 	imageInstruct_2: autoDraw = True
9.5355 	DATA 	Mouse: Left button down, pos=(1726,48)
9.6240 	EXP 	New trial (rep=2, index=0): None
9.6278 	EXP 	Imported instructions/Instructions2_doc.xlsx as conditions, 1 conditions, 1 params
9.6282 	EXP 	Created sequence: sequential, trialTypes=1, nReps=1, seed=None
9.6283 	EXP 	New trial (rep=0, index=0): {'Instructions2Filepath': 'instructions//slide9.png'}
9.6996 	DATA 	Mouse:  Left button up, pos=(1726,48)
9.7182 	EXP 	imageInstruct_2: autoDraw = False
9.7182 	EXP 	imageInstruct_2: image = 'instructions//slide9.png'
9.7182 	EXP 	imageInstruct_2: autoDraw = True
9.7855 	DATA 	Mouse: Left button down, pos=(1726,48)
9.8775 	EXP 	New trial (rep=3, index=0): None
9.8813 	EXP 	Imported instructions/Instructions2_doc.xlsx as conditions, 1 conditions, 1 params
9.8816 	EXP 	Created sequence: sequential, trialTypes=1, nReps=1, seed=None
9.8818 	EXP 	New trial (rep=0, index=0): {'Instructions2Filepath': 'instructions//slide10.png'}
9.9762 	DATA 	Mouse:  Left button up, pos=(1726,48)
10.0019 	EXP 	imageInstruct_2: autoDraw = False
10.0019 	EXP 	imageInstruct_2: image = 'instructions//slide10.png'
10.0019 	EXP 	imageInstruct_2: autoDraw = True
10.0026 	DATA 	Mouse: Left button down, pos=(1726,49)
10.0981 	EXP 	New trial (rep=4, index=0): None
10.1019 	EXP 	Imported instructions/Instructions2_doc.xlsx as conditions, 1 conditions, 1 params
10.1022 	EXP 	Created sequence: sequential, trialTypes=1, nReps=1, seed=None
10.1023 	EXP 	New trial (rep=0, index=0): {'Instructions2Filepath': 'instructions//slide11.png'}
10.1781 	DATA 	Mouse:  Left button up, pos=(1726,49)
10.1782 	DATA 	Mouse: Left button down, pos=(1726,49)
10.2018 	EXP 	imageInstruct_2: autoDraw = False
10.2018 	EXP 	imageInstruct_2: image = 'instructions//slide11.png'
10.2018 	EXP 	imageInstruct_2: autoDraw = True
10.2569 	DATA 	Mouse:  Left button up, pos=(1726,49)
10.5361 	DATA 	Mouse: Left button down, pos=(1726,49)
10.7032 	EXP 	New trial (rep=5, index=0): None
10.7070 	EXP 	Imported instructions/Instructions2_doc.xlsx as conditions, 1 conditions, 1 params
10.7074 	EXP 	Created sequence: sequential, trialTypes=1, nReps=1, seed=None
10.7075 	EXP 	New trial (rep=0, index=0): {'Instructions2Filepath': 'instructions//slide12.png'}
10.7792 	DATA 	Mouse:  Left button up, pos=(1726,49)
10.8024 	EXP 	imageInstruct_2: autoDraw = False
10.8024 	EXP 	imageInstruct_2: image = 'instructions//slide12.png'
10.8024 	EXP 	imageInstruct_2: autoDraw = True
10.9075 	DATA 	Mouse: Left button down, pos=(1727,49)
11.0231 	EXP 	New trial (rep=6, index=0): None
11.0269 	EXP 	Imported instructions/Instructions2_doc.xlsx as conditions, 1 conditions, 1 params
11.0272 	EXP 	Created sequence: sequential, trialTypes=1, nReps=0, seed=None
11.3151 	DATA 	Mouse:  Left button up, pos=(1727,49)
11.3198 	EXP 	imageInstruct_2: autoDraw = False
11.3198 	EXP 	text: autoDraw = True
12.1726 	DATA 	Mouse: Left button down, pos=(1731,63)
12.2566 	DATA 	Mouse:  Left button up, pos=(1731,63)
12.6437 	EXP 	Imported participantData/s15/block_0/babySteps_s15.xlsx as conditions, 5 conditions, 14 params
12.6440 	EXP 	Created sequence: sequential, trialTypes=5, nReps=1, seed=None
12.6442 	EXP 	New trial (rep=0, index=0): {'category': 'car', 'orientation': 2, 'taskCue': 'stim//obj2.png', 'stimfile': 'stim//car2.png', 'resp1': 'Turtle', 'resp2': 'Horse', 'resp3': 'Car', 'resp4': 'Shoe', 'resp5': 'Full Left', 'resp6': 'Half Right', 'resp7': 'Half Left', 'resp8': 'Full Right', 'objFirst': True, 'interval': 2.475}
12.6468 	DATA 	Keypress: 5
12.6542 	EXP 	text: autoDraw = False
12.6542 	EXP 	cue: image = 'stim//obj2.png'
12.6542 	EXP 	cue: autoDraw = True
13.6392 	EXP 	Created sequence: sequential, trialTypes=1, nReps=3, seed=None
13.6395 	EXP 	New trial (rep=0, index=0): None
13.6550 	EXP 	cue: autoDraw = False
13.6550 	EXP 	cue: autoDraw = False
13.6550 	EXP 	fixCrossR_4: autoDraw = True
13.8896 	EXP 	New trial (rep=1, index=0): None
13.9053 	EXP 	fixCrossR_4: autoDraw = False
13.9053 	EXP 	fixCrossR_4: autoDraw = False
13.9053 	EXP 	fixCrossR_4: autoDraw = True
14.1397 	EXP 	New trial (rep=2, index=0): None
14.1552 	EXP 	fixCrossR_4: autoDraw = False
14.1552 	EXP 	fixCrossR_4: autoDraw = False
14.1552 	EXP 	fixCrossR_4: autoDraw = True
14.7581 	EXP 	window1: mouseVisible = True
