2.3981 	ERROR 	Support for the `sounddevice` audio backend is not available this session. Please install `psychopy-sounddevice` and restart the session to enable support.
6.9395 	WARNING 	User requested fullscreen with size [1536  864], but screen is actually [1920, 1080]. Using actual size
7.7249 	EXP 	Created window1 = Window(allowGUI=True, allowStencil=False, autoLog=True, backendConf=UNKNOWN, backgroundFit=<method-wrapper '__getattribute__' of attributeSetter object at 0x0000024787B93220>, backgroundImage=<method-wrapper '__getattribute__' of attributeSetter object at 0x0000024787B931C0>, bitsMode=UNKNOWN, blendMode='avg', bpc=(8, 8, 8), color=array([-0.4039, -0.4039, -0.4039]), colorSpace='rgb', depthBits=8, fullscr=<method-wrapper '__getattribute__' of attributeSetter object at 0x0000024787B83880>, gamma=None, gammaErrorPolicy='raise', lms=UNKNOWN, monitor=<psychopy.monitors.calibTools.Monitor object at 0x00000247880D31C0>, multiSample=False, name='window1', numSamples=2, pos=(-1920, 0), screen=0, size=array([1920, 1080]), stencilBits=0, stereo=False, title='PsychoPy', units='height', useFBO=True, useRetina=False, viewOri=0.0, viewPos=None, viewScale=None, waitBlanking=True, winType='pyglet')
7.7250 	EXP 	window1: mouseVisible = True
7.7250 	EXP 	window1: backgroundImage = ''
7.7250 	EXP 	window1: backgroundFit = 'none'
7.7265 	EXP 	window1: Attempting to measure frame rate of screen (0) ...
7.7265 	EXP 	window1: recordFrameIntervals = False
7.8923 	EXP 	window1: recordFrameIntervals = True
8.0757 	EXP 	Screen (0) actual frame rate measured at 60.08Hz
8.0757 	EXP 	window1: recordFrameIntervals = False
8.0758 	EXP 	window1: mouseVisible = False
10.2925 	EXP 	pilotv2: status = STARTED
10.2927 	EXP 	window1: mouseVisible = True
10.3024 	EXP 	Created imageInstruct = ImageStim(__class__=<class 'psychopy.visual.image.ImageStim'>, anchor=('center', 'center'), autoLog=True, color=array([1., 1., 1.]), colorSpace='rgb', contrast=1.0, depth=0.0, draggable=False, flipHoriz=False, flipVert=False, image='default.png', interpolate=True, mask=None, maskParams=None, name='imageInstruct', opacity=1.0, ori=0.0, pos=array([0., 0.]), size=array([1.6    , 1.00736]), texRes=128.0, units='height', win=Window(...))
10.3027 	EXP 	window1: mouseVisible = True
10.3028 	EXP 	window1: mouseVisible = True
10.3032 	EXP 	window1: mouseVisible = True
10.3036 	EXP 	window1: mouseVisible = True
10.3170 	EXP 	window1: mouseVisible = True
10.3171 	EXP 	window1: mouseVisible = True
10.3175 	EXP 	window1: mouseVisible = True
10.3179 	EXP 	window1: mouseVisible = True
10.3292 	EXP 	window1: mouseVisible = True
10.3295 	EXP 	window1: mouseVisible = True
10.3296 	EXP 	window1: mouseVisible = True
10.3300 	EXP 	window1: mouseVisible = True
10.3304 	EXP 	window1: mouseVisible = True
10.3415 	EXP 	window1: mouseVisible = True
10.3416 	EXP 	window1: mouseVisible = True
10.3420 	EXP 	window1: mouseVisible = True
10.3424 	EXP 	window1: mouseVisible = True
10.3458 	EXP 	window1: mouseVisible = True
10.3459 	EXP 	window1: mouseVisible = True
10.4082 	EXP 	Created text_8 = TextStim(__class__=<class 'psychopy.visual.text.TextStim'>, alignHoriz=method-wrapper(...), alignText='center', alignVert=method-wrapper(...), anchorHoriz='center', anchorVert='center', antialias=True, autoDraw=False, autoLog=True, bold=False, color=array([1., 1., 1.]), colorSpace='rgb', contrast=1.0, depth=0.0, draggable=False, flipHoriz=False, flipVert=False, font='Open Sans', fontFiles=[], height=0.05, italic=False, languageStyle='LTR', name='text_8', opacity=1.0, ori=0.0, pos=array([0., 0.]), rgb=UNKNOWN, text=str(...), units='height', win=Window(...), wrapWidth=1)
10.4084 	EXP 	window1: mouseVisible = True
10.4085 	EXP 	window1: mouseVisible = True
10.4090 	EXP 	window1: mouseVisible = True
10.4094 	EXP 	window1: mouseVisible = True
10.4339 	EXP 	window1: mouseVisible = True
10.4341 	EXP 	window1: mouseVisible = True
10.4345 	EXP 	window1: mouseVisible = True
10.4349 	EXP 	window1: mouseVisible = True
10.4453 	EXP 	window1: mouseVisible = True
10.4455 	EXP 	window1: mouseVisible = True
10.4456 	EXP 	window1: mouseVisible = True
10.4460 	EXP 	window1: mouseVisible = True
10.4467 	EXP 	window1: mouseVisible = True
10.4553 	EXP 	window1: mouseVisible = True
10.4554 	EXP 	window1: mouseVisible = True
10.4558 	EXP 	window1: mouseVisible = True
10.4562 	EXP 	window1: mouseVisible = True
10.4596 	EXP 	window1: mouseVisible = True
10.4597 	EXP 	window1: mouseVisible = True
10.4635 	EXP 	Created image_17 = ImageStim(__class__=<class 'psychopy.visual.image.ImageStim'>, anchor=('center', 'center'), autoLog=True, color=array([1., 1., 1.]), colorSpace='rgb', contrast=1.0, depth=-3.0, draggable=False, flipHoriz=False, flipVert=False, image='stim/ori1.png', interpolate=True, mask=None, maskParams=None, name='image_17', opacity=1.0, ori=0.0, pos=array([0.  , 0.23]), size=array([0.15, 0.15]), texRes=128.0, units='height', win=Window(...))
10.4636 	EXP 	window1: mouseVisible = True
10.4676 	EXP 	Created text_9 = TextStim(__class__=<class 'psychopy.visual.text.TextStim'>, alignHoriz=method-wrapper(...), alignText='center', alignVert=method-wrapper(...), anchorHoriz='center', anchorVert='center', antialias=True, autoDraw=False, autoLog=True, bold=False, color=array([1., 1., 1.]), colorSpace='rgb', contrast=1.0, depth=0.0, draggable=False, flipHoriz=False, flipVert=False, font='Open Sans', fontFiles=[], height=0.05, italic=False, languageStyle='LTR', name='text_9', opacity=1.0, ori=0.0, pos=array([0., 0.]), rgb=UNKNOWN, text=str(...), units='height', win=Window(...), wrapWidth=1)
10.4678 	EXP 	window1: mouseVisible = True
10.4679 	EXP 	window1: mouseVisible = True
10.4683 	EXP 	window1: mouseVisible = True
10.4687 	EXP 	window1: mouseVisible = True
10.4725 	EXP 	window1: mouseVisible = True
10.4726 	EXP 	window1: mouseVisible = True
10.4730 	EXP 	window1: mouseVisible = True
10.4734 	EXP 	window1: mouseVisible = True
10.4767 	EXP 	window1: mouseVisible = True
10.4769 	EXP 	window1: mouseVisible = True
10.4770 	EXP 	window1: mouseVisible = True
10.4775 	EXP 	window1: mouseVisible = True
10.4779 	EXP 	window1: mouseVisible = True
10.4817 	EXP 	window1: mouseVisible = True
10.4819 	EXP 	window1: mouseVisible = True
10.4823 	EXP 	window1: mouseVisible = True
10.4826 	EXP 	window1: mouseVisible = True
10.4859 	EXP 	window1: mouseVisible = True
10.4860 	EXP 	window1: mouseVisible = True
10.4899 	EXP 	Created image_18 = ImageStim(__class__=<class 'psychopy.visual.image.ImageStim'>, anchor=('center', 'center'), autoLog=True, color=array([1., 1., 1.]), colorSpace='rgb', contrast=1.0, depth=-3.0, draggable=False, flipHoriz=False, flipVert=False, image='stim/obj2.png', interpolate=True, mask=None, maskParams=None, name='image_18', opacity=1.0, ori=0.0, pos=array([0.  , 0.23]), size=array([0.15, 0.15]), texRes=128.0, units='height', win=Window(...))
10.4900 	EXP 	window1: mouseVisible = True
10.4939 	EXP 	Created text_10 = TextStim(__class__=<class 'psychopy.visual.text.TextStim'>, alignHoriz=method-wrapper(...), alignText='center', alignVert=method-wrapper(...), anchorHoriz='center', anchorVert='center', antialias=True, autoDraw=False, autoLog=True, bold=False, color=array([1., 1., 1.]), colorSpace='rgb', contrast=1.0, depth=0.0, draggable=False, flipHoriz=False, flipVert=False, font='Open Sans', fontFiles=[], height=0.05, italic=False, languageStyle='LTR', name='text_10', opacity=1.0, ori=0.0, pos=array([0., 0.]), rgb=UNKNOWN, text=str(...), units='height', win=Window(...), wrapWidth=1)
10.4941 	EXP 	window1: mouseVisible = True
10.4942 	EXP 	window1: mouseVisible = True
10.4947 	EXP 	window1: mouseVisible = True
10.4952 	EXP 	window1: mouseVisible = True
10.4990 	EXP 	window1: mouseVisible = True
10.4992 	EXP 	window1: mouseVisible = True
10.4996 	EXP 	window1: mouseVisible = True
10.5000 	EXP 	window1: mouseVisible = True
10.5033 	EXP 	window1: mouseVisible = True
10.5035 	EXP 	window1: mouseVisible = True
10.5036 	EXP 	window1: mouseVisible = True
10.5040 	EXP 	window1: mouseVisible = True
10.5044 	EXP 	window1: mouseVisible = True
10.5082 	EXP 	window1: mouseVisible = True
10.5083 	EXP 	window1: mouseVisible = True
10.5087 	EXP 	window1: mouseVisible = True
10.5091 	EXP 	window1: mouseVisible = True
10.5124 	EXP 	window1: mouseVisible = True
10.5125 	EXP 	window1: mouseVisible = True
10.5164 	EXP 	Created image_19 = ImageStim(__class__=<class 'psychopy.visual.image.ImageStim'>, anchor=('center', 'center'), autoLog=True, color=array([1., 1., 1.]), colorSpace='rgb', contrast=1.0, depth=-3.0, draggable=False, flipHoriz=False, flipVert=False, image='stim/ori2.png', interpolate=True, mask=None, maskParams=None, name='image_19', opacity=1.0, ori=0.0, pos=array([0.  , 0.23]), size=array([0.15, 0.15]), texRes=128.0, units='height', win=Window(...))
10.5165 	EXP 	window1: mouseVisible = True
10.5206 	EXP 	Created text_11 = TextStim(__class__=<class 'psychopy.visual.text.TextStim'>, alignHoriz=method-wrapper(...), alignText='center', alignVert=method-wrapper(...), anchorHoriz='center', anchorVert='center', antialias=True, autoDraw=False, autoLog=True, bold=False, color=array([1., 1., 1.]), colorSpace='rgb', contrast=1.0, depth=0.0, draggable=False, flipHoriz=False, flipVert=False, font='Open Sans', fontFiles=[], height=0.05, italic=False, languageStyle='LTR', name='text_11', opacity=1.0, ori=0.0, pos=array([0., 0.]), rgb=UNKNOWN, text=str(...), units='height', win=Window(...), wrapWidth=1)
10.5208 	EXP 	window1: mouseVisible = True
10.5209 	EXP 	window1: mouseVisible = True
10.5213 	EXP 	window1: mouseVisible = True
10.5217 	EXP 	window1: mouseVisible = True
10.5256 	EXP 	window1: mouseVisible = True
10.5260 	EXP 	window1: mouseVisible = True
10.5273 	EXP 	window1: mouseVisible = True
10.5280 	EXP 	window1: mouseVisible = True
10.5315 	EXP 	window1: mouseVisible = True
10.5317 	EXP 	window1: mouseVisible = True
10.5318 	EXP 	window1: mouseVisible = True
10.5322 	EXP 	window1: mouseVisible = True
10.5326 	EXP 	window1: mouseVisible = True
10.5363 	EXP 	window1: mouseVisible = True
10.5365 	EXP 	window1: mouseVisible = True
10.5369 	EXP 	window1: mouseVisible = True
10.5374 	EXP 	window1: mouseVisible = True
10.5407 	EXP 	window1: mouseVisible = True
10.5407 	EXP 	window1: mouseVisible = True
10.5450 	EXP 	Created image_20 = ImageStim(__class__=<class 'psychopy.visual.image.ImageStim'>, anchor=('center', 'center'), autoLog=True, color=array([1., 1., 1.]), colorSpace='rgb', contrast=1.0, depth=-3.0, draggable=False, flipHoriz=False, flipVert=False, image='stim/obj1.png', interpolate=True, mask=None, maskParams=None, name='image_20', opacity=1.0, ori=0.0, pos=array([0.  , 0.23]), size=array([0.15, 0.15]), texRes=128.0, units='height', win=Window(...))
10.5451 	EXP 	window1: mouseVisible = True
10.5539 	EXP 	Created imageInstruct_2 = ImageStim(__class__=<class 'psychopy.visual.image.ImageStim'>, anchor=('center', 'center'), autoLog=True, color=array([1., 1., 1.]), colorSpace='rgb', contrast=1.0, depth=0.0, draggable=False, flipHoriz=False, flipVert=False, image='default.png', interpolate=True, mask=None, maskParams=None, name='imageInstruct_2', opacity=1.0, ori=0.0, pos=array([0., 0.]), size=array([1.6    , 1.00736]), texRes=128.0, units='height', win=Window(...))
10.5541 	EXP 	window1: mouseVisible = True
10.5542 	EXP 	window1: mouseVisible = True
10.5547 	EXP 	window1: mouseVisible = True
10.5550 	EXP 	window1: mouseVisible = True
10.5589 	EXP 	window1: mouseVisible = True
10.5591 	EXP 	window1: mouseVisible = True
10.5597 	EXP 	window1: mouseVisible = True
10.5601 	EXP 	window1: mouseVisible = True
10.5634 	EXP 	window1: mouseVisible = True
10.5636 	EXP 	window1: mouseVisible = True
10.5637 	EXP 	window1: mouseVisible = True
10.5641 	EXP 	window1: mouseVisible = True
10.5645 	EXP 	window1: mouseVisible = True
10.5682 	EXP 	window1: mouseVisible = True
10.5683 	EXP 	window1: mouseVisible = True
10.5687 	EXP 	window1: mouseVisible = True
10.5691 	EXP 	window1: mouseVisible = True
10.5724 	EXP 	window1: mouseVisible = True
10.5725 	EXP 	window1: mouseVisible = True
10.5816 	EXP 	Created text = TextStim(__class__=<class 'psychopy.visual.text.TextStim'>, alignHoriz=method-wrapper(...), alignText='center', alignVert=method-wrapper(...), anchorHoriz='center', anchorVert='center', antialias=True, autoDraw=False, autoLog=True, bold=False, color=array([1., 1., 1.]), colorSpace='rgb', contrast=1.0, depth=0.0, draggable=False, flipHoriz=False, flipVert=False, font='Open Sans', fontFiles=[], height=0.05, italic=False, languageStyle='LTR', name='text', opacity=1.0, ori=0.0, pos=array([0., 0.]), rgb=UNKNOWN, text='The experiment will begin soon. Get ready!', units='height', win=Window(...), wrapWidth=1)
10.5817 	EXP 	window1: mouseVisible = True
10.5909 	EXP 	Created cue = ImageStim(__class__=<class 'psychopy.visual.image.ImageStim'>, anchor=('center', 'center'), autoLog=True, color=array([1., 1., 1.]), colorSpace='rgb', contrast=1.0, depth=0.0, draggable=False, flipHoriz=False, flipVert=False, image='default.png', interpolate=True, mask=None, maskParams=None, name='cue', opacity=1.0, ori=0.0, pos=array([0., 0.]), size=array([0.15, 0.15]), texRes=128.0, units='height', win=Window(...))
10.5910 	EXP 	window1: mouseVisible = True
10.5998 	EXP 	Created image = ImageStim(__class__=<class 'psychopy.visual.image.ImageStim'>, anchor=('center', 'center'), autoLog=True, color=array([1., 1., 1.]), colorSpace='rgb', contrast=1.0, depth=0.0, draggable=False, flipHoriz=False, flipVert=False, image='default.png', interpolate=True, mask=None, maskParams=None, name='image', opacity=1.0, ori=0.0, pos=array([0., 0.]), size=array([0.5, 0.5]), texRes=128.0, units='height', win=Window(...))
10.5999 	EXP 	window1: mouseVisible = True
10.6017 	EXP 	Created fixCrossR_2 = ShapeStim(__class__=<class 'psychopy.visual.shape.ShapeStim'>, anchor=('center', 'center'), autoDraw=False, autoLog=True, closeShape=True, color=method-wrapper(...), colorSpace='rgb', contrast=None, depth=-1.0, draggable=False, fillColor=array([-1, -1, -1]), fillColorSpace='rgb', fillRGB=array([-1, -1, -1]), interpolate=True, lineColor=array([-1., -1., -1.]), lineColorSpace='rgb', lineRGB=array([-1, -1, -1]), lineWidth=1.0, name='fixCrossR_2', opacity=1.0, ori=0.0, pos=array([0., 0.]), size=array([0.02, 0.02]), units='height', vertices=ndarray(...), win=Window(...), windingRule=None)
10.6018 	EXP 	window1: mouseVisible = True
10.6035 	EXP 	Created fixCrossR_4 = ShapeStim(__class__=<class 'psychopy.visual.shape.ShapeStim'>, anchor=('center', 'center'), autoDraw=False, autoLog=True, closeShape=True, color=method-wrapper(...), colorSpace='rgb', contrast=None, depth=0.0, draggable=False, fillColor=array([-1, -1, -1]), fillColorSpace='rgb', fillRGB=array([-1, -1, -1]), interpolate=True, lineColor=array([-1., -1., -1.]), lineColorSpace='rgb', lineRGB=array([-1, -1, -1]), lineWidth=1.0, name='fixCrossR_4', opacity=1.0, ori=0.0, pos=array([0., 0.]), size=array([0.02, 0.02]), units='height', vertices=ndarray(...), win=Window(...), windingRule=None)
10.6036 	EXP 	window1: mouseVisible = True
10.6052 	EXP 	Created fixCross_2 = ShapeStim(__class__=<class 'psychopy.visual.shape.ShapeStim'>, anchor=('center', 'center'), autoDraw=False, autoLog=True, closeShape=True, color=method-wrapper(...), colorSpace='rgb', contrast=None, depth=0.0, draggable=False, fillColor=array([1, 1, 1]), fillColorSpace='rgb', fillRGB=array([1, 1, 1]), interpolate=True, lineColor=array([1., 1., 1.]), lineColorSpace='rgb', lineRGB=array([1, 1, 1]), lineWidth=1.0, name='fixCross_2', opacity=1.0, ori=0.0, pos=array([0., 0.]), size=array([0.02, 0.02]), units='height', vertices=ndarray(...), win=Window(...), windingRule=None)
10.6053 	EXP 	window1: mouseVisible = True
10.6070 	EXP 	Created text1_2 = TextStim(__class__=<class 'psychopy.visual.text.TextStim'>, alignHoriz=method-wrapper(...), alignText='center', alignVert=method-wrapper(...), anchorHoriz='center', anchorVert='center', antialias=True, autoDraw=False, autoLog=True, bold=False, color=array([1., 1., 1.]), colorSpace='rgb', contrast=1.0, depth=-1.0, draggable=False, flipHoriz=False, flipVert=False, font='Open Sans', fontFiles=[], height=0.05, italic=False, languageStyle='LTR', name='text1_2', opacity=1.0, ori=0.0, pos=array([-0.225,  0.08 ]), rgb=UNKNOWN, text='', units='norm', win=Window(...), wrapWidth=1)
10.6071 	EXP 	window1: mouseVisible = True
10.6080 	EXP 	Created text2_2 = TextStim(__class__=<class 'psychopy.visual.text.TextStim'>, alignHoriz=method-wrapper(...), alignText='center', alignVert=method-wrapper(...), anchorHoriz='center', anchorVert='center', antialias=True, autoDraw=False, autoLog=True, bold=False, color=array([1., 1., 1.]), colorSpace='rgb', contrast=1.0, depth=-2.0, draggable=False, flipHoriz=False, flipVert=False, font='Open Sans', fontFiles=[], height=0.05, italic=False, languageStyle='LTR', name='text2_2', opacity=1.0, ori=0.0, pos=array([-0.075,  0.08 ]), rgb=UNKNOWN, text='', units='norm', win=Window(...), wrapWidth=1)
10.6081 	EXP 	window1: mouseVisible = True
10.6090 	EXP 	Created text3_2 = TextStim(__class__=<class 'psychopy.visual.text.TextStim'>, alignHoriz=method-wrapper(...), alignText='center', alignVert=method-wrapper(...), anchorHoriz='center', anchorVert='center', antialias=True, autoDraw=False, autoLog=True, bold=False, color=array([1., 1., 1.]), colorSpace='rgb', contrast=1.0, depth=-3.0, draggable=False, flipHoriz=False, flipVert=False, font='Open Sans', fontFiles=[], height=0.05, italic=False, languageStyle='LTR', name='text3_2', opacity=1.0, ori=0.0, pos=array([0.075, 0.08 ]), rgb=UNKNOWN, text='', units='norm', win=Window(...), wrapWidth=1)
10.6091 	EXP 	window1: mouseVisible = True
10.6100 	EXP 	Created text4_2 = TextStim(__class__=<class 'psychopy.visual.text.TextStim'>, alignHoriz=method-wrapper(...), alignText='center', alignVert=method-wrapper(...), anchorHoriz='center', anchorVert='center', antialias=True, autoDraw=False, autoLog=True, bold=False, color=array([1., 1., 1.]), colorSpace='rgb', contrast=1.0, depth=-4.0, draggable=False, flipHoriz=False, flipVert=False, font='Open Sans', fontFiles=[], height=0.05, italic=False, languageStyle='LTR', name='text4_2', opacity=1.0, ori=0.0, pos=array([0.225, 0.08 ]), rgb=UNKNOWN, text='', units='norm', win=Window(...), wrapWidth=1)
10.6101 	EXP 	window1: mouseVisible = True
10.6110 	EXP 	Created text5_2 = TextStim(__class__=<class 'psychopy.visual.text.TextStim'>, alignHoriz=method-wrapper(...), alignText='center', alignVert=method-wrapper(...), anchorHoriz='center', anchorVert='center', antialias=True, autoDraw=False, autoLog=True, bold=False, color=array([1., 1., 1.]), colorSpace='rgb', contrast=1.0, depth=-5.0, draggable=False, flipHoriz=False, flipVert=False, font='Open Sans', fontFiles=[], height=0.05, italic=False, languageStyle='LTR', name='text5_2', opacity=1.0, ori=0.0, pos=array([-0.225, -0.08 ]), rgb=UNKNOWN, text='', units='norm', win=Window(...), wrapWidth=1)
10.6111 	EXP 	window1: mouseVisible = True
10.6120 	EXP 	Created text6_2 = TextStim(__class__=<class 'psychopy.visual.text.TextStim'>, alignHoriz=method-wrapper(...), alignText='center', alignVert=method-wrapper(...), anchorHoriz='center', anchorVert='center', antialias=True, autoDraw=False, autoLog=True, bold=False, color=array([1., 1., 1.]), colorSpace='rgb', contrast=1.0, depth=-6.0, draggable=False, flipHoriz=False, flipVert=False, font='Open Sans', fontFiles=[], height=0.05, italic=False, languageStyle='LTR', name='text6_2', opacity=1.0, ori=0.0, pos=array([-0.075, -0.08 ]), rgb=UNKNOWN, text='', units='norm', win=Window(...), wrapWidth=1)
10.6121 	EXP 	window1: mouseVisible = True
10.6130 	EXP 	Created text7_2 = TextStim(__class__=<class 'psychopy.visual.text.TextStim'>, alignHoriz=method-wrapper(...), alignText='center', alignVert=method-wrapper(...), anchorHoriz='center', anchorVert='center', antialias=True, autoDraw=False, autoLog=True, bold=False, color=array([1., 1., 1.]), colorSpace='rgb', contrast=1.0, depth=-7.0, draggable=False, flipHoriz=False, flipVert=False, font='Open Sans', fontFiles=[], height=0.05, italic=False, languageStyle='LTR', name='text7_2', opacity=1.0, ori=0.0, pos=array([ 0.075, -0.08 ]), rgb=UNKNOWN, text='', units='norm', win=Window(...), wrapWidth=1)
10.6130 	EXP 	window1: mouseVisible = True
10.6139 	EXP 	Created text8_2 = TextStim(__class__=<class 'psychopy.visual.text.TextStim'>, alignHoriz=method-wrapper(...), alignText='center', alignVert=method-wrapper(...), anchorHoriz='center', anchorVert='center', antialias=True, autoDraw=False, autoLog=True, bold=False, color=array([1., 1., 1.]), colorSpace='rgb', contrast=1.0, depth=-8.0, draggable=False, flipHoriz=False, flipVert=False, font='Open Sans', fontFiles=[], height=0.05, italic=False, languageStyle='LTR', name='text8_2', opacity=1.0, ori=0.0, pos=array([ 0.225, -0.08 ]), rgb=UNKNOWN, text='', units='norm', win=Window(...), wrapWidth=1)
10.6140 	EXP 	window1: mouseVisible = True
10.6150 	EXP 	Created num1_2 = TextStim(__class__=<class 'psychopy.visual.text.TextStim'>, alignHoriz=method-wrapper(...), alignText='center', alignVert=method-wrapper(...), anchorHoriz='center', anchorVert='center', antialias=True, autoDraw=False, autoLog=True, bold=False, color=array([1., 1., 1.]), colorSpace='rgb', contrast=1.0, depth=-10.0, draggable=False, flipHoriz=False, flipVert=False, font='Open Sans', fontFiles=[], height=0.1, italic=False, languageStyle='LTR', name='num1_2', opacity=1.0, ori=0.0, pos=array([-0.225,  0.24 ]), rgb=UNKNOWN, text='', units='norm', win=Window(...), wrapWidth=1)
10.6151 	EXP 	window1: mouseVisible = True
10.6160 	EXP 	Created num2_2 = TextStim(__class__=<class 'psychopy.visual.text.TextStim'>, alignHoriz=method-wrapper(...), alignText='center', alignVert=method-wrapper(...), anchorHoriz='center', anchorVert='center', antialias=True, autoDraw=False, autoLog=True, bold=False, color=array([1., 1., 1.]), colorSpace='rgb', contrast=1.0, depth=-11.0, draggable=False, flipHoriz=False, flipVert=False, font='Open Sans', fontFiles=[], height=0.1, italic=False, languageStyle='LTR', name='num2_2', opacity=1.0, ori=0.0, pos=array([-0.075,  0.24 ]), rgb=UNKNOWN, text='', units='norm', win=Window(...), wrapWidth=1)
10.6161 	EXP 	window1: mouseVisible = True
10.6170 	EXP 	Created num3_2 = TextStim(__class__=<class 'psychopy.visual.text.TextStim'>, alignHoriz=method-wrapper(...), alignText='center', alignVert=method-wrapper(...), anchorHoriz='center', anchorVert='center', antialias=True, autoDraw=False, autoLog=True, bold=False, color=array([1., 1., 1.]), colorSpace='rgb', contrast=1.0, depth=-12.0, draggable=False, flipHoriz=False, flipVert=False, font='Open Sans', fontFiles=[], height=0.1, italic=False, languageStyle='LTR', name='num3_2', opacity=1.0, ori=0.0, pos=array([0.075, 0.24 ]), rgb=UNKNOWN, text='', units='norm', win=Window(...), wrapWidth=1)
10.6171 	EXP 	window1: mouseVisible = True
10.6180 	EXP 	Created num4_2 = TextStim(__class__=<class 'psychopy.visual.text.TextStim'>, alignHoriz=method-wrapper(...), alignText='center', alignVert=method-wrapper(...), anchorHoriz='center', anchorVert='center', antialias=True, autoDraw=False, autoLog=True, bold=False, color=array([1., 1., 1.]), colorSpace='rgb', contrast=1.0, depth=-13.0, draggable=False, flipHoriz=False, flipVert=False, font='Open Sans', fontFiles=[], height=0.1, italic=False, languageStyle='LTR', name='num4_2', opacity=1.0, ori=0.0, pos=array([0.225, 0.24 ]), rgb=UNKNOWN, text='', units='norm', win=Window(...), wrapWidth=1)
10.6181 	EXP 	window1: mouseVisible = True
10.6267 	EXP 	Created cue = ImageStim(__class__=<class 'psychopy.visual.image.ImageStim'>, anchor=('center', 'center'), autoLog=True, color=array([1., 1., 1.]), colorSpace='rgb', contrast=1.0, depth=0.0, draggable=False, flipHoriz=False, flipVert=False, image='default.png', interpolate=True, mask=None, maskParams=None, name='cue', opacity=1.0, ori=0.0, pos=array([0., 0.]), size=array([0.15, 0.15]), texRes=128.0, units='height', win=Window(...))
10.6268 	EXP 	window1: mouseVisible = True
10.6356 	EXP 	Created image = ImageStim(__class__=<class 'psychopy.visual.image.ImageStim'>, anchor=('center', 'center'), autoLog=True, color=array([1., 1., 1.]), colorSpace='rgb', contrast=1.0, depth=0.0, draggable=False, flipHoriz=False, flipVert=False, image='default.png', interpolate=True, mask=None, maskParams=None, name='image', opacity=1.0, ori=0.0, pos=array([0., 0.]), size=array([0.5, 0.5]), texRes=128.0, units='height', win=Window(...))
10.6357 	EXP 	window1: mouseVisible = True
10.6375 	EXP 	Created fixCrossR_2 = ShapeStim(__class__=<class 'psychopy.visual.shape.ShapeStim'>, anchor=('center', 'center'), autoDraw=False, autoLog=True, closeShape=True, color=method-wrapper(...), colorSpace='rgb', contrast=None, depth=-1.0, draggable=False, fillColor=array([-1, -1, -1]), fillColorSpace='rgb', fillRGB=array([-1, -1, -1]), interpolate=True, lineColor=array([-1., -1., -1.]), lineColorSpace='rgb', lineRGB=array([-1, -1, -1]), lineWidth=1.0, name='fixCrossR_2', opacity=1.0, ori=0.0, pos=array([0., 0.]), size=array([0.02, 0.02]), units='height', vertices=ndarray(...), win=Window(...), windingRule=None)
10.6375 	EXP 	window1: mouseVisible = True
10.6391 	EXP 	Created fixCrossR_4 = ShapeStim(__class__=<class 'psychopy.visual.shape.ShapeStim'>, anchor=('center', 'center'), autoDraw=False, autoLog=True, closeShape=True, color=method-wrapper(...), colorSpace='rgb', contrast=None, depth=0.0, draggable=False, fillColor=array([-1, -1, -1]), fillColorSpace='rgb', fillRGB=array([-1, -1, -1]), interpolate=True, lineColor=array([-1., -1., -1.]), lineColorSpace='rgb', lineRGB=array([-1, -1, -1]), lineWidth=1.0, name='fixCrossR_4', opacity=1.0, ori=0.0, pos=array([0., 0.]), size=array([0.02, 0.02]), units='height', vertices=ndarray(...), win=Window(...), windingRule=None)
10.6392 	EXP 	window1: mouseVisible = True
10.6408 	EXP 	Created fixCross = ShapeStim(__class__=<class 'psychopy.visual.shape.ShapeStim'>, anchor=('center', 'center'), autoDraw=False, autoLog=True, closeShape=True, color=method-wrapper(...), colorSpace='rgb', contrast=None, depth=0.0, draggable=False, fillColor=array([1, 1, 1]), fillColorSpace='rgb', fillRGB=array([1, 1, 1]), interpolate=True, lineColor=array([1., 1., 1.]), lineColorSpace='rgb', lineRGB=array([1, 1, 1]), lineWidth=1.0, name='fixCross', opacity=1.0, ori=0.0, pos=array([0., 0.]), size=array([0.02, 0.02]), units='height', vertices=ndarray(...), win=Window(...), windingRule=None)
10.6409 	EXP 	window1: mouseVisible = True
10.6419 	EXP 	Created text1 = TextStim(__class__=<class 'psychopy.visual.text.TextStim'>, alignHoriz=method-wrapper(...), alignText='center', alignVert=method-wrapper(...), anchorHoriz='center', anchorVert='center', antialias=True, autoDraw=False, autoLog=True, bold=False, color=array([1., 1., 1.]), colorSpace='rgb', contrast=1.0, depth=-1.0, draggable=False, flipHoriz=False, flipVert=False, font='Open Sans', fontFiles=[], height=0.05, italic=False, languageStyle='LTR', name='text1', opacity=1.0, ori=0.0, pos=array([-0.225,  0.08 ]), rgb=UNKNOWN, text='', units='norm', win=Window(...), wrapWidth=1)
10.6419 	EXP 	window1: mouseVisible = True
10.6428 	EXP 	Created text2 = TextStim(__class__=<class 'psychopy.visual.text.TextStim'>, alignHoriz=method-wrapper(...), alignText='center', alignVert=method-wrapper(...), anchorHoriz='center', anchorVert='center', antialias=True, autoDraw=False, autoLog=True, bold=False, color=array([1., 1., 1.]), colorSpace='rgb', contrast=1.0, depth=-2.0, draggable=False, flipHoriz=False, flipVert=False, font='Open Sans', fontFiles=[], height=0.05, italic=False, languageStyle='LTR', name='text2', opacity=1.0, ori=0.0, pos=array([-0.075,  0.08 ]), rgb=UNKNOWN, text='', units='norm', win=Window(...), wrapWidth=1)
10.6429 	EXP 	window1: mouseVisible = True
10.6438 	EXP 	Created text3 = TextStim(__class__=<class 'psychopy.visual.text.TextStim'>, alignHoriz=method-wrapper(...), alignText='center', alignVert=method-wrapper(...), anchorHoriz='center', anchorVert='center', antialias=True, autoDraw=False, autoLog=True, bold=False, color=array([1., 1., 1.]), colorSpace='rgb', contrast=1.0, depth=-3.0, draggable=False, flipHoriz=False, flipVert=False, font='Open Sans', fontFiles=[], height=0.05, italic=False, languageStyle='LTR', name='text3', opacity=1.0, ori=0.0, pos=array([0.075, 0.08 ]), rgb=UNKNOWN, text='', units='norm', win=Window(...), wrapWidth=1)
10.6439 	EXP 	window1: mouseVisible = True
10.6448 	EXP 	Created text4 = TextStim(__class__=<class 'psychopy.visual.text.TextStim'>, alignHoriz=method-wrapper(...), alignText='center', alignVert=method-wrapper(...), anchorHoriz='center', anchorVert='center', antialias=True, autoDraw=False, autoLog=True, bold=False, color=array([1., 1., 1.]), colorSpace='rgb', contrast=1.0, depth=-4.0, draggable=False, flipHoriz=False, flipVert=False, font='Open Sans', fontFiles=[], height=0.05, italic=False, languageStyle='LTR', name='text4', opacity=1.0, ori=0.0, pos=array([0.225, 0.08 ]), rgb=UNKNOWN, text='', units='norm', win=Window(...), wrapWidth=1)
10.6449 	EXP 	window1: mouseVisible = True
10.6458 	EXP 	Created text5 = TextStim(__class__=<class 'psychopy.visual.text.TextStim'>, alignHoriz=method-wrapper(...), alignText='center', alignVert=method-wrapper(...), anchorHoriz='center', anchorVert='center', antialias=True, autoDraw=False, autoLog=True, bold=False, color=array([1., 1., 1.]), colorSpace='rgb', contrast=1.0, depth=-5.0, draggable=False, flipHoriz=False, flipVert=False, font='Open Sans', fontFiles=[], height=0.05, italic=False, languageStyle='LTR', name='text5', opacity=1.0, ori=0.0, pos=array([-0.225, -0.08 ]), rgb=UNKNOWN, text='', units='norm', win=Window(...), wrapWidth=1)
10.6458 	EXP 	window1: mouseVisible = True
10.6468 	EXP 	Created text6 = TextStim(__class__=<class 'psychopy.visual.text.TextStim'>, alignHoriz=method-wrapper(...), alignText='center', alignVert=method-wrapper(...), anchorHoriz='center', anchorVert='center', antialias=True, autoDraw=False, autoLog=True, bold=False, color=array([1., 1., 1.]), colorSpace='rgb', contrast=1.0, depth=-6.0, draggable=False, flipHoriz=False, flipVert=False, font='Open Sans', fontFiles=[], height=0.05, italic=False, languageStyle='LTR', name='text6', opacity=1.0, ori=0.0, pos=array([-0.075, -0.08 ]), rgb=UNKNOWN, text='', units='norm', win=Window(...), wrapWidth=1)
10.6468 	EXP 	window1: mouseVisible = True
10.6478 	EXP 	Created text7 = TextStim(__class__=<class 'psychopy.visual.text.TextStim'>, alignHoriz=method-wrapper(...), alignText='center', alignVert=method-wrapper(...), anchorHoriz='center', anchorVert='center', antialias=True, autoDraw=False, autoLog=True, bold=False, color=array([1., 1., 1.]), colorSpace='rgb', contrast=1.0, depth=-7.0, draggable=False, flipHoriz=False, flipVert=False, font='Open Sans', fontFiles=[], height=0.05, italic=False, languageStyle='LTR', name='text7', opacity=1.0, ori=0.0, pos=array([ 0.075, -0.08 ]), rgb=UNKNOWN, text='', units='norm', win=Window(...), wrapWidth=1)
10.6478 	EXP 	window1: mouseVisible = True
10.6487 	EXP 	Created text8 = TextStim(__class__=<class 'psychopy.visual.text.TextStim'>, alignHoriz=method-wrapper(...), alignText='center', alignVert=method-wrapper(...), anchorHoriz='center', anchorVert='center', antialias=True, autoDraw=False, autoLog=True, bold=False, color=array([1., 1., 1.]), colorSpace='rgb', contrast=1.0, depth=-8.0, draggable=False, flipHoriz=False, flipVert=False, font='Open Sans', fontFiles=[], height=0.05, italic=False, languageStyle='LTR', name='text8', opacity=1.0, ori=0.0, pos=array([ 0.225, -0.08 ]), rgb=UNKNOWN, text='', units='norm', win=Window(...), wrapWidth=1)
10.6488 	EXP 	window1: mouseVisible = True
10.6497 	EXP 	Created num1 = TextStim(__class__=<class 'psychopy.visual.text.TextStim'>, alignHoriz=method-wrapper(...), alignText='center', alignVert=method-wrapper(...), anchorHoriz='center', anchorVert='center', antialias=True, autoDraw=False, autoLog=True, bold=False, color=array([1., 1., 1.]), colorSpace='rgb', contrast=1.0, depth=-10.0, draggable=False, flipHoriz=False, flipVert=False, font='Open Sans', fontFiles=[], height=0.1, italic=False, languageStyle='LTR', name='num1', opacity=1.0, ori=0.0, pos=array([-0.225,  0.24 ]), rgb=UNKNOWN, text='', units='norm', win=Window(...), wrapWidth=1)
10.6498 	EXP 	window1: mouseVisible = True
10.6508 	EXP 	Created num2 = TextStim(__class__=<class 'psychopy.visual.text.TextStim'>, alignHoriz=method-wrapper(...), alignText='center', alignVert=method-wrapper(...), anchorHoriz='center', anchorVert='center', antialias=True, autoDraw=False, autoLog=True, bold=False, color=array([1., 1., 1.]), colorSpace='rgb', contrast=1.0, depth=-11.0, draggable=False, flipHoriz=False, flipVert=False, font='Open Sans', fontFiles=[], height=0.1, italic=False, languageStyle='LTR', name='num2', opacity=1.0, ori=0.0, pos=array([-0.075,  0.24 ]), rgb=UNKNOWN, text='', units='norm', win=Window(...), wrapWidth=1)
10.6509 	EXP 	window1: mouseVisible = True
10.6519 	EXP 	Created num3 = TextStim(__class__=<class 'psychopy.visual.text.TextStim'>, alignHoriz=method-wrapper(...), alignText='center', alignVert=method-wrapper(...), anchorHoriz='center', anchorVert='center', antialias=True, autoDraw=False, autoLog=True, bold=False, color=array([1., 1., 1.]), colorSpace='rgb', contrast=1.0, depth=-12.0, draggable=False, flipHoriz=False, flipVert=False, font='Open Sans', fontFiles=[], height=0.1, italic=False, languageStyle='LTR', name='num3', opacity=1.0, ori=0.0, pos=array([0.075, 0.24 ]), rgb=UNKNOWN, text='', units='norm', win=Window(...), wrapWidth=1)
10.6519 	EXP 	window1: mouseVisible = True
10.6529 	EXP 	Created num4 = TextStim(__class__=<class 'psychopy.visual.text.TextStim'>, alignHoriz=method-wrapper(...), alignText='center', alignVert=method-wrapper(...), anchorHoriz='center', anchorVert='center', antialias=True, autoDraw=False, autoLog=True, bold=False, color=array([1., 1., 1.]), colorSpace='rgb', contrast=1.0, depth=-13.0, draggable=False, flipHoriz=False, flipVert=False, font='Open Sans', fontFiles=[], height=0.1, italic=False, languageStyle='LTR', name='num4', opacity=1.0, ori=0.0, pos=array([0.225, 0.24 ]), rgb=UNKNOWN, text='', units='norm', win=Window(...), wrapWidth=1)
10.6529 	EXP 	window1: mouseVisible = True
10.6546 	EXP 	Created fixCrossR = ShapeStim(__class__=<class 'psychopy.visual.shape.ShapeStim'>, anchor=('center', 'center'), autoDraw=False, autoLog=True, closeShape=True, color=method-wrapper(...), colorSpace='rgb', contrast=None, depth=0.0, draggable=False, fillColor=array([-1, -1, -1]), fillColorSpace='rgb', fillRGB=array([-1, -1, -1]), interpolate=True, lineColor=array([-1., -1., -1.]), lineColorSpace='rgb', lineRGB=array([-1, -1, -1]), lineWidth=1.0, name='fixCrossR', opacity=1.0, ori=0.0, pos=array([0., 0.]), size=array([0.02, 0.02]), units='height', vertices=ndarray(...), win=Window(...), windingRule=None)
10.6547 	EXP 	window1: mouseVisible = True
10.6559 	EXP 	Created text_total = TextStim(__class__=<class 'psychopy.visual.text.TextStim'>, alignHoriz=method-wrapper(...), alignText='center', alignVert=method-wrapper(...), anchorHoriz='center', anchorVert='center', antialias=True, autoDraw=False, autoLog=True, bold=False, color=array([1., 1., 1.]), colorSpace='rgb', contrast=1.0, depth=-1.0, draggable=False, flipHoriz=False, flipVert=False, font='Open Sans', fontFiles=[], height=0.05, italic=False, languageStyle='LTR', name='text_total', opacity=1.0, ori=0.0, pos=array([0., 0.]), rgb=UNKNOWN, text='', units='height', win=Window(...), wrapWidth=1)
10.6560 	EXP 	window1: mouseVisible = True
10.6572 	EXP 	Created text_acc = TextStim(__class__=<class 'psychopy.visual.text.TextStim'>, alignHoriz=method-wrapper(...), alignText='center', alignVert=method-wrapper(...), anchorHoriz='center', anchorVert='center', antialias=True, autoDraw=False, autoLog=True, bold=False, color=array([1., 1., 1.]), colorSpace='rgb', contrast=1.0, depth=-2.0, draggable=False, flipHoriz=False, flipVert=False, font='Open Sans', fontFiles=[], height=0.05, italic=False, languageStyle='LTR', name='text_acc', opacity=1.0, ori=0.0, pos=array([ 0. , -0.3]), rgb=UNKNOWN, text='', units='height', win=Window(...), wrapWidth=1)
0.0206 	EXP 	Created sequence: random, trialTypes=1, nReps=0, seed=None
0.0358 	EXP 	text: autoDraw = True
1.2653 	EXP 	Imported participantData/s15/block_0/babySteps_s15.xlsx as conditions, 5 conditions, 14 params
1.2657 	EXP 	Created sequence: sequential, trialTypes=5, nReps=1, seed=None
1.2659 	EXP 	New trial (rep=0, index=0): {'category': 'car', 'orientation': 2, 'taskCue': 'stim//obj2.png', 'stimfile': 'stim//car2.png', 'resp1': 'Turtle', 'resp2': 'Horse', 'resp3': 'Car', 'resp4': 'Shoe', 'resp5': 'Full Left', 'resp6': 'Half Right', 'resp7': 'Half Left', 'resp8': 'Full Right', 'objFirst': True, 'interval': 2.475}
1.2874 	EXP 	text: autoDraw = False
1.2874 	EXP 	cue: image = 'stim//obj2.png'
1.2874 	EXP 	cue: autoDraw = True
2.2715 	EXP 	Created sequence: sequential, trialTypes=1, nReps=3, seed=None
2.2717 	EXP 	New trial (rep=0, index=0): None
2.4883 	EXP 	cue: autoDraw = False
2.4883 	EXP 	cue: autoDraw = False
2.4883 	EXP 	image: image = 'stim//car2.png'
2.4883 	EXP 	image: autoDraw = True
2.4883 	EXP 	fixCrossR_2: autoDraw = True
2.7381 	EXP 	image: autoDraw = False
2.7381 	EXP 	fixCrossR_2: autoDraw = False
2.7381 	EXP 	image: autoDraw = False
2.7381 	EXP 	fixCrossR_2: autoDraw = False
2.7381 	EXP 	fixCrossR_4: autoDraw = True
2.9726 	EXP 	New trial (rep=1, index=0): None
3.1051 	EXP 	fixCrossR_4: autoDraw = False
3.1051 	EXP 	fixCrossR_4: autoDraw = False
3.1051 	EXP 	image: image = 'stim//car2.png'
3.1051 	EXP 	image: autoDraw = True
3.1051 	EXP 	fixCrossR_2: autoDraw = True
3.3552 	EXP 	image: autoDraw = False
3.3552 	EXP 	fixCrossR_2: autoDraw = False
3.3552 	EXP 	image: autoDraw = False
3.3552 	EXP 	fixCrossR_2: autoDraw = False
3.3552 	EXP 	fixCrossR_4: autoDraw = True
3.5899 	EXP 	New trial (rep=2, index=0): None
3.7750 	EXP 	fixCrossR_4: autoDraw = False
3.7750 	EXP 	fixCrossR_4: autoDraw = False
3.7750 	EXP 	image: image = 'stim//car2.png'
3.7750 	EXP 	image: autoDraw = True
3.7750 	EXP 	fixCrossR_2: autoDraw = True
4.0259 	EXP 	image: autoDraw = False
4.0259 	EXP 	fixCrossR_2: autoDraw = False
4.0259 	EXP 	image: autoDraw = False
4.0259 	EXP 	fixCrossR_2: autoDraw = False
4.0259 	EXP 	fixCrossR_4: autoDraw = True
4.3388 	EXP 	fixCrossR_4: autoDraw = False
4.3388 	EXP 	fixCrossR_4: autoDraw = False
4.3388 	EXP 	fixCross_2: fillColor = <psychopy.colors.Color: black, alpha=1.0>
4.3388 	EXP 	fixCross_2: borderColor = <psychopy.colors.Color: black, alpha=1.0>
4.3388 	EXP 	text1_2: foreColor = <psychopy.colors.Color: white, alpha=1.0>
4.3388 	EXP 	text1_2: height = 0.05
4.3388 	EXP 	text1_2: height = 0.05
4.3388 	EXP 	text1_2: height = 0.05
4.3388 	EXP 	text1_2: text = 'Turtle'
4.3388 	EXP 	text2_2: foreColor = <psychopy.colors.Color: white, alpha=1.0>
4.3388 	EXP 	text2_2: height = 0.05
4.3388 	EXP 	text2_2: height = 0.05
4.3388 	EXP 	text2_2: height = 0.05
4.3388 	EXP 	text2_2: text = 'Horse'
4.3388 	EXP 	text3_2: foreColor = <psychopy.colors.Color: white, alpha=1.0>
4.3388 	EXP 	text3_2: height = 0.05
4.3388 	EXP 	text3_2: height = 0.05
4.3388 	EXP 	text3_2: height = 0.05
4.3388 	EXP 	text3_2: text = 'Car'
4.3388 	EXP 	text4_2: foreColor = <psychopy.colors.Color: white, alpha=1.0>
4.3388 	EXP 	text4_2: height = 0.05
4.3388 	EXP 	text4_2: height = 0.05
4.3388 	EXP 	text4_2: height = 0.05
4.3388 	EXP 	text4_2: text = 'Shoe'
4.3388 	EXP 	text5_2: foreColor = <psychopy.colors.Color: white, alpha=1.0>
4.3388 	EXP 	text5_2: height = 0.05
4.3388 	EXP 	text5_2: height = 0.05
4.3388 	EXP 	text5_2: height = 0.05
4.3388 	EXP 	text5_2: text = 'Full Left'
4.3388 	EXP 	text6_2: foreColor = <psychopy.colors.Color: white, alpha=1.0>
4.3388 	EXP 	text6_2: height = 0.05
4.3388 	EXP 	text6_2: height = 0.05
4.3388 	EXP 	text6_2: height = 0.05
4.3388 	EXP 	text6_2: text = 'Half Right'
4.3388 	EXP 	text7_2: foreColor = <psychopy.colors.Color: white, alpha=1.0>
4.3388 	EXP 	text7_2: height = 0.05
4.3388 	EXP 	text7_2: height = 0.05
4.3388 	EXP 	text7_2: height = 0.05
4.3388 	EXP 	text7_2: text = 'Half Left'
4.3388 	EXP 	text8_2: foreColor = <psychopy.colors.Color: white, alpha=1.0>
4.3388 	EXP 	text8_2: height = 0.05
4.3388 	EXP 	text8_2: height = 0.05
4.3388 	EXP 	text8_2: height = 0.05
4.3388 	EXP 	text8_2: text = 'Full Right'
4.3388 	EXP 	num1_2: foreColor = <psychopy.colors.Color: white, alpha=1.0>
4.3388 	EXP 	num1_2: height = 0.1
4.3388 	EXP 	num1_2: height = 0.1
4.3388 	EXP 	num1_2: height = 0.1
4.3388 	EXP 	num1_2: text = '1'
4.3388 	EXP 	num2_2: foreColor = <psychopy.colors.Color: white, alpha=1.0>
4.3388 	EXP 	num2_2: height = 0.1
4.3388 	EXP 	num2_2: height = 0.1
4.3388 	EXP 	num2_2: height = 0.1
4.3388 	EXP 	num2_2: text = '2'
4.3388 	EXP 	num3_2: foreColor = <psychopy.colors.Color: white, alpha=1.0>
4.3388 	EXP 	num3_2: height = 0.1
4.3388 	EXP 	num3_2: height = 0.1
4.3388 	EXP 	num3_2: height = 0.1
4.3388 	EXP 	num3_2: text = '3'
4.3388 	EXP 	num4_2: foreColor = <psychopy.colors.Color: white, alpha=1.0>
4.3388 	EXP 	num4_2: height = 0.1
4.3388 	EXP 	num4_2: height = 0.1
4.3388 	EXP 	num4_2: height = 0.1
4.3388 	EXP 	num4_2: text = '4'
4.3388 	EXP 	fixCross_2: autoDraw = True
4.3388 	EXP 	text1_2: autoDraw = True
4.3388 	EXP 	text2_2: autoDraw = True
4.3388 	EXP 	text3_2: autoDraw = True
4.3388 	EXP 	text4_2: autoDraw = True
4.3388 	EXP 	text5_2: autoDraw = True
4.3388 	EXP 	text6_2: autoDraw = True
4.3388 	EXP 	text7_2: autoDraw = True
4.3388 	EXP 	text8_2: autoDraw = True
4.3388 	EXP 	num1_2: autoDraw = True
4.3388 	EXP 	num2_2: autoDraw = True
4.3388 	EXP 	num3_2: autoDraw = True
4.3388 	EXP 	num4_2: autoDraw = True
5.4143 	DATA 	Keypress: 3
5.4402 	EXP 	fixCross: foreColor = <psychopy.colors.Color: (1.0, 0.0, 0.0, 1.0)>
5.4402 	EXP 	fixCross: borderColor = <psychopy.colors.Color: (1.0, 0.0, 0.0, 1.0)>
5.4402 	EXP 	fixCross: fillColor = <psychopy.colors.Color: (1.0, 0.0, 0.0, 1.0)>
5.4402 	EXP 	text1_2: foreColor = <psychopy.colors.Color: (1.0, 0.0, 0.0, 1.0)>
5.4402 	EXP 	text5_2: foreColor = <psychopy.colors.Color: (1.0, 0.0, 0.0, 1.0)>
5.4402 	EXP 	num1_2: foreColor = <psychopy.colors.Color: (1.0, 0.0, 0.0, 1.0)>
5.4402 	EXP 	fixCross: foreColor = <psychopy.colors.Color: (1.0, 0.0, 0.0, 1.0)>
5.4402 	EXP 	fixCross: borderColor = <psychopy.colors.Color: (1.0, 0.0, 0.0, 1.0)>
5.4402 	EXP 	fixCross: fillColor = <psychopy.colors.Color: (1.0, 0.0, 0.0, 1.0)>
5.4402 	EXP 	text2_2: foreColor = <psychopy.colors.Color: (1.0, 0.0, 0.0, 1.0)>
5.4402 	EXP 	text6_2: foreColor = <psychopy.colors.Color: (1.0, 0.0, 0.0, 1.0)>
5.4402 	EXP 	num2_2: foreColor = <psychopy.colors.Color: (1.0, 0.0, 0.0, 1.0)>
5.4402 	EXP 	fixCross: foreColor = <psychopy.colors.Color: (0.0, 1.0, 0.0, 1.0)>
5.4402 	EXP 	fixCross: borderColor = <psychopy.colors.Color: (0.0, 1.0, 0.0, 1.0)>
5.4402 	EXP 	fixCross: fillColor = <psychopy.colors.Color: (0.0, 1.0, 0.0, 1.0)>
5.4402 	EXP 	text3_2: foreColor = <psychopy.colors.Color: (0.0, 1.0, 0.0, 1.0)>
5.4402 	EXP 	text7_2: foreColor = <psychopy.colors.Color: (0.0, 1.0, 0.0, 1.0)>
5.4402 	EXP 	num3_2: foreColor = <psychopy.colors.Color: (0.0, 1.0, 0.0, 1.0)>
5.4402 	EXP 	fixCross: foreColor = <psychopy.colors.Color: (1.0, 0.0, 0.0, 1.0)>
5.4402 	EXP 	fixCross: borderColor = <psychopy.colors.Color: (1.0, 0.0, 0.0, 1.0)>
5.4402 	EXP 	fixCross: fillColor = <psychopy.colors.Color: (1.0, 0.0, 0.0, 1.0)>
5.4402 	EXP 	text4_2: foreColor = <psychopy.colors.Color: (1.0, 0.0, 0.0, 1.0)>
5.4402 	EXP 	text8_2: foreColor = <psychopy.colors.Color: (1.0, 0.0, 0.0, 1.0)>
5.4402 	EXP 	num4_2: foreColor = <psychopy.colors.Color: (1.0, 0.0, 0.0, 1.0)>
8.4814 	DATA 	Keypress: escape
8.6107 	EXP 	pilotv2: status = STOPPED
8.6263 	EXP 	fixCross_2: autoDraw = False
8.6263 	EXP 	text1_2: autoDraw = False
8.6263 	EXP 	text2_2: autoDraw = False
8.6263 	EXP 	text3_2: autoDraw = False
8.6263 	EXP 	text4_2: autoDraw = False
8.6263 	EXP 	text5_2: autoDraw = False
8.6263 	EXP 	text6_2: autoDraw = False
8.6263 	EXP 	text7_2: autoDraw = False
8.6263 	EXP 	text8_2: autoDraw = False
8.6263 	EXP 	num1_2: autoDraw = False
8.6263 	EXP 	num2_2: autoDraw = False
8.6263 	EXP 	num3_2: autoDraw = False
8.6263 	EXP 	num4_2: autoDraw = False
8.6265 	EXP 	pilotv2: status = STOPPED
8.8460 	EXP 	window1: mouseVisible = True
