2.3768 	ERROR 	Support for the `sounddevice` audio backend is not available this session. Please install `psychopy-sounddevice` and restart the session to enable support.
17.4226 	WARNING 	User requested fullscreen with size [1536  864], but screen is actually [1920, 1080]. Using actual size
18.2037 	EXP 	Created window1 = Window(allowGUI=True, allowStencil=False, autoLog=True, backendConf=UNKNOWN, backgroundFit=<method-wrapper '__getattribute__' of attributeSetter object at 0x00000229F4368D90>, backgroundImage=<method-wrapper '__getattribute__' of attributeSetter object at 0x00000229F4368D30>, bitsMode=UNKNOWN, blendMode='avg', bpc=(8, 8, 8), color=array([-0.4039, -0.4039, -0.4039]), colorSpace='rgb', depthBits=8, fullscr=<method-wrapper '__getattribute__' of attributeSetter object at 0x00000229F4368B50>, gamma=None, gammaErrorPolicy='raise', lms=UNKNOWN, monitor=<psychopy.monitors.calibTools.Monitor object at 0x00000229FA957CD0>, multiSample=False, name='window1', numSamples=2, pos=(-1920, 0), screen=0, size=array([1920, 1080]), stencilBits=0, stereo=False, title='PsychoPy', units='height', useFBO=True, useRetina=False, viewOri=0.0, viewPos=None, viewScale=None, waitBlanking=True, winType='pyglet')
18.2038 	EXP 	window1: mouseVisible = True
18.2038 	EXP 	window1: backgroundImage = ''
18.2038 	EXP 	window1: backgroundFit = 'none'
18.2053 	EXP 	window1: Attempting to measure frame rate of screen (0) ...
18.2053 	EXP 	window1: recordFrameIntervals = False
18.3699 	EXP 	window1: recordFrameIntervals = True
18.5538 	EXP 	Screen (0) actual frame rate measured at 59.79Hz
18.5538 	EXP 	window1: recordFrameIntervals = False
18.5539 	EXP 	window1: mouseVisible = False
20.6717 	EXP 	pilotv2: status = STARTED
20.6722 	EXP 	window1: mouseVisible = True
20.6827 	EXP 	Created imageInstruct = ImageStim(__class__=<class 'psychopy.visual.image.ImageStim'>, anchor=('center', 'center'), autoLog=True, color=array([1., 1., 1.]), colorSpace='rgb', contrast=1.0, depth=0.0, draggable=False, flipHoriz=False, flipVert=False, image='default.png', interpolate=True, mask=None, maskParams=None, name='imageInstruct', opacity=1.0, ori=0.0, pos=array([0., 0.]), size=array([1.6    , 1.00736]), texRes=128.0, units='height', win=Window(...))
20.6829 	EXP 	window1: mouseVisible = True
20.6831 	EXP 	window1: mouseVisible = True
20.6835 	EXP 	window1: mouseVisible = True
20.6839 	EXP 	window1: mouseVisible = True
20.6974 	EXP 	window1: mouseVisible = True
20.6975 	EXP 	window1: mouseVisible = True
20.6979 	EXP 	window1: mouseVisible = True
20.6984 	EXP 	window1: mouseVisible = True
20.7100 	EXP 	window1: mouseVisible = True
20.7102 	EXP 	window1: mouseVisible = True
20.7103 	EXP 	window1: mouseVisible = True
20.7108 	EXP 	window1: mouseVisible = True
20.7112 	EXP 	window1: mouseVisible = True
20.7222 	EXP 	window1: mouseVisible = True
20.7224 	EXP 	window1: mouseVisible = True
20.7228 	EXP 	window1: mouseVisible = True
20.7232 	EXP 	window1: mouseVisible = True
20.7266 	EXP 	window1: mouseVisible = True
20.7268 	EXP 	window1: mouseVisible = True
20.7893 	EXP 	Created text_8 = TextStim(__class__=<class 'psychopy.visual.text.TextStim'>, alignHoriz=method-wrapper(...), alignText='center', alignVert=method-wrapper(...), anchorHoriz='center', anchorVert='center', antialias=True, autoDraw=False, autoLog=True, bold=False, color=array([1., 1., 1.]), colorSpace='rgb', contrast=1.0, depth=0.0, draggable=False, flipHoriz=False, flipVert=False, font='Open Sans', fontFiles=[], height=0.05, italic=False, languageStyle='LTR', name='text_8', opacity=1.0, ori=0.0, pos=array([0., 0.]), rgb=UNKNOWN, text=str(...), units='height', win=Window(...), wrapWidth=1)
20.7896 	EXP 	window1: mouseVisible = True
20.7897 	EXP 	window1: mouseVisible = True
20.7903 	EXP 	window1: mouseVisible = True
20.7908 	EXP 	window1: mouseVisible = True
20.8146 	EXP 	window1: mouseVisible = True
20.8147 	EXP 	window1: mouseVisible = True
20.8151 	EXP 	window1: mouseVisible = True
20.8156 	EXP 	window1: mouseVisible = True
20.8258 	EXP 	window1: mouseVisible = True
20.8260 	EXP 	window1: mouseVisible = True
20.8262 	EXP 	window1: mouseVisible = True
20.8266 	EXP 	window1: mouseVisible = True
20.8270 	EXP 	window1: mouseVisible = True
20.8355 	EXP 	window1: mouseVisible = True
20.8357 	EXP 	window1: mouseVisible = True
20.8361 	EXP 	window1: mouseVisible = True
20.8365 	EXP 	window1: mouseVisible = True
20.8400 	EXP 	window1: mouseVisible = True
20.8401 	EXP 	window1: mouseVisible = True
20.8439 	EXP 	Created image_17 = ImageStim(__class__=<class 'psychopy.visual.image.ImageStim'>, anchor=('center', 'center'), autoLog=True, color=array([1., 1., 1.]), colorSpace='rgb', contrast=1.0, depth=-3.0, draggable=False, flipHoriz=False, flipVert=False, image='stim/ori1.png', interpolate=True, mask=None, maskParams=None, name='image_17', opacity=1.0, ori=0.0, pos=array([0.  , 0.23]), size=array([0.15, 0.15]), texRes=128.0, units='height', win=Window(...))
20.8440 	EXP 	window1: mouseVisible = True
20.8481 	EXP 	Created text_9 = TextStim(__class__=<class 'psychopy.visual.text.TextStim'>, alignHoriz=method-wrapper(...), alignText='center', alignVert=method-wrapper(...), anchorHoriz='center', anchorVert='center', antialias=True, autoDraw=False, autoLog=True, bold=False, color=array([1., 1., 1.]), colorSpace='rgb', contrast=1.0, depth=0.0, draggable=False, flipHoriz=False, flipVert=False, font='Open Sans', fontFiles=[], height=0.05, italic=False, languageStyle='LTR', name='text_9', opacity=1.0, ori=0.0, pos=array([0., 0.]), rgb=UNKNOWN, text=str(...), units='height', win=Window(...), wrapWidth=1)
20.8483 	EXP 	window1: mouseVisible = True
20.8484 	EXP 	window1: mouseVisible = True
20.8489 	EXP 	window1: mouseVisible = True
20.8493 	EXP 	window1: mouseVisible = True
20.8532 	EXP 	window1: mouseVisible = True
20.8533 	EXP 	window1: mouseVisible = True
20.8537 	EXP 	window1: mouseVisible = True
20.8541 	EXP 	window1: mouseVisible = True
20.8576 	EXP 	window1: mouseVisible = True
20.8578 	EXP 	window1: mouseVisible = True
20.8579 	EXP 	window1: mouseVisible = True
20.8584 	EXP 	window1: mouseVisible = True
20.8588 	EXP 	window1: mouseVisible = True
20.8627 	EXP 	window1: mouseVisible = True
20.8628 	EXP 	window1: mouseVisible = True
20.8633 	EXP 	window1: mouseVisible = True
20.8637 	EXP 	window1: mouseVisible = True
20.8671 	EXP 	window1: mouseVisible = True
20.8671 	EXP 	window1: mouseVisible = True
20.8710 	EXP 	Created image_18 = ImageStim(__class__=<class 'psychopy.visual.image.ImageStim'>, anchor=('center', 'center'), autoLog=True, color=array([1., 1., 1.]), colorSpace='rgb', contrast=1.0, depth=-3.0, draggable=False, flipHoriz=False, flipVert=False, image='stim/obj2.png', interpolate=True, mask=None, maskParams=None, name='image_18', opacity=1.0, ori=0.0, pos=array([0.  , 0.23]), size=array([0.15, 0.15]), texRes=128.0, units='height', win=Window(...))
20.8712 	EXP 	window1: mouseVisible = True
20.8751 	EXP 	Created text_10 = TextStim(__class__=<class 'psychopy.visual.text.TextStim'>, alignHoriz=method-wrapper(...), alignText='center', alignVert=method-wrapper(...), anchorHoriz='center', anchorVert='center', antialias=True, autoDraw=False, autoLog=True, bold=False, color=array([1., 1., 1.]), colorSpace='rgb', contrast=1.0, depth=0.0, draggable=False, flipHoriz=False, flipVert=False, font='Open Sans', fontFiles=[], height=0.05, italic=False, languageStyle='LTR', name='text_10', opacity=1.0, ori=0.0, pos=array([0., 0.]), rgb=UNKNOWN, text=str(...), units='height', win=Window(...), wrapWidth=1)
20.8754 	EXP 	window1: mouseVisible = True
20.8755 	EXP 	window1: mouseVisible = True
20.8760 	EXP 	window1: mouseVisible = True
20.8764 	EXP 	window1: mouseVisible = True
20.8804 	EXP 	window1: mouseVisible = True
20.8805 	EXP 	window1: mouseVisible = True
20.8809 	EXP 	window1: mouseVisible = True
20.8813 	EXP 	window1: mouseVisible = True
20.8848 	EXP 	window1: mouseVisible = True
20.8850 	EXP 	window1: mouseVisible = True
20.8852 	EXP 	window1: mouseVisible = True
20.8856 	EXP 	window1: mouseVisible = True
20.8860 	EXP 	window1: mouseVisible = True
20.8899 	EXP 	window1: mouseVisible = True
20.8900 	EXP 	window1: mouseVisible = True
20.8905 	EXP 	window1: mouseVisible = True
20.8909 	EXP 	window1: mouseVisible = True
20.8942 	EXP 	window1: mouseVisible = True
20.8943 	EXP 	window1: mouseVisible = True
20.8984 	EXP 	Created image_19 = ImageStim(__class__=<class 'psychopy.visual.image.ImageStim'>, anchor=('center', 'center'), autoLog=True, color=array([1., 1., 1.]), colorSpace='rgb', contrast=1.0, depth=-3.0, draggable=False, flipHoriz=False, flipVert=False, image='stim/ori2.png', interpolate=True, mask=None, maskParams=None, name='image_19', opacity=1.0, ori=0.0, pos=array([0.  , 0.23]), size=array([0.15, 0.15]), texRes=128.0, units='height', win=Window(...))
20.8985 	EXP 	window1: mouseVisible = True
20.9028 	EXP 	Created text_11 = TextStim(__class__=<class 'psychopy.visual.text.TextStim'>, alignHoriz=method-wrapper(...), alignText='center', alignVert=method-wrapper(...), anchorHoriz='center', anchorVert='center', antialias=True, autoDraw=False, autoLog=True, bold=False, color=array([1., 1., 1.]), colorSpace='rgb', contrast=1.0, depth=0.0, draggable=False, flipHoriz=False, flipVert=False, font='Open Sans', fontFiles=[], height=0.05, italic=False, languageStyle='LTR', name='text_11', opacity=1.0, ori=0.0, pos=array([0., 0.]), rgb=UNKNOWN, text=str(...), units='height', win=Window(...), wrapWidth=1)
20.9030 	EXP 	window1: mouseVisible = True
20.9031 	EXP 	window1: mouseVisible = True
20.9036 	EXP 	window1: mouseVisible = True
20.9040 	EXP 	window1: mouseVisible = True
20.9080 	EXP 	window1: mouseVisible = True
20.9081 	EXP 	window1: mouseVisible = True
20.9085 	EXP 	window1: mouseVisible = True
20.9089 	EXP 	window1: mouseVisible = True
20.9124 	EXP 	window1: mouseVisible = True
20.9126 	EXP 	window1: mouseVisible = True
20.9127 	EXP 	window1: mouseVisible = True
20.9132 	EXP 	window1: mouseVisible = True
20.9136 	EXP 	window1: mouseVisible = True
20.9175 	EXP 	window1: mouseVisible = True
20.9177 	EXP 	window1: mouseVisible = True
20.9181 	EXP 	window1: mouseVisible = True
20.9186 	EXP 	window1: mouseVisible = True
20.9220 	EXP 	window1: mouseVisible = True
20.9220 	EXP 	window1: mouseVisible = True
20.9262 	EXP 	Created image_20 = ImageStim(__class__=<class 'psychopy.visual.image.ImageStim'>, anchor=('center', 'center'), autoLog=True, color=array([1., 1., 1.]), colorSpace='rgb', contrast=1.0, depth=-3.0, draggable=False, flipHoriz=False, flipVert=False, image='stim/obj1.png', interpolate=True, mask=None, maskParams=None, name='image_20', opacity=1.0, ori=0.0, pos=array([0.  , 0.23]), size=array([0.15, 0.15]), texRes=128.0, units='height', win=Window(...))
20.9263 	EXP 	window1: mouseVisible = True
20.9363 	EXP 	Created imageInstruct_2 = ImageStim(__class__=<class 'psychopy.visual.image.ImageStim'>, anchor=('center', 'center'), autoLog=True, color=array([1., 1., 1.]), colorSpace='rgb', contrast=1.0, depth=0.0, draggable=False, flipHoriz=False, flipVert=False, image='default.png', interpolate=True, mask=None, maskParams=None, name='imageInstruct_2', opacity=1.0, ori=0.0, pos=array([0., 0.]), size=array([1.6    , 1.00736]), texRes=128.0, units='height', win=Window(...))
20.9366 	EXP 	window1: mouseVisible = True
20.9368 	EXP 	window1: mouseVisible = True
20.9374 	EXP 	window1: mouseVisible = True
20.9380 	EXP 	window1: mouseVisible = True
20.9417 	EXP 	window1: mouseVisible = True
20.9418 	EXP 	window1: mouseVisible = True
20.9423 	EXP 	window1: mouseVisible = True
20.9427 	EXP 	window1: mouseVisible = True
20.9461 	EXP 	window1: mouseVisible = True
20.9464 	EXP 	window1: mouseVisible = True
20.9465 	EXP 	window1: mouseVisible = True
20.9469 	EXP 	window1: mouseVisible = True
20.9473 	EXP 	window1: mouseVisible = True
20.9511 	EXP 	window1: mouseVisible = True
20.9512 	EXP 	window1: mouseVisible = True
20.9517 	EXP 	window1: mouseVisible = True
20.9521 	EXP 	window1: mouseVisible = True
20.9554 	EXP 	window1: mouseVisible = True
20.9555 	EXP 	window1: mouseVisible = True
20.9649 	EXP 	Created text = TextStim(__class__=<class 'psychopy.visual.text.TextStim'>, alignHoriz=method-wrapper(...), alignText='center', alignVert=method-wrapper(...), anchorHoriz='center', anchorVert='center', antialias=True, autoDraw=False, autoLog=True, bold=False, color=array([1., 1., 1.]), colorSpace='rgb', contrast=1.0, depth=0.0, draggable=False, flipHoriz=False, flipVert=False, font='Open Sans', fontFiles=[], height=0.05, italic=False, languageStyle='LTR', name='text', opacity=1.0, ori=0.0, pos=array([0., 0.]), rgb=UNKNOWN, text='The experiment will begin soon. Get ready!', units='height', win=Window(...), wrapWidth=1)
20.9650 	EXP 	window1: mouseVisible = True
20.9741 	EXP 	Created cue = ImageStim(__class__=<class 'psychopy.visual.image.ImageStim'>, anchor=('center', 'center'), autoLog=True, color=array([1., 1., 1.]), colorSpace='rgb', contrast=1.0, depth=0.0, draggable=False, flipHoriz=False, flipVert=False, image='default.png', interpolate=True, mask=None, maskParams=None, name='cue', opacity=1.0, ori=0.0, pos=array([0., 0.]), size=array([0.15, 0.15]), texRes=128.0, units='height', win=Window(...))
20.9743 	EXP 	window1: mouseVisible = True
20.9834 	EXP 	Created image = ImageStim(__class__=<class 'psychopy.visual.image.ImageStim'>, anchor=('center', 'center'), autoLog=True, color=array([1., 1., 1.]), colorSpace='rgb', contrast=1.0, depth=0.0, draggable=False, flipHoriz=False, flipVert=False, image='default.png', interpolate=True, mask=None, maskParams=None, name='image', opacity=1.0, ori=0.0, pos=array([0., 0.]), size=array([0.5, 0.5]), texRes=128.0, units='height', win=Window(...))
20.9836 	EXP 	window1: mouseVisible = True
20.9855 	EXP 	Created fixCrossR_2 = ShapeStim(__class__=<class 'psychopy.visual.shape.ShapeStim'>, anchor=('center', 'center'), autoDraw=False, autoLog=True, closeShape=True, color=method-wrapper(...), colorSpace='rgb', contrast=None, depth=-1.0, draggable=False, fillColor=array([-1, -1, -1]), fillColorSpace='rgb', fillRGB=array([-1, -1, -1]), interpolate=True, lineColor=array([-1., -1., -1.]), lineColorSpace='rgb', lineRGB=array([-1, -1, -1]), lineWidth=1.0, name='fixCrossR_2', opacity=1.0, ori=0.0, pos=array([0., 0.]), size=array([0.02, 0.02]), units='height', vertices=ndarray(...), win=Window(...), windingRule=None)
20.9856 	EXP 	window1: mouseVisible = True
20.9873 	EXP 	Created fixCrossR_4 = ShapeStim(__class__=<class 'psychopy.visual.shape.ShapeStim'>, anchor=('center', 'center'), autoDraw=False, autoLog=True, closeShape=True, color=method-wrapper(...), colorSpace='rgb', contrast=None, depth=0.0, draggable=False, fillColor=array([-1, -1, -1]), fillColorSpace='rgb', fillRGB=array([-1, -1, -1]), interpolate=True, lineColor=array([-1., -1., -1.]), lineColorSpace='rgb', lineRGB=array([-1, -1, -1]), lineWidth=1.0, name='fixCrossR_4', opacity=1.0, ori=0.0, pos=array([0., 0.]), size=array([0.02, 0.02]), units='height', vertices=ndarray(...), win=Window(...), windingRule=None)
20.9875 	EXP 	window1: mouseVisible = True
20.9894 	EXP 	Created fixCross_2 = ShapeStim(__class__=<class 'psychopy.visual.shape.ShapeStim'>, anchor=('center', 'center'), autoDraw=False, autoLog=True, closeShape=True, color=method-wrapper(...), colorSpace='rgb', contrast=None, depth=0.0, draggable=False, fillColor=array([1, 1, 1]), fillColorSpace='rgb', fillRGB=array([1, 1, 1]), interpolate=True, lineColor=array([1., 1., 1.]), lineColorSpace='rgb', lineRGB=array([1, 1, 1]), lineWidth=1.0, name='fixCross_2', opacity=1.0, ori=0.0, pos=array([0., 0.]), size=array([0.02, 0.02]), units='height', vertices=ndarray(...), win=Window(...), windingRule=None)
20.9896 	EXP 	window1: mouseVisible = True
20.9912 	EXP 	Created text1_2 = TextStim(__class__=<class 'psychopy.visual.text.TextStim'>, alignHoriz=method-wrapper(...), alignText='center', alignVert=method-wrapper(...), anchorHoriz='center', anchorVert='center', antialias=True, autoDraw=False, autoLog=True, bold=False, color=array([1., 1., 1.]), colorSpace='rgb', contrast=1.0, depth=-1.0, draggable=False, flipHoriz=False, flipVert=False, font='Open Sans', fontFiles=[], height=0.05, italic=False, languageStyle='LTR', name='text1_2', opacity=1.0, ori=0.0, pos=array([-0.225,  0.08 ]), rgb=UNKNOWN, text='', units='norm', win=Window(...), wrapWidth=1)
20.9913 	EXP 	window1: mouseVisible = True
20.9924 	EXP 	Created text2_2 = TextStim(__class__=<class 'psychopy.visual.text.TextStim'>, alignHoriz=method-wrapper(...), alignText='center', alignVert=method-wrapper(...), anchorHoriz='center', anchorVert='center', antialias=True, autoDraw=False, autoLog=True, bold=False, color=array([1., 1., 1.]), colorSpace='rgb', contrast=1.0, depth=-2.0, draggable=False, flipHoriz=False, flipVert=False, font='Open Sans', fontFiles=[], height=0.05, italic=False, languageStyle='LTR', name='text2_2', opacity=1.0, ori=0.0, pos=array([-0.075,  0.08 ]), rgb=UNKNOWN, text='', units='norm', win=Window(...), wrapWidth=1)
20.9925 	EXP 	window1: mouseVisible = True
20.9935 	EXP 	Created text3_2 = TextStim(__class__=<class 'psychopy.visual.text.TextStim'>, alignHoriz=method-wrapper(...), alignText='center', alignVert=method-wrapper(...), anchorHoriz='center', anchorVert='center', antialias=True, autoDraw=False, autoLog=True, bold=False, color=array([1., 1., 1.]), colorSpace='rgb', contrast=1.0, depth=-3.0, draggable=False, flipHoriz=False, flipVert=False, font='Open Sans', fontFiles=[], height=0.05, italic=False, languageStyle='LTR', name='text3_2', opacity=1.0, ori=0.0, pos=array([0.075, 0.08 ]), rgb=UNKNOWN, text='', units='norm', win=Window(...), wrapWidth=1)
20.9935 	EXP 	window1: mouseVisible = True
20.9945 	EXP 	Created text4_2 = TextStim(__class__=<class 'psychopy.visual.text.TextStim'>, alignHoriz=method-wrapper(...), alignText='center', alignVert=method-wrapper(...), anchorHoriz='center', anchorVert='center', antialias=True, autoDraw=False, autoLog=True, bold=False, color=array([1., 1., 1.]), colorSpace='rgb', contrast=1.0, depth=-4.0, draggable=False, flipHoriz=False, flipVert=False, font='Open Sans', fontFiles=[], height=0.05, italic=False, languageStyle='LTR', name='text4_2', opacity=1.0, ori=0.0, pos=array([0.225, 0.08 ]), rgb=UNKNOWN, text='', units='norm', win=Window(...), wrapWidth=1)
20.9946 	EXP 	window1: mouseVisible = True
20.9956 	EXP 	Created text5_2 = TextStim(__class__=<class 'psychopy.visual.text.TextStim'>, alignHoriz=method-wrapper(...), alignText='center', alignVert=method-wrapper(...), anchorHoriz='center', anchorVert='center', antialias=True, autoDraw=False, autoLog=True, bold=False, color=array([1., 1., 1.]), colorSpace='rgb', contrast=1.0, depth=-5.0, draggable=False, flipHoriz=False, flipVert=False, font='Open Sans', fontFiles=[], height=0.05, italic=False, languageStyle='LTR', name='text5_2', opacity=1.0, ori=0.0, pos=array([-0.225, -0.08 ]), rgb=UNKNOWN, text='', units='norm', win=Window(...), wrapWidth=1)
20.9957 	EXP 	window1: mouseVisible = True
20.9967 	EXP 	Created text6_2 = TextStim(__class__=<class 'psychopy.visual.text.TextStim'>, alignHoriz=method-wrapper(...), alignText='center', alignVert=method-wrapper(...), anchorHoriz='center', anchorVert='center', antialias=True, autoDraw=False, autoLog=True, bold=False, color=array([1., 1., 1.]), colorSpace='rgb', contrast=1.0, depth=-6.0, draggable=False, flipHoriz=False, flipVert=False, font='Open Sans', fontFiles=[], height=0.05, italic=False, languageStyle='LTR', name='text6_2', opacity=1.0, ori=0.0, pos=array([-0.075, -0.08 ]), rgb=UNKNOWN, text='', units='norm', win=Window(...), wrapWidth=1)
20.9968 	EXP 	window1: mouseVisible = True
20.9978 	EXP 	Created text7_2 = TextStim(__class__=<class 'psychopy.visual.text.TextStim'>, alignHoriz=method-wrapper(...), alignText='center', alignVert=method-wrapper(...), anchorHoriz='center', anchorVert='center', antialias=True, autoDraw=False, autoLog=True, bold=False, color=array([1., 1., 1.]), colorSpace='rgb', contrast=1.0, depth=-7.0, draggable=False, flipHoriz=False, flipVert=False, font='Open Sans', fontFiles=[], height=0.05, italic=False, languageStyle='LTR', name='text7_2', opacity=1.0, ori=0.0, pos=array([ 0.075, -0.08 ]), rgb=UNKNOWN, text='', units='norm', win=Window(...), wrapWidth=1)
20.9979 	EXP 	window1: mouseVisible = True
20.9989 	EXP 	Created text8_2 = TextStim(__class__=<class 'psychopy.visual.text.TextStim'>, alignHoriz=method-wrapper(...), alignText='center', alignVert=method-wrapper(...), anchorHoriz='center', anchorVert='center', antialias=True, autoDraw=False, autoLog=True, bold=False, color=array([1., 1., 1.]), colorSpace='rgb', contrast=1.0, depth=-8.0, draggable=False, flipHoriz=False, flipVert=False, font='Open Sans', fontFiles=[], height=0.05, italic=False, languageStyle='LTR', name='text8_2', opacity=1.0, ori=0.0, pos=array([ 0.225, -0.08 ]), rgb=UNKNOWN, text='', units='norm', win=Window(...), wrapWidth=1)
20.9990 	EXP 	window1: mouseVisible = True
21.0001 	EXP 	Created num1_2 = TextStim(__class__=<class 'psychopy.visual.text.TextStim'>, alignHoriz=method-wrapper(...), alignText='center', alignVert=method-wrapper(...), anchorHoriz='center', anchorVert='center', antialias=True, autoDraw=False, autoLog=True, bold=False, color=array([1., 1., 1.]), colorSpace='rgb', contrast=1.0, depth=-10.0, draggable=False, flipHoriz=False, flipVert=False, font='Open Sans', fontFiles=[], height=0.1, italic=False, languageStyle='LTR', name='num1_2', opacity=1.0, ori=0.0, pos=array([-0.225,  0.24 ]), rgb=UNKNOWN, text='', units='norm', win=Window(...), wrapWidth=1)
21.0002 	EXP 	window1: mouseVisible = True
21.0013 	EXP 	Created num2_2 = TextStim(__class__=<class 'psychopy.visual.text.TextStim'>, alignHoriz=method-wrapper(...), alignText='center', alignVert=method-wrapper(...), anchorHoriz='center', anchorVert='center', antialias=True, autoDraw=False, autoLog=True, bold=False, color=array([1., 1., 1.]), colorSpace='rgb', contrast=1.0, depth=-11.0, draggable=False, flipHoriz=False, flipVert=False, font='Open Sans', fontFiles=[], height=0.1, italic=False, languageStyle='LTR', name='num2_2', opacity=1.0, ori=0.0, pos=array([-0.075,  0.24 ]), rgb=UNKNOWN, text='', units='norm', win=Window(...), wrapWidth=1)
21.0014 	EXP 	window1: mouseVisible = True
21.0026 	EXP 	Created num3_2 = TextStim(__class__=<class 'psychopy.visual.text.TextStim'>, alignHoriz=method-wrapper(...), alignText='center', alignVert=method-wrapper(...), anchorHoriz='center', anchorVert='center', antialias=True, autoDraw=False, autoLog=True, bold=False, color=array([1., 1., 1.]), colorSpace='rgb', contrast=1.0, depth=-12.0, draggable=False, flipHoriz=False, flipVert=False, font='Open Sans', fontFiles=[], height=0.1, italic=False, languageStyle='LTR', name='num3_2', opacity=1.0, ori=0.0, pos=array([0.075, 0.24 ]), rgb=UNKNOWN, text='', units='norm', win=Window(...), wrapWidth=1)
21.0027 	EXP 	window1: mouseVisible = True
21.0038 	EXP 	Created num4_2 = TextStim(__class__=<class 'psychopy.visual.text.TextStim'>, alignHoriz=method-wrapper(...), alignText='center', alignVert=method-wrapper(...), anchorHoriz='center', anchorVert='center', antialias=True, autoDraw=False, autoLog=True, bold=False, color=array([1., 1., 1.]), colorSpace='rgb', contrast=1.0, depth=-13.0, draggable=False, flipHoriz=False, flipVert=False, font='Open Sans', fontFiles=[], height=0.1, italic=False, languageStyle='LTR', name='num4_2', opacity=1.0, ori=0.0, pos=array([0.225, 0.24 ]), rgb=UNKNOWN, text='', units='norm', win=Window(...), wrapWidth=1)
21.0040 	EXP 	window1: mouseVisible = True
21.0129 	EXP 	Created cue = ImageStim(__class__=<class 'psychopy.visual.image.ImageStim'>, anchor=('center', 'center'), autoLog=True, color=array([1., 1., 1.]), colorSpace='rgb', contrast=1.0, depth=0.0, draggable=False, flipHoriz=False, flipVert=False, image='default.png', interpolate=True, mask=None, maskParams=None, name='cue', opacity=1.0, ori=0.0, pos=array([0., 0.]), size=array([0.15, 0.15]), texRes=128.0, units='height', win=Window(...))
21.0130 	EXP 	window1: mouseVisible = True
21.0221 	EXP 	Created image = ImageStim(__class__=<class 'psychopy.visual.image.ImageStim'>, anchor=('center', 'center'), autoLog=True, color=array([1., 1., 1.]), colorSpace='rgb', contrast=1.0, depth=0.0, draggable=False, flipHoriz=False, flipVert=False, image='default.png', interpolate=True, mask=None, maskParams=None, name='image', opacity=1.0, ori=0.0, pos=array([0., 0.]), size=array([0.5, 0.5]), texRes=128.0, units='height', win=Window(...))
21.0222 	EXP 	window1: mouseVisible = True
21.0241 	EXP 	Created fixCrossR_2 = ShapeStim(__class__=<class 'psychopy.visual.shape.ShapeStim'>, anchor=('center', 'center'), autoDraw=False, autoLog=True, closeShape=True, color=method-wrapper(...), colorSpace='rgb', contrast=None, depth=-1.0, draggable=False, fillColor=array([-1, -1, -1]), fillColorSpace='rgb', fillRGB=array([-1, -1, -1]), interpolate=True, lineColor=array([-1., -1., -1.]), lineColorSpace='rgb', lineRGB=array([-1, -1, -1]), lineWidth=1.0, name='fixCrossR_2', opacity=1.0, ori=0.0, pos=array([0., 0.]), size=array([0.02, 0.02]), units='height', vertices=ndarray(...), win=Window(...), windingRule=None)
21.0242 	EXP 	window1: mouseVisible = True
21.0259 	EXP 	Created fixCrossR_4 = ShapeStim(__class__=<class 'psychopy.visual.shape.ShapeStim'>, anchor=('center', 'center'), autoDraw=False, autoLog=True, closeShape=True, color=method-wrapper(...), colorSpace='rgb', contrast=None, depth=0.0, draggable=False, fillColor=array([-1, -1, -1]), fillColorSpace='rgb', fillRGB=array([-1, -1, -1]), interpolate=True, lineColor=array([-1., -1., -1.]), lineColorSpace='rgb', lineRGB=array([-1, -1, -1]), lineWidth=1.0, name='fixCrossR_4', opacity=1.0, ori=0.0, pos=array([0., 0.]), size=array([0.02, 0.02]), units='height', vertices=ndarray(...), win=Window(...), windingRule=None)
21.0260 	EXP 	window1: mouseVisible = True
21.0277 	EXP 	Created fixCross = ShapeStim(__class__=<class 'psychopy.visual.shape.ShapeStim'>, anchor=('center', 'center'), autoDraw=False, autoLog=True, closeShape=True, color=method-wrapper(...), colorSpace='rgb', contrast=None, depth=0.0, draggable=False, fillColor=array([1, 1, 1]), fillColorSpace='rgb', fillRGB=array([1, 1, 1]), interpolate=True, lineColor=array([1., 1., 1.]), lineColorSpace='rgb', lineRGB=array([1, 1, 1]), lineWidth=1.0, name='fixCross', opacity=1.0, ori=0.0, pos=array([0., 0.]), size=array([0.02, 0.02]), units='height', vertices=ndarray(...), win=Window(...), windingRule=None)
21.0278 	EXP 	window1: mouseVisible = True
21.0289 	EXP 	Created text1 = TextStim(__class__=<class 'psychopy.visual.text.TextStim'>, alignHoriz=method-wrapper(...), alignText='center', alignVert=method-wrapper(...), anchorHoriz='center', anchorVert='center', antialias=True, autoDraw=False, autoLog=True, bold=False, color=array([1., 1., 1.]), colorSpace='rgb', contrast=1.0, depth=-1.0, draggable=False, flipHoriz=False, flipVert=False, font='Open Sans', fontFiles=[], height=0.05, italic=False, languageStyle='LTR', name='text1', opacity=1.0, ori=0.0, pos=array([-0.225,  0.08 ]), rgb=UNKNOWN, text='', units='norm', win=Window(...), wrapWidth=1)
21.0290 	EXP 	window1: mouseVisible = True
21.0300 	EXP 	Created text2 = TextStim(__class__=<class 'psychopy.visual.text.TextStim'>, alignHoriz=method-wrapper(...), alignText='center', alignVert=method-wrapper(...), anchorHoriz='center', anchorVert='center', antialias=True, autoDraw=False, autoLog=True, bold=False, color=array([1., 1., 1.]), colorSpace='rgb', contrast=1.0, depth=-2.0, draggable=False, flipHoriz=False, flipVert=False, font='Open Sans', fontFiles=[], height=0.05, italic=False, languageStyle='LTR', name='text2', opacity=1.0, ori=0.0, pos=array([-0.075,  0.08 ]), rgb=UNKNOWN, text='', units='norm', win=Window(...), wrapWidth=1)
21.0301 	EXP 	window1: mouseVisible = True
21.0311 	EXP 	Created text3 = TextStim(__class__=<class 'psychopy.visual.text.TextStim'>, alignHoriz=method-wrapper(...), alignText='center', alignVert=method-wrapper(...), anchorHoriz='center', anchorVert='center', antialias=True, autoDraw=False, autoLog=True, bold=False, color=array([1., 1., 1.]), colorSpace='rgb', contrast=1.0, depth=-3.0, draggable=False, flipHoriz=False, flipVert=False, font='Open Sans', fontFiles=[], height=0.05, italic=False, languageStyle='LTR', name='text3', opacity=1.0, ori=0.0, pos=array([0.075, 0.08 ]), rgb=UNKNOWN, text='', units='norm', win=Window(...), wrapWidth=1)
21.0312 	EXP 	window1: mouseVisible = True
21.0322 	EXP 	Created text4 = TextStim(__class__=<class 'psychopy.visual.text.TextStim'>, alignHoriz=method-wrapper(...), alignText='center', alignVert=method-wrapper(...), anchorHoriz='center', anchorVert='center', antialias=True, autoDraw=False, autoLog=True, bold=False, color=array([1., 1., 1.]), colorSpace='rgb', contrast=1.0, depth=-4.0, draggable=False, flipHoriz=False, flipVert=False, font='Open Sans', fontFiles=[], height=0.05, italic=False, languageStyle='LTR', name='text4', opacity=1.0, ori=0.0, pos=array([0.225, 0.08 ]), rgb=UNKNOWN, text='', units='norm', win=Window(...), wrapWidth=1)
21.0323 	EXP 	window1: mouseVisible = True
21.0333 	EXP 	Created text5 = TextStim(__class__=<class 'psychopy.visual.text.TextStim'>, alignHoriz=method-wrapper(...), alignText='center', alignVert=method-wrapper(...), anchorHoriz='center', anchorVert='center', antialias=True, autoDraw=False, autoLog=True, bold=False, color=array([1., 1., 1.]), colorSpace='rgb', contrast=1.0, depth=-5.0, draggable=False, flipHoriz=False, flipVert=False, font='Open Sans', fontFiles=[], height=0.05, italic=False, languageStyle='LTR', name='text5', opacity=1.0, ori=0.0, pos=array([-0.225, -0.08 ]), rgb=UNKNOWN, text='', units='norm', win=Window(...), wrapWidth=1)
21.0333 	EXP 	window1: mouseVisible = True
21.0344 	EXP 	Created text6 = TextStim(__class__=<class 'psychopy.visual.text.TextStim'>, alignHoriz=method-wrapper(...), alignText='center', alignVert=method-wrapper(...), anchorHoriz='center', anchorVert='center', antialias=True, autoDraw=False, autoLog=True, bold=False, color=array([1., 1., 1.]), colorSpace='rgb', contrast=1.0, depth=-6.0, draggable=False, flipHoriz=False, flipVert=False, font='Open Sans', fontFiles=[], height=0.05, italic=False, languageStyle='LTR', name='text6', opacity=1.0, ori=0.0, pos=array([-0.075, -0.08 ]), rgb=UNKNOWN, text='', units='norm', win=Window(...), wrapWidth=1)
21.0345 	EXP 	window1: mouseVisible = True
21.0355 	EXP 	Created text7 = TextStim(__class__=<class 'psychopy.visual.text.TextStim'>, alignHoriz=method-wrapper(...), alignText='center', alignVert=method-wrapper(...), anchorHoriz='center', anchorVert='center', antialias=True, autoDraw=False, autoLog=True, bold=False, color=array([1., 1., 1.]), colorSpace='rgb', contrast=1.0, depth=-7.0, draggable=False, flipHoriz=False, flipVert=False, font='Open Sans', fontFiles=[], height=0.05, italic=False, languageStyle='LTR', name='text7', opacity=1.0, ori=0.0, pos=array([ 0.075, -0.08 ]), rgb=UNKNOWN, text='', units='norm', win=Window(...), wrapWidth=1)
21.0355 	EXP 	window1: mouseVisible = True
21.0365 	EXP 	Created text8 = TextStim(__class__=<class 'psychopy.visual.text.TextStim'>, alignHoriz=method-wrapper(...), alignText='center', alignVert=method-wrapper(...), anchorHoriz='center', anchorVert='center', antialias=True, autoDraw=False, autoLog=True, bold=False, color=array([1., 1., 1.]), colorSpace='rgb', contrast=1.0, depth=-8.0, draggable=False, flipHoriz=False, flipVert=False, font='Open Sans', fontFiles=[], height=0.05, italic=False, languageStyle='LTR', name='text8', opacity=1.0, ori=0.0, pos=array([ 0.225, -0.08 ]), rgb=UNKNOWN, text='', units='norm', win=Window(...), wrapWidth=1)
21.0366 	EXP 	window1: mouseVisible = True
21.0376 	EXP 	Created num1 = TextStim(__class__=<class 'psychopy.visual.text.TextStim'>, alignHoriz=method-wrapper(...), alignText='center', alignVert=method-wrapper(...), anchorHoriz='center', anchorVert='center', antialias=True, autoDraw=False, autoLog=True, bold=False, color=array([1., 1., 1.]), colorSpace='rgb', contrast=1.0, depth=-10.0, draggable=False, flipHoriz=False, flipVert=False, font='Open Sans', fontFiles=[], height=0.1, italic=False, languageStyle='LTR', name='num1', opacity=1.0, ori=0.0, pos=array([-0.225,  0.24 ]), rgb=UNKNOWN, text='', units='norm', win=Window(...), wrapWidth=1)
21.0377 	EXP 	window1: mouseVisible = True
21.0388 	EXP 	Created num2 = TextStim(__class__=<class 'psychopy.visual.text.TextStim'>, alignHoriz=method-wrapper(...), alignText='center', alignVert=method-wrapper(...), anchorHoriz='center', anchorVert='center', antialias=True, autoDraw=False, autoLog=True, bold=False, color=array([1., 1., 1.]), colorSpace='rgb', contrast=1.0, depth=-11.0, draggable=False, flipHoriz=False, flipVert=False, font='Open Sans', fontFiles=[], height=0.1, italic=False, languageStyle='LTR', name='num2', opacity=1.0, ori=0.0, pos=array([-0.075,  0.24 ]), rgb=UNKNOWN, text='', units='norm', win=Window(...), wrapWidth=1)
21.0389 	EXP 	window1: mouseVisible = True
21.0399 	EXP 	Created num3 = TextStim(__class__=<class 'psychopy.visual.text.TextStim'>, alignHoriz=method-wrapper(...), alignText='center', alignVert=method-wrapper(...), anchorHoriz='center', anchorVert='center', antialias=True, autoDraw=False, autoLog=True, bold=False, color=array([1., 1., 1.]), colorSpace='rgb', contrast=1.0, depth=-12.0, draggable=False, flipHoriz=False, flipVert=False, font='Open Sans', fontFiles=[], height=0.1, italic=False, languageStyle='LTR', name='num3', opacity=1.0, ori=0.0, pos=array([0.075, 0.24 ]), rgb=UNKNOWN, text='', units='norm', win=Window(...), wrapWidth=1)
21.0401 	EXP 	window1: mouseVisible = True
21.0411 	EXP 	Created num4 = TextStim(__class__=<class 'psychopy.visual.text.TextStim'>, alignHoriz=method-wrapper(...), alignText='center', alignVert=method-wrapper(...), anchorHoriz='center', anchorVert='center', antialias=True, autoDraw=False, autoLog=True, bold=False, color=array([1., 1., 1.]), colorSpace='rgb', contrast=1.0, depth=-13.0, draggable=False, flipHoriz=False, flipVert=False, font='Open Sans', fontFiles=[], height=0.1, italic=False, languageStyle='LTR', name='num4', opacity=1.0, ori=0.0, pos=array([0.225, 0.24 ]), rgb=UNKNOWN, text='', units='norm', win=Window(...), wrapWidth=1)
21.0412 	EXP 	window1: mouseVisible = True
21.0430 	EXP 	Created fixCrossR = ShapeStim(__class__=<class 'psychopy.visual.shape.ShapeStim'>, anchor=('center', 'center'), autoDraw=False, autoLog=True, closeShape=True, color=method-wrapper(...), colorSpace='rgb', contrast=None, depth=0.0, draggable=False, fillColor=array([-1, -1, -1]), fillColorSpace='rgb', fillRGB=array([-1, -1, -1]), interpolate=True, lineColor=array([-1., -1., -1.]), lineColorSpace='rgb', lineRGB=array([-1, -1, -1]), lineWidth=1.0, name='fixCrossR', opacity=1.0, ori=0.0, pos=array([0., 0.]), size=array([0.02, 0.02]), units='height', vertices=ndarray(...), win=Window(...), windingRule=None)
21.0431 	EXP 	window1: mouseVisible = True
21.0444 	EXP 	Created text_total = TextStim(__class__=<class 'psychopy.visual.text.TextStim'>, alignHoriz=method-wrapper(...), alignText='center', alignVert=method-wrapper(...), anchorHoriz='center', anchorVert='center', antialias=True, autoDraw=False, autoLog=True, bold=False, color=array([1., 1., 1.]), colorSpace='rgb', contrast=1.0, depth=-1.0, draggable=False, flipHoriz=False, flipVert=False, font='Open Sans', fontFiles=[], height=0.05, italic=False, languageStyle='LTR', name='text_total', opacity=1.0, ori=0.0, pos=array([0., 0.]), rgb=UNKNOWN, text='', units='height', win=Window(...), wrapWidth=1)
21.0445 	EXP 	window1: mouseVisible = True
21.0457 	EXP 	Created text_acc = TextStim(__class__=<class 'psychopy.visual.text.TextStim'>, alignHoriz=method-wrapper(...), alignText='center', alignVert=method-wrapper(...), anchorHoriz='center', anchorVert='center', antialias=True, autoDraw=False, autoLog=True, bold=False, color=array([1., 1., 1.]), colorSpace='rgb', contrast=1.0, depth=-2.0, draggable=False, flipHoriz=False, flipVert=False, font='Open Sans', fontFiles=[], height=0.05, italic=False, languageStyle='LTR', name='text_acc', opacity=1.0, ori=0.0, pos=array([ 0. , -0.3]), rgb=UNKNOWN, text='', units='height', win=Window(...), wrapWidth=1)
0.0099 	EXP 	Created sequence: random, trialTypes=1, nReps=0, seed=None
0.0255 	EXP 	text: autoDraw = True
0.1816 	DATA 	Mouse: Left button down, pos=(1383,542)
0.2943 	DATA 	Mouse:  Left button up, pos=(1383,542)
1.0176 	EXP 	Imported participantData/s15/block_0/babySteps_s15.xlsx as conditions, 5 conditions, 14 params
1.0179 	EXP 	Created sequence: sequential, trialTypes=5, nReps=1, seed=None
1.0181 	EXP 	New trial (rep=0, index=0): {'category': 'car', 'orientation': 2, 'taskCue': 'stim//obj2.png', 'stimfile': 'stim//car2.png', 'resp1': 'Turtle', 'resp2': 'Horse', 'resp3': 'Car', 'resp4': 'Shoe', 'resp5': 'Full Left', 'resp6': 'Half Right', 'resp7': 'Half Left', 'resp8': 'Full Right', 'objFirst': True, 'interval': 2.475}
1.0215 	DATA 	Keypress: 5
1.0264 	EXP 	text: autoDraw = False
1.0264 	EXP 	cue: image = 'stim//obj2.png'
1.0264 	EXP 	cue: autoDraw = True
1.8784 	DATA 	Mouse: Left button down, pos=(1368,168)
2.0113 	EXP 	Created sequence: sequential, trialTypes=1, nReps=3, seed=None
2.0115 	EXP 	New trial (rep=0, index=0): None
2.1992 	DATA 	Mouse:  Left button up, pos=(1368,169)
2.2108 	EXP 	cue: autoDraw = False
2.2108 	EXP 	cue: autoDraw = False
2.2108 	EXP 	image: image = 'stim//car2.png'
2.2108 	EXP 	image: autoDraw = True
2.2108 	EXP 	fixCrossR_2: autoDraw = True
2.4610 	EXP 	image: autoDraw = False
2.4610 	EXP 	fixCrossR_2: autoDraw = False
2.4610 	EXP 	image: autoDraw = False
2.4610 	EXP 	fixCrossR_2: autoDraw = False
2.4610 	EXP 	fixCrossR_4: autoDraw = True
2.6957 	EXP 	New trial (rep=1, index=0): None
2.8119 	EXP 	fixCrossR_4: autoDraw = False
2.8119 	EXP 	fixCrossR_4: autoDraw = False
2.8119 	EXP 	image: image = 'stim//car2.png'
2.8119 	EXP 	image: autoDraw = True
2.8119 	EXP 	fixCrossR_2: autoDraw = True
3.0615 	EXP 	image: autoDraw = False
3.0615 	EXP 	fixCrossR_2: autoDraw = False
3.0615 	EXP 	image: autoDraw = False
3.0615 	EXP 	fixCrossR_2: autoDraw = False
3.0615 	EXP 	fixCrossR_4: autoDraw = True
3.2957 	EXP 	New trial (rep=2, index=0): None
3.4785 	EXP 	fixCrossR_4: autoDraw = False
3.4785 	EXP 	fixCrossR_4: autoDraw = False
3.4785 	EXP 	image: image = 'stim//car2.png'
3.4785 	EXP 	image: autoDraw = True
3.4785 	EXP 	fixCrossR_2: autoDraw = True
3.7287 	EXP 	image: autoDraw = False
3.7287 	EXP 	fixCrossR_2: autoDraw = False
3.7287 	EXP 	image: autoDraw = False
3.7287 	EXP 	fixCrossR_2: autoDraw = False
3.7287 	EXP 	fixCrossR_4: autoDraw = True
4.0454 	EXP 	fixCrossR_4: autoDraw = False
4.0454 	EXP 	fixCrossR_4: autoDraw = False
4.0454 	EXP 	fixCross_2: fillColor = <psychopy.colors.Color: black, alpha=1.0>
4.0454 	EXP 	fixCross_2: borderColor = <psychopy.colors.Color: black, alpha=1.0>
4.0454 	EXP 	text1_2: foreColor = <psychopy.colors.Color: white, alpha=1.0>
4.0454 	EXP 	text1_2: height = 0.05
4.0454 	EXP 	text1_2: height = 0.05
4.0454 	EXP 	text1_2: height = 0.05
4.0454 	EXP 	text1_2: text = 'Turtle'
4.0454 	EXP 	text2_2: foreColor = <psychopy.colors.Color: white, alpha=1.0>
4.0454 	EXP 	text2_2: height = 0.05
4.0454 	EXP 	text2_2: height = 0.05
4.0454 	EXP 	text2_2: height = 0.05
4.0454 	EXP 	text2_2: text = 'Horse'
4.0454 	EXP 	text3_2: foreColor = <psychopy.colors.Color: white, alpha=1.0>
4.0454 	EXP 	text3_2: height = 0.05
4.0454 	EXP 	text3_2: height = 0.05
4.0454 	EXP 	text3_2: height = 0.05
4.0454 	EXP 	text3_2: text = 'Car'
4.0454 	EXP 	text4_2: foreColor = <psychopy.colors.Color: white, alpha=1.0>
4.0454 	EXP 	text4_2: height = 0.05
4.0454 	EXP 	text4_2: height = 0.05
4.0454 	EXP 	text4_2: height = 0.05
4.0454 	EXP 	text4_2: text = 'Shoe'
4.0454 	EXP 	text5_2: foreColor = <psychopy.colors.Color: white, alpha=1.0>
4.0454 	EXP 	text5_2: height = 0.05
4.0454 	EXP 	text5_2: height = 0.05
4.0454 	EXP 	text5_2: height = 0.05
4.0454 	EXP 	text5_2: text = 'Full Left'
4.0454 	EXP 	text6_2: foreColor = <psychopy.colors.Color: white, alpha=1.0>
4.0454 	EXP 	text6_2: height = 0.05
4.0454 	EXP 	text6_2: height = 0.05
4.0454 	EXP 	text6_2: height = 0.05
4.0454 	EXP 	text6_2: text = 'Half Right'
4.0454 	EXP 	text7_2: foreColor = <psychopy.colors.Color: white, alpha=1.0>
4.0454 	EXP 	text7_2: height = 0.05
4.0454 	EXP 	text7_2: height = 0.05
4.0454 	EXP 	text7_2: height = 0.05
4.0454 	EXP 	text7_2: text = 'Half Left'
4.0454 	EXP 	text8_2: foreColor = <psychopy.colors.Color: white, alpha=1.0>
4.0454 	EXP 	text8_2: height = 0.05
4.0454 	EXP 	text8_2: height = 0.05
4.0454 	EXP 	text8_2: height = 0.05
4.0454 	EXP 	text8_2: text = 'Full Right'
4.0454 	EXP 	num1_2: foreColor = <psychopy.colors.Color: white, alpha=1.0>
4.0454 	EXP 	num1_2: height = 0.1
4.0454 	EXP 	num1_2: height = 0.1
4.0454 	EXP 	num1_2: height = 0.1
4.0454 	EXP 	num1_2: text = '1'
4.0454 	EXP 	num2_2: foreColor = <psychopy.colors.Color: white, alpha=1.0>
4.0454 	EXP 	num2_2: height = 0.1
4.0454 	EXP 	num2_2: height = 0.1
4.0454 	EXP 	num2_2: height = 0.1
4.0454 	EXP 	num2_2: text = '2'
4.0454 	EXP 	num3_2: foreColor = <psychopy.colors.Color: white, alpha=1.0>
4.0454 	EXP 	num3_2: height = 0.1
4.0454 	EXP 	num3_2: height = 0.1
4.0454 	EXP 	num3_2: height = 0.1
4.0454 	EXP 	num3_2: text = '3'
4.0454 	EXP 	num4_2: foreColor = <psychopy.colors.Color: white, alpha=1.0>
4.0454 	EXP 	num4_2: height = 0.1
4.0454 	EXP 	num4_2: height = 0.1
4.0454 	EXP 	num4_2: height = 0.1
4.0454 	EXP 	num4_2: text = '4'
4.0454 	EXP 	fixCross_2: autoDraw = True
4.0454 	EXP 	text1_2: autoDraw = True
4.0454 	EXP 	text2_2: autoDraw = True
4.0454 	EXP 	text3_2: autoDraw = True
4.0454 	EXP 	text4_2: autoDraw = True
4.0454 	EXP 	text5_2: autoDraw = True
4.0454 	EXP 	text6_2: autoDraw = True
4.0454 	EXP 	text7_2: autoDraw = True
4.0454 	EXP 	text8_2: autoDraw = True
4.0454 	EXP 	num1_2: autoDraw = True
4.0454 	EXP 	num2_2: autoDraw = True
4.0454 	EXP 	num3_2: autoDraw = True
4.0454 	EXP 	num4_2: autoDraw = True
4.6538 	DATA 	Keypress: 3
4.6792 	EXP 	fixCross_2: foreColor = <psychopy.colors.Color: (0.0, 1.0, 0.0, 1.0)>
4.6792 	EXP 	fixCross_2: borderColor = <psychopy.colors.Color: (0.0, 1.0, 0.0, 1.0)>
4.6792 	EXP 	fixCross_2: fillColor = <psychopy.colors.Color: (0.0, 1.0, 0.0, 1.0)>
4.6792 	EXP 	text3_2: foreColor = <psychopy.colors.Color: (0.0, 1.0, 0.0, 1.0)>
4.6792 	EXP 	text7_2: foreColor = <psychopy.colors.Color: (0.0, 1.0, 0.0, 1.0)>
4.6792 	EXP 	num3_2: foreColor = <psychopy.colors.Color: (0.0, 1.0, 0.0, 1.0)>
4.8779 	EXP 	window1: mouseVisible = True
