2.3791 	ERROR 	Support for the `sounddevice` audio backend is not available this session. Please install `psychopy-sounddevice` and restart the session to enable support.
11.9366 	WARNING 	User requested fullscreen with size [1536  864], but screen is actually [1920, 1080]. Using actual size
12.9012 	EXP 	Created window1 = Window(allowGUI=True, allowStencil=False, autoLog=True, backendConf=UNKNOWN, backgroundFit=<method-wrapper '__getattribute__' of attributeSetter object at 0x0000029593F69D30>, backgroundImage=<method-wrapper '__getattribute__' of attributeSetter object at 0x0000029593F699D0>, bitsMode=UNKNOWN, blendMode='avg', bpc=(8, 8, 8), color=array([-0.4039, -0.4039, -0.4039]), colorSpace='rgb', depthBits=8, fullscr=<method-wrapper '__getattribute__' of attributeSetter object at 0x0000029593F69B20>, gamma=None, gammaErrorPolicy='raise', lms=UNKNOWN, monitor=<psychopy.monitors.calibTools.Monitor object at 0x000002959449AC70>, multiSample=False, name='window1', numSamples=2, pos=(-1920, 0), screen=0, size=array([1920, 1080]), stencilBits=0, stereo=False, title='PsychoPy', units='height', useFBO=True, useRetina=False, viewOri=0.0, viewPos=None, viewScale=None, waitBlanking=True, winType='pyglet')
12.9014 	EXP 	window1: mouseVisible = True
12.9014 	EXP 	window1: backgroundImage = ''
12.9014 	EXP 	window1: backgroundFit = 'none'
12.9031 	EXP 	window1: Attempting to measure frame rate of screen (0) ...
12.9031 	EXP 	window1: recordFrameIntervals = False
13.0661 	EXP 	window1: recordFrameIntervals = True
13.2515 	EXP 	Screen (0) actual frame rate measured at 59.63Hz
13.2516 	EXP 	window1: recordFrameIntervals = False
13.2517 	EXP 	window1: mouseVisible = False
15.4694 	EXP 	pilotv2: status = STARTED
15.4696 	EXP 	window1: mouseVisible = True
15.4800 	EXP 	Created imageInstruct = ImageStim(__class__=<class 'psychopy.visual.image.ImageStim'>, anchor=('center', 'center'), autoLog=True, color=array([1., 1., 1.]), colorSpace='rgb', contrast=1.0, depth=0.0, draggable=False, flipHoriz=False, flipVert=False, image='default.png', interpolate=True, mask=None, maskParams=None, name='imageInstruct', opacity=1.0, ori=0.0, pos=array([0., 0.]), size=array([1.6    , 1.00736]), texRes=128.0, units='height', win=Window(...))
15.4803 	EXP 	window1: mouseVisible = True
15.4804 	EXP 	window1: mouseVisible = True
15.4808 	EXP 	window1: mouseVisible = True
15.4812 	EXP 	window1: mouseVisible = True
15.5037 	EXP 	window1: mouseVisible = True
15.5038 	EXP 	window1: mouseVisible = True
15.5042 	EXP 	window1: mouseVisible = True
15.5046 	EXP 	window1: mouseVisible = True
15.5229 	EXP 	window1: mouseVisible = True
15.5231 	EXP 	window1: mouseVisible = True
15.5233 	EXP 	window1: mouseVisible = True
15.5237 	EXP 	window1: mouseVisible = True
15.5241 	EXP 	window1: mouseVisible = True
15.5408 	EXP 	window1: mouseVisible = True
15.5410 	EXP 	window1: mouseVisible = True
15.5414 	EXP 	window1: mouseVisible = True
15.5418 	EXP 	window1: mouseVisible = True
15.5451 	EXP 	window1: mouseVisible = True
15.5453 	EXP 	window1: mouseVisible = True
15.6077 	EXP 	Created text_8 = TextStim(__class__=<class 'psychopy.visual.text.TextStim'>, alignHoriz=method-wrapper(...), alignText='center', alignVert=method-wrapper(...), anchorHoriz='center', anchorVert='center', antialias=True, autoDraw=False, autoLog=True, bold=False, color=array([1., 1., 1.]), colorSpace='rgb', contrast=1.0, depth=0.0, draggable=False, flipHoriz=False, flipVert=False, font='Open Sans', fontFiles=[], height=0.05, italic=False, languageStyle='LTR', name='text_8', opacity=1.0, ori=0.0, pos=array([0., 0.]), rgb=UNKNOWN, text=str(...), units='height', win=Window(...), wrapWidth=1)
15.6080 	EXP 	window1: mouseVisible = True
15.6081 	EXP 	window1: mouseVisible = True
15.6085 	EXP 	window1: mouseVisible = True
15.6089 	EXP 	window1: mouseVisible = True
15.6326 	EXP 	window1: mouseVisible = True
15.6328 	EXP 	window1: mouseVisible = True
15.6332 	EXP 	window1: mouseVisible = True
15.6336 	EXP 	window1: mouseVisible = True
15.6436 	EXP 	window1: mouseVisible = True
15.6438 	EXP 	window1: mouseVisible = True
15.6439 	EXP 	window1: mouseVisible = True
15.6443 	EXP 	window1: mouseVisible = True
15.6447 	EXP 	window1: mouseVisible = True
15.6533 	EXP 	window1: mouseVisible = True
15.6534 	EXP 	window1: mouseVisible = True
15.6538 	EXP 	window1: mouseVisible = True
15.6542 	EXP 	window1: mouseVisible = True
15.6575 	EXP 	window1: mouseVisible = True
15.6576 	EXP 	window1: mouseVisible = True
15.6613 	EXP 	Created image_17 = ImageStim(__class__=<class 'psychopy.visual.image.ImageStim'>, anchor=('center', 'center'), autoLog=True, color=array([1., 1., 1.]), colorSpace='rgb', contrast=1.0, depth=-3.0, draggable=False, flipHoriz=False, flipVert=False, image='stim/ori1.png', interpolate=True, mask=None, maskParams=None, name='image_17', opacity=1.0, ori=0.0, pos=array([0.  , 0.23]), size=array([0.15, 0.15]), texRes=128.0, units='height', win=Window(...))
15.6614 	EXP 	window1: mouseVisible = True
15.6655 	EXP 	Created text_9 = TextStim(__class__=<class 'psychopy.visual.text.TextStim'>, alignHoriz=method-wrapper(...), alignText='center', alignVert=method-wrapper(...), anchorHoriz='center', anchorVert='center', antialias=True, autoDraw=False, autoLog=True, bold=False, color=array([1., 1., 1.]), colorSpace='rgb', contrast=1.0, depth=0.0, draggable=False, flipHoriz=False, flipVert=False, font='Open Sans', fontFiles=[], height=0.05, italic=False, languageStyle='LTR', name='text_9', opacity=1.0, ori=0.0, pos=array([0., 0.]), rgb=UNKNOWN, text=str(...), units='height', win=Window(...), wrapWidth=1)
15.6658 	EXP 	window1: mouseVisible = True
15.6659 	EXP 	window1: mouseVisible = True
15.6663 	EXP 	window1: mouseVisible = True
15.6667 	EXP 	window1: mouseVisible = True
15.6706 	EXP 	window1: mouseVisible = True
15.6707 	EXP 	window1: mouseVisible = True
15.6711 	EXP 	window1: mouseVisible = True
15.6715 	EXP 	window1: mouseVisible = True
15.6748 	EXP 	window1: mouseVisible = True
15.6750 	EXP 	window1: mouseVisible = True
15.6751 	EXP 	window1: mouseVisible = True
15.6755 	EXP 	window1: mouseVisible = True
15.6759 	EXP 	window1: mouseVisible = True
15.6799 	EXP 	window1: mouseVisible = True
15.6802 	EXP 	window1: mouseVisible = True
15.6809 	EXP 	window1: mouseVisible = True
15.6819 	EXP 	window1: mouseVisible = True
15.6858 	EXP 	window1: mouseVisible = True
15.6859 	EXP 	window1: mouseVisible = True
15.6897 	EXP 	Created image_18 = ImageStim(__class__=<class 'psychopy.visual.image.ImageStim'>, anchor=('center', 'center'), autoLog=True, color=array([1., 1., 1.]), colorSpace='rgb', contrast=1.0, depth=-3.0, draggable=False, flipHoriz=False, flipVert=False, image='stim/obj2.png', interpolate=True, mask=None, maskParams=None, name='image_18', opacity=1.0, ori=0.0, pos=array([0.  , 0.23]), size=array([0.15, 0.15]), texRes=128.0, units='height', win=Window(...))
15.6898 	EXP 	window1: mouseVisible = True
15.6939 	EXP 	Created text_10 = TextStim(__class__=<class 'psychopy.visual.text.TextStim'>, alignHoriz=method-wrapper(...), alignText='center', alignVert=method-wrapper(...), anchorHoriz='center', anchorVert='center', antialias=True, autoDraw=False, autoLog=True, bold=False, color=array([1., 1., 1.]), colorSpace='rgb', contrast=1.0, depth=0.0, draggable=False, flipHoriz=False, flipVert=False, font='Open Sans', fontFiles=[], height=0.05, italic=False, languageStyle='LTR', name='text_10', opacity=1.0, ori=0.0, pos=array([0., 0.]), rgb=UNKNOWN, text=str(...), units='height', win=Window(...), wrapWidth=1)
15.6942 	EXP 	window1: mouseVisible = True
15.6943 	EXP 	window1: mouseVisible = True
15.6947 	EXP 	window1: mouseVisible = True
15.6951 	EXP 	window1: mouseVisible = True
15.6988 	EXP 	window1: mouseVisible = True
15.6990 	EXP 	window1: mouseVisible = True
15.6994 	EXP 	window1: mouseVisible = True
15.6997 	EXP 	window1: mouseVisible = True
15.7031 	EXP 	window1: mouseVisible = True
15.7033 	EXP 	window1: mouseVisible = True
15.7034 	EXP 	window1: mouseVisible = True
15.7038 	EXP 	window1: mouseVisible = True
15.7042 	EXP 	window1: mouseVisible = True
15.7080 	EXP 	window1: mouseVisible = True
15.7081 	EXP 	window1: mouseVisible = True
15.7085 	EXP 	window1: mouseVisible = True
15.7090 	EXP 	window1: mouseVisible = True
15.7122 	EXP 	window1: mouseVisible = True
15.7123 	EXP 	window1: mouseVisible = True
15.7161 	EXP 	Created image_19 = ImageStim(__class__=<class 'psychopy.visual.image.ImageStim'>, anchor=('center', 'center'), autoLog=True, color=array([1., 1., 1.]), colorSpace='rgb', contrast=1.0, depth=-3.0, draggable=False, flipHoriz=False, flipVert=False, image='stim/ori2.png', interpolate=True, mask=None, maskParams=None, name='image_19', opacity=1.0, ori=0.0, pos=array([0.  , 0.23]), size=array([0.15, 0.15]), texRes=128.0, units='height', win=Window(...))
15.7162 	EXP 	window1: mouseVisible = True
15.7203 	EXP 	Created text_11 = TextStim(__class__=<class 'psychopy.visual.text.TextStim'>, alignHoriz=method-wrapper(...), alignText='center', alignVert=method-wrapper(...), anchorHoriz='center', anchorVert='center', antialias=True, autoDraw=False, autoLog=True, bold=False, color=array([1., 1., 1.]), colorSpace='rgb', contrast=1.0, depth=0.0, draggable=False, flipHoriz=False, flipVert=False, font='Open Sans', fontFiles=[], height=0.05, italic=False, languageStyle='LTR', name='text_11', opacity=1.0, ori=0.0, pos=array([0., 0.]), rgb=UNKNOWN, text=str(...), units='height', win=Window(...), wrapWidth=1)
15.7205 	EXP 	window1: mouseVisible = True
15.7206 	EXP 	window1: mouseVisible = True
15.7210 	EXP 	window1: mouseVisible = True
15.7214 	EXP 	window1: mouseVisible = True
15.7252 	EXP 	window1: mouseVisible = True
15.7253 	EXP 	window1: mouseVisible = True
15.7258 	EXP 	window1: mouseVisible = True
15.7261 	EXP 	window1: mouseVisible = True
15.7295 	EXP 	window1: mouseVisible = True
15.7297 	EXP 	window1: mouseVisible = True
15.7298 	EXP 	window1: mouseVisible = True
15.7302 	EXP 	window1: mouseVisible = True
15.7306 	EXP 	window1: mouseVisible = True
15.7344 	EXP 	window1: mouseVisible = True
15.7345 	EXP 	window1: mouseVisible = True
15.7350 	EXP 	window1: mouseVisible = True
15.7354 	EXP 	window1: mouseVisible = True
15.7387 	EXP 	window1: mouseVisible = True
15.7387 	EXP 	window1: mouseVisible = True
15.7428 	EXP 	Created image_20 = ImageStim(__class__=<class 'psychopy.visual.image.ImageStim'>, anchor=('center', 'center'), autoLog=True, color=array([1., 1., 1.]), colorSpace='rgb', contrast=1.0, depth=-3.0, draggable=False, flipHoriz=False, flipVert=False, image='stim/obj1.png', interpolate=True, mask=None, maskParams=None, name='image_20', opacity=1.0, ori=0.0, pos=array([0.  , 0.23]), size=array([0.15, 0.15]), texRes=128.0, units='height', win=Window(...))
15.7429 	EXP 	window1: mouseVisible = True
15.7519 	EXP 	Created imageInstruct_2 = ImageStim(__class__=<class 'psychopy.visual.image.ImageStim'>, anchor=('center', 'center'), autoLog=True, color=array([1., 1., 1.]), colorSpace='rgb', contrast=1.0, depth=0.0, draggable=False, flipHoriz=False, flipVert=False, image='default.png', interpolate=True, mask=None, maskParams=None, name='imageInstruct_2', opacity=1.0, ori=0.0, pos=array([0., 0.]), size=array([1.6    , 1.00736]), texRes=128.0, units='height', win=Window(...))
15.7521 	EXP 	window1: mouseVisible = True
15.7522 	EXP 	window1: mouseVisible = True
15.7528 	EXP 	window1: mouseVisible = True
15.7531 	EXP 	window1: mouseVisible = True
15.7569 	EXP 	window1: mouseVisible = True
15.7570 	EXP 	window1: mouseVisible = True
15.7576 	EXP 	window1: mouseVisible = True
15.7580 	EXP 	window1: mouseVisible = True
15.7612 	EXP 	window1: mouseVisible = True
15.7614 	EXP 	window1: mouseVisible = True
15.7615 	EXP 	window1: mouseVisible = True
15.7619 	EXP 	window1: mouseVisible = True
15.7623 	EXP 	window1: mouseVisible = True
15.7659 	EXP 	window1: mouseVisible = True
15.7661 	EXP 	window1: mouseVisible = True
15.7665 	EXP 	window1: mouseVisible = True
15.7669 	EXP 	window1: mouseVisible = True
15.7702 	EXP 	window1: mouseVisible = True
15.7703 	EXP 	window1: mouseVisible = True
15.7819 	EXP 	Created text = TextStim(__class__=<class 'psychopy.visual.text.TextStim'>, alignHoriz=method-wrapper(...), alignText='center', alignVert=method-wrapper(...), anchorHoriz='center', anchorVert='center', antialias=True, autoDraw=False, autoLog=True, bold=False, color=array([1., 1., 1.]), colorSpace='rgb', contrast=1.0, depth=0.0, draggable=False, flipHoriz=False, flipVert=False, font='Open Sans', fontFiles=[], height=0.05, italic=False, languageStyle='LTR', name='text', opacity=1.0, ori=0.0, pos=array([0., 0.]), rgb=UNKNOWN, text='The experiment will begin soon. Get ready!', units='height', win=Window(...), wrapWidth=1)
15.7821 	EXP 	window1: mouseVisible = True
15.7914 	EXP 	Created cue = ImageStim(__class__=<class 'psychopy.visual.image.ImageStim'>, anchor=('center', 'center'), autoLog=True, color=array([1., 1., 1.]), colorSpace='rgb', contrast=1.0, depth=0.0, draggable=False, flipHoriz=False, flipVert=False, image='default.png', interpolate=True, mask=None, maskParams=None, name='cue', opacity=1.0, ori=0.0, pos=array([0., 0.]), size=array([0.15, 0.15]), texRes=128.0, units='height', win=Window(...))
15.7915 	EXP 	window1: mouseVisible = True
15.7934 	EXP 	Created fixCrossR_4 = ShapeStim(__class__=<class 'psychopy.visual.shape.ShapeStim'>, anchor=('center', 'center'), autoDraw=False, autoLog=True, closeShape=True, color=method-wrapper(...), colorSpace='rgb', contrast=None, depth=0.0, draggable=False, fillColor=array([-1, -1, -1]), fillColorSpace='rgb', fillRGB=array([-1, -1, -1]), interpolate=True, lineColor=array([-1., -1., -1.]), lineColorSpace='rgb', lineRGB=array([-1, -1, -1]), lineWidth=1.0, name='fixCrossR_4', opacity=1.0, ori=0.0, pos=array([0., 0.]), size=array([0.02, 0.02]), units='height', vertices=ndarray(...), win=Window(...), windingRule=None)
15.7935 	EXP 	window1: mouseVisible = True
15.7951 	EXP 	Created fixCross_2 = ShapeStim(__class__=<class 'psychopy.visual.shape.ShapeStim'>, anchor=('center', 'center'), autoDraw=False, autoLog=True, closeShape=True, color=method-wrapper(...), colorSpace='rgb', contrast=None, depth=0.0, draggable=False, fillColor=array([1, 1, 1]), fillColorSpace='rgb', fillRGB=array([1, 1, 1]), interpolate=True, lineColor=array([1., 1., 1.]), lineColorSpace='rgb', lineRGB=array([1, 1, 1]), lineWidth=1.0, name='fixCross_2', opacity=1.0, ori=0.0, pos=array([0., 0.]), size=array([0.02, 0.02]), units='height', vertices=ndarray(...), win=Window(...), windingRule=None)
15.7953 	EXP 	window1: mouseVisible = True
15.7970 	EXP 	Created text1_2 = TextStim(__class__=<class 'psychopy.visual.text.TextStim'>, alignHoriz=method-wrapper(...), alignText='center', alignVert=method-wrapper(...), anchorHoriz='center', anchorVert='center', antialias=True, autoDraw=False, autoLog=True, bold=False, color=array([1., 1., 1.]), colorSpace='rgb', contrast=1.0, depth=-1.0, draggable=False, flipHoriz=False, flipVert=False, font='Open Sans', fontFiles=[], height=0.05, italic=False, languageStyle='LTR', name='text1_2', opacity=1.0, ori=0.0, pos=array([-0.225,  0.08 ]), rgb=UNKNOWN, text='', units='norm', win=Window(...), wrapWidth=1)
15.7971 	EXP 	window1: mouseVisible = True
15.7981 	EXP 	Created text2_2 = TextStim(__class__=<class 'psychopy.visual.text.TextStim'>, alignHoriz=method-wrapper(...), alignText='center', alignVert=method-wrapper(...), anchorHoriz='center', anchorVert='center', antialias=True, autoDraw=False, autoLog=True, bold=False, color=array([1., 1., 1.]), colorSpace='rgb', contrast=1.0, depth=-2.0, draggable=False, flipHoriz=False, flipVert=False, font='Open Sans', fontFiles=[], height=0.05, italic=False, languageStyle='LTR', name='text2_2', opacity=1.0, ori=0.0, pos=array([-0.075,  0.08 ]), rgb=UNKNOWN, text='', units='norm', win=Window(...), wrapWidth=1)
15.7982 	EXP 	window1: mouseVisible = True
15.7992 	EXP 	Created text3_2 = TextStim(__class__=<class 'psychopy.visual.text.TextStim'>, alignHoriz=method-wrapper(...), alignText='center', alignVert=method-wrapper(...), anchorHoriz='center', anchorVert='center', antialias=True, autoDraw=False, autoLog=True, bold=False, color=array([1., 1., 1.]), colorSpace='rgb', contrast=1.0, depth=-3.0, draggable=False, flipHoriz=False, flipVert=False, font='Open Sans', fontFiles=[], height=0.05, italic=False, languageStyle='LTR', name='text3_2', opacity=1.0, ori=0.0, pos=array([0.075, 0.08 ]), rgb=UNKNOWN, text='', units='norm', win=Window(...), wrapWidth=1)
15.7992 	EXP 	window1: mouseVisible = True
15.8002 	EXP 	Created text4_2 = TextStim(__class__=<class 'psychopy.visual.text.TextStim'>, alignHoriz=method-wrapper(...), alignText='center', alignVert=method-wrapper(...), anchorHoriz='center', anchorVert='center', antialias=True, autoDraw=False, autoLog=True, bold=False, color=array([1., 1., 1.]), colorSpace='rgb', contrast=1.0, depth=-4.0, draggable=False, flipHoriz=False, flipVert=False, font='Open Sans', fontFiles=[], height=0.05, italic=False, languageStyle='LTR', name='text4_2', opacity=1.0, ori=0.0, pos=array([0.225, 0.08 ]), rgb=UNKNOWN, text='', units='norm', win=Window(...), wrapWidth=1)
15.8003 	EXP 	window1: mouseVisible = True
15.8014 	EXP 	Created text5_2 = TextStim(__class__=<class 'psychopy.visual.text.TextStim'>, alignHoriz=method-wrapper(...), alignText='center', alignVert=method-wrapper(...), anchorHoriz='center', anchorVert='center', antialias=True, autoDraw=False, autoLog=True, bold=False, color=array([1., 1., 1.]), colorSpace='rgb', contrast=1.0, depth=-5.0, draggable=False, flipHoriz=False, flipVert=False, font='Open Sans', fontFiles=[], height=0.05, italic=False, languageStyle='LTR', name='text5_2', opacity=1.0, ori=0.0, pos=array([-0.225, -0.08 ]), rgb=UNKNOWN, text='', units='norm', win=Window(...), wrapWidth=1)
15.8015 	EXP 	window1: mouseVisible = True
15.8025 	EXP 	Created text6_2 = TextStim(__class__=<class 'psychopy.visual.text.TextStim'>, alignHoriz=method-wrapper(...), alignText='center', alignVert=method-wrapper(...), anchorHoriz='center', anchorVert='center', antialias=True, autoDraw=False, autoLog=True, bold=False, color=array([1., 1., 1.]), colorSpace='rgb', contrast=1.0, depth=-6.0, draggable=False, flipHoriz=False, flipVert=False, font='Open Sans', fontFiles=[], height=0.05, italic=False, languageStyle='LTR', name='text6_2', opacity=1.0, ori=0.0, pos=array([-0.075, -0.08 ]), rgb=UNKNOWN, text='', units='norm', win=Window(...), wrapWidth=1)
15.8026 	EXP 	window1: mouseVisible = True
15.8035 	EXP 	Created text7_2 = TextStim(__class__=<class 'psychopy.visual.text.TextStim'>, alignHoriz=method-wrapper(...), alignText='center', alignVert=method-wrapper(...), anchorHoriz='center', anchorVert='center', antialias=True, autoDraw=False, autoLog=True, bold=False, color=array([1., 1., 1.]), colorSpace='rgb', contrast=1.0, depth=-7.0, draggable=False, flipHoriz=False, flipVert=False, font='Open Sans', fontFiles=[], height=0.05, italic=False, languageStyle='LTR', name='text7_2', opacity=1.0, ori=0.0, pos=array([ 0.075, -0.08 ]), rgb=UNKNOWN, text='', units='norm', win=Window(...), wrapWidth=1)
15.8036 	EXP 	window1: mouseVisible = True
15.8045 	EXP 	Created text8_2 = TextStim(__class__=<class 'psychopy.visual.text.TextStim'>, alignHoriz=method-wrapper(...), alignText='center', alignVert=method-wrapper(...), anchorHoriz='center', anchorVert='center', antialias=True, autoDraw=False, autoLog=True, bold=False, color=array([1., 1., 1.]), colorSpace='rgb', contrast=1.0, depth=-8.0, draggable=False, flipHoriz=False, flipVert=False, font='Open Sans', fontFiles=[], height=0.05, italic=False, languageStyle='LTR', name='text8_2', opacity=1.0, ori=0.0, pos=array([ 0.225, -0.08 ]), rgb=UNKNOWN, text='', units='norm', win=Window(...), wrapWidth=1)
15.8046 	EXP 	window1: mouseVisible = True
15.8056 	EXP 	Created num1_2 = TextStim(__class__=<class 'psychopy.visual.text.TextStim'>, alignHoriz=method-wrapper(...), alignText='center', alignVert=method-wrapper(...), anchorHoriz='center', anchorVert='center', antialias=True, autoDraw=False, autoLog=True, bold=False, color=array([1., 1., 1.]), colorSpace='rgb', contrast=1.0, depth=-10.0, draggable=False, flipHoriz=False, flipVert=False, font='Open Sans', fontFiles=[], height=0.1, italic=False, languageStyle='LTR', name='num1_2', opacity=1.0, ori=0.0, pos=array([-0.225,  0.24 ]), rgb=UNKNOWN, text='', units='norm', win=Window(...), wrapWidth=1)
15.8057 	EXP 	window1: mouseVisible = True
15.8066 	EXP 	Created num2_2 = TextStim(__class__=<class 'psychopy.visual.text.TextStim'>, alignHoriz=method-wrapper(...), alignText='center', alignVert=method-wrapper(...), anchorHoriz='center', anchorVert='center', antialias=True, autoDraw=False, autoLog=True, bold=False, color=array([1., 1., 1.]), colorSpace='rgb', contrast=1.0, depth=-11.0, draggable=False, flipHoriz=False, flipVert=False, font='Open Sans', fontFiles=[], height=0.1, italic=False, languageStyle='LTR', name='num2_2', opacity=1.0, ori=0.0, pos=array([-0.075,  0.24 ]), rgb=UNKNOWN, text='', units='norm', win=Window(...), wrapWidth=1)
15.8067 	EXP 	window1: mouseVisible = True
15.8077 	EXP 	Created num3_2 = TextStim(__class__=<class 'psychopy.visual.text.TextStim'>, alignHoriz=method-wrapper(...), alignText='center', alignVert=method-wrapper(...), anchorHoriz='center', anchorVert='center', antialias=True, autoDraw=False, autoLog=True, bold=False, color=array([1., 1., 1.]), colorSpace='rgb', contrast=1.0, depth=-12.0, draggable=False, flipHoriz=False, flipVert=False, font='Open Sans', fontFiles=[], height=0.1, italic=False, languageStyle='LTR', name='num3_2', opacity=1.0, ori=0.0, pos=array([0.075, 0.24 ]), rgb=UNKNOWN, text='', units='norm', win=Window(...), wrapWidth=1)
15.8077 	EXP 	window1: mouseVisible = True
15.8087 	EXP 	Created num4_2 = TextStim(__class__=<class 'psychopy.visual.text.TextStim'>, alignHoriz=method-wrapper(...), alignText='center', alignVert=method-wrapper(...), anchorHoriz='center', anchorVert='center', antialias=True, autoDraw=False, autoLog=True, bold=False, color=array([1., 1., 1.]), colorSpace='rgb', contrast=1.0, depth=-13.0, draggable=False, flipHoriz=False, flipVert=False, font='Open Sans', fontFiles=[], height=0.1, italic=False, languageStyle='LTR', name='num4_2', opacity=1.0, ori=0.0, pos=array([0.225, 0.24 ]), rgb=UNKNOWN, text='', units='norm', win=Window(...), wrapWidth=1)
15.8088 	EXP 	window1: mouseVisible = True
15.8179 	EXP 	Created cue = ImageStim(__class__=<class 'psychopy.visual.image.ImageStim'>, anchor=('center', 'center'), autoLog=True, color=array([1., 1., 1.]), colorSpace='rgb', contrast=1.0, depth=0.0, draggable=False, flipHoriz=False, flipVert=False, image='default.png', interpolate=True, mask=None, maskParams=None, name='cue', opacity=1.0, ori=0.0, pos=array([0., 0.]), size=array([0.15, 0.15]), texRes=128.0, units='height', win=Window(...))
15.8180 	EXP 	window1: mouseVisible = True
15.8269 	EXP 	Created image = ImageStim(__class__=<class 'psychopy.visual.image.ImageStim'>, anchor=('center', 'center'), autoLog=True, color=array([1., 1., 1.]), colorSpace='rgb', contrast=1.0, depth=0.0, draggable=False, flipHoriz=False, flipVert=False, image='default.png', interpolate=True, mask=None, maskParams=None, name='image', opacity=1.0, ori=0.0, pos=array([0., 0.]), size=array([0.5, 0.5]), texRes=128.0, units='height', win=Window(...))
15.8270 	EXP 	window1: mouseVisible = True
15.8288 	EXP 	Created fixCrossR_2 = ShapeStim(__class__=<class 'psychopy.visual.shape.ShapeStim'>, anchor=('center', 'center'), autoDraw=False, autoLog=True, closeShape=True, color=method-wrapper(...), colorSpace='rgb', contrast=None, depth=-1.0, draggable=False, fillColor=array([-1, -1, -1]), fillColorSpace='rgb', fillRGB=array([-1, -1, -1]), interpolate=True, lineColor=array([-1., -1., -1.]), lineColorSpace='rgb', lineRGB=array([-1, -1, -1]), lineWidth=1.0, name='fixCrossR_2', opacity=1.0, ori=0.0, pos=array([0., 0.]), size=array([0.02, 0.02]), units='height', vertices=ndarray(...), win=Window(...), windingRule=None)
15.8289 	EXP 	window1: mouseVisible = True
15.8305 	EXP 	Created fixCrossR_4 = ShapeStim(__class__=<class 'psychopy.visual.shape.ShapeStim'>, anchor=('center', 'center'), autoDraw=False, autoLog=True, closeShape=True, color=method-wrapper(...), colorSpace='rgb', contrast=None, depth=0.0, draggable=False, fillColor=array([-1, -1, -1]), fillColorSpace='rgb', fillRGB=array([-1, -1, -1]), interpolate=True, lineColor=array([-1., -1., -1.]), lineColorSpace='rgb', lineRGB=array([-1, -1, -1]), lineWidth=1.0, name='fixCrossR_4', opacity=1.0, ori=0.0, pos=array([0., 0.]), size=array([0.02, 0.02]), units='height', vertices=ndarray(...), win=Window(...), windingRule=None)
15.8306 	EXP 	window1: mouseVisible = True
15.8323 	EXP 	Created fixCross = ShapeStim(__class__=<class 'psychopy.visual.shape.ShapeStim'>, anchor=('center', 'center'), autoDraw=False, autoLog=True, closeShape=True, color=method-wrapper(...), colorSpace='rgb', contrast=None, depth=0.0, draggable=False, fillColor=array([1, 1, 1]), fillColorSpace='rgb', fillRGB=array([1, 1, 1]), interpolate=True, lineColor=array([1., 1., 1.]), lineColorSpace='rgb', lineRGB=array([1, 1, 1]), lineWidth=1.0, name='fixCross', opacity=1.0, ori=0.0, pos=array([0., 0.]), size=array([0.02, 0.02]), units='height', vertices=ndarray(...), win=Window(...), windingRule=None)
15.8324 	EXP 	window1: mouseVisible = True
15.8334 	EXP 	Created text1 = TextStim(__class__=<class 'psychopy.visual.text.TextStim'>, alignHoriz=method-wrapper(...), alignText='center', alignVert=method-wrapper(...), anchorHoriz='center', anchorVert='center', antialias=True, autoDraw=False, autoLog=True, bold=False, color=array([1., 1., 1.]), colorSpace='rgb', contrast=1.0, depth=-1.0, draggable=False, flipHoriz=False, flipVert=False, font='Open Sans', fontFiles=[], height=0.05, italic=False, languageStyle='LTR', name='text1', opacity=1.0, ori=0.0, pos=array([-0.225,  0.08 ]), rgb=UNKNOWN, text='', units='norm', win=Window(...), wrapWidth=1)
15.8335 	EXP 	window1: mouseVisible = True
15.8344 	EXP 	Created text2 = TextStim(__class__=<class 'psychopy.visual.text.TextStim'>, alignHoriz=method-wrapper(...), alignText='center', alignVert=method-wrapper(...), anchorHoriz='center', anchorVert='center', antialias=True, autoDraw=False, autoLog=True, bold=False, color=array([1., 1., 1.]), colorSpace='rgb', contrast=1.0, depth=-2.0, draggable=False, flipHoriz=False, flipVert=False, font='Open Sans', fontFiles=[], height=0.05, italic=False, languageStyle='LTR', name='text2', opacity=1.0, ori=0.0, pos=array([-0.075,  0.08 ]), rgb=UNKNOWN, text='', units='norm', win=Window(...), wrapWidth=1)
15.8345 	EXP 	window1: mouseVisible = True
15.8355 	EXP 	Created text3 = TextStim(__class__=<class 'psychopy.visual.text.TextStim'>, alignHoriz=method-wrapper(...), alignText='center', alignVert=method-wrapper(...), anchorHoriz='center', anchorVert='center', antialias=True, autoDraw=False, autoLog=True, bold=False, color=array([1., 1., 1.]), colorSpace='rgb', contrast=1.0, depth=-3.0, draggable=False, flipHoriz=False, flipVert=False, font='Open Sans', fontFiles=[], height=0.05, italic=False, languageStyle='LTR', name='text3', opacity=1.0, ori=0.0, pos=array([0.075, 0.08 ]), rgb=UNKNOWN, text='', units='norm', win=Window(...), wrapWidth=1)
15.8356 	EXP 	window1: mouseVisible = True
15.8365 	EXP 	Created text4 = TextStim(__class__=<class 'psychopy.visual.text.TextStim'>, alignHoriz=method-wrapper(...), alignText='center', alignVert=method-wrapper(...), anchorHoriz='center', anchorVert='center', antialias=True, autoDraw=False, autoLog=True, bold=False, color=array([1., 1., 1.]), colorSpace='rgb', contrast=1.0, depth=-4.0, draggable=False, flipHoriz=False, flipVert=False, font='Open Sans', fontFiles=[], height=0.05, italic=False, languageStyle='LTR', name='text4', opacity=1.0, ori=0.0, pos=array([0.225, 0.08 ]), rgb=UNKNOWN, text='', units='norm', win=Window(...), wrapWidth=1)
15.8366 	EXP 	window1: mouseVisible = True
15.8377 	EXP 	Created text5 = TextStim(__class__=<class 'psychopy.visual.text.TextStim'>, alignHoriz=method-wrapper(...), alignText='center', alignVert=method-wrapper(...), anchorHoriz='center', anchorVert='center', antialias=True, autoDraw=False, autoLog=True, bold=False, color=array([1., 1., 1.]), colorSpace='rgb', contrast=1.0, depth=-5.0, draggable=False, flipHoriz=False, flipVert=False, font='Open Sans', fontFiles=[], height=0.05, italic=False, languageStyle='LTR', name='text5', opacity=1.0, ori=0.0, pos=array([-0.225, -0.08 ]), rgb=UNKNOWN, text='', units='norm', win=Window(...), wrapWidth=1)
15.8378 	EXP 	window1: mouseVisible = True
15.8387 	EXP 	Created text6 = TextStim(__class__=<class 'psychopy.visual.text.TextStim'>, alignHoriz=method-wrapper(...), alignText='center', alignVert=method-wrapper(...), anchorHoriz='center', anchorVert='center', antialias=True, autoDraw=False, autoLog=True, bold=False, color=array([1., 1., 1.]), colorSpace='rgb', contrast=1.0, depth=-6.0, draggable=False, flipHoriz=False, flipVert=False, font='Open Sans', fontFiles=[], height=0.05, italic=False, languageStyle='LTR', name='text6', opacity=1.0, ori=0.0, pos=array([-0.075, -0.08 ]), rgb=UNKNOWN, text='', units='norm', win=Window(...), wrapWidth=1)
15.8388 	EXP 	window1: mouseVisible = True
15.8397 	EXP 	Created text7 = TextStim(__class__=<class 'psychopy.visual.text.TextStim'>, alignHoriz=method-wrapper(...), alignText='center', alignVert=method-wrapper(...), anchorHoriz='center', anchorVert='center', antialias=True, autoDraw=False, autoLog=True, bold=False, color=array([1., 1., 1.]), colorSpace='rgb', contrast=1.0, depth=-7.0, draggable=False, flipHoriz=False, flipVert=False, font='Open Sans', fontFiles=[], height=0.05, italic=False, languageStyle='LTR', name='text7', opacity=1.0, ori=0.0, pos=array([ 0.075, -0.08 ]), rgb=UNKNOWN, text='', units='norm', win=Window(...), wrapWidth=1)
15.8398 	EXP 	window1: mouseVisible = True
15.8407 	EXP 	Created text8 = TextStim(__class__=<class 'psychopy.visual.text.TextStim'>, alignHoriz=method-wrapper(...), alignText='center', alignVert=method-wrapper(...), anchorHoriz='center', anchorVert='center', antialias=True, autoDraw=False, autoLog=True, bold=False, color=array([1., 1., 1.]), colorSpace='rgb', contrast=1.0, depth=-8.0, draggable=False, flipHoriz=False, flipVert=False, font='Open Sans', fontFiles=[], height=0.05, italic=False, languageStyle='LTR', name='text8', opacity=1.0, ori=0.0, pos=array([ 0.225, -0.08 ]), rgb=UNKNOWN, text='', units='norm', win=Window(...), wrapWidth=1)
15.8408 	EXP 	window1: mouseVisible = True
15.8418 	EXP 	Created num1 = TextStim(__class__=<class 'psychopy.visual.text.TextStim'>, alignHoriz=method-wrapper(...), alignText='center', alignVert=method-wrapper(...), anchorHoriz='center', anchorVert='center', antialias=True, autoDraw=False, autoLog=True, bold=False, color=array([1., 1., 1.]), colorSpace='rgb', contrast=1.0, depth=-10.0, draggable=False, flipHoriz=False, flipVert=False, font='Open Sans', fontFiles=[], height=0.1, italic=False, languageStyle='LTR', name='num1', opacity=1.0, ori=0.0, pos=array([-0.225,  0.24 ]), rgb=UNKNOWN, text='', units='norm', win=Window(...), wrapWidth=1)
15.8419 	EXP 	window1: mouseVisible = True
15.8428 	EXP 	Created num2 = TextStim(__class__=<class 'psychopy.visual.text.TextStim'>, alignHoriz=method-wrapper(...), alignText='center', alignVert=method-wrapper(...), anchorHoriz='center', anchorVert='center', antialias=True, autoDraw=False, autoLog=True, bold=False, color=array([1., 1., 1.]), colorSpace='rgb', contrast=1.0, depth=-11.0, draggable=False, flipHoriz=False, flipVert=False, font='Open Sans', fontFiles=[], height=0.1, italic=False, languageStyle='LTR', name='num2', opacity=1.0, ori=0.0, pos=array([-0.075,  0.24 ]), rgb=UNKNOWN, text='', units='norm', win=Window(...), wrapWidth=1)
15.8429 	EXP 	window1: mouseVisible = True
15.8438 	EXP 	Created num3 = TextStim(__class__=<class 'psychopy.visual.text.TextStim'>, alignHoriz=method-wrapper(...), alignText='center', alignVert=method-wrapper(...), anchorHoriz='center', anchorVert='center', antialias=True, autoDraw=False, autoLog=True, bold=False, color=array([1., 1., 1.]), colorSpace='rgb', contrast=1.0, depth=-12.0, draggable=False, flipHoriz=False, flipVert=False, font='Open Sans', fontFiles=[], height=0.1, italic=False, languageStyle='LTR', name='num3', opacity=1.0, ori=0.0, pos=array([0.075, 0.24 ]), rgb=UNKNOWN, text='', units='norm', win=Window(...), wrapWidth=1)
15.8439 	EXP 	window1: mouseVisible = True
15.8448 	EXP 	Created num4 = TextStim(__class__=<class 'psychopy.visual.text.TextStim'>, alignHoriz=method-wrapper(...), alignText='center', alignVert=method-wrapper(...), anchorHoriz='center', anchorVert='center', antialias=True, autoDraw=False, autoLog=True, bold=False, color=array([1., 1., 1.]), colorSpace='rgb', contrast=1.0, depth=-13.0, draggable=False, flipHoriz=False, flipVert=False, font='Open Sans', fontFiles=[], height=0.1, italic=False, languageStyle='LTR', name='num4', opacity=1.0, ori=0.0, pos=array([0.225, 0.24 ]), rgb=UNKNOWN, text='', units='norm', win=Window(...), wrapWidth=1)
15.8449 	EXP 	window1: mouseVisible = True
15.8467 	EXP 	Created fixCrossR = ShapeStim(__class__=<class 'psychopy.visual.shape.ShapeStim'>, anchor=('center', 'center'), autoDraw=False, autoLog=True, closeShape=True, color=method-wrapper(...), colorSpace='rgb', contrast=None, depth=0.0, draggable=False, fillColor=array([-1, -1, -1]), fillColorSpace='rgb', fillRGB=array([-1, -1, -1]), interpolate=True, lineColor=array([-1., -1., -1.]), lineColorSpace='rgb', lineRGB=array([-1, -1, -1]), lineWidth=1.0, name='fixCrossR', opacity=1.0, ori=0.0, pos=array([0., 0.]), size=array([0.02, 0.02]), units='height', vertices=ndarray(...), win=Window(...), windingRule=None)
15.8468 	EXP 	window1: mouseVisible = True
15.8480 	EXP 	Created text_total = TextStim(__class__=<class 'psychopy.visual.text.TextStim'>, alignHoriz=method-wrapper(...), alignText='center', alignVert=method-wrapper(...), anchorHoriz='center', anchorVert='center', antialias=True, autoDraw=False, autoLog=True, bold=False, color=array([1., 1., 1.]), colorSpace='rgb', contrast=1.0, depth=-1.0, draggable=False, flipHoriz=False, flipVert=False, font='Open Sans', fontFiles=[], height=0.05, italic=False, languageStyle='LTR', name='text_total', opacity=1.0, ori=0.0, pos=array([0., 0.]), rgb=UNKNOWN, text='', units='height', win=Window(...), wrapWidth=1)
15.8481 	EXP 	window1: mouseVisible = True
15.8493 	EXP 	Created text_acc = TextStim(__class__=<class 'psychopy.visual.text.TextStim'>, alignHoriz=method-wrapper(...), alignText='center', alignVert=method-wrapper(...), anchorHoriz='center', anchorVert='center', antialias=True, autoDraw=False, autoLog=True, bold=False, color=array([1., 1., 1.]), colorSpace='rgb', contrast=1.0, depth=-2.0, draggable=False, flipHoriz=False, flipVert=False, font='Open Sans', fontFiles=[], height=0.05, italic=False, languageStyle='LTR', name='text_acc', opacity=1.0, ori=0.0, pos=array([ 0. , -0.3]), rgb=UNKNOWN, text='', units='height', win=Window(...), wrapWidth=1)
0.0208 	EXP 	Created sequence: random, trialTypes=1, nReps=1, seed=None
0.0211 	EXP 	New trial (rep=0, index=0): None
0.0279 	EXP 	Created sequence: random, trialTypes=1, nReps=999, seed=None
0.0307 	EXP 	New trial (rep=0, index=0): None
0.0354 	EXP 	Imported instructions/Instructions_doc.xlsx as conditions, 1 conditions, 1 params
0.0357 	EXP 	Created sequence: sequential, trialTypes=1, nReps=1, seed=None
0.0358 	EXP 	New trial (rep=0, index=0): {'InstructionsFilepath': 'instructions//slide1.png'}
0.1362 	EXP 	imageInstruct: image = 'instructions//slide1.png'
0.1362 	EXP 	imageInstruct: autoDraw = True
1.0784 	DATA 	Mouse: Left button down, pos=(1746,34)
1.1223 	EXP 	New trial (rep=1, index=0): None
1.1261 	EXP 	Imported instructions/Instructions_doc.xlsx as conditions, 1 conditions, 1 params
1.1264 	EXP 	Created sequence: sequential, trialTypes=1, nReps=1, seed=None
1.1265 	EXP 	New trial (rep=0, index=0): {'InstructionsFilepath': 'instructions//slide2.png'}
1.1934 	DATA 	Mouse:  Left button up, pos=(1746,34)
1.2087 	EXP 	imageInstruct: autoDraw = False
1.2087 	EXP 	imageInstruct: image = 'instructions//slide2.png'
1.2087 	EXP 	imageInstruct: autoDraw = True
1.2091 	DATA 	Mouse: Left button down, pos=(1746,34)
1.2385 	EXP 	New trial (rep=2, index=0): None
1.2422 	EXP 	Imported instructions/Instructions_doc.xlsx as conditions, 1 conditions, 1 params
1.2426 	EXP 	Created sequence: sequential, trialTypes=1, nReps=1, seed=None
1.2427 	EXP 	New trial (rep=0, index=0): {'InstructionsFilepath': 'instructions//slide3.png'}
1.3114 	DATA 	Mouse:  Left button up, pos=(1746,40)
1.3368 	EXP 	imageInstruct: autoDraw = False
1.3368 	EXP 	imageInstruct: image = 'instructions//slide3.png'
1.3368 	EXP 	imageInstruct: autoDraw = True
1.3538 	DATA 	Mouse: Left button down, pos=(1746,40)
1.3863 	EXP 	New trial (rep=3, index=0): None
1.3905 	EXP 	Imported instructions/Instructions_doc.xlsx as conditions, 1 conditions, 1 params
1.3909 	EXP 	Created sequence: sequential, trialTypes=1, nReps=1, seed=None
1.3910 	EXP 	New trial (rep=0, index=0): {'InstructionsFilepath': 'instructions//slide4.png'}
1.4818 	DATA 	Mouse:  Left button up, pos=(1746,41)
1.5037 	EXP 	imageInstruct: autoDraw = False
1.5037 	EXP 	imageInstruct: image = 'instructions//slide4.png'
1.5037 	EXP 	imageInstruct: autoDraw = True
1.5041 	DATA 	Mouse: Left button down, pos=(1745,41)
1.5398 	EXP 	New trial (rep=4, index=0): None
1.5436 	EXP 	Imported instructions/Instructions_doc.xlsx as conditions, 1 conditions, 1 params
1.5439 	EXP 	Created sequence: sequential, trialTypes=1, nReps=1, seed=None
1.5440 	EXP 	New trial (rep=0, index=0): {'InstructionsFilepath': 'instructions//slide5.png'}
1.6142 	DATA 	Mouse:  Left button up, pos=(1745,41)
1.6371 	EXP 	imageInstruct: autoDraw = False
1.6371 	EXP 	imageInstruct: image = 'instructions//slide5.png'
1.6371 	EXP 	imageInstruct: autoDraw = True
1.6543 	DATA 	Mouse: Left button down, pos=(1744,42)
1.6939 	EXP 	New trial (rep=5, index=0): None
1.6980 	EXP 	Imported instructions/Instructions_doc.xlsx as conditions, 1 conditions, 1 params
1.6983 	EXP 	Created sequence: sequential, trialTypes=1, nReps=1, seed=None
1.6984 	EXP 	New trial (rep=0, index=0): {'InstructionsFilepath': 'instructions//slide6.png'}
1.7674 	DATA 	Mouse:  Left button up, pos=(1744,43)
1.7871 	EXP 	imageInstruct: autoDraw = False
1.7871 	EXP 	imageInstruct: image = 'instructions//slide6.png'
1.7871 	EXP 	imageInstruct: autoDraw = True
1.7917 	DATA 	Mouse: Left button down, pos=(1742,44)
1.8478 	EXP 	New trial (rep=6, index=0): None
1.8520 	EXP 	Imported instructions/Instructions_doc.xlsx as conditions, 1 conditions, 1 params
1.8523 	EXP 	Created sequence: sequential, trialTypes=1, nReps=0, seed=None
1.9212 	DATA 	Mouse:  Left button up, pos=(1742,44)
1.9377 	EXP 	imageInstruct: autoDraw = False
1.9377 	EXP 	text_8: autoDraw = True
1.9377 	EXP 	image_17: autoDraw = True
1.9391 	DATA 	Mouse: Left button down, pos=(1740,45)
2.0257 	DATA 	Mouse:  Left button up, pos=(1740,46)
2.0884 	DATA 	Mouse: Left button down, pos=(1738,46)
2.1716 	DATA 	Mouse:  Left button up, pos=(1737,47)
2.2425 	DATA 	Mouse: Left button down, pos=(1735,48)
2.3049 	DATA 	Mouse:  Left button up, pos=(1563,128)
2.5719 	DATA 	Mouse: Left button down, pos=(1126,344)
2.5881 	EXP 	text_8: autoDraw = False
2.5881 	EXP 	image_17: autoDraw = False
2.5881 	EXP 	text_9: autoDraw = True
2.5881 	EXP 	image_18: autoDraw = True
2.6597 	DATA 	Mouse:  Left button up, pos=(1128,344)
2.9219 	DATA 	Mouse: Left button down, pos=(745,362)
2.9386 	EXP 	text_9: autoDraw = False
2.9386 	EXP 	image_18: autoDraw = False
2.9386 	EXP 	text_10: autoDraw = True
2.9386 	EXP 	image_19: autoDraw = True
3.0059 	DATA 	Mouse:  Left button up, pos=(745,363)
3.2270 	DATA 	Mouse: Left button down, pos=(1208,351)
3.2552 	EXP 	text_10: autoDraw = False
3.2552 	EXP 	image_19: autoDraw = False
3.2552 	EXP 	text_11: autoDraw = True
3.2552 	EXP 	image_20: autoDraw = True
3.3280 	DATA 	Mouse:  Left button up, pos=(1193,351)
3.5565 	DATA 	Mouse: Left button down, pos=(626,351)
3.6397 	DATA 	Mouse:  Left button up, pos=(629,351)
3.7949 	DATA 	Mouse: Left button down, pos=(757,354)
3.8133 	EXP 	Created sequence: random, trialTypes=1, nReps=999, seed=None
3.8159 	EXP 	New trial (rep=0, index=0): None
3.8201 	EXP 	Imported instructions/Instructions2_doc.xlsx as conditions, 1 conditions, 1 params
3.8203 	EXP 	Created sequence: sequential, trialTypes=1, nReps=1, seed=None
3.8205 	EXP 	New trial (rep=0, index=0): {'Instructions2Filepath': 'instructions//slide7.png'}
3.8870 	DATA 	Mouse:  Left button up, pos=(760,354)
3.9065 	EXP 	text_11: autoDraw = False
3.9065 	EXP 	image_20: autoDraw = False
3.9065 	EXP 	imageInstruct_2: image = 'instructions//slide7.png'
3.9065 	EXP 	imageInstruct_2: autoDraw = True
4.1231 	DATA 	Mouse: Left button down, pos=(1726,1)
4.2067 	DATA 	Mouse:  Left button up, pos=(1731,1)
4.2903 	DATA 	Mouse: Left button down, pos=(1750,1)
4.3609 	DATA 	Mouse:  Left button up, pos=(1727,38)
4.4574 	DATA 	Mouse: Left button down, pos=(1713,56)
4.5476 	EXP 	New trial (rep=1, index=0): None
4.5517 	EXP 	Imported instructions/Instructions2_doc.xlsx as conditions, 1 conditions, 1 params
4.5521 	EXP 	Created sequence: sequential, trialTypes=1, nReps=1, seed=None
4.5523 	EXP 	New trial (rep=0, index=0): {'Instructions2Filepath': 'instructions//slide8.png'}
4.6201 	DATA 	Mouse:  Left button up, pos=(1711,60)
4.6203 	DATA 	Mouse: Left button down, pos=(1702,68)
4.6396 	EXP 	imageInstruct_2: autoDraw = False
4.6396 	EXP 	imageInstruct_2: image = 'instructions//slide8.png'
4.6396 	EXP 	imageInstruct_2: autoDraw = True
4.6904 	DATA 	Mouse:  Left button up, pos=(1701,68)
4.7439 	DATA 	Mouse: Left button down, pos=(1702,68)
4.8477 	EXP 	New trial (rep=2, index=0): None
4.8515 	EXP 	Imported instructions/Instructions2_doc.xlsx as conditions, 1 conditions, 1 params
4.8518 	EXP 	Created sequence: sequential, trialTypes=1, nReps=1, seed=None
4.8520 	EXP 	New trial (rep=0, index=0): {'Instructions2Filepath': 'instructions//slide9.png'}
4.9419 	DATA 	Mouse:  Left button up, pos=(1704,68)
4.9422 	DATA 	Mouse: Left button down, pos=(1704,70)
4.9593 	EXP 	imageInstruct_2: autoDraw = False
4.9593 	EXP 	imageInstruct_2: image = 'instructions//slide9.png'
4.9593 	EXP 	imageInstruct_2: autoDraw = True
4.9605 	DATA 	Mouse:  Left button up, pos=(1703,70)
5.0238 	DATA 	Mouse: Left button down, pos=(1697,71)
5.1830 	EXP 	New trial (rep=3, index=0): None
5.1868 	EXP 	Imported instructions/Instructions2_doc.xlsx as conditions, 1 conditions, 1 params
5.1872 	EXP 	Created sequence: sequential, trialTypes=1, nReps=1, seed=None
5.1873 	EXP 	New trial (rep=0, index=0): {'Instructions2Filepath': 'instructions//slide10.png'}
5.2784 	DATA 	Mouse:  Left button up, pos=(1698,72)
5.2787 	DATA 	Mouse: Left button down, pos=(1698,72)
5.2790 	DATA 	Mouse:  Left button up, pos=(1699,72)
5.2941 	EXP 	imageInstruct_2: autoDraw = False
5.2941 	EXP 	imageInstruct_2: image = 'instructions//slide10.png'
5.2941 	EXP 	imageInstruct_2: autoDraw = True
5.3238 	DATA 	Mouse: Left button down, pos=(1699,72)
5.4236 	EXP 	New trial (rep=4, index=0): None
5.4275 	EXP 	Imported instructions/Instructions2_doc.xlsx as conditions, 1 conditions, 1 params
5.4278 	EXP 	Created sequence: sequential, trialTypes=1, nReps=1, seed=None
5.4279 	EXP 	New trial (rep=0, index=0): {'Instructions2Filepath': 'instructions//slide11.png'}
5.4969 	DATA 	Mouse:  Left button up, pos=(1702,71)
5.4972 	DATA 	Mouse: Left button down, pos=(1716,63)
5.5129 	EXP 	imageInstruct_2: autoDraw = False
5.5129 	EXP 	imageInstruct_2: image = 'instructions//slide11.png'
5.5129 	EXP 	imageInstruct_2: autoDraw = True
5.5586 	DATA 	Mouse:  Left button up, pos=(1715,64)
5.6247 	DATA 	Mouse: Left button down, pos=(1710,67)
5.7246 	EXP 	New trial (rep=5, index=0): None
5.7285 	EXP 	Imported instructions/Instructions2_doc.xlsx as conditions, 1 conditions, 1 params
5.7288 	EXP 	Created sequence: sequential, trialTypes=1, nReps=1, seed=None
5.7289 	EXP 	New trial (rep=0, index=0): {'Instructions2Filepath': 'instructions//slide12.png'}
5.7948 	DATA 	Mouse:  Left button up, pos=(1709,67)
5.7950 	DATA 	Mouse: Left button down, pos=(1685,70)
5.8105 	EXP 	imageInstruct_2: autoDraw = False
5.8105 	EXP 	imageInstruct_2: image = 'instructions//slide12.png'
5.8105 	EXP 	imageInstruct_2: autoDraw = True
5.8917 	DATA 	Mouse:  Left button up, pos=(1685,72)
5.9615 	DATA 	Mouse: Left button down, pos=(1687,72)
6.0783 	EXP 	New trial (rep=6, index=0): None
6.0821 	EXP 	Imported instructions/Instructions2_doc.xlsx as conditions, 1 conditions, 1 params
6.0824 	EXP 	Created sequence: sequential, trialTypes=1, nReps=0, seed=None
6.3716 	DATA 	Mouse:  Left button up, pos=(1687,72)
6.3717 	DATA 	Mouse: Left button down, pos=(1687,72)
6.3718 	DATA 	Mouse:  Left button up, pos=(1687,72)
6.3762 	EXP 	imageInstruct_2: autoDraw = False
6.3762 	EXP 	text: autoDraw = True
7.6321 	EXP 	Imported participantData/s15/block_0/babySteps_s15.xlsx as conditions, 5 conditions, 14 params
7.6325 	EXP 	Created sequence: sequential, trialTypes=5, nReps=1, seed=None
7.6326 	EXP 	New trial (rep=0, index=0): {'category': 'car', 'orientation': 2, 'taskCue': 'stim//obj2.png', 'stimfile': 'stim//car2.png', 'resp1': 'Turtle', 'resp2': 'Horse', 'resp3': 'Car', 'resp4': 'Shoe', 'resp5': 'Full Left', 'resp6': 'Half Right', 'resp7': 'Half Left', 'resp8': 'Full Right', 'objFirst': True, 'interval': 2.475}
7.6351 	DATA 	Keypress: 5
7.6421 	EXP 	text: autoDraw = False
7.6421 	EXP 	cue: image = 'stim//obj2.png'
7.6421 	EXP 	cue: autoDraw = True
8.6271 	EXP 	Created sequence: sequential, trialTypes=1, nReps=3, seed=None
8.6273 	EXP 	New trial (rep=0, index=0): None
8.6431 	EXP 	cue: autoDraw = False
8.6431 	EXP 	cue: autoDraw = False
8.6431 	EXP 	fixCrossR_4: autoDraw = True
8.8774 	EXP 	New trial (rep=1, index=0): None
8.8934 	EXP 	fixCrossR_4: autoDraw = False
8.8934 	EXP 	fixCrossR_4: autoDraw = False
8.8934 	EXP 	fixCrossR_4: autoDraw = True
9.1276 	EXP 	New trial (rep=2, index=0): None
9.1434 	EXP 	fixCrossR_4: autoDraw = False
9.1434 	EXP 	fixCrossR_4: autoDraw = False
9.1434 	EXP 	fixCrossR_4: autoDraw = True
9.6437 	EXP 	fixCrossR_4: autoDraw = False
9.6437 	EXP 	fixCrossR_4: autoDraw = False
9.6437 	EXP 	fixCross_2: fillColor = <psychopy.colors.Color: black, alpha=1.0>
9.6437 	EXP 	fixCross_2: borderColor = <psychopy.colors.Color: black, alpha=1.0>
9.6437 	EXP 	text1_2: foreColor = <psychopy.colors.Color: white, alpha=1.0>
9.6437 	EXP 	text1_2: height = 0.05
9.6437 	EXP 	text1_2: height = 0.05
9.6437 	EXP 	text1_2: height = 0.05
9.6437 	EXP 	text1_2: text = 'Turtle'
9.6437 	EXP 	text2_2: foreColor = <psychopy.colors.Color: white, alpha=1.0>
9.6437 	EXP 	text2_2: height = 0.05
9.6437 	EXP 	text2_2: height = 0.05
9.6437 	EXP 	text2_2: height = 0.05
9.6437 	EXP 	text2_2: text = 'Horse'
9.6437 	EXP 	text3_2: foreColor = <psychopy.colors.Color: white, alpha=1.0>
9.6437 	EXP 	text3_2: height = 0.05
9.6437 	EXP 	text3_2: height = 0.05
9.6437 	EXP 	text3_2: height = 0.05
9.6437 	EXP 	text3_2: text = 'Car'
9.6437 	EXP 	text4_2: foreColor = <psychopy.colors.Color: white, alpha=1.0>
9.6437 	EXP 	text4_2: height = 0.05
9.6437 	EXP 	text4_2: height = 0.05
9.6437 	EXP 	text4_2: height = 0.05
9.6437 	EXP 	text4_2: text = 'Shoe'
9.6437 	EXP 	text5_2: foreColor = <psychopy.colors.Color: white, alpha=1.0>
9.6437 	EXP 	text5_2: height = 0.05
9.6437 	EXP 	text5_2: height = 0.05
9.6437 	EXP 	text5_2: height = 0.05
9.6437 	EXP 	text5_2: text = 'Full Left'
9.6437 	EXP 	text6_2: foreColor = <psychopy.colors.Color: white, alpha=1.0>
9.6437 	EXP 	text6_2: height = 0.05
9.6437 	EXP 	text6_2: height = 0.05
9.6437 	EXP 	text6_2: height = 0.05
9.6437 	EXP 	text6_2: text = 'Half Right'
9.6437 	EXP 	text7_2: foreColor = <psychopy.colors.Color: white, alpha=1.0>
9.6437 	EXP 	text7_2: height = 0.05
9.6437 	EXP 	text7_2: height = 0.05
9.6437 	EXP 	text7_2: height = 0.05
9.6437 	EXP 	text7_2: text = 'Half Left'
9.6437 	EXP 	text8_2: foreColor = <psychopy.colors.Color: white, alpha=1.0>
9.6437 	EXP 	text8_2: height = 0.05
9.6437 	EXP 	text8_2: height = 0.05
9.6437 	EXP 	text8_2: height = 0.05
9.6437 	EXP 	text8_2: text = 'Full Right'
9.6437 	EXP 	num1_2: foreColor = <psychopy.colors.Color: white, alpha=1.0>
9.6437 	EXP 	num1_2: height = 0.1
9.6437 	EXP 	num1_2: height = 0.1
9.6437 	EXP 	num1_2: height = 0.1
9.6437 	EXP 	num1_2: text = '1'
9.6437 	EXP 	num2_2: foreColor = <psychopy.colors.Color: white, alpha=1.0>
9.6437 	EXP 	num2_2: height = 0.1
9.6437 	EXP 	num2_2: height = 0.1
9.6437 	EXP 	num2_2: height = 0.1
9.6437 	EXP 	num2_2: text = '2'
9.6437 	EXP 	num3_2: foreColor = <psychopy.colors.Color: white, alpha=1.0>
9.6437 	EXP 	num3_2: height = 0.1
9.6437 	EXP 	num3_2: height = 0.1
9.6437 	EXP 	num3_2: height = 0.1
9.6437 	EXP 	num3_2: text = '3'
9.6437 	EXP 	num4_2: foreColor = <psychopy.colors.Color: white, alpha=1.0>
9.6437 	EXP 	num4_2: height = 0.1
9.6437 	EXP 	num4_2: height = 0.1
9.6437 	EXP 	num4_2: height = 0.1
9.6437 	EXP 	num4_2: text = '4'
9.6437 	EXP 	fixCross_2: autoDraw = True
9.6437 	EXP 	text1_2: autoDraw = True
9.6437 	EXP 	text2_2: autoDraw = True
9.6437 	EXP 	text3_2: autoDraw = True
9.6437 	EXP 	text4_2: autoDraw = True
9.6437 	EXP 	text5_2: autoDraw = True
9.6437 	EXP 	text6_2: autoDraw = True
9.6437 	EXP 	text7_2: autoDraw = True
9.6437 	EXP 	text8_2: autoDraw = True
9.6437 	EXP 	num1_2: autoDraw = True
9.6437 	EXP 	num2_2: autoDraw = True
9.6437 	EXP 	num3_2: autoDraw = True
9.6437 	EXP 	num4_2: autoDraw = True
9.8284 	DATA 	Mouse: wheel shift=(0,1), pos=(1475,292)
12.0303 	DATA 	Keypress: 1
12.0457 	EXP 	fixCross: foreColor = <psychopy.colors.Color: (1.0, 0.0, 0.0, 1.0)>
12.0457 	EXP 	fixCross: borderColor = <psychopy.colors.Color: (1.0, 0.0, 0.0, 1.0)>
12.0457 	EXP 	fixCross: fillColor = <psychopy.colors.Color: (1.0, 0.0, 0.0, 1.0)>
12.0457 	EXP 	text1_2: foreColor = <psychopy.colors.Color: (1.0, 0.0, 0.0, 1.0)>
12.0457 	EXP 	text5_2: foreColor = <psychopy.colors.Color: (1.0, 0.0, 0.0, 1.0)>
12.0457 	EXP 	num1_2: foreColor = <psychopy.colors.Color: (1.0, 0.0, 0.0, 1.0)>
12.0457 	EXP 	fixCross: foreColor = <psychopy.colors.Color: (1.0, 0.0, 0.0, 1.0)>
12.0457 	EXP 	fixCross: borderColor = <psychopy.colors.Color: (1.0, 0.0, 0.0, 1.0)>
12.0457 	EXP 	fixCross: fillColor = <psychopy.colors.Color: (1.0, 0.0, 0.0, 1.0)>
12.0457 	EXP 	text2_2: foreColor = <psychopy.colors.Color: (1.0, 0.0, 0.0, 1.0)>
12.0457 	EXP 	text6_2: foreColor = <psychopy.colors.Color: (1.0, 0.0, 0.0, 1.0)>
12.0457 	EXP 	num2_2: foreColor = <psychopy.colors.Color: (1.0, 0.0, 0.0, 1.0)>
12.0457 	EXP 	fixCross: foreColor = <psychopy.colors.Color: (1.0, 0.0, 0.0, 1.0)>
12.0457 	EXP 	fixCross: borderColor = <psychopy.colors.Color: (1.0, 0.0, 0.0, 1.0)>
12.0457 	EXP 	fixCross: fillColor = <psychopy.colors.Color: (1.0, 0.0, 0.0, 1.0)>
12.0457 	EXP 	text3_2: foreColor = <psychopy.colors.Color: (1.0, 0.0, 0.0, 1.0)>
12.0457 	EXP 	text7_2: foreColor = <psychopy.colors.Color: (1.0, 0.0, 0.0, 1.0)>
12.0457 	EXP 	num3_2: foreColor = <psychopy.colors.Color: (1.0, 0.0, 0.0, 1.0)>
12.0457 	EXP 	fixCross: foreColor = <psychopy.colors.Color: (1.0, 0.0, 0.0, 1.0)>
12.0457 	EXP 	fixCross: borderColor = <psychopy.colors.Color: (1.0, 0.0, 0.0, 1.0)>
12.0457 	EXP 	fixCross: fillColor = <psychopy.colors.Color: (1.0, 0.0, 0.0, 1.0)>
12.0457 	EXP 	text4_2: foreColor = <psychopy.colors.Color: (1.0, 0.0, 0.0, 1.0)>
12.0457 	EXP 	text8_2: foreColor = <psychopy.colors.Color: (1.0, 0.0, 0.0, 1.0)>
12.0457 	EXP 	num4_2: foreColor = <psychopy.colors.Color: (1.0, 0.0, 0.0, 1.0)>
16.9694 	EXP 	New trial (rep=0, index=1): {'category': 'horse', 'orientation': 1, 'taskCue': 'stim//ori2.png', 'stimfile': 'stim//horse1.png', 'resp1': 'Half Left', 'resp2': 'Full Right', 'resp3': 'Full Left', 'resp4': 'Half Right', 'resp5': 'Car', 'resp6': 'Horse', 'resp7': 'Shoe', 'resp8': 'Turtle', 'objFirst': False, 'interval': 2.425}
16.9751 	DATA 	Keypress: space
16.9832 	EXP 	fixCross_2: autoDraw = False
16.9832 	EXP 	text1_2: autoDraw = False
16.9832 	EXP 	text2_2: autoDraw = False
16.9832 	EXP 	text3_2: autoDraw = False
16.9832 	EXP 	text4_2: autoDraw = False
16.9832 	EXP 	text5_2: autoDraw = False
16.9832 	EXP 	text6_2: autoDraw = False
16.9832 	EXP 	text7_2: autoDraw = False
16.9832 	EXP 	text8_2: autoDraw = False
16.9832 	EXP 	num1_2: autoDraw = False
16.9832 	EXP 	num2_2: autoDraw = False
16.9832 	EXP 	num3_2: autoDraw = False
16.9832 	EXP 	num4_2: autoDraw = False
16.9832 	EXP 	fixCross: foreColor = <psychopy.colors.Color: transparent, alpha=1.0>
16.9832 	EXP 	fixCross: borderColor = <psychopy.colors.Color: transparent, alpha=1.0>
16.9832 	EXP 	fixCross: fillColor = <psychopy.colors.Color: transparent, alpha=1.0>
16.9832 	EXP 	cue: image = 'stim//ori2.png'
16.9832 	EXP 	cue: autoDraw = True
17.9685 	EXP 	Created sequence: sequential, trialTypes=1, nReps=3, seed=None
17.9687 	EXP 	New trial (rep=0, index=0): None
17.9842 	EXP 	cue: autoDraw = False
17.9842 	EXP 	cue: autoDraw = False
17.9842 	EXP 	fixCrossR_4: autoDraw = True
18.2186 	EXP 	New trial (rep=1, index=0): None
18.2344 	EXP 	fixCrossR_4: autoDraw = False
18.2344 	EXP 	fixCrossR_4: autoDraw = False
18.2344 	EXP 	fixCrossR_4: autoDraw = True
18.4688 	EXP 	New trial (rep=2, index=0): None
18.4845 	EXP 	fixCrossR_4: autoDraw = False
18.4845 	EXP 	fixCrossR_4: autoDraw = False
18.4845 	EXP 	fixCrossR_4: autoDraw = True
18.9014 	EXP 	fixCrossR_4: autoDraw = False
18.9014 	EXP 	fixCrossR_4: autoDraw = False
18.9014 	EXP 	fixCross_2: fillColor = <psychopy.colors.Color: black, alpha=1.0>
18.9014 	EXP 	fixCross_2: borderColor = <psychopy.colors.Color: black, alpha=1.0>
18.9014 	EXP 	text1_2: foreColor = <psychopy.colors.Color: white, alpha=1.0>
18.9014 	EXP 	text1_2: height = 0.05
18.9014 	EXP 	text1_2: height = 0.05
18.9014 	EXP 	text1_2: height = 0.05
18.9014 	EXP 	text1_2: text = 'Half Left'
18.9014 	EXP 	text2_2: foreColor = <psychopy.colors.Color: white, alpha=1.0>
18.9014 	EXP 	text2_2: height = 0.05
18.9014 	EXP 	text2_2: height = 0.05
18.9014 	EXP 	text2_2: height = 0.05
18.9014 	EXP 	text2_2: text = 'Full Right'
18.9014 	EXP 	text3_2: foreColor = <psychopy.colors.Color: white, alpha=1.0>
18.9014 	EXP 	text3_2: height = 0.05
18.9014 	EXP 	text3_2: height = 0.05
18.9014 	EXP 	text3_2: height = 0.05
18.9014 	EXP 	text3_2: text = 'Full Left'
18.9014 	EXP 	text4_2: foreColor = <psychopy.colors.Color: white, alpha=1.0>
18.9014 	EXP 	text4_2: height = 0.05
18.9014 	EXP 	text4_2: height = 0.05
18.9014 	EXP 	text4_2: height = 0.05
18.9014 	EXP 	text4_2: text = 'Half Right'
18.9014 	EXP 	text5_2: foreColor = <psychopy.colors.Color: white, alpha=1.0>
18.9014 	EXP 	text5_2: height = 0.05
18.9014 	EXP 	text5_2: height = 0.05
18.9014 	EXP 	text5_2: height = 0.05
18.9014 	EXP 	text5_2: text = 'Car'
18.9014 	EXP 	text6_2: foreColor = <psychopy.colors.Color: white, alpha=1.0>
18.9014 	EXP 	text6_2: height = 0.05
18.9014 	EXP 	text6_2: height = 0.05
18.9014 	EXP 	text6_2: height = 0.05
18.9014 	EXP 	text6_2: text = 'Horse'
18.9014 	EXP 	text7_2: foreColor = <psychopy.colors.Color: white, alpha=1.0>
18.9014 	EXP 	text7_2: height = 0.05
18.9014 	EXP 	text7_2: height = 0.05
18.9014 	EXP 	text7_2: height = 0.05
18.9014 	EXP 	text7_2: text = 'Shoe'
18.9014 	EXP 	text8_2: foreColor = <psychopy.colors.Color: white, alpha=1.0>
18.9014 	EXP 	text8_2: height = 0.05
18.9014 	EXP 	text8_2: height = 0.05
18.9014 	EXP 	text8_2: height = 0.05
18.9014 	EXP 	text8_2: text = 'Turtle'
18.9014 	EXP 	num1_2: foreColor = <psychopy.colors.Color: white, alpha=1.0>
18.9014 	EXP 	num1_2: text = '1'
18.9014 	EXP 	num2_2: foreColor = <psychopy.colors.Color: white, alpha=1.0>
18.9014 	EXP 	num2_2: text = '2'
18.9014 	EXP 	num3_2: foreColor = <psychopy.colors.Color: white, alpha=1.0>
18.9014 	EXP 	num3_2: text = '3'
18.9014 	EXP 	num4_2: foreColor = <psychopy.colors.Color: white, alpha=1.0>
18.9014 	EXP 	num4_2: text = '4'
18.9014 	EXP 	fixCross_2: autoDraw = True
18.9014 	EXP 	text1_2: autoDraw = True
18.9014 	EXP 	text2_2: autoDraw = True
18.9014 	EXP 	text3_2: autoDraw = True
18.9014 	EXP 	text4_2: autoDraw = True
18.9014 	EXP 	text5_2: autoDraw = True
18.9014 	EXP 	text6_2: autoDraw = True
18.9014 	EXP 	text7_2: autoDraw = True
18.9014 	EXP 	text8_2: autoDraw = True
18.9014 	EXP 	num1_2: autoDraw = True
18.9014 	EXP 	num2_2: autoDraw = True
18.9014 	EXP 	num3_2: autoDraw = True
18.9014 	EXP 	num4_2: autoDraw = True
19.4595 	DATA 	Keypress: 2
19.4852 	EXP 	fixCross: foreColor = <psychopy.colors.Color: (1.0, 0.0, 0.0, 1.0)>
19.4852 	EXP 	fixCross: borderColor = <psychopy.colors.Color: (1.0, 0.0, 0.0, 1.0)>
19.4852 	EXP 	fixCross: fillColor = <psychopy.colors.Color: (1.0, 0.0, 0.0, 1.0)>
19.4852 	EXP 	text1_2: foreColor = <psychopy.colors.Color: (1.0, 0.0, 0.0, 1.0)>
19.4852 	EXP 	text5_2: foreColor = <psychopy.colors.Color: (1.0, 0.0, 0.0, 1.0)>
19.4852 	EXP 	num1_2: foreColor = <psychopy.colors.Color: (1.0, 0.0, 0.0, 1.0)>
19.4852 	EXP 	fixCross: foreColor = <psychopy.colors.Color: (1.0, 0.0, 0.0, 1.0)>
19.4852 	EXP 	fixCross: borderColor = <psychopy.colors.Color: (1.0, 0.0, 0.0, 1.0)>
19.4852 	EXP 	fixCross: fillColor = <psychopy.colors.Color: (1.0, 0.0, 0.0, 1.0)>
19.4852 	EXP 	text2_2: foreColor = <psychopy.colors.Color: (1.0, 0.0, 0.0, 1.0)>
19.4852 	EXP 	text6_2: foreColor = <psychopy.colors.Color: (1.0, 0.0, 0.0, 1.0)>
19.4852 	EXP 	num2_2: foreColor = <psychopy.colors.Color: (1.0, 0.0, 0.0, 1.0)>
19.4852 	EXP 	fixCross: foreColor = <psychopy.colors.Color: (1.0, 0.0, 0.0, 1.0)>
19.4852 	EXP 	fixCross: borderColor = <psychopy.colors.Color: (1.0, 0.0, 0.0, 1.0)>
19.4852 	EXP 	fixCross: fillColor = <psychopy.colors.Color: (1.0, 0.0, 0.0, 1.0)>
19.4852 	EXP 	text3_2: foreColor = <psychopy.colors.Color: (1.0, 0.0, 0.0, 1.0)>
19.4852 	EXP 	text7_2: foreColor = <psychopy.colors.Color: (1.0, 0.0, 0.0, 1.0)>
19.4852 	EXP 	num3_2: foreColor = <psychopy.colors.Color: (1.0, 0.0, 0.0, 1.0)>
19.4852 	EXP 	fixCross: foreColor = <psychopy.colors.Color: (1.0, 0.0, 0.0, 1.0)>
19.4852 	EXP 	fixCross: borderColor = <psychopy.colors.Color: (1.0, 0.0, 0.0, 1.0)>
19.4852 	EXP 	fixCross: fillColor = <psychopy.colors.Color: (1.0, 0.0, 0.0, 1.0)>
19.4852 	EXP 	text4_2: foreColor = <psychopy.colors.Color: (1.0, 0.0, 0.0, 1.0)>
19.4852 	EXP 	text8_2: foreColor = <psychopy.colors.Color: (1.0, 0.0, 0.0, 1.0)>
19.4852 	EXP 	num4_2: foreColor = <psychopy.colors.Color: (1.0, 0.0, 0.0, 1.0)>
20.0216 	EXP 	New trial (rep=0, index=2): {'category': 'car', 'orientation': 1, 'taskCue': 'stim//obj1.png', 'stimfile': 'stim//car1.png', 'resp1': 'Half Left', 'resp2': 'Full Right', 'resp3': 'Full Left', 'resp4': 'Half Right', 'resp5': 'Car', 'resp6': 'Turtle', 'resp7': 'Horse', 'resp8': 'Shoe', 'objFirst': False, 'interval': 2.877}
20.0277 	DATA 	Keypress: space
20.0356 	EXP 	fixCross_2: autoDraw = False
20.0356 	EXP 	text1_2: autoDraw = False
20.0356 	EXP 	text2_2: autoDraw = False
20.0356 	EXP 	text3_2: autoDraw = False
20.0356 	EXP 	text4_2: autoDraw = False
20.0356 	EXP 	text5_2: autoDraw = False
20.0356 	EXP 	text6_2: autoDraw = False
20.0356 	EXP 	text7_2: autoDraw = False
20.0356 	EXP 	text8_2: autoDraw = False
20.0356 	EXP 	num1_2: autoDraw = False
20.0356 	EXP 	num2_2: autoDraw = False
20.0356 	EXP 	num3_2: autoDraw = False
20.0356 	EXP 	num4_2: autoDraw = False
20.0356 	EXP 	fixCross: foreColor = <psychopy.colors.Color: transparent, alpha=1.0>
20.0356 	EXP 	fixCross: borderColor = <psychopy.colors.Color: transparent, alpha=1.0>
20.0356 	EXP 	fixCross: fillColor = <psychopy.colors.Color: transparent, alpha=1.0>
20.0356 	EXP 	cue: image = 'stim//obj1.png'
20.0356 	EXP 	cue: autoDraw = True
21.0207 	EXP 	Created sequence: sequential, trialTypes=1, nReps=3, seed=None
21.0209 	EXP 	New trial (rep=0, index=0): None
21.0364 	EXP 	cue: autoDraw = False
21.0364 	EXP 	cue: autoDraw = False
21.0364 	EXP 	fixCrossR_4: autoDraw = True
21.2709 	EXP 	New trial (rep=1, index=0): None
21.2870 	EXP 	fixCrossR_4: autoDraw = False
21.2870 	EXP 	fixCrossR_4: autoDraw = False
21.2870 	EXP 	fixCrossR_4: autoDraw = True
21.5213 	EXP 	New trial (rep=2, index=0): None
21.5369 	EXP 	fixCrossR_4: autoDraw = False
21.5369 	EXP 	fixCrossR_4: autoDraw = False
21.5369 	EXP 	fixCrossR_4: autoDraw = True
21.9371 	EXP 	fixCrossR_4: autoDraw = False
21.9371 	EXP 	fixCrossR_4: autoDraw = False
21.9371 	EXP 	fixCross_2: fillColor = <psychopy.colors.Color: black, alpha=1.0>
21.9371 	EXP 	fixCross_2: borderColor = <psychopy.colors.Color: black, alpha=1.0>
21.9371 	EXP 	text1_2: foreColor = <psychopy.colors.Color: white, alpha=1.0>
21.9371 	EXP 	text1_2: text = 'Half Left'
21.9371 	EXP 	text2_2: foreColor = <psychopy.colors.Color: white, alpha=1.0>
21.9371 	EXP 	text2_2: text = 'Full Right'
21.9371 	EXP 	text3_2: foreColor = <psychopy.colors.Color: white, alpha=1.0>
21.9371 	EXP 	text3_2: text = 'Full Left'
21.9371 	EXP 	text4_2: foreColor = <psychopy.colors.Color: white, alpha=1.0>
21.9371 	EXP 	text4_2: text = 'Half Right'
21.9371 	EXP 	text5_2: foreColor = <psychopy.colors.Color: white, alpha=1.0>
21.9371 	EXP 	text5_2: text = 'Car'
21.9371 	EXP 	text6_2: foreColor = <psychopy.colors.Color: white, alpha=1.0>
21.9371 	EXP 	text6_2: height = 0.05
21.9371 	EXP 	text6_2: height = 0.05
21.9371 	EXP 	text6_2: height = 0.05
21.9371 	EXP 	text6_2: text = 'Turtle'
21.9371 	EXP 	text7_2: foreColor = <psychopy.colors.Color: white, alpha=1.0>
21.9371 	EXP 	text7_2: height = 0.05
21.9371 	EXP 	text7_2: height = 0.05
21.9371 	EXP 	text7_2: height = 0.05
21.9371 	EXP 	text7_2: text = 'Horse'
21.9371 	EXP 	text8_2: foreColor = <psychopy.colors.Color: white, alpha=1.0>
21.9371 	EXP 	text8_2: height = 0.05
21.9371 	EXP 	text8_2: height = 0.05
21.9371 	EXP 	text8_2: height = 0.05
21.9371 	EXP 	text8_2: text = 'Shoe'
21.9371 	EXP 	num1_2: foreColor = <psychopy.colors.Color: white, alpha=1.0>
21.9371 	EXP 	num1_2: text = '1'
21.9371 	EXP 	num2_2: foreColor = <psychopy.colors.Color: white, alpha=1.0>
21.9371 	EXP 	num2_2: text = '2'
21.9371 	EXP 	num3_2: foreColor = <psychopy.colors.Color: white, alpha=1.0>
21.9371 	EXP 	num3_2: text = '3'
21.9371 	EXP 	num4_2: foreColor = <psychopy.colors.Color: white, alpha=1.0>
21.9371 	EXP 	num4_2: text = '4'
21.9371 	EXP 	fixCross_2: autoDraw = True
21.9371 	EXP 	text1_2: autoDraw = True
21.9371 	EXP 	text2_2: autoDraw = True
21.9371 	EXP 	text3_2: autoDraw = True
21.9371 	EXP 	text4_2: autoDraw = True
21.9371 	EXP 	text5_2: autoDraw = True
21.9371 	EXP 	text6_2: autoDraw = True
21.9371 	EXP 	text7_2: autoDraw = True
21.9371 	EXP 	text8_2: autoDraw = True
21.9371 	EXP 	num1_2: autoDraw = True
21.9371 	EXP 	num2_2: autoDraw = True
21.9371 	EXP 	num3_2: autoDraw = True
21.9371 	EXP 	num4_2: autoDraw = True
22.1888 	DATA 	Keypress: 3
22.2043 	EXP 	fixCross: foreColor = <psychopy.colors.Color: (1.0, 0.0, 0.0, 1.0)>
22.2043 	EXP 	fixCross: borderColor = <psychopy.colors.Color: (1.0, 0.0, 0.0, 1.0)>
22.2043 	EXP 	fixCross: fillColor = <psychopy.colors.Color: (1.0, 0.0, 0.0, 1.0)>
22.2043 	EXP 	text1_2: foreColor = <psychopy.colors.Color: (1.0, 0.0, 0.0, 1.0)>
22.2043 	EXP 	text5_2: foreColor = <psychopy.colors.Color: (1.0, 0.0, 0.0, 1.0)>
22.2043 	EXP 	num1_2: foreColor = <psychopy.colors.Color: (1.0, 0.0, 0.0, 1.0)>
22.2043 	EXP 	fixCross: foreColor = <psychopy.colors.Color: (1.0, 0.0, 0.0, 1.0)>
22.2043 	EXP 	fixCross: borderColor = <psychopy.colors.Color: (1.0, 0.0, 0.0, 1.0)>
22.2043 	EXP 	fixCross: fillColor = <psychopy.colors.Color: (1.0, 0.0, 0.0, 1.0)>
22.2043 	EXP 	text2_2: foreColor = <psychopy.colors.Color: (1.0, 0.0, 0.0, 1.0)>
22.2043 	EXP 	text6_2: foreColor = <psychopy.colors.Color: (1.0, 0.0, 0.0, 1.0)>
22.2043 	EXP 	num2_2: foreColor = <psychopy.colors.Color: (1.0, 0.0, 0.0, 1.0)>
22.2043 	EXP 	fixCross: foreColor = <psychopy.colors.Color: (1.0, 0.0, 0.0, 1.0)>
22.2043 	EXP 	fixCross: borderColor = <psychopy.colors.Color: (1.0, 0.0, 0.0, 1.0)>
22.2043 	EXP 	fixCross: fillColor = <psychopy.colors.Color: (1.0, 0.0, 0.0, 1.0)>
22.2043 	EXP 	text3_2: foreColor = <psychopy.colors.Color: (1.0, 0.0, 0.0, 1.0)>
22.2043 	EXP 	text7_2: foreColor = <psychopy.colors.Color: (1.0, 0.0, 0.0, 1.0)>
22.2043 	EXP 	num3_2: foreColor = <psychopy.colors.Color: (1.0, 0.0, 0.0, 1.0)>
22.2043 	EXP 	fixCross: foreColor = <psychopy.colors.Color: (1.0, 0.0, 0.0, 1.0)>
22.2043 	EXP 	fixCross: borderColor = <psychopy.colors.Color: (1.0, 0.0, 0.0, 1.0)>
22.2043 	EXP 	fixCross: fillColor = <psychopy.colors.Color: (1.0, 0.0, 0.0, 1.0)>
22.2043 	EXP 	text4_2: foreColor = <psychopy.colors.Color: (1.0, 0.0, 0.0, 1.0)>
22.2043 	EXP 	text8_2: foreColor = <psychopy.colors.Color: (1.0, 0.0, 0.0, 1.0)>
22.2043 	EXP 	num4_2: foreColor = <psychopy.colors.Color: (1.0, 0.0, 0.0, 1.0)>
22.6069 	EXP 	New trial (rep=0, index=3): {'category': 'shoe', 'orientation': 3, 'taskCue': 'stim//obj2.png', 'stimfile': 'stim//shoe3.png', 'resp1': 'Full Right', 'resp2': 'Half Right', 'resp3': 'Full Left', 'resp4': 'Half Left', 'resp5': 'Horse', 'resp6': 'Shoe', 'resp7': 'Car', 'resp8': 'Turtle', 'objFirst': False, 'interval': 2.181}
22.6131 	DATA 	Keypress: space
22.6219 	EXP 	fixCross_2: autoDraw = False
22.6219 	EXP 	text1_2: autoDraw = False
22.6219 	EXP 	text2_2: autoDraw = False
22.6219 	EXP 	text3_2: autoDraw = False
22.6219 	EXP 	text4_2: autoDraw = False
22.6219 	EXP 	text5_2: autoDraw = False
22.6219 	EXP 	text6_2: autoDraw = False
22.6219 	EXP 	text7_2: autoDraw = False
22.6219 	EXP 	text8_2: autoDraw = False
22.6219 	EXP 	num1_2: autoDraw = False
22.6219 	EXP 	num2_2: autoDraw = False
22.6219 	EXP 	num3_2: autoDraw = False
22.6219 	EXP 	num4_2: autoDraw = False
22.6219 	EXP 	fixCross: foreColor = <psychopy.colors.Color: transparent, alpha=1.0>
22.6219 	EXP 	fixCross: borderColor = <psychopy.colors.Color: transparent, alpha=1.0>
22.6219 	EXP 	fixCross: fillColor = <psychopy.colors.Color: transparent, alpha=1.0>
22.6219 	EXP 	cue: image = 'stim//obj2.png'
22.6219 	EXP 	cue: autoDraw = True
23.6063 	EXP 	Created sequence: sequential, trialTypes=1, nReps=3, seed=None
23.6065 	EXP 	New trial (rep=0, index=0): None
23.6220 	EXP 	cue: autoDraw = False
23.6220 	EXP 	cue: autoDraw = False
23.6220 	EXP 	fixCrossR_4: autoDraw = True
23.8569 	EXP 	New trial (rep=1, index=0): None
23.8725 	EXP 	fixCrossR_4: autoDraw = False
23.8725 	EXP 	fixCrossR_4: autoDraw = False
23.8725 	EXP 	fixCrossR_4: autoDraw = True
24.1068 	EXP 	New trial (rep=2, index=0): None
24.1222 	EXP 	fixCrossR_4: autoDraw = False
24.1222 	EXP 	fixCrossR_4: autoDraw = False
24.1222 	EXP 	fixCrossR_4: autoDraw = True
24.5401 	EXP 	fixCrossR_4: autoDraw = False
24.5401 	EXP 	fixCrossR_4: autoDraw = False
24.5401 	EXP 	fixCross_2: fillColor = <psychopy.colors.Color: black, alpha=1.0>
24.5401 	EXP 	fixCross_2: borderColor = <psychopy.colors.Color: black, alpha=1.0>
24.5401 	EXP 	text1_2: foreColor = <psychopy.colors.Color: white, alpha=1.0>
24.5401 	EXP 	text1_2: height = 0.05
24.5401 	EXP 	text1_2: height = 0.05
24.5401 	EXP 	text1_2: height = 0.05
24.5401 	EXP 	text1_2: text = 'Full Right'
24.5401 	EXP 	text2_2: foreColor = <psychopy.colors.Color: white, alpha=1.0>
24.5401 	EXP 	text2_2: height = 0.05
24.5401 	EXP 	text2_2: height = 0.05
24.5401 	EXP 	text2_2: height = 0.05
24.5401 	EXP 	text2_2: text = 'Half Right'
24.5401 	EXP 	text3_2: foreColor = <psychopy.colors.Color: white, alpha=1.0>
24.5401 	EXP 	text3_2: text = 'Full Left'
24.5401 	EXP 	text4_2: foreColor = <psychopy.colors.Color: white, alpha=1.0>
24.5401 	EXP 	text4_2: height = 0.05
24.5401 	EXP 	text4_2: height = 0.05
24.5401 	EXP 	text4_2: height = 0.05
24.5401 	EXP 	text4_2: text = 'Half Left'
24.5401 	EXP 	text5_2: foreColor = <psychopy.colors.Color: white, alpha=1.0>
24.5401 	EXP 	text5_2: height = 0.05
24.5401 	EXP 	text5_2: height = 0.05
24.5401 	EXP 	text5_2: height = 0.05
24.5401 	EXP 	text5_2: text = 'Horse'
24.5401 	EXP 	text6_2: foreColor = <psychopy.colors.Color: white, alpha=1.0>
24.5401 	EXP 	text6_2: height = 0.05
24.5401 	EXP 	text6_2: height = 0.05
24.5401 	EXP 	text6_2: height = 0.05
24.5401 	EXP 	text6_2: text = 'Shoe'
24.5401 	EXP 	text7_2: foreColor = <psychopy.colors.Color: white, alpha=1.0>
24.5401 	EXP 	text7_2: height = 0.05
24.5401 	EXP 	text7_2: height = 0.05
24.5401 	EXP 	text7_2: height = 0.05
24.5401 	EXP 	text7_2: text = 'Car'
24.5401 	EXP 	text8_2: foreColor = <psychopy.colors.Color: white, alpha=1.0>
24.5401 	EXP 	text8_2: height = 0.05
24.5401 	EXP 	text8_2: height = 0.05
24.5401 	EXP 	text8_2: height = 0.05
24.5401 	EXP 	text8_2: text = 'Turtle'
24.5401 	EXP 	num1_2: foreColor = <psychopy.colors.Color: white, alpha=1.0>
24.5401 	EXP 	num1_2: text = '1'
24.5401 	EXP 	num2_2: foreColor = <psychopy.colors.Color: white, alpha=1.0>
24.5401 	EXP 	num2_2: text = '2'
24.5401 	EXP 	num3_2: foreColor = <psychopy.colors.Color: white, alpha=1.0>
24.5401 	EXP 	num3_2: text = '3'
24.5401 	EXP 	num4_2: foreColor = <psychopy.colors.Color: white, alpha=1.0>
24.5401 	EXP 	num4_2: text = '4'
24.5401 	EXP 	fixCross_2: autoDraw = True
24.5401 	EXP 	text1_2: autoDraw = True
24.5401 	EXP 	text2_2: autoDraw = True
24.5401 	EXP 	text3_2: autoDraw = True
24.5401 	EXP 	text4_2: autoDraw = True
24.5401 	EXP 	text5_2: autoDraw = True
24.5401 	EXP 	text6_2: autoDraw = True
24.5401 	EXP 	text7_2: autoDraw = True
24.5401 	EXP 	text8_2: autoDraw = True
24.5401 	EXP 	num1_2: autoDraw = True
24.5401 	EXP 	num2_2: autoDraw = True
24.5401 	EXP 	num3_2: autoDraw = True
24.5401 	EXP 	num4_2: autoDraw = True
24.8142 	DATA 	Keypress: 4
24.8399 	EXP 	fixCross: foreColor = <psychopy.colors.Color: (1.0, 0.0, 0.0, 1.0)>
24.8399 	EXP 	fixCross: borderColor = <psychopy.colors.Color: (1.0, 0.0, 0.0, 1.0)>
24.8399 	EXP 	fixCross: fillColor = <psychopy.colors.Color: (1.0, 0.0, 0.0, 1.0)>
24.8399 	EXP 	text1_2: foreColor = <psychopy.colors.Color: (1.0, 0.0, 0.0, 1.0)>
24.8399 	EXP 	text5_2: foreColor = <psychopy.colors.Color: (1.0, 0.0, 0.0, 1.0)>
24.8399 	EXP 	num1_2: foreColor = <psychopy.colors.Color: (1.0, 0.0, 0.0, 1.0)>
24.8399 	EXP 	fixCross: foreColor = <psychopy.colors.Color: (1.0, 0.0, 0.0, 1.0)>
24.8399 	EXP 	fixCross: borderColor = <psychopy.colors.Color: (1.0, 0.0, 0.0, 1.0)>
24.8399 	EXP 	fixCross: fillColor = <psychopy.colors.Color: (1.0, 0.0, 0.0, 1.0)>
24.8399 	EXP 	text2_2: foreColor = <psychopy.colors.Color: (1.0, 0.0, 0.0, 1.0)>
24.8399 	EXP 	text6_2: foreColor = <psychopy.colors.Color: (1.0, 0.0, 0.0, 1.0)>
24.8399 	EXP 	num2_2: foreColor = <psychopy.colors.Color: (1.0, 0.0, 0.0, 1.0)>
24.8399 	EXP 	fixCross: foreColor = <psychopy.colors.Color: (1.0, 0.0, 0.0, 1.0)>
24.8399 	EXP 	fixCross: borderColor = <psychopy.colors.Color: (1.0, 0.0, 0.0, 1.0)>
24.8399 	EXP 	fixCross: fillColor = <psychopy.colors.Color: (1.0, 0.0, 0.0, 1.0)>
24.8399 	EXP 	text3_2: foreColor = <psychopy.colors.Color: (1.0, 0.0, 0.0, 1.0)>
24.8399 	EXP 	text7_2: foreColor = <psychopy.colors.Color: (1.0, 0.0, 0.0, 1.0)>
24.8399 	EXP 	num3_2: foreColor = <psychopy.colors.Color: (1.0, 0.0, 0.0, 1.0)>
24.8399 	EXP 	fixCross: foreColor = <psychopy.colors.Color: (1.0, 0.0, 0.0, 1.0)>
24.8399 	EXP 	fixCross: borderColor = <psychopy.colors.Color: (1.0, 0.0, 0.0, 1.0)>
24.8399 	EXP 	fixCross: fillColor = <psychopy.colors.Color: (1.0, 0.0, 0.0, 1.0)>
24.8399 	EXP 	text4_2: foreColor = <psychopy.colors.Color: (1.0, 0.0, 0.0, 1.0)>
24.8399 	EXP 	text8_2: foreColor = <psychopy.colors.Color: (1.0, 0.0, 0.0, 1.0)>
24.8399 	EXP 	num4_2: foreColor = <psychopy.colors.Color: (1.0, 0.0, 0.0, 1.0)>
25.2762 	EXP 	New trial (rep=0, index=4): {'category': 'car', 'orientation': 1, 'taskCue': 'stim//ori2.png', 'stimfile': 'stim//car1.png', 'resp1': 'Turtle', 'resp2': 'Car', 'resp3': 'Horse', 'resp4': 'Shoe', 'resp5': 'Half Right', 'resp6': 'Half Left', 'resp7': 'Full Right', 'resp8': 'Full Left', 'objFirst': True, 'interval': 2.47}
25.2821 	DATA 	Keypress: space
25.2901 	EXP 	fixCross_2: autoDraw = False
25.2901 	EXP 	text1_2: autoDraw = False
25.2901 	EXP 	text2_2: autoDraw = False
25.2901 	EXP 	text3_2: autoDraw = False
25.2901 	EXP 	text4_2: autoDraw = False
25.2901 	EXP 	text5_2: autoDraw = False
25.2901 	EXP 	text6_2: autoDraw = False
25.2901 	EXP 	text7_2: autoDraw = False
25.2901 	EXP 	text8_2: autoDraw = False
25.2901 	EXP 	num1_2: autoDraw = False
25.2901 	EXP 	num2_2: autoDraw = False
25.2901 	EXP 	num3_2: autoDraw = False
25.2901 	EXP 	num4_2: autoDraw = False
25.2901 	EXP 	fixCross: foreColor = <psychopy.colors.Color: transparent, alpha=1.0>
25.2901 	EXP 	fixCross: borderColor = <psychopy.colors.Color: transparent, alpha=1.0>
25.2901 	EXP 	fixCross: fillColor = <psychopy.colors.Color: transparent, alpha=1.0>
25.2901 	EXP 	cue: image = 'stim//ori2.png'
25.2901 	EXP 	cue: autoDraw = True
26.2756 	EXP 	Created sequence: sequential, trialTypes=1, nReps=3, seed=None
26.2758 	EXP 	New trial (rep=0, index=0): None
26.2908 	EXP 	cue: autoDraw = False
26.2908 	EXP 	cue: autoDraw = False
26.2908 	EXP 	fixCrossR_4: autoDraw = True
26.5255 	EXP 	New trial (rep=1, index=0): None
26.5413 	EXP 	fixCrossR_4: autoDraw = False
26.5413 	EXP 	fixCrossR_4: autoDraw = False
26.5413 	EXP 	fixCrossR_4: autoDraw = True
26.7758 	EXP 	New trial (rep=2, index=0): None
26.7915 	EXP 	fixCrossR_4: autoDraw = False
26.7915 	EXP 	fixCrossR_4: autoDraw = False
26.7915 	EXP 	fixCrossR_4: autoDraw = True
27.2918 	EXP 	fixCrossR_4: autoDraw = False
27.2918 	EXP 	fixCrossR_4: autoDraw = False
27.2918 	EXP 	fixCross_2: fillColor = <psychopy.colors.Color: black, alpha=1.0>
27.2918 	EXP 	fixCross_2: borderColor = <psychopy.colors.Color: black, alpha=1.0>
27.2918 	EXP 	text1_2: foreColor = <psychopy.colors.Color: white, alpha=1.0>
27.2918 	EXP 	text1_2: height = 0.05
27.2918 	EXP 	text1_2: height = 0.05
27.2918 	EXP 	text1_2: height = 0.05
27.2918 	EXP 	text1_2: text = 'Turtle'
27.2918 	EXP 	text2_2: foreColor = <psychopy.colors.Color: white, alpha=1.0>
27.2918 	EXP 	text2_2: height = 0.05
27.2918 	EXP 	text2_2: height = 0.05
27.2918 	EXP 	text2_2: height = 0.05
27.2918 	EXP 	text2_2: text = 'Car'
27.2918 	EXP 	text3_2: foreColor = <psychopy.colors.Color: white, alpha=1.0>
27.2918 	EXP 	text3_2: height = 0.05
27.2918 	EXP 	text3_2: height = 0.05
27.2918 	EXP 	text3_2: height = 0.05
27.2918 	EXP 	text3_2: text = 'Horse'
27.2918 	EXP 	text4_2: foreColor = <psychopy.colors.Color: white, alpha=1.0>
27.2918 	EXP 	text4_2: height = 0.05
27.2918 	EXP 	text4_2: height = 0.05
27.2918 	EXP 	text4_2: height = 0.05
27.2918 	EXP 	text4_2: text = 'Shoe'
27.2918 	EXP 	text5_2: foreColor = <psychopy.colors.Color: white, alpha=1.0>
27.2918 	EXP 	text5_2: height = 0.05
27.2918 	EXP 	text5_2: height = 0.05
27.2918 	EXP 	text5_2: height = 0.05
27.2918 	EXP 	text5_2: text = 'Half Right'
27.2918 	EXP 	text6_2: foreColor = <psychopy.colors.Color: white, alpha=1.0>
27.2918 	EXP 	text6_2: height = 0.05
27.2918 	EXP 	text6_2: height = 0.05
27.2918 	EXP 	text6_2: height = 0.05
27.2918 	EXP 	text6_2: text = 'Half Left'
27.2918 	EXP 	text7_2: foreColor = <psychopy.colors.Color: white, alpha=1.0>
27.2918 	EXP 	text7_2: height = 0.05
27.2918 	EXP 	text7_2: height = 0.05
27.2918 	EXP 	text7_2: height = 0.05
27.2918 	EXP 	text7_2: text = 'Full Right'
27.2918 	EXP 	text8_2: foreColor = <psychopy.colors.Color: white, alpha=1.0>
27.2918 	EXP 	text8_2: height = 0.05
27.2918 	EXP 	text8_2: height = 0.05
27.2918 	EXP 	text8_2: height = 0.05
27.2918 	EXP 	text8_2: text = 'Full Left'
27.2918 	EXP 	num1_2: foreColor = <psychopy.colors.Color: white, alpha=1.0>
27.2918 	EXP 	num1_2: text = '1'
27.2918 	EXP 	num2_2: foreColor = <psychopy.colors.Color: white, alpha=1.0>
27.2918 	EXP 	num2_2: text = '2'
27.2918 	EXP 	num3_2: foreColor = <psychopy.colors.Color: white, alpha=1.0>
27.2918 	EXP 	num3_2: text = '3'
27.2918 	EXP 	num4_2: foreColor = <psychopy.colors.Color: white, alpha=1.0>
27.2918 	EXP 	num4_2: text = '4'
27.2918 	EXP 	fixCross_2: autoDraw = True
27.2918 	EXP 	text1_2: autoDraw = True
27.2918 	EXP 	text2_2: autoDraw = True
27.2918 	EXP 	text3_2: autoDraw = True
27.2918 	EXP 	text4_2: autoDraw = True
27.2918 	EXP 	text5_2: autoDraw = True
27.2918 	EXP 	text6_2: autoDraw = True
27.2918 	EXP 	text7_2: autoDraw = True
27.2918 	EXP 	text8_2: autoDraw = True
27.2918 	EXP 	num1_2: autoDraw = True
27.2918 	EXP 	num2_2: autoDraw = True
27.2918 	EXP 	num3_2: autoDraw = True
27.2918 	EXP 	num4_2: autoDraw = True
27.5327 	DATA 	Keypress: 1
27.5585 	EXP 	fixCross: foreColor = <psychopy.colors.Color: (1.0, 0.0, 0.0, 1.0)>
27.5585 	EXP 	fixCross: borderColor = <psychopy.colors.Color: (1.0, 0.0, 0.0, 1.0)>
27.5585 	EXP 	fixCross: fillColor = <psychopy.colors.Color: (1.0, 0.0, 0.0, 1.0)>
27.5585 	EXP 	text1_2: foreColor = <psychopy.colors.Color: (1.0, 0.0, 0.0, 1.0)>
27.5585 	EXP 	text5_2: foreColor = <psychopy.colors.Color: (1.0, 0.0, 0.0, 1.0)>
27.5585 	EXP 	num1_2: foreColor = <psychopy.colors.Color: (1.0, 0.0, 0.0, 1.0)>
27.5585 	EXP 	fixCross: foreColor = <psychopy.colors.Color: (1.0, 0.0, 0.0, 1.0)>
27.5585 	EXP 	fixCross: borderColor = <psychopy.colors.Color: (1.0, 0.0, 0.0, 1.0)>
27.5585 	EXP 	fixCross: fillColor = <psychopy.colors.Color: (1.0, 0.0, 0.0, 1.0)>
27.5585 	EXP 	text2_2: foreColor = <psychopy.colors.Color: (1.0, 0.0, 0.0, 1.0)>
27.5585 	EXP 	text6_2: foreColor = <psychopy.colors.Color: (1.0, 0.0, 0.0, 1.0)>
27.5585 	EXP 	num2_2: foreColor = <psychopy.colors.Color: (1.0, 0.0, 0.0, 1.0)>
27.5585 	EXP 	fixCross: foreColor = <psychopy.colors.Color: (1.0, 0.0, 0.0, 1.0)>
27.5585 	EXP 	fixCross: borderColor = <psychopy.colors.Color: (1.0, 0.0, 0.0, 1.0)>
27.5585 	EXP 	fixCross: fillColor = <psychopy.colors.Color: (1.0, 0.0, 0.0, 1.0)>
27.5585 	EXP 	text3_2: foreColor = <psychopy.colors.Color: (1.0, 0.0, 0.0, 1.0)>
27.5585 	EXP 	text7_2: foreColor = <psychopy.colors.Color: (1.0, 0.0, 0.0, 1.0)>
27.5585 	EXP 	num3_2: foreColor = <psychopy.colors.Color: (1.0, 0.0, 0.0, 1.0)>
27.5585 	EXP 	fixCross: foreColor = <psychopy.colors.Color: (1.0, 0.0, 0.0, 1.0)>
27.5585 	EXP 	fixCross: borderColor = <psychopy.colors.Color: (1.0, 0.0, 0.0, 1.0)>
27.5585 	EXP 	fixCross: fillColor = <psychopy.colors.Color: (1.0, 0.0, 0.0, 1.0)>
27.5585 	EXP 	text4_2: foreColor = <psychopy.colors.Color: (1.0, 0.0, 0.0, 1.0)>
27.5585 	EXP 	text8_2: foreColor = <psychopy.colors.Color: (1.0, 0.0, 0.0, 1.0)>
27.5585 	EXP 	num4_2: foreColor = <psychopy.colors.Color: (1.0, 0.0, 0.0, 1.0)>
28.0312 	DATA 	Keypress: space
28.4126 	EXP 	window1: mouseVisible = True
