2.4040 	ERROR 	Support for the `sounddevice` audio backend is not available this session. Please install `psychopy-sounddevice` and restart the session to enable support.
8.2430 	WARNING 	User requested fullscreen with size [1536  864], but screen is actually [1920, 1080]. Using actual size
9.0291 	EXP 	Created window1 = Window(allowGUI=True, allowStencil=False, autoLog=True, backendConf=UNKNOWN, backgroundFit=<method-wrapper '__getattribute__' of attributeSetter object at 0x0000026072497D90>, backgroundImage=<method-wrapper '__getattribute__' of attributeSetter object at 0x0000026072497D30>, bitsMode=UNKNOWN, blendMode='avg', bpc=(8, 8, 8), color=array([-0.4039, -0.4039, -0.4039]), colorSpace='rgb', depthBits=8, fullscr=<method-wrapper '__getattribute__' of attributeSetter object at 0x0000026072497B50>, gamma=None, gammaErrorPolicy='raise', lms=UNKNOWN, monitor=<psychopy.monitors.calibTools.Monitor object at 0x0000026072A08CD0>, multiSample=False, name='window1', numSamples=2, pos=(-1920, 0), screen=0, size=array([1920, 1080]), stencilBits=0, stereo=False, title='PsychoPy', units='height', useFBO=True, useRetina=False, viewOri=0.0, viewPos=None, viewScale=None, waitBlanking=True, winType='pyglet')
9.0292 	EXP 	window1: mouseVisible = True
9.0292 	EXP 	window1: backgroundImage = ''
9.0292 	EXP 	window1: backgroundFit = 'none'
9.0314 	EXP 	window1: Attempting to measure frame rate of screen (0) ...
9.0314 	EXP 	window1: recordFrameIntervals = False
9.1961 	EXP 	window1: recordFrameIntervals = True
9.3791 	EXP 	Screen (0) actual frame rate measured at 60.19Hz
9.3792 	EXP 	window1: recordFrameIntervals = False
9.3793 	EXP 	window1: mouseVisible = False
11.4939 	EXP 	pilotv2: status = STARTED
11.4941 	EXP 	window1: mouseVisible = True
11.5042 	EXP 	Created imageInstruct = ImageStim(__class__=<class 'psychopy.visual.image.ImageStim'>, anchor=('center', 'center'), autoLog=True, color=array([1., 1., 1.]), colorSpace='rgb', contrast=1.0, depth=0.0, draggable=False, flipHoriz=False, flipVert=False, image='default.png', interpolate=True, mask=None, maskParams=None, name='imageInstruct', opacity=1.0, ori=0.0, pos=array([0., 0.]), size=array([1.6    , 1.00736]), texRes=128.0, units='height', win=Window(...))
11.5045 	EXP 	window1: mouseVisible = True
11.5046 	EXP 	window1: mouseVisible = True
11.5050 	EXP 	window1: mouseVisible = True
11.5054 	EXP 	window1: mouseVisible = True
11.5190 	EXP 	window1: mouseVisible = True
11.5191 	EXP 	window1: mouseVisible = True
11.5195 	EXP 	window1: mouseVisible = True
11.5199 	EXP 	window1: mouseVisible = True
11.5314 	EXP 	window1: mouseVisible = True
11.5316 	EXP 	window1: mouseVisible = True
11.5318 	EXP 	window1: mouseVisible = True
11.5322 	EXP 	window1: mouseVisible = True
11.5326 	EXP 	window1: mouseVisible = True
11.5439 	EXP 	window1: mouseVisible = True
11.5440 	EXP 	window1: mouseVisible = True
11.5444 	EXP 	window1: mouseVisible = True
11.5448 	EXP 	window1: mouseVisible = True
11.5481 	EXP 	window1: mouseVisible = True
11.5483 	EXP 	window1: mouseVisible = True
11.6115 	EXP 	Created text_8 = TextStim(__class__=<class 'psychopy.visual.text.TextStim'>, alignHoriz=method-wrapper(...), alignText='center', alignVert=method-wrapper(...), anchorHoriz='center', anchorVert='center', antialias=True, autoDraw=False, autoLog=True, bold=False, color=array([1., 1., 1.]), colorSpace='rgb', contrast=1.0, depth=0.0, draggable=False, flipHoriz=False, flipVert=False, font='Open Sans', fontFiles=[], height=0.05, italic=False, languageStyle='LTR', name='text_8', opacity=1.0, ori=0.0, pos=array([0., 0.]), rgb=UNKNOWN, text=str(...), units='height', win=Window(...), wrapWidth=1)
11.6117 	EXP 	window1: mouseVisible = True
11.6118 	EXP 	window1: mouseVisible = True
11.6123 	EXP 	window1: mouseVisible = True
11.6127 	EXP 	window1: mouseVisible = True
11.6360 	EXP 	window1: mouseVisible = True
11.6362 	EXP 	window1: mouseVisible = True
11.6366 	EXP 	window1: mouseVisible = True
11.6370 	EXP 	window1: mouseVisible = True
11.6470 	EXP 	window1: mouseVisible = True
11.6472 	EXP 	window1: mouseVisible = True
11.6473 	EXP 	window1: mouseVisible = True
11.6477 	EXP 	window1: mouseVisible = True
11.6482 	EXP 	window1: mouseVisible = True
11.6568 	EXP 	window1: mouseVisible = True
11.6569 	EXP 	window1: mouseVisible = True
11.6573 	EXP 	window1: mouseVisible = True
11.6577 	EXP 	window1: mouseVisible = True
11.6611 	EXP 	window1: mouseVisible = True
11.6612 	EXP 	window1: mouseVisible = True
11.6650 	EXP 	Created image_17 = ImageStim(__class__=<class 'psychopy.visual.image.ImageStim'>, anchor=('center', 'center'), autoLog=True, color=array([1., 1., 1.]), colorSpace='rgb', contrast=1.0, depth=-3.0, draggable=False, flipHoriz=False, flipVert=False, image='stim/ori1.png', interpolate=True, mask=None, maskParams=None, name='image_17', opacity=1.0, ori=0.0, pos=array([0.  , 0.23]), size=array([0.15, 0.15]), texRes=128.0, units='height', win=Window(...))
11.6651 	EXP 	window1: mouseVisible = True
11.6691 	EXP 	Created text_9 = TextStim(__class__=<class 'psychopy.visual.text.TextStim'>, alignHoriz=method-wrapper(...), alignText='center', alignVert=method-wrapper(...), anchorHoriz='center', anchorVert='center', antialias=True, autoDraw=False, autoLog=True, bold=False, color=array([1., 1., 1.]), colorSpace='rgb', contrast=1.0, depth=0.0, draggable=False, flipHoriz=False, flipVert=False, font='Open Sans', fontFiles=[], height=0.05, italic=False, languageStyle='LTR', name='text_9', opacity=1.0, ori=0.0, pos=array([0., 0.]), rgb=UNKNOWN, text=str(...), units='height', win=Window(...), wrapWidth=1)
11.6694 	EXP 	window1: mouseVisible = True
11.6695 	EXP 	window1: mouseVisible = True
11.6699 	EXP 	window1: mouseVisible = True
11.6703 	EXP 	window1: mouseVisible = True
11.6741 	EXP 	window1: mouseVisible = True
11.6742 	EXP 	window1: mouseVisible = True
11.6746 	EXP 	window1: mouseVisible = True
11.6750 	EXP 	window1: mouseVisible = True
11.6784 	EXP 	window1: mouseVisible = True
11.6786 	EXP 	window1: mouseVisible = True
11.6787 	EXP 	window1: mouseVisible = True
11.6792 	EXP 	window1: mouseVisible = True
11.6796 	EXP 	window1: mouseVisible = True
11.6834 	EXP 	window1: mouseVisible = True
11.6835 	EXP 	window1: mouseVisible = True
11.6839 	EXP 	window1: mouseVisible = True
11.6843 	EXP 	window1: mouseVisible = True
11.6876 	EXP 	window1: mouseVisible = True
11.6876 	EXP 	window1: mouseVisible = True
11.6915 	EXP 	Created image_18 = ImageStim(__class__=<class 'psychopy.visual.image.ImageStim'>, anchor=('center', 'center'), autoLog=True, color=array([1., 1., 1.]), colorSpace='rgb', contrast=1.0, depth=-3.0, draggable=False, flipHoriz=False, flipVert=False, image='stim/obj2.png', interpolate=True, mask=None, maskParams=None, name='image_18', opacity=1.0, ori=0.0, pos=array([0.  , 0.23]), size=array([0.15, 0.15]), texRes=128.0, units='height', win=Window(...))
11.6916 	EXP 	window1: mouseVisible = True
11.6956 	EXP 	Created text_10 = TextStim(__class__=<class 'psychopy.visual.text.TextStim'>, alignHoriz=method-wrapper(...), alignText='center', alignVert=method-wrapper(...), anchorHoriz='center', anchorVert='center', antialias=True, autoDraw=False, autoLog=True, bold=False, color=array([1., 1., 1.]), colorSpace='rgb', contrast=1.0, depth=0.0, draggable=False, flipHoriz=False, flipVert=False, font='Open Sans', fontFiles=[], height=0.05, italic=False, languageStyle='LTR', name='text_10', opacity=1.0, ori=0.0, pos=array([0., 0.]), rgb=UNKNOWN, text=str(...), units='height', win=Window(...), wrapWidth=1)
11.6958 	EXP 	window1: mouseVisible = True
11.6959 	EXP 	window1: mouseVisible = True
11.6963 	EXP 	window1: mouseVisible = True
11.6967 	EXP 	window1: mouseVisible = True
11.7013 	EXP 	window1: mouseVisible = True
11.7014 	EXP 	window1: mouseVisible = True
11.7019 	EXP 	window1: mouseVisible = True
11.7023 	EXP 	window1: mouseVisible = True
11.7055 	EXP 	window1: mouseVisible = True
11.7057 	EXP 	window1: mouseVisible = True
11.7058 	EXP 	window1: mouseVisible = True
11.7063 	EXP 	window1: mouseVisible = True
11.7066 	EXP 	window1: mouseVisible = True
11.7104 	EXP 	window1: mouseVisible = True
11.7105 	EXP 	window1: mouseVisible = True
11.7110 	EXP 	window1: mouseVisible = True
11.7113 	EXP 	window1: mouseVisible = True
11.7146 	EXP 	window1: mouseVisible = True
11.7147 	EXP 	window1: mouseVisible = True
11.7187 	EXP 	Created image_19 = ImageStim(__class__=<class 'psychopy.visual.image.ImageStim'>, anchor=('center', 'center'), autoLog=True, color=array([1., 1., 1.]), colorSpace='rgb', contrast=1.0, depth=-3.0, draggable=False, flipHoriz=False, flipVert=False, image='stim/ori2.png', interpolate=True, mask=None, maskParams=None, name='image_19', opacity=1.0, ori=0.0, pos=array([0.  , 0.23]), size=array([0.15, 0.15]), texRes=128.0, units='height', win=Window(...))
11.7188 	EXP 	window1: mouseVisible = True
11.7229 	EXP 	Created text_11 = TextStim(__class__=<class 'psychopy.visual.text.TextStim'>, alignHoriz=method-wrapper(...), alignText='center', alignVert=method-wrapper(...), anchorHoriz='center', anchorVert='center', antialias=True, autoDraw=False, autoLog=True, bold=False, color=array([1., 1., 1.]), colorSpace='rgb', contrast=1.0, depth=0.0, draggable=False, flipHoriz=False, flipVert=False, font='Open Sans', fontFiles=[], height=0.05, italic=False, languageStyle='LTR', name='text_11', opacity=1.0, ori=0.0, pos=array([0., 0.]), rgb=UNKNOWN, text=str(...), units='height', win=Window(...), wrapWidth=1)
11.7231 	EXP 	window1: mouseVisible = True
11.7232 	EXP 	window1: mouseVisible = True
11.7236 	EXP 	window1: mouseVisible = True
11.7240 	EXP 	window1: mouseVisible = True
11.7279 	EXP 	window1: mouseVisible = True
11.7280 	EXP 	window1: mouseVisible = True
11.7284 	EXP 	window1: mouseVisible = True
11.7288 	EXP 	window1: mouseVisible = True
11.7321 	EXP 	window1: mouseVisible = True
11.7323 	EXP 	window1: mouseVisible = True
11.7324 	EXP 	window1: mouseVisible = True
11.7328 	EXP 	window1: mouseVisible = True
11.7332 	EXP 	window1: mouseVisible = True
11.7371 	EXP 	window1: mouseVisible = True
11.7372 	EXP 	window1: mouseVisible = True
11.7376 	EXP 	window1: mouseVisible = True
11.7381 	EXP 	window1: mouseVisible = True
11.7414 	EXP 	window1: mouseVisible = True
11.7415 	EXP 	window1: mouseVisible = True
11.7459 	EXP 	Created image_20 = ImageStim(__class__=<class 'psychopy.visual.image.ImageStim'>, anchor=('center', 'center'), autoLog=True, color=array([1., 1., 1.]), colorSpace='rgb', contrast=1.0, depth=-3.0, draggable=False, flipHoriz=False, flipVert=False, image='stim/obj1.png', interpolate=True, mask=None, maskParams=None, name='image_20', opacity=1.0, ori=0.0, pos=array([0.  , 0.23]), size=array([0.15, 0.15]), texRes=128.0, units='height', win=Window(...))
11.7460 	EXP 	window1: mouseVisible = True
11.7552 	EXP 	Created imageInstruct_2 = ImageStim(__class__=<class 'psychopy.visual.image.ImageStim'>, anchor=('center', 'center'), autoLog=True, color=array([1., 1., 1.]), colorSpace='rgb', contrast=1.0, depth=0.0, draggable=False, flipHoriz=False, flipVert=False, image='default.png', interpolate=True, mask=None, maskParams=None, name='imageInstruct_2', opacity=1.0, ori=0.0, pos=array([0., 0.]), size=array([1.6    , 1.00736]), texRes=128.0, units='height', win=Window(...))
11.7554 	EXP 	window1: mouseVisible = True
11.7556 	EXP 	window1: mouseVisible = True
11.7560 	EXP 	window1: mouseVisible = True
11.7564 	EXP 	window1: mouseVisible = True
11.7612 	EXP 	window1: mouseVisible = True
11.7614 	EXP 	window1: mouseVisible = True
11.7618 	EXP 	window1: mouseVisible = True
11.7621 	EXP 	window1: mouseVisible = True
11.7655 	EXP 	window1: mouseVisible = True
11.7657 	EXP 	window1: mouseVisible = True
11.7658 	EXP 	window1: mouseVisible = True
11.7662 	EXP 	window1: mouseVisible = True
11.7666 	EXP 	window1: mouseVisible = True
11.7704 	EXP 	window1: mouseVisible = True
11.7705 	EXP 	window1: mouseVisible = True
11.7709 	EXP 	window1: mouseVisible = True
11.7713 	EXP 	window1: mouseVisible = True
11.7745 	EXP 	window1: mouseVisible = True
11.7746 	EXP 	window1: mouseVisible = True
11.7854 	EXP 	Created text = TextStim(__class__=<class 'psychopy.visual.text.TextStim'>, alignHoriz=method-wrapper(...), alignText='center', alignVert=method-wrapper(...), anchorHoriz='center', anchorVert='center', antialias=True, autoDraw=False, autoLog=True, bold=False, color=array([1., 1., 1.]), colorSpace='rgb', contrast=1.0, depth=0.0, draggable=False, flipHoriz=False, flipVert=False, font='Open Sans', fontFiles=[], height=0.05, italic=False, languageStyle='LTR', name='text', opacity=1.0, ori=0.0, pos=array([0., 0.]), rgb=UNKNOWN, text='The experiment will begin soon. Get ready!', units='height', win=Window(...), wrapWidth=1)
11.7855 	EXP 	window1: mouseVisible = True
11.7947 	EXP 	Created cue = ImageStim(__class__=<class 'psychopy.visual.image.ImageStim'>, anchor=('center', 'center'), autoLog=True, color=array([1., 1., 1.]), colorSpace='rgb', contrast=1.0, depth=0.0, draggable=False, flipHoriz=False, flipVert=False, image='default.png', interpolate=True, mask=None, maskParams=None, name='cue', opacity=1.0, ori=0.0, pos=array([0., 0.]), size=array([0.15, 0.15]), texRes=128.0, units='height', win=Window(...))
11.7948 	EXP 	window1: mouseVisible = True
11.7967 	EXP 	Created fixCrossR_4 = ShapeStim(__class__=<class 'psychopy.visual.shape.ShapeStim'>, anchor=('center', 'center'), autoDraw=False, autoLog=True, closeShape=True, color=method-wrapper(...), colorSpace='rgb', contrast=None, depth=0.0, draggable=False, fillColor=array([-1, -1, -1]), fillColorSpace='rgb', fillRGB=array([-1, -1, -1]), interpolate=True, lineColor=array([-1., -1., -1.]), lineColorSpace='rgb', lineRGB=array([-1, -1, -1]), lineWidth=1.0, name='fixCrossR_4', opacity=1.0, ori=0.0, pos=array([0., 0.]), size=array([0.02, 0.02]), units='height', vertices=ndarray(...), win=Window(...), windingRule=None)
11.7968 	EXP 	window1: mouseVisible = True
11.7985 	EXP 	Created fixCross_2 = ShapeStim(__class__=<class 'psychopy.visual.shape.ShapeStim'>, anchor=('center', 'center'), autoDraw=False, autoLog=True, closeShape=True, color=method-wrapper(...), colorSpace='rgb', contrast=None, depth=0.0, draggable=False, fillColor=array([1, 1, 1]), fillColorSpace='rgb', fillRGB=array([1, 1, 1]), interpolate=True, lineColor=array([1., 1., 1.]), lineColorSpace='rgb', lineRGB=array([1, 1, 1]), lineWidth=1.0, name='fixCross_2', opacity=1.0, ori=0.0, pos=array([0., 0.]), size=array([0.02, 0.02]), units='height', vertices=ndarray(...), win=Window(...), windingRule=None)
11.7986 	EXP 	window1: mouseVisible = True
11.8003 	EXP 	Created text1_2 = TextStim(__class__=<class 'psychopy.visual.text.TextStim'>, alignHoriz=method-wrapper(...), alignText='center', alignVert=method-wrapper(...), anchorHoriz='center', anchorVert='center', antialias=True, autoDraw=False, autoLog=True, bold=False, color=array([1., 1., 1.]), colorSpace='rgb', contrast=1.0, depth=-1.0, draggable=False, flipHoriz=False, flipVert=False, font='Open Sans', fontFiles=[], height=0.05, italic=False, languageStyle='LTR', name='text1_2', opacity=1.0, ori=0.0, pos=array([-0.225,  0.08 ]), rgb=UNKNOWN, text='', units='norm', win=Window(...), wrapWidth=1)
11.8004 	EXP 	window1: mouseVisible = True
11.8014 	EXP 	Created text2_2 = TextStim(__class__=<class 'psychopy.visual.text.TextStim'>, alignHoriz=method-wrapper(...), alignText='center', alignVert=method-wrapper(...), anchorHoriz='center', anchorVert='center', antialias=True, autoDraw=False, autoLog=True, bold=False, color=array([1., 1., 1.]), colorSpace='rgb', contrast=1.0, depth=-2.0, draggable=False, flipHoriz=False, flipVert=False, font='Open Sans', fontFiles=[], height=0.05, italic=False, languageStyle='LTR', name='text2_2', opacity=1.0, ori=0.0, pos=array([-0.075,  0.08 ]), rgb=UNKNOWN, text='', units='norm', win=Window(...), wrapWidth=1)
11.8015 	EXP 	window1: mouseVisible = True
11.8024 	EXP 	Created text3_2 = TextStim(__class__=<class 'psychopy.visual.text.TextStim'>, alignHoriz=method-wrapper(...), alignText='center', alignVert=method-wrapper(...), anchorHoriz='center', anchorVert='center', antialias=True, autoDraw=False, autoLog=True, bold=False, color=array([1., 1., 1.]), colorSpace='rgb', contrast=1.0, depth=-3.0, draggable=False, flipHoriz=False, flipVert=False, font='Open Sans', fontFiles=[], height=0.05, italic=False, languageStyle='LTR', name='text3_2', opacity=1.0, ori=0.0, pos=array([0.075, 0.08 ]), rgb=UNKNOWN, text='', units='norm', win=Window(...), wrapWidth=1)
11.8025 	EXP 	window1: mouseVisible = True
11.8035 	EXP 	Created text4_2 = TextStim(__class__=<class 'psychopy.visual.text.TextStim'>, alignHoriz=method-wrapper(...), alignText='center', alignVert=method-wrapper(...), anchorHoriz='center', anchorVert='center', antialias=True, autoDraw=False, autoLog=True, bold=False, color=array([1., 1., 1.]), colorSpace='rgb', contrast=1.0, depth=-4.0, draggable=False, flipHoriz=False, flipVert=False, font='Open Sans', fontFiles=[], height=0.05, italic=False, languageStyle='LTR', name='text4_2', opacity=1.0, ori=0.0, pos=array([0.225, 0.08 ]), rgb=UNKNOWN, text='', units='norm', win=Window(...), wrapWidth=1)
11.8035 	EXP 	window1: mouseVisible = True
11.8045 	EXP 	Created text5_2 = TextStim(__class__=<class 'psychopy.visual.text.TextStim'>, alignHoriz=method-wrapper(...), alignText='center', alignVert=method-wrapper(...), anchorHoriz='center', anchorVert='center', antialias=True, autoDraw=False, autoLog=True, bold=False, color=array([1., 1., 1.]), colorSpace='rgb', contrast=1.0, depth=-5.0, draggable=False, flipHoriz=False, flipVert=False, font='Open Sans', fontFiles=[], height=0.05, italic=False, languageStyle='LTR', name='text5_2', opacity=1.0, ori=0.0, pos=array([-0.225, -0.08 ]), rgb=UNKNOWN, text='', units='norm', win=Window(...), wrapWidth=1)
11.8046 	EXP 	window1: mouseVisible = True
11.8055 	EXP 	Created text6_2 = TextStim(__class__=<class 'psychopy.visual.text.TextStim'>, alignHoriz=method-wrapper(...), alignText='center', alignVert=method-wrapper(...), anchorHoriz='center', anchorVert='center', antialias=True, autoDraw=False, autoLog=True, bold=False, color=array([1., 1., 1.]), colorSpace='rgb', contrast=1.0, depth=-6.0, draggable=False, flipHoriz=False, flipVert=False, font='Open Sans', fontFiles=[], height=0.05, italic=False, languageStyle='LTR', name='text6_2', opacity=1.0, ori=0.0, pos=array([-0.075, -0.08 ]), rgb=UNKNOWN, text='', units='norm', win=Window(...), wrapWidth=1)
11.8055 	EXP 	window1: mouseVisible = True
11.8065 	EXP 	Created text7_2 = TextStim(__class__=<class 'psychopy.visual.text.TextStim'>, alignHoriz=method-wrapper(...), alignText='center', alignVert=method-wrapper(...), anchorHoriz='center', anchorVert='center', antialias=True, autoDraw=False, autoLog=True, bold=False, color=array([1., 1., 1.]), colorSpace='rgb', contrast=1.0, depth=-7.0, draggable=False, flipHoriz=False, flipVert=False, font='Open Sans', fontFiles=[], height=0.05, italic=False, languageStyle='LTR', name='text7_2', opacity=1.0, ori=0.0, pos=array([ 0.075, -0.08 ]), rgb=UNKNOWN, text='', units='norm', win=Window(...), wrapWidth=1)
11.8066 	EXP 	window1: mouseVisible = True
11.8076 	EXP 	Created text8_2 = TextStim(__class__=<class 'psychopy.visual.text.TextStim'>, alignHoriz=method-wrapper(...), alignText='center', alignVert=method-wrapper(...), anchorHoriz='center', anchorVert='center', antialias=True, autoDraw=False, autoLog=True, bold=False, color=array([1., 1., 1.]), colorSpace='rgb', contrast=1.0, depth=-8.0, draggable=False, flipHoriz=False, flipVert=False, font='Open Sans', fontFiles=[], height=0.05, italic=False, languageStyle='LTR', name='text8_2', opacity=1.0, ori=0.0, pos=array([ 0.225, -0.08 ]), rgb=UNKNOWN, text='', units='norm', win=Window(...), wrapWidth=1)
11.8077 	EXP 	window1: mouseVisible = True
11.8086 	EXP 	Created num1_2 = TextStim(__class__=<class 'psychopy.visual.text.TextStim'>, alignHoriz=method-wrapper(...), alignText='center', alignVert=method-wrapper(...), anchorHoriz='center', anchorVert='center', antialias=True, autoDraw=False, autoLog=True, bold=False, color=array([1., 1., 1.]), colorSpace='rgb', contrast=1.0, depth=-10.0, draggable=False, flipHoriz=False, flipVert=False, font='Open Sans', fontFiles=[], height=0.1, italic=False, languageStyle='LTR', name='num1_2', opacity=1.0, ori=0.0, pos=array([-0.225,  0.24 ]), rgb=UNKNOWN, text='', units='norm', win=Window(...), wrapWidth=1)
11.8087 	EXP 	window1: mouseVisible = True
11.8096 	EXP 	Created num2_2 = TextStim(__class__=<class 'psychopy.visual.text.TextStim'>, alignHoriz=method-wrapper(...), alignText='center', alignVert=method-wrapper(...), anchorHoriz='center', anchorVert='center', antialias=True, autoDraw=False, autoLog=True, bold=False, color=array([1., 1., 1.]), colorSpace='rgb', contrast=1.0, depth=-11.0, draggable=False, flipHoriz=False, flipVert=False, font='Open Sans', fontFiles=[], height=0.1, italic=False, languageStyle='LTR', name='num2_2', opacity=1.0, ori=0.0, pos=array([-0.075,  0.24 ]), rgb=UNKNOWN, text='', units='norm', win=Window(...), wrapWidth=1)
11.8097 	EXP 	window1: mouseVisible = True
11.8106 	EXP 	Created num3_2 = TextStim(__class__=<class 'psychopy.visual.text.TextStim'>, alignHoriz=method-wrapper(...), alignText='center', alignVert=method-wrapper(...), anchorHoriz='center', anchorVert='center', antialias=True, autoDraw=False, autoLog=True, bold=False, color=array([1., 1., 1.]), colorSpace='rgb', contrast=1.0, depth=-12.0, draggable=False, flipHoriz=False, flipVert=False, font='Open Sans', fontFiles=[], height=0.1, italic=False, languageStyle='LTR', name='num3_2', opacity=1.0, ori=0.0, pos=array([0.075, 0.24 ]), rgb=UNKNOWN, text='', units='norm', win=Window(...), wrapWidth=1)
11.8107 	EXP 	window1: mouseVisible = True
11.8117 	EXP 	Created num4_2 = TextStim(__class__=<class 'psychopy.visual.text.TextStim'>, alignHoriz=method-wrapper(...), alignText='center', alignVert=method-wrapper(...), anchorHoriz='center', anchorVert='center', antialias=True, autoDraw=False, autoLog=True, bold=False, color=array([1., 1., 1.]), colorSpace='rgb', contrast=1.0, depth=-13.0, draggable=False, flipHoriz=False, flipVert=False, font='Open Sans', fontFiles=[], height=0.1, italic=False, languageStyle='LTR', name='num4_2', opacity=1.0, ori=0.0, pos=array([0.225, 0.24 ]), rgb=UNKNOWN, text='', units='norm', win=Window(...), wrapWidth=1)
11.8117 	EXP 	window1: mouseVisible = True
11.8208 	EXP 	Created cue = ImageStim(__class__=<class 'psychopy.visual.image.ImageStim'>, anchor=('center', 'center'), autoLog=True, color=array([1., 1., 1.]), colorSpace='rgb', contrast=1.0, depth=0.0, draggable=False, flipHoriz=False, flipVert=False, image='default.png', interpolate=True, mask=None, maskParams=None, name='cue', opacity=1.0, ori=0.0, pos=array([0., 0.]), size=array([0.15, 0.15]), texRes=128.0, units='height', win=Window(...))
11.8209 	EXP 	window1: mouseVisible = True
11.8297 	EXP 	Created image = ImageStim(__class__=<class 'psychopy.visual.image.ImageStim'>, anchor=('center', 'center'), autoLog=True, color=array([1., 1., 1.]), colorSpace='rgb', contrast=1.0, depth=0.0, draggable=False, flipHoriz=False, flipVert=False, image='default.png', interpolate=True, mask=None, maskParams=None, name='image', opacity=1.0, ori=0.0, pos=array([0., 0.]), size=array([0.5, 0.5]), texRes=128.0, units='height', win=Window(...))
11.8298 	EXP 	window1: mouseVisible = True
11.8316 	EXP 	Created fixCrossR_2 = ShapeStim(__class__=<class 'psychopy.visual.shape.ShapeStim'>, anchor=('center', 'center'), autoDraw=False, autoLog=True, closeShape=True, color=method-wrapper(...), colorSpace='rgb', contrast=None, depth=-1.0, draggable=False, fillColor=array([-1, -1, -1]), fillColorSpace='rgb', fillRGB=array([-1, -1, -1]), interpolate=True, lineColor=array([-1., -1., -1.]), lineColorSpace='rgb', lineRGB=array([-1, -1, -1]), lineWidth=1.0, name='fixCrossR_2', opacity=1.0, ori=0.0, pos=array([0., 0.]), size=array([0.02, 0.02]), units='height', vertices=ndarray(...), win=Window(...), windingRule=None)
11.8317 	EXP 	window1: mouseVisible = True
11.8333 	EXP 	Created fixCrossR_4 = ShapeStim(__class__=<class 'psychopy.visual.shape.ShapeStim'>, anchor=('center', 'center'), autoDraw=False, autoLog=True, closeShape=True, color=method-wrapper(...), colorSpace='rgb', contrast=None, depth=0.0, draggable=False, fillColor=array([-1, -1, -1]), fillColorSpace='rgb', fillRGB=array([-1, -1, -1]), interpolate=True, lineColor=array([-1., -1., -1.]), lineColorSpace='rgb', lineRGB=array([-1, -1, -1]), lineWidth=1.0, name='fixCrossR_4', opacity=1.0, ori=0.0, pos=array([0., 0.]), size=array([0.02, 0.02]), units='height', vertices=ndarray(...), win=Window(...), windingRule=None)
11.8334 	EXP 	window1: mouseVisible = True
11.8351 	EXP 	Created fixCross = ShapeStim(__class__=<class 'psychopy.visual.shape.ShapeStim'>, anchor=('center', 'center'), autoDraw=False, autoLog=True, closeShape=True, color=method-wrapper(...), colorSpace='rgb', contrast=None, depth=0.0, draggable=False, fillColor=array([1, 1, 1]), fillColorSpace='rgb', fillRGB=array([1, 1, 1]), interpolate=True, lineColor=array([1., 1., 1.]), lineColorSpace='rgb', lineRGB=array([1, 1, 1]), lineWidth=1.0, name='fixCross', opacity=1.0, ori=0.0, pos=array([0., 0.]), size=array([0.02, 0.02]), units='height', vertices=ndarray(...), win=Window(...), windingRule=None)
11.8352 	EXP 	window1: mouseVisible = True
11.8362 	EXP 	Created text1 = TextStim(__class__=<class 'psychopy.visual.text.TextStim'>, alignHoriz=method-wrapper(...), alignText='center', alignVert=method-wrapper(...), anchorHoriz='center', anchorVert='center', antialias=True, autoDraw=False, autoLog=True, bold=False, color=array([1., 1., 1.]), colorSpace='rgb', contrast=1.0, depth=-1.0, draggable=False, flipHoriz=False, flipVert=False, font='Open Sans', fontFiles=[], height=0.05, italic=False, languageStyle='LTR', name='text1', opacity=1.0, ori=0.0, pos=array([-0.225,  0.08 ]), rgb=UNKNOWN, text='', units='norm', win=Window(...), wrapWidth=1)
11.8362 	EXP 	window1: mouseVisible = True
11.8372 	EXP 	Created text2 = TextStim(__class__=<class 'psychopy.visual.text.TextStim'>, alignHoriz=method-wrapper(...), alignText='center', alignVert=method-wrapper(...), anchorHoriz='center', anchorVert='center', antialias=True, autoDraw=False, autoLog=True, bold=False, color=array([1., 1., 1.]), colorSpace='rgb', contrast=1.0, depth=-2.0, draggable=False, flipHoriz=False, flipVert=False, font='Open Sans', fontFiles=[], height=0.05, italic=False, languageStyle='LTR', name='text2', opacity=1.0, ori=0.0, pos=array([-0.075,  0.08 ]), rgb=UNKNOWN, text='', units='norm', win=Window(...), wrapWidth=1)
11.8373 	EXP 	window1: mouseVisible = True
11.8383 	EXP 	Created text3 = TextStim(__class__=<class 'psychopy.visual.text.TextStim'>, alignHoriz=method-wrapper(...), alignText='center', alignVert=method-wrapper(...), anchorHoriz='center', anchorVert='center', antialias=True, autoDraw=False, autoLog=True, bold=False, color=array([1., 1., 1.]), colorSpace='rgb', contrast=1.0, depth=-3.0, draggable=False, flipHoriz=False, flipVert=False, font='Open Sans', fontFiles=[], height=0.05, italic=False, languageStyle='LTR', name='text3', opacity=1.0, ori=0.0, pos=array([0.075, 0.08 ]), rgb=UNKNOWN, text='', units='norm', win=Window(...), wrapWidth=1)
11.8384 	EXP 	window1: mouseVisible = True
11.8394 	EXP 	Created text4 = TextStim(__class__=<class 'psychopy.visual.text.TextStim'>, alignHoriz=method-wrapper(...), alignText='center', alignVert=method-wrapper(...), anchorHoriz='center', anchorVert='center', antialias=True, autoDraw=False, autoLog=True, bold=False, color=array([1., 1., 1.]), colorSpace='rgb', contrast=1.0, depth=-4.0, draggable=False, flipHoriz=False, flipVert=False, font='Open Sans', fontFiles=[], height=0.05, italic=False, languageStyle='LTR', name='text4', opacity=1.0, ori=0.0, pos=array([0.225, 0.08 ]), rgb=UNKNOWN, text='', units='norm', win=Window(...), wrapWidth=1)
11.8395 	EXP 	window1: mouseVisible = True
11.8404 	EXP 	Created text5 = TextStim(__class__=<class 'psychopy.visual.text.TextStim'>, alignHoriz=method-wrapper(...), alignText='center', alignVert=method-wrapper(...), anchorHoriz='center', anchorVert='center', antialias=True, autoDraw=False, autoLog=True, bold=False, color=array([1., 1., 1.]), colorSpace='rgb', contrast=1.0, depth=-5.0, draggable=False, flipHoriz=False, flipVert=False, font='Open Sans', fontFiles=[], height=0.05, italic=False, languageStyle='LTR', name='text5', opacity=1.0, ori=0.0, pos=array([-0.225, -0.08 ]), rgb=UNKNOWN, text='', units='norm', win=Window(...), wrapWidth=1)
11.8405 	EXP 	window1: mouseVisible = True
11.8414 	EXP 	Created text6 = TextStim(__class__=<class 'psychopy.visual.text.TextStim'>, alignHoriz=method-wrapper(...), alignText='center', alignVert=method-wrapper(...), anchorHoriz='center', anchorVert='center', antialias=True, autoDraw=False, autoLog=True, bold=False, color=array([1., 1., 1.]), colorSpace='rgb', contrast=1.0, depth=-6.0, draggable=False, flipHoriz=False, flipVert=False, font='Open Sans', fontFiles=[], height=0.05, italic=False, languageStyle='LTR', name='text6', opacity=1.0, ori=0.0, pos=array([-0.075, -0.08 ]), rgb=UNKNOWN, text='', units='norm', win=Window(...), wrapWidth=1)
11.8415 	EXP 	window1: mouseVisible = True
11.8425 	EXP 	Created text7 = TextStim(__class__=<class 'psychopy.visual.text.TextStim'>, alignHoriz=method-wrapper(...), alignText='center', alignVert=method-wrapper(...), anchorHoriz='center', anchorVert='center', antialias=True, autoDraw=False, autoLog=True, bold=False, color=array([1., 1., 1.]), colorSpace='rgb', contrast=1.0, depth=-7.0, draggable=False, flipHoriz=False, flipVert=False, font='Open Sans', fontFiles=[], height=0.05, italic=False, languageStyle='LTR', name='text7', opacity=1.0, ori=0.0, pos=array([ 0.075, -0.08 ]), rgb=UNKNOWN, text='', units='norm', win=Window(...), wrapWidth=1)
11.8425 	EXP 	window1: mouseVisible = True
11.8435 	EXP 	Created text8 = TextStim(__class__=<class 'psychopy.visual.text.TextStim'>, alignHoriz=method-wrapper(...), alignText='center', alignVert=method-wrapper(...), anchorHoriz='center', anchorVert='center', antialias=True, autoDraw=False, autoLog=True, bold=False, color=array([1., 1., 1.]), colorSpace='rgb', contrast=1.0, depth=-8.0, draggable=False, flipHoriz=False, flipVert=False, font='Open Sans', fontFiles=[], height=0.05, italic=False, languageStyle='LTR', name='text8', opacity=1.0, ori=0.0, pos=array([ 0.225, -0.08 ]), rgb=UNKNOWN, text='', units='norm', win=Window(...), wrapWidth=1)
11.8436 	EXP 	window1: mouseVisible = True
11.8445 	EXP 	Created num1 = TextStim(__class__=<class 'psychopy.visual.text.TextStim'>, alignHoriz=method-wrapper(...), alignText='center', alignVert=method-wrapper(...), anchorHoriz='center', anchorVert='center', antialias=True, autoDraw=False, autoLog=True, bold=False, color=array([1., 1., 1.]), colorSpace='rgb', contrast=1.0, depth=-10.0, draggable=False, flipHoriz=False, flipVert=False, font='Open Sans', fontFiles=[], height=0.1, italic=False, languageStyle='LTR', name='num1', opacity=1.0, ori=0.0, pos=array([-0.225,  0.24 ]), rgb=UNKNOWN, text='', units='norm', win=Window(...), wrapWidth=1)
11.8446 	EXP 	window1: mouseVisible = True
11.8455 	EXP 	Created num2 = TextStim(__class__=<class 'psychopy.visual.text.TextStim'>, alignHoriz=method-wrapper(...), alignText='center', alignVert=method-wrapper(...), anchorHoriz='center', anchorVert='center', antialias=True, autoDraw=False, autoLog=True, bold=False, color=array([1., 1., 1.]), colorSpace='rgb', contrast=1.0, depth=-11.0, draggable=False, flipHoriz=False, flipVert=False, font='Open Sans', fontFiles=[], height=0.1, italic=False, languageStyle='LTR', name='num2', opacity=1.0, ori=0.0, pos=array([-0.075,  0.24 ]), rgb=UNKNOWN, text='', units='norm', win=Window(...), wrapWidth=1)
11.8456 	EXP 	window1: mouseVisible = True
11.8465 	EXP 	Created num3 = TextStim(__class__=<class 'psychopy.visual.text.TextStim'>, alignHoriz=method-wrapper(...), alignText='center', alignVert=method-wrapper(...), anchorHoriz='center', anchorVert='center', antialias=True, autoDraw=False, autoLog=True, bold=False, color=array([1., 1., 1.]), colorSpace='rgb', contrast=1.0, depth=-12.0, draggable=False, flipHoriz=False, flipVert=False, font='Open Sans', fontFiles=[], height=0.1, italic=False, languageStyle='LTR', name='num3', opacity=1.0, ori=0.0, pos=array([0.075, 0.24 ]), rgb=UNKNOWN, text='', units='norm', win=Window(...), wrapWidth=1)
11.8466 	EXP 	window1: mouseVisible = True
11.8476 	EXP 	Created num4 = TextStim(__class__=<class 'psychopy.visual.text.TextStim'>, alignHoriz=method-wrapper(...), alignText='center', alignVert=method-wrapper(...), anchorHoriz='center', anchorVert='center', antialias=True, autoDraw=False, autoLog=True, bold=False, color=array([1., 1., 1.]), colorSpace='rgb', contrast=1.0, depth=-13.0, draggable=False, flipHoriz=False, flipVert=False, font='Open Sans', fontFiles=[], height=0.1, italic=False, languageStyle='LTR', name='num4', opacity=1.0, ori=0.0, pos=array([0.225, 0.24 ]), rgb=UNKNOWN, text='', units='norm', win=Window(...), wrapWidth=1)
11.8477 	EXP 	window1: mouseVisible = True
11.8494 	EXP 	Created fixCrossR = ShapeStim(__class__=<class 'psychopy.visual.shape.ShapeStim'>, anchor=('center', 'center'), autoDraw=False, autoLog=True, closeShape=True, color=method-wrapper(...), colorSpace='rgb', contrast=None, depth=0.0, draggable=False, fillColor=array([-1, -1, -1]), fillColorSpace='rgb', fillRGB=array([-1, -1, -1]), interpolate=True, lineColor=array([-1., -1., -1.]), lineColorSpace='rgb', lineRGB=array([-1, -1, -1]), lineWidth=1.0, name='fixCrossR', opacity=1.0, ori=0.0, pos=array([0., 0.]), size=array([0.02, 0.02]), units='height', vertices=ndarray(...), win=Window(...), windingRule=None)
11.8495 	EXP 	window1: mouseVisible = True
11.8508 	EXP 	Created text_total = TextStim(__class__=<class 'psychopy.visual.text.TextStim'>, alignHoriz=method-wrapper(...), alignText='center', alignVert=method-wrapper(...), anchorHoriz='center', anchorVert='center', antialias=True, autoDraw=False, autoLog=True, bold=False, color=array([1., 1., 1.]), colorSpace='rgb', contrast=1.0, depth=-1.0, draggable=False, flipHoriz=False, flipVert=False, font='Open Sans', fontFiles=[], height=0.05, italic=False, languageStyle='LTR', name='text_total', opacity=1.0, ori=0.0, pos=array([0., 0.]), rgb=UNKNOWN, text='', units='height', win=Window(...), wrapWidth=1)
11.8509 	EXP 	window1: mouseVisible = True
11.8521 	EXP 	Created text_acc = TextStim(__class__=<class 'psychopy.visual.text.TextStim'>, alignHoriz=method-wrapper(...), alignText='center', alignVert=method-wrapper(...), anchorHoriz='center', anchorVert='center', antialias=True, autoDraw=False, autoLog=True, bold=False, color=array([1., 1., 1.]), colorSpace='rgb', contrast=1.0, depth=-2.0, draggable=False, flipHoriz=False, flipVert=False, font='Open Sans', fontFiles=[], height=0.05, italic=False, languageStyle='LTR', name='text_acc', opacity=1.0, ori=0.0, pos=array([ 0. , -0.3]), rgb=UNKNOWN, text='', units='height', win=Window(...), wrapWidth=1)
0.0125 	EXP 	Created sequence: random, trialTypes=1, nReps=1, seed=None
0.0126 	EXP 	New trial (rep=0, index=0): None
0.0190 	EXP 	Created sequence: random, trialTypes=1, nReps=999, seed=None
0.0217 	EXP 	New trial (rep=0, index=0): None
0.0264 	EXP 	Imported instructions/Instructions_doc.xlsx as conditions, 1 conditions, 1 params
0.0267 	EXP 	Created sequence: sequential, trialTypes=1, nReps=1, seed=None
0.0268 	EXP 	New trial (rep=0, index=0): {'InstructionsFilepath': 'instructions//slide1.png'}
0.1288 	EXP 	imageInstruct: image = 'instructions//slide1.png'
0.1288 	EXP 	imageInstruct: autoDraw = True
1.9833 	DATA 	Mouse: Left button down, pos=(1631,90)
2.0089 	EXP 	New trial (rep=1, index=0): None
2.0130 	EXP 	Imported instructions/Instructions_doc.xlsx as conditions, 1 conditions, 1 params
2.0134 	EXP 	Created sequence: sequential, trialTypes=1, nReps=1, seed=None
2.0135 	EXP 	New trial (rep=0, index=0): {'InstructionsFilepath': 'instructions//slide2.png'}
2.0780 	DATA 	Mouse:  Left button up, pos=(1637,87)
2.0969 	EXP 	imageInstruct: autoDraw = False
2.0969 	EXP 	imageInstruct: image = 'instructions//slide2.png'
2.0969 	EXP 	imageInstruct: autoDraw = True
2.1481 	DATA 	Mouse: Left button down, pos=(1653,86)
2.1754 	EXP 	New trial (rep=2, index=0): None
2.1793 	EXP 	Imported instructions/Instructions_doc.xlsx as conditions, 1 conditions, 1 params
2.1796 	EXP 	Created sequence: sequential, trialTypes=1, nReps=1, seed=None
2.1797 	EXP 	New trial (rep=0, index=0): {'InstructionsFilepath': 'instructions//slide3.png'}
2.2718 	DATA 	Mouse:  Left button up, pos=(1655,86)
2.2972 	EXP 	imageInstruct: autoDraw = False
2.2972 	EXP 	imageInstruct: image = 'instructions//slide3.png'
2.2972 	EXP 	imageInstruct: autoDraw = True
2.3136 	DATA 	Mouse: Left button down, pos=(1664,85)
2.3459 	EXP 	New trial (rep=3, index=0): None
2.3500 	EXP 	Imported instructions/Instructions_doc.xlsx as conditions, 1 conditions, 1 params
2.3503 	EXP 	Created sequence: sequential, trialTypes=1, nReps=1, seed=None
2.3504 	EXP 	New trial (rep=0, index=0): {'InstructionsFilepath': 'instructions//slide4.png'}
2.4439 	DATA 	Mouse:  Left button up, pos=(1664,85)
2.4633 	EXP 	imageInstruct: autoDraw = False
2.4633 	EXP 	imageInstruct: image = 'instructions//slide4.png'
2.4633 	EXP 	imageInstruct: autoDraw = True
2.4642 	DATA 	Mouse: Left button down, pos=(1666,84)
2.5031 	EXP 	New trial (rep=4, index=0): None
2.5070 	EXP 	Imported instructions/Instructions_doc.xlsx as conditions, 1 conditions, 1 params
2.5074 	EXP 	Created sequence: sequential, trialTypes=1, nReps=1, seed=None
2.5075 	EXP 	New trial (rep=0, index=0): {'InstructionsFilepath': 'instructions//slide5.png'}
2.5806 	DATA 	Mouse:  Left button up, pos=(1666,84)
2.5969 	EXP 	imageInstruct: autoDraw = False
2.5969 	EXP 	imageInstruct: image = 'instructions//slide5.png'
2.5969 	EXP 	imageInstruct: autoDraw = True
2.6012 	DATA 	Mouse: Left button down, pos=(1666,84)
2.6539 	EXP 	New trial (rep=5, index=0): None
2.6577 	EXP 	Imported instructions/Instructions_doc.xlsx as conditions, 1 conditions, 1 params
2.6580 	EXP 	Created sequence: sequential, trialTypes=1, nReps=1, seed=None
2.6582 	EXP 	New trial (rep=0, index=0): {'InstructionsFilepath': 'instructions//slide6.png'}
2.7318 	DATA 	Mouse:  Left button up, pos=(1666,84)
2.7470 	EXP 	imageInstruct: autoDraw = False
2.7470 	EXP 	imageInstruct: image = 'instructions//slide6.png'
2.7470 	EXP 	imageInstruct: autoDraw = True
2.7642 	DATA 	Mouse: Left button down, pos=(1666,84)
2.8070 	EXP 	New trial (rep=6, index=0): None
2.8107 	EXP 	Imported instructions/Instructions_doc.xlsx as conditions, 1 conditions, 1 params
2.8110 	EXP 	Created sequence: sequential, trialTypes=1, nReps=0, seed=None
2.8801 	DATA 	Mouse:  Left button up, pos=(1666,84)
2.8973 	EXP 	imageInstruct: autoDraw = False
2.8973 	EXP 	text_8: autoDraw = True
2.8973 	EXP 	image_17: autoDraw = True
2.8987 	DATA 	Mouse: Left button down, pos=(1666,84)
2.9855 	DATA 	Mouse:  Left button up, pos=(1666,84)
3.0146 	DATA 	Mouse: Left button down, pos=(1666,84)
3.1143 	DATA 	Mouse:  Left button up, pos=(1666,84)
3.1642 	DATA 	Mouse: Left button down, pos=(1665,84)
3.2146 	DATA 	Mouse:  Left button up, pos=(1665,84)
3.6816 	DATA 	Mouse: Left button down, pos=(1073,413)
3.6977 	EXP 	text_8: autoDraw = False
3.6977 	EXP 	image_17: autoDraw = False
3.6977 	EXP 	text_9: autoDraw = True
3.6977 	EXP 	image_18: autoDraw = True
3.7657 	DATA 	Mouse:  Left button up, pos=(1073,413)
4.0367 	DATA 	Mouse: Left button down, pos=(737,399)
4.0646 	EXP 	text_9: autoDraw = False
4.0646 	EXP 	image_18: autoDraw = False
4.0646 	EXP 	text_10: autoDraw = True
4.0646 	EXP 	image_19: autoDraw = True
4.1321 	DATA 	Mouse:  Left button up, pos=(766,399)
4.3498 	DATA 	Mouse: Left button down, pos=(1132,393)
4.3651 	EXP 	text_10: autoDraw = False
4.3651 	EXP 	image_19: autoDraw = False
4.3651 	EXP 	text_11: autoDraw = True
4.3651 	EXP 	image_20: autoDraw = True
4.4369 	DATA 	Mouse:  Left button up, pos=(1126,393)
4.6163 	DATA 	Mouse: Left button down, pos=(780,399)
4.6235 	EXP 	Created sequence: random, trialTypes=1, nReps=999, seed=None
4.6261 	EXP 	New trial (rep=0, index=0): None
4.6299 	EXP 	Imported instructions/Instructions2_doc.xlsx as conditions, 1 conditions, 1 params
4.6302 	EXP 	Created sequence: sequential, trialTypes=1, nReps=1, seed=None
4.6303 	EXP 	New trial (rep=0, index=0): {'Instructions2Filepath': 'instructions//slide7.png'}
4.7222 	EXP 	text_11: autoDraw = False
4.7222 	EXP 	image_20: autoDraw = False
4.7222 	EXP 	imageInstruct_2: image = 'instructions//slide7.png'
4.7222 	EXP 	imageInstruct_2: autoDraw = True
4.7227 	DATA 	Mouse:  Left button up, pos=(782,398)
5.1533 	DATA 	Mouse: Left button down, pos=(1674,125)
5.2332 	DATA 	Mouse:  Left button up, pos=(1640,123)
5.3330 	DATA 	Mouse: Left button down, pos=(1674,86)
5.4226 	EXP 	New trial (rep=1, index=0): None
5.4266 	EXP 	Imported instructions/Instructions2_doc.xlsx as conditions, 1 conditions, 1 params
5.4269 	EXP 	Created sequence: sequential, trialTypes=1, nReps=1, seed=None
5.4270 	EXP 	New trial (rep=0, index=0): {'Instructions2Filepath': 'instructions//slide8.png'}
5.5018 	DATA 	Mouse:  Left button up, pos=(1675,84)
5.5020 	DATA 	Mouse: Left button down, pos=(1681,77)
5.5172 	EXP 	imageInstruct_2: autoDraw = False
5.5172 	EXP 	imageInstruct_2: image = 'instructions//slide8.png'
5.5172 	EXP 	imageInstruct_2: autoDraw = True
5.5703 	DATA 	Mouse:  Left button up, pos=(1681,78)
5.6347 	DATA 	Mouse: Left button down, pos=(1682,78)
5.7211 	EXP 	New trial (rep=2, index=0): None
5.7253 	EXP 	Imported instructions/Instructions2_doc.xlsx as conditions, 1 conditions, 1 params
5.7256 	EXP 	Created sequence: sequential, trialTypes=1, nReps=1, seed=None
5.7257 	EXP 	New trial (rep=0, index=0): {'Instructions2Filepath': 'instructions//slide9.png'}
5.8215 	DATA 	Mouse:  Left button up, pos=(1681,78)
5.8217 	DATA 	Mouse: Left button down, pos=(1681,78)
5.8366 	EXP 	imageInstruct_2: autoDraw = False
5.8366 	EXP 	imageInstruct_2: image = 'instructions//slide9.png'
5.8366 	EXP 	imageInstruct_2: autoDraw = True
5.9005 	DATA 	Mouse:  Left button up, pos=(1680,79)
5.9707 	DATA 	Mouse: Left button down, pos=(1680,79)
6.1431 	EXP 	New trial (rep=3, index=0): None
6.1470 	EXP 	Imported instructions/Instructions2_doc.xlsx as conditions, 1 conditions, 1 params
6.1472 	EXP 	Created sequence: sequential, trialTypes=1, nReps=1, seed=None
6.1474 	EXP 	New trial (rep=0, index=0): {'Instructions2Filepath': 'instructions//slide10.png'}
6.2434 	DATA 	Mouse:  Left button up, pos=(1680,79)
6.2438 	DATA 	Mouse: Left button down, pos=(1680,79)
6.2664 	EXP 	imageInstruct_2: autoDraw = False
6.2664 	EXP 	imageInstruct_2: image = 'instructions//slide10.png'
6.2664 	EXP 	imageInstruct_2: autoDraw = True
6.2837 	DATA 	Mouse:  Left button up, pos=(1680,79)
6.3673 	DATA 	Mouse: Left button down, pos=(1680,79)
6.4628 	EXP 	New trial (rep=4, index=0): None
6.4668 	EXP 	Imported instructions/Instructions2_doc.xlsx as conditions, 1 conditions, 1 params
6.4672 	EXP 	Created sequence: sequential, trialTypes=1, nReps=1, seed=None
6.4673 	EXP 	New trial (rep=0, index=0): {'Instructions2Filepath': 'instructions//slide11.png'}
6.5385 	DATA 	Mouse:  Left button up, pos=(1680,79)
6.5460 	DATA 	Mouse: Left button down, pos=(1684,78)
6.5539 	EXP 	imageInstruct_2: autoDraw = False
6.5539 	EXP 	imageInstruct_2: image = 'instructions//slide11.png'
6.5539 	EXP 	imageInstruct_2: autoDraw = True
6.6537 	EXP 	New trial (rep=5, index=0): None
6.6578 	EXP 	Imported instructions/Instructions2_doc.xlsx as conditions, 1 conditions, 1 params
6.6581 	EXP 	Created sequence: sequential, trialTypes=1, nReps=1, seed=None
6.6582 	EXP 	New trial (rep=0, index=0): {'Instructions2Filepath': 'instructions//slide12.png'}
6.7286 	DATA 	Mouse:  Left button up, pos=(1684,78)
6.7288 	DATA 	Mouse: Left button down, pos=(1690,75)
6.7502 	EXP 	imageInstruct_2: autoDraw = False
6.7502 	EXP 	imageInstruct_2: image = 'instructions//slide12.png'
6.7502 	EXP 	imageInstruct_2: autoDraw = True
6.8675 	DATA 	Mouse:  Left button up, pos=(1690,74)
6.9050 	DATA 	Mouse: Left button down, pos=(1690,74)
7.0194 	EXP 	New trial (rep=6, index=0): None
7.0232 	EXP 	Imported instructions/Instructions2_doc.xlsx as conditions, 1 conditions, 1 params
7.0235 	EXP 	Created sequence: sequential, trialTypes=1, nReps=0, seed=None
7.3047 	DATA 	Mouse:  Left button up, pos=(1690,74)
7.3048 	DATA 	Mouse: Left button down, pos=(1690,74)
7.3050 	DATA 	Mouse:  Left button up, pos=(1690,74)
7.3053 	DATA 	Mouse: Left button down, pos=(1691,72)
7.3177 	EXP 	imageInstruct_2: autoDraw = False
7.3177 	EXP 	text: autoDraw = True
7.3364 	DATA 	Mouse:  Left button up, pos=(1690,71)
7.4031 	DATA 	Mouse: Left button down, pos=(1690,71)
7.4702 	DATA 	Mouse:  Left button up, pos=(1690,72)
7.9035 	DATA 	Keypress: 5
7.9240 	EXP 	Imported participantData/s15/block_0/babySteps_s15.xlsx as conditions, 5 conditions, 14 params
7.9243 	EXP 	Created sequence: sequential, trialTypes=5, nReps=1, seed=None
7.9245 	EXP 	New trial (rep=0, index=0): {'category': 'car', 'orientation': 2, 'taskCue': 'stim//obj2.png', 'stimfile': 'stim//car2.png', 'resp1': 'Turtle', 'resp2': 'Horse', 'resp3': 'Car', 'resp4': 'Shoe', 'resp5': 'Full Left', 'resp6': 'Half Right', 'resp7': 'Half Left', 'resp8': 'Full Right', 'objFirst': True, 'interval': 2.475}
7.9347 	EXP 	text: autoDraw = False
7.9347 	EXP 	cue: image = 'stim//obj2.png'
7.9347 	EXP 	cue: autoDraw = True
8.9197 	EXP 	Created sequence: sequential, trialTypes=1, nReps=3, seed=None
8.9198 	EXP 	New trial (rep=0, index=0): None
8.9356 	EXP 	cue: autoDraw = False
8.9356 	EXP 	cue: autoDraw = False
8.9356 	EXP 	fixCrossR_4: autoDraw = True
9.1703 	EXP 	New trial (rep=1, index=0): None
9.1858 	EXP 	fixCrossR_4: autoDraw = False
9.1858 	EXP 	fixCrossR_4: autoDraw = False
9.1858 	EXP 	fixCrossR_4: autoDraw = True
9.4202 	EXP 	New trial (rep=2, index=0): None
9.4358 	EXP 	fixCrossR_4: autoDraw = False
9.4358 	EXP 	fixCrossR_4: autoDraw = False
9.4358 	EXP 	fixCrossR_4: autoDraw = True
10.0996 	EXP 	window1: mouseVisible = True
