2.6934 	ERROR 	Support for the `sounddevice` audio backend is not available this session. Please install `psychopy-sounddevice` and restart the session to enable support.
24.3036 	WARNING 	User requested fullscreen with size [1536  864], but screen is actually [1920, 1080]. Using actual size
25.0788 	EXP 	Created window1 = Window(allowGUI=True, allowStencil=False, autoLog=True, backendConf=UNKNOWN, backgroundFit=<method-wrapper '__getattribute__' of attributeSetter object at 0x0000013C72D720A0>, backgroundImage=<method-wrapper '__getattribute__' of attributeSetter object at 0x0000013C72D72040>, bitsMode=UNKNOWN, blendMode='avg', bpc=(8, 8, 8), color=array([-0.4039, -0.4039, -0.4039]), colorSpace='rgb', depthBits=8, fullscr=<method-wrapper '__getattribute__' of attributeSetter object at 0x0000013C72D60EE0>, gamma=None, gammaErrorPolicy='raise', lms=UNKNOWN, monitor=<psychopy.monitors.calibTools.Monitor object at 0x0000013C7331F070>, multiSample=False, name='window1', numSamples=2, pos=(-1920, 0), screen=0, size=array([1920, 1080]), stencilBits=0, stereo=False, title='PsychoPy', units='height', useFBO=True, useRetina=False, viewOri=0.0, viewPos=None, viewScale=None, waitBlanking=True, winType='pyglet')
25.0788 	EXP 	window1: mouseVisible = True
25.0788 	EXP 	window1: backgroundImage = ''
25.0789 	EXP 	window1: backgroundFit = 'none'
25.0804 	EXP 	window1: Attempting to measure frame rate of screen (0) ...
25.0804 	EXP 	window1: recordFrameIntervals = False
25.2439 	EXP 	window1: recordFrameIntervals = True
25.4282 	EXP 	Screen (0) actual frame rate measured at 60.19Hz
25.4282 	EXP 	window1: recordFrameIntervals = False
25.4283 	EXP 	window1: mouseVisible = False
27.6501 	EXP 	pilotv2: status = STARTED
27.6503 	EXP 	window1: mouseVisible = True
27.6604 	EXP 	Created imageInstruct = ImageStim(__class__=<class 'psychopy.visual.image.ImageStim'>, anchor=('center', 'center'), autoLog=True, color=array([1., 1., 1.]), colorSpace='rgb', contrast=1.0, depth=0.0, draggable=False, flipHoriz=False, flipVert=False, image='default.png', interpolate=True, mask=None, maskParams=None, name='imageInstruct', opacity=1.0, ori=0.0, pos=array([0., 0.]), size=array([1.6    , 1.00736]), texRes=128.0, units='height', win=Window(...))
27.6607 	EXP 	window1: mouseVisible = True
27.6608 	EXP 	window1: mouseVisible = True
27.6613 	EXP 	window1: mouseVisible = True
27.6617 	EXP 	window1: mouseVisible = True
27.6829 	EXP 	window1: mouseVisible = True
27.6830 	EXP 	window1: mouseVisible = True
27.6835 	EXP 	window1: mouseVisible = True
27.6838 	EXP 	window1: mouseVisible = True
27.7021 	EXP 	window1: mouseVisible = True
27.7023 	EXP 	window1: mouseVisible = True
27.7025 	EXP 	window1: mouseVisible = True
27.7029 	EXP 	window1: mouseVisible = True
27.7033 	EXP 	window1: mouseVisible = True
27.7200 	EXP 	window1: mouseVisible = True
27.7201 	EXP 	window1: mouseVisible = True
27.7206 	EXP 	window1: mouseVisible = True
27.7209 	EXP 	window1: mouseVisible = True
27.7243 	EXP 	window1: mouseVisible = True
27.7245 	EXP 	window1: mouseVisible = True
27.7883 	EXP 	Created text_8 = TextStim(__class__=<class 'psychopy.visual.text.TextStim'>, alignHoriz=method-wrapper(...), alignText='center', alignVert=method-wrapper(...), anchorHoriz='center', anchorVert='center', antialias=True, autoDraw=False, autoLog=True, bold=False, color=array([1., 1., 1.]), colorSpace='rgb', contrast=1.0, depth=0.0, draggable=False, flipHoriz=False, flipVert=False, font='Open Sans', fontFiles=[], height=0.05, italic=False, languageStyle='LTR', name='text_8', opacity=1.0, ori=0.0, pos=array([0., 0.]), rgb=UNKNOWN, text=str(...), units='height', win=Window(...), wrapWidth=1)
27.7886 	EXP 	window1: mouseVisible = True
27.7887 	EXP 	window1: mouseVisible = True
27.7891 	EXP 	window1: mouseVisible = True
27.7895 	EXP 	window1: mouseVisible = True
27.8131 	EXP 	window1: mouseVisible = True
27.8132 	EXP 	window1: mouseVisible = True
27.8136 	EXP 	window1: mouseVisible = True
27.8140 	EXP 	window1: mouseVisible = True
27.8240 	EXP 	window1: mouseVisible = True
27.8242 	EXP 	window1: mouseVisible = True
27.8244 	EXP 	window1: mouseVisible = True
27.8248 	EXP 	window1: mouseVisible = True
27.8252 	EXP 	window1: mouseVisible = True
27.8336 	EXP 	window1: mouseVisible = True
27.8337 	EXP 	window1: mouseVisible = True
27.8341 	EXP 	window1: mouseVisible = True
27.8346 	EXP 	window1: mouseVisible = True
27.8379 	EXP 	window1: mouseVisible = True
27.8380 	EXP 	window1: mouseVisible = True
27.8421 	EXP 	Created image_17 = ImageStim(__class__=<class 'psychopy.visual.image.ImageStim'>, anchor=('center', 'center'), autoLog=True, color=array([1., 1., 1.]), colorSpace='rgb', contrast=1.0, depth=-3.0, draggable=False, flipHoriz=False, flipVert=False, image='stim/ori1.png', interpolate=True, mask=None, maskParams=None, name='image_17', opacity=1.0, ori=0.0, pos=array([0.  , 0.23]), size=array([0.15, 0.15]), texRes=128.0, units='height', win=Window(...))
27.8422 	EXP 	window1: mouseVisible = True
27.8468 	EXP 	Created text_9 = TextStim(__class__=<class 'psychopy.visual.text.TextStim'>, alignHoriz=method-wrapper(...), alignText='center', alignVert=method-wrapper(...), anchorHoriz='center', anchorVert='center', antialias=True, autoDraw=False, autoLog=True, bold=False, color=array([1., 1., 1.]), colorSpace='rgb', contrast=1.0, depth=0.0, draggable=False, flipHoriz=False, flipVert=False, font='Open Sans', fontFiles=[], height=0.05, italic=False, languageStyle='LTR', name='text_9', opacity=1.0, ori=0.0, pos=array([0., 0.]), rgb=UNKNOWN, text=str(...), units='height', win=Window(...), wrapWidth=1)
27.8471 	EXP 	window1: mouseVisible = True
27.8472 	EXP 	window1: mouseVisible = True
27.8476 	EXP 	window1: mouseVisible = True
27.8480 	EXP 	window1: mouseVisible = True
27.8518 	EXP 	window1: mouseVisible = True
27.8519 	EXP 	window1: mouseVisible = True
27.8523 	EXP 	window1: mouseVisible = True
27.8527 	EXP 	window1: mouseVisible = True
27.8562 	EXP 	window1: mouseVisible = True
27.8564 	EXP 	window1: mouseVisible = True
27.8565 	EXP 	window1: mouseVisible = True
27.8569 	EXP 	window1: mouseVisible = True
27.8573 	EXP 	window1: mouseVisible = True
27.8611 	EXP 	window1: mouseVisible = True
27.8613 	EXP 	window1: mouseVisible = True
27.8617 	EXP 	window1: mouseVisible = True
27.8621 	EXP 	window1: mouseVisible = True
27.8654 	EXP 	window1: mouseVisible = True
27.8655 	EXP 	window1: mouseVisible = True
27.8695 	EXP 	Created image_18 = ImageStim(__class__=<class 'psychopy.visual.image.ImageStim'>, anchor=('center', 'center'), autoLog=True, color=array([1., 1., 1.]), colorSpace='rgb', contrast=1.0, depth=-3.0, draggable=False, flipHoriz=False, flipVert=False, image='stim/obj2.png', interpolate=True, mask=None, maskParams=None, name='image_18', opacity=1.0, ori=0.0, pos=array([0.  , 0.23]), size=array([0.15, 0.15]), texRes=128.0, units='height', win=Window(...))
27.8697 	EXP 	window1: mouseVisible = True
27.8745 	EXP 	Created text_10 = TextStim(__class__=<class 'psychopy.visual.text.TextStim'>, alignHoriz=method-wrapper(...), alignText='center', alignVert=method-wrapper(...), anchorHoriz='center', anchorVert='center', antialias=True, autoDraw=False, autoLog=True, bold=False, color=array([1., 1., 1.]), colorSpace='rgb', contrast=1.0, depth=0.0, draggable=False, flipHoriz=False, flipVert=False, font='Open Sans', fontFiles=[], height=0.05, italic=False, languageStyle='LTR', name='text_10', opacity=1.0, ori=0.0, pos=array([0., 0.]), rgb=UNKNOWN, text=str(...), units='height', win=Window(...), wrapWidth=1)
27.8747 	EXP 	window1: mouseVisible = True
27.8748 	EXP 	window1: mouseVisible = True
27.8752 	EXP 	window1: mouseVisible = True
27.8757 	EXP 	window1: mouseVisible = True
27.8795 	EXP 	window1: mouseVisible = True
27.8796 	EXP 	window1: mouseVisible = True
27.8800 	EXP 	window1: mouseVisible = True
27.8804 	EXP 	window1: mouseVisible = True
27.8838 	EXP 	window1: mouseVisible = True
27.8839 	EXP 	window1: mouseVisible = True
27.8841 	EXP 	window1: mouseVisible = True
27.8845 	EXP 	window1: mouseVisible = True
27.8849 	EXP 	window1: mouseVisible = True
27.8888 	EXP 	window1: mouseVisible = True
27.8889 	EXP 	window1: mouseVisible = True
27.8893 	EXP 	window1: mouseVisible = True
27.8897 	EXP 	window1: mouseVisible = True
27.8930 	EXP 	window1: mouseVisible = True
27.8931 	EXP 	window1: mouseVisible = True
27.8972 	EXP 	Created image_19 = ImageStim(__class__=<class 'psychopy.visual.image.ImageStim'>, anchor=('center', 'center'), autoLog=True, color=array([1., 1., 1.]), colorSpace='rgb', contrast=1.0, depth=-3.0, draggable=False, flipHoriz=False, flipVert=False, image='stim/ori2.png', interpolate=True, mask=None, maskParams=None, name='image_19', opacity=1.0, ori=0.0, pos=array([0.  , 0.23]), size=array([0.15, 0.15]), texRes=128.0, units='height', win=Window(...))
27.8974 	EXP 	window1: mouseVisible = True
27.9021 	EXP 	Created text_11 = TextStim(__class__=<class 'psychopy.visual.text.TextStim'>, alignHoriz=method-wrapper(...), alignText='center', alignVert=method-wrapper(...), anchorHoriz='center', anchorVert='center', antialias=True, autoDraw=False, autoLog=True, bold=False, color=array([1., 1., 1.]), colorSpace='rgb', contrast=1.0, depth=0.0, draggable=False, flipHoriz=False, flipVert=False, font='Open Sans', fontFiles=[], height=0.05, italic=False, languageStyle='LTR', name='text_11', opacity=1.0, ori=0.0, pos=array([0., 0.]), rgb=UNKNOWN, text=str(...), units='height', win=Window(...), wrapWidth=1)
27.9023 	EXP 	window1: mouseVisible = True
27.9024 	EXP 	window1: mouseVisible = True
27.9028 	EXP 	window1: mouseVisible = True
27.9032 	EXP 	window1: mouseVisible = True
27.9071 	EXP 	window1: mouseVisible = True
27.9072 	EXP 	window1: mouseVisible = True
27.9076 	EXP 	window1: mouseVisible = True
27.9080 	EXP 	window1: mouseVisible = True
27.9114 	EXP 	window1: mouseVisible = True
27.9116 	EXP 	window1: mouseVisible = True
27.9117 	EXP 	window1: mouseVisible = True
27.9122 	EXP 	window1: mouseVisible = True
27.9126 	EXP 	window1: mouseVisible = True
27.9165 	EXP 	window1: mouseVisible = True
27.9166 	EXP 	window1: mouseVisible = True
27.9170 	EXP 	window1: mouseVisible = True
27.9174 	EXP 	window1: mouseVisible = True
27.9208 	EXP 	window1: mouseVisible = True
27.9208 	EXP 	window1: mouseVisible = True
27.9250 	EXP 	Created image_20 = ImageStim(__class__=<class 'psychopy.visual.image.ImageStim'>, anchor=('center', 'center'), autoLog=True, color=array([1., 1., 1.]), colorSpace='rgb', contrast=1.0, depth=-3.0, draggable=False, flipHoriz=False, flipVert=False, image='stim/obj1.png', interpolate=True, mask=None, maskParams=None, name='image_20', opacity=1.0, ori=0.0, pos=array([0.  , 0.23]), size=array([0.15, 0.15]), texRes=128.0, units='height', win=Window(...))
27.9252 	EXP 	window1: mouseVisible = True
27.9344 	EXP 	Created imageInstruct_2 = ImageStim(__class__=<class 'psychopy.visual.image.ImageStim'>, anchor=('center', 'center'), autoLog=True, color=array([1., 1., 1.]), colorSpace='rgb', contrast=1.0, depth=0.0, draggable=False, flipHoriz=False, flipVert=False, image='default.png', interpolate=True, mask=None, maskParams=None, name='imageInstruct_2', opacity=1.0, ori=0.0, pos=array([0., 0.]), size=array([1.6    , 1.00736]), texRes=128.0, units='height', win=Window(...))
27.9347 	EXP 	window1: mouseVisible = True
27.9348 	EXP 	window1: mouseVisible = True
27.9353 	EXP 	window1: mouseVisible = True
27.9356 	EXP 	window1: mouseVisible = True
27.9393 	EXP 	window1: mouseVisible = True
27.9395 	EXP 	window1: mouseVisible = True
27.9399 	EXP 	window1: mouseVisible = True
27.9403 	EXP 	window1: mouseVisible = True
27.9438 	EXP 	window1: mouseVisible = True
27.9440 	EXP 	window1: mouseVisible = True
27.9441 	EXP 	window1: mouseVisible = True
27.9445 	EXP 	window1: mouseVisible = True
27.9449 	EXP 	window1: mouseVisible = True
27.9485 	EXP 	window1: mouseVisible = True
27.9487 	EXP 	window1: mouseVisible = True
27.9491 	EXP 	window1: mouseVisible = True
27.9495 	EXP 	window1: mouseVisible = True
27.9529 	EXP 	window1: mouseVisible = True
27.9530 	EXP 	window1: mouseVisible = True
27.9632 	EXP 	Created text = TextStim(__class__=<class 'psychopy.visual.text.TextStim'>, alignHoriz=method-wrapper(...), alignText='center', alignVert=method-wrapper(...), anchorHoriz='center', anchorVert='center', antialias=True, autoDraw=False, autoLog=True, bold=False, color=array([1., 1., 1.]), colorSpace='rgb', contrast=1.0, depth=0.0, draggable=False, flipHoriz=False, flipVert=False, font='Open Sans', fontFiles=[], height=0.05, italic=False, languageStyle='LTR', name='text', opacity=1.0, ori=0.0, pos=array([0., 0.]), rgb=UNKNOWN, text='The experiment will begin soon. Get ready!', units='height', win=Window(...), wrapWidth=1)
27.9633 	EXP 	window1: mouseVisible = True
27.9724 	EXP 	Created cue = ImageStim(__class__=<class 'psychopy.visual.image.ImageStim'>, anchor=('center', 'center'), autoLog=True, color=array([1., 1., 1.]), colorSpace='rgb', contrast=1.0, depth=0.0, draggable=False, flipHoriz=False, flipVert=False, image='default.png', interpolate=True, mask=None, maskParams=None, name='cue', opacity=1.0, ori=0.0, pos=array([0., 0.]), size=array([0.15, 0.15]), texRes=128.0, units='height', win=Window(...))
27.9725 	EXP 	window1: mouseVisible = True
27.9814 	EXP 	Created image = ImageStim(__class__=<class 'psychopy.visual.image.ImageStim'>, anchor=('center', 'center'), autoLog=True, color=array([1., 1., 1.]), colorSpace='rgb', contrast=1.0, depth=0.0, draggable=False, flipHoriz=False, flipVert=False, image='default.png', interpolate=True, mask=None, maskParams=None, name='image', opacity=1.0, ori=0.0, pos=array([0., 0.]), size=array([0.5, 0.5]), texRes=128.0, units='height', win=Window(...))
27.9815 	EXP 	window1: mouseVisible = True
27.9834 	EXP 	Created fixCrossR_2 = ShapeStim(__class__=<class 'psychopy.visual.shape.ShapeStim'>, anchor=('center', 'center'), autoDraw=False, autoLog=True, closeShape=True, color=method-wrapper(...), colorSpace='rgb', contrast=None, depth=-1.0, draggable=False, fillColor=array([-1, -1, -1]), fillColorSpace='rgb', fillRGB=array([-1, -1, -1]), interpolate=True, lineColor=array([-1., -1., -1.]), lineColorSpace='rgb', lineRGB=array([-1, -1, -1]), lineWidth=1.0, name='fixCrossR_2', opacity=1.0, ori=0.0, pos=array([0., 0.]), size=array([0.02, 0.02]), units='height', vertices=ndarray(...), win=Window(...), windingRule=None)
27.9835 	EXP 	window1: mouseVisible = True
27.9852 	EXP 	Created fixCrossR_4 = ShapeStim(__class__=<class 'psychopy.visual.shape.ShapeStim'>, anchor=('center', 'center'), autoDraw=False, autoLog=True, closeShape=True, color=method-wrapper(...), colorSpace='rgb', contrast=None, depth=0.0, draggable=False, fillColor=array([-1, -1, -1]), fillColorSpace='rgb', fillRGB=array([-1, -1, -1]), interpolate=True, lineColor=array([-1., -1., -1.]), lineColorSpace='rgb', lineRGB=array([-1, -1, -1]), lineWidth=1.0, name='fixCrossR_4', opacity=1.0, ori=0.0, pos=array([0., 0.]), size=array([0.02, 0.02]), units='height', vertices=ndarray(...), win=Window(...), windingRule=None)
27.9853 	EXP 	window1: mouseVisible = True
27.9870 	EXP 	Created fixCross = ShapeStim(__class__=<class 'psychopy.visual.shape.ShapeStim'>, anchor=('center', 'center'), autoDraw=False, autoLog=True, closeShape=True, color=method-wrapper(...), colorSpace='rgb', contrast=None, depth=0.0, draggable=False, fillColor=array([1, 1, 1]), fillColorSpace='rgb', fillRGB=array([1, 1, 1]), interpolate=True, lineColor=array([1., 1., 1.]), lineColorSpace='rgb', lineRGB=array([1, 1, 1]), lineWidth=1.0, name='fixCross', opacity=1.0, ori=0.0, pos=array([0., 0.]), size=array([0.02, 0.02]), units='height', vertices=ndarray(...), win=Window(...), windingRule=None)
27.9872 	EXP 	window1: mouseVisible = True
27.9893 	EXP 	Created text1 = TextStim(__class__=<class 'psychopy.visual.text.TextStim'>, alignHoriz=method-wrapper(...), alignText='center', alignVert=method-wrapper(...), anchorHoriz='center', anchorVert='center', antialias=True, autoDraw=False, autoLog=True, bold=False, color=array([1., 1., 1.]), colorSpace='rgb', contrast=1.0, depth=-1.0, draggable=False, flipHoriz=False, flipVert=False, font='Open Sans', fontFiles=[], height=0.05, italic=False, languageStyle='LTR', name='text1', opacity=1.0, ori=0.0, pos=array([-0.5,  0.1]), rgb=UNKNOWN, text='', units='norm', win=Window(...), wrapWidth=1)
27.9894 	EXP 	window1: mouseVisible = True
27.9904 	EXP 	Created text2 = TextStim(__class__=<class 'psychopy.visual.text.TextStim'>, alignHoriz=method-wrapper(...), alignText='center', alignVert=method-wrapper(...), anchorHoriz='center', anchorVert='center', antialias=True, autoDraw=False, autoLog=True, bold=False, color=array([1., 1., 1.]), colorSpace='rgb', contrast=1.0, depth=-2.0, draggable=False, flipHoriz=False, flipVert=False, font='Open Sans', fontFiles=[], height=0.05, italic=False, languageStyle='LTR', name='text2', opacity=1.0, ori=0.0, pos=array([-0.1666,  0.1   ]), rgb=UNKNOWN, text='', units='norm', win=Window(...), wrapWidth=1)
27.9905 	EXP 	window1: mouseVisible = True
27.9915 	EXP 	Created text3 = TextStim(__class__=<class 'psychopy.visual.text.TextStim'>, alignHoriz=method-wrapper(...), alignText='center', alignVert=method-wrapper(...), anchorHoriz='center', anchorVert='center', antialias=True, autoDraw=False, autoLog=True, bold=False, color=array([1., 1., 1.]), colorSpace='rgb', contrast=1.0, depth=-3.0, draggable=False, flipHoriz=False, flipVert=False, font='Open Sans', fontFiles=[], height=0.05, italic=False, languageStyle='LTR', name='text3', opacity=1.0, ori=0.0, pos=array([0.166, 0.1  ]), rgb=UNKNOWN, text='', units='norm', win=Window(...), wrapWidth=1)
27.9916 	EXP 	window1: mouseVisible = True
27.9925 	EXP 	Created text4 = TextStim(__class__=<class 'psychopy.visual.text.TextStim'>, alignHoriz=method-wrapper(...), alignText='center', alignVert=method-wrapper(...), anchorHoriz='center', anchorVert='center', antialias=True, autoDraw=False, autoLog=True, bold=False, color=array([1., 1., 1.]), colorSpace='rgb', contrast=1.0, depth=-4.0, draggable=False, flipHoriz=False, flipVert=False, font='Open Sans', fontFiles=[], height=0.05, italic=False, languageStyle='LTR', name='text4', opacity=1.0, ori=0.0, pos=array([0.5, 0.1]), rgb=UNKNOWN, text='', units='norm', win=Window(...), wrapWidth=1)
27.9926 	EXP 	window1: mouseVisible = True
27.9936 	EXP 	Created text5 = TextStim(__class__=<class 'psychopy.visual.text.TextStim'>, alignHoriz=method-wrapper(...), alignText='center', alignVert=method-wrapper(...), anchorHoriz='center', anchorVert='center', antialias=True, autoDraw=False, autoLog=True, bold=False, color=array([1., 1., 1.]), colorSpace='rgb', contrast=1.0, depth=-5.0, draggable=False, flipHoriz=False, flipVert=False, font='Open Sans', fontFiles=[], height=0.05, italic=False, languageStyle='LTR', name='text5', opacity=1.0, ori=0.0, pos=array([-0.5, -0.1]), rgb=UNKNOWN, text='', units='norm', win=Window(...), wrapWidth=1)
27.9936 	EXP 	window1: mouseVisible = True
27.9946 	EXP 	Created text6 = TextStim(__class__=<class 'psychopy.visual.text.TextStim'>, alignHoriz=method-wrapper(...), alignText='center', alignVert=method-wrapper(...), anchorHoriz='center', anchorVert='center', antialias=True, autoDraw=False, autoLog=True, bold=False, color=array([1., 1., 1.]), colorSpace='rgb', contrast=1.0, depth=-6.0, draggable=False, flipHoriz=False, flipVert=False, font='Open Sans', fontFiles=[], height=0.05, italic=False, languageStyle='LTR', name='text6', opacity=1.0, ori=0.0, pos=array([-0.1666, -0.1   ]), rgb=UNKNOWN, text='', units='norm', win=Window(...), wrapWidth=1)
27.9947 	EXP 	window1: mouseVisible = True
27.9956 	EXP 	Created text7 = TextStim(__class__=<class 'psychopy.visual.text.TextStim'>, alignHoriz=method-wrapper(...), alignText='center', alignVert=method-wrapper(...), anchorHoriz='center', anchorVert='center', antialias=True, autoDraw=False, autoLog=True, bold=False, color=array([1., 1., 1.]), colorSpace='rgb', contrast=1.0, depth=-7.0, draggable=False, flipHoriz=False, flipVert=False, font='Open Sans', fontFiles=[], height=0.05, italic=False, languageStyle='LTR', name='text7', opacity=1.0, ori=0.0, pos=array([ 0.1666, -0.1   ]), rgb=UNKNOWN, text='', units='norm', win=Window(...), wrapWidth=1)
27.9957 	EXP 	window1: mouseVisible = True
27.9967 	EXP 	Created text8 = TextStim(__class__=<class 'psychopy.visual.text.TextStim'>, alignHoriz=method-wrapper(...), alignText='center', alignVert=method-wrapper(...), anchorHoriz='center', anchorVert='center', antialias=True, autoDraw=False, autoLog=True, bold=False, color=array([1., 1., 1.]), colorSpace='rgb', contrast=1.0, depth=-8.0, draggable=False, flipHoriz=False, flipVert=False, font='Open Sans', fontFiles=[], height=0.05, italic=False, languageStyle='LTR', name='text8', opacity=1.0, ori=0.0, pos=array([ 0.5, -0.1]), rgb=UNKNOWN, text='', units='norm', win=Window(...), wrapWidth=1)
27.9969 	EXP 	window1: mouseVisible = True
27.9979 	EXP 	Created num1 = TextStim(__class__=<class 'psychopy.visual.text.TextStim'>, alignHoriz=method-wrapper(...), alignText='center', alignVert=method-wrapper(...), anchorHoriz='center', anchorVert='center', antialias=True, autoDraw=False, autoLog=True, bold=False, color=array([1., 1., 1.]), colorSpace='rgb', contrast=1.0, depth=-10.0, draggable=False, flipHoriz=False, flipVert=False, font='Open Sans', fontFiles=[], height=0.1, italic=False, languageStyle='LTR', name='num1', opacity=1.0, ori=0.0, pos=array([-0.5,  0.3]), rgb=UNKNOWN, text='', units='norm', win=Window(...), wrapWidth=1)
27.9979 	EXP 	window1: mouseVisible = True
27.9989 	EXP 	Created num2 = TextStim(__class__=<class 'psychopy.visual.text.TextStim'>, alignHoriz=method-wrapper(...), alignText='center', alignVert=method-wrapper(...), anchorHoriz='center', anchorVert='center', antialias=True, autoDraw=False, autoLog=True, bold=False, color=array([1., 1., 1.]), colorSpace='rgb', contrast=1.0, depth=-11.0, draggable=False, flipHoriz=False, flipVert=False, font='Open Sans', fontFiles=[], height=0.1, italic=False, languageStyle='LTR', name='num2', opacity=1.0, ori=0.0, pos=array([-0.1666,  0.3   ]), rgb=UNKNOWN, text='', units='norm', win=Window(...), wrapWidth=1)
27.9990 	EXP 	window1: mouseVisible = True
28.0000 	EXP 	Created num3 = TextStim(__class__=<class 'psychopy.visual.text.TextStim'>, alignHoriz=method-wrapper(...), alignText='center', alignVert=method-wrapper(...), anchorHoriz='center', anchorVert='center', antialias=True, autoDraw=False, autoLog=True, bold=False, color=array([1., 1., 1.]), colorSpace='rgb', contrast=1.0, depth=-12.0, draggable=False, flipHoriz=False, flipVert=False, font='Open Sans', fontFiles=[], height=0.1, italic=False, languageStyle='LTR', name='num3', opacity=1.0, ori=0.0, pos=array([0.1666, 0.3   ]), rgb=UNKNOWN, text='', units='norm', win=Window(...), wrapWidth=1)
28.0000 	EXP 	window1: mouseVisible = True
28.0010 	EXP 	Created num4 = TextStim(__class__=<class 'psychopy.visual.text.TextStim'>, alignHoriz=method-wrapper(...), alignText='center', alignVert=method-wrapper(...), anchorHoriz='center', anchorVert='center', antialias=True, autoDraw=False, autoLog=True, bold=False, color=array([1., 1., 1.]), colorSpace='rgb', contrast=1.0, depth=-13.0, draggable=False, flipHoriz=False, flipVert=False, font='Open Sans', fontFiles=[], height=0.1, italic=False, languageStyle='LTR', name='num4', opacity=1.0, ori=0.0, pos=array([0.5, 0.3]), rgb=UNKNOWN, text='', units='norm', win=Window(...), wrapWidth=1)
28.0011 	EXP 	window1: mouseVisible = True
28.0028 	EXP 	Created fixCrossR = ShapeStim(__class__=<class 'psychopy.visual.shape.ShapeStim'>, anchor=('center', 'center'), autoDraw=False, autoLog=True, closeShape=True, color=method-wrapper(...), colorSpace='rgb', contrast=None, depth=0.0, draggable=False, fillColor=array([-1, -1, -1]), fillColorSpace='rgb', fillRGB=array([-1, -1, -1]), interpolate=True, lineColor=array([-1., -1., -1.]), lineColorSpace='rgb', lineRGB=array([-1, -1, -1]), lineWidth=1.0, name='fixCrossR', opacity=1.0, ori=0.0, pos=array([0., 0.]), size=array([0.02, 0.02]), units='height', vertices=ndarray(...), win=Window(...), windingRule=None)
28.0029 	EXP 	window1: mouseVisible = True
28.0042 	EXP 	Created text_total = TextStim(__class__=<class 'psychopy.visual.text.TextStim'>, alignHoriz=method-wrapper(...), alignText='center', alignVert=method-wrapper(...), anchorHoriz='center', anchorVert='center', antialias=True, autoDraw=False, autoLog=True, bold=False, color=array([1., 1., 1.]), colorSpace='rgb', contrast=1.0, depth=-1.0, draggable=False, flipHoriz=False, flipVert=False, font='Open Sans', fontFiles=[], height=0.05, italic=False, languageStyle='LTR', name='text_total', opacity=1.0, ori=0.0, pos=array([0., 0.]), rgb=UNKNOWN, text='', units='height', win=Window(...), wrapWidth=1)
28.0043 	EXP 	window1: mouseVisible = True
28.0055 	EXP 	Created text_acc = TextStim(__class__=<class 'psychopy.visual.text.TextStim'>, alignHoriz=method-wrapper(...), alignText='center', alignVert=method-wrapper(...), anchorHoriz='center', anchorVert='center', antialias=True, autoDraw=False, autoLog=True, bold=False, color=array([1., 1., 1.]), colorSpace='rgb', contrast=1.0, depth=-2.0, draggable=False, flipHoriz=False, flipVert=False, font='Open Sans', fontFiles=[], height=0.05, italic=False, languageStyle='LTR', name='text_acc', opacity=1.0, ori=0.0, pos=array([ 0. , -0.3]), rgb=UNKNOWN, text='', units='height', win=Window(...), wrapWidth=1)
28.0056 	EXP 	window1: mouseVisible = True
28.0125 	EXP 	Created text_17 = TextStim(__class__=<class 'psychopy.visual.text.TextStim'>, alignHoriz=method-wrapper(...), alignText='center', alignVert=method-wrapper(...), anchorHoriz='center', anchorVert='center', antialias=True, autoDraw=False, autoLog=True, bold=False, color=array([1., 1., 1.]), colorSpace='rgb', contrast=1.0, depth=0.0, draggable=False, flipHoriz=False, flipVert=False, font='Open Sans', fontFiles=[], height=0.05, italic=False, languageStyle='LTR', name='text_17', opacity=1.0, ori=0.0, pos=array([0., 0.]), rgb=UNKNOWN, text='End of the run, please relax for a moment.', units='height', win=Window(...), wrapWidth=1)
0.0180 	EXP 	Created sequence: random, trialTypes=1, nReps=0, seed=None
0.0329 	EXP 	text: autoDraw = True
4.6080 	DATA 	Mouse: Left button down, pos=(1144,331)
4.7722 	DATA 	Mouse:  Left button up, pos=(1144,331)
5.4936 	EXP 	Imported trialMatrices/trialMatrix_s44_5.xlsx as conditions, 64 conditions, 14 params
5.4944 	EXP 	Created sequence: sequential, trialTypes=64, nReps=1, seed=None
5.4946 	EXP 	New trial (rep=0, index=0): {'category': 'horse', 'orientation': 1, 'taskCue': 'stim//ori2.png', 'stimfile': 'stim//horse1.png', 'resp1': 'Turtle', 'resp2': 'Shoe', 'resp3': 'Car', 'resp4': 'Horse', 'resp5': 'Full Left', 'resp6': 'Half Left', 'resp7': 'Half Right', 'resp8': 'Full Right', 'objFirst': 'True', 'interval': 2.54}
5.4977 	DATA 	Keypress: 5
5.5040 	EXP 	text: autoDraw = False
5.5040 	EXP 	cue: image = 'stim//ori2.png'
5.5040 	EXP 	cue: autoDraw = True
6.4889 	EXP 	Created sequence: random, trialTypes=1, nReps=3, seed=None
6.4891 	EXP 	New trial (rep=0, index=0): None
6.7054 	EXP 	cue: autoDraw = False
6.7054 	EXP 	image: image = 'stim//horse1.png'
6.7054 	EXP 	image: autoDraw = True
6.7054 	EXP 	fixCrossR_2: autoDraw = True
6.9553 	EXP 	image: autoDraw = False
6.9553 	EXP 	fixCrossR_2: autoDraw = False
6.9553 	EXP 	image: autoDraw = False
6.9553 	EXP 	fixCrossR_2: autoDraw = False
6.9553 	EXP 	fixCrossR_4: autoDraw = True
7.1898 	EXP 	New trial (rep=1, index=0): None
7.3229 	EXP 	fixCrossR_4: autoDraw = False
7.3229 	EXP 	fixCrossR_4: autoDraw = False
7.3229 	EXP 	image: image = 'stim//horse1.png'
7.3229 	EXP 	image: autoDraw = True
7.3229 	EXP 	fixCrossR_2: autoDraw = True
7.5726 	EXP 	image: autoDraw = False
7.5726 	EXP 	fixCrossR_2: autoDraw = False
7.5726 	EXP 	image: autoDraw = False
7.5726 	EXP 	fixCrossR_2: autoDraw = False
7.5726 	EXP 	fixCrossR_4: autoDraw = True
7.8071 	EXP 	New trial (rep=2, index=0): None
7.9895 	EXP 	fixCrossR_4: autoDraw = False
7.9895 	EXP 	fixCrossR_4: autoDraw = False
7.9895 	EXP 	image: image = 'stim//horse1.png'
7.9895 	EXP 	image: autoDraw = True
7.9895 	EXP 	fixCrossR_2: autoDraw = True
8.2396 	EXP 	image: autoDraw = False
8.2396 	EXP 	fixCrossR_2: autoDraw = False
8.2396 	EXP 	image: autoDraw = False
8.2396 	EXP 	fixCrossR_2: autoDraw = False
8.2396 	EXP 	fixCrossR_4: autoDraw = True
8.5569 	EXP 	fixCrossR_4: autoDraw = False
8.5569 	EXP 	fixCrossR_4: autoDraw = False
8.5569 	EXP 	fixCross: fillColor = <psychopy.colors.Color: black, alpha=1.0>
8.5569 	EXP 	fixCross: borderColor = <psychopy.colors.Color: black, alpha=1.0>
8.5569 	EXP 	text1: foreColor = <psychopy.colors.Color: white, alpha=1.0>
8.5569 	EXP 	text1: height = 0.05
8.5569 	EXP 	text1: height = 0.05
8.5569 	EXP 	text1: height = 0.05
8.5569 	EXP 	text1: text = 'Turtle'
8.5569 	EXP 	text2: foreColor = <psychopy.colors.Color: white, alpha=1.0>
8.5569 	EXP 	text2: height = 0.05
8.5569 	EXP 	text2: height = 0.05
8.5569 	EXP 	text2: height = 0.05
8.5569 	EXP 	text2: text = 'Shoe'
8.5569 	EXP 	text3: foreColor = <psychopy.colors.Color: white, alpha=1.0>
8.5569 	EXP 	text3: height = 0.05
8.5569 	EXP 	text3: height = 0.05
8.5569 	EXP 	text3: height = 0.05
8.5569 	EXP 	text3: text = 'Car'
8.5569 	EXP 	text4: foreColor = <psychopy.colors.Color: white, alpha=1.0>
8.5569 	EXP 	text4: height = 0.05
8.5569 	EXP 	text4: height = 0.05
8.5569 	EXP 	text4: height = 0.05
8.5569 	EXP 	text4: text = 'Horse'
8.5569 	EXP 	text5: foreColor = <psychopy.colors.Color: white, alpha=1.0>
8.5569 	EXP 	text5: height = 0.05
8.5569 	EXP 	text5: height = 0.05
8.5569 	EXP 	text5: height = 0.05
8.5569 	EXP 	text5: text = 'Full Left'
8.5569 	EXP 	text6: foreColor = <psychopy.colors.Color: white, alpha=1.0>
8.5569 	EXP 	text6: height = 0.05
8.5569 	EXP 	text6: height = 0.05
8.5569 	EXP 	text6: height = 0.05
8.5569 	EXP 	text6: text = 'Half Left'
8.5569 	EXP 	text7: foreColor = <psychopy.colors.Color: white, alpha=1.0>
8.5569 	EXP 	text7: height = 0.05
8.5569 	EXP 	text7: height = 0.05
8.5569 	EXP 	text7: height = 0.05
8.5569 	EXP 	text7: text = 'Half Right'
8.5569 	EXP 	text8: foreColor = <psychopy.colors.Color: white, alpha=1.0>
8.5569 	EXP 	text8: height = 0.05
8.5569 	EXP 	text8: height = 0.05
8.5569 	EXP 	text8: height = 0.05
8.5569 	EXP 	text8: text = 'Full Right'
8.5569 	EXP 	num1: foreColor = <psychopy.colors.Color: white, alpha=1.0>
8.5569 	EXP 	num1: height = 0.1
8.5569 	EXP 	num1: height = 0.1
8.5569 	EXP 	num1: height = 0.1
8.5569 	EXP 	num1: text = '1'
8.5569 	EXP 	num2: foreColor = <psychopy.colors.Color: white, alpha=1.0>
8.5569 	EXP 	num2: height = 0.1
8.5569 	EXP 	num2: height = 0.1
8.5569 	EXP 	num2: height = 0.1
8.5569 	EXP 	num2: text = '2'
8.5569 	EXP 	num3: foreColor = <psychopy.colors.Color: white, alpha=1.0>
8.5569 	EXP 	num3: height = 0.1
8.5569 	EXP 	num3: height = 0.1
8.5569 	EXP 	num3: height = 0.1
8.5569 	EXP 	num3: text = '3'
8.5569 	EXP 	num4: foreColor = <psychopy.colors.Color: white, alpha=1.0>
8.5569 	EXP 	num4: height = 0.1
8.5569 	EXP 	num4: height = 0.1
8.5569 	EXP 	num4: height = 0.1
8.5569 	EXP 	num4: text = '4'
8.5569 	EXP 	fixCross: autoDraw = True
8.5569 	EXP 	text1: autoDraw = True
8.5569 	EXP 	text2: autoDraw = True
8.5569 	EXP 	text3: autoDraw = True
8.5569 	EXP 	text4: autoDraw = True
8.5569 	EXP 	text5: autoDraw = True
8.5569 	EXP 	text6: autoDraw = True
8.5569 	EXP 	text7: autoDraw = True
8.5569 	EXP 	text8: autoDraw = True
8.5569 	EXP 	num1: autoDraw = True
8.5569 	EXP 	num2: autoDraw = True
8.5569 	EXP 	num3: autoDraw = True
8.5569 	EXP 	num4: autoDraw = True
10.1258 	DATA 	Keypress: 1
10.1413 	EXP 	fixCross: foreColor = <psychopy.colors.Color: (1.0, 0.0, 1.0, 1.0)>
10.1413 	EXP 	fixCross: borderColor = <psychopy.colors.Color: (1.0, 0.0, 1.0, 1.0)>
10.1413 	EXP 	fixCross: fillColor = <psychopy.colors.Color: (1.0, 0.0, 1.0, 1.0)>
10.1413 	EXP 	text1: foreColor = <psychopy.colors.Color: (1.0, 0.0, 1.0, 1.0)>
10.1413 	EXP 	text5: foreColor = <psychopy.colors.Color: (1.0, 0.0, 1.0, 1.0)>
10.1413 	EXP 	num1: foreColor = <psychopy.colors.Color: (1.0, 0.0, 1.0, 1.0)>
11.4922 	EXP 	fixCross: autoDraw = False
11.4922 	EXP 	text1: autoDraw = False
11.4922 	EXP 	text2: autoDraw = False
11.4922 	EXP 	text3: autoDraw = False
11.4922 	EXP 	text4: autoDraw = False
11.4922 	EXP 	text5: autoDraw = False
11.4922 	EXP 	text6: autoDraw = False
11.4922 	EXP 	text7: autoDraw = False
11.4922 	EXP 	text8: autoDraw = False
11.4922 	EXP 	num1: autoDraw = False
11.4922 	EXP 	num2: autoDraw = False
11.4922 	EXP 	num3: autoDraw = False
11.4922 	EXP 	num4: autoDraw = False
11.4922 	EXP 	fixCross: foreColor = <psychopy.colors.Color: transparent, alpha=1.0>
11.4922 	EXP 	fixCross: borderColor = <psychopy.colors.Color: transparent, alpha=1.0>
11.4922 	EXP 	fixCross: fillColor = <psychopy.colors.Color: transparent, alpha=1.0>
11.4922 	EXP 	text_total: text = ''
11.4922 	EXP 	text_total: height = 0.05
11.4922 	EXP 	text_total: height = 0.05
11.4922 	EXP 	text_total: height = 0.05
11.4922 	EXP 	text_total: text = 'Total: 1'
11.4922 	EXP 	text_acc: height = 0.05
11.4922 	EXP 	text_acc: height = 0.05
11.4922 	EXP 	text_acc: height = 0.05
11.4922 	EXP 	text_acc: text = 'Accuracy: 1.0'
11.4922 	EXP 	fixCrossR: autoDraw = True
11.4922 	EXP 	text_total: autoDraw = True
11.4922 	EXP 	text_acc: autoDraw = True
12.6934 	EXP 	text_total: autoDraw = False
12.6934 	EXP 	text_acc: autoDraw = False
14.0285 	EXP 	New trial (rep=0, index=1): {'category': 'shoe', 'orientation': 4, 'taskCue': 'stim//ori2.png', 'stimfile': 'stim//shoe4.png', 'resp1': 'Turtle', 'resp2': 'Car', 'resp3': 'Shoe', 'resp4': 'Horse', 'resp5': 'Full Left', 'resp6': 'Half Left', 'resp7': 'Half Right', 'resp8': 'Full Right', 'objFirst': 'True', 'interval': 2.578}
14.0447 	EXP 	fixCrossR: autoDraw = False
14.0447 	EXP 	fixCrossR: autoDraw = False
14.0447 	EXP 	text_total: autoDraw = False
14.0447 	EXP 	text_acc: autoDraw = False
14.0447 	EXP 	cue: image = 'stim//ori2.png'
14.0447 	EXP 	cue: autoDraw = True
15.0295 	EXP 	Created sequence: random, trialTypes=1, nReps=3, seed=None
15.0297 	EXP 	New trial (rep=0, index=0): None
15.1620 	EXP 	cue: autoDraw = False
15.1620 	EXP 	image: image = 'stim//shoe4.png'
15.1620 	EXP 	image: autoDraw = True
15.1620 	EXP 	fixCrossR_2: autoDraw = True
15.4126 	EXP 	image: autoDraw = False
15.4126 	EXP 	fixCrossR_2: autoDraw = False
15.4126 	EXP 	image: autoDraw = False
15.4126 	EXP 	fixCrossR_2: autoDraw = False
15.4126 	EXP 	fixCrossR_4: autoDraw = True
15.6469 	EXP 	New trial (rep=1, index=0): None
15.7651 	EXP 	fixCrossR_4: autoDraw = False
15.7651 	EXP 	fixCrossR_4: autoDraw = False
15.7651 	EXP 	image: image = 'stim//shoe4.png'
15.7651 	EXP 	image: autoDraw = True
15.7651 	EXP 	fixCrossR_2: autoDraw = True
16.0130 	EXP 	image: autoDraw = False
16.0130 	EXP 	fixCrossR_2: autoDraw = False
16.0130 	EXP 	image: autoDraw = False
16.0130 	EXP 	fixCrossR_2: autoDraw = False
16.0130 	EXP 	fixCrossR_4: autoDraw = True
16.2474 	EXP 	New trial (rep=2, index=0): None
16.4467 	EXP 	fixCrossR_4: autoDraw = False
16.4467 	EXP 	fixCrossR_4: autoDraw = False
16.4467 	EXP 	image: image = 'stim//shoe4.png'
16.4467 	EXP 	image: autoDraw = True
16.4467 	EXP 	fixCrossR_2: autoDraw = True
16.6969 	EXP 	image: autoDraw = False
16.6969 	EXP 	fixCrossR_2: autoDraw = False
16.6969 	EXP 	image: autoDraw = False
16.6969 	EXP 	fixCrossR_2: autoDraw = False
16.6969 	EXP 	fixCrossR_4: autoDraw = True
16.9803 	EXP 	fixCrossR_4: autoDraw = False
16.9803 	EXP 	fixCrossR_4: autoDraw = False
16.9803 	EXP 	fixCross: fillColor = <psychopy.colors.Color: black, alpha=1.0>
16.9803 	EXP 	fixCross: borderColor = <psychopy.colors.Color: black, alpha=1.0>
16.9803 	EXP 	text1: foreColor = <psychopy.colors.Color: white, alpha=1.0>
16.9803 	EXP 	text1: text = 'Turtle'
16.9803 	EXP 	text2: foreColor = <psychopy.colors.Color: white, alpha=1.0>
16.9803 	EXP 	text2: height = 0.05
16.9803 	EXP 	text2: height = 0.05
16.9803 	EXP 	text2: height = 0.05
16.9803 	EXP 	text2: text = 'Car'
16.9803 	EXP 	text3: foreColor = <psychopy.colors.Color: white, alpha=1.0>
16.9803 	EXP 	text3: height = 0.05
16.9803 	EXP 	text3: height = 0.05
16.9803 	EXP 	text3: height = 0.05
16.9803 	EXP 	text3: text = 'Shoe'
16.9803 	EXP 	text4: foreColor = <psychopy.colors.Color: white, alpha=1.0>
16.9803 	EXP 	text4: text = 'Horse'
16.9803 	EXP 	text5: foreColor = <psychopy.colors.Color: white, alpha=1.0>
16.9803 	EXP 	text5: text = 'Full Left'
16.9803 	EXP 	text6: foreColor = <psychopy.colors.Color: white, alpha=1.0>
16.9803 	EXP 	text6: text = 'Half Left'
16.9803 	EXP 	text7: foreColor = <psychopy.colors.Color: white, alpha=1.0>
16.9803 	EXP 	text7: text = 'Half Right'
16.9803 	EXP 	text8: foreColor = <psychopy.colors.Color: white, alpha=1.0>
16.9803 	EXP 	text8: text = 'Full Right'
16.9803 	EXP 	num1: foreColor = <psychopy.colors.Color: white, alpha=1.0>
16.9803 	EXP 	num1: text = '1'
16.9803 	EXP 	num2: foreColor = <psychopy.colors.Color: white, alpha=1.0>
16.9803 	EXP 	num2: text = '2'
16.9803 	EXP 	num3: foreColor = <psychopy.colors.Color: white, alpha=1.0>
16.9803 	EXP 	num3: text = '3'
16.9803 	EXP 	num4: foreColor = <psychopy.colors.Color: white, alpha=1.0>
16.9803 	EXP 	num4: text = '4'
16.9803 	EXP 	fixCross: autoDraw = True
16.9803 	EXP 	text1: autoDraw = True
16.9803 	EXP 	text2: autoDraw = True
16.9803 	EXP 	text3: autoDraw = True
16.9803 	EXP 	text4: autoDraw = True
16.9803 	EXP 	text5: autoDraw = True
16.9803 	EXP 	text6: autoDraw = True
16.9803 	EXP 	text7: autoDraw = True
16.9803 	EXP 	text8: autoDraw = True
16.9803 	EXP 	num1: autoDraw = True
16.9803 	EXP 	num2: autoDraw = True
16.9803 	EXP 	num3: autoDraw = True
16.9803 	EXP 	num4: autoDraw = True
18.0989 	DATA 	Keypress: 4
18.1147 	EXP 	fixCross: foreColor = <psychopy.colors.Color: (1.0, 0.0, 1.0, 1.0)>
18.1147 	EXP 	fixCross: borderColor = <psychopy.colors.Color: (1.0, 0.0, 1.0, 1.0)>
18.1147 	EXP 	fixCross: fillColor = <psychopy.colors.Color: (1.0, 0.0, 1.0, 1.0)>
18.1147 	EXP 	text4: foreColor = <psychopy.colors.Color: (1.0, 0.0, 1.0, 1.0)>
18.1147 	EXP 	text8: foreColor = <psychopy.colors.Color: (1.0, 0.0, 1.0, 1.0)>
18.1147 	EXP 	num4: foreColor = <psychopy.colors.Color: (1.0, 0.0, 1.0, 1.0)>
19.9496 	EXP 	fixCross: autoDraw = False
19.9496 	EXP 	text1: autoDraw = False
19.9496 	EXP 	text2: autoDraw = False
19.9496 	EXP 	text3: autoDraw = False
19.9496 	EXP 	text4: autoDraw = False
19.9496 	EXP 	text5: autoDraw = False
19.9496 	EXP 	text6: autoDraw = False
19.9496 	EXP 	text7: autoDraw = False
19.9496 	EXP 	text8: autoDraw = False
19.9496 	EXP 	num1: autoDraw = False
19.9496 	EXP 	num2: autoDraw = False
19.9496 	EXP 	num3: autoDraw = False
19.9496 	EXP 	num4: autoDraw = False
19.9496 	EXP 	fixCross: foreColor = <psychopy.colors.Color: transparent, alpha=1.0>
19.9496 	EXP 	fixCross: borderColor = <psychopy.colors.Color: transparent, alpha=1.0>
19.9496 	EXP 	fixCross: fillColor = <psychopy.colors.Color: transparent, alpha=1.0>
19.9496 	EXP 	text_total: height = 0.05
19.9496 	EXP 	text_total: height = 0.05
19.9496 	EXP 	text_total: height = 0.05
19.9496 	EXP 	text_total: text = ''
19.9496 	EXP 	text_total: height = 0.05
19.9496 	EXP 	text_total: height = 0.05
19.9496 	EXP 	text_total: height = 0.05
19.9496 	EXP 	text_total: text = 'Total: 2'
19.9496 	EXP 	text_acc: text = 'Accuracy: 1.0'
19.9496 	EXP 	fixCrossR: autoDraw = True
19.9496 	EXP 	text_total: autoDraw = True
19.9496 	EXP 	text_acc: autoDraw = True
21.1507 	EXP 	text_total: autoDraw = False
21.1507 	EXP 	text_acc: autoDraw = False
22.5199 	EXP 	New trial (rep=0, index=2): {'category': 'car', 'orientation': 3, 'taskCue': 'stim//obj2.png', 'stimfile': 'stim//car3.png', 'resp1': 'Shoe', 'resp2': 'Horse', 'resp3': 'Car', 'resp4': 'Turtle', 'resp5': 'Half Right', 'resp6': 'Half Left', 'resp7': 'Full Left', 'resp8': 'Full Right', 'objFirst': 'True', 'interval': 2.427}
22.5350 	EXP 	fixCrossR: autoDraw = False
22.5350 	EXP 	fixCrossR: autoDraw = False
22.5350 	EXP 	text_total: autoDraw = False
22.5350 	EXP 	text_acc: autoDraw = False
22.5350 	EXP 	cue: image = 'stim//obj2.png'
22.5350 	EXP 	cue: autoDraw = True
23.5200 	EXP 	Created sequence: random, trialTypes=1, nReps=3, seed=None
23.5202 	EXP 	New trial (rep=0, index=0): None
23.6363 	EXP 	cue: autoDraw = False
23.6363 	EXP 	cue: autoDraw = False
23.6363 	EXP 	image: image = 'stim//car3.png'
23.6363 	EXP 	image: autoDraw = True
23.6363 	EXP 	fixCrossR_2: autoDraw = True
23.8874 	EXP 	image: autoDraw = False
23.8874 	EXP 	fixCrossR_2: autoDraw = False
23.8874 	EXP 	image: autoDraw = False
23.8874 	EXP 	fixCrossR_2: autoDraw = False
23.8874 	EXP 	fixCrossR_4: autoDraw = True
24.1219 	EXP 	New trial (rep=1, index=0): None
24.2531 	EXP 	fixCrossR_4: autoDraw = False
24.2531 	EXP 	fixCrossR_4: autoDraw = False
24.2531 	EXP 	image: image = 'stim//car3.png'
24.2531 	EXP 	image: autoDraw = True
24.2531 	EXP 	fixCrossR_2: autoDraw = True
24.5032 	EXP 	image: autoDraw = False
24.5032 	EXP 	fixCrossR_2: autoDraw = False
24.5032 	EXP 	image: autoDraw = False
24.5032 	EXP 	fixCrossR_2: autoDraw = False
24.5032 	EXP 	fixCrossR_4: autoDraw = True
24.7376 	EXP 	New trial (rep=2, index=0): None
24.9201 	EXP 	fixCrossR_4: autoDraw = False
24.9201 	EXP 	fixCrossR_4: autoDraw = False
24.9201 	EXP 	image: image = 'stim//car3.png'
24.9201 	EXP 	image: autoDraw = True
24.9201 	EXP 	fixCrossR_2: autoDraw = True
25.1705 	EXP 	image: autoDraw = False
25.1705 	EXP 	fixCrossR_2: autoDraw = False
25.1705 	EXP 	image: autoDraw = False
25.1705 	EXP 	fixCrossR_2: autoDraw = False
25.1705 	EXP 	fixCrossR_4: autoDraw = True
25.4538 	EXP 	fixCrossR_4: autoDraw = False
25.4538 	EXP 	fixCrossR_4: autoDraw = False
25.4538 	EXP 	fixCross: fillColor = <psychopy.colors.Color: black, alpha=1.0>
25.4538 	EXP 	fixCross: borderColor = <psychopy.colors.Color: black, alpha=1.0>
25.4538 	EXP 	text1: foreColor = <psychopy.colors.Color: white, alpha=1.0>
25.4538 	EXP 	text1: height = 0.05
25.4538 	EXP 	text1: height = 0.05
25.4538 	EXP 	text1: height = 0.05
25.4538 	EXP 	text1: text = 'Shoe'
25.4538 	EXP 	text2: foreColor = <psychopy.colors.Color: white, alpha=1.0>
25.4538 	EXP 	text2: height = 0.05
25.4538 	EXP 	text2: height = 0.05
25.4538 	EXP 	text2: height = 0.05
25.4538 	EXP 	text2: text = 'Horse'
25.4538 	EXP 	text3: foreColor = <psychopy.colors.Color: white, alpha=1.0>
25.4538 	EXP 	text3: height = 0.05
25.4538 	EXP 	text3: height = 0.05
25.4538 	EXP 	text3: height = 0.05
25.4538 	EXP 	text3: text = 'Car'
25.4538 	EXP 	text4: foreColor = <psychopy.colors.Color: white, alpha=1.0>
25.4538 	EXP 	text4: height = 0.05
25.4538 	EXP 	text4: height = 0.05
25.4538 	EXP 	text4: height = 0.05
25.4538 	EXP 	text4: text = 'Turtle'
25.4538 	EXP 	text5: foreColor = <psychopy.colors.Color: white, alpha=1.0>
25.4538 	EXP 	text5: height = 0.05
25.4538 	EXP 	text5: height = 0.05
25.4538 	EXP 	text5: height = 0.05
25.4538 	EXP 	text5: text = 'Half Right'
25.4538 	EXP 	text6: foreColor = <psychopy.colors.Color: white, alpha=1.0>
25.4538 	EXP 	text6: text = 'Half Left'
25.4538 	EXP 	text7: foreColor = <psychopy.colors.Color: white, alpha=1.0>
25.4538 	EXP 	text7: height = 0.05
25.4538 	EXP 	text7: height = 0.05
25.4538 	EXP 	text7: height = 0.05
25.4538 	EXP 	text7: text = 'Full Left'
25.4538 	EXP 	text8: foreColor = <psychopy.colors.Color: white, alpha=1.0>
25.4538 	EXP 	text8: text = 'Full Right'
25.4538 	EXP 	num1: foreColor = <psychopy.colors.Color: white, alpha=1.0>
25.4538 	EXP 	num1: text = '1'
25.4538 	EXP 	num2: foreColor = <psychopy.colors.Color: white, alpha=1.0>
25.4538 	EXP 	num2: text = '2'
25.4538 	EXP 	num3: foreColor = <psychopy.colors.Color: white, alpha=1.0>
25.4538 	EXP 	num3: text = '3'
25.4538 	EXP 	num4: foreColor = <psychopy.colors.Color: white, alpha=1.0>
25.4538 	EXP 	num4: text = '4'
25.4538 	EXP 	fixCross: autoDraw = True
25.4538 	EXP 	text1: autoDraw = True
25.4538 	EXP 	text2: autoDraw = True
25.4538 	EXP 	text3: autoDraw = True
25.4538 	EXP 	text4: autoDraw = True
25.4538 	EXP 	text5: autoDraw = True
25.4538 	EXP 	text6: autoDraw = True
25.4538 	EXP 	text7: autoDraw = True
25.4538 	EXP 	text8: autoDraw = True
25.4538 	EXP 	num1: autoDraw = True
25.4538 	EXP 	num2: autoDraw = True
25.4538 	EXP 	num3: autoDraw = True
25.4538 	EXP 	num4: autoDraw = True
26.0785 	DATA 	Keypress: 3
26.1052 	EXP 	fixCross: foreColor = <psychopy.colors.Color: (1.0, 0.0, 1.0, 1.0)>
26.1052 	EXP 	fixCross: borderColor = <psychopy.colors.Color: (1.0, 0.0, 1.0, 1.0)>
26.1052 	EXP 	fixCross: fillColor = <psychopy.colors.Color: (1.0, 0.0, 1.0, 1.0)>
26.1052 	EXP 	text3: foreColor = <psychopy.colors.Color: (1.0, 0.0, 1.0, 1.0)>
26.1052 	EXP 	text7: foreColor = <psychopy.colors.Color: (1.0, 0.0, 1.0, 1.0)>
26.1052 	EXP 	num3: foreColor = <psychopy.colors.Color: (1.0, 0.0, 1.0, 1.0)>
28.4233 	EXP 	fixCross: autoDraw = False
28.4233 	EXP 	text1: autoDraw = False
28.4233 	EXP 	text2: autoDraw = False
28.4233 	EXP 	text3: autoDraw = False
28.4233 	EXP 	text4: autoDraw = False
28.4233 	EXP 	text5: autoDraw = False
28.4233 	EXP 	text6: autoDraw = False
28.4233 	EXP 	text7: autoDraw = False
28.4233 	EXP 	text8: autoDraw = False
28.4233 	EXP 	num1: autoDraw = False
28.4233 	EXP 	num2: autoDraw = False
28.4233 	EXP 	num3: autoDraw = False
28.4233 	EXP 	num4: autoDraw = False
28.4233 	EXP 	fixCross: foreColor = <psychopy.colors.Color: transparent, alpha=1.0>
28.4233 	EXP 	fixCross: borderColor = <psychopy.colors.Color: transparent, alpha=1.0>
28.4233 	EXP 	fixCross: fillColor = <psychopy.colors.Color: transparent, alpha=1.0>
28.4233 	EXP 	text_total: height = 0.05
28.4233 	EXP 	text_total: height = 0.05
28.4233 	EXP 	text_total: height = 0.05
28.4233 	EXP 	text_total: text = ''
28.4233 	EXP 	text_total: height = 0.05
28.4233 	EXP 	text_total: height = 0.05
28.4233 	EXP 	text_total: height = 0.05
28.4233 	EXP 	text_total: text = 'Total: 3'
28.4233 	EXP 	text_acc: text = 'Accuracy: 1.0'
28.4233 	EXP 	fixCrossR: autoDraw = True
28.4233 	EXP 	text_total: autoDraw = True
28.4233 	EXP 	text_acc: autoDraw = True
29.6244 	EXP 	text_total: autoDraw = False
29.6244 	EXP 	text_acc: autoDraw = False
30.8427 	EXP 	New trial (rep=0, index=3): {'category': 'car', 'orientation': 3, 'taskCue': 'stim//ori2.png', 'stimfile': 'stim//car3.png', 'resp1': 'Horse', 'resp2': 'Shoe', 'resp3': 'Car', 'resp4': 'Turtle', 'resp5': 'Half Left', 'resp6': 'Full Left', 'resp7': 'Full Right', 'resp8': 'Half Right', 'objFirst': 'True', 'interval': 2.609}
30.8584 	EXP 	fixCrossR: autoDraw = False
30.8584 	EXP 	fixCrossR: autoDraw = False
30.8584 	EXP 	text_total: autoDraw = False
30.8584 	EXP 	text_acc: autoDraw = False
30.8584 	EXP 	cue: image = 'stim//ori2.png'
30.8584 	EXP 	cue: autoDraw = True
31.8434 	EXP 	Created sequence: random, trialTypes=1, nReps=3, seed=None
31.8436 	EXP 	New trial (rep=0, index=0): None
31.9760 	EXP 	cue: autoDraw = False
31.9760 	EXP 	image: image = 'stim//car3.png'
31.9760 	EXP 	image: autoDraw = True
31.9760 	EXP 	fixCrossR_2: autoDraw = True
32.2262 	EXP 	image: autoDraw = False
32.2262 	EXP 	fixCrossR_2: autoDraw = False
32.2262 	EXP 	image: autoDraw = False
32.2262 	EXP 	fixCrossR_2: autoDraw = False
32.2262 	EXP 	fixCrossR_4: autoDraw = True
32.4609 	EXP 	New trial (rep=1, index=0): None
32.5932 	EXP 	fixCrossR_4: autoDraw = False
32.5932 	EXP 	fixCrossR_4: autoDraw = False
32.5932 	EXP 	image: image = 'stim//car3.png'
32.5932 	EXP 	image: autoDraw = True
32.5932 	EXP 	fixCrossR_2: autoDraw = True
32.8436 	EXP 	image: autoDraw = False
32.8436 	EXP 	fixCrossR_2: autoDraw = False
32.8436 	EXP 	image: autoDraw = False
32.8436 	EXP 	fixCrossR_2: autoDraw = False
32.8436 	EXP 	fixCrossR_4: autoDraw = True
33.0781 	EXP 	New trial (rep=2, index=0): None
33.2604 	EXP 	fixCrossR_4: autoDraw = False
33.2604 	EXP 	fixCrossR_4: autoDraw = False
33.2604 	EXP 	image: image = 'stim//car3.png'
33.2604 	EXP 	image: autoDraw = True
33.2604 	EXP 	fixCrossR_2: autoDraw = True
33.5109 	EXP 	image: autoDraw = False
33.5109 	EXP 	fixCrossR_2: autoDraw = False
33.5109 	EXP 	image: autoDraw = False
33.5109 	EXP 	fixCrossR_2: autoDraw = False
33.5109 	EXP 	fixCrossR_4: autoDraw = True
33.7945 	EXP 	fixCrossR_4: autoDraw = False
33.7945 	EXP 	fixCrossR_4: autoDraw = False
33.7945 	EXP 	fixCross: fillColor = <psychopy.colors.Color: black, alpha=1.0>
33.7945 	EXP 	fixCross: borderColor = <psychopy.colors.Color: black, alpha=1.0>
33.7945 	EXP 	text1: foreColor = <psychopy.colors.Color: white, alpha=1.0>
33.7945 	EXP 	text1: height = 0.05
33.7945 	EXP 	text1: height = 0.05
33.7945 	EXP 	text1: height = 0.05
33.7945 	EXP 	text1: text = 'Horse'
33.7945 	EXP 	text2: foreColor = <psychopy.colors.Color: white, alpha=1.0>
33.7945 	EXP 	text2: height = 0.05
33.7945 	EXP 	text2: height = 0.05
33.7945 	EXP 	text2: height = 0.05
33.7945 	EXP 	text2: text = 'Shoe'
33.7945 	EXP 	text3: foreColor = <psychopy.colors.Color: white, alpha=1.0>
33.7945 	EXP 	text3: text = 'Car'
33.7945 	EXP 	text4: foreColor = <psychopy.colors.Color: white, alpha=1.0>
33.7945 	EXP 	text4: text = 'Turtle'
33.7945 	EXP 	text5: foreColor = <psychopy.colors.Color: white, alpha=1.0>
33.7945 	EXP 	text5: height = 0.05
33.7945 	EXP 	text5: height = 0.05
33.7945 	EXP 	text5: height = 0.05
33.7945 	EXP 	text5: text = 'Half Left'
33.7945 	EXP 	text6: foreColor = <psychopy.colors.Color: white, alpha=1.0>
33.7945 	EXP 	text6: height = 0.05
33.7945 	EXP 	text6: height = 0.05
33.7945 	EXP 	text6: height = 0.05
33.7945 	EXP 	text6: text = 'Full Left'
33.7945 	EXP 	text7: foreColor = <psychopy.colors.Color: white, alpha=1.0>
33.7945 	EXP 	text7: height = 0.05
33.7945 	EXP 	text7: height = 0.05
33.7945 	EXP 	text7: height = 0.05
33.7945 	EXP 	text7: text = 'Full Right'
33.7945 	EXP 	text8: foreColor = <psychopy.colors.Color: white, alpha=1.0>
33.7945 	EXP 	text8: height = 0.05
33.7945 	EXP 	text8: height = 0.05
33.7945 	EXP 	text8: height = 0.05
33.7945 	EXP 	text8: text = 'Half Right'
33.7945 	EXP 	num1: foreColor = <psychopy.colors.Color: white, alpha=1.0>
33.7945 	EXP 	num1: text = '1'
33.7945 	EXP 	num2: foreColor = <psychopy.colors.Color: white, alpha=1.0>
33.7945 	EXP 	num2: text = '2'
33.7945 	EXP 	num3: foreColor = <psychopy.colors.Color: white, alpha=1.0>
33.7945 	EXP 	num3: text = '3'
33.7945 	EXP 	num4: foreColor = <psychopy.colors.Color: white, alpha=1.0>
33.7945 	EXP 	num4: text = '4'
33.7945 	EXP 	fixCross: autoDraw = True
33.7945 	EXP 	text1: autoDraw = True
33.7945 	EXP 	text2: autoDraw = True
33.7945 	EXP 	text3: autoDraw = True
33.7945 	EXP 	text4: autoDraw = True
33.7945 	EXP 	text5: autoDraw = True
33.7945 	EXP 	text6: autoDraw = True
33.7945 	EXP 	text7: autoDraw = True
33.7945 	EXP 	text8: autoDraw = True
33.7945 	EXP 	num1: autoDraw = True
33.7945 	EXP 	num2: autoDraw = True
33.7945 	EXP 	num3: autoDraw = True
33.7945 	EXP 	num4: autoDraw = True
35.0198 	DATA 	Keypress: 4
35.0456 	EXP 	fixCross: foreColor = <psychopy.colors.Color: (1.0, 0.0, 1.0, 1.0)>
35.0456 	EXP 	fixCross: borderColor = <psychopy.colors.Color: (1.0, 0.0, 1.0, 1.0)>
35.0456 	EXP 	fixCross: fillColor = <psychopy.colors.Color: (1.0, 0.0, 1.0, 1.0)>
35.0456 	EXP 	text4: foreColor = <psychopy.colors.Color: (1.0, 0.0, 1.0, 1.0)>
35.0456 	EXP 	text8: foreColor = <psychopy.colors.Color: (1.0, 0.0, 1.0, 1.0)>
35.0456 	EXP 	num4: foreColor = <psychopy.colors.Color: (1.0, 0.0, 1.0, 1.0)>
36.8299 	EXP 	fixCross: autoDraw = False
36.8299 	EXP 	text1: autoDraw = False
36.8299 	EXP 	text2: autoDraw = False
36.8299 	EXP 	text3: autoDraw = False
36.8299 	EXP 	text4: autoDraw = False
36.8299 	EXP 	text5: autoDraw = False
36.8299 	EXP 	text6: autoDraw = False
36.8299 	EXP 	text7: autoDraw = False
36.8299 	EXP 	text8: autoDraw = False
36.8299 	EXP 	num1: autoDraw = False
36.8299 	EXP 	num2: autoDraw = False
36.8299 	EXP 	num3: autoDraw = False
36.8299 	EXP 	num4: autoDraw = False
36.8299 	EXP 	fixCross: foreColor = <psychopy.colors.Color: transparent, alpha=1.0>
36.8299 	EXP 	fixCross: borderColor = <psychopy.colors.Color: transparent, alpha=1.0>
36.8299 	EXP 	fixCross: fillColor = <psychopy.colors.Color: transparent, alpha=1.0>
36.8299 	EXP 	text_17: autoDraw = True
38.3838 	DATA 	Keypress: escape
38.5659 	EXP 	pilotv2: status = STOPPED
38.5815 	EXP 	text_17: autoDraw = False
38.5816 	EXP 	pilotv2: status = STOPPED
38.7957 	EXP 	window1: mouseVisible = True
