2.3834 	ERROR 	Support for the `sounddevice` audio backend is not available this session. Please install `psychopy-sounddevice` and restart the session to enable support.
19.5156 	WARNING 	User requested fullscreen with size [1536  864], but screen is actually [1920, 1080]. Using actual size
20.2876 	EXP 	Created window1 = Window(allowGUI=True, allowStencil=False, autoLog=True, backendConf=UNKNOWN, backgroundFit=<method-wrapper '__getattribute__' of attributeSetter object at 0x0000020C0C66F130>, backgroundImage=<method-wrapper '__getattribute__' of attributeSetter object at 0x0000020C0C66F0D0>, bitsMode=UNKNOWN, blendMode='avg', bpc=(8, 8, 8), color=array([-0.4039, -0.4039, -0.4039]), colorSpace='rgb', depthBits=8, fullscr=<method-wrapper '__getattribute__' of attributeSetter object at 0x0000020C0E8AFF70>, gamma=None, gammaErrorPolicy='raise', lms=UNKNOWN, monitor=<psychopy.monitors.calibTools.Monitor object at 0x0000020C0ED860D0>, multiSample=False, name='window1', numSamples=2, pos=(-1920, 0), screen=0, size=array([1920, 1080]), stencilBits=0, stereo=False, title='PsychoPy', units='height', useFBO=True, useRetina=False, viewOri=0.0, viewPos=None, viewScale=None, waitBlanking=True, winType='pyglet')
20.2877 	EXP 	window1: mouseVisible = True
20.2877 	EXP 	window1: backgroundImage = ''
20.2877 	EXP 	window1: backgroundFit = 'none'
20.2892 	EXP 	window1: Attempting to measure frame rate of screen (0) ...
20.2892 	EXP 	window1: recordFrameIntervals = False
20.4533 	EXP 	window1: recordFrameIntervals = True
20.6376 	EXP 	Screen (0) actual frame rate measured at 60.15Hz
20.6376 	EXP 	window1: recordFrameIntervals = False
20.6377 	EXP 	window1: mouseVisible = False
22.8495 	EXP 	pilotv2: status = STARTED
22.8497 	EXP 	window1: mouseVisible = True
22.8595 	EXP 	Created imageInstruct = ImageStim(__class__=<class 'psychopy.visual.image.ImageStim'>, anchor=('center', 'center'), autoLog=True, color=array([1., 1., 1.]), colorSpace='rgb', contrast=1.0, depth=0.0, draggable=False, flipHoriz=False, flipVert=False, image='default.png', interpolate=True, mask=None, maskParams=None, name='imageInstruct', opacity=1.0, ori=0.0, pos=array([0., 0.]), size=array([1.6    , 1.00736]), texRes=128.0, units='height', win=Window(...))
22.8598 	EXP 	window1: mouseVisible = True
22.8599 	EXP 	window1: mouseVisible = True
22.8603 	EXP 	window1: mouseVisible = True
22.8607 	EXP 	window1: mouseVisible = True
22.8744 	EXP 	window1: mouseVisible = True
22.8745 	EXP 	window1: mouseVisible = True
22.8749 	EXP 	window1: mouseVisible = True
22.8753 	EXP 	window1: mouseVisible = True
22.8866 	EXP 	window1: mouseVisible = True
22.8868 	EXP 	window1: mouseVisible = True
22.8870 	EXP 	window1: mouseVisible = True
22.8874 	EXP 	window1: mouseVisible = True
22.8878 	EXP 	window1: mouseVisible = True
22.8985 	EXP 	window1: mouseVisible = True
22.8986 	EXP 	window1: mouseVisible = True
22.8990 	EXP 	window1: mouseVisible = True
22.8994 	EXP 	window1: mouseVisible = True
22.9028 	EXP 	window1: mouseVisible = True
22.9029 	EXP 	window1: mouseVisible = True
22.9653 	EXP 	Created text_8 = TextStim(__class__=<class 'psychopy.visual.text.TextStim'>, alignHoriz=method-wrapper(...), alignText='center', alignVert=method-wrapper(...), anchorHoriz='center', anchorVert='center', antialias=True, autoDraw=False, autoLog=True, bold=False, color=array([1., 1., 1.]), colorSpace='rgb', contrast=1.0, depth=0.0, draggable=False, flipHoriz=False, flipVert=False, font='Open Sans', fontFiles=[], height=0.05, italic=False, languageStyle='LTR', name='text_8', opacity=1.0, ori=0.0, pos=array([0., 0.]), rgb=UNKNOWN, text=str(...), units='height', win=Window(...), wrapWidth=1)
22.9655 	EXP 	window1: mouseVisible = True
22.9657 	EXP 	window1: mouseVisible = True
22.9661 	EXP 	window1: mouseVisible = True
22.9665 	EXP 	window1: mouseVisible = True
22.9892 	EXP 	window1: mouseVisible = True
22.9894 	EXP 	window1: mouseVisible = True
22.9898 	EXP 	window1: mouseVisible = True
22.9902 	EXP 	window1: mouseVisible = True
23.0000 	EXP 	window1: mouseVisible = True
23.0002 	EXP 	window1: mouseVisible = True
23.0004 	EXP 	window1: mouseVisible = True
23.0008 	EXP 	window1: mouseVisible = True
23.0012 	EXP 	window1: mouseVisible = True
23.0095 	EXP 	window1: mouseVisible = True
23.0097 	EXP 	window1: mouseVisible = True
23.0101 	EXP 	window1: mouseVisible = True
23.0105 	EXP 	window1: mouseVisible = True
23.0137 	EXP 	window1: mouseVisible = True
23.0138 	EXP 	window1: mouseVisible = True
23.0175 	EXP 	Created image_17 = ImageStim(__class__=<class 'psychopy.visual.image.ImageStim'>, anchor=('center', 'center'), autoLog=True, color=array([1., 1., 1.]), colorSpace='rgb', contrast=1.0, depth=-3.0, draggable=False, flipHoriz=False, flipVert=False, image='stim/ori1.png', interpolate=True, mask=None, maskParams=None, name='image_17', opacity=1.0, ori=0.0, pos=array([0.  , 0.23]), size=array([0.15, 0.15]), texRes=128.0, units='height', win=Window(...))
23.0176 	EXP 	window1: mouseVisible = True
23.0221 	EXP 	Created text_9 = TextStim(__class__=<class 'psychopy.visual.text.TextStim'>, alignHoriz=method-wrapper(...), alignText='center', alignVert=method-wrapper(...), anchorHoriz='center', anchorVert='center', antialias=True, autoDraw=False, autoLog=True, bold=False, color=array([1., 1., 1.]), colorSpace='rgb', contrast=1.0, depth=0.0, draggable=False, flipHoriz=False, flipVert=False, font='Open Sans', fontFiles=[], height=0.05, italic=False, languageStyle='LTR', name='text_9', opacity=1.0, ori=0.0, pos=array([0., 0.]), rgb=UNKNOWN, text=str(...), units='height', win=Window(...), wrapWidth=1)
23.0223 	EXP 	window1: mouseVisible = True
23.0224 	EXP 	window1: mouseVisible = True
23.0228 	EXP 	window1: mouseVisible = True
23.0232 	EXP 	window1: mouseVisible = True
23.0270 	EXP 	window1: mouseVisible = True
23.0271 	EXP 	window1: mouseVisible = True
23.0275 	EXP 	window1: mouseVisible = True
23.0279 	EXP 	window1: mouseVisible = True
23.0312 	EXP 	window1: mouseVisible = True
23.0314 	EXP 	window1: mouseVisible = True
23.0315 	EXP 	window1: mouseVisible = True
23.0319 	EXP 	window1: mouseVisible = True
23.0323 	EXP 	window1: mouseVisible = True
23.0360 	EXP 	window1: mouseVisible = True
23.0361 	EXP 	window1: mouseVisible = True
23.0365 	EXP 	window1: mouseVisible = True
23.0369 	EXP 	window1: mouseVisible = True
23.0402 	EXP 	window1: mouseVisible = True
23.0402 	EXP 	window1: mouseVisible = True
23.0440 	EXP 	Created image_18 = ImageStim(__class__=<class 'psychopy.visual.image.ImageStim'>, anchor=('center', 'center'), autoLog=True, color=array([1., 1., 1.]), colorSpace='rgb', contrast=1.0, depth=-3.0, draggable=False, flipHoriz=False, flipVert=False, image='stim/obj2.png', interpolate=True, mask=None, maskParams=None, name='image_18', opacity=1.0, ori=0.0, pos=array([0.  , 0.23]), size=array([0.15, 0.15]), texRes=128.0, units='height', win=Window(...))
23.0441 	EXP 	window1: mouseVisible = True
23.0488 	EXP 	Created text_10 = TextStim(__class__=<class 'psychopy.visual.text.TextStim'>, alignHoriz=method-wrapper(...), alignText='center', alignVert=method-wrapper(...), anchorHoriz='center', anchorVert='center', antialias=True, autoDraw=False, autoLog=True, bold=False, color=array([1., 1., 1.]), colorSpace='rgb', contrast=1.0, depth=0.0, draggable=False, flipHoriz=False, flipVert=False, font='Open Sans', fontFiles=[], height=0.05, italic=False, languageStyle='LTR', name='text_10', opacity=1.0, ori=0.0, pos=array([0., 0.]), rgb=UNKNOWN, text=str(...), units='height', win=Window(...), wrapWidth=1)
23.0490 	EXP 	window1: mouseVisible = True
23.0491 	EXP 	window1: mouseVisible = True
23.0495 	EXP 	window1: mouseVisible = True
23.0499 	EXP 	window1: mouseVisible = True
23.0536 	EXP 	window1: mouseVisible = True
23.0538 	EXP 	window1: mouseVisible = True
23.0542 	EXP 	window1: mouseVisible = True
23.0545 	EXP 	window1: mouseVisible = True
23.0577 	EXP 	window1: mouseVisible = True
23.0579 	EXP 	window1: mouseVisible = True
23.0580 	EXP 	window1: mouseVisible = True
23.0584 	EXP 	window1: mouseVisible = True
23.0588 	EXP 	window1: mouseVisible = True
23.0626 	EXP 	window1: mouseVisible = True
23.0627 	EXP 	window1: mouseVisible = True
23.0632 	EXP 	window1: mouseVisible = True
23.0635 	EXP 	window1: mouseVisible = True
23.0667 	EXP 	window1: mouseVisible = True
23.0668 	EXP 	window1: mouseVisible = True
23.0706 	EXP 	Created image_19 = ImageStim(__class__=<class 'psychopy.visual.image.ImageStim'>, anchor=('center', 'center'), autoLog=True, color=array([1., 1., 1.]), colorSpace='rgb', contrast=1.0, depth=-3.0, draggable=False, flipHoriz=False, flipVert=False, image='stim/ori2.png', interpolate=True, mask=None, maskParams=None, name='image_19', opacity=1.0, ori=0.0, pos=array([0.  , 0.23]), size=array([0.15, 0.15]), texRes=128.0, units='height', win=Window(...))
23.0707 	EXP 	window1: mouseVisible = True
23.0752 	EXP 	Created text_11 = TextStim(__class__=<class 'psychopy.visual.text.TextStim'>, alignHoriz=method-wrapper(...), alignText='center', alignVert=method-wrapper(...), anchorHoriz='center', anchorVert='center', antialias=True, autoDraw=False, autoLog=True, bold=False, color=array([1., 1., 1.]), colorSpace='rgb', contrast=1.0, depth=0.0, draggable=False, flipHoriz=False, flipVert=False, font='Open Sans', fontFiles=[], height=0.05, italic=False, languageStyle='LTR', name='text_11', opacity=1.0, ori=0.0, pos=array([0., 0.]), rgb=UNKNOWN, text=str(...), units='height', win=Window(...), wrapWidth=1)
23.0754 	EXP 	window1: mouseVisible = True
23.0755 	EXP 	window1: mouseVisible = True
23.0759 	EXP 	window1: mouseVisible = True
23.0763 	EXP 	window1: mouseVisible = True
23.0801 	EXP 	window1: mouseVisible = True
23.0803 	EXP 	window1: mouseVisible = True
23.0807 	EXP 	window1: mouseVisible = True
23.0811 	EXP 	window1: mouseVisible = True
23.0842 	EXP 	window1: mouseVisible = True
23.0844 	EXP 	window1: mouseVisible = True
23.0845 	EXP 	window1: mouseVisible = True
23.0849 	EXP 	window1: mouseVisible = True
23.0854 	EXP 	window1: mouseVisible = True
23.0892 	EXP 	window1: mouseVisible = True
23.0893 	EXP 	window1: mouseVisible = True
23.0897 	EXP 	window1: mouseVisible = True
23.0901 	EXP 	window1: mouseVisible = True
23.0936 	EXP 	window1: mouseVisible = True
23.0937 	EXP 	window1: mouseVisible = True
23.0979 	EXP 	Created image_20 = ImageStim(__class__=<class 'psychopy.visual.image.ImageStim'>, anchor=('center', 'center'), autoLog=True, color=array([1., 1., 1.]), colorSpace='rgb', contrast=1.0, depth=-3.0, draggable=False, flipHoriz=False, flipVert=False, image='stim/obj1.png', interpolate=True, mask=None, maskParams=None, name='image_20', opacity=1.0, ori=0.0, pos=array([0.  , 0.23]), size=array([0.15, 0.15]), texRes=128.0, units='height', win=Window(...))
23.0980 	EXP 	window1: mouseVisible = True
23.1070 	EXP 	Created imageInstruct_2 = ImageStim(__class__=<class 'psychopy.visual.image.ImageStim'>, anchor=('center', 'center'), autoLog=True, color=array([1., 1., 1.]), colorSpace='rgb', contrast=1.0, depth=0.0, draggable=False, flipHoriz=False, flipVert=False, image='default.png', interpolate=True, mask=None, maskParams=None, name='imageInstruct_2', opacity=1.0, ori=0.0, pos=array([0., 0.]), size=array([1.6    , 1.00736]), texRes=128.0, units='height', win=Window(...))
23.1072 	EXP 	window1: mouseVisible = True
23.1073 	EXP 	window1: mouseVisible = True
23.1077 	EXP 	window1: mouseVisible = True
23.1081 	EXP 	window1: mouseVisible = True
23.1118 	EXP 	window1: mouseVisible = True
23.1119 	EXP 	window1: mouseVisible = True
23.1123 	EXP 	window1: mouseVisible = True
23.1127 	EXP 	window1: mouseVisible = True
23.1160 	EXP 	window1: mouseVisible = True
23.1162 	EXP 	window1: mouseVisible = True
23.1163 	EXP 	window1: mouseVisible = True
23.1167 	EXP 	window1: mouseVisible = True
23.1171 	EXP 	window1: mouseVisible = True
23.1207 	EXP 	window1: mouseVisible = True
23.1209 	EXP 	window1: mouseVisible = True
23.1213 	EXP 	window1: mouseVisible = True
23.1217 	EXP 	window1: mouseVisible = True
23.1250 	EXP 	window1: mouseVisible = True
23.1251 	EXP 	window1: mouseVisible = True
23.1348 	EXP 	Created text = TextStim(__class__=<class 'psychopy.visual.text.TextStim'>, alignHoriz=method-wrapper(...), alignText='center', alignVert=method-wrapper(...), anchorHoriz='center', anchorVert='center', antialias=True, autoDraw=False, autoLog=True, bold=False, color=array([1., 1., 1.]), colorSpace='rgb', contrast=1.0, depth=0.0, draggable=False, flipHoriz=False, flipVert=False, font='Open Sans', fontFiles=[], height=0.05, italic=False, languageStyle='LTR', name='text', opacity=1.0, ori=0.0, pos=array([0., 0.]), rgb=UNKNOWN, text='The experiment will begin soon. Get ready!', units='height', win=Window(...), wrapWidth=1)
23.1350 	EXP 	window1: mouseVisible = True
23.1441 	EXP 	Created cue = ImageStim(__class__=<class 'psychopy.visual.image.ImageStim'>, anchor=('center', 'center'), autoLog=True, color=array([1., 1., 1.]), colorSpace='rgb', contrast=1.0, depth=0.0, draggable=False, flipHoriz=False, flipVert=False, image='default.png', interpolate=True, mask=None, maskParams=None, name='cue', opacity=1.0, ori=0.0, pos=array([0., 0.]), size=array([0.15, 0.15]), texRes=128.0, units='height', win=Window(...))
23.1442 	EXP 	window1: mouseVisible = True
23.1530 	EXP 	Created image = ImageStim(__class__=<class 'psychopy.visual.image.ImageStim'>, anchor=('center', 'center'), autoLog=True, color=array([1., 1., 1.]), colorSpace='rgb', contrast=1.0, depth=0.0, draggable=False, flipHoriz=False, flipVert=False, image='default.png', interpolate=True, mask=None, maskParams=None, name='image', opacity=1.0, ori=0.0, pos=array([0., 0.]), size=array([0.5, 0.5]), texRes=128.0, units='height', win=Window(...))
23.1531 	EXP 	window1: mouseVisible = True
23.1550 	EXP 	Created fixCrossR_2 = ShapeStim(__class__=<class 'psychopy.visual.shape.ShapeStim'>, anchor=('center', 'center'), autoDraw=False, autoLog=True, closeShape=True, color=method-wrapper(...), colorSpace='rgb', contrast=None, depth=-1.0, draggable=False, fillColor=array([-1, -1, -1]), fillColorSpace='rgb', fillRGB=array([-1, -1, -1]), interpolate=True, lineColor=array([-1., -1., -1.]), lineColorSpace='rgb', lineRGB=array([-1, -1, -1]), lineWidth=1.0, name='fixCrossR_2', opacity=1.0, ori=0.0, pos=array([0., 0.]), size=array([0.02, 0.02]), units='height', vertices=ndarray(...), win=Window(...), windingRule=None)
23.1551 	EXP 	window1: mouseVisible = True
23.1567 	EXP 	Created fixCrossR_4 = ShapeStim(__class__=<class 'psychopy.visual.shape.ShapeStim'>, anchor=('center', 'center'), autoDraw=False, autoLog=True, closeShape=True, color=method-wrapper(...), colorSpace='rgb', contrast=None, depth=0.0, draggable=False, fillColor=array([-1, -1, -1]), fillColorSpace='rgb', fillRGB=array([-1, -1, -1]), interpolate=True, lineColor=array([-1., -1., -1.]), lineColorSpace='rgb', lineRGB=array([-1, -1, -1]), lineWidth=1.0, name='fixCrossR_4', opacity=1.0, ori=0.0, pos=array([0., 0.]), size=array([0.02, 0.02]), units='height', vertices=ndarray(...), win=Window(...), windingRule=None)
23.1568 	EXP 	window1: mouseVisible = True
23.1585 	EXP 	Created fixCross = ShapeStim(__class__=<class 'psychopy.visual.shape.ShapeStim'>, anchor=('center', 'center'), autoDraw=False, autoLog=True, closeShape=True, color=method-wrapper(...), colorSpace='rgb', contrast=None, depth=0.0, draggable=False, fillColor=array([1, 1, 1]), fillColorSpace='rgb', fillRGB=array([1, 1, 1]), interpolate=True, lineColor=array([1., 1., 1.]), lineColorSpace='rgb', lineRGB=array([1, 1, 1]), lineWidth=1.0, name='fixCross', opacity=1.0, ori=0.0, pos=array([0., 0.]), size=array([0.02, 0.02]), units='height', vertices=ndarray(...), win=Window(...), windingRule=None)
23.1586 	EXP 	window1: mouseVisible = True
23.1603 	EXP 	Created text1 = TextStim(__class__=<class 'psychopy.visual.text.TextStim'>, alignHoriz=method-wrapper(...), alignText='center', alignVert=method-wrapper(...), anchorHoriz='center', anchorVert='center', antialias=True, autoDraw=False, autoLog=True, bold=False, color=array([1., 1., 1.]), colorSpace='rgb', contrast=1.0, depth=-1.0, draggable=False, flipHoriz=False, flipVert=False, font='Open Sans', fontFiles=[], height=0.05, italic=False, languageStyle='LTR', name='text1', opacity=1.0, ori=0.0, pos=array([-0.5,  0.1]), rgb=UNKNOWN, text='', units='norm', win=Window(...), wrapWidth=1)
23.1604 	EXP 	window1: mouseVisible = True
23.1613 	EXP 	Created text2 = TextStim(__class__=<class 'psychopy.visual.text.TextStim'>, alignHoriz=method-wrapper(...), alignText='center', alignVert=method-wrapper(...), anchorHoriz='center', anchorVert='center', antialias=True, autoDraw=False, autoLog=True, bold=False, color=array([1., 1., 1.]), colorSpace='rgb', contrast=1.0, depth=-2.0, draggable=False, flipHoriz=False, flipVert=False, font='Open Sans', fontFiles=[], height=0.05, italic=False, languageStyle='LTR', name='text2', opacity=1.0, ori=0.0, pos=array([-0.1666,  0.1   ]), rgb=UNKNOWN, text='', units='norm', win=Window(...), wrapWidth=1)
23.1614 	EXP 	window1: mouseVisible = True
23.1623 	EXP 	Created text3 = TextStim(__class__=<class 'psychopy.visual.text.TextStim'>, alignHoriz=method-wrapper(...), alignText='center', alignVert=method-wrapper(...), anchorHoriz='center', anchorVert='center', antialias=True, autoDraw=False, autoLog=True, bold=False, color=array([1., 1., 1.]), colorSpace='rgb', contrast=1.0, depth=-3.0, draggable=False, flipHoriz=False, flipVert=False, font='Open Sans', fontFiles=[], height=0.05, italic=False, languageStyle='LTR', name='text3', opacity=1.0, ori=0.0, pos=array([0.166, 0.1  ]), rgb=UNKNOWN, text='', units='norm', win=Window(...), wrapWidth=1)
23.1624 	EXP 	window1: mouseVisible = True
23.1633 	EXP 	Created text4 = TextStim(__class__=<class 'psychopy.visual.text.TextStim'>, alignHoriz=method-wrapper(...), alignText='center', alignVert=method-wrapper(...), anchorHoriz='center', anchorVert='center', antialias=True, autoDraw=False, autoLog=True, bold=False, color=array([1., 1., 1.]), colorSpace='rgb', contrast=1.0, depth=-4.0, draggable=False, flipHoriz=False, flipVert=False, font='Open Sans', fontFiles=[], height=0.05, italic=False, languageStyle='LTR', name='text4', opacity=1.0, ori=0.0, pos=array([0.5, 0.1]), rgb=UNKNOWN, text='', units='norm', win=Window(...), wrapWidth=1)
23.1633 	EXP 	window1: mouseVisible = True
23.1642 	EXP 	Created text5 = TextStim(__class__=<class 'psychopy.visual.text.TextStim'>, alignHoriz=method-wrapper(...), alignText='center', alignVert=method-wrapper(...), anchorHoriz='center', anchorVert='center', antialias=True, autoDraw=False, autoLog=True, bold=False, color=array([1., 1., 1.]), colorSpace='rgb', contrast=1.0, depth=-5.0, draggable=False, flipHoriz=False, flipVert=False, font='Open Sans', fontFiles=[], height=0.05, italic=False, languageStyle='LTR', name='text5', opacity=1.0, ori=0.0, pos=array([-0.5, -0.1]), rgb=UNKNOWN, text='', units='norm', win=Window(...), wrapWidth=1)
23.1643 	EXP 	window1: mouseVisible = True
23.1652 	EXP 	Created text6 = TextStim(__class__=<class 'psychopy.visual.text.TextStim'>, alignHoriz=method-wrapper(...), alignText='center', alignVert=method-wrapper(...), anchorHoriz='center', anchorVert='center', antialias=True, autoDraw=False, autoLog=True, bold=False, color=array([1., 1., 1.]), colorSpace='rgb', contrast=1.0, depth=-6.0, draggable=False, flipHoriz=False, flipVert=False, font='Open Sans', fontFiles=[], height=0.05, italic=False, languageStyle='LTR', name='text6', opacity=1.0, ori=0.0, pos=array([-0.1666, -0.1   ]), rgb=UNKNOWN, text='', units='norm', win=Window(...), wrapWidth=1)
23.1653 	EXP 	window1: mouseVisible = True
23.1662 	EXP 	Created text7 = TextStim(__class__=<class 'psychopy.visual.text.TextStim'>, alignHoriz=method-wrapper(...), alignText='center', alignVert=method-wrapper(...), anchorHoriz='center', anchorVert='center', antialias=True, autoDraw=False, autoLog=True, bold=False, color=array([1., 1., 1.]), colorSpace='rgb', contrast=1.0, depth=-7.0, draggable=False, flipHoriz=False, flipVert=False, font='Open Sans', fontFiles=[], height=0.05, italic=False, languageStyle='LTR', name='text7', opacity=1.0, ori=0.0, pos=array([ 0.1666, -0.1   ]), rgb=UNKNOWN, text='', units='norm', win=Window(...), wrapWidth=1)
23.1663 	EXP 	window1: mouseVisible = True
23.1672 	EXP 	Created text8 = TextStim(__class__=<class 'psychopy.visual.text.TextStim'>, alignHoriz=method-wrapper(...), alignText='center', alignVert=method-wrapper(...), anchorHoriz='center', anchorVert='center', antialias=True, autoDraw=False, autoLog=True, bold=False, color=array([1., 1., 1.]), colorSpace='rgb', contrast=1.0, depth=-8.0, draggable=False, flipHoriz=False, flipVert=False, font='Open Sans', fontFiles=[], height=0.05, italic=False, languageStyle='LTR', name='text8', opacity=1.0, ori=0.0, pos=array([ 0.5, -0.1]), rgb=UNKNOWN, text='', units='norm', win=Window(...), wrapWidth=1)
23.1673 	EXP 	window1: mouseVisible = True
23.1683 	EXP 	Created num1 = TextStim(__class__=<class 'psychopy.visual.text.TextStim'>, alignHoriz=method-wrapper(...), alignText='center', alignVert=method-wrapper(...), anchorHoriz='center', anchorVert='center', antialias=True, autoDraw=False, autoLog=True, bold=False, color=array([1., 1., 1.]), colorSpace='rgb', contrast=1.0, depth=-10.0, draggable=False, flipHoriz=False, flipVert=False, font='Open Sans', fontFiles=[], height=0.1, italic=False, languageStyle='LTR', name='num1', opacity=1.0, ori=0.0, pos=array([-0.5,  0.3]), rgb=UNKNOWN, text='', units='norm', win=Window(...), wrapWidth=1)
23.1683 	EXP 	window1: mouseVisible = True
23.1692 	EXP 	Created num2 = TextStim(__class__=<class 'psychopy.visual.text.TextStim'>, alignHoriz=method-wrapper(...), alignText='center', alignVert=method-wrapper(...), anchorHoriz='center', anchorVert='center', antialias=True, autoDraw=False, autoLog=True, bold=False, color=array([1., 1., 1.]), colorSpace='rgb', contrast=1.0, depth=-11.0, draggable=False, flipHoriz=False, flipVert=False, font='Open Sans', fontFiles=[], height=0.1, italic=False, languageStyle='LTR', name='num2', opacity=1.0, ori=0.0, pos=array([-0.1666,  0.3   ]), rgb=UNKNOWN, text='', units='norm', win=Window(...), wrapWidth=1)
23.1693 	EXP 	window1: mouseVisible = True
23.1702 	EXP 	Created num3 = TextStim(__class__=<class 'psychopy.visual.text.TextStim'>, alignHoriz=method-wrapper(...), alignText='center', alignVert=method-wrapper(...), anchorHoriz='center', anchorVert='center', antialias=True, autoDraw=False, autoLog=True, bold=False, color=array([1., 1., 1.]), colorSpace='rgb', contrast=1.0, depth=-12.0, draggable=False, flipHoriz=False, flipVert=False, font='Open Sans', fontFiles=[], height=0.1, italic=False, languageStyle='LTR', name='num3', opacity=1.0, ori=0.0, pos=array([0.1666, 0.3   ]), rgb=UNKNOWN, text='', units='norm', win=Window(...), wrapWidth=1)
23.1703 	EXP 	window1: mouseVisible = True
23.1712 	EXP 	Created num4 = TextStim(__class__=<class 'psychopy.visual.text.TextStim'>, alignHoriz=method-wrapper(...), alignText='center', alignVert=method-wrapper(...), anchorHoriz='center', anchorVert='center', antialias=True, autoDraw=False, autoLog=True, bold=False, color=array([1., 1., 1.]), colorSpace='rgb', contrast=1.0, depth=-13.0, draggable=False, flipHoriz=False, flipVert=False, font='Open Sans', fontFiles=[], height=0.1, italic=False, languageStyle='LTR', name='num4', opacity=1.0, ori=0.0, pos=array([0.5, 0.3]), rgb=UNKNOWN, text='', units='norm', win=Window(...), wrapWidth=1)
23.1713 	EXP 	window1: mouseVisible = True
23.1730 	EXP 	Created fixCrossR = ShapeStim(__class__=<class 'psychopy.visual.shape.ShapeStim'>, anchor=('center', 'center'), autoDraw=False, autoLog=True, closeShape=True, color=method-wrapper(...), colorSpace='rgb', contrast=None, depth=0.0, draggable=False, fillColor=array([-1, -1, -1]), fillColorSpace='rgb', fillRGB=array([-1, -1, -1]), interpolate=True, lineColor=array([-1., -1., -1.]), lineColorSpace='rgb', lineRGB=array([-1, -1, -1]), lineWidth=1.0, name='fixCrossR', opacity=1.0, ori=0.0, pos=array([0., 0.]), size=array([0.02, 0.02]), units='height', vertices=ndarray(...), win=Window(...), windingRule=None)
23.1731 	EXP 	window1: mouseVisible = True
23.1743 	EXP 	Created text_total = TextStim(__class__=<class 'psychopy.visual.text.TextStim'>, alignHoriz=method-wrapper(...), alignText='center', alignVert=method-wrapper(...), anchorHoriz='center', anchorVert='center', antialias=True, autoDraw=False, autoLog=True, bold=False, color=array([1., 1., 1.]), colorSpace='rgb', contrast=1.0, depth=-1.0, draggable=False, flipHoriz=False, flipVert=False, font='Open Sans', fontFiles=[], height=0.05, italic=False, languageStyle='LTR', name='text_total', opacity=1.0, ori=0.0, pos=array([0., 0.]), rgb=UNKNOWN, text='', units='height', win=Window(...), wrapWidth=1)
23.1744 	EXP 	window1: mouseVisible = True
23.1757 	EXP 	Created text_acc = TextStim(__class__=<class 'psychopy.visual.text.TextStim'>, alignHoriz=method-wrapper(...), alignText='center', alignVert=method-wrapper(...), anchorHoriz='center', anchorVert='center', antialias=True, autoDraw=False, autoLog=True, bold=False, color=array([1., 1., 1.]), colorSpace='rgb', contrast=1.0, depth=-2.0, draggable=False, flipHoriz=False, flipVert=False, font='Open Sans', fontFiles=[], height=0.05, italic=False, languageStyle='LTR', name='text_acc', opacity=1.0, ori=0.0, pos=array([ 0. , -0.3]), rgb=UNKNOWN, text='', units='height', win=Window(...), wrapWidth=1)
23.1758 	EXP 	window1: mouseVisible = True
23.1822 	EXP 	Created text_17 = TextStim(__class__=<class 'psychopy.visual.text.TextStim'>, alignHoriz=method-wrapper(...), alignText='center', alignVert=method-wrapper(...), anchorHoriz='center', anchorVert='center', antialias=True, autoDraw=False, autoLog=True, bold=False, color=array([1., 1., 1.]), colorSpace='rgb', contrast=1.0, depth=0.0, draggable=False, flipHoriz=False, flipVert=False, font='Open Sans', fontFiles=[], height=0.05, italic=False, languageStyle='LTR', name='text_17', opacity=1.0, ori=0.0, pos=array([0., 0.]), rgb=UNKNOWN, text='End of the run, please relax for a moment.', units='height', win=Window(...), wrapWidth=1)
0.0042 	DATA 	Mouse: Left button down, pos=(1356,866)
0.0047 	DATA 	Mouse:  Left button up, pos=(1357,866)
0.0252 	EXP 	Created sequence: random, trialTypes=1, nReps=0, seed=None
0.0405 	EXP 	text: autoDraw = True
1.0759 	DATA 	Keypress: space
1.3806 	EXP 	Imported trialMatrices/trialMatrix_s44_2.xlsx as conditions, 64 conditions, 14 params
1.3814 	EXP 	Created sequence: sequential, trialTypes=64, nReps=1, seed=None
1.3816 	EXP 	New trial (rep=0, index=0): {'category': 'horse', 'orientation': 3, 'taskCue': 'stim//obj1.png', 'stimfile': 'stim//horse3.png', 'resp1': 'Shoe', 'resp2': 'Turtle', 'resp3': 'Car', 'resp4': 'Horse', 'resp5': 'Full Left', 'resp6': 'Half Right', 'resp7': 'Full Right', 'resp8': 'Half Left', 'objFirst': 'True', 'interval': 2.275}
1.3849 	DATA 	Keypress: 5
1.3901 	EXP 	text: autoDraw = False
1.3901 	EXP 	cue: image = 'stim//obj1.png'
1.3901 	EXP 	cue: autoDraw = True
2.3753 	EXP 	Created sequence: random, trialTypes=1, nReps=3, seed=None
2.3756 	EXP 	New trial (rep=0, index=0): None
2.5749 	EXP 	cue: autoDraw = False
2.5749 	EXP 	image: image = 'stim//horse3.png'
2.5749 	EXP 	image: autoDraw = True
2.5749 	EXP 	fixCrossR_2: autoDraw = True
2.8250 	EXP 	image: autoDraw = False
2.8250 	EXP 	fixCrossR_2: autoDraw = False
2.8250 	EXP 	image: autoDraw = False
2.8250 	EXP 	fixCrossR_2: autoDraw = False
2.8250 	EXP 	fixCrossR_4: autoDraw = True
3.0602 	EXP 	New trial (rep=1, index=0): None
3.1752 	EXP 	fixCrossR_4: autoDraw = False
3.1752 	EXP 	fixCrossR_4: autoDraw = False
3.1752 	EXP 	image: image = 'stim//horse3.png'
3.1752 	EXP 	image: autoDraw = True
3.1752 	EXP 	fixCrossR_2: autoDraw = True
3.4255 	EXP 	image: autoDraw = False
3.4255 	EXP 	fixCrossR_2: autoDraw = False
3.4255 	EXP 	image: autoDraw = False
3.4255 	EXP 	fixCrossR_2: autoDraw = False
3.4255 	EXP 	fixCrossR_4: autoDraw = True
3.6604 	EXP 	New trial (rep=2, index=0): None
3.8426 	EXP 	fixCrossR_4: autoDraw = False
3.8426 	EXP 	fixCrossR_4: autoDraw = False
3.8426 	EXP 	image: image = 'stim//horse3.png'
3.8426 	EXP 	image: autoDraw = True
3.8426 	EXP 	fixCrossR_2: autoDraw = True
4.0927 	EXP 	image: autoDraw = False
4.0927 	EXP 	fixCrossR_2: autoDraw = False
4.0927 	EXP 	image: autoDraw = False
4.0927 	EXP 	fixCrossR_2: autoDraw = False
4.0927 	EXP 	fixCrossR_4: autoDraw = True
4.4093 	EXP 	fixCrossR_4: autoDraw = False
4.4093 	EXP 	fixCrossR_4: autoDraw = False
4.4093 	EXP 	fixCross: fillColor = <psychopy.colors.Color: black, alpha=1.0>
4.4093 	EXP 	fixCross: borderColor = <psychopy.colors.Color: black, alpha=1.0>
4.4093 	EXP 	text1: foreColor = <psychopy.colors.Color: white, alpha=1.0>
4.4093 	EXP 	text1: height = 0.05
4.4093 	EXP 	text1: height = 0.05
4.4093 	EXP 	text1: height = 0.05
4.4093 	EXP 	text1: text = 'Shoe'
4.4093 	EXP 	text2: foreColor = <psychopy.colors.Color: white, alpha=1.0>
4.4093 	EXP 	text2: height = 0.05
4.4093 	EXP 	text2: height = 0.05
4.4093 	EXP 	text2: height = 0.05
4.4093 	EXP 	text2: text = 'Turtle'
4.4093 	EXP 	text3: foreColor = <psychopy.colors.Color: white, alpha=1.0>
4.4093 	EXP 	text3: height = 0.05
4.4093 	EXP 	text3: height = 0.05
4.4093 	EXP 	text3: height = 0.05
4.4093 	EXP 	text3: text = 'Car'
4.4093 	EXP 	text4: foreColor = <psychopy.colors.Color: white, alpha=1.0>
4.4093 	EXP 	text4: height = 0.05
4.4093 	EXP 	text4: height = 0.05
4.4093 	EXP 	text4: height = 0.05
4.4093 	EXP 	text4: text = 'Horse'
4.4093 	EXP 	text5: foreColor = <psychopy.colors.Color: white, alpha=1.0>
4.4093 	EXP 	text5: height = 0.05
4.4093 	EXP 	text5: height = 0.05
4.4093 	EXP 	text5: height = 0.05
4.4093 	EXP 	text5: text = 'Full Left'
4.4093 	EXP 	text6: foreColor = <psychopy.colors.Color: white, alpha=1.0>
4.4093 	EXP 	text6: height = 0.05
4.4093 	EXP 	text6: height = 0.05
4.4093 	EXP 	text6: height = 0.05
4.4093 	EXP 	text6: text = 'Half Right'
4.4093 	EXP 	text7: foreColor = <psychopy.colors.Color: white, alpha=1.0>
4.4093 	EXP 	text7: height = 0.05
4.4093 	EXP 	text7: height = 0.05
4.4093 	EXP 	text7: height = 0.05
4.4093 	EXP 	text7: text = 'Full Right'
4.4093 	EXP 	text8: foreColor = <psychopy.colors.Color: white, alpha=1.0>
4.4093 	EXP 	text8: height = 0.05
4.4093 	EXP 	text8: height = 0.05
4.4093 	EXP 	text8: height = 0.05
4.4093 	EXP 	text8: text = 'Half Left'
4.4093 	EXP 	num1: foreColor = <psychopy.colors.Color: white, alpha=1.0>
4.4093 	EXP 	num1: height = 0.1
4.4093 	EXP 	num1: height = 0.1
4.4093 	EXP 	num1: height = 0.1
4.4093 	EXP 	num1: text = '1'
4.4093 	EXP 	num2: foreColor = <psychopy.colors.Color: white, alpha=1.0>
4.4093 	EXP 	num2: height = 0.1
4.4093 	EXP 	num2: height = 0.1
4.4093 	EXP 	num2: height = 0.1
4.4093 	EXP 	num2: text = '2'
4.4093 	EXP 	num3: foreColor = <psychopy.colors.Color: white, alpha=1.0>
4.4093 	EXP 	num3: height = 0.1
4.4093 	EXP 	num3: height = 0.1
4.4093 	EXP 	num3: height = 0.1
4.4093 	EXP 	num3: text = '3'
4.4093 	EXP 	num4: foreColor = <psychopy.colors.Color: white, alpha=1.0>
4.4093 	EXP 	num4: height = 0.1
4.4093 	EXP 	num4: height = 0.1
4.4093 	EXP 	num4: height = 0.1
4.4093 	EXP 	num4: text = '4'
4.4093 	EXP 	fixCross: autoDraw = True
4.4093 	EXP 	text1: autoDraw = True
4.4093 	EXP 	text2: autoDraw = True
4.4093 	EXP 	text3: autoDraw = True
4.4093 	EXP 	text4: autoDraw = True
4.4093 	EXP 	text5: autoDraw = True
4.4093 	EXP 	text6: autoDraw = True
4.4093 	EXP 	text7: autoDraw = True
4.4093 	EXP 	text8: autoDraw = True
4.4093 	EXP 	num1: autoDraw = True
4.4093 	EXP 	num2: autoDraw = True
4.4093 	EXP 	num3: autoDraw = True
4.4093 	EXP 	num4: autoDraw = True
5.5451 	DATA 	Keypress: 4
5.5605 	EXP 	fixCross: foreColor = <psychopy.colors.Color: (1.0, 0.0, 1.0, 1.0)>
5.5605 	EXP 	fixCross: borderColor = <psychopy.colors.Color: (1.0, 0.0, 1.0, 1.0)>
5.5605 	EXP 	fixCross: fillColor = <psychopy.colors.Color: (1.0, 0.0, 1.0, 1.0)>
5.5605 	EXP 	text4: foreColor = <psychopy.colors.Color: (1.0, 0.0, 1.0, 1.0)>
5.5605 	EXP 	text8: foreColor = <psychopy.colors.Color: (1.0, 0.0, 1.0, 1.0)>
5.5605 	EXP 	num4: foreColor = <psychopy.colors.Color: (1.0, 0.0, 1.0, 1.0)>
7.3455 	EXP 	fixCross: autoDraw = False
7.3455 	EXP 	text1: autoDraw = False
7.3455 	EXP 	text2: autoDraw = False
7.3455 	EXP 	text3: autoDraw = False
7.3455 	EXP 	text4: autoDraw = False
7.3455 	EXP 	text5: autoDraw = False
7.3455 	EXP 	text6: autoDraw = False
7.3455 	EXP 	text7: autoDraw = False
7.3455 	EXP 	text8: autoDraw = False
7.3455 	EXP 	num1: autoDraw = False
7.3455 	EXP 	num2: autoDraw = False
7.3455 	EXP 	num3: autoDraw = False
7.3455 	EXP 	num4: autoDraw = False
7.3455 	EXP 	fixCross: foreColor = <psychopy.colors.Color: transparent, alpha=1.0>
7.3455 	EXP 	fixCross: borderColor = <psychopy.colors.Color: transparent, alpha=1.0>
7.3455 	EXP 	fixCross: fillColor = <psychopy.colors.Color: transparent, alpha=1.0>
7.3455 	EXP 	text_total: text = ''
7.3455 	EXP 	text_total: height = 0.05
7.3455 	EXP 	text_total: height = 0.05
7.3455 	EXP 	text_total: height = 0.05
7.3455 	EXP 	text_total: text = 'Total: 1'
7.3455 	EXP 	text_acc: height = 0.05
7.3455 	EXP 	text_acc: height = 0.05
7.3455 	EXP 	text_acc: height = 0.05
7.3455 	EXP 	text_acc: text = 'Accuracy: 0.0'
7.3455 	EXP 	fixCrossR: autoDraw = True
7.3455 	EXP 	text_total: autoDraw = True
7.3455 	EXP 	text_acc: autoDraw = True
8.5465 	EXP 	text_total: autoDraw = False
8.5465 	EXP 	text_acc: autoDraw = False
9.6149 	EXP 	New trial (rep=0, index=1): {'category': 'turtle', 'orientation': 1, 'taskCue': 'stim//obj1.png', 'stimfile': 'stim//turtle1.png', 'resp1': 'Half Right', 'resp2': 'Full Left', 'resp3': 'Half Left', 'resp4': 'Full Right', 'resp5': 'Horse', 'resp6': 'Turtle', 'resp7': 'Shoe', 'resp8': 'Car', 'objFirst': 'False', 'interval': 2.495}
9.6307 	EXP 	fixCrossR: autoDraw = False
9.6307 	EXP 	fixCrossR: autoDraw = False
9.6307 	EXP 	text_total: autoDraw = False
9.6307 	EXP 	text_acc: autoDraw = False
9.6307 	EXP 	cue: image = 'stim//obj1.png'
9.6307 	EXP 	cue: autoDraw = True
10.6156 	EXP 	Created sequence: random, trialTypes=1, nReps=3, seed=None
10.6158 	EXP 	New trial (rep=0, index=0): None
10.7316 	EXP 	cue: autoDraw = False
10.7316 	EXP 	image: image = 'stim//turtle1.png'
10.7316 	EXP 	image: autoDraw = True
10.7316 	EXP 	fixCrossR_2: autoDraw = True
10.9818 	EXP 	image: autoDraw = False
10.9818 	EXP 	fixCrossR_2: autoDraw = False
10.9818 	EXP 	image: autoDraw = False
10.9818 	EXP 	fixCrossR_2: autoDraw = False
10.9818 	EXP 	fixCrossR_4: autoDraw = True
11.2165 	EXP 	New trial (rep=1, index=0): None
11.3319 	EXP 	fixCrossR_4: autoDraw = False
11.3319 	EXP 	fixCrossR_4: autoDraw = False
11.3319 	EXP 	image: image = 'stim//turtle1.png'
11.3319 	EXP 	image: autoDraw = True
11.3319 	EXP 	fixCrossR_2: autoDraw = True
11.5824 	EXP 	image: autoDraw = False
11.5824 	EXP 	fixCrossR_2: autoDraw = False
11.5824 	EXP 	image: autoDraw = False
11.5824 	EXP 	fixCrossR_2: autoDraw = False
11.5824 	EXP 	fixCrossR_4: autoDraw = True
11.8170 	EXP 	New trial (rep=2, index=0): None
11.9993 	EXP 	fixCrossR_4: autoDraw = False
11.9993 	EXP 	fixCrossR_4: autoDraw = False
11.9993 	EXP 	image: image = 'stim//turtle1.png'
11.9993 	EXP 	image: autoDraw = True
11.9993 	EXP 	fixCrossR_2: autoDraw = True
12.2495 	EXP 	image: autoDraw = False
12.2495 	EXP 	fixCrossR_2: autoDraw = False
12.2495 	EXP 	image: autoDraw = False
12.2495 	EXP 	fixCrossR_2: autoDraw = False
12.2495 	EXP 	fixCrossR_4: autoDraw = True
12.5330 	EXP 	fixCrossR_4: autoDraw = False
12.5330 	EXP 	fixCrossR_4: autoDraw = False
12.5330 	EXP 	fixCross: fillColor = <psychopy.colors.Color: black, alpha=1.0>
12.5330 	EXP 	fixCross: borderColor = <psychopy.colors.Color: black, alpha=1.0>
12.5330 	EXP 	text1: foreColor = <psychopy.colors.Color: white, alpha=1.0>
12.5330 	EXP 	text1: height = 0.05
12.5330 	EXP 	text1: height = 0.05
12.5330 	EXP 	text1: height = 0.05
12.5330 	EXP 	text1: text = 'Half Right'
12.5330 	EXP 	text2: foreColor = <psychopy.colors.Color: white, alpha=1.0>
12.5330 	EXP 	text2: height = 0.05
12.5330 	EXP 	text2: height = 0.05
12.5330 	EXP 	text2: height = 0.05
12.5330 	EXP 	text2: text = 'Full Left'
12.5330 	EXP 	text3: foreColor = <psychopy.colors.Color: white, alpha=1.0>
12.5330 	EXP 	text3: height = 0.05
12.5330 	EXP 	text3: height = 0.05
12.5330 	EXP 	text3: height = 0.05
12.5330 	EXP 	text3: text = 'Half Left'
12.5330 	EXP 	text4: foreColor = <psychopy.colors.Color: white, alpha=1.0>
12.5330 	EXP 	text4: height = 0.05
12.5330 	EXP 	text4: height = 0.05
12.5330 	EXP 	text4: height = 0.05
12.5330 	EXP 	text4: text = 'Full Right'
12.5330 	EXP 	text5: foreColor = <psychopy.colors.Color: white, alpha=1.0>
12.5330 	EXP 	text5: height = 0.05
12.5330 	EXP 	text5: height = 0.05
12.5330 	EXP 	text5: height = 0.05
12.5330 	EXP 	text5: text = 'Horse'
12.5330 	EXP 	text6: foreColor = <psychopy.colors.Color: white, alpha=1.0>
12.5330 	EXP 	text6: height = 0.05
12.5330 	EXP 	text6: height = 0.05
12.5330 	EXP 	text6: height = 0.05
12.5330 	EXP 	text6: text = 'Turtle'
12.5330 	EXP 	text7: foreColor = <psychopy.colors.Color: white, alpha=1.0>
12.5330 	EXP 	text7: height = 0.05
12.5330 	EXP 	text7: height = 0.05
12.5330 	EXP 	text7: height = 0.05
12.5330 	EXP 	text7: text = 'Shoe'
12.5330 	EXP 	text8: foreColor = <psychopy.colors.Color: white, alpha=1.0>
12.5330 	EXP 	text8: height = 0.05
12.5330 	EXP 	text8: height = 0.05
12.5330 	EXP 	text8: height = 0.05
12.5330 	EXP 	text8: text = 'Car'
12.5330 	EXP 	num1: foreColor = <psychopy.colors.Color: white, alpha=1.0>
12.5330 	EXP 	num1: text = '1'
12.5330 	EXP 	num2: foreColor = <psychopy.colors.Color: white, alpha=1.0>
12.5330 	EXP 	num2: text = '2'
12.5330 	EXP 	num3: foreColor = <psychopy.colors.Color: white, alpha=1.0>
12.5330 	EXP 	num3: text = '3'
12.5330 	EXP 	num4: foreColor = <psychopy.colors.Color: white, alpha=1.0>
12.5330 	EXP 	num4: text = '4'
12.5330 	EXP 	fixCross: autoDraw = True
12.5330 	EXP 	text1: autoDraw = True
12.5330 	EXP 	text2: autoDraw = True
12.5330 	EXP 	text3: autoDraw = True
12.5330 	EXP 	text4: autoDraw = True
12.5330 	EXP 	text5: autoDraw = True
12.5330 	EXP 	text6: autoDraw = True
12.5330 	EXP 	text7: autoDraw = True
12.5330 	EXP 	text8: autoDraw = True
12.5330 	EXP 	num1: autoDraw = True
12.5330 	EXP 	num2: autoDraw = True
12.5330 	EXP 	num3: autoDraw = True
12.5330 	EXP 	num4: autoDraw = True
14.1251 	DATA 	Keypress: 2
14.1512 	EXP 	fixCross: foreColor = <psychopy.colors.Color: (1.0, 0.0, 1.0, 1.0)>
14.1512 	EXP 	fixCross: borderColor = <psychopy.colors.Color: (1.0, 0.0, 1.0, 1.0)>
14.1512 	EXP 	fixCross: fillColor = <psychopy.colors.Color: (1.0, 0.0, 1.0, 1.0)>
14.1512 	EXP 	text2: foreColor = <psychopy.colors.Color: (1.0, 0.0, 1.0, 1.0)>
14.1512 	EXP 	text6: foreColor = <psychopy.colors.Color: (1.0, 0.0, 1.0, 1.0)>
14.1512 	EXP 	num2: foreColor = <psychopy.colors.Color: (1.0, 0.0, 1.0, 1.0)>
15.5022 	EXP 	fixCross: autoDraw = False
15.5022 	EXP 	text1: autoDraw = False
15.5022 	EXP 	text2: autoDraw = False
15.5022 	EXP 	text3: autoDraw = False
15.5022 	EXP 	text4: autoDraw = False
15.5022 	EXP 	text5: autoDraw = False
15.5022 	EXP 	text6: autoDraw = False
15.5022 	EXP 	text7: autoDraw = False
15.5022 	EXP 	text8: autoDraw = False
15.5022 	EXP 	num1: autoDraw = False
15.5022 	EXP 	num2: autoDraw = False
15.5022 	EXP 	num3: autoDraw = False
15.5022 	EXP 	num4: autoDraw = False
15.5022 	EXP 	fixCross: foreColor = <psychopy.colors.Color: transparent, alpha=1.0>
15.5022 	EXP 	fixCross: borderColor = <psychopy.colors.Color: transparent, alpha=1.0>
15.5022 	EXP 	fixCross: fillColor = <psychopy.colors.Color: transparent, alpha=1.0>
15.5022 	EXP 	text_total: height = 0.05
15.5022 	EXP 	text_total: height = 0.05
15.5022 	EXP 	text_total: height = 0.05
15.5022 	EXP 	text_total: text = ''
15.5022 	EXP 	text_total: height = 0.05
15.5022 	EXP 	text_total: height = 0.05
15.5022 	EXP 	text_total: height = 0.05
15.5022 	EXP 	text_total: text = 'Total: 2'
15.5022 	EXP 	text_acc: text = 'Accuracy: 0.0'
15.5022 	EXP 	fixCrossR: autoDraw = True
15.5022 	EXP 	text_total: autoDraw = True
15.5022 	EXP 	text_acc: autoDraw = True
16.7030 	EXP 	text_total: autoDraw = False
16.7030 	EXP 	text_acc: autoDraw = False
17.9887 	EXP 	New trial (rep=0, index=2): {'category': 'car', 'orientation': 4, 'taskCue': 'stim//obj2.png', 'stimfile': 'stim//car4.png', 'resp1': 'Half Right', 'resp2': 'Full Right', 'resp3': 'Full Left', 'resp4': 'Half Left', 'resp5': 'Turtle', 'resp6': 'Horse', 'resp7': 'Car', 'resp8': 'Shoe', 'objFirst': 'False', 'interval': 2.651}
18.0042 	EXP 	fixCrossR: autoDraw = False
18.0042 	EXP 	fixCrossR: autoDraw = False
18.0042 	EXP 	text_total: autoDraw = False
18.0042 	EXP 	text_acc: autoDraw = False
18.0042 	EXP 	cue: image = 'stim//obj2.png'
18.0042 	EXP 	cue: autoDraw = True
18.9892 	EXP 	Created sequence: random, trialTypes=1, nReps=3, seed=None
18.9895 	EXP 	New trial (rep=0, index=0): None
19.1053 	EXP 	cue: autoDraw = False
19.1053 	EXP 	image: image = 'stim//car4.png'
19.1053 	EXP 	image: autoDraw = True
19.1053 	EXP 	fixCrossR_2: autoDraw = True
19.3554 	EXP 	image: autoDraw = False
19.3554 	EXP 	fixCrossR_2: autoDraw = False
19.3554 	EXP 	image: autoDraw = False
19.3554 	EXP 	fixCrossR_2: autoDraw = False
19.3554 	EXP 	fixCrossR_4: autoDraw = True
19.5900 	EXP 	New trial (rep=1, index=0): None
19.7056 	EXP 	fixCrossR_4: autoDraw = False
19.7056 	EXP 	fixCrossR_4: autoDraw = False
19.7056 	EXP 	image: image = 'stim//car4.png'
19.7056 	EXP 	image: autoDraw = True
19.7056 	EXP 	fixCrossR_2: autoDraw = True
19.9559 	EXP 	image: autoDraw = False
19.9559 	EXP 	fixCrossR_2: autoDraw = False
19.9559 	EXP 	image: autoDraw = False
19.9559 	EXP 	fixCrossR_2: autoDraw = False
19.9559 	EXP 	fixCrossR_4: autoDraw = True
20.1902 	EXP 	New trial (rep=2, index=0): None
20.3729 	EXP 	fixCrossR_4: autoDraw = False
20.3729 	EXP 	fixCrossR_4: autoDraw = False
20.3729 	EXP 	image: image = 'stim//car4.png'
20.3729 	EXP 	image: autoDraw = True
20.3729 	EXP 	fixCrossR_2: autoDraw = True
20.6227 	EXP 	image: autoDraw = False
20.6227 	EXP 	fixCrossR_2: autoDraw = False
20.6227 	EXP 	image: autoDraw = False
20.6227 	EXP 	fixCrossR_2: autoDraw = False
20.6227 	EXP 	fixCrossR_4: autoDraw = True
20.9241 	EXP 	fixCrossR_4: autoDraw = False
20.9241 	EXP 	fixCrossR_4: autoDraw = False
20.9241 	EXP 	fixCross: fillColor = <psychopy.colors.Color: black, alpha=1.0>
20.9241 	EXP 	fixCross: borderColor = <psychopy.colors.Color: black, alpha=1.0>
20.9241 	EXP 	text1: foreColor = <psychopy.colors.Color: white, alpha=1.0>
20.9241 	EXP 	text1: text = 'Half Right'
20.9241 	EXP 	text2: foreColor = <psychopy.colors.Color: white, alpha=1.0>
20.9241 	EXP 	text2: height = 0.05
20.9241 	EXP 	text2: height = 0.05
20.9241 	EXP 	text2: height = 0.05
20.9241 	EXP 	text2: text = 'Full Right'
20.9241 	EXP 	text3: foreColor = <psychopy.colors.Color: white, alpha=1.0>
20.9241 	EXP 	text3: height = 0.05
20.9241 	EXP 	text3: height = 0.05
20.9241 	EXP 	text3: height = 0.05
20.9241 	EXP 	text3: text = 'Full Left'
20.9241 	EXP 	text4: foreColor = <psychopy.colors.Color: white, alpha=1.0>
20.9241 	EXP 	text4: height = 0.05
20.9241 	EXP 	text4: height = 0.05
20.9241 	EXP 	text4: height = 0.05
20.9241 	EXP 	text4: text = 'Half Left'
20.9241 	EXP 	text5: foreColor = <psychopy.colors.Color: white, alpha=1.0>
20.9241 	EXP 	text5: height = 0.05
20.9241 	EXP 	text5: height = 0.05
20.9241 	EXP 	text5: height = 0.05
20.9241 	EXP 	text5: text = 'Turtle'
20.9241 	EXP 	text6: foreColor = <psychopy.colors.Color: white, alpha=1.0>
20.9241 	EXP 	text6: height = 0.05
20.9241 	EXP 	text6: height = 0.05
20.9241 	EXP 	text6: height = 0.05
20.9241 	EXP 	text6: text = 'Horse'
20.9241 	EXP 	text7: foreColor = <psychopy.colors.Color: white, alpha=1.0>
20.9241 	EXP 	text7: height = 0.05
20.9241 	EXP 	text7: height = 0.05
20.9241 	EXP 	text7: height = 0.05
20.9241 	EXP 	text7: text = 'Car'
20.9241 	EXP 	text8: foreColor = <psychopy.colors.Color: white, alpha=1.0>
20.9241 	EXP 	text8: height = 0.05
20.9241 	EXP 	text8: height = 0.05
20.9241 	EXP 	text8: height = 0.05
20.9241 	EXP 	text8: text = 'Shoe'
20.9241 	EXP 	num1: foreColor = <psychopy.colors.Color: white, alpha=1.0>
20.9241 	EXP 	num1: text = '1'
20.9241 	EXP 	num2: foreColor = <psychopy.colors.Color: white, alpha=1.0>
20.9241 	EXP 	num2: text = '2'
20.9241 	EXP 	num3: foreColor = <psychopy.colors.Color: white, alpha=1.0>
20.9241 	EXP 	num3: text = '3'
20.9241 	EXP 	num4: foreColor = <psychopy.colors.Color: white, alpha=1.0>
20.9241 	EXP 	num4: text = '4'
20.9241 	EXP 	fixCross: autoDraw = True
20.9241 	EXP 	text1: autoDraw = True
20.9241 	EXP 	text2: autoDraw = True
20.9241 	EXP 	text3: autoDraw = True
20.9241 	EXP 	text4: autoDraw = True
20.9241 	EXP 	text5: autoDraw = True
20.9241 	EXP 	text6: autoDraw = True
20.9241 	EXP 	text7: autoDraw = True
20.9241 	EXP 	text8: autoDraw = True
20.9241 	EXP 	num1: autoDraw = True
20.9241 	EXP 	num2: autoDraw = True
20.9241 	EXP 	num3: autoDraw = True
20.9241 	EXP 	num4: autoDraw = True
21.6580 	DATA 	Keypress: 3
21.6740 	EXP 	fixCross: foreColor = <psychopy.colors.Color: (1.0, 0.0, 1.0, 1.0)>
21.6740 	EXP 	fixCross: borderColor = <psychopy.colors.Color: (1.0, 0.0, 1.0, 1.0)>
21.6740 	EXP 	fixCross: fillColor = <psychopy.colors.Color: (1.0, 0.0, 1.0, 1.0)>
21.6740 	EXP 	text3: foreColor = <psychopy.colors.Color: (1.0, 0.0, 1.0, 1.0)>
21.6740 	EXP 	text7: foreColor = <psychopy.colors.Color: (1.0, 0.0, 1.0, 1.0)>
21.6740 	EXP 	num3: foreColor = <psychopy.colors.Color: (1.0, 0.0, 1.0, 1.0)>
23.8759 	EXP 	fixCross: autoDraw = False
23.8759 	EXP 	text1: autoDraw = False
23.8759 	EXP 	text2: autoDraw = False
23.8759 	EXP 	text3: autoDraw = False
23.8759 	EXP 	text4: autoDraw = False
23.8759 	EXP 	text5: autoDraw = False
23.8759 	EXP 	text6: autoDraw = False
23.8759 	EXP 	text7: autoDraw = False
23.8759 	EXP 	text8: autoDraw = False
23.8759 	EXP 	num1: autoDraw = False
23.8759 	EXP 	num2: autoDraw = False
23.8759 	EXP 	num3: autoDraw = False
23.8759 	EXP 	num4: autoDraw = False
23.8759 	EXP 	fixCross: foreColor = <psychopy.colors.Color: transparent, alpha=1.0>
23.8759 	EXP 	fixCross: borderColor = <psychopy.colors.Color: transparent, alpha=1.0>
23.8759 	EXP 	fixCross: fillColor = <psychopy.colors.Color: transparent, alpha=1.0>
23.8759 	EXP 	text_total: height = 0.05
23.8759 	EXP 	text_total: height = 0.05
23.8759 	EXP 	text_total: height = 0.05
23.8759 	EXP 	text_total: text = ''
23.8759 	EXP 	text_total: height = 0.05
23.8759 	EXP 	text_total: height = 0.05
23.8759 	EXP 	text_total: height = 0.05
23.8759 	EXP 	text_total: text = 'Total: 3'
23.8759 	EXP 	text_acc: text = 'Accuracy: 0.0'
23.8759 	EXP 	fixCrossR: autoDraw = True
23.8759 	EXP 	text_total: autoDraw = True
23.8759 	EXP 	text_acc: autoDraw = True
25.0769 	EXP 	text_total: autoDraw = False
25.0769 	EXP 	text_acc: autoDraw = False
25.0785 	DATA 	Keypress: escape
25.1775 	EXP 	pilotv2: status = STOPPED
25.1936 	EXP 	fixCrossR: autoDraw = False
25.1938 	EXP 	pilotv2: status = STOPPED
25.3904 	EXP 	window1: mouseVisible = True
