2.3936 	ERROR 	Support for the `sounddevice` audio backend is not available this session. Please install `psychopy-sounddevice` and restart the session to enable support.
6.0902 	WARNING 	User requested fullscreen with size [1536  864], but screen is actually [1920, 1080]. Using actual size
7.0069 	EXP 	Created window1 = Window(allowGUI=True, allowStencil=False, autoLog=True, backendConf=UNKNOWN, backgroundFit=<method-wrapper '__getattribute__' of attributeSetter object at 0x0000020F07AE3C40>, backgroundImage=<method-wrapper '__getattribute__' of attributeSetter object at 0x0000020F07AE3BE0>, bitsMode=UNKNOWN, blendMode='avg', bpc=(8, 8, 8), color=array([-0.4039, -0.4039, -0.4039]), colorSpace='rgb', depthBits=8, fullscr=<method-wrapper '__getattribute__' of attributeSetter object at 0x0000020F07AE3A00>, gamma=None, gammaErrorPolicy='raise', lms=UNKNOWN, monitor=<psychopy.monitors.calibTools.Monitor object at 0x0000020F080D6B80>, multiSample=False, name='window1', numSamples=2, pos=(-1920, 0), screen=0, size=array([1920, 1080]), stencilBits=0, stereo=False, title='PsychoPy', units='height', useFBO=True, useRetina=False, viewOri=0.0, viewPos=None, viewScale=None, waitBlanking=True, winType='pyglet')
7.0069 	EXP 	window1: mouseVisible = True
7.0070 	EXP 	window1: backgroundImage = ''
7.0070 	EXP 	window1: backgroundFit = 'none'
7.0085 	EXP 	window1: Attempting to measure frame rate of screen (0) ...
7.0086 	EXP 	window1: recordFrameIntervals = False
7.1747 	EXP 	window1: recordFrameIntervals = True
7.3567 	EXP 	Screen (0) actual frame rate measured at 59.99Hz
7.3568 	EXP 	window1: recordFrameIntervals = False
7.3569 	EXP 	window1: mouseVisible = False
9.4726 	EXP 	pilotv2: status = STARTED
9.4728 	EXP 	window1: mouseVisible = True
9.4826 	EXP 	Created imageInstruct = ImageStim(__class__=<class 'psychopy.visual.image.ImageStim'>, anchor=('center', 'center'), autoLog=True, color=array([1., 1., 1.]), colorSpace='rgb', contrast=1.0, depth=0.0, draggable=False, flipHoriz=False, flipVert=False, image='default.png', interpolate=True, mask=None, maskParams=None, name='imageInstruct', opacity=1.0, ori=0.0, pos=array([0., 0.]), size=array([1.6    , 1.00736]), texRes=128.0, units='height', win=Window(...))
9.4829 	EXP 	window1: mouseVisible = True
9.4830 	EXP 	window1: mouseVisible = True
9.4835 	EXP 	window1: mouseVisible = True
9.4838 	EXP 	window1: mouseVisible = True
9.5055 	EXP 	window1: mouseVisible = True
9.5056 	EXP 	window1: mouseVisible = True
9.5061 	EXP 	window1: mouseVisible = True
9.5065 	EXP 	window1: mouseVisible = True
9.5250 	EXP 	window1: mouseVisible = True
9.5252 	EXP 	window1: mouseVisible = True
9.5253 	EXP 	window1: mouseVisible = True
9.5257 	EXP 	window1: mouseVisible = True
9.5261 	EXP 	window1: mouseVisible = True
9.5428 	EXP 	window1: mouseVisible = True
9.5430 	EXP 	window1: mouseVisible = True
9.5434 	EXP 	window1: mouseVisible = True
9.5438 	EXP 	window1: mouseVisible = True
9.5472 	EXP 	window1: mouseVisible = True
9.5474 	EXP 	window1: mouseVisible = True
9.6103 	EXP 	Created text_8 = TextStim(__class__=<class 'psychopy.visual.text.TextStim'>, alignHoriz=method-wrapper(...), alignText='center', alignVert=method-wrapper(...), anchorHoriz='center', anchorVert='center', antialias=True, autoDraw=False, autoLog=True, bold=False, color=array([1., 1., 1.]), colorSpace='rgb', contrast=1.0, depth=0.0, draggable=False, flipHoriz=False, flipVert=False, font='Open Sans', fontFiles=[], height=0.05, italic=False, languageStyle='LTR', name='text_8', opacity=1.0, ori=0.0, pos=array([0., 0.]), rgb=UNKNOWN, text=str(...), units='height', win=Window(...), wrapWidth=1)
9.6106 	EXP 	window1: mouseVisible = True
9.6107 	EXP 	window1: mouseVisible = True
9.6111 	EXP 	window1: mouseVisible = True
9.6116 	EXP 	window1: mouseVisible = True
9.6356 	EXP 	window1: mouseVisible = True
9.6357 	EXP 	window1: mouseVisible = True
9.6362 	EXP 	window1: mouseVisible = True
9.6366 	EXP 	window1: mouseVisible = True
9.6468 	EXP 	window1: mouseVisible = True
9.6470 	EXP 	window1: mouseVisible = True
9.6471 	EXP 	window1: mouseVisible = True
9.6476 	EXP 	window1: mouseVisible = True
9.6480 	EXP 	window1: mouseVisible = True
9.6567 	EXP 	window1: mouseVisible = True
9.6568 	EXP 	window1: mouseVisible = True
9.6572 	EXP 	window1: mouseVisible = True
9.6576 	EXP 	window1: mouseVisible = True
9.6609 	EXP 	window1: mouseVisible = True
9.6610 	EXP 	window1: mouseVisible = True
9.6648 	EXP 	Created image_17 = ImageStim(__class__=<class 'psychopy.visual.image.ImageStim'>, anchor=('center', 'center'), autoLog=True, color=array([1., 1., 1.]), colorSpace='rgb', contrast=1.0, depth=-3.0, draggable=False, flipHoriz=False, flipVert=False, image='stim/ori1.png', interpolate=True, mask=None, maskParams=None, name='image_17', opacity=1.0, ori=0.0, pos=array([0.  , 0.23]), size=array([0.15, 0.15]), texRes=128.0, units='height', win=Window(...))
9.6650 	EXP 	window1: mouseVisible = True
9.6697 	EXP 	Created text_9 = TextStim(__class__=<class 'psychopy.visual.text.TextStim'>, alignHoriz=method-wrapper(...), alignText='center', alignVert=method-wrapper(...), anchorHoriz='center', anchorVert='center', antialias=True, autoDraw=False, autoLog=True, bold=False, color=array([1., 1., 1.]), colorSpace='rgb', contrast=1.0, depth=0.0, draggable=False, flipHoriz=False, flipVert=False, font='Open Sans', fontFiles=[], height=0.05, italic=False, languageStyle='LTR', name='text_9', opacity=1.0, ori=0.0, pos=array([0., 0.]), rgb=UNKNOWN, text=str(...), units='height', win=Window(...), wrapWidth=1)
9.6699 	EXP 	window1: mouseVisible = True
9.6700 	EXP 	window1: mouseVisible = True
9.6705 	EXP 	window1: mouseVisible = True
9.6709 	EXP 	window1: mouseVisible = True
9.6748 	EXP 	window1: mouseVisible = True
9.6750 	EXP 	window1: mouseVisible = True
9.6754 	EXP 	window1: mouseVisible = True
9.6758 	EXP 	window1: mouseVisible = True
9.6792 	EXP 	window1: mouseVisible = True
9.6793 	EXP 	window1: mouseVisible = True
9.6795 	EXP 	window1: mouseVisible = True
9.6799 	EXP 	window1: mouseVisible = True
9.6803 	EXP 	window1: mouseVisible = True
9.6841 	EXP 	window1: mouseVisible = True
9.6843 	EXP 	window1: mouseVisible = True
9.6847 	EXP 	window1: mouseVisible = True
9.6851 	EXP 	window1: mouseVisible = True
9.6885 	EXP 	window1: mouseVisible = True
9.6885 	EXP 	window1: mouseVisible = True
9.6926 	EXP 	Created image_18 = ImageStim(__class__=<class 'psychopy.visual.image.ImageStim'>, anchor=('center', 'center'), autoLog=True, color=array([1., 1., 1.]), colorSpace='rgb', contrast=1.0, depth=-3.0, draggable=False, flipHoriz=False, flipVert=False, image='stim/obj2.png', interpolate=True, mask=None, maskParams=None, name='image_18', opacity=1.0, ori=0.0, pos=array([0.  , 0.23]), size=array([0.15, 0.15]), texRes=128.0, units='height', win=Window(...))
9.6927 	EXP 	window1: mouseVisible = True
9.6975 	EXP 	Created text_10 = TextStim(__class__=<class 'psychopy.visual.text.TextStim'>, alignHoriz=method-wrapper(...), alignText='center', alignVert=method-wrapper(...), anchorHoriz='center', anchorVert='center', antialias=True, autoDraw=False, autoLog=True, bold=False, color=array([1., 1., 1.]), colorSpace='rgb', contrast=1.0, depth=0.0, draggable=False, flipHoriz=False, flipVert=False, font='Open Sans', fontFiles=[], height=0.05, italic=False, languageStyle='LTR', name='text_10', opacity=1.0, ori=0.0, pos=array([0., 0.]), rgb=UNKNOWN, text=str(...), units='height', win=Window(...), wrapWidth=1)
9.6977 	EXP 	window1: mouseVisible = True
9.6978 	EXP 	window1: mouseVisible = True
9.6983 	EXP 	window1: mouseVisible = True
9.6987 	EXP 	window1: mouseVisible = True
9.7025 	EXP 	window1: mouseVisible = True
9.7026 	EXP 	window1: mouseVisible = True
9.7030 	EXP 	window1: mouseVisible = True
9.7034 	EXP 	window1: mouseVisible = True
9.7069 	EXP 	window1: mouseVisible = True
9.7070 	EXP 	window1: mouseVisible = True
9.7072 	EXP 	window1: mouseVisible = True
9.7076 	EXP 	window1: mouseVisible = True
9.7080 	EXP 	window1: mouseVisible = True
9.7119 	EXP 	window1: mouseVisible = True
9.7121 	EXP 	window1: mouseVisible = True
9.7125 	EXP 	window1: mouseVisible = True
9.7129 	EXP 	window1: mouseVisible = True
9.7179 	EXP 	window1: mouseVisible = True
9.7180 	EXP 	window1: mouseVisible = True
9.7220 	EXP 	Created image_19 = ImageStim(__class__=<class 'psychopy.visual.image.ImageStim'>, anchor=('center', 'center'), autoLog=True, color=array([1., 1., 1.]), colorSpace='rgb', contrast=1.0, depth=-3.0, draggable=False, flipHoriz=False, flipVert=False, image='stim/ori2.png', interpolate=True, mask=None, maskParams=None, name='image_19', opacity=1.0, ori=0.0, pos=array([0.  , 0.23]), size=array([0.15, 0.15]), texRes=128.0, units='height', win=Window(...))
9.7222 	EXP 	window1: mouseVisible = True
9.7269 	EXP 	Created text_11 = TextStim(__class__=<class 'psychopy.visual.text.TextStim'>, alignHoriz=method-wrapper(...), alignText='center', alignVert=method-wrapper(...), anchorHoriz='center', anchorVert='center', antialias=True, autoDraw=False, autoLog=True, bold=False, color=array([1., 1., 1.]), colorSpace='rgb', contrast=1.0, depth=0.0, draggable=False, flipHoriz=False, flipVert=False, font='Open Sans', fontFiles=[], height=0.05, italic=False, languageStyle='LTR', name='text_11', opacity=1.0, ori=0.0, pos=array([0., 0.]), rgb=UNKNOWN, text=str(...), units='height', win=Window(...), wrapWidth=1)
9.7271 	EXP 	window1: mouseVisible = True
9.7272 	EXP 	window1: mouseVisible = True
9.7276 	EXP 	window1: mouseVisible = True
9.7280 	EXP 	window1: mouseVisible = True
9.7318 	EXP 	window1: mouseVisible = True
9.7320 	EXP 	window1: mouseVisible = True
9.7325 	EXP 	window1: mouseVisible = True
9.7329 	EXP 	window1: mouseVisible = True
9.7362 	EXP 	window1: mouseVisible = True
9.7365 	EXP 	window1: mouseVisible = True
9.7366 	EXP 	window1: mouseVisible = True
9.7371 	EXP 	window1: mouseVisible = True
9.7374 	EXP 	window1: mouseVisible = True
9.7413 	EXP 	window1: mouseVisible = True
9.7414 	EXP 	window1: mouseVisible = True
9.7418 	EXP 	window1: mouseVisible = True
9.7422 	EXP 	window1: mouseVisible = True
9.7455 	EXP 	window1: mouseVisible = True
9.7456 	EXP 	window1: mouseVisible = True
9.7497 	EXP 	Created image_20 = ImageStim(__class__=<class 'psychopy.visual.image.ImageStim'>, anchor=('center', 'center'), autoLog=True, color=array([1., 1., 1.]), colorSpace='rgb', contrast=1.0, depth=-3.0, draggable=False, flipHoriz=False, flipVert=False, image='stim/obj1.png', interpolate=True, mask=None, maskParams=None, name='image_20', opacity=1.0, ori=0.0, pos=array([0.  , 0.23]), size=array([0.15, 0.15]), texRes=128.0, units='height', win=Window(...))
9.7499 	EXP 	window1: mouseVisible = True
9.7589 	EXP 	Created imageInstruct_2 = ImageStim(__class__=<class 'psychopy.visual.image.ImageStim'>, anchor=('center', 'center'), autoLog=True, color=array([1., 1., 1.]), colorSpace='rgb', contrast=1.0, depth=0.0, draggable=False, flipHoriz=False, flipVert=False, image='default.png', interpolate=True, mask=None, maskParams=None, name='imageInstruct_2', opacity=1.0, ori=0.0, pos=array([0., 0.]), size=array([1.6    , 1.00736]), texRes=128.0, units='height', win=Window(...))
9.7592 	EXP 	window1: mouseVisible = True
9.7593 	EXP 	window1: mouseVisible = True
9.7597 	EXP 	window1: mouseVisible = True
9.7601 	EXP 	window1: mouseVisible = True
9.7640 	EXP 	window1: mouseVisible = True
9.7641 	EXP 	window1: mouseVisible = True
9.7645 	EXP 	window1: mouseVisible = True
9.7649 	EXP 	window1: mouseVisible = True
9.7682 	EXP 	window1: mouseVisible = True
9.7684 	EXP 	window1: mouseVisible = True
9.7686 	EXP 	window1: mouseVisible = True
9.7690 	EXP 	window1: mouseVisible = True
9.7694 	EXP 	window1: mouseVisible = True
9.7730 	EXP 	window1: mouseVisible = True
9.7732 	EXP 	window1: mouseVisible = True
9.7736 	EXP 	window1: mouseVisible = True
9.7740 	EXP 	window1: mouseVisible = True
9.7772 	EXP 	window1: mouseVisible = True
9.7773 	EXP 	window1: mouseVisible = True
9.7864 	EXP 	Created text = TextStim(__class__=<class 'psychopy.visual.text.TextStim'>, alignHoriz=method-wrapper(...), alignText='center', alignVert=method-wrapper(...), anchorHoriz='center', anchorVert='center', antialias=True, autoDraw=False, autoLog=True, bold=False, color=array([1., 1., 1.]), colorSpace='rgb', contrast=1.0, depth=0.0, draggable=False, flipHoriz=False, flipVert=False, font='Open Sans', fontFiles=[], height=0.05, italic=False, languageStyle='LTR', name='text', opacity=1.0, ori=0.0, pos=array([0., 0.]), rgb=UNKNOWN, text='The experiment will begin soon. Get ready!', units='height', win=Window(...), wrapWidth=1)
9.7865 	EXP 	window1: mouseVisible = True
9.7956 	EXP 	Created cue = ImageStim(__class__=<class 'psychopy.visual.image.ImageStim'>, anchor=('center', 'center'), autoLog=True, color=array([1., 1., 1.]), colorSpace='rgb', contrast=1.0, depth=0.0, draggable=False, flipHoriz=False, flipVert=False, image='default.png', interpolate=True, mask=None, maskParams=None, name='cue', opacity=1.0, ori=0.0, pos=array([0., 0.]), size=array([0.15, 0.15]), texRes=128.0, units='height', win=Window(...))
9.7957 	EXP 	window1: mouseVisible = True
9.8048 	EXP 	Created image = ImageStim(__class__=<class 'psychopy.visual.image.ImageStim'>, anchor=('center', 'center'), autoLog=True, color=array([1., 1., 1.]), colorSpace='rgb', contrast=1.0, depth=0.0, draggable=False, flipHoriz=False, flipVert=False, image='default.png', interpolate=True, mask=None, maskParams=None, name='image', opacity=1.0, ori=0.0, pos=array([0., 0.]), size=array([0.5, 0.5]), texRes=128.0, units='height', win=Window(...))
9.8049 	EXP 	window1: mouseVisible = True
9.8069 	EXP 	Created fixCrossR_2 = ShapeStim(__class__=<class 'psychopy.visual.shape.ShapeStim'>, anchor=('center', 'center'), autoDraw=False, autoLog=True, closeShape=True, color=method-wrapper(...), colorSpace='rgb', contrast=None, depth=-1.0, draggable=False, fillColor=array([-1, -1, -1]), fillColorSpace='rgb', fillRGB=array([-1, -1, -1]), interpolate=True, lineColor=array([-1., -1., -1.]), lineColorSpace='rgb', lineRGB=array([-1, -1, -1]), lineWidth=1.0, name='fixCrossR_2', opacity=1.0, ori=0.0, pos=array([0., 0.]), size=array([0.02, 0.02]), units='height', vertices=ndarray(...), win=Window(...), windingRule=None)
9.8070 	EXP 	window1: mouseVisible = True
9.8087 	EXP 	Created fixCrossR_4 = ShapeStim(__class__=<class 'psychopy.visual.shape.ShapeStim'>, anchor=('center', 'center'), autoDraw=False, autoLog=True, closeShape=True, color=method-wrapper(...), colorSpace='rgb', contrast=None, depth=0.0, draggable=False, fillColor=array([-1, -1, -1]), fillColorSpace='rgb', fillRGB=array([-1, -1, -1]), interpolate=True, lineColor=array([-1., -1., -1.]), lineColorSpace='rgb', lineRGB=array([-1, -1, -1]), lineWidth=1.0, name='fixCrossR_4', opacity=1.0, ori=0.0, pos=array([0., 0.]), size=array([0.02, 0.02]), units='height', vertices=ndarray(...), win=Window(...), windingRule=None)
9.8088 	EXP 	window1: mouseVisible = True
9.8105 	EXP 	Created fixCross = ShapeStim(__class__=<class 'psychopy.visual.shape.ShapeStim'>, anchor=('center', 'center'), autoDraw=False, autoLog=True, closeShape=True, color=method-wrapper(...), colorSpace='rgb', contrast=None, depth=0.0, draggable=False, fillColor=array([1, 1, 1]), fillColorSpace='rgb', fillRGB=array([1, 1, 1]), interpolate=True, lineColor=array([1., 1., 1.]), lineColorSpace='rgb', lineRGB=array([1, 1, 1]), lineWidth=1.0, name='fixCross', opacity=1.0, ori=0.0, pos=array([0., 0.]), size=array([0.02, 0.02]), units='height', vertices=ndarray(...), win=Window(...), windingRule=None)
9.8106 	EXP 	window1: mouseVisible = True
9.8124 	EXP 	Created text1 = TextStim(__class__=<class 'psychopy.visual.text.TextStim'>, alignHoriz=method-wrapper(...), alignText='center', alignVert=method-wrapper(...), anchorHoriz='center', anchorVert='center', antialias=True, autoDraw=False, autoLog=True, bold=False, color=array([1., 1., 1.]), colorSpace='rgb', contrast=1.0, depth=-1.0, draggable=False, flipHoriz=False, flipVert=False, font='Open Sans', fontFiles=[], height=0.05, italic=False, languageStyle='LTR', name='text1', opacity=1.0, ori=0.0, pos=array([-0.5,  0.1]), rgb=UNKNOWN, text='', units='norm', win=Window(...), wrapWidth=1)
9.8125 	EXP 	window1: mouseVisible = True
9.8136 	EXP 	Created text2 = TextStim(__class__=<class 'psychopy.visual.text.TextStim'>, alignHoriz=method-wrapper(...), alignText='center', alignVert=method-wrapper(...), anchorHoriz='center', anchorVert='center', antialias=True, autoDraw=False, autoLog=True, bold=False, color=array([1., 1., 1.]), colorSpace='rgb', contrast=1.0, depth=-2.0, draggable=False, flipHoriz=False, flipVert=False, font='Open Sans', fontFiles=[], height=0.05, italic=False, languageStyle='LTR', name='text2', opacity=1.0, ori=0.0, pos=array([-0.1666,  0.1   ]), rgb=UNKNOWN, text='', units='norm', win=Window(...), wrapWidth=1)
9.8137 	EXP 	window1: mouseVisible = True
9.8147 	EXP 	Created text3 = TextStim(__class__=<class 'psychopy.visual.text.TextStim'>, alignHoriz=method-wrapper(...), alignText='center', alignVert=method-wrapper(...), anchorHoriz='center', anchorVert='center', antialias=True, autoDraw=False, autoLog=True, bold=False, color=array([1., 1., 1.]), colorSpace='rgb', contrast=1.0, depth=-3.0, draggable=False, flipHoriz=False, flipVert=False, font='Open Sans', fontFiles=[], height=0.05, italic=False, languageStyle='LTR', name='text3', opacity=1.0, ori=0.0, pos=array([0.166, 0.1  ]), rgb=UNKNOWN, text='', units='norm', win=Window(...), wrapWidth=1)
9.8148 	EXP 	window1: mouseVisible = True
9.8158 	EXP 	Created text4 = TextStim(__class__=<class 'psychopy.visual.text.TextStim'>, alignHoriz=method-wrapper(...), alignText='center', alignVert=method-wrapper(...), anchorHoriz='center', anchorVert='center', antialias=True, autoDraw=False, autoLog=True, bold=False, color=array([1., 1., 1.]), colorSpace='rgb', contrast=1.0, depth=-4.0, draggable=False, flipHoriz=False, flipVert=False, font='Open Sans', fontFiles=[], height=0.05, italic=False, languageStyle='LTR', name='text4', opacity=1.0, ori=0.0, pos=array([0.5, 0.1]), rgb=UNKNOWN, text='', units='norm', win=Window(...), wrapWidth=1)
9.8158 	EXP 	window1: mouseVisible = True
9.8170 	EXP 	Created text5 = TextStim(__class__=<class 'psychopy.visual.text.TextStim'>, alignHoriz=method-wrapper(...), alignText='center', alignVert=method-wrapper(...), anchorHoriz='center', anchorVert='center', antialias=True, autoDraw=False, autoLog=True, bold=False, color=array([1., 1., 1.]), colorSpace='rgb', contrast=1.0, depth=-5.0, draggable=False, flipHoriz=False, flipVert=False, font='Open Sans', fontFiles=[], height=0.05, italic=False, languageStyle='LTR', name='text5', opacity=1.0, ori=0.0, pos=array([-0.5, -0.1]), rgb=UNKNOWN, text='', units='norm', win=Window(...), wrapWidth=1)
9.8171 	EXP 	window1: mouseVisible = True
9.8183 	EXP 	Created text6 = TextStim(__class__=<class 'psychopy.visual.text.TextStim'>, alignHoriz=method-wrapper(...), alignText='center', alignVert=method-wrapper(...), anchorHoriz='center', anchorVert='center', antialias=True, autoDraw=False, autoLog=True, bold=False, color=array([1., 1., 1.]), colorSpace='rgb', contrast=1.0, depth=-6.0, draggable=False, flipHoriz=False, flipVert=False, font='Open Sans', fontFiles=[], height=0.05, italic=False, languageStyle='LTR', name='text6', opacity=1.0, ori=0.0, pos=array([-0.1666, -0.1   ]), rgb=UNKNOWN, text='', units='norm', win=Window(...), wrapWidth=1)
9.8184 	EXP 	window1: mouseVisible = True
9.8195 	EXP 	Created text7 = TextStim(__class__=<class 'psychopy.visual.text.TextStim'>, alignHoriz=method-wrapper(...), alignText='center', alignVert=method-wrapper(...), anchorHoriz='center', anchorVert='center', antialias=True, autoDraw=False, autoLog=True, bold=False, color=array([1., 1., 1.]), colorSpace='rgb', contrast=1.0, depth=-7.0, draggable=False, flipHoriz=False, flipVert=False, font='Open Sans', fontFiles=[], height=0.05, italic=False, languageStyle='LTR', name='text7', opacity=1.0, ori=0.0, pos=array([ 0.1666, -0.1   ]), rgb=UNKNOWN, text='', units='norm', win=Window(...), wrapWidth=1)
9.8196 	EXP 	window1: mouseVisible = True
9.8206 	EXP 	Created text8 = TextStim(__class__=<class 'psychopy.visual.text.TextStim'>, alignHoriz=method-wrapper(...), alignText='center', alignVert=method-wrapper(...), anchorHoriz='center', anchorVert='center', antialias=True, autoDraw=False, autoLog=True, bold=False, color=array([1., 1., 1.]), colorSpace='rgb', contrast=1.0, depth=-8.0, draggable=False, flipHoriz=False, flipVert=False, font='Open Sans', fontFiles=[], height=0.05, italic=False, languageStyle='LTR', name='text8', opacity=1.0, ori=0.0, pos=array([ 0.5, -0.1]), rgb=UNKNOWN, text='', units='norm', win=Window(...), wrapWidth=1)
9.8207 	EXP 	window1: mouseVisible = True
9.8216 	EXP 	Created num1 = TextStim(__class__=<class 'psychopy.visual.text.TextStim'>, alignHoriz=method-wrapper(...), alignText='center', alignVert=method-wrapper(...), anchorHoriz='center', anchorVert='center', antialias=True, autoDraw=False, autoLog=True, bold=False, color=array([1., 1., 1.]), colorSpace='rgb', contrast=1.0, depth=-10.0, draggable=False, flipHoriz=False, flipVert=False, font='Open Sans', fontFiles=[], height=0.1, italic=False, languageStyle='LTR', name='num1', opacity=1.0, ori=0.0, pos=array([-0.5,  0.3]), rgb=UNKNOWN, text='', units='norm', win=Window(...), wrapWidth=1)
9.8217 	EXP 	window1: mouseVisible = True
9.8227 	EXP 	Created num2 = TextStim(__class__=<class 'psychopy.visual.text.TextStim'>, alignHoriz=method-wrapper(...), alignText='center', alignVert=method-wrapper(...), anchorHoriz='center', anchorVert='center', antialias=True, autoDraw=False, autoLog=True, bold=False, color=array([1., 1., 1.]), colorSpace='rgb', contrast=1.0, depth=-11.0, draggable=False, flipHoriz=False, flipVert=False, font='Open Sans', fontFiles=[], height=0.1, italic=False, languageStyle='LTR', name='num2', opacity=1.0, ori=0.0, pos=array([-0.1666,  0.3   ]), rgb=UNKNOWN, text='', units='norm', win=Window(...), wrapWidth=1)
9.8228 	EXP 	window1: mouseVisible = True
9.8237 	EXP 	Created num3 = TextStim(__class__=<class 'psychopy.visual.text.TextStim'>, alignHoriz=method-wrapper(...), alignText='center', alignVert=method-wrapper(...), anchorHoriz='center', anchorVert='center', antialias=True, autoDraw=False, autoLog=True, bold=False, color=array([1., 1., 1.]), colorSpace='rgb', contrast=1.0, depth=-12.0, draggable=False, flipHoriz=False, flipVert=False, font='Open Sans', fontFiles=[], height=0.1, italic=False, languageStyle='LTR', name='num3', opacity=1.0, ori=0.0, pos=array([0.1666, 0.3   ]), rgb=UNKNOWN, text='', units='norm', win=Window(...), wrapWidth=1)
9.8238 	EXP 	window1: mouseVisible = True
9.8247 	EXP 	Created num4 = TextStim(__class__=<class 'psychopy.visual.text.TextStim'>, alignHoriz=method-wrapper(...), alignText='center', alignVert=method-wrapper(...), anchorHoriz='center', anchorVert='center', antialias=True, autoDraw=False, autoLog=True, bold=False, color=array([1., 1., 1.]), colorSpace='rgb', contrast=1.0, depth=-13.0, draggable=False, flipHoriz=False, flipVert=False, font='Open Sans', fontFiles=[], height=0.1, italic=False, languageStyle='LTR', name='num4', opacity=1.0, ori=0.0, pos=array([0.5, 0.3]), rgb=UNKNOWN, text='', units='norm', win=Window(...), wrapWidth=1)
9.8248 	EXP 	window1: mouseVisible = True
9.8265 	EXP 	Created fixCrossR = ShapeStim(__class__=<class 'psychopy.visual.shape.ShapeStim'>, anchor=('center', 'center'), autoDraw=False, autoLog=True, closeShape=True, color=method-wrapper(...), colorSpace='rgb', contrast=None, depth=0.0, draggable=False, fillColor=array([-1, -1, -1]), fillColorSpace='rgb', fillRGB=array([-1, -1, -1]), interpolate=True, lineColor=array([-1., -1., -1.]), lineColorSpace='rgb', lineRGB=array([-1, -1, -1]), lineWidth=1.0, name='fixCrossR', opacity=1.0, ori=0.0, pos=array([0., 0.]), size=array([0.02, 0.02]), units='height', vertices=ndarray(...), win=Window(...), windingRule=None)
9.8266 	EXP 	window1: mouseVisible = True
9.8278 	EXP 	Created text_total = TextStim(__class__=<class 'psychopy.visual.text.TextStim'>, alignHoriz=method-wrapper(...), alignText='center', alignVert=method-wrapper(...), anchorHoriz='center', anchorVert='center', antialias=True, autoDraw=False, autoLog=True, bold=False, color=array([1., 1., 1.]), colorSpace='rgb', contrast=1.0, depth=-1.0, draggable=False, flipHoriz=False, flipVert=False, font='Open Sans', fontFiles=[], height=0.05, italic=False, languageStyle='LTR', name='text_total', opacity=1.0, ori=0.0, pos=array([0., 0.]), rgb=UNKNOWN, text='', units='height', win=Window(...), wrapWidth=1)
9.8279 	EXP 	window1: mouseVisible = True
9.8292 	EXP 	Created text_acc = TextStim(__class__=<class 'psychopy.visual.text.TextStim'>, alignHoriz=method-wrapper(...), alignText='center', alignVert=method-wrapper(...), anchorHoriz='center', anchorVert='center', antialias=True, autoDraw=False, autoLog=True, bold=False, color=array([1., 1., 1.]), colorSpace='rgb', contrast=1.0, depth=-2.0, draggable=False, flipHoriz=False, flipVert=False, font='Open Sans', fontFiles=[], height=0.05, italic=False, languageStyle='LTR', name='text_acc', opacity=1.0, ori=0.0, pos=array([0., 0.]), rgb=UNKNOWN, text='', units='height', win=Window(...), wrapWidth=1)
9.8293 	EXP 	window1: mouseVisible = True
9.8360 	EXP 	Created text_17 = TextStim(__class__=<class 'psychopy.visual.text.TextStim'>, alignHoriz=method-wrapper(...), alignText='center', alignVert=method-wrapper(...), anchorHoriz='center', anchorVert='center', antialias=True, autoDraw=False, autoLog=True, bold=False, color=array([1., 1., 1.]), colorSpace='rgb', contrast=1.0, depth=0.0, draggable=False, flipHoriz=False, flipVert=False, font='Open Sans', fontFiles=[], height=0.05, italic=False, languageStyle='LTR', name='text_17', opacity=1.0, ori=0.0, pos=array([0., 0.]), rgb=UNKNOWN, text='End of the run, please relax for a moment.', units='height', win=Window(...), wrapWidth=1)
0.0063 	EXP 	Created sequence: random, trialTypes=1, nReps=0, seed=None
0.0214 	EXP 	text: autoDraw = True
5.6871 	EXP 	Imported trialMatrices/trialMatrix_s44_2.xlsx as conditions, 64 conditions, 14 params
5.6879 	EXP 	Created sequence: sequential, trialTypes=64, nReps=1, seed=None
5.6881 	EXP 	New trial (rep=0, index=0): {'category': 'horse', 'orientation': 3, 'taskCue': 'stim//obj1.png', 'stimfile': 'stim//horse3.png', 'resp1': 'Shoe', 'resp2': 'Turtle', 'resp3': 'Car', 'resp4': 'Horse', 'resp5': 'Full Left', 'resp6': 'Half Right', 'resp7': 'Full Right', 'resp8': 'Half Left', 'objFirst': 'True', 'interval': 2.275}
5.7093 	EXP 	text: autoDraw = False
5.7093 	EXP 	cue: image = 'stim//obj1.png'
5.7093 	EXP 	cue: autoDraw = True
6.6776 	EXP 	Created sequence: random, trialTypes=1, nReps=3, seed=None
6.6778 	EXP 	New trial (rep=0, index=0): None
6.8772 	EXP 	cue: autoDraw = False
6.8772 	EXP 	image: image = 'stim//horse3.png'
6.8772 	EXP 	image: autoDraw = True
6.8772 	EXP 	fixCrossR_2: autoDraw = True
7.1272 	EXP 	image: autoDraw = False
7.1272 	EXP 	fixCrossR_2: autoDraw = False
7.1272 	EXP 	image: autoDraw = False
7.1272 	EXP 	fixCrossR_2: autoDraw = False
7.1272 	EXP 	fixCrossR_4: autoDraw = True
7.3621 	EXP 	New trial (rep=1, index=0): None
7.4776 	EXP 	fixCrossR_4: autoDraw = False
7.4776 	EXP 	fixCrossR_4: autoDraw = False
7.4776 	EXP 	image: image = 'stim//horse3.png'
7.4776 	EXP 	image: autoDraw = True
7.4776 	EXP 	fixCrossR_2: autoDraw = True
7.7285 	EXP 	image: autoDraw = False
7.7285 	EXP 	fixCrossR_2: autoDraw = False
7.7285 	EXP 	image: autoDraw = False
7.7285 	EXP 	fixCrossR_2: autoDraw = False
7.7285 	EXP 	fixCrossR_4: autoDraw = True
7.9621 	EXP 	New trial (rep=2, index=0): None
8.1445 	EXP 	fixCrossR_4: autoDraw = False
8.1445 	EXP 	fixCrossR_4: autoDraw = False
8.1445 	EXP 	image: image = 'stim//horse3.png'
8.1445 	EXP 	image: autoDraw = True
8.1445 	EXP 	fixCrossR_2: autoDraw = True
8.3951 	EXP 	image: autoDraw = False
8.3951 	EXP 	fixCrossR_2: autoDraw = False
8.3951 	EXP 	image: autoDraw = False
8.3951 	EXP 	fixCrossR_2: autoDraw = False
8.3951 	EXP 	fixCrossR_4: autoDraw = True
8.7115 	EXP 	fixCrossR_4: autoDraw = False
8.7115 	EXP 	fixCrossR_4: autoDraw = False
8.7115 	EXP 	fixCross: fillColor = <psychopy.colors.Color: black, alpha=1.0>
8.7115 	EXP 	fixCross: borderColor = <psychopy.colors.Color: black, alpha=1.0>
8.7115 	EXP 	text1: foreColor = <psychopy.colors.Color: white, alpha=1.0>
8.7115 	EXP 	text1: height = 0.05
8.7115 	EXP 	text1: height = 0.05
8.7115 	EXP 	text1: height = 0.05
8.7115 	EXP 	text1: text = 'Shoe'
8.7115 	EXP 	text2: foreColor = <psychopy.colors.Color: white, alpha=1.0>
8.7115 	EXP 	text2: height = 0.05
8.7115 	EXP 	text2: height = 0.05
8.7115 	EXP 	text2: height = 0.05
8.7115 	EXP 	text2: text = 'Turtle'
8.7115 	EXP 	text3: foreColor = <psychopy.colors.Color: white, alpha=1.0>
8.7115 	EXP 	text3: height = 0.05
8.7115 	EXP 	text3: height = 0.05
8.7115 	EXP 	text3: height = 0.05
8.7115 	EXP 	text3: text = 'Car'
8.7115 	EXP 	text4: foreColor = <psychopy.colors.Color: white, alpha=1.0>
8.7115 	EXP 	text4: height = 0.05
8.7115 	EXP 	text4: height = 0.05
8.7115 	EXP 	text4: height = 0.05
8.7115 	EXP 	text4: text = 'Horse'
8.7115 	EXP 	text5: foreColor = <psychopy.colors.Color: white, alpha=1.0>
8.7115 	EXP 	text5: height = 0.05
8.7115 	EXP 	text5: height = 0.05
8.7115 	EXP 	text5: height = 0.05
8.7115 	EXP 	text5: text = 'Full Left'
8.7115 	EXP 	text6: foreColor = <psychopy.colors.Color: white, alpha=1.0>
8.7115 	EXP 	text6: height = 0.05
8.7115 	EXP 	text6: height = 0.05
8.7115 	EXP 	text6: height = 0.05
8.7115 	EXP 	text6: text = 'Half Right'
8.7115 	EXP 	text7: foreColor = <psychopy.colors.Color: white, alpha=1.0>
8.7115 	EXP 	text7: height = 0.05
8.7115 	EXP 	text7: height = 0.05
8.7115 	EXP 	text7: height = 0.05
8.7115 	EXP 	text7: text = 'Full Right'
8.7115 	EXP 	text8: foreColor = <psychopy.colors.Color: white, alpha=1.0>
8.7115 	EXP 	text8: height = 0.05
8.7115 	EXP 	text8: height = 0.05
8.7115 	EXP 	text8: height = 0.05
8.7115 	EXP 	text8: text = 'Half Left'
8.7115 	EXP 	num1: foreColor = <psychopy.colors.Color: white, alpha=1.0>
8.7115 	EXP 	num1: height = 0.1
8.7115 	EXP 	num1: height = 0.1
8.7115 	EXP 	num1: height = 0.1
8.7115 	EXP 	num1: text = '1'
8.7115 	EXP 	num2: foreColor = <psychopy.colors.Color: white, alpha=1.0>
8.7115 	EXP 	num2: height = 0.1
8.7115 	EXP 	num2: height = 0.1
8.7115 	EXP 	num2: height = 0.1
8.7115 	EXP 	num2: text = '2'
8.7115 	EXP 	num3: foreColor = <psychopy.colors.Color: white, alpha=1.0>
8.7115 	EXP 	num3: height = 0.1
8.7115 	EXP 	num3: height = 0.1
8.7115 	EXP 	num3: height = 0.1
8.7115 	EXP 	num3: text = '3'
8.7115 	EXP 	num4: foreColor = <psychopy.colors.Color: white, alpha=1.0>
8.7115 	EXP 	num4: height = 0.1
8.7115 	EXP 	num4: height = 0.1
8.7115 	EXP 	num4: height = 0.1
8.7115 	EXP 	num4: text = '4'
8.7115 	EXP 	fixCross: autoDraw = True
8.7115 	EXP 	text1: autoDraw = True
8.7115 	EXP 	text2: autoDraw = True
8.7115 	EXP 	text3: autoDraw = True
8.7115 	EXP 	text4: autoDraw = True
8.7115 	EXP 	text5: autoDraw = True
8.7115 	EXP 	text6: autoDraw = True
8.7115 	EXP 	text7: autoDraw = True
8.7115 	EXP 	text8: autoDraw = True
8.7115 	EXP 	num1: autoDraw = True
8.7115 	EXP 	num2: autoDraw = True
8.7115 	EXP 	num3: autoDraw = True
8.7115 	EXP 	num4: autoDraw = True
9.7702 	DATA 	Keypress: 4
9.7960 	EXP 	fixCross: foreColor = <psychopy.colors.Color: (1.0, 0.0, 1.0, 1.0)>
9.7960 	EXP 	fixCross: borderColor = <psychopy.colors.Color: (1.0, 0.0, 1.0, 1.0)>
9.7960 	EXP 	fixCross: fillColor = <psychopy.colors.Color: (1.0, 0.0, 1.0, 1.0)>
9.7960 	EXP 	text4: foreColor = <psychopy.colors.Color: (1.0, 0.0, 1.0, 1.0)>
9.7960 	EXP 	text8: foreColor = <psychopy.colors.Color: (1.0, 0.0, 1.0, 1.0)>
9.7960 	EXP 	num4: foreColor = <psychopy.colors.Color: (1.0, 0.0, 1.0, 1.0)>
11.6474 	EXP 	fixCross: autoDraw = False
11.6474 	EXP 	text1: autoDraw = False
11.6474 	EXP 	text2: autoDraw = False
11.6474 	EXP 	text3: autoDraw = False
11.6474 	EXP 	text4: autoDraw = False
11.6474 	EXP 	text5: autoDraw = False
11.6474 	EXP 	text6: autoDraw = False
11.6474 	EXP 	text7: autoDraw = False
11.6474 	EXP 	text8: autoDraw = False
11.6474 	EXP 	num1: autoDraw = False
11.6474 	EXP 	num2: autoDraw = False
11.6474 	EXP 	num3: autoDraw = False
11.6474 	EXP 	num4: autoDraw = False
11.6474 	EXP 	fixCross: foreColor = <psychopy.colors.Color: transparent, alpha=1.0>
11.6474 	EXP 	fixCross: borderColor = <psychopy.colors.Color: transparent, alpha=1.0>
11.6474 	EXP 	fixCross: fillColor = <psychopy.colors.Color: transparent, alpha=1.0>
11.6474 	EXP 	text_total: text = ''
11.6474 	EXP 	text_total: height = 0.05
11.6474 	EXP 	text_total: height = 0.05
11.6474 	EXP 	text_total: height = 0.05
11.6474 	EXP 	text_total: text = 'Total: 1'
11.6474 	EXP 	text_acc: height = 0.05
11.6474 	EXP 	text_acc: height = 0.05
11.6474 	EXP 	text_acc: height = 0.05
11.6474 	EXP 	text_acc: text = 'Accuracy: 0.0'
11.6474 	EXP 	fixCrossR: autoDraw = True
11.6474 	EXP 	text_total: autoDraw = True
11.6474 	EXP 	text_acc: autoDraw = True
12.8488 	EXP 	text_total: autoDraw = False
12.8488 	EXP 	text_acc: autoDraw = False
13.9172 	EXP 	New trial (rep=0, index=1): {'category': 'turtle', 'orientation': 1, 'taskCue': 'stim//obj1.png', 'stimfile': 'stim//turtle1.png', 'resp1': 'Half Right', 'resp2': 'Full Left', 'resp3': 'Half Left', 'resp4': 'Full Right', 'resp5': 'Horse', 'resp6': 'Turtle', 'resp7': 'Shoe', 'resp8': 'Car', 'objFirst': 'False', 'interval': 2.495}
13.9328 	EXP 	fixCrossR: autoDraw = False
13.9328 	EXP 	fixCrossR: autoDraw = False
13.9328 	EXP 	text_total: autoDraw = False
13.9328 	EXP 	text_acc: autoDraw = False
13.9328 	EXP 	cue: image = 'stim//obj1.png'
13.9328 	EXP 	cue: autoDraw = True
14.9178 	EXP 	Created sequence: random, trialTypes=1, nReps=3, seed=None
14.9181 	EXP 	New trial (rep=0, index=0): None
15.0346 	EXP 	cue: autoDraw = False
15.0346 	EXP 	image: image = 'stim//turtle1.png'
15.0346 	EXP 	image: autoDraw = True
15.0346 	EXP 	fixCrossR_2: autoDraw = True
15.2839 	EXP 	image: autoDraw = False
15.2839 	EXP 	fixCrossR_2: autoDraw = False
15.2839 	EXP 	image: autoDraw = False
15.2839 	EXP 	fixCrossR_2: autoDraw = False
15.2839 	EXP 	fixCrossR_4: autoDraw = True
15.5183 	EXP 	New trial (rep=1, index=0): None
15.6313 	DATA 	Keypress: escape
15.6362 	EXP 	fixCrossR_4: autoDraw = False
15.6362 	EXP 	fixCrossR_4: autoDraw = False
15.6362 	EXP 	image: image = 'stim//turtle1.png'
15.6362 	EXP 	image: autoDraw = True
15.6362 	EXP 	fixCrossR_2: autoDraw = True
15.7692 	EXP 	pilotv2: status = STOPPED
15.7843 	EXP 	image: autoDraw = False
15.7843 	EXP 	fixCrossR_2: autoDraw = False
15.7844 	EXP 	pilotv2: status = STOPPED
16.0020 	EXP 	window1: mouseVisible = True
