3.7396 	ERROR 	Support for the `sounddevice` audio backend is not available this session. Please install `psychopy-sounddevice` and restart the session to enable support.
148.6236 	WARNING 	User requested fullscreen with size [1280  720], but screen is actually [1920, 1080]. Using actual size
149.4634 	EXP 	Created window1 = Window(allowGUI=True, allowStencil=False, autoLog=True, backendConf=UNKNOWN, backgroundFit=<method-wrapper '__getattribute__' of attributeSetter object at 0x00000280B8136BE0>, backgroundImage=<method-wrapper '__getattribute__' of attributeSetter object at 0x00000280B8136B80>, bitsMode=UNKNOWN, blendMode='avg', bpc=(8, 8, 8), color=array([-0.2235, -0.2314, -0.2314]), colorSpace='rgb', depthBits=8, fullscr=<method-wrapper '__getattribute__' of attributeSetter object at 0x00000280B81369D0>, gamma=None, gammaErrorPolicy='raise', lms=UNKNOWN, monitor=<psychopy.monitors.calibTools.Monitor object at 0x00000280B8678430>, multiSample=False, name='window1', numSamples=2, pos=(0, 0), screen=0, size=array([1920, 1080]), stencilBits=0, stereo=False, title='PsychoPy', units='height', useFBO=True, useRetina=False, viewOri=0.0, viewPos=None, viewScale=None, waitBlanking=True, winType='pyglet')
149.4635 	EXP 	window1: mouseVisible = True
149.4635 	EXP 	window1: backgroundImage = ''
149.4635 	EXP 	window1: backgroundFit = 'none'
149.4650 	EXP 	window1: Attempting to measure frame rate of screen (0) ...
149.4650 	EXP 	window1: recordFrameIntervals = False
149.6297 	EXP 	window1: recordFrameIntervals = True
149.8115 	EXP 	Screen (0) actual frame rate measured at 60.50Hz
149.8115 	EXP 	window1: recordFrameIntervals = False
149.8117 	EXP 	window1: mouseVisible = False
152.0879 	EXP 	pilotv1: status = STARTED
152.0884 	EXP 	window1: mouseVisible = True
152.1880 	EXP 	Created welcometext = TextStim(__class__=<class 'psychopy.visual.text.TextStim'>, alignHoriz=method-wrapper(...), alignText='center', alignVert=method-wrapper(...), anchorHoriz='center', anchorVert='center', antialias=True, autoDraw=False, autoLog=True, bold=False, color=array([1., 1., 1.]), colorSpace='rgb', contrast=1.0, depth=0.0, draggable=False, flipHoriz=False, flipVert=False, font='Open Sans', fontFiles=[], height=0.05, italic=False, languageStyle='LTR', name='welcometext', opacity=1.0, ori=0.0, pos=array([0., 0.]), rgb=UNKNOWN, text=str(...), units='height', win=Window(...), wrapWidth=1)
152.1881 	EXP 	window1: mouseVisible = True
152.1997 	EXP 	Created instr_2 = TextStim(__class__=<class 'psychopy.visual.text.TextStim'>, alignHoriz=method-wrapper(...), alignText='center', alignVert=method-wrapper(...), anchorHoriz='center', anchorVert='center', antialias=True, autoDraw=False, autoLog=True, bold=False, color=array([1., 1., 1.]), colorSpace='rgb', contrast=1.0, depth=0.0, draggable=False, flipHoriz=False, flipVert=False, font='Open Sans', fontFiles=[], height=0.05, italic=False, languageStyle='LTR', name='instr_2', opacity=1.0, ori=0.0, pos=array([0., 0.]), rgb=UNKNOWN, text=str(...), units='height', win=Window(...), wrapWidth=1)
152.1999 	EXP 	window1: mouseVisible = True
152.2107 	EXP 	Created text_2 = TextStim(__class__=<class 'psychopy.visual.text.TextStim'>, alignHoriz=method-wrapper(...), alignText='center', alignVert=method-wrapper(...), anchorHoriz='center', anchorVert='center', antialias=True, autoDraw=False, autoLog=True, bold=False, color=array([1., 1., 1.]), colorSpace='rgb', contrast=1.0, depth=-1.0, draggable=False, flipHoriz=False, flipVert=False, font='Open Sans', fontFiles=[], height=0.05, italic=False, languageStyle='LTR', name='text_2', opacity=1.0, ori=0.0, pos=array([0., 0.]), rgb=UNKNOWN, text=str(...), units='height', win=Window(...), wrapWidth=1)
152.2108 	EXP 	window1: mouseVisible = True
152.6008 	EXP 	Created image_2 = ImageStim(__class__=<class 'psychopy.visual.image.ImageStim'>, anchor=('center', 'center'), autoLog=True, color=array([1., 1., 1.]), colorSpace='rgb', contrast=1.0, depth=-2.0, draggable=False, flipHoriz=False, flipVert=False, image='stim/car2.png', interpolate=True, mask=None, maskParams=None, name='image_2', opacity=1.0, ori=0.0, pos=array([0.  , 0.18]), size=array([0.3, 0.3]), texRes=128.0, units='height', win=Window(...))
152.6010 	EXP 	window1: mouseVisible = True
152.6060 	EXP 	Created image_3 = ImageStim(__class__=<class 'psychopy.visual.image.ImageStim'>, anchor=('center', 'center'), autoLog=True, color=array([1., 1., 1.]), colorSpace='rgb', contrast=1.0, depth=-1.0, draggable=False, flipHoriz=False, flipVert=False, image='stim/obj1.png', interpolate=True, mask=None, maskParams=None, name='image_3', opacity=1.0, ori=0.0, pos=array([-0.1 ,  0.25]), size=array([0.15, 0.15]), texRes=128.0, units='height', win=Window(...))
152.6061 	EXP 	window1: mouseVisible = True
152.6112 	EXP 	Created image_4 = ImageStim(__class__=<class 'psychopy.visual.image.ImageStim'>, anchor=('center', 'center'), autoLog=True, color=array([1., 1., 1.]), colorSpace='rgb', contrast=1.0, depth=-2.0, draggable=False, flipHoriz=False, flipVert=False, image='stim/obj2.png', interpolate=True, mask=None, maskParams=None, name='image_4', opacity=1.0, ori=0.0, pos=array([0.1 , 0.25]), size=array([0.15, 0.15]), texRes=128.0, units='height', win=Window(...))
152.6114 	EXP 	window1: mouseVisible = True
152.9839 	EXP 	Created image_5 = ImageStim(__class__=<class 'psychopy.visual.image.ImageStim'>, anchor=('center', 'center'), autoLog=True, color=array([1., 1., 1.]), colorSpace='rgb', contrast=1.0, depth=-3.0, draggable=False, flipHoriz=False, flipVert=False, image='stim/car2.png', interpolate=True, mask=None, maskParams=None, name='image_5', opacity=1.0, ori=0.0, pos=array([-0.33, -0.05]), size=array([0.2, 0.2]), texRes=128.0, units='height', win=Window(...))
152.9840 	EXP 	window1: mouseVisible = True
153.3458 	EXP 	Created image_6 = ImageStim(__class__=<class 'psychopy.visual.image.ImageStim'>, anchor=('center', 'center'), autoLog=True, color=array([1., 1., 1.]), colorSpace='rgb', contrast=1.0, depth=-4.0, draggable=False, flipHoriz=False, flipVert=False, image='stim/turtle3.png', interpolate=True, mask=None, maskParams=None, name='image_6', opacity=1.0, ori=0.0, pos=array([-0.11, -0.05]), size=array([0.2, 0.2]), texRes=128.0, units='height', win=Window(...))
153.3460 	EXP 	window1: mouseVisible = True
153.7152 	EXP 	Created image_22 = ImageStim(__class__=<class 'psychopy.visual.image.ImageStim'>, anchor=('center', 'center'), autoLog=True, color=array([1., 1., 1.]), colorSpace='rgb', contrast=1.0, depth=-5.0, draggable=False, flipHoriz=False, flipVert=False, image='stim/shoe4.png', interpolate=True, mask=None, maskParams=None, name='image_22', opacity=1.0, ori=0.0, pos=array([ 0.11, -0.05]), size=array([0.2, 0.2]), texRes=128.0, units='height', win=Window(...))
153.7153 	EXP 	window1: mouseVisible = True
154.0908 	EXP 	Created image_23 = ImageStim(__class__=<class 'psychopy.visual.image.ImageStim'>, anchor=('center', 'center'), autoLog=True, color=array([1., 1., 1.]), colorSpace='rgb', contrast=1.0, depth=-6.0, draggable=False, flipHoriz=False, flipVert=False, image='stim/horse1.png', interpolate=True, mask=None, maskParams=None, name='image_23', opacity=1.0, ori=0.0, pos=array([ 0.33, -0.05]), size=array([0.2, 0.2]), texRes=128.0, units='height', win=Window(...))
154.0910 	EXP 	window1: mouseVisible = True
154.1128 	EXP 	Created text_3 = TextStim(__class__=<class 'psychopy.visual.text.TextStim'>, alignHoriz=method-wrapper(...), alignText='center', alignVert=method-wrapper(...), anchorHoriz='center', anchorVert='center', antialias=True, autoDraw=False, autoLog=True, bold=False, color=array([1., 1., 1.]), colorSpace='rgb', contrast=1.0, depth=-7.0, draggable=False, flipHoriz=False, flipVert=False, font='Open Sans', fontFiles=[], height=0.05, italic=False, languageStyle='LTR', name='text_3', opacity=1.0, ori=0.0, pos=array([0., 0.]), rgb=UNKNOWN, text=str(...), units='height', win=Window(...), wrapWidth=1)
154.1129 	EXP 	window1: mouseVisible = True
154.1184 	EXP 	Created image_7 = ImageStim(__class__=<class 'psychopy.visual.image.ImageStim'>, anchor=('center', 'center'), autoLog=True, color=array([1., 1., 1.]), colorSpace='rgb', contrast=1.0, depth=0.0, draggable=False, flipHoriz=False, flipVert=False, image='stim/ori1.png', interpolate=True, mask=None, maskParams=None, name='image_7', opacity=1.0, ori=0.0, pos=array([-0.1 ,  0.25]), size=array([0.15, 0.15]), texRes=128.0, units='height', win=Window(...))
154.1185 	EXP 	window1: mouseVisible = True
154.1230 	EXP 	Created image_8 = ImageStim(__class__=<class 'psychopy.visual.image.ImageStim'>, anchor=('center', 'center'), autoLog=True, color=array([1., 1., 1.]), colorSpace='rgb', contrast=1.0, depth=-1.0, draggable=False, flipHoriz=False, flipVert=False, image='stim/ori2.png', interpolate=True, mask=None, maskParams=None, name='image_8', opacity=1.0, ori=0.0, pos=array([0.1 , 0.25]), size=array([0.15, 0.15]), texRes=128.0, units='height', win=Window(...))
154.1231 	EXP 	window1: mouseVisible = True
154.7313 	EXP 	Created image_9 = ImageStim(__class__=<class 'psychopy.visual.image.ImageStim'>, anchor=('center', 'center'), autoLog=True, color=array([1., 1., 1.]), colorSpace='rgb', contrast=1.0, depth=-2.0, draggable=False, flipHoriz=False, flipVert=False, image='stim/car1.png', interpolate=True, mask=None, maskParams=None, name='image_9', opacity=1.0, ori=0.0, pos=array([-0.4 , -0.06]), size=array([0.2, 0.2]), texRes=128.0, units='height', win=Window(...))
154.7314 	EXP 	window1: mouseVisible = True
155.1662 	EXP 	Created image_10 = ImageStim(__class__=<class 'psychopy.visual.image.ImageStim'>, anchor=('center', 'center'), autoLog=True, color=array([1., 1., 1.]), colorSpace='rgb', contrast=1.0, depth=-3.0, draggable=False, flipHoriz=False, flipVert=False, image='stim/car2.png', interpolate=True, mask=None, maskParams=None, name='image_10', opacity=1.0, ori=0.0, pos=array([-0.15, -0.06]), size=array([0.2, 0.2]), texRes=128.0, units='height', win=Window(...))
155.1663 	EXP 	window1: mouseVisible = True
155.5404 	EXP 	Created image_11 = ImageStim(__class__=<class 'psychopy.visual.image.ImageStim'>, anchor=('center', 'center'), autoLog=True, color=array([1., 1., 1.]), colorSpace='rgb', contrast=1.0, depth=-4.0, draggable=False, flipHoriz=False, flipVert=False, image='stim/car3.png', interpolate=True, mask=None, maskParams=None, name='image_11', opacity=1.0, ori=0.0, pos=array([ 0.13, -0.06]), size=array([0.2, 0.2]), texRes=128.0, units='height', win=Window(...))
155.5405 	EXP 	window1: mouseVisible = True
155.9138 	EXP 	Created image_12 = ImageStim(__class__=<class 'psychopy.visual.image.ImageStim'>, anchor=('center', 'center'), autoLog=True, color=array([1., 1., 1.]), colorSpace='rgb', contrast=1.0, depth=-5.0, draggable=False, flipHoriz=False, flipVert=False, image='stim/car4.png', interpolate=True, mask=None, maskParams=None, name='image_12', opacity=1.0, ori=0.0, pos=array([ 0.39, -0.06]), size=array([0.2, 0.2]), texRes=128.0, units='height', win=Window(...))
155.9139 	EXP 	window1: mouseVisible = True
155.9242 	EXP 	Created text_4 = TextStim(__class__=<class 'psychopy.visual.text.TextStim'>, alignHoriz=method-wrapper(...), alignText='center', alignVert=method-wrapper(...), anchorHoriz='center', anchorVert='center', antialias=True, autoDraw=False, autoLog=True, bold=False, color=array([1., 1., 1.]), colorSpace='rgb', contrast=1.0, depth=-6.0, draggable=False, flipHoriz=False, flipVert=False, font='Open Sans', fontFiles=[], height=0.05, italic=False, languageStyle='LTR', name='text_4', opacity=1.0, ori=0.0, pos=array([0., 0.]), rgb=UNKNOWN, text=str(...), units='height', win=Window(...), wrapWidth=1)
155.9243 	EXP 	window1: mouseVisible = True
155.9318 	EXP 	Created text_5 = TextStim(__class__=<class 'psychopy.visual.text.TextStim'>, alignHoriz=method-wrapper(...), alignText='center', alignVert=method-wrapper(...), anchorHoriz='center', anchorVert='center', antialias=True, autoDraw=False, autoLog=True, bold=False, color=array([1., 1., 1.]), colorSpace='rgb', contrast=1.0, depth=-1.0, draggable=False, flipHoriz=False, flipVert=False, font='Open Sans', fontFiles=[], height=0.05, italic=False, languageStyle='LTR', name='text_5', opacity=1.0, ori=0.0, pos=array([0., 0.]), rgb=UNKNOWN, text=str(...), units='height', win=Window(...), wrapWidth=1)
155.9319 	EXP 	window1: mouseVisible = True
155.9358 	EXP 	Created image_13 = ImageStim(__class__=<class 'psychopy.visual.image.ImageStim'>, anchor=('center', 'center'), autoLog=True, color=array([1., 1., 1.]), colorSpace='rgb', contrast=1.0, depth=-2.0, draggable=False, flipHoriz=False, flipVert=False, image='stim/obj1.png', interpolate=True, mask=None, maskParams=None, name='image_13', opacity=1.0, ori=0.0, pos=array([-0.45,  0.06]), size=array([0.15, 0.15]), texRes=128.0, units='height', win=Window(...))
155.9359 	EXP 	window1: mouseVisible = True
155.9395 	EXP 	Created image_14 = ImageStim(__class__=<class 'psychopy.visual.image.ImageStim'>, anchor=('center', 'center'), autoLog=True, color=array([1., 1., 1.]), colorSpace='rgb', contrast=1.0, depth=-3.0, draggable=False, flipHoriz=False, flipVert=False, image='stim/obj2.png', interpolate=True, mask=None, maskParams=None, name='image_14', opacity=1.0, ori=0.0, pos=array([-0.25,  0.06]), size=array([0.15, 0.15]), texRes=128.0, units='height', win=Window(...))
155.9396 	EXP 	window1: mouseVisible = True
155.9430 	EXP 	Created image_15 = ImageStim(__class__=<class 'psychopy.visual.image.ImageStim'>, anchor=('center', 'center'), autoLog=True, color=array([1., 1., 1.]), colorSpace='rgb', contrast=1.0, depth=-4.0, draggable=False, flipHoriz=False, flipVert=False, image='stim/ori1.png', interpolate=True, mask=None, maskParams=None, name='image_15', opacity=1.0, ori=0.0, pos=array([0.25, 0.06]), size=array([0.15, 0.15]), texRes=128.0, units='height', win=Window(...))
155.9431 	EXP 	window1: mouseVisible = True
155.9467 	EXP 	Created image_16 = ImageStim(__class__=<class 'psychopy.visual.image.ImageStim'>, anchor=('center', 'center'), autoLog=True, color=array([1., 1., 1.]), colorSpace='rgb', contrast=1.0, depth=-5.0, draggable=False, flipHoriz=False, flipVert=False, image='stim/ori2.png', interpolate=True, mask=None, maskParams=None, name='image_16', opacity=1.0, ori=0.0, pos=array([0.45, 0.06]), size=array([0.15, 0.15]), texRes=128.0, units='height', win=Window(...))
155.9468 	EXP 	window1: mouseVisible = True
155.9704 	EXP 	Created text_6 = TextStim(__class__=<class 'psychopy.visual.text.TextStim'>, alignHoriz=method-wrapper(...), alignText='center', alignVert=method-wrapper(...), anchorHoriz='center', anchorVert='center', antialias=True, autoDraw=False, autoLog=True, bold=False, color=array([1., 1., 1.]), colorSpace='rgb', contrast=1.0, depth=-6.0, draggable=False, flipHoriz=False, flipVert=False, font='Open Sans', fontFiles=[], height=0.05, italic=False, languageStyle='LTR', name='text_6', opacity=1.0, ori=0.0, pos=array([-0.4, -0.1]), rgb=UNKNOWN, text='  Which object was it?', units='height', win=Window(...), wrapWidth=1)
155.9705 	EXP 	window1: mouseVisible = True
155.9733 	EXP 	Created text_7 = TextStim(__class__=<class 'psychopy.visual.text.TextStim'>, alignHoriz=method-wrapper(...), alignText='center', alignVert=method-wrapper(...), anchorHoriz='center', anchorVert='center', antialias=True, autoDraw=False, autoLog=True, bold=False, color=array([1., 1., 1.]), colorSpace='rgb', contrast=1.0, depth=-7.0, draggable=False, flipHoriz=False, flipVert=False, font='Open Sans', fontFiles=[], height=0.05, italic=False, languageStyle='LTR', name='text_7', opacity=1.0, ori=0.0, pos=array([ 0.4, -0.1]), rgb=UNKNOWN, text='Which way was it facing?', units='height', win=Window(...), wrapWidth=1)
155.9734 	EXP 	window1: mouseVisible = True
155.9790 	EXP 	Created text_8 = TextStim(__class__=<class 'psychopy.visual.text.TextStim'>, alignHoriz=method-wrapper(...), alignText='center', alignVert=method-wrapper(...), anchorHoriz='center', anchorVert='center', antialias=True, autoDraw=False, autoLog=True, bold=False, color=array([1., 1., 1.]), colorSpace='rgb', contrast=1.0, depth=0.0, draggable=False, flipHoriz=False, flipVert=False, font='Open Sans', fontFiles=[], height=0.05, italic=False, languageStyle='LTR', name='text_8', opacity=1.0, ori=0.0, pos=array([0., 0.]), rgb=UNKNOWN, text=str(...), units='height', win=Window(...), wrapWidth=1)
155.9792 	EXP 	window1: mouseVisible = True
155.9793 	EXP 	window1: mouseVisible = True
155.9798 	EXP 	window1: mouseVisible = True
155.9802 	EXP 	window1: mouseVisible = True
156.0146 	EXP 	window1: mouseVisible = True
156.0148 	EXP 	window1: mouseVisible = True
156.0152 	EXP 	window1: mouseVisible = True
156.0156 	EXP 	window1: mouseVisible = True
156.0257 	EXP 	window1: mouseVisible = True
156.0259 	EXP 	window1: mouseVisible = True
156.0261 	EXP 	window1: mouseVisible = True
156.0265 	EXP 	window1: mouseVisible = True
156.0269 	EXP 	window1: mouseVisible = True
156.0356 	EXP 	window1: mouseVisible = True
156.0358 	EXP 	window1: mouseVisible = True
156.0362 	EXP 	window1: mouseVisible = True
156.0366 	EXP 	window1: mouseVisible = True
156.0402 	EXP 	window1: mouseVisible = True
156.0403 	EXP 	window1: mouseVisible = True
156.0439 	EXP 	Created image_17 = ImageStim(__class__=<class 'psychopy.visual.image.ImageStim'>, anchor=('center', 'center'), autoLog=True, color=array([1., 1., 1.]), colorSpace='rgb', contrast=1.0, depth=-3.0, draggable=False, flipHoriz=False, flipVert=False, image='stim/ori1.png', interpolate=True, mask=None, maskParams=None, name='image_17', opacity=1.0, ori=0.0, pos=array([0.  , 0.23]), size=array([0.15, 0.15]), texRes=128.0, units='height', win=Window(...))
156.0440 	EXP 	window1: mouseVisible = True
156.0496 	EXP 	Created text_9 = TextStim(__class__=<class 'psychopy.visual.text.TextStim'>, alignHoriz=method-wrapper(...), alignText='center', alignVert=method-wrapper(...), anchorHoriz='center', anchorVert='center', antialias=True, autoDraw=False, autoLog=True, bold=False, color=array([1., 1., 1.]), colorSpace='rgb', contrast=1.0, depth=0.0, draggable=False, flipHoriz=False, flipVert=False, font='Open Sans', fontFiles=[], height=0.05, italic=False, languageStyle='LTR', name='text_9', opacity=1.0, ori=0.0, pos=array([0., 0.]), rgb=UNKNOWN, text=str(...), units='height', win=Window(...), wrapWidth=1)
156.0498 	EXP 	window1: mouseVisible = True
156.0499 	EXP 	window1: mouseVisible = True
156.0503 	EXP 	window1: mouseVisible = True
156.0507 	EXP 	window1: mouseVisible = True
156.0546 	EXP 	window1: mouseVisible = True
156.0547 	EXP 	window1: mouseVisible = True
156.0551 	EXP 	window1: mouseVisible = True
156.0555 	EXP 	window1: mouseVisible = True
156.0589 	EXP 	window1: mouseVisible = True
156.0591 	EXP 	window1: mouseVisible = True
156.0592 	EXP 	window1: mouseVisible = True
156.0596 	EXP 	window1: mouseVisible = True
156.0600 	EXP 	window1: mouseVisible = True
156.0638 	EXP 	window1: mouseVisible = True
156.0640 	EXP 	window1: mouseVisible = True
156.0644 	EXP 	window1: mouseVisible = True
156.0648 	EXP 	window1: mouseVisible = True
156.0685 	EXP 	window1: mouseVisible = True
156.0686 	EXP 	window1: mouseVisible = True
156.0723 	EXP 	Created image_18 = ImageStim(__class__=<class 'psychopy.visual.image.ImageStim'>, anchor=('center', 'center'), autoLog=True, color=array([1., 1., 1.]), colorSpace='rgb', contrast=1.0, depth=-3.0, draggable=False, flipHoriz=False, flipVert=False, image='stim/obj2.png', interpolate=True, mask=None, maskParams=None, name='image_18', opacity=1.0, ori=0.0, pos=array([0.  , 0.23]), size=array([0.15, 0.15]), texRes=128.0, units='height', win=Window(...))
156.0724 	EXP 	window1: mouseVisible = True
156.0778 	EXP 	Created text_10 = TextStim(__class__=<class 'psychopy.visual.text.TextStim'>, alignHoriz=method-wrapper(...), alignText='center', alignVert=method-wrapper(...), anchorHoriz='center', anchorVert='center', antialias=True, autoDraw=False, autoLog=True, bold=False, color=array([1., 1., 1.]), colorSpace='rgb', contrast=1.0, depth=0.0, draggable=False, flipHoriz=False, flipVert=False, font='Open Sans', fontFiles=[], height=0.05, italic=False, languageStyle='LTR', name='text_10', opacity=1.0, ori=0.0, pos=array([0., 0.]), rgb=UNKNOWN, text=str(...), units='height', win=Window(...), wrapWidth=1)
156.0780 	EXP 	window1: mouseVisible = True
156.0781 	EXP 	window1: mouseVisible = True
156.0786 	EXP 	window1: mouseVisible = True
156.0789 	EXP 	window1: mouseVisible = True
156.0831 	EXP 	window1: mouseVisible = True
156.0832 	EXP 	window1: mouseVisible = True
156.0843 	EXP 	window1: mouseVisible = True
156.0848 	EXP 	window1: mouseVisible = True
156.0893 	EXP 	window1: mouseVisible = True
156.0895 	EXP 	window1: mouseVisible = True
156.0897 	EXP 	window1: mouseVisible = True
156.0901 	EXP 	window1: mouseVisible = True
156.0905 	EXP 	window1: mouseVisible = True
156.0943 	EXP 	window1: mouseVisible = True
156.0945 	EXP 	window1: mouseVisible = True
156.0949 	EXP 	window1: mouseVisible = True
156.0953 	EXP 	window1: mouseVisible = True
156.0987 	EXP 	window1: mouseVisible = True
156.0988 	EXP 	window1: mouseVisible = True
156.1024 	EXP 	Created image_19 = ImageStim(__class__=<class 'psychopy.visual.image.ImageStim'>, anchor=('center', 'center'), autoLog=True, color=array([1., 1., 1.]), colorSpace='rgb', contrast=1.0, depth=-3.0, draggable=False, flipHoriz=False, flipVert=False, image='stim/ori2.png', interpolate=True, mask=None, maskParams=None, name='image_19', opacity=1.0, ori=0.0, pos=array([0.  , 0.23]), size=array([0.15, 0.15]), texRes=128.0, units='height', win=Window(...))
156.1025 	EXP 	window1: mouseVisible = True
156.1081 	EXP 	Created text_11 = TextStim(__class__=<class 'psychopy.visual.text.TextStim'>, alignHoriz=method-wrapper(...), alignText='center', alignVert=method-wrapper(...), anchorHoriz='center', anchorVert='center', antialias=True, autoDraw=False, autoLog=True, bold=False, color=array([1., 1., 1.]), colorSpace='rgb', contrast=1.0, depth=0.0, draggable=False, flipHoriz=False, flipVert=False, font='Open Sans', fontFiles=[], height=0.05, italic=False, languageStyle='LTR', name='text_11', opacity=1.0, ori=0.0, pos=array([0., 0.]), rgb=UNKNOWN, text=str(...), units='height', win=Window(...), wrapWidth=1)
156.1083 	EXP 	window1: mouseVisible = True
156.1084 	EXP 	window1: mouseVisible = True
156.1090 	EXP 	window1: mouseVisible = True
156.1094 	EXP 	window1: mouseVisible = True
156.1136 	EXP 	window1: mouseVisible = True
156.1138 	EXP 	window1: mouseVisible = True
156.1142 	EXP 	window1: mouseVisible = True
156.1146 	EXP 	window1: mouseVisible = True
156.1183 	EXP 	window1: mouseVisible = True
156.1185 	EXP 	window1: mouseVisible = True
156.1186 	EXP 	window1: mouseVisible = True
156.1191 	EXP 	window1: mouseVisible = True
156.1195 	EXP 	window1: mouseVisible = True
156.1236 	EXP 	window1: mouseVisible = True
156.1237 	EXP 	window1: mouseVisible = True
156.1242 	EXP 	window1: mouseVisible = True
156.1246 	EXP 	window1: mouseVisible = True
156.1283 	EXP 	window1: mouseVisible = True
156.1284 	EXP 	window1: mouseVisible = True
156.1322 	EXP 	Created image_20 = ImageStim(__class__=<class 'psychopy.visual.image.ImageStim'>, anchor=('center', 'center'), autoLog=True, color=array([1., 1., 1.]), colorSpace='rgb', contrast=1.0, depth=-3.0, draggable=False, flipHoriz=False, flipVert=False, image='stim/obj1.png', interpolate=True, mask=None, maskParams=None, name='image_20', opacity=1.0, ori=0.0, pos=array([0.  , 0.23]), size=array([0.15, 0.15]), texRes=128.0, units='height', win=Window(...))
156.1324 	EXP 	window1: mouseVisible = True
156.1395 	EXP 	Created text_12 = TextStim(__class__=<class 'psychopy.visual.text.TextStim'>, alignHoriz=method-wrapper(...), alignText='center', alignVert=method-wrapper(...), anchorHoriz='center', anchorVert='center', antialias=True, autoDraw=False, autoLog=True, bold=False, color=array([1., 1., 1.]), colorSpace='rgb', contrast=1.0, depth=0.0, draggable=False, flipHoriz=False, flipVert=False, font='Open Sans', fontFiles=[], height=0.05, italic=False, languageStyle='LTR', name='text_12', opacity=1.0, ori=0.0, pos=array([0., 0.]), rgb=UNKNOWN, text=str(...), units='height', win=Window(...), wrapWidth=1)
156.1397 	EXP 	window1: mouseVisible = True
156.1544 	EXP 	Created text_13 = TextStim(__class__=<class 'psychopy.visual.text.TextStim'>, alignHoriz=method-wrapper(...), alignText='center', alignVert=method-wrapper(...), anchorHoriz='center', anchorVert='center', antialias=True, autoDraw=False, autoLog=True, bold=False, color=array([1., 1., 1.]), colorSpace='rgb', contrast=1.0, depth=-1.0, draggable=False, flipHoriz=False, flipVert=False, font='Open Sans', fontFiles=[], height=0.05, italic=False, languageStyle='LTR', name='text_13', opacity=1.0, ori=0.0, pos=array([0., 0.]), rgb=UNKNOWN, text=str(...), units='height', win=Window(...), wrapWidth=1)
156.1545 	EXP 	window1: mouseVisible = True
156.1877 	EXP 	Created image_25 = ImageStim(__class__=<class 'psychopy.visual.image.ImageStim'>, anchor=('center', 'center'), autoLog=True, color=array([1., 1., 1.]), colorSpace='rgb', contrast=1.0, depth=-2.0, draggable=False, flipHoriz=False, flipVert=False, image='stim/response_instr.png', interpolate=True, mask=None, maskParams=None, name='image_25', opacity=1.0, ori=0.0, pos=array([0.  , 0.13]), size=array([0.7 , 0.21]), texRes=128.0, units='height', win=Window(...))
156.1878 	EXP 	window1: mouseVisible = True
156.2047 	EXP 	Created text_14 = TextStim(__class__=<class 'psychopy.visual.text.TextStim'>, alignHoriz=method-wrapper(...), alignText='center', alignVert=method-wrapper(...), anchorHoriz='center', anchorVert='center', antialias=True, autoDraw=False, autoLog=True, bold=False, color=array([1., 1., 1.]), colorSpace='rgb', contrast=1.0, depth=-1.0, draggable=False, flipHoriz=False, flipVert=False, font='Open Sans', fontFiles=[], height=0.05, italic=False, languageStyle='LTR', name='text_14', opacity=1.0, ori=0.0, pos=array([0., 0.]), rgb=UNKNOWN, text=str(...), units='height', win=Window(...), wrapWidth=1)
156.2048 	EXP 	window1: mouseVisible = True
156.2287 	EXP 	Created image_24 = ImageStim(__class__=<class 'psychopy.visual.image.ImageStim'>, anchor=('center', 'center'), autoLog=True, color=array([1., 1., 1.]), colorSpace='rgb', contrast=1.0, depth=-2.0, draggable=False, flipHoriz=False, flipVert=False, image='stim/response_instr.png', interpolate=True, mask=None, maskParams=None, name='image_24', opacity=1.0, ori=0.0, pos=array([0.  , 0.13]), size=array([0.7 , 0.21]), texRes=128.0, units='height', win=Window(...))
156.2289 	EXP 	window1: mouseVisible = True
156.2380 	EXP 	Created text_15 = TextStim(__class__=<class 'psychopy.visual.text.TextStim'>, alignHoriz=method-wrapper(...), alignText='center', alignVert=method-wrapper(...), anchorHoriz='center', anchorVert='center', antialias=True, autoDraw=False, autoLog=True, bold=False, color=array([1., 1., 1.]), colorSpace='rgb', contrast=1.0, depth=-1.0, draggable=False, flipHoriz=False, flipVert=False, font='Open Sans', fontFiles=[], height=0.05, italic=False, languageStyle='LTR', name='text_15', opacity=1.0, ori=0.0, pos=array([0., 0.]), rgb=UNKNOWN, text=str(...), units='height', win=Window(...), wrapWidth=1)
156.2382 	EXP 	window1: mouseVisible = True
156.2647 	EXP 	Created image_21 = ImageStim(__class__=<class 'psychopy.visual.image.ImageStim'>, anchor=('center', 'center'), autoLog=True, color=array([1., 1., 1.]), colorSpace='rgb', contrast=1.0, depth=-2.0, draggable=False, flipHoriz=False, flipVert=False, image='stim/response_instr.png', interpolate=True, mask=None, maskParams=None, name='image_21', opacity=1.0, ori=0.0, pos=array([0.  , 0.25]), size=array([0.7 , 0.21]), texRes=128.0, units='height', win=Window(...))
156.2648 	EXP 	window1: mouseVisible = True
156.2707 	EXP 	Created text_5 = TextStim(__class__=<class 'psychopy.visual.text.TextStim'>, alignHoriz=method-wrapper(...), alignText='center', alignVert=method-wrapper(...), anchorHoriz='center', anchorVert='center', antialias=True, autoDraw=False, autoLog=True, bold=False, color=array([1., 1., 1.]), colorSpace='rgb', contrast=1.0, depth=-1.0, draggable=False, flipHoriz=False, flipVert=False, font='Open Sans', fontFiles=[], height=0.05, italic=False, languageStyle='LTR', name='text_5', opacity=1.0, ori=0.0, pos=array([0., 0.]), rgb=UNKNOWN, text=str(...), units='height', win=Window(...), wrapWidth=1)
156.2708 	EXP 	window1: mouseVisible = True
156.2745 	EXP 	Created image_13 = ImageStim(__class__=<class 'psychopy.visual.image.ImageStim'>, anchor=('center', 'center'), autoLog=True, color=array([1., 1., 1.]), colorSpace='rgb', contrast=1.0, depth=-2.0, draggable=False, flipHoriz=False, flipVert=False, image='stim/obj1.png', interpolate=True, mask=None, maskParams=None, name='image_13', opacity=1.0, ori=0.0, pos=array([-0.45,  0.06]), size=array([0.15, 0.15]), texRes=128.0, units='height', win=Window(...))
156.2746 	EXP 	window1: mouseVisible = True
156.2783 	EXP 	Created image_14 = ImageStim(__class__=<class 'psychopy.visual.image.ImageStim'>, anchor=('center', 'center'), autoLog=True, color=array([1., 1., 1.]), colorSpace='rgb', contrast=1.0, depth=-3.0, draggable=False, flipHoriz=False, flipVert=False, image='stim/obj2.png', interpolate=True, mask=None, maskParams=None, name='image_14', opacity=1.0, ori=0.0, pos=array([-0.25,  0.06]), size=array([0.15, 0.15]), texRes=128.0, units='height', win=Window(...))
156.2784 	EXP 	window1: mouseVisible = True
156.2820 	EXP 	Created image_15 = ImageStim(__class__=<class 'psychopy.visual.image.ImageStim'>, anchor=('center', 'center'), autoLog=True, color=array([1., 1., 1.]), colorSpace='rgb', contrast=1.0, depth=-4.0, draggable=False, flipHoriz=False, flipVert=False, image='stim/ori1.png', interpolate=True, mask=None, maskParams=None, name='image_15', opacity=1.0, ori=0.0, pos=array([0.25, 0.06]), size=array([0.15, 0.15]), texRes=128.0, units='height', win=Window(...))
156.2821 	EXP 	window1: mouseVisible = True
156.2856 	EXP 	Created image_16 = ImageStim(__class__=<class 'psychopy.visual.image.ImageStim'>, anchor=('center', 'center'), autoLog=True, color=array([1., 1., 1.]), colorSpace='rgb', contrast=1.0, depth=-5.0, draggable=False, flipHoriz=False, flipVert=False, image='stim/ori2.png', interpolate=True, mask=None, maskParams=None, name='image_16', opacity=1.0, ori=0.0, pos=array([0.45, 0.06]), size=array([0.15, 0.15]), texRes=128.0, units='height', win=Window(...))
156.2858 	EXP 	window1: mouseVisible = True
156.2889 	EXP 	Created text_6 = TextStim(__class__=<class 'psychopy.visual.text.TextStim'>, alignHoriz=method-wrapper(...), alignText='center', alignVert=method-wrapper(...), anchorHoriz='center', anchorVert='center', antialias=True, autoDraw=False, autoLog=True, bold=False, color=array([1., 1., 1.]), colorSpace='rgb', contrast=1.0, depth=-6.0, draggable=False, flipHoriz=False, flipVert=False, font='Open Sans', fontFiles=[], height=0.05, italic=False, languageStyle='LTR', name='text_6', opacity=1.0, ori=0.0, pos=array([-0.4, -0.1]), rgb=UNKNOWN, text='  Which object was it?', units='height', win=Window(...), wrapWidth=1)
156.2890 	EXP 	window1: mouseVisible = True
156.2920 	EXP 	Created text_7 = TextStim(__class__=<class 'psychopy.visual.text.TextStim'>, alignHoriz=method-wrapper(...), alignText='center', alignVert=method-wrapper(...), anchorHoriz='center', anchorVert='center', antialias=True, autoDraw=False, autoLog=True, bold=False, color=array([1., 1., 1.]), colorSpace='rgb', contrast=1.0, depth=-7.0, draggable=False, flipHoriz=False, flipVert=False, font='Open Sans', fontFiles=[], height=0.05, italic=False, languageStyle='LTR', name='text_7', opacity=1.0, ori=0.0, pos=array([ 0.4, -0.1]), rgb=UNKNOWN, text='Which way was it facing?', units='height', win=Window(...), wrapWidth=1)
156.2922 	EXP 	window1: mouseVisible = True
156.2978 	EXP 	Created text = TextStim(__class__=<class 'psychopy.visual.text.TextStim'>, alignHoriz=method-wrapper(...), alignText='center', alignVert=method-wrapper(...), anchorHoriz='center', anchorVert='center', antialias=True, autoDraw=False, autoLog=True, bold=False, color=array([1., 1., 1.]), colorSpace='rgb', contrast=1.0, depth=0.0, draggable=False, flipHoriz=False, flipVert=False, font='Open Sans', fontFiles=[], height=0.05, italic=False, languageStyle='LTR', name='text', opacity=1.0, ori=0.0, pos=array([0., 0.]), rgb=UNKNOWN, text='The experiment will begin soon. Get ready!', units='height', win=Window(...), wrapWidth=1)
156.2979 	EXP 	window1: mouseVisible = True
156.3097 	EXP 	Created cue = ImageStim(__class__=<class 'psychopy.visual.image.ImageStim'>, anchor=('center', 'center'), autoLog=True, color=array([1., 1., 1.]), colorSpace='rgb', contrast=1.0, depth=0.0, draggable=False, flipHoriz=False, flipVert=False, image='default.png', interpolate=True, mask=None, maskParams=None, name='cue', opacity=1.0, ori=0.0, pos=array([0., 0.]), size=array([0.15, 0.15]), texRes=128.0, units='height', win=Window(...))
156.3099 	EXP 	window1: mouseVisible = True
156.3183 	EXP 	Created image = ImageStim(__class__=<class 'psychopy.visual.image.ImageStim'>, anchor=('center', 'center'), autoLog=True, color=array([1., 1., 1.]), colorSpace='rgb', contrast=1.0, depth=0.0, draggable=False, flipHoriz=False, flipVert=False, image='default.png', interpolate=True, mask=None, maskParams=None, name='image', opacity=1.0, ori=0.0, pos=array([0., 0.]), size=array([0.5, 0.5]), texRes=128.0, units='height', win=Window(...))
156.3185 	EXP 	window1: mouseVisible = True
156.3214 	EXP 	Created fixCrossR_2 = ShapeStim(__class__=<class 'psychopy.visual.shape.ShapeStim'>, anchor=('center', 'center'), autoDraw=False, autoLog=True, closeShape=True, color=method-wrapper(...), colorSpace='rgb', contrast=None, depth=-1.0, draggable=False, fillColor=array([-1, -1, -1]), fillColorSpace='rgb', fillRGB=array([-1, -1, -1]), interpolate=True, lineColor=array([-1., -1., -1.]), lineColorSpace='rgb', lineRGB=array([-1, -1, -1]), lineWidth=1.0, name='fixCrossR_2', opacity=1.0, ori=0.0, pos=array([0., 0.]), size=array([0.02, 0.02]), units='height', vertices=ndarray(...), win=Window(...), windingRule=None)
156.3215 	EXP 	window1: mouseVisible = True
156.3231 	EXP 	Created fixCrossR_4 = ShapeStim(__class__=<class 'psychopy.visual.shape.ShapeStim'>, anchor=('center', 'center'), autoDraw=False, autoLog=True, closeShape=True, color=method-wrapper(...), colorSpace='rgb', contrast=None, depth=0.0, draggable=False, fillColor=array([-1, -1, -1]), fillColorSpace='rgb', fillRGB=array([-1, -1, -1]), interpolate=True, lineColor=array([-1., -1., -1.]), lineColorSpace='rgb', lineRGB=array([-1, -1, -1]), lineWidth=1.0, name='fixCrossR_4', opacity=1.0, ori=0.0, pos=array([0., 0.]), size=array([0.02, 0.02]), units='height', vertices=ndarray(...), win=Window(...), windingRule=None)
156.3232 	EXP 	window1: mouseVisible = True
156.3249 	EXP 	Created fixCross = ShapeStim(__class__=<class 'psychopy.visual.shape.ShapeStim'>, anchor=('center', 'center'), autoDraw=False, autoLog=True, closeShape=True, color=method-wrapper(...), colorSpace='rgb', contrast=None, depth=0.0, draggable=False, fillColor=array([1, 1, 1]), fillColorSpace='rgb', fillRGB=array([1, 1, 1]), interpolate=True, lineColor=array([1., 1., 1.]), lineColorSpace='rgb', lineRGB=array([1, 1, 1]), lineWidth=1.0, name='fixCross', opacity=1.0, ori=0.0, pos=array([0., 0.]), size=array([0.02, 0.02]), units='height', vertices=ndarray(...), win=Window(...), windingRule=None)
156.3250 	EXP 	window1: mouseVisible = True
156.3266 	EXP 	Created text1 = TextStim(__class__=<class 'psychopy.visual.text.TextStim'>, alignHoriz=method-wrapper(...), alignText='center', alignVert=method-wrapper(...), anchorHoriz='center', anchorVert='center', antialias=True, autoDraw=False, autoLog=True, bold=False, color=array([1., 1., 1.]), colorSpace='rgb', contrast=1.0, depth=-1.0, draggable=False, flipHoriz=False, flipVert=False, font='Open Sans', fontFiles=[], height=0.05, italic=False, languageStyle='LTR', name='text1', opacity=1.0, ori=0.0, pos=array([-0.5,  0.1]), rgb=UNKNOWN, text='', units='norm', win=Window(...), wrapWidth=1)
156.3267 	EXP 	window1: mouseVisible = True
156.3277 	EXP 	Created text2 = TextStim(__class__=<class 'psychopy.visual.text.TextStim'>, alignHoriz=method-wrapper(...), alignText='center', alignVert=method-wrapper(...), anchorHoriz='center', anchorVert='center', antialias=True, autoDraw=False, autoLog=True, bold=False, color=array([1., 1., 1.]), colorSpace='rgb', contrast=1.0, depth=-2.0, draggable=False, flipHoriz=False, flipVert=False, font='Open Sans', fontFiles=[], height=0.05, italic=False, languageStyle='LTR', name='text2', opacity=1.0, ori=0.0, pos=array([-0.1666,  0.1   ]), rgb=UNKNOWN, text='', units='norm', win=Window(...), wrapWidth=1)
156.3278 	EXP 	window1: mouseVisible = True
156.3287 	EXP 	Created text3 = TextStim(__class__=<class 'psychopy.visual.text.TextStim'>, alignHoriz=method-wrapper(...), alignText='center', alignVert=method-wrapper(...), anchorHoriz='center', anchorVert='center', antialias=True, autoDraw=False, autoLog=True, bold=False, color=array([1., 1., 1.]), colorSpace='rgb', contrast=1.0, depth=-3.0, draggable=False, flipHoriz=False, flipVert=False, font='Open Sans', fontFiles=[], height=0.05, italic=False, languageStyle='LTR', name='text3', opacity=1.0, ori=0.0, pos=array([0.166, 0.1  ]), rgb=UNKNOWN, text='', units='norm', win=Window(...), wrapWidth=1)
156.3288 	EXP 	window1: mouseVisible = True
156.3297 	EXP 	Created text4 = TextStim(__class__=<class 'psychopy.visual.text.TextStim'>, alignHoriz=method-wrapper(...), alignText='center', alignVert=method-wrapper(...), anchorHoriz='center', anchorVert='center', antialias=True, autoDraw=False, autoLog=True, bold=False, color=array([1., 1., 1.]), colorSpace='rgb', contrast=1.0, depth=-4.0, draggable=False, flipHoriz=False, flipVert=False, font='Open Sans', fontFiles=[], height=0.05, italic=False, languageStyle='LTR', name='text4', opacity=1.0, ori=0.0, pos=array([0.5, 0.1]), rgb=UNKNOWN, text='', units='norm', win=Window(...), wrapWidth=1)
156.3297 	EXP 	window1: mouseVisible = True
156.3306 	EXP 	Created text5 = TextStim(__class__=<class 'psychopy.visual.text.TextStim'>, alignHoriz=method-wrapper(...), alignText='center', alignVert=method-wrapper(...), anchorHoriz='center', anchorVert='center', antialias=True, autoDraw=False, autoLog=True, bold=False, color=array([1., 1., 1.]), colorSpace='rgb', contrast=1.0, depth=-5.0, draggable=False, flipHoriz=False, flipVert=False, font='Open Sans', fontFiles=[], height=0.05, italic=False, languageStyle='LTR', name='text5', opacity=1.0, ori=0.0, pos=array([-0.5, -0.1]), rgb=UNKNOWN, text='', units='norm', win=Window(...), wrapWidth=1)
156.3307 	EXP 	window1: mouseVisible = True
156.3316 	EXP 	Created text6 = TextStim(__class__=<class 'psychopy.visual.text.TextStim'>, alignHoriz=method-wrapper(...), alignText='center', alignVert=method-wrapper(...), anchorHoriz='center', anchorVert='center', antialias=True, autoDraw=False, autoLog=True, bold=False, color=array([1., 1., 1.]), colorSpace='rgb', contrast=1.0, depth=-6.0, draggable=False, flipHoriz=False, flipVert=False, font='Open Sans', fontFiles=[], height=0.05, italic=False, languageStyle='LTR', name='text6', opacity=1.0, ori=0.0, pos=array([-0.1666, -0.1   ]), rgb=UNKNOWN, text='', units='norm', win=Window(...), wrapWidth=1)
156.3317 	EXP 	window1: mouseVisible = True
156.3326 	EXP 	Created text7 = TextStim(__class__=<class 'psychopy.visual.text.TextStim'>, alignHoriz=method-wrapper(...), alignText='center', alignVert=method-wrapper(...), anchorHoriz='center', anchorVert='center', antialias=True, autoDraw=False, autoLog=True, bold=False, color=array([1., 1., 1.]), colorSpace='rgb', contrast=1.0, depth=-7.0, draggable=False, flipHoriz=False, flipVert=False, font='Open Sans', fontFiles=[], height=0.05, italic=False, languageStyle='LTR', name='text7', opacity=1.0, ori=0.0, pos=array([ 0.1666, -0.1   ]), rgb=UNKNOWN, text='', units='norm', win=Window(...), wrapWidth=1)
156.3327 	EXP 	window1: mouseVisible = True
156.3336 	EXP 	Created text8 = TextStim(__class__=<class 'psychopy.visual.text.TextStim'>, alignHoriz=method-wrapper(...), alignText='center', alignVert=method-wrapper(...), anchorHoriz='center', anchorVert='center', antialias=True, autoDraw=False, autoLog=True, bold=False, color=array([1., 1., 1.]), colorSpace='rgb', contrast=1.0, depth=-8.0, draggable=False, flipHoriz=False, flipVert=False, font='Open Sans', fontFiles=[], height=0.05, italic=False, languageStyle='LTR', name='text8', opacity=1.0, ori=0.0, pos=array([ 0.5, -0.1]), rgb=UNKNOWN, text='', units='norm', win=Window(...), wrapWidth=1)
156.3337 	EXP 	window1: mouseVisible = True
156.3348 	EXP 	Created num1 = TextStim(__class__=<class 'psychopy.visual.text.TextStim'>, alignHoriz=method-wrapper(...), alignText='center', alignVert=method-wrapper(...), anchorHoriz='center', anchorVert='center', antialias=True, autoDraw=False, autoLog=True, bold=False, color=array([1., 1., 1.]), colorSpace='rgb', contrast=1.0, depth=-10.0, draggable=False, flipHoriz=False, flipVert=False, font='Open Sans', fontFiles=[], height=0.1, italic=False, languageStyle='LTR', name='num1', opacity=1.0, ori=0.0, pos=array([-0.5,  0.3]), rgb=UNKNOWN, text='', units='norm', win=Window(...), wrapWidth=1)
156.3349 	EXP 	window1: mouseVisible = True
156.3359 	EXP 	Created num2 = TextStim(__class__=<class 'psychopy.visual.text.TextStim'>, alignHoriz=method-wrapper(...), alignText='center', alignVert=method-wrapper(...), anchorHoriz='center', anchorVert='center', antialias=True, autoDraw=False, autoLog=True, bold=False, color=array([1., 1., 1.]), colorSpace='rgb', contrast=1.0, depth=-11.0, draggable=False, flipHoriz=False, flipVert=False, font='Open Sans', fontFiles=[], height=0.1, italic=False, languageStyle='LTR', name='num2', opacity=1.0, ori=0.0, pos=array([-0.1666,  0.3   ]), rgb=UNKNOWN, text='', units='norm', win=Window(...), wrapWidth=1)
156.3360 	EXP 	window1: mouseVisible = True
156.3371 	EXP 	Created num3 = TextStim(__class__=<class 'psychopy.visual.text.TextStim'>, alignHoriz=method-wrapper(...), alignText='center', alignVert=method-wrapper(...), anchorHoriz='center', anchorVert='center', antialias=True, autoDraw=False, autoLog=True, bold=False, color=array([1., 1., 1.]), colorSpace='rgb', contrast=1.0, depth=-12.0, draggable=False, flipHoriz=False, flipVert=False, font='Open Sans', fontFiles=[], height=0.1, italic=False, languageStyle='LTR', name='num3', opacity=1.0, ori=0.0, pos=array([0.1666, 0.3   ]), rgb=UNKNOWN, text='', units='norm', win=Window(...), wrapWidth=1)
156.3372 	EXP 	window1: mouseVisible = True
156.3383 	EXP 	Created num4 = TextStim(__class__=<class 'psychopy.visual.text.TextStim'>, alignHoriz=method-wrapper(...), alignText='center', alignVert=method-wrapper(...), anchorHoriz='center', anchorVert='center', antialias=True, autoDraw=False, autoLog=True, bold=False, color=array([1., 1., 1.]), colorSpace='rgb', contrast=1.0, depth=-13.0, draggable=False, flipHoriz=False, flipVert=False, font='Open Sans', fontFiles=[], height=0.1, italic=False, languageStyle='LTR', name='num4', opacity=1.0, ori=0.0, pos=array([0.5, 0.3]), rgb=UNKNOWN, text='', units='norm', win=Window(...), wrapWidth=1)
156.3384 	EXP 	window1: mouseVisible = True
156.3402 	EXP 	Created fixCrossR = ShapeStim(__class__=<class 'psychopy.visual.shape.ShapeStim'>, anchor=('center', 'center'), autoDraw=False, autoLog=True, closeShape=True, color=method-wrapper(...), colorSpace='rgb', contrast=None, depth=0.0, draggable=False, fillColor=array([-1, -1, -1]), fillColorSpace='rgb', fillRGB=array([-1, -1, -1]), interpolate=True, lineColor=array([-1., -1., -1.]), lineColorSpace='rgb', lineRGB=array([-1, -1, -1]), lineWidth=1.0, name='fixCrossR', opacity=1.0, ori=0.0, pos=array([0., 0.]), size=array([0.02, 0.02]), units='height', vertices=ndarray(...), win=Window(...), windingRule=None)
156.3403 	EXP 	window1: mouseVisible = True
156.3462 	EXP 	Created text_17 = TextStim(__class__=<class 'psychopy.visual.text.TextStim'>, alignHoriz=method-wrapper(...), alignText='center', alignVert=method-wrapper(...), anchorHoriz='center', anchorVert='center', antialias=True, autoDraw=False, autoLog=True, bold=False, color=array([1., 1., 1.]), colorSpace='rgb', contrast=1.0, depth=0.0, draggable=False, flipHoriz=False, flipVert=False, font='Open Sans', fontFiles=[], height=0.05, italic=False, languageStyle='LTR', name='text_17', opacity=1.0, ori=0.0, pos=array([0., 0.]), rgb=UNKNOWN, text='End of run, please relax for a moment.', units='height', win=Window(...), wrapWidth=1)
0.0484 	EXP 	welcometext: autoDraw = True
0.8817 	EXP 	welcometext: autoDraw = False
0.8817 	EXP 	instr_2: autoDraw = True
1.7482 	EXP 	instr_2: autoDraw = False
1.7482 	EXP 	text_2: autoDraw = True
1.7482 	EXP 	image_2: autoDraw = True
4.0347 	DATA 	Keypress: lalt
5.7649 	EXP 	text_2: autoDraw = False
5.7649 	EXP 	image_2: autoDraw = False
5.7649 	EXP 	image_3: autoDraw = True
5.7649 	EXP 	image_4: autoDraw = True
5.7649 	EXP 	image_5: autoDraw = True
5.7649 	EXP 	image_6: autoDraw = True
5.7649 	EXP 	image_22: autoDraw = True
5.7649 	EXP 	image_23: autoDraw = True
5.7649 	EXP 	text_3: autoDraw = True
7.1814 	EXP 	image_3: autoDraw = False
7.1814 	EXP 	image_4: autoDraw = False
7.1814 	EXP 	image_5: autoDraw = False
7.1814 	EXP 	image_6: autoDraw = False
7.1814 	EXP 	image_22: autoDraw = False
7.1814 	EXP 	image_23: autoDraw = False
7.1814 	EXP 	text_3: autoDraw = False
7.1814 	EXP 	image_7: autoDraw = True
7.1814 	EXP 	image_8: autoDraw = True
7.1814 	EXP 	image_9: autoDraw = True
7.1814 	EXP 	image_10: autoDraw = True
7.1814 	EXP 	image_11: autoDraw = True
7.1814 	EXP 	image_12: autoDraw = True
7.1814 	EXP 	text_4: autoDraw = True
7.7818 	EXP 	image_7: autoDraw = False
7.7818 	EXP 	image_8: autoDraw = False
7.7818 	EXP 	image_9: autoDraw = False
7.7818 	EXP 	image_10: autoDraw = False
7.7818 	EXP 	image_11: autoDraw = False
7.7818 	EXP 	image_12: autoDraw = False
7.7818 	EXP 	text_4: autoDraw = False
7.7818 	EXP 	text_5: autoDraw = True
7.7818 	EXP 	image_13: autoDraw = True
7.7818 	EXP 	image_14: autoDraw = True
7.7818 	EXP 	image_15: autoDraw = True
7.7818 	EXP 	image_16: autoDraw = True
7.7818 	EXP 	text_6: autoDraw = True
7.7818 	EXP 	text_7: autoDraw = True
8.3649 	EXP 	text_5: autoDraw = False
8.3649 	EXP 	image_13: autoDraw = False
8.3649 	EXP 	image_14: autoDraw = False
8.3649 	EXP 	image_15: autoDraw = False
8.3649 	EXP 	image_16: autoDraw = False
8.3649 	EXP 	text_6: autoDraw = False
8.3649 	EXP 	text_7: autoDraw = False
8.3649 	EXP 	text_8: autoDraw = True
8.3649 	EXP 	image_17: autoDraw = True
10.8730 	DATA 	Mouse: Left button down, pos=(1191,322)
10.8980 	EXP 	text_8: autoDraw = False
10.8980 	EXP 	image_17: autoDraw = False
10.8980 	EXP 	text_9: autoDraw = True
10.8980 	EXP 	image_18: autoDraw = True
10.9828 	DATA 	Mouse:  Left button up, pos=(1191,322)
11.7000 	DATA 	Mouse: Left button down, pos=(749,376)
11.7149 	EXP 	text_9: autoDraw = False
11.7149 	EXP 	image_18: autoDraw = False
11.7149 	EXP 	text_10: autoDraw = True
11.7149 	EXP 	image_19: autoDraw = True
11.8372 	DATA 	Mouse:  Left button up, pos=(749,376)
12.2528 	DATA 	Mouse: Left button down, pos=(1161,409)
12.2816 	EXP 	text_10: autoDraw = False
12.2816 	EXP 	image_19: autoDraw = False
12.2816 	EXP 	text_11: autoDraw = True
12.2816 	EXP 	image_20: autoDraw = True
12.3317 	DATA 	Mouse:  Left button up, pos=(1161,409)
12.7856 	DATA 	Mouse: Left button down, pos=(788,444)
12.8148 	EXP 	text_11: autoDraw = False
12.8148 	EXP 	image_20: autoDraw = False
12.8148 	EXP 	text_12: autoDraw = True
12.9168 	DATA 	Mouse:  Left button up, pos=(788,444)
13.3499 	DATA 	Keypress: space
13.3813 	EXP 	text_12: autoDraw = False
13.3813 	EXP 	text_13: autoDraw = True
13.3813 	EXP 	image_25: autoDraw = True
14.0015 	DATA 	Keypress: space
14.0149 	EXP 	text_13: autoDraw = False
14.0149 	EXP 	image_25: autoDraw = False
14.0149 	EXP 	text_14: autoDraw = True
14.0149 	EXP 	image_24: autoDraw = True
14.3848 	DATA 	Keypress: space
14.3980 	EXP 	text_14: autoDraw = False
14.3980 	EXP 	image_24: autoDraw = False
14.3980 	EXP 	text_15: autoDraw = True
14.3980 	EXP 	image_21: autoDraw = True
15.0170 	DATA 	Keypress: space
15.0480 	EXP 	text_15: autoDraw = False
15.0480 	EXP 	image_21: autoDraw = False
15.0480 	EXP 	text_5: autoDraw = True
15.0480 	EXP 	image_13: autoDraw = True
15.0480 	EXP 	image_14: autoDraw = True
15.0480 	EXP 	image_15: autoDraw = True
15.0480 	EXP 	image_16: autoDraw = True
15.0480 	EXP 	text_6: autoDraw = True
15.0480 	EXP 	text_7: autoDraw = True
15.9337 	DATA 	Keypress: space
15.9478 	EXP 	text_5: autoDraw = False
15.9478 	EXP 	image_13: autoDraw = False
15.9478 	EXP 	image_14: autoDraw = False
15.9478 	EXP 	image_15: autoDraw = False
15.9478 	EXP 	image_16: autoDraw = False
15.9478 	EXP 	text_6: autoDraw = False
15.9478 	EXP 	text_7: autoDraw = False
15.9478 	EXP 	text: autoDraw = True
17.2921 	EXP 	window1: mouseVisible = True
