3.3017 	ERROR 	Support for the `sounddevice` audio backend is not available this session. Please install `psychopy-sounddevice` and restart the session to enable support.
10.7140 	WARNING 	User requested fullscreen with size [1536  864], but screen is actually [1920, 1080]. Using actual size
11.5650 	EXP 	Created window1 = Window(allowGUI=True, allowStencil=False, autoLog=True, backendConf=UNKNOWN, backgroundFit=<method-wrapper '__getattribute__' of attributeSetter object at 0x00000249A3AB1EE0>, backgroundImage=<method-wrapper '__getattribute__' of attributeSetter object at 0x00000249A3AB1E80>, bitsMode=UNKNOWN, blendMode='avg', bpc=(8, 8, 8), color=array([-0.4039, -0.4039, -0.4039]), colorSpace='rgb', depthBits=8, fullscr=<method-wrapper '__getattribute__' of attributeSetter object at 0x00000249A3AB1CA0>, gamma=None, gammaErrorPolicy='raise', lms=UNKNOWN, monitor=<psychopy.monitors.calibTools.Monitor object at 0x00000249A4034EB0>, multiSample=False, name='window1', numSamples=2, pos=(0, 0), screen=0, size=array([1920, 1080]), stencilBits=0, stereo=False, title='PsychoPy', units='height', useFBO=True, useRetina=False, viewOri=0.0, viewPos=None, viewScale=None, waitBlanking=True, winType='pyglet')
11.5651 	EXP 	window1: mouseVisible = True
11.5651 	EXP 	window1: backgroundImage = ''
11.5651 	EXP 	window1: backgroundFit = 'none'
11.5666 	EXP 	window1: Attempting to measure frame rate of screen (0) ...
11.5666 	EXP 	window1: recordFrameIntervals = False
11.7348 	EXP 	window1: recordFrameIntervals = True
11.9188 	EXP 	Screen (0) actual frame rate measured at 59.92Hz
11.9189 	EXP 	window1: recordFrameIntervals = False
11.9190 	EXP 	window1: mouseVisible = False
14.1845 	EXP 	pilotv2: status = STARTED
14.1848 	EXP 	window1: mouseVisible = True
14.2002 	EXP 	Created imageInstruct = ImageStim(__class__=<class 'psychopy.visual.image.ImageStim'>, anchor=('center', 'center'), autoLog=True, color=array([1., 1., 1.]), colorSpace='rgb', contrast=1.0, depth=0.0, draggable=False, flipHoriz=False, flipVert=False, image='default.png', interpolate=True, mask=None, maskParams=None, name='imageInstruct', opacity=1.0, ori=0.0, pos=array([0., 0.]), size=array([1.6    , 1.00736]), texRes=128.0, units='height', win=Window(...))
14.2005 	EXP 	window1: mouseVisible = True
14.2006 	EXP 	window1: mouseVisible = True
14.2011 	EXP 	window1: mouseVisible = True
14.2015 	EXP 	window1: mouseVisible = True
14.2148 	EXP 	window1: mouseVisible = True
14.2149 	EXP 	window1: mouseVisible = True
14.2153 	EXP 	window1: mouseVisible = True
14.2157 	EXP 	window1: mouseVisible = True
14.2268 	EXP 	window1: mouseVisible = True
14.2270 	EXP 	window1: mouseVisible = True
14.2272 	EXP 	window1: mouseVisible = True
14.2276 	EXP 	window1: mouseVisible = True
14.2280 	EXP 	window1: mouseVisible = True
14.2387 	EXP 	window1: mouseVisible = True
14.2388 	EXP 	window1: mouseVisible = True
14.2393 	EXP 	window1: mouseVisible = True
14.2396 	EXP 	window1: mouseVisible = True
14.2429 	EXP 	window1: mouseVisible = True
14.2431 	EXP 	window1: mouseVisible = True
14.3366 	EXP 	Created text_8 = TextStim(__class__=<class 'psychopy.visual.text.TextStim'>, alignHoriz=method-wrapper(...), alignText='center', alignVert=method-wrapper(...), anchorHoriz='center', anchorVert='center', antialias=True, autoDraw=False, autoLog=True, bold=False, color=array([1., 1., 1.]), colorSpace='rgb', contrast=1.0, depth=0.0, draggable=False, flipHoriz=False, flipVert=False, font='Open Sans', fontFiles=[], height=0.05, italic=False, languageStyle='LTR', name='text_8', opacity=1.0, ori=0.0, pos=array([0., 0.]), rgb=UNKNOWN, text=str(...), units='height', win=Window(...), wrapWidth=1)
14.3369 	EXP 	window1: mouseVisible = True
14.3370 	EXP 	window1: mouseVisible = True
14.3374 	EXP 	window1: mouseVisible = True
14.3378 	EXP 	window1: mouseVisible = True
14.3609 	EXP 	window1: mouseVisible = True
14.3610 	EXP 	window1: mouseVisible = True
14.3614 	EXP 	window1: mouseVisible = True
14.3618 	EXP 	window1: mouseVisible = True
14.3719 	EXP 	window1: mouseVisible = True
14.3721 	EXP 	window1: mouseVisible = True
14.3722 	EXP 	window1: mouseVisible = True
14.3726 	EXP 	window1: mouseVisible = True
14.3730 	EXP 	window1: mouseVisible = True
14.3815 	EXP 	window1: mouseVisible = True
14.3816 	EXP 	window1: mouseVisible = True
14.3821 	EXP 	window1: mouseVisible = True
14.3825 	EXP 	window1: mouseVisible = True
14.3861 	EXP 	window1: mouseVisible = True
14.3862 	EXP 	window1: mouseVisible = True
14.3904 	EXP 	Created image_17 = ImageStim(__class__=<class 'psychopy.visual.image.ImageStim'>, anchor=('center', 'center'), autoLog=True, color=array([1., 1., 1.]), colorSpace='rgb', contrast=1.0, depth=-3.0, draggable=False, flipHoriz=False, flipVert=False, image='stim/ori1.png', interpolate=True, mask=None, maskParams=None, name='image_17', opacity=1.0, ori=0.0, pos=array([0.  , 0.23]), size=array([0.15, 0.15]), texRes=128.0, units='height', win=Window(...))
14.3905 	EXP 	window1: mouseVisible = True
14.3950 	EXP 	Created text_9 = TextStim(__class__=<class 'psychopy.visual.text.TextStim'>, alignHoriz=method-wrapper(...), alignText='center', alignVert=method-wrapper(...), anchorHoriz='center', anchorVert='center', antialias=True, autoDraw=False, autoLog=True, bold=False, color=array([1., 1., 1.]), colorSpace='rgb', contrast=1.0, depth=0.0, draggable=False, flipHoriz=False, flipVert=False, font='Open Sans', fontFiles=[], height=0.05, italic=False, languageStyle='LTR', name='text_9', opacity=1.0, ori=0.0, pos=array([0., 0.]), rgb=UNKNOWN, text=str(...), units='height', win=Window(...), wrapWidth=1)
14.3952 	EXP 	window1: mouseVisible = True
14.3953 	EXP 	window1: mouseVisible = True
14.3958 	EXP 	window1: mouseVisible = True
14.3961 	EXP 	window1: mouseVisible = True
14.3999 	EXP 	window1: mouseVisible = True
14.4000 	EXP 	window1: mouseVisible = True
14.4004 	EXP 	window1: mouseVisible = True
14.4008 	EXP 	window1: mouseVisible = True
14.4042 	EXP 	window1: mouseVisible = True
14.4043 	EXP 	window1: mouseVisible = True
14.4045 	EXP 	window1: mouseVisible = True
14.4049 	EXP 	window1: mouseVisible = True
14.4052 	EXP 	window1: mouseVisible = True
14.4090 	EXP 	window1: mouseVisible = True
14.4091 	EXP 	window1: mouseVisible = True
14.4095 	EXP 	window1: mouseVisible = True
14.4099 	EXP 	window1: mouseVisible = True
14.4131 	EXP 	window1: mouseVisible = True
14.4132 	EXP 	window1: mouseVisible = True
14.4177 	EXP 	Created image_18 = ImageStim(__class__=<class 'psychopy.visual.image.ImageStim'>, anchor=('center', 'center'), autoLog=True, color=array([1., 1., 1.]), colorSpace='rgb', contrast=1.0, depth=-3.0, draggable=False, flipHoriz=False, flipVert=False, image='stim/obj2.png', interpolate=True, mask=None, maskParams=None, name='image_18', opacity=1.0, ori=0.0, pos=array([0.  , 0.23]), size=array([0.15, 0.15]), texRes=128.0, units='height', win=Window(...))
14.4178 	EXP 	window1: mouseVisible = True
14.4225 	EXP 	Created text_10 = TextStim(__class__=<class 'psychopy.visual.text.TextStim'>, alignHoriz=method-wrapper(...), alignText='center', alignVert=method-wrapper(...), anchorHoriz='center', anchorVert='center', antialias=True, autoDraw=False, autoLog=True, bold=False, color=array([1., 1., 1.]), colorSpace='rgb', contrast=1.0, depth=0.0, draggable=False, flipHoriz=False, flipVert=False, font='Open Sans', fontFiles=[], height=0.05, italic=False, languageStyle='LTR', name='text_10', opacity=1.0, ori=0.0, pos=array([0., 0.]), rgb=UNKNOWN, text=str(...), units='height', win=Window(...), wrapWidth=1)
14.4227 	EXP 	window1: mouseVisible = True
14.4228 	EXP 	window1: mouseVisible = True
14.4232 	EXP 	window1: mouseVisible = True
14.4236 	EXP 	window1: mouseVisible = True
14.4274 	EXP 	window1: mouseVisible = True
14.4275 	EXP 	window1: mouseVisible = True
14.4279 	EXP 	window1: mouseVisible = True
14.4283 	EXP 	window1: mouseVisible = True
14.4315 	EXP 	window1: mouseVisible = True
14.4317 	EXP 	window1: mouseVisible = True
14.4318 	EXP 	window1: mouseVisible = True
14.4322 	EXP 	window1: mouseVisible = True
14.4325 	EXP 	window1: mouseVisible = True
14.4363 	EXP 	window1: mouseVisible = True
14.4364 	EXP 	window1: mouseVisible = True
14.4368 	EXP 	window1: mouseVisible = True
14.4372 	EXP 	window1: mouseVisible = True
14.4404 	EXP 	window1: mouseVisible = True
14.4406 	EXP 	window1: mouseVisible = True
14.4448 	EXP 	Created image_19 = ImageStim(__class__=<class 'psychopy.visual.image.ImageStim'>, anchor=('center', 'center'), autoLog=True, color=array([1., 1., 1.]), colorSpace='rgb', contrast=1.0, depth=-3.0, draggable=False, flipHoriz=False, flipVert=False, image='stim/ori2.png', interpolate=True, mask=None, maskParams=None, name='image_19', opacity=1.0, ori=0.0, pos=array([0.  , 0.23]), size=array([0.15, 0.15]), texRes=128.0, units='height', win=Window(...))
14.4449 	EXP 	window1: mouseVisible = True
14.4495 	EXP 	Created text_11 = TextStim(__class__=<class 'psychopy.visual.text.TextStim'>, alignHoriz=method-wrapper(...), alignText='center', alignVert=method-wrapper(...), anchorHoriz='center', anchorVert='center', antialias=True, autoDraw=False, autoLog=True, bold=False, color=array([1., 1., 1.]), colorSpace='rgb', contrast=1.0, depth=0.0, draggable=False, flipHoriz=False, flipVert=False, font='Open Sans', fontFiles=[], height=0.05, italic=False, languageStyle='LTR', name='text_11', opacity=1.0, ori=0.0, pos=array([0., 0.]), rgb=UNKNOWN, text=str(...), units='height', win=Window(...), wrapWidth=1)
14.4497 	EXP 	window1: mouseVisible = True
14.4498 	EXP 	window1: mouseVisible = True
14.4502 	EXP 	window1: mouseVisible = True
14.4506 	EXP 	window1: mouseVisible = True
14.4543 	EXP 	window1: mouseVisible = True
14.4545 	EXP 	window1: mouseVisible = True
14.4549 	EXP 	window1: mouseVisible = True
14.4553 	EXP 	window1: mouseVisible = True
14.4586 	EXP 	window1: mouseVisible = True
14.4588 	EXP 	window1: mouseVisible = True
14.4589 	EXP 	window1: mouseVisible = True
14.4593 	EXP 	window1: mouseVisible = True
14.4598 	EXP 	window1: mouseVisible = True
14.4636 	EXP 	window1: mouseVisible = True
14.4637 	EXP 	window1: mouseVisible = True
14.4641 	EXP 	window1: mouseVisible = True
14.4645 	EXP 	window1: mouseVisible = True
14.4678 	EXP 	window1: mouseVisible = True
14.4679 	EXP 	window1: mouseVisible = True
14.4722 	EXP 	Created image_20 = ImageStim(__class__=<class 'psychopy.visual.image.ImageStim'>, anchor=('center', 'center'), autoLog=True, color=array([1., 1., 1.]), colorSpace='rgb', contrast=1.0, depth=-3.0, draggable=False, flipHoriz=False, flipVert=False, image='stim/obj1.png', interpolate=True, mask=None, maskParams=None, name='image_20', opacity=1.0, ori=0.0, pos=array([0.  , 0.23]), size=array([0.15, 0.15]), texRes=128.0, units='height', win=Window(...))
14.4723 	EXP 	window1: mouseVisible = True
14.4812 	EXP 	Created imageInstruct_2 = ImageStim(__class__=<class 'psychopy.visual.image.ImageStim'>, anchor=('center', 'center'), autoLog=True, color=array([1., 1., 1.]), colorSpace='rgb', contrast=1.0, depth=0.0, draggable=False, flipHoriz=False, flipVert=False, image='default.png', interpolate=True, mask=None, maskParams=None, name='imageInstruct_2', opacity=1.0, ori=0.0, pos=array([0., 0.]), size=array([1.6    , 1.00736]), texRes=128.0, units='height', win=Window(...))
14.4814 	EXP 	window1: mouseVisible = True
14.4815 	EXP 	window1: mouseVisible = True
14.4819 	EXP 	window1: mouseVisible = True
14.4823 	EXP 	window1: mouseVisible = True
14.4861 	EXP 	window1: mouseVisible = True
14.4862 	EXP 	window1: mouseVisible = True
14.4866 	EXP 	window1: mouseVisible = True
14.4870 	EXP 	window1: mouseVisible = True
14.4904 	EXP 	window1: mouseVisible = True
14.4905 	EXP 	window1: mouseVisible = True
14.4907 	EXP 	window1: mouseVisible = True
14.4910 	EXP 	window1: mouseVisible = True
14.4914 	EXP 	window1: mouseVisible = True
14.4950 	EXP 	window1: mouseVisible = True
14.4952 	EXP 	window1: mouseVisible = True
14.4956 	EXP 	window1: mouseVisible = True
14.4959 	EXP 	window1: mouseVisible = True
14.4991 	EXP 	window1: mouseVisible = True
14.4992 	EXP 	window1: mouseVisible = True
14.5101 	EXP 	Created text = TextStim(__class__=<class 'psychopy.visual.text.TextStim'>, alignHoriz=method-wrapper(...), alignText='center', alignVert=method-wrapper(...), anchorHoriz='center', anchorVert='center', antialias=True, autoDraw=False, autoLog=True, bold=False, color=array([1., 1., 1.]), colorSpace='rgb', contrast=1.0, depth=0.0, draggable=False, flipHoriz=False, flipVert=False, font='Open Sans', fontFiles=[], height=0.05, italic=False, languageStyle='LTR', name='text', opacity=1.0, ori=0.0, pos=array([0., 0.]), rgb=UNKNOWN, text='The experiment will begin soon. Get ready!', units='height', win=Window(...), wrapWidth=1)
14.5103 	EXP 	window1: mouseVisible = True
14.5191 	EXP 	Created cue = ImageStim(__class__=<class 'psychopy.visual.image.ImageStim'>, anchor=('center', 'center'), autoLog=True, color=array([1., 1., 1.]), colorSpace='rgb', contrast=1.0, depth=0.0, draggable=False, flipHoriz=False, flipVert=False, image='default.png', interpolate=True, mask=None, maskParams=None, name='cue', opacity=1.0, ori=0.0, pos=array([0., 0.]), size=array([0.15, 0.15]), texRes=128.0, units='height', win=Window(...))
14.5192 	EXP 	window1: mouseVisible = True
14.5280 	EXP 	Created image = ImageStim(__class__=<class 'psychopy.visual.image.ImageStim'>, anchor=('center', 'center'), autoLog=True, color=array([1., 1., 1.]), colorSpace='rgb', contrast=1.0, depth=0.0, draggable=False, flipHoriz=False, flipVert=False, image='default.png', interpolate=True, mask=None, maskParams=None, name='image', opacity=1.0, ori=0.0, pos=array([0., 0.]), size=array([0.5, 0.5]), texRes=128.0, units='height', win=Window(...))
14.5282 	EXP 	window1: mouseVisible = True
14.5300 	EXP 	Created fixCrossR_2 = ShapeStim(__class__=<class 'psychopy.visual.shape.ShapeStim'>, anchor=('center', 'center'), autoDraw=False, autoLog=True, closeShape=True, color=method-wrapper(...), colorSpace='rgb', contrast=None, depth=-1.0, draggable=False, fillColor=array([-1, -1, -1]), fillColorSpace='rgb', fillRGB=array([-1, -1, -1]), interpolate=True, lineColor=array([-1., -1., -1.]), lineColorSpace='rgb', lineRGB=array([-1, -1, -1]), lineWidth=1.0, name='fixCrossR_2', opacity=1.0, ori=0.0, pos=array([0., 0.]), size=array([0.02, 0.02]), units='height', vertices=ndarray(...), win=Window(...), windingRule=None)
14.5301 	EXP 	window1: mouseVisible = True
14.5317 	EXP 	Created fixCrossR_4 = ShapeStim(__class__=<class 'psychopy.visual.shape.ShapeStim'>, anchor=('center', 'center'), autoDraw=False, autoLog=True, closeShape=True, color=method-wrapper(...), colorSpace='rgb', contrast=None, depth=0.0, draggable=False, fillColor=array([-1, -1, -1]), fillColorSpace='rgb', fillRGB=array([-1, -1, -1]), interpolate=True, lineColor=array([-1., -1., -1.]), lineColorSpace='rgb', lineRGB=array([-1, -1, -1]), lineWidth=1.0, name='fixCrossR_4', opacity=1.0, ori=0.0, pos=array([0., 0.]), size=array([0.02, 0.02]), units='height', vertices=ndarray(...), win=Window(...), windingRule=None)
14.5318 	EXP 	window1: mouseVisible = True
14.5335 	EXP 	Created fixCross = ShapeStim(__class__=<class 'psychopy.visual.shape.ShapeStim'>, anchor=('center', 'center'), autoDraw=False, autoLog=True, closeShape=True, color=method-wrapper(...), colorSpace='rgb', contrast=None, depth=0.0, draggable=False, fillColor=array([1, 1, 1]), fillColorSpace='rgb', fillRGB=array([1, 1, 1]), interpolate=True, lineColor=array([1., 1., 1.]), lineColorSpace='rgb', lineRGB=array([1, 1, 1]), lineWidth=1.0, name='fixCross', opacity=1.0, ori=0.0, pos=array([0., 0.]), size=array([0.02, 0.02]), units='height', vertices=ndarray(...), win=Window(...), windingRule=None)
14.5336 	EXP 	window1: mouseVisible = True
14.5353 	EXP 	Created text1 = TextStim(__class__=<class 'psychopy.visual.text.TextStim'>, alignHoriz=method-wrapper(...), alignText='center', alignVert=method-wrapper(...), anchorHoriz='center', anchorVert='center', antialias=True, autoDraw=False, autoLog=True, bold=False, color=array([1., 1., 1.]), colorSpace='rgb', contrast=1.0, depth=-1.0, draggable=False, flipHoriz=False, flipVert=False, font='Open Sans', fontFiles=[], height=0.05, italic=False, languageStyle='LTR', name='text1', opacity=1.0, ori=0.0, pos=array([-0.5,  0.1]), rgb=UNKNOWN, text='', units='norm', win=Window(...), wrapWidth=1)
14.5354 	EXP 	window1: mouseVisible = True
14.5363 	EXP 	Created text2 = TextStim(__class__=<class 'psychopy.visual.text.TextStim'>, alignHoriz=method-wrapper(...), alignText='center', alignVert=method-wrapper(...), anchorHoriz='center', anchorVert='center', antialias=True, autoDraw=False, autoLog=True, bold=False, color=array([1., 1., 1.]), colorSpace='rgb', contrast=1.0, depth=-2.0, draggable=False, flipHoriz=False, flipVert=False, font='Open Sans', fontFiles=[], height=0.05, italic=False, languageStyle='LTR', name='text2', opacity=1.0, ori=0.0, pos=array([-0.1666,  0.1   ]), rgb=UNKNOWN, text='', units='norm', win=Window(...), wrapWidth=1)
14.5364 	EXP 	window1: mouseVisible = True
14.5373 	EXP 	Created text3 = TextStim(__class__=<class 'psychopy.visual.text.TextStim'>, alignHoriz=method-wrapper(...), alignText='center', alignVert=method-wrapper(...), anchorHoriz='center', anchorVert='center', antialias=True, autoDraw=False, autoLog=True, bold=False, color=array([1., 1., 1.]), colorSpace='rgb', contrast=1.0, depth=-3.0, draggable=False, flipHoriz=False, flipVert=False, font='Open Sans', fontFiles=[], height=0.05, italic=False, languageStyle='LTR', name='text3', opacity=1.0, ori=0.0, pos=array([0.166, 0.1  ]), rgb=UNKNOWN, text='', units='norm', win=Window(...), wrapWidth=1)
14.5374 	EXP 	window1: mouseVisible = True
14.5383 	EXP 	Created text4 = TextStim(__class__=<class 'psychopy.visual.text.TextStim'>, alignHoriz=method-wrapper(...), alignText='center', alignVert=method-wrapper(...), anchorHoriz='center', anchorVert='center', antialias=True, autoDraw=False, autoLog=True, bold=False, color=array([1., 1., 1.]), colorSpace='rgb', contrast=1.0, depth=-4.0, draggable=False, flipHoriz=False, flipVert=False, font='Open Sans', fontFiles=[], height=0.05, italic=False, languageStyle='LTR', name='text4', opacity=1.0, ori=0.0, pos=array([0.5, 0.1]), rgb=UNKNOWN, text='', units='norm', win=Window(...), wrapWidth=1)
14.5384 	EXP 	window1: mouseVisible = True
14.5394 	EXP 	Created text5 = TextStim(__class__=<class 'psychopy.visual.text.TextStim'>, alignHoriz=method-wrapper(...), alignText='center', alignVert=method-wrapper(...), anchorHoriz='center', anchorVert='center', antialias=True, autoDraw=False, autoLog=True, bold=False, color=array([1., 1., 1.]), colorSpace='rgb', contrast=1.0, depth=-5.0, draggable=False, flipHoriz=False, flipVert=False, font='Open Sans', fontFiles=[], height=0.05, italic=False, languageStyle='LTR', name='text5', opacity=1.0, ori=0.0, pos=array([-0.5, -0.1]), rgb=UNKNOWN, text='', units='norm', win=Window(...), wrapWidth=1)
14.5394 	EXP 	window1: mouseVisible = True
14.5403 	EXP 	Created text6 = TextStim(__class__=<class 'psychopy.visual.text.TextStim'>, alignHoriz=method-wrapper(...), alignText='center', alignVert=method-wrapper(...), anchorHoriz='center', anchorVert='center', antialias=True, autoDraw=False, autoLog=True, bold=False, color=array([1., 1., 1.]), colorSpace='rgb', contrast=1.0, depth=-6.0, draggable=False, flipHoriz=False, flipVert=False, font='Open Sans', fontFiles=[], height=0.05, italic=False, languageStyle='LTR', name='text6', opacity=1.0, ori=0.0, pos=array([-0.1666, -0.1   ]), rgb=UNKNOWN, text='', units='norm', win=Window(...), wrapWidth=1)
14.5404 	EXP 	window1: mouseVisible = True
14.5413 	EXP 	Created text7 = TextStim(__class__=<class 'psychopy.visual.text.TextStim'>, alignHoriz=method-wrapper(...), alignText='center', alignVert=method-wrapper(...), anchorHoriz='center', anchorVert='center', antialias=True, autoDraw=False, autoLog=True, bold=False, color=array([1., 1., 1.]), colorSpace='rgb', contrast=1.0, depth=-7.0, draggable=False, flipHoriz=False, flipVert=False, font='Open Sans', fontFiles=[], height=0.05, italic=False, languageStyle='LTR', name='text7', opacity=1.0, ori=0.0, pos=array([ 0.1666, -0.1   ]), rgb=UNKNOWN, text='', units='norm', win=Window(...), wrapWidth=1)
14.5414 	EXP 	window1: mouseVisible = True
14.5423 	EXP 	Created text8 = TextStim(__class__=<class 'psychopy.visual.text.TextStim'>, alignHoriz=method-wrapper(...), alignText='center', alignVert=method-wrapper(...), anchorHoriz='center', anchorVert='center', antialias=True, autoDraw=False, autoLog=True, bold=False, color=array([1., 1., 1.]), colorSpace='rgb', contrast=1.0, depth=-8.0, draggable=False, flipHoriz=False, flipVert=False, font='Open Sans', fontFiles=[], height=0.05, italic=False, languageStyle='LTR', name='text8', opacity=1.0, ori=0.0, pos=array([ 0.5, -0.1]), rgb=UNKNOWN, text='', units='norm', win=Window(...), wrapWidth=1)
14.5424 	EXP 	window1: mouseVisible = True
14.5433 	EXP 	Created num1 = TextStim(__class__=<class 'psychopy.visual.text.TextStim'>, alignHoriz=method-wrapper(...), alignText='center', alignVert=method-wrapper(...), anchorHoriz='center', anchorVert='center', antialias=True, autoDraw=False, autoLog=True, bold=False, color=array([1., 1., 1.]), colorSpace='rgb', contrast=1.0, depth=-10.0, draggable=False, flipHoriz=False, flipVert=False, font='Open Sans', fontFiles=[], height=0.1, italic=False, languageStyle='LTR', name='num1', opacity=1.0, ori=0.0, pos=array([-0.5,  0.3]), rgb=UNKNOWN, text='', units='norm', win=Window(...), wrapWidth=1)
14.5433 	EXP 	window1: mouseVisible = True
14.5442 	EXP 	Created num2 = TextStim(__class__=<class 'psychopy.visual.text.TextStim'>, alignHoriz=method-wrapper(...), alignText='center', alignVert=method-wrapper(...), anchorHoriz='center', anchorVert='center', antialias=True, autoDraw=False, autoLog=True, bold=False, color=array([1., 1., 1.]), colorSpace='rgb', contrast=1.0, depth=-11.0, draggable=False, flipHoriz=False, flipVert=False, font='Open Sans', fontFiles=[], height=0.1, italic=False, languageStyle='LTR', name='num2', opacity=1.0, ori=0.0, pos=array([-0.1666,  0.3   ]), rgb=UNKNOWN, text='', units='norm', win=Window(...), wrapWidth=1)
14.5443 	EXP 	window1: mouseVisible = True
14.5452 	EXP 	Created num3 = TextStim(__class__=<class 'psychopy.visual.text.TextStim'>, alignHoriz=method-wrapper(...), alignText='center', alignVert=method-wrapper(...), anchorHoriz='center', anchorVert='center', antialias=True, autoDraw=False, autoLog=True, bold=False, color=array([1., 1., 1.]), colorSpace='rgb', contrast=1.0, depth=-12.0, draggable=False, flipHoriz=False, flipVert=False, font='Open Sans', fontFiles=[], height=0.1, italic=False, languageStyle='LTR', name='num3', opacity=1.0, ori=0.0, pos=array([0.1666, 0.3   ]), rgb=UNKNOWN, text='', units='norm', win=Window(...), wrapWidth=1)
14.5453 	EXP 	window1: mouseVisible = True
14.5462 	EXP 	Created num4 = TextStim(__class__=<class 'psychopy.visual.text.TextStim'>, alignHoriz=method-wrapper(...), alignText='center', alignVert=method-wrapper(...), anchorHoriz='center', anchorVert='center', antialias=True, autoDraw=False, autoLog=True, bold=False, color=array([1., 1., 1.]), colorSpace='rgb', contrast=1.0, depth=-13.0, draggable=False, flipHoriz=False, flipVert=False, font='Open Sans', fontFiles=[], height=0.1, italic=False, languageStyle='LTR', name='num4', opacity=1.0, ori=0.0, pos=array([0.5, 0.3]), rgb=UNKNOWN, text='', units='norm', win=Window(...), wrapWidth=1)
14.5462 	EXP 	window1: mouseVisible = True
14.5479 	EXP 	Created fixCrossR = ShapeStim(__class__=<class 'psychopy.visual.shape.ShapeStim'>, anchor=('center', 'center'), autoDraw=False, autoLog=True, closeShape=True, color=method-wrapper(...), colorSpace='rgb', contrast=None, depth=0.0, draggable=False, fillColor=array([-1, -1, -1]), fillColorSpace='rgb', fillRGB=array([-1, -1, -1]), interpolate=True, lineColor=array([-1., -1., -1.]), lineColorSpace='rgb', lineRGB=array([-1, -1, -1]), lineWidth=1.0, name='fixCrossR', opacity=1.0, ori=0.0, pos=array([0., 0.]), size=array([0.02, 0.02]), units='height', vertices=ndarray(...), win=Window(...), windingRule=None)
14.5480 	EXP 	window1: mouseVisible = True
14.5545 	EXP 	Created text_17 = TextStim(__class__=<class 'psychopy.visual.text.TextStim'>, alignHoriz=method-wrapper(...), alignText='center', alignVert=method-wrapper(...), anchorHoriz='center', anchorVert='center', antialias=True, autoDraw=False, autoLog=True, bold=False, color=array([1., 1., 1.]), colorSpace='rgb', contrast=1.0, depth=0.0, draggable=False, flipHoriz=False, flipVert=False, font='Open Sans', fontFiles=[], height=0.05, italic=False, languageStyle='LTR', name='text_17', opacity=1.0, ori=0.0, pos=array([0., 0.]), rgb=UNKNOWN, text='End of the run, please relax for a moment.', units='height', win=Window(...), wrapWidth=1)
0.0159 	EXP 	Created sequence: random, trialTypes=1, nReps=1, seed=None
0.0160 	EXP 	New trial (rep=0, index=0): None
0.0224 	EXP 	Created sequence: random, trialTypes=1, nReps=999, seed=None
0.0251 	EXP 	New trial (rep=0, index=0): None
0.0306 	EXP 	Imported instructions/Instructions_doc.xlsx as conditions, 1 conditions, 1 params
0.0309 	EXP 	Created sequence: sequential, trialTypes=1, nReps=1, seed=None
0.0310 	EXP 	New trial (rep=0, index=0): {'InstructionsFilepath': 'instructions//slide1.png'}
0.1296 	EXP 	imageInstruct: image = 'instructions//slide1.png'
0.1296 	EXP 	imageInstruct: autoDraw = True
2.9492 	DATA 	Mouse: Left button down, pos=(1672,74)
2.9966 	EXP 	New trial (rep=1, index=0): None
3.0017 	EXP 	Imported instructions/Instructions_doc.xlsx as conditions, 1 conditions, 1 params
3.0021 	EXP 	Created sequence: sequential, trialTypes=1, nReps=1, seed=None
3.0023 	EXP 	New trial (rep=0, index=0): {'InstructionsFilepath': 'instructions//slide2.png'}
3.0964 	EXP 	imageInstruct: autoDraw = False
3.0964 	EXP 	imageInstruct: image = 'instructions//slide2.png'
3.0964 	EXP 	imageInstruct: autoDraw = True
3.1139 	DATA 	Mouse:  Left button up, pos=(1672,74)
6.9981 	DATA 	Mouse: Left button down, pos=(1760,52)
7.0441 	EXP 	New trial (rep=2, index=0): None
7.0488 	EXP 	Imported instructions/Instructions_doc.xlsx as conditions, 1 conditions, 1 params
7.0491 	EXP 	Created sequence: sequential, trialTypes=1, nReps=1, seed=None
7.0493 	EXP 	New trial (rep=0, index=0): {'InstructionsFilepath': 'instructions//slide3.png'}
7.1400 	EXP 	imageInstruct: autoDraw = False
7.1400 	EXP 	imageInstruct: image = 'instructions//slide3.png'
7.1400 	EXP 	imageInstruct: autoDraw = True
7.1556 	DATA 	Mouse:  Left button up, pos=(1760,52)
7.8538 	DATA 	Mouse: Left button down, pos=(1760,52)
7.8960 	EXP 	New trial (rep=3, index=0): None
7.9009 	EXP 	Imported instructions/Instructions_doc.xlsx as conditions, 1 conditions, 1 params
7.9012 	EXP 	Created sequence: sequential, trialTypes=1, nReps=1, seed=None
7.9014 	EXP 	New trial (rep=0, index=0): {'InstructionsFilepath': 'instructions//slide4.png'}
8.0075 	DATA 	Mouse:  Left button up, pos=(1760,52)
8.0213 	EXP 	imageInstruct: autoDraw = False
8.0213 	EXP 	imageInstruct: image = 'instructions//slide4.png'
8.0213 	EXP 	imageInstruct: autoDraw = True
8.5524 	DATA 	Mouse: Left button down, pos=(1760,52)
8.6045 	EXP 	New trial (rep=4, index=0): None
8.6092 	EXP 	Imported instructions/Instructions_doc.xlsx as conditions, 1 conditions, 1 params
8.6096 	EXP 	Created sequence: sequential, trialTypes=1, nReps=1, seed=None
8.6098 	EXP 	New trial (rep=0, index=0): {'InstructionsFilepath': 'instructions//slide5.png'}
8.7059 	DATA 	Mouse:  Left button up, pos=(1760,52)
8.7294 	EXP 	imageInstruct: autoDraw = False
8.7294 	EXP 	imageInstruct: image = 'instructions//slide5.png'
8.7294 	EXP 	imageInstruct: autoDraw = True
9.2334 	DATA 	Mouse: Left button down, pos=(1760,52)
9.3044 	EXP 	New trial (rep=5, index=0): None
9.3096 	EXP 	Imported instructions/Instructions_doc.xlsx as conditions, 1 conditions, 1 params
9.3099 	EXP 	Created sequence: sequential, trialTypes=1, nReps=1, seed=None
9.3101 	EXP 	New trial (rep=0, index=0): {'InstructionsFilepath': 'instructions//slide6.png'}
9.3770 	DATA 	Mouse:  Left button up, pos=(1760,52)
9.3960 	EXP 	imageInstruct: autoDraw = False
9.3960 	EXP 	imageInstruct: image = 'instructions//slide6.png'
9.3960 	EXP 	imageInstruct: autoDraw = True
9.6634 	DATA 	Mouse: Left button down, pos=(1760,52)
9.7269 	EXP 	New trial (rep=6, index=0): None
9.7321 	EXP 	Imported instructions/Instructions_doc.xlsx as conditions, 1 conditions, 1 params
9.7325 	EXP 	Created sequence: sequential, trialTypes=1, nReps=0, seed=None
9.8227 	DATA 	Mouse:  Left button up, pos=(1760,52)
9.8464 	EXP 	imageInstruct: autoDraw = False
9.8464 	EXP 	text_8: autoDraw = True
9.8464 	EXP 	image_17: autoDraw = True
10.8468 	DATA 	Mouse: Left button down, pos=(1241,351)
10.8628 	EXP 	text_8: autoDraw = False
10.8628 	EXP 	image_17: autoDraw = False
10.8628 	EXP 	text_9: autoDraw = True
10.8628 	EXP 	image_18: autoDraw = True
10.9471 	DATA 	Mouse:  Left button up, pos=(1241,351)
11.4301 	DATA 	Mouse: Left button down, pos=(788,374)
11.4463 	EXP 	text_9: autoDraw = False
11.4463 	EXP 	image_18: autoDraw = False
11.4463 	EXP 	text_10: autoDraw = True
11.4463 	EXP 	image_19: autoDraw = True
11.5514 	DATA 	Mouse:  Left button up, pos=(788,374)
11.9967 	DATA 	Mouse: Left button down, pos=(1100,383)
12.0126 	EXP 	text_10: autoDraw = False
12.0126 	EXP 	image_19: autoDraw = False
12.0126 	EXP 	text_11: autoDraw = True
12.0126 	EXP 	image_20: autoDraw = True
12.1467 	DATA 	Mouse:  Left button up, pos=(1100,383)
12.5128 	DATA 	Mouse: Left button down, pos=(751,419)
12.5207 	EXP 	Created sequence: random, trialTypes=1, nReps=999, seed=None
12.5234 	EXP 	New trial (rep=0, index=0): None
12.5394 	EXP 	Imported instructions/Instructions2_doc.xlsx as conditions, 1 conditions, 1 params
12.5397 	EXP 	Created sequence: sequential, trialTypes=1, nReps=1, seed=None
12.5398 	EXP 	New trial (rep=0, index=0): {'Instructions2Filepath': 'instructions//slide7.png'}
12.6195 	DATA 	Mouse:  Left button up, pos=(751,419)
12.6334 	EXP 	text_11: autoDraw = False
12.6334 	EXP 	image_20: autoDraw = False
12.6334 	EXP 	imageInstruct_2: image = 'instructions//slide7.png'
12.6334 	EXP 	imageInstruct_2: autoDraw = True
13.4252 	DATA 	Mouse: Left button down, pos=(1720,88)
13.5563 	EXP 	New trial (rep=1, index=0): None
13.5613 	EXP 	Imported instructions/Instructions2_doc.xlsx as conditions, 1 conditions, 1 params
13.5616 	EXP 	Created sequence: sequential, trialTypes=1, nReps=1, seed=None
13.5618 	EXP 	New trial (rep=0, index=0): {'Instructions2Filepath': 'instructions//slide8.png'}
13.6299 	DATA 	Mouse:  Left button up, pos=(1720,88)
13.6483 	EXP 	imageInstruct_2: autoDraw = False
13.6483 	EXP 	imageInstruct_2: image = 'instructions//slide8.png'
13.6483 	EXP 	imageInstruct_2: autoDraw = True
14.1860 	DATA 	Mouse: Left button down, pos=(1720,88)
14.2953 	EXP 	New trial (rep=2, index=0): None
14.2998 	EXP 	Imported instructions/Instructions2_doc.xlsx as conditions, 1 conditions, 1 params
14.3001 	EXP 	Created sequence: sequential, trialTypes=1, nReps=1, seed=None
14.3003 	EXP 	New trial (rep=0, index=0): {'Instructions2Filepath': 'instructions//slide9.png'}
14.3912 	DATA 	Mouse:  Left button up, pos=(1720,88)
14.4171 	EXP 	imageInstruct_2: autoDraw = False
14.4171 	EXP 	imageInstruct_2: image = 'instructions//slide9.png'
14.4171 	EXP 	imageInstruct_2: autoDraw = True
14.8367 	DATA 	Mouse: Left button down, pos=(1723,90)
15.0232 	EXP 	New trial (rep=3, index=0): None
15.0283 	EXP 	Imported instructions/Instructions2_doc.xlsx as conditions, 1 conditions, 1 params
15.0287 	EXP 	Created sequence: sequential, trialTypes=1, nReps=1, seed=None
15.0289 	EXP 	New trial (rep=0, index=0): {'Instructions2Filepath': 'instructions//slide10.png'}
15.1206 	DATA 	Mouse:  Left button up, pos=(1723,90)
15.1462 	EXP 	imageInstruct_2: autoDraw = False
15.1462 	EXP 	imageInstruct_2: image = 'instructions//slide10.png'
15.1462 	EXP 	imageInstruct_2: autoDraw = True
15.7338 	DATA 	Mouse: Left button down, pos=(1723,90)
15.8584 	EXP 	New trial (rep=4, index=0): None
15.8629 	EXP 	Imported instructions/Instructions2_doc.xlsx as conditions, 1 conditions, 1 params
15.8632 	EXP 	Created sequence: sequential, trialTypes=1, nReps=1, seed=None
15.8633 	EXP 	New trial (rep=0, index=0): {'Instructions2Filepath': 'instructions//slide11.png'}
15.9475 	DATA 	Mouse:  Left button up, pos=(1723,90)
15.9710 	EXP 	imageInstruct_2: autoDraw = False
15.9710 	EXP 	imageInstruct_2: image = 'instructions//slide11.png'
15.9710 	EXP 	imageInstruct_2: autoDraw = True
16.5024 	DATA 	Mouse: Left button down, pos=(1723,90)
16.6180 	EXP 	New trial (rep=5, index=0): None
16.6222 	EXP 	Imported instructions/Instructions2_doc.xlsx as conditions, 1 conditions, 1 params
16.6225 	EXP 	Created sequence: sequential, trialTypes=1, nReps=1, seed=None
16.6226 	EXP 	New trial (rep=0, index=0): {'Instructions2Filepath': 'instructions//slide12.png'}
16.6892 	DATA 	Mouse:  Left button up, pos=(1723,90)
16.7126 	EXP 	imageInstruct_2: autoDraw = False
16.7126 	EXP 	imageInstruct_2: image = 'instructions//slide12.png'
16.7126 	EXP 	imageInstruct_2: autoDraw = True
18.6300 	DATA 	Mouse: Left button down, pos=(1723,90)
18.7713 	EXP 	New trial (rep=6, index=0): None
18.7760 	EXP 	Imported instructions/Instructions2_doc.xlsx as conditions, 1 conditions, 1 params
18.7764 	EXP 	Created sequence: sequential, trialTypes=1, nReps=0, seed=None
19.1165 	DATA 	Mouse:  Left button up, pos=(1723,90)
19.1294 	EXP 	imageInstruct_2: autoDraw = False
19.1294 	EXP 	text: autoDraw = True
22.1516 	EXP 	Imported trialMatrices/trialMatrix_s69_0.xlsx as conditions, 64 conditions, 14 params
22.1525 	EXP 	Created sequence: sequential, trialTypes=64, nReps=1, seed=None
22.1526 	EXP 	New trial (rep=0, index=0): {'category': 'car', 'orientation': 2, 'taskCue': 'stim//obj2.png', 'stimfile': 'stim//car2.png', 'resp1': 'turtle', 'resp2': 'shoe', 'resp3': 'car', 'resp4': 'horse', 'resp5': 'full left', 'resp6': 'slight right', 'resp7': 'slight left', 'resp8': 'full right', 'objFirst': 'True', 'interval': 2.581}
22.1554 	DATA 	Keypress: 5
22.1625 	EXP 	text: autoDraw = False
22.1625 	EXP 	cue: image = 'stim//obj2.png'
22.1625 	EXP 	cue: autoDraw = True
23.1466 	EXP 	Created sequence: random, trialTypes=1, nReps=3, seed=None
23.1469 	EXP 	New trial (rep=0, index=0): None
23.4126 	EXP 	cue: autoDraw = False
23.4126 	EXP 	image: image = 'stim//car2.png'
23.4126 	EXP 	image: autoDraw = True
23.4126 	EXP 	fixCrossR_2: autoDraw = True
23.6626 	EXP 	image: autoDraw = False
23.6626 	EXP 	fixCrossR_2: autoDraw = False
23.6626 	EXP 	image: autoDraw = False
23.6626 	EXP 	fixCrossR_2: autoDraw = False
23.6626 	EXP 	fixCrossR_4: autoDraw = True
23.8974 	EXP 	New trial (rep=1, index=0): None
24.0291 	EXP 	fixCrossR_4: autoDraw = False
24.0291 	EXP 	fixCrossR_4: autoDraw = False
24.0291 	EXP 	image: image = 'stim//car2.png'
24.0291 	EXP 	image: autoDraw = True
24.0291 	EXP 	fixCrossR_2: autoDraw = True
24.2791 	EXP 	image: autoDraw = False
24.2791 	EXP 	fixCrossR_2: autoDraw = False
24.2791 	EXP 	image: autoDraw = False
24.2791 	EXP 	fixCrossR_2: autoDraw = False
24.2791 	EXP 	fixCrossR_4: autoDraw = True
24.5135 	EXP 	New trial (rep=2, index=0): None
24.7303 	EXP 	fixCrossR_4: autoDraw = False
24.7303 	EXP 	fixCrossR_4: autoDraw = False
24.7303 	EXP 	image: image = 'stim//car2.png'
24.7303 	EXP 	image: autoDraw = True
24.7303 	EXP 	fixCrossR_2: autoDraw = True
24.9792 	EXP 	image: autoDraw = False
24.9792 	EXP 	fixCrossR_2: autoDraw = False
24.9792 	EXP 	image: autoDraw = False
24.9792 	EXP 	fixCrossR_2: autoDraw = False
24.9792 	EXP 	fixCrossR_4: autoDraw = True
25.4959 	EXP 	fixCrossR_4: autoDraw = False
25.4959 	EXP 	fixCrossR_4: autoDraw = False
25.4959 	EXP 	fixCross: fillColor = <psychopy.colors.Color: black, alpha=1.0>
25.4959 	EXP 	fixCross: borderColor = <psychopy.colors.Color: black, alpha=1.0>
25.4959 	EXP 	text1: foreColor = <psychopy.colors.Color: white, alpha=1.0>
25.4959 	EXP 	text1: height = 0.05
25.4959 	EXP 	text1: height = 0.05
25.4959 	EXP 	text1: height = 0.05
25.4959 	EXP 	text1: text = 'turtle'
25.4959 	EXP 	text2: foreColor = <psychopy.colors.Color: white, alpha=1.0>
25.4959 	EXP 	text2: height = 0.05
25.4959 	EXP 	text2: height = 0.05
25.4959 	EXP 	text2: height = 0.05
25.4959 	EXP 	text2: text = 'shoe'
25.4959 	EXP 	text3: foreColor = <psychopy.colors.Color: white, alpha=1.0>
25.4959 	EXP 	text3: height = 0.05
25.4959 	EXP 	text3: height = 0.05
25.4959 	EXP 	text3: height = 0.05
25.4959 	EXP 	text3: text = 'car'
25.4959 	EXP 	text4: foreColor = <psychopy.colors.Color: white, alpha=1.0>
25.4959 	EXP 	text4: height = 0.05
25.4959 	EXP 	text4: height = 0.05
25.4959 	EXP 	text4: height = 0.05
25.4959 	EXP 	text4: text = 'horse'
25.4959 	EXP 	text5: foreColor = <psychopy.colors.Color: white, alpha=1.0>
25.4959 	EXP 	text5: height = 0.05
25.4959 	EXP 	text5: height = 0.05
25.4959 	EXP 	text5: height = 0.05
25.4959 	EXP 	text5: text = 'full left'
25.4959 	EXP 	text6: foreColor = <psychopy.colors.Color: white, alpha=1.0>
25.4959 	EXP 	text6: height = 0.05
25.4959 	EXP 	text6: height = 0.05
25.4959 	EXP 	text6: height = 0.05
25.4959 	EXP 	text6: text = 'slight right'
25.4959 	EXP 	text7: foreColor = <psychopy.colors.Color: white, alpha=1.0>
25.4959 	EXP 	text7: height = 0.05
25.4959 	EXP 	text7: height = 0.05
25.4959 	EXP 	text7: height = 0.05
25.4959 	EXP 	text7: text = 'slight left'
25.4959 	EXP 	text8: foreColor = <psychopy.colors.Color: white, alpha=1.0>
25.4959 	EXP 	text8: height = 0.05
25.4959 	EXP 	text8: height = 0.05
25.4959 	EXP 	text8: height = 0.05
25.4959 	EXP 	text8: text = 'full right'
25.4959 	EXP 	num1: foreColor = <psychopy.colors.Color: white, alpha=1.0>
25.4959 	EXP 	num1: height = 0.1
25.4959 	EXP 	num1: height = 0.1
25.4959 	EXP 	num1: height = 0.1
25.4959 	EXP 	num1: text = '1'
25.4959 	EXP 	num2: foreColor = <psychopy.colors.Color: white, alpha=1.0>
25.4959 	EXP 	num2: height = 0.1
25.4959 	EXP 	num2: height = 0.1
25.4959 	EXP 	num2: height = 0.1
25.4959 	EXP 	num2: text = '2'
25.4959 	EXP 	num3: foreColor = <psychopy.colors.Color: white, alpha=1.0>
25.4959 	EXP 	num3: height = 0.1
25.4959 	EXP 	num3: height = 0.1
25.4959 	EXP 	num3: height = 0.1
25.4959 	EXP 	num3: text = '3'
25.4959 	EXP 	num4: foreColor = <psychopy.colors.Color: white, alpha=1.0>
25.4959 	EXP 	num4: height = 0.1
25.4959 	EXP 	num4: height = 0.1
25.4959 	EXP 	num4: height = 0.1
25.4959 	EXP 	num4: text = '4'
25.4959 	EXP 	fixCross: autoDraw = True
25.4959 	EXP 	text1: autoDraw = True
25.4959 	EXP 	text2: autoDraw = True
25.4959 	EXP 	text3: autoDraw = True
25.4959 	EXP 	text4: autoDraw = True
25.4959 	EXP 	text5: autoDraw = True
25.4959 	EXP 	text6: autoDraw = True
25.4959 	EXP 	text7: autoDraw = True
25.4959 	EXP 	text8: autoDraw = True
25.4959 	EXP 	num1: autoDraw = True
25.4959 	EXP 	num2: autoDraw = True
25.4959 	EXP 	num3: autoDraw = True
25.4959 	EXP 	num4: autoDraw = True
26.1702 	DATA 	Keypress: 1
26.1960 	EXP 	fixCross: foreColor = <psychopy.colors.Color: (1.0, 0.0, 1.0, 1.0)>
26.1960 	EXP 	fixCross: borderColor = <psychopy.colors.Color: (1.0, 0.0, 1.0, 1.0)>
26.1960 	EXP 	fixCross: fillColor = <psychopy.colors.Color: (1.0, 0.0, 1.0, 1.0)>
26.1960 	EXP 	text1: foreColor = <psychopy.colors.Color: (1.0, 0.0, 1.0, 1.0)>
26.1960 	EXP 	text5: foreColor = <psychopy.colors.Color: (1.0, 0.0, 1.0, 1.0)>
26.1960 	EXP 	num1: foreColor = <psychopy.colors.Color: (1.0, 0.0, 1.0, 1.0)>
28.2460 	EXP 	fixCross: autoDraw = False
28.2460 	EXP 	text1: autoDraw = False
28.2460 	EXP 	text2: autoDraw = False
28.2460 	EXP 	text3: autoDraw = False
28.2460 	EXP 	text4: autoDraw = False
28.2460 	EXP 	text5: autoDraw = False
28.2460 	EXP 	text6: autoDraw = False
28.2460 	EXP 	text7: autoDraw = False
28.2460 	EXP 	text8: autoDraw = False
28.2460 	EXP 	num1: autoDraw = False
28.2460 	EXP 	num2: autoDraw = False
28.2460 	EXP 	num3: autoDraw = False
28.2460 	EXP 	num4: autoDraw = False
28.2460 	EXP 	fixCross: foreColor = <psychopy.colors.Color: transparent, alpha=1.0>
28.2460 	EXP 	fixCross: borderColor = <psychopy.colors.Color: transparent, alpha=1.0>
28.2460 	EXP 	fixCross: fillColor = <psychopy.colors.Color: transparent, alpha=1.0>
28.2460 	EXP 	fixCrossR: autoDraw = True
28.6305 	DATA 	Keypress: escape
28.7970 	EXP 	pilotv2: status = STOPPED
28.8125 	EXP 	fixCrossR: autoDraw = False
28.8127 	EXP 	pilotv2: status = STOPPED
28.8918 	EXP 	window1: mouseVisible = True
