2.6842 	ERROR 	Support for the `sounddevice` audio backend is not available this session. Please install `psychopy-sounddevice` and restart the session to enable support.
9.9451 	WARNING 	User requested fullscreen with size [1536  864], but screen is actually [1920, 1080]. Using actual size
10.8036 	EXP 	Created window1 = Window(allowGUI=True, allowStencil=False, autoLog=True, backendConf=UNKNOWN, backgroundFit=<method-wrapper '__getattribute__' of attributeSetter object at 0x00000249275F0EB0>, backgroundImage=<method-wrapper '__getattribute__' of attributeSetter object at 0x00000249275F0E50>, bitsMode=UNKNOWN, blendMode='avg', bpc=(8, 8, 8), color=array([-0.4039, -0.4039, -0.4039]), colorSpace='rgb', depthBits=8, fullscr=<method-wrapper '__getattribute__' of attributeSetter object at 0x00000249275F0C70>, gamma=None, gammaErrorPolicy='raise', lms=UNKNOWN, monitor=<psychopy.monitors.calibTools.Monitor object at 0x0000024932E44E80>, multiSample=False, name='window1', numSamples=2, pos=(0, 0), screen=0, size=array([1920, 1080]), stencilBits=0, stereo=False, title='PsychoPy', units='height', useFBO=True, useRetina=False, viewOri=0.0, viewPos=None, viewScale=None, waitBlanking=True, winType='pyglet')
10.8037 	EXP 	window1: mouseVisible = True
10.8037 	EXP 	window1: backgroundImage = ''
10.8037 	EXP 	window1: backgroundFit = 'none'
10.8058 	EXP 	window1: Attempting to measure frame rate of screen (0) ...
10.8058 	EXP 	window1: recordFrameIntervals = False
10.9685 	EXP 	window1: recordFrameIntervals = True
11.1520 	EXP 	Screen (0) actual frame rate measured at 60.06Hz
11.1521 	EXP 	window1: recordFrameIntervals = False
11.1522 	EXP 	window1: mouseVisible = False
13.4168 	EXP 	pilotv2: status = STARTED
13.4172 	EXP 	window1: mouseVisible = True
13.4344 	EXP 	Created imageInstruct = ImageStim(__class__=<class 'psychopy.visual.image.ImageStim'>, anchor=('center', 'center'), autoLog=True, color=array([1., 1., 1.]), colorSpace='rgb', contrast=1.0, depth=0.0, draggable=False, flipHoriz=False, flipVert=False, image='default.png', interpolate=True, mask=None, maskParams=None, name='imageInstruct', opacity=1.0, ori=0.0, pos=array([0., 0.]), size=array([1.6    , 1.00736]), texRes=128.0, units='height', win=Window(...))
13.4346 	EXP 	window1: mouseVisible = True
13.4348 	EXP 	window1: mouseVisible = True
13.4352 	EXP 	window1: mouseVisible = True
13.4356 	EXP 	window1: mouseVisible = True
13.4505 	EXP 	window1: mouseVisible = True
13.4506 	EXP 	window1: mouseVisible = True
13.4510 	EXP 	window1: mouseVisible = True
13.4514 	EXP 	window1: mouseVisible = True
13.4628 	EXP 	window1: mouseVisible = True
13.4630 	EXP 	window1: mouseVisible = True
13.4631 	EXP 	window1: mouseVisible = True
13.4635 	EXP 	window1: mouseVisible = True
13.4639 	EXP 	window1: mouseVisible = True
13.4748 	EXP 	window1: mouseVisible = True
13.4749 	EXP 	window1: mouseVisible = True
13.4753 	EXP 	window1: mouseVisible = True
13.4757 	EXP 	window1: mouseVisible = True
13.4791 	EXP 	window1: mouseVisible = True
13.4792 	EXP 	window1: mouseVisible = True
13.5721 	EXP 	Created text_8 = TextStim(__class__=<class 'psychopy.visual.text.TextStim'>, alignHoriz=method-wrapper(...), alignText='center', alignVert=method-wrapper(...), anchorHoriz='center', anchorVert='center', antialias=True, autoDraw=False, autoLog=True, bold=False, color=array([1., 1., 1.]), colorSpace='rgb', contrast=1.0, depth=0.0, draggable=False, flipHoriz=False, flipVert=False, font='Open Sans', fontFiles=[], height=0.05, italic=False, languageStyle='LTR', name='text_8', opacity=1.0, ori=0.0, pos=array([0., 0.]), rgb=UNKNOWN, text=str(...), units='height', win=Window(...), wrapWidth=1)
13.5723 	EXP 	window1: mouseVisible = True
13.5724 	EXP 	window1: mouseVisible = True
13.5729 	EXP 	window1: mouseVisible = True
13.5733 	EXP 	window1: mouseVisible = True
13.5977 	EXP 	window1: mouseVisible = True
13.5978 	EXP 	window1: mouseVisible = True
13.5982 	EXP 	window1: mouseVisible = True
13.5986 	EXP 	window1: mouseVisible = True
13.6089 	EXP 	window1: mouseVisible = True
13.6091 	EXP 	window1: mouseVisible = True
13.6092 	EXP 	window1: mouseVisible = True
13.6096 	EXP 	window1: mouseVisible = True
13.6100 	EXP 	window1: mouseVisible = True
13.6185 	EXP 	window1: mouseVisible = True
13.6186 	EXP 	window1: mouseVisible = True
13.6190 	EXP 	window1: mouseVisible = True
13.6195 	EXP 	window1: mouseVisible = True
13.6229 	EXP 	window1: mouseVisible = True
13.6230 	EXP 	window1: mouseVisible = True
13.6272 	EXP 	Created image_17 = ImageStim(__class__=<class 'psychopy.visual.image.ImageStim'>, anchor=('center', 'center'), autoLog=True, color=array([1., 1., 1.]), colorSpace='rgb', contrast=1.0, depth=-3.0, draggable=False, flipHoriz=False, flipVert=False, image='stim/ori1.png', interpolate=True, mask=None, maskParams=None, name='image_17', opacity=1.0, ori=0.0, pos=array([0.  , 0.23]), size=array([0.15, 0.15]), texRes=128.0, units='height', win=Window(...))
13.6274 	EXP 	window1: mouseVisible = True
13.6321 	EXP 	Created text_9 = TextStim(__class__=<class 'psychopy.visual.text.TextStim'>, alignHoriz=method-wrapper(...), alignText='center', alignVert=method-wrapper(...), anchorHoriz='center', anchorVert='center', antialias=True, autoDraw=False, autoLog=True, bold=False, color=array([1., 1., 1.]), colorSpace='rgb', contrast=1.0, depth=0.0, draggable=False, flipHoriz=False, flipVert=False, font='Open Sans', fontFiles=[], height=0.05, italic=False, languageStyle='LTR', name='text_9', opacity=1.0, ori=0.0, pos=array([0., 0.]), rgb=UNKNOWN, text=str(...), units='height', win=Window(...), wrapWidth=1)
13.6323 	EXP 	window1: mouseVisible = True
13.6325 	EXP 	window1: mouseVisible = True
13.6329 	EXP 	window1: mouseVisible = True
13.6333 	EXP 	window1: mouseVisible = True
13.6371 	EXP 	window1: mouseVisible = True
13.6372 	EXP 	window1: mouseVisible = True
13.6376 	EXP 	window1: mouseVisible = True
13.6380 	EXP 	window1: mouseVisible = True
13.6415 	EXP 	window1: mouseVisible = True
13.6417 	EXP 	window1: mouseVisible = True
13.6418 	EXP 	window1: mouseVisible = True
13.6422 	EXP 	window1: mouseVisible = True
13.6426 	EXP 	window1: mouseVisible = True
13.6465 	EXP 	window1: mouseVisible = True
13.6466 	EXP 	window1: mouseVisible = True
13.6470 	EXP 	window1: mouseVisible = True
13.6474 	EXP 	window1: mouseVisible = True
13.6507 	EXP 	window1: mouseVisible = True
13.6508 	EXP 	window1: mouseVisible = True
13.6553 	EXP 	Created image_18 = ImageStim(__class__=<class 'psychopy.visual.image.ImageStim'>, anchor=('center', 'center'), autoLog=True, color=array([1., 1., 1.]), colorSpace='rgb', contrast=1.0, depth=-3.0, draggable=False, flipHoriz=False, flipVert=False, image='stim/obj2.png', interpolate=True, mask=None, maskParams=None, name='image_18', opacity=1.0, ori=0.0, pos=array([0.  , 0.23]), size=array([0.15, 0.15]), texRes=128.0, units='height', win=Window(...))
13.6555 	EXP 	window1: mouseVisible = True
13.6602 	EXP 	Created text_10 = TextStim(__class__=<class 'psychopy.visual.text.TextStim'>, alignHoriz=method-wrapper(...), alignText='center', alignVert=method-wrapper(...), anchorHoriz='center', anchorVert='center', antialias=True, autoDraw=False, autoLog=True, bold=False, color=array([1., 1., 1.]), colorSpace='rgb', contrast=1.0, depth=0.0, draggable=False, flipHoriz=False, flipVert=False, font='Open Sans', fontFiles=[], height=0.05, italic=False, languageStyle='LTR', name='text_10', opacity=1.0, ori=0.0, pos=array([0., 0.]), rgb=UNKNOWN, text=str(...), units='height', win=Window(...), wrapWidth=1)
13.6604 	EXP 	window1: mouseVisible = True
13.6605 	EXP 	window1: mouseVisible = True
13.6610 	EXP 	window1: mouseVisible = True
13.6614 	EXP 	window1: mouseVisible = True
13.6651 	EXP 	window1: mouseVisible = True
13.6653 	EXP 	window1: mouseVisible = True
13.6657 	EXP 	window1: mouseVisible = True
13.6661 	EXP 	window1: mouseVisible = True
13.6694 	EXP 	window1: mouseVisible = True
13.6695 	EXP 	window1: mouseVisible = True
13.6697 	EXP 	window1: mouseVisible = True
13.6701 	EXP 	window1: mouseVisible = True
13.6705 	EXP 	window1: mouseVisible = True
13.6745 	EXP 	window1: mouseVisible = True
13.6746 	EXP 	window1: mouseVisible = True
13.6751 	EXP 	window1: mouseVisible = True
13.6755 	EXP 	window1: mouseVisible = True
13.6788 	EXP 	window1: mouseVisible = True
13.6790 	EXP 	window1: mouseVisible = True
13.6834 	EXP 	Created image_19 = ImageStim(__class__=<class 'psychopy.visual.image.ImageStim'>, anchor=('center', 'center'), autoLog=True, color=array([1., 1., 1.]), colorSpace='rgb', contrast=1.0, depth=-3.0, draggable=False, flipHoriz=False, flipVert=False, image='stim/ori2.png', interpolate=True, mask=None, maskParams=None, name='image_19', opacity=1.0, ori=0.0, pos=array([0.  , 0.23]), size=array([0.15, 0.15]), texRes=128.0, units='height', win=Window(...))
13.6836 	EXP 	window1: mouseVisible = True
13.6882 	EXP 	Created text_11 = TextStim(__class__=<class 'psychopy.visual.text.TextStim'>, alignHoriz=method-wrapper(...), alignText='center', alignVert=method-wrapper(...), anchorHoriz='center', anchorVert='center', antialias=True, autoDraw=False, autoLog=True, bold=False, color=array([1., 1., 1.]), colorSpace='rgb', contrast=1.0, depth=0.0, draggable=False, flipHoriz=False, flipVert=False, font='Open Sans', fontFiles=[], height=0.05, italic=False, languageStyle='LTR', name='text_11', opacity=1.0, ori=0.0, pos=array([0., 0.]), rgb=UNKNOWN, text=str(...), units='height', win=Window(...), wrapWidth=1)
13.6885 	EXP 	window1: mouseVisible = True
13.6886 	EXP 	window1: mouseVisible = True
13.6890 	EXP 	window1: mouseVisible = True
13.6894 	EXP 	window1: mouseVisible = True
13.6933 	EXP 	window1: mouseVisible = True
13.6934 	EXP 	window1: mouseVisible = True
13.6938 	EXP 	window1: mouseVisible = True
13.6942 	EXP 	window1: mouseVisible = True
13.6975 	EXP 	window1: mouseVisible = True
13.6977 	EXP 	window1: mouseVisible = True
13.6978 	EXP 	window1: mouseVisible = True
13.6982 	EXP 	window1: mouseVisible = True
13.6987 	EXP 	window1: mouseVisible = True
13.7025 	EXP 	window1: mouseVisible = True
13.7027 	EXP 	window1: mouseVisible = True
13.7031 	EXP 	window1: mouseVisible = True
13.7035 	EXP 	window1: mouseVisible = True
13.7075 	EXP 	window1: mouseVisible = True
13.7075 	EXP 	window1: mouseVisible = True
13.7126 	EXP 	Created image_20 = ImageStim(__class__=<class 'psychopy.visual.image.ImageStim'>, anchor=('center', 'center'), autoLog=True, color=array([1., 1., 1.]), colorSpace='rgb', contrast=1.0, depth=-3.0, draggable=False, flipHoriz=False, flipVert=False, image='stim/obj1.png', interpolate=True, mask=None, maskParams=None, name='image_20', opacity=1.0, ori=0.0, pos=array([0.  , 0.23]), size=array([0.15, 0.15]), texRes=128.0, units='height', win=Window(...))
13.7128 	EXP 	window1: mouseVisible = True
13.7219 	EXP 	Created imageInstruct_2 = ImageStim(__class__=<class 'psychopy.visual.image.ImageStim'>, anchor=('center', 'center'), autoLog=True, color=array([1., 1., 1.]), colorSpace='rgb', contrast=1.0, depth=0.0, draggable=False, flipHoriz=False, flipVert=False, image='default.png', interpolate=True, mask=None, maskParams=None, name='imageInstruct_2', opacity=1.0, ori=0.0, pos=array([0., 0.]), size=array([1.6    , 1.00736]), texRes=128.0, units='height', win=Window(...))
13.7222 	EXP 	window1: mouseVisible = True
13.7223 	EXP 	window1: mouseVisible = True
13.7227 	EXP 	window1: mouseVisible = True
13.7231 	EXP 	window1: mouseVisible = True
13.7270 	EXP 	window1: mouseVisible = True
13.7271 	EXP 	window1: mouseVisible = True
13.7275 	EXP 	window1: mouseVisible = True
13.7279 	EXP 	window1: mouseVisible = True
13.7313 	EXP 	window1: mouseVisible = True
13.7315 	EXP 	window1: mouseVisible = True
13.7316 	EXP 	window1: mouseVisible = True
13.7320 	EXP 	window1: mouseVisible = True
13.7324 	EXP 	window1: mouseVisible = True
13.7362 	EXP 	window1: mouseVisible = True
13.7364 	EXP 	window1: mouseVisible = True
13.7368 	EXP 	window1: mouseVisible = True
13.7372 	EXP 	window1: mouseVisible = True
13.7404 	EXP 	window1: mouseVisible = True
13.7405 	EXP 	window1: mouseVisible = True
13.7503 	EXP 	Created text = TextStim(__class__=<class 'psychopy.visual.text.TextStim'>, alignHoriz=method-wrapper(...), alignText='center', alignVert=method-wrapper(...), anchorHoriz='center', anchorVert='center', antialias=True, autoDraw=False, autoLog=True, bold=False, color=array([1., 1., 1.]), colorSpace='rgb', contrast=1.0, depth=0.0, draggable=False, flipHoriz=False, flipVert=False, font='Open Sans', fontFiles=[], height=0.05, italic=False, languageStyle='LTR', name='text', opacity=1.0, ori=0.0, pos=array([0., 0.]), rgb=UNKNOWN, text='The experiment will begin soon. Get ready!', units='height', win=Window(...), wrapWidth=1)
13.7504 	EXP 	window1: mouseVisible = True
13.7595 	EXP 	Created cue = ImageStim(__class__=<class 'psychopy.visual.image.ImageStim'>, anchor=('center', 'center'), autoLog=True, color=array([1., 1., 1.]), colorSpace='rgb', contrast=1.0, depth=0.0, draggable=False, flipHoriz=False, flipVert=False, image='default.png', interpolate=True, mask=None, maskParams=None, name='cue', opacity=1.0, ori=0.0, pos=array([0., 0.]), size=array([0.15, 0.15]), texRes=128.0, units='height', win=Window(...))
13.7596 	EXP 	window1: mouseVisible = True
13.7687 	EXP 	Created image = ImageStim(__class__=<class 'psychopy.visual.image.ImageStim'>, anchor=('center', 'center'), autoLog=True, color=array([1., 1., 1.]), colorSpace='rgb', contrast=1.0, depth=0.0, draggable=False, flipHoriz=False, flipVert=False, image='default.png', interpolate=True, mask=None, maskParams=None, name='image', opacity=1.0, ori=0.0, pos=array([0., 0.]), size=array([0.5, 0.5]), texRes=128.0, units='height', win=Window(...))
13.7688 	EXP 	window1: mouseVisible = True
13.7712 	EXP 	Created fixCrossR_2 = ShapeStim(__class__=<class 'psychopy.visual.shape.ShapeStim'>, anchor=('center', 'center'), autoDraw=False, autoLog=True, closeShape=True, color=method-wrapper(...), colorSpace='rgb', contrast=None, depth=-1.0, draggable=False, fillColor=array([-1, -1, -1]), fillColorSpace='rgb', fillRGB=array([-1, -1, -1]), interpolate=True, lineColor=array([-1., -1., -1.]), lineColorSpace='rgb', lineRGB=array([-1, -1, -1]), lineWidth=1.0, name='fixCrossR_2', opacity=1.0, ori=0.0, pos=array([0., 0.]), size=array([0.02, 0.02]), units='height', vertices=ndarray(...), win=Window(...), windingRule=None)
13.7713 	EXP 	window1: mouseVisible = True
13.7730 	EXP 	Created fixCrossR_4 = ShapeStim(__class__=<class 'psychopy.visual.shape.ShapeStim'>, anchor=('center', 'center'), autoDraw=False, autoLog=True, closeShape=True, color=method-wrapper(...), colorSpace='rgb', contrast=None, depth=0.0, draggable=False, fillColor=array([-1, -1, -1]), fillColorSpace='rgb', fillRGB=array([-1, -1, -1]), interpolate=True, lineColor=array([-1., -1., -1.]), lineColorSpace='rgb', lineRGB=array([-1, -1, -1]), lineWidth=1.0, name='fixCrossR_4', opacity=1.0, ori=0.0, pos=array([0., 0.]), size=array([0.02, 0.02]), units='height', vertices=ndarray(...), win=Window(...), windingRule=None)
13.7731 	EXP 	window1: mouseVisible = True
13.7749 	EXP 	Created fixCross = ShapeStim(__class__=<class 'psychopy.visual.shape.ShapeStim'>, anchor=('center', 'center'), autoDraw=False, autoLog=True, closeShape=True, color=method-wrapper(...), colorSpace='rgb', contrast=None, depth=0.0, draggable=False, fillColor=array([1, 1, 1]), fillColorSpace='rgb', fillRGB=array([1, 1, 1]), interpolate=True, lineColor=array([1., 1., 1.]), lineColorSpace='rgb', lineRGB=array([1, 1, 1]), lineWidth=1.0, name='fixCross', opacity=1.0, ori=0.0, pos=array([0., 0.]), size=array([0.02, 0.02]), units='height', vertices=ndarray(...), win=Window(...), windingRule=None)
13.7750 	EXP 	window1: mouseVisible = True
13.7768 	EXP 	Created text1 = TextStim(__class__=<class 'psychopy.visual.text.TextStim'>, alignHoriz=method-wrapper(...), alignText='center', alignVert=method-wrapper(...), anchorHoriz='center', anchorVert='center', antialias=True, autoDraw=False, autoLog=True, bold=False, color=array([1., 1., 1.]), colorSpace='rgb', contrast=1.0, depth=-1.0, draggable=False, flipHoriz=False, flipVert=False, font='Open Sans', fontFiles=[], height=0.05, italic=False, languageStyle='LTR', name='text1', opacity=1.0, ori=0.0, pos=array([-0.5,  0.1]), rgb=UNKNOWN, text='', units='norm', win=Window(...), wrapWidth=1)
13.7769 	EXP 	window1: mouseVisible = True
13.7779 	EXP 	Created text2 = TextStim(__class__=<class 'psychopy.visual.text.TextStim'>, alignHoriz=method-wrapper(...), alignText='center', alignVert=method-wrapper(...), anchorHoriz='center', anchorVert='center', antialias=True, autoDraw=False, autoLog=True, bold=False, color=array([1., 1., 1.]), colorSpace='rgb', contrast=1.0, depth=-2.0, draggable=False, flipHoriz=False, flipVert=False, font='Open Sans', fontFiles=[], height=0.05, italic=False, languageStyle='LTR', name='text2', opacity=1.0, ori=0.0, pos=array([-0.1666,  0.1   ]), rgb=UNKNOWN, text='', units='norm', win=Window(...), wrapWidth=1)
13.7780 	EXP 	window1: mouseVisible = True
13.7790 	EXP 	Created text3 = TextStim(__class__=<class 'psychopy.visual.text.TextStim'>, alignHoriz=method-wrapper(...), alignText='center', alignVert=method-wrapper(...), anchorHoriz='center', anchorVert='center', antialias=True, autoDraw=False, autoLog=True, bold=False, color=array([1., 1., 1.]), colorSpace='rgb', contrast=1.0, depth=-3.0, draggable=False, flipHoriz=False, flipVert=False, font='Open Sans', fontFiles=[], height=0.05, italic=False, languageStyle='LTR', name='text3', opacity=1.0, ori=0.0, pos=array([0.166, 0.1  ]), rgb=UNKNOWN, text='', units='norm', win=Window(...), wrapWidth=1)
13.7790 	EXP 	window1: mouseVisible = True
13.7800 	EXP 	Created text4 = TextStim(__class__=<class 'psychopy.visual.text.TextStim'>, alignHoriz=method-wrapper(...), alignText='center', alignVert=method-wrapper(...), anchorHoriz='center', anchorVert='center', antialias=True, autoDraw=False, autoLog=True, bold=False, color=array([1., 1., 1.]), colorSpace='rgb', contrast=1.0, depth=-4.0, draggable=False, flipHoriz=False, flipVert=False, font='Open Sans', fontFiles=[], height=0.05, italic=False, languageStyle='LTR', name='text4', opacity=1.0, ori=0.0, pos=array([0.5, 0.1]), rgb=UNKNOWN, text='', units='norm', win=Window(...), wrapWidth=1)
13.7801 	EXP 	window1: mouseVisible = True
13.7810 	EXP 	Created text5 = TextStim(__class__=<class 'psychopy.visual.text.TextStim'>, alignHoriz=method-wrapper(...), alignText='center', alignVert=method-wrapper(...), anchorHoriz='center', anchorVert='center', antialias=True, autoDraw=False, autoLog=True, bold=False, color=array([1., 1., 1.]), colorSpace='rgb', contrast=1.0, depth=-5.0, draggable=False, flipHoriz=False, flipVert=False, font='Open Sans', fontFiles=[], height=0.05, italic=False, languageStyle='LTR', name='text5', opacity=1.0, ori=0.0, pos=array([-0.5, -0.1]), rgb=UNKNOWN, text='', units='norm', win=Window(...), wrapWidth=1)
13.7811 	EXP 	window1: mouseVisible = True
13.7820 	EXP 	Created text6 = TextStim(__class__=<class 'psychopy.visual.text.TextStim'>, alignHoriz=method-wrapper(...), alignText='center', alignVert=method-wrapper(...), anchorHoriz='center', anchorVert='center', antialias=True, autoDraw=False, autoLog=True, bold=False, color=array([1., 1., 1.]), colorSpace='rgb', contrast=1.0, depth=-6.0, draggable=False, flipHoriz=False, flipVert=False, font='Open Sans', fontFiles=[], height=0.05, italic=False, languageStyle='LTR', name='text6', opacity=1.0, ori=0.0, pos=array([-0.1666, -0.1   ]), rgb=UNKNOWN, text='', units='norm', win=Window(...), wrapWidth=1)
13.7821 	EXP 	window1: mouseVisible = True
13.7831 	EXP 	Created text7 = TextStim(__class__=<class 'psychopy.visual.text.TextStim'>, alignHoriz=method-wrapper(...), alignText='center', alignVert=method-wrapper(...), anchorHoriz='center', anchorVert='center', antialias=True, autoDraw=False, autoLog=True, bold=False, color=array([1., 1., 1.]), colorSpace='rgb', contrast=1.0, depth=-7.0, draggable=False, flipHoriz=False, flipVert=False, font='Open Sans', fontFiles=[], height=0.05, italic=False, languageStyle='LTR', name='text7', opacity=1.0, ori=0.0, pos=array([ 0.1666, -0.1   ]), rgb=UNKNOWN, text='', units='norm', win=Window(...), wrapWidth=1)
13.7831 	EXP 	window1: mouseVisible = True
13.7841 	EXP 	Created text8 = TextStim(__class__=<class 'psychopy.visual.text.TextStim'>, alignHoriz=method-wrapper(...), alignText='center', alignVert=method-wrapper(...), anchorHoriz='center', anchorVert='center', antialias=True, autoDraw=False, autoLog=True, bold=False, color=array([1., 1., 1.]), colorSpace='rgb', contrast=1.0, depth=-8.0, draggable=False, flipHoriz=False, flipVert=False, font='Open Sans', fontFiles=[], height=0.05, italic=False, languageStyle='LTR', name='text8', opacity=1.0, ori=0.0, pos=array([ 0.5, -0.1]), rgb=UNKNOWN, text='', units='norm', win=Window(...), wrapWidth=1)
13.7842 	EXP 	window1: mouseVisible = True
13.7851 	EXP 	Created num1 = TextStim(__class__=<class 'psychopy.visual.text.TextStim'>, alignHoriz=method-wrapper(...), alignText='center', alignVert=method-wrapper(...), anchorHoriz='center', anchorVert='center', antialias=True, autoDraw=False, autoLog=True, bold=False, color=array([1., 1., 1.]), colorSpace='rgb', contrast=1.0, depth=-10.0, draggable=False, flipHoriz=False, flipVert=False, font='Open Sans', fontFiles=[], height=0.1, italic=False, languageStyle='LTR', name='num1', opacity=1.0, ori=0.0, pos=array([-0.5,  0.3]), rgb=UNKNOWN, text='', units='norm', win=Window(...), wrapWidth=1)
13.7852 	EXP 	window1: mouseVisible = True
13.7861 	EXP 	Created num2 = TextStim(__class__=<class 'psychopy.visual.text.TextStim'>, alignHoriz=method-wrapper(...), alignText='center', alignVert=method-wrapper(...), anchorHoriz='center', anchorVert='center', antialias=True, autoDraw=False, autoLog=True, bold=False, color=array([1., 1., 1.]), colorSpace='rgb', contrast=1.0, depth=-11.0, draggable=False, flipHoriz=False, flipVert=False, font='Open Sans', fontFiles=[], height=0.1, italic=False, languageStyle='LTR', name='num2', opacity=1.0, ori=0.0, pos=array([-0.1666,  0.3   ]), rgb=UNKNOWN, text='', units='norm', win=Window(...), wrapWidth=1)
13.7862 	EXP 	window1: mouseVisible = True
13.7871 	EXP 	Created num3 = TextStim(__class__=<class 'psychopy.visual.text.TextStim'>, alignHoriz=method-wrapper(...), alignText='center', alignVert=method-wrapper(...), anchorHoriz='center', anchorVert='center', antialias=True, autoDraw=False, autoLog=True, bold=False, color=array([1., 1., 1.]), colorSpace='rgb', contrast=1.0, depth=-12.0, draggable=False, flipHoriz=False, flipVert=False, font='Open Sans', fontFiles=[], height=0.1, italic=False, languageStyle='LTR', name='num3', opacity=1.0, ori=0.0, pos=array([0.1666, 0.3   ]), rgb=UNKNOWN, text='', units='norm', win=Window(...), wrapWidth=1)
13.7872 	EXP 	window1: mouseVisible = True
13.7882 	EXP 	Created num4 = TextStim(__class__=<class 'psychopy.visual.text.TextStim'>, alignHoriz=method-wrapper(...), alignText='center', alignVert=method-wrapper(...), anchorHoriz='center', anchorVert='center', antialias=True, autoDraw=False, autoLog=True, bold=False, color=array([1., 1., 1.]), colorSpace='rgb', contrast=1.0, depth=-13.0, draggable=False, flipHoriz=False, flipVert=False, font='Open Sans', fontFiles=[], height=0.1, italic=False, languageStyle='LTR', name='num4', opacity=1.0, ori=0.0, pos=array([0.5, 0.3]), rgb=UNKNOWN, text='', units='norm', win=Window(...), wrapWidth=1)
13.7882 	EXP 	window1: mouseVisible = True
13.7900 	EXP 	Created fixCrossR = ShapeStim(__class__=<class 'psychopy.visual.shape.ShapeStim'>, anchor=('center', 'center'), autoDraw=False, autoLog=True, closeShape=True, color=method-wrapper(...), colorSpace='rgb', contrast=None, depth=0.0, draggable=False, fillColor=array([-1, -1, -1]), fillColorSpace='rgb', fillRGB=array([-1, -1, -1]), interpolate=True, lineColor=array([-1., -1., -1.]), lineColorSpace='rgb', lineRGB=array([-1, -1, -1]), lineWidth=1.0, name='fixCrossR', opacity=1.0, ori=0.0, pos=array([0., 0.]), size=array([0.02, 0.02]), units='height', vertices=ndarray(...), win=Window(...), windingRule=None)
13.7901 	EXP 	window1: mouseVisible = True
13.7968 	EXP 	Created text_17 = TextStim(__class__=<class 'psychopy.visual.text.TextStim'>, alignHoriz=method-wrapper(...), alignText='center', alignVert=method-wrapper(...), anchorHoriz='center', anchorVert='center', antialias=True, autoDraw=False, autoLog=True, bold=False, color=array([1., 1., 1.]), colorSpace='rgb', contrast=1.0, depth=0.0, draggable=False, flipHoriz=False, flipVert=False, font='Open Sans', fontFiles=[], height=0.05, italic=False, languageStyle='LTR', name='text_17', opacity=1.0, ori=0.0, pos=array([0., 0.]), rgb=UNKNOWN, text='End of the run, please relax for a moment.', units='height', win=Window(...), wrapWidth=1)
0.0091 	EXP 	Created sequence: random, trialTypes=1, nReps=1, seed=None
0.0093 	EXP 	New trial (rep=0, index=0): None
0.0157 	EXP 	Created sequence: random, trialTypes=1, nReps=999, seed=None
0.0185 	EXP 	New trial (rep=0, index=0): None
0.0234 	EXP 	Imported instructions/Instructions_doc.xlsx as conditions, 1 conditions, 1 params
0.0237 	EXP 	Created sequence: sequential, trialTypes=1, nReps=1, seed=None
0.0238 	EXP 	New trial (rep=0, index=0): {'InstructionsFilepath': 'instructions//slide1.png'}
0.1218 	EXP 	imageInstruct: image = 'instructions//slide1.png'
0.1218 	EXP 	imageInstruct: autoDraw = True
1.3493 	DATA 	Mouse: Left button down, pos=(1711,78)
1.3995 	EXP 	New trial (rep=1, index=0): None
1.4041 	EXP 	Imported instructions/Instructions_doc.xlsx as conditions, 1 conditions, 1 params
1.4045 	EXP 	Created sequence: sequential, trialTypes=1, nReps=1, seed=None
1.4047 	EXP 	New trial (rep=0, index=0): {'InstructionsFilepath': 'instructions//slide2.png'}
1.4985 	EXP 	imageInstruct: autoDraw = False
1.4985 	EXP 	imageInstruct: image = 'instructions//slide2.png'
1.4985 	EXP 	imageInstruct: autoDraw = True
1.5140 	DATA 	Mouse:  Left button up, pos=(1711,78)
1.7630 	DATA 	Mouse: Left button down, pos=(1711,76)
1.7966 	EXP 	New trial (rep=2, index=0): None
1.8009 	EXP 	Imported instructions/Instructions_doc.xlsx as conditions, 1 conditions, 1 params
1.8012 	EXP 	Created sequence: sequential, trialTypes=1, nReps=1, seed=None
1.8013 	EXP 	New trial (rep=0, index=0): {'InstructionsFilepath': 'instructions//slide3.png'}
1.8937 	DATA 	Mouse:  Left button up, pos=(1711,76)
1.9156 	EXP 	imageInstruct: autoDraw = False
1.9156 	EXP 	imageInstruct: image = 'instructions//slide3.png'
1.9156 	EXP 	imageInstruct: autoDraw = True
2.1111 	DATA 	Mouse: Left button down, pos=(1711,76)
2.1485 	EXP 	New trial (rep=3, index=0): None
2.1532 	EXP 	Imported instructions/Instructions_doc.xlsx as conditions, 1 conditions, 1 params
2.1536 	EXP 	Created sequence: sequential, trialTypes=1, nReps=1, seed=None
2.1538 	EXP 	New trial (rep=0, index=0): {'InstructionsFilepath': 'instructions//slide4.png'}
2.2594 	DATA 	Mouse:  Left button up, pos=(1711,76)
2.2811 	EXP 	imageInstruct: autoDraw = False
2.2811 	EXP 	imageInstruct: image = 'instructions//slide4.png'
2.2811 	EXP 	imageInstruct: autoDraw = True
3.0282 	DATA 	Mouse: Left button down, pos=(247,62)
3.0740 	EXP 	New trial (rep=4, index=0): None
3.0792 	EXP 	Imported instructions/Instructions_doc.xlsx as conditions, 1 conditions, 1 params
3.0795 	EXP 	Created sequence: sequential, trialTypes=1, nReps=1, seed=None
3.0797 	EXP 	New trial (rep=0, index=0): {'InstructionsFilepath': 'instructions//slide3.png'}
3.1488 	DATA 	Mouse:  Left button up, pos=(247,62)
3.1717 	EXP 	imageInstruct: autoDraw = False
3.1717 	EXP 	imageInstruct: image = 'instructions//slide3.png'
3.1717 	EXP 	imageInstruct: autoDraw = True
4.0238 	DATA 	Mouse: Left button down, pos=(1671,71)
4.0704 	EXP 	New trial (rep=5, index=0): None
4.0748 	EXP 	Imported instructions/Instructions_doc.xlsx as conditions, 1 conditions, 1 params
4.0751 	EXP 	Created sequence: sequential, trialTypes=1, nReps=1, seed=None
4.0753 	EXP 	New trial (rep=0, index=0): {'InstructionsFilepath': 'instructions//slide4.png'}
4.1529 	DATA 	Mouse:  Left button up, pos=(1671,71)
4.1668 	EXP 	imageInstruct: autoDraw = False
4.1668 	EXP 	imageInstruct: image = 'instructions//slide4.png'
4.1668 	EXP 	imageInstruct: autoDraw = True
4.3887 	DATA 	Mouse: Left button down, pos=(1671,71)
4.4442 	EXP 	New trial (rep=6, index=0): None
4.4489 	EXP 	Imported instructions/Instructions_doc.xlsx as conditions, 1 conditions, 1 params
4.4493 	EXP 	Created sequence: sequential, trialTypes=1, nReps=1, seed=None
4.4495 	EXP 	New trial (rep=0, index=0): {'InstructionsFilepath': 'instructions//slide5.png'}
4.5209 	DATA 	Mouse:  Left button up, pos=(1671,71)
4.5387 	EXP 	imageInstruct: autoDraw = False
4.5387 	EXP 	imageInstruct: image = 'instructions//slide5.png'
4.5387 	EXP 	imageInstruct: autoDraw = True
5.0497 	DATA 	Mouse: Left button down, pos=(1671,71)
5.1146 	EXP 	New trial (rep=7, index=0): None
5.1190 	EXP 	Imported instructions/Instructions_doc.xlsx as conditions, 1 conditions, 1 params
5.1193 	EXP 	Created sequence: sequential, trialTypes=1, nReps=1, seed=None
5.1195 	EXP 	New trial (rep=0, index=0): {'InstructionsFilepath': 'instructions//slide6.png'}
5.1988 	DATA 	Mouse:  Left button up, pos=(1671,71)
5.2213 	EXP 	imageInstruct: autoDraw = False
5.2213 	EXP 	imageInstruct: image = 'instructions//slide6.png'
5.2213 	EXP 	imageInstruct: autoDraw = True
5.6390 	DATA 	Mouse: Left button down, pos=(1671,71)
5.7558 	DATA 	Mouse:  Left button up, pos=(1671,71)
6.1894 	DATA 	Mouse: Left button down, pos=(1671,71)
6.2531 	EXP 	New trial (rep=8, index=0): None
6.2578 	EXP 	Imported instructions/Instructions_doc.xlsx as conditions, 1 conditions, 1 params
6.2582 	EXP 	Created sequence: sequential, trialTypes=1, nReps=0, seed=None
6.3508 	DATA 	Mouse:  Left button up, pos=(1671,71)
6.3715 	EXP 	imageInstruct: autoDraw = False
6.3715 	EXP 	text_8: autoDraw = True
6.3715 	EXP 	image_17: autoDraw = True
7.2885 	DATA 	Mouse: Left button down, pos=(1195,397)
7.3049 	EXP 	text_8: autoDraw = False
7.3049 	EXP 	image_17: autoDraw = False
7.3049 	EXP 	text_9: autoDraw = True
7.3049 	EXP 	image_18: autoDraw = True
7.4555 	DATA 	Mouse:  Left button up, pos=(1195,397)
7.9224 	DATA 	Mouse: Left button down, pos=(791,393)
7.9381 	EXP 	text_9: autoDraw = False
7.9381 	EXP 	image_18: autoDraw = False
7.9381 	EXP 	text_10: autoDraw = True
7.9381 	EXP 	image_19: autoDraw = True
8.0220 	DATA 	Mouse:  Left button up, pos=(791,393)
8.3885 	DATA 	Mouse: Left button down, pos=(1159,375)
8.4050 	EXP 	text_10: autoDraw = False
8.4050 	EXP 	image_19: autoDraw = False
8.4050 	EXP 	text_11: autoDraw = True
8.4050 	EXP 	image_20: autoDraw = True
8.4937 	DATA 	Mouse:  Left button up, pos=(1159,375)
8.8438 	DATA 	Mouse: Left button down, pos=(838,419)
8.8633 	EXP 	Created sequence: random, trialTypes=1, nReps=999, seed=None
8.8659 	EXP 	New trial (rep=0, index=0): None
8.8697 	EXP 	Imported instructions/Instructions2_doc.xlsx as conditions, 1 conditions, 1 params
8.8700 	EXP 	Created sequence: sequential, trialTypes=1, nReps=1, seed=None
8.8701 	EXP 	New trial (rep=0, index=0): {'Instructions2Filepath': 'instructions//slide7.png'}
8.9558 	DATA 	Mouse:  Left button up, pos=(838,419)
8.9762 	EXP 	text_11: autoDraw = False
8.9762 	EXP 	image_20: autoDraw = False
8.9762 	EXP 	imageInstruct_2: image = 'instructions//slide7.png'
8.9762 	EXP 	imageInstruct_2: autoDraw = True
9.8629 	DATA 	Mouse: Right button down, pos=(1667,106)
10.0112 	DATA 	Mouse:  Right button up, pos=(1667,106)
11.9961 	DATA 	Mouse: Left button down, pos=(175,71)
12.1102 	EXP 	New trial (rep=1, index=0): None
12.1148 	EXP 	Imported instructions/Instructions2_doc.xlsx as conditions, 1 conditions, 1 params
12.1152 	EXP 	Created sequence: sequential, trialTypes=1, nReps=1, seed=None
12.1153 	EXP 	New trial (rep=0, index=0): {'Instructions2Filepath': 'instructions//slide7.png'}
12.1920 	DATA 	Mouse:  Left button up, pos=(175,71)
12.2125 	EXP 	imageInstruct_2: autoDraw = False
12.2125 	EXP 	imageInstruct_2: image = 'instructions//slide7.png'
12.2125 	EXP 	imageInstruct_2: autoDraw = True
13.2999 	DATA 	Mouse: Left button down, pos=(1682,83)
13.4353 	EXP 	New trial (rep=2, index=0): None
13.4403 	EXP 	Imported instructions/Instructions2_doc.xlsx as conditions, 1 conditions, 1 params
13.4407 	EXP 	Created sequence: sequential, trialTypes=1, nReps=1, seed=None
13.4408 	EXP 	New trial (rep=0, index=0): {'Instructions2Filepath': 'instructions//slide8.png'}
13.5337 	DATA 	Mouse:  Left button up, pos=(1682,83)
13.5559 	EXP 	imageInstruct_2: autoDraw = False
13.5559 	EXP 	imageInstruct_2: image = 'instructions//slide8.png'
13.5559 	EXP 	imageInstruct_2: autoDraw = True
14.6551 	DATA 	Mouse: Left button down, pos=(213,63)
14.7817 	EXP 	New trial (rep=3, index=0): None
14.7866 	EXP 	Imported instructions/Instructions2_doc.xlsx as conditions, 1 conditions, 1 params
14.7870 	EXP 	Created sequence: sequential, trialTypes=1, nReps=1, seed=None
14.7872 	EXP 	New trial (rep=0, index=0): {'Instructions2Filepath': 'instructions//slide7.png'}
14.8774 	DATA 	Mouse:  Left button up, pos=(213,63)
14.8996 	EXP 	imageInstruct_2: autoDraw = False
14.8996 	EXP 	imageInstruct_2: image = 'instructions//slide7.png'
14.8996 	EXP 	imageInstruct_2: autoDraw = True
15.3888 	DATA 	Mouse: Left button down, pos=(213,63)
15.5726 	EXP 	New trial (rep=4, index=0): None
15.5771 	EXP 	Imported instructions/Instructions2_doc.xlsx as conditions, 1 conditions, 1 params
15.5774 	EXP 	Created sequence: sequential, trialTypes=1, nReps=1, seed=None
15.5776 	EXP 	New trial (rep=0, index=0): {'Instructions2Filepath': 'instructions//slide7.png'}
15.6513 	DATA 	Mouse:  Left button up, pos=(213,63)
15.6738 	EXP 	imageInstruct_2: autoDraw = False
15.6738 	EXP 	imageInstruct_2: image = 'instructions//slide7.png'
15.6738 	EXP 	imageInstruct_2: autoDraw = True
15.8938 	DATA 	Mouse: Left button down, pos=(213,63)
16.0124 	EXP 	New trial (rep=5, index=0): None
16.0170 	EXP 	Imported instructions/Instructions2_doc.xlsx as conditions, 1 conditions, 1 params
16.0173 	EXP 	Created sequence: sequential, trialTypes=1, nReps=1, seed=None
16.0175 	EXP 	New trial (rep=0, index=0): {'Instructions2Filepath': 'instructions//slide7.png'}
16.0857 	DATA 	Mouse:  Left button up, pos=(213,63)
16.0859 	DATA 	Mouse: Left button down, pos=(213,63)
16.1081 	EXP 	imageInstruct_2: autoDraw = False
16.1081 	EXP 	imageInstruct_2: image = 'instructions//slide7.png'
16.1081 	EXP 	imageInstruct_2: autoDraw = True
16.1633 	DATA 	Mouse:  Left button up, pos=(213,63)
16.2312 	DATA 	Mouse: Left button down, pos=(213,63)
16.3870 	EXP 	New trial (rep=6, index=0): None
16.3920 	EXP 	Imported instructions/Instructions2_doc.xlsx as conditions, 1 conditions, 1 params
16.3924 	EXP 	Created sequence: sequential, trialTypes=1, nReps=1, seed=None
16.3926 	EXP 	New trial (rep=0, index=0): {'Instructions2Filepath': 'instructions//slide7.png'}
16.4612 	DATA 	Mouse:  Left button up, pos=(213,63)
16.4839 	EXP 	imageInstruct_2: autoDraw = False
16.4839 	EXP 	imageInstruct_2: image = 'instructions//slide7.png'
16.4839 	EXP 	imageInstruct_2: autoDraw = True
17.1115 	DATA 	Mouse: Left button down, pos=(1712,85)
17.2573 	EXP 	New trial (rep=7, index=0): None
17.2619 	EXP 	Imported instructions/Instructions2_doc.xlsx as conditions, 1 conditions, 1 params
17.2622 	EXP 	Created sequence: sequential, trialTypes=1, nReps=1, seed=None
17.2624 	EXP 	New trial (rep=0, index=0): {'Instructions2Filepath': 'instructions//slide8.png'}
17.3296 	DATA 	Mouse:  Left button up, pos=(1712,85)
17.3549 	EXP 	imageInstruct_2: autoDraw = False
17.3549 	EXP 	imageInstruct_2: image = 'instructions//slide8.png'
17.3549 	EXP 	imageInstruct_2: autoDraw = True
17.8925 	DATA 	Mouse: Left button down, pos=(1712,85)
18.0419 	EXP 	New trial (rep=8, index=0): None
18.0469 	EXP 	Imported instructions/Instructions2_doc.xlsx as conditions, 1 conditions, 1 params
18.0472 	EXP 	Created sequence: sequential, trialTypes=1, nReps=1, seed=None
18.0474 	EXP 	New trial (rep=0, index=0): {'Instructions2Filepath': 'instructions//slide9.png'}
18.1155 	DATA 	Mouse:  Left button up, pos=(1712,85)
18.1383 	EXP 	imageInstruct_2: autoDraw = False
18.1383 	EXP 	imageInstruct_2: image = 'instructions//slide9.png'
18.1383 	EXP 	imageInstruct_2: autoDraw = True
18.5551 	DATA 	Mouse: Left button down, pos=(1712,85)
18.7063 	EXP 	New trial (rep=9, index=0): None
18.7111 	EXP 	Imported instructions/Instructions2_doc.xlsx as conditions, 1 conditions, 1 params
18.7115 	EXP 	Created sequence: sequential, trialTypes=1, nReps=1, seed=None
18.7117 	EXP 	New trial (rep=0, index=0): {'Instructions2Filepath': 'instructions//slide10.png'}
18.7821 	DATA 	Mouse:  Left button up, pos=(1712,85)
18.8048 	EXP 	imageInstruct_2: autoDraw = False
18.8048 	EXP 	imageInstruct_2: image = 'instructions//slide10.png'
18.8048 	EXP 	imageInstruct_2: autoDraw = True
19.1923 	DATA 	Mouse: Left button down, pos=(1712,85)
19.3442 	EXP 	New trial (rep=10, index=0): None
19.3489 	EXP 	Imported instructions/Instructions2_doc.xlsx as conditions, 1 conditions, 1 params
19.3492 	EXP 	Created sequence: sequential, trialTypes=1, nReps=1, seed=None
19.3494 	EXP 	New trial (rep=0, index=0): {'Instructions2Filepath': 'instructions//slide11.png'}
19.4203 	DATA 	Mouse:  Left button up, pos=(1712,85)
19.4415 	EXP 	imageInstruct_2: autoDraw = False
19.4415 	EXP 	imageInstruct_2: image = 'instructions//slide11.png'
19.4415 	EXP 	imageInstruct_2: autoDraw = True
20.0140 	DATA 	Mouse: Left button down, pos=(1712,85)
20.1628 	EXP 	New trial (rep=11, index=0): None
20.1675 	EXP 	Imported instructions/Instructions2_doc.xlsx as conditions, 1 conditions, 1 params
20.1678 	EXP 	Created sequence: sequential, trialTypes=1, nReps=1, seed=None
20.1680 	EXP 	New trial (rep=0, index=0): {'Instructions2Filepath': 'instructions//slide12.png'}
20.2471 	DATA 	Mouse:  Left button up, pos=(1712,85)
20.2713 	EXP 	imageInstruct_2: autoDraw = False
20.2713 	EXP 	imageInstruct_2: image = 'instructions//slide12.png'
20.2713 	EXP 	imageInstruct_2: autoDraw = True
21.5620 	DATA 	Mouse: Left button down, pos=(1712,85)
21.8109 	EXP 	New trial (rep=12, index=0): None
21.9031 	EXP 	window1: mouseVisible = True
