2.8691 	ERROR 	Support for the `sounddevice` audio backend is not available this session. Please install `psychopy-sounddevice` and restart the session to enable support.
11.1557 	WARNING 	User requested fullscreen with size [1536  864], but screen is actually [1920, 1080]. Using actual size
12.3380 	EXP 	Created window1 = Window(allowGUI=True, allowStencil=False, autoLog=True, backendConf=UNKNOWN, backgroundFit=<method-wrapper '__getattribute__' of attributeSetter object at 0x000002E34D0F0F10>, backgroundImage=<method-wrapper '__getattribute__' of attributeSetter object at 0x000002E34D0F0EB0>, bitsMode=UNKNOWN, blendMode='avg', bpc=(8, 8, 8), color=array([-0.4039, -0.4039, -0.4039]), colorSpace='rgb', depthBits=8, fullscr=<method-wrapper '__getattribute__' of attributeSetter object at 0x000002E34D0F0CD0>, gamma=None, gammaErrorPolicy='raise', lms=UNKNOWN, monitor=<psychopy.monitors.calibTools.Monitor object at 0x000002E34D674EE0>, multiSample=False, name='window1', numSamples=2, pos=(0, 0), screen=0, size=array([1920, 1080]), stencilBits=0, stereo=False, title='PsychoPy', units='height', useFBO=True, useRetina=False, viewOri=0.0, viewPos=None, viewScale=None, waitBlanking=True, winType='pyglet')
12.3382 	EXP 	window1: mouseVisible = True
12.3382 	EXP 	window1: backgroundImage = ''
12.3382 	EXP 	window1: backgroundFit = 'none'
12.3407 	EXP 	window1: Attempting to measure frame rate of screen (0) ...
12.3408 	EXP 	window1: recordFrameIntervals = False
12.5037 	EXP 	window1: recordFrameIntervals = True
12.6874 	EXP 	Screen (0) actual frame rate measured at 60.02Hz
12.6875 	EXP 	window1: recordFrameIntervals = False
12.6880 	EXP 	window1: mouseVisible = False
16.2329 	EXP 	pilotv2: status = STARTED
16.2333 	EXP 	window1: mouseVisible = True
16.2482 	EXP 	Created imageInstruct = ImageStim(__class__=<class 'psychopy.visual.image.ImageStim'>, anchor=('center', 'center'), autoLog=True, color=array([1., 1., 1.]), colorSpace='rgb', contrast=1.0, depth=0.0, draggable=False, flipHoriz=False, flipVert=False, image='default.png', interpolate=True, mask=None, maskParams=None, name='imageInstruct', opacity=1.0, ori=0.0, pos=array([0., 0.]), size=array([1.6    , 1.00736]), texRes=128.0, units='height', win=Window(...))
16.2486 	EXP 	window1: mouseVisible = True
16.2488 	EXP 	window1: mouseVisible = True
16.2495 	EXP 	window1: mouseVisible = True
16.2502 	EXP 	window1: mouseVisible = True
16.2856 	EXP 	window1: mouseVisible = True
16.2859 	EXP 	window1: mouseVisible = True
16.2866 	EXP 	window1: mouseVisible = True
16.2872 	EXP 	window1: mouseVisible = True
16.3249 	EXP 	window1: mouseVisible = True
16.3252 	EXP 	window1: mouseVisible = True
16.3254 	EXP 	window1: mouseVisible = True
16.3261 	EXP 	window1: mouseVisible = True
16.3267 	EXP 	window1: mouseVisible = True
16.3527 	EXP 	window1: mouseVisible = True
16.3529 	EXP 	window1: mouseVisible = True
16.3536 	EXP 	window1: mouseVisible = True
16.3542 	EXP 	window1: mouseVisible = True
16.3593 	EXP 	window1: mouseVisible = True
16.3595 	EXP 	window1: mouseVisible = True
16.4523 	EXP 	Created text_8 = TextStim(__class__=<class 'psychopy.visual.text.TextStim'>, alignHoriz=method-wrapper(...), alignText='center', alignVert=method-wrapper(...), anchorHoriz='center', anchorVert='center', antialias=True, autoDraw=False, autoLog=True, bold=False, color=array([1., 1., 1.]), colorSpace='rgb', contrast=1.0, depth=0.0, draggable=False, flipHoriz=False, flipVert=False, font='Open Sans', fontFiles=[], height=0.05, italic=False, languageStyle='LTR', name='text_8', opacity=1.0, ori=0.0, pos=array([0., 0.]), rgb=UNKNOWN, text=str(...), units='height', win=Window(...), wrapWidth=1)
16.4527 	EXP 	window1: mouseVisible = True
16.4529 	EXP 	window1: mouseVisible = True
16.4536 	EXP 	window1: mouseVisible = True
16.4542 	EXP 	window1: mouseVisible = True
16.4918 	EXP 	window1: mouseVisible = True
16.4920 	EXP 	window1: mouseVisible = True
16.4927 	EXP 	window1: mouseVisible = True
16.4934 	EXP 	window1: mouseVisible = True
16.5101 	EXP 	window1: mouseVisible = True
16.5104 	EXP 	window1: mouseVisible = True
16.5106 	EXP 	window1: mouseVisible = True
16.5113 	EXP 	window1: mouseVisible = True
16.5120 	EXP 	window1: mouseVisible = True
16.5253 	EXP 	window1: mouseVisible = True
16.5255 	EXP 	window1: mouseVisible = True
16.5261 	EXP 	window1: mouseVisible = True
16.5269 	EXP 	window1: mouseVisible = True
16.5320 	EXP 	window1: mouseVisible = True
16.5321 	EXP 	window1: mouseVisible = True
16.5378 	EXP 	Created image_17 = ImageStim(__class__=<class 'psychopy.visual.image.ImageStim'>, anchor=('center', 'center'), autoLog=True, color=array([1., 1., 1.]), colorSpace='rgb', contrast=1.0, depth=-3.0, draggable=False, flipHoriz=False, flipVert=False, image='stim/ori1.png', interpolate=True, mask=None, maskParams=None, name='image_17', opacity=1.0, ori=0.0, pos=array([0.  , 0.23]), size=array([0.15, 0.15]), texRes=128.0, units='height', win=Window(...))
16.5380 	EXP 	window1: mouseVisible = True
16.5454 	EXP 	Created text_9 = TextStim(__class__=<class 'psychopy.visual.text.TextStim'>, alignHoriz=method-wrapper(...), alignText='center', alignVert=method-wrapper(...), anchorHoriz='center', anchorVert='center', antialias=True, autoDraw=False, autoLog=True, bold=False, color=array([1., 1., 1.]), colorSpace='rgb', contrast=1.0, depth=0.0, draggable=False, flipHoriz=False, flipVert=False, font='Open Sans', fontFiles=[], height=0.05, italic=False, languageStyle='LTR', name='text_9', opacity=1.0, ori=0.0, pos=array([0., 0.]), rgb=UNKNOWN, text=str(...), units='height', win=Window(...), wrapWidth=1)
16.5457 	EXP 	window1: mouseVisible = True
16.5459 	EXP 	window1: mouseVisible = True
16.5465 	EXP 	window1: mouseVisible = True
16.5472 	EXP 	window1: mouseVisible = True
16.5531 	EXP 	window1: mouseVisible = True
16.5533 	EXP 	window1: mouseVisible = True
16.5539 	EXP 	window1: mouseVisible = True
16.5545 	EXP 	window1: mouseVisible = True
16.5598 	EXP 	window1: mouseVisible = True
16.5601 	EXP 	window1: mouseVisible = True
16.5603 	EXP 	window1: mouseVisible = True
16.5609 	EXP 	window1: mouseVisible = True
16.5616 	EXP 	window1: mouseVisible = True
16.5676 	EXP 	window1: mouseVisible = True
16.5678 	EXP 	window1: mouseVisible = True
16.5684 	EXP 	window1: mouseVisible = True
16.5691 	EXP 	window1: mouseVisible = True
16.5742 	EXP 	window1: mouseVisible = True
16.5743 	EXP 	window1: mouseVisible = True
16.5820 	EXP 	Created image_18 = ImageStim(__class__=<class 'psychopy.visual.image.ImageStim'>, anchor=('center', 'center'), autoLog=True, color=array([1., 1., 1.]), colorSpace='rgb', contrast=1.0, depth=-3.0, draggable=False, flipHoriz=False, flipVert=False, image='stim/obj2.png', interpolate=True, mask=None, maskParams=None, name='image_18', opacity=1.0, ori=0.0, pos=array([0.  , 0.23]), size=array([0.15, 0.15]), texRes=128.0, units='height', win=Window(...))
16.5823 	EXP 	window1: mouseVisible = True
16.5900 	EXP 	Created text_10 = TextStim(__class__=<class 'psychopy.visual.text.TextStim'>, alignHoriz=method-wrapper(...), alignText='center', alignVert=method-wrapper(...), anchorHoriz='center', anchorVert='center', antialias=True, autoDraw=False, autoLog=True, bold=False, color=array([1., 1., 1.]), colorSpace='rgb', contrast=1.0, depth=0.0, draggable=False, flipHoriz=False, flipVert=False, font='Open Sans', fontFiles=[], height=0.05, italic=False, languageStyle='LTR', name='text_10', opacity=1.0, ori=0.0, pos=array([0., 0.]), rgb=UNKNOWN, text=str(...), units='height', win=Window(...), wrapWidth=1)
16.5903 	EXP 	window1: mouseVisible = True
16.5905 	EXP 	window1: mouseVisible = True
16.5912 	EXP 	window1: mouseVisible = True
16.5918 	EXP 	window1: mouseVisible = True
16.5976 	EXP 	window1: mouseVisible = True
16.5978 	EXP 	window1: mouseVisible = True
16.5985 	EXP 	window1: mouseVisible = True
16.5991 	EXP 	window1: mouseVisible = True
16.6042 	EXP 	window1: mouseVisible = True
16.6044 	EXP 	window1: mouseVisible = True
16.6046 	EXP 	window1: mouseVisible = True
16.6053 	EXP 	window1: mouseVisible = True
16.6059 	EXP 	window1: mouseVisible = True
16.6119 	EXP 	window1: mouseVisible = True
16.6121 	EXP 	window1: mouseVisible = True
16.6127 	EXP 	window1: mouseVisible = True
16.6134 	EXP 	window1: mouseVisible = True
16.6184 	EXP 	window1: mouseVisible = True
16.6186 	EXP 	window1: mouseVisible = True
16.6246 	EXP 	Created image_19 = ImageStim(__class__=<class 'psychopy.visual.image.ImageStim'>, anchor=('center', 'center'), autoLog=True, color=array([1., 1., 1.]), colorSpace='rgb', contrast=1.0, depth=-3.0, draggable=False, flipHoriz=False, flipVert=False, image='stim/ori2.png', interpolate=True, mask=None, maskParams=None, name='image_19', opacity=1.0, ori=0.0, pos=array([0.  , 0.23]), size=array([0.15, 0.15]), texRes=128.0, units='height', win=Window(...))
16.6248 	EXP 	window1: mouseVisible = True
16.6327 	EXP 	Created text_11 = TextStim(__class__=<class 'psychopy.visual.text.TextStim'>, alignHoriz=method-wrapper(...), alignText='center', alignVert=method-wrapper(...), anchorHoriz='center', anchorVert='center', antialias=True, autoDraw=False, autoLog=True, bold=False, color=array([1., 1., 1.]), colorSpace='rgb', contrast=1.0, depth=0.0, draggable=False, flipHoriz=False, flipVert=False, font='Open Sans', fontFiles=[], height=0.05, italic=False, languageStyle='LTR', name='text_11', opacity=1.0, ori=0.0, pos=array([0., 0.]), rgb=UNKNOWN, text=str(...), units='height', win=Window(...), wrapWidth=1)
16.6330 	EXP 	window1: mouseVisible = True
16.6332 	EXP 	window1: mouseVisible = True
16.6339 	EXP 	window1: mouseVisible = True
16.6345 	EXP 	window1: mouseVisible = True
16.6405 	EXP 	window1: mouseVisible = True
16.6407 	EXP 	window1: mouseVisible = True
16.6413 	EXP 	window1: mouseVisible = True
16.6420 	EXP 	window1: mouseVisible = True
16.6471 	EXP 	window1: mouseVisible = True
16.6474 	EXP 	window1: mouseVisible = True
16.6476 	EXP 	window1: mouseVisible = True
16.6483 	EXP 	window1: mouseVisible = True
16.6490 	EXP 	window1: mouseVisible = True
16.6550 	EXP 	window1: mouseVisible = True
16.6552 	EXP 	window1: mouseVisible = True
16.6559 	EXP 	window1: mouseVisible = True
16.6566 	EXP 	window1: mouseVisible = True
16.6618 	EXP 	window1: mouseVisible = True
16.6619 	EXP 	window1: mouseVisible = True
16.6681 	EXP 	Created image_20 = ImageStim(__class__=<class 'psychopy.visual.image.ImageStim'>, anchor=('center', 'center'), autoLog=True, color=array([1., 1., 1.]), colorSpace='rgb', contrast=1.0, depth=-3.0, draggable=False, flipHoriz=False, flipVert=False, image='stim/obj1.png', interpolate=True, mask=None, maskParams=None, name='image_20', opacity=1.0, ori=0.0, pos=array([0.  , 0.23]), size=array([0.15, 0.15]), texRes=128.0, units='height', win=Window(...))
16.6683 	EXP 	window1: mouseVisible = True
16.6821 	EXP 	Created imageInstruct_2 = ImageStim(__class__=<class 'psychopy.visual.image.ImageStim'>, anchor=('center', 'center'), autoLog=True, color=array([1., 1., 1.]), colorSpace='rgb', contrast=1.0, depth=0.0, draggable=False, flipHoriz=False, flipVert=False, image='default.png', interpolate=True, mask=None, maskParams=None, name='imageInstruct_2', opacity=1.0, ori=0.0, pos=array([0., 0.]), size=array([1.6    , 1.00736]), texRes=128.0, units='height', win=Window(...))
16.6824 	EXP 	window1: mouseVisible = True
16.6826 	EXP 	window1: mouseVisible = True
16.6833 	EXP 	window1: mouseVisible = True
16.6839 	EXP 	window1: mouseVisible = True
16.6899 	EXP 	window1: mouseVisible = True
16.6901 	EXP 	window1: mouseVisible = True
16.6908 	EXP 	window1: mouseVisible = True
16.6914 	EXP 	window1: mouseVisible = True
16.6966 	EXP 	window1: mouseVisible = True
16.6969 	EXP 	window1: mouseVisible = True
16.6971 	EXP 	window1: mouseVisible = True
16.6978 	EXP 	window1: mouseVisible = True
16.6984 	EXP 	window1: mouseVisible = True
16.7042 	EXP 	window1: mouseVisible = True
16.7044 	EXP 	window1: mouseVisible = True
16.7051 	EXP 	window1: mouseVisible = True
16.7057 	EXP 	window1: mouseVisible = True
16.7109 	EXP 	window1: mouseVisible = True
16.7111 	EXP 	window1: mouseVisible = True
16.7262 	EXP 	Created text = TextStim(__class__=<class 'psychopy.visual.text.TextStim'>, alignHoriz=method-wrapper(...), alignText='center', alignVert=method-wrapper(...), anchorHoriz='center', anchorVert='center', antialias=True, autoDraw=False, autoLog=True, bold=False, color=array([1., 1., 1.]), colorSpace='rgb', contrast=1.0, depth=0.0, draggable=False, flipHoriz=False, flipVert=False, font='Open Sans', fontFiles=[], height=0.05, italic=False, languageStyle='LTR', name='text', opacity=1.0, ori=0.0, pos=array([0., 0.]), rgb=UNKNOWN, text='The experiment will begin soon. Get ready!', units='height', win=Window(...), wrapWidth=1)
16.7264 	EXP 	window1: mouseVisible = True
16.7400 	EXP 	Created cue = ImageStim(__class__=<class 'psychopy.visual.image.ImageStim'>, anchor=('center', 'center'), autoLog=True, color=array([1., 1., 1.]), colorSpace='rgb', contrast=1.0, depth=0.0, draggable=False, flipHoriz=False, flipVert=False, image='default.png', interpolate=True, mask=None, maskParams=None, name='cue', opacity=1.0, ori=0.0, pos=array([0., 0.]), size=array([0.15, 0.15]), texRes=128.0, units='height', win=Window(...))
16.7401 	EXP 	window1: mouseVisible = True
16.7537 	EXP 	Created image = ImageStim(__class__=<class 'psychopy.visual.image.ImageStim'>, anchor=('center', 'center'), autoLog=True, color=array([1., 1., 1.]), colorSpace='rgb', contrast=1.0, depth=0.0, draggable=False, flipHoriz=False, flipVert=False, image='default.png', interpolate=True, mask=None, maskParams=None, name='image', opacity=1.0, ori=0.0, pos=array([0., 0.]), size=array([0.5, 0.5]), texRes=128.0, units='height', win=Window(...))
16.7539 	EXP 	window1: mouseVisible = True
16.7568 	EXP 	Created fixCrossR_2 = ShapeStim(__class__=<class 'psychopy.visual.shape.ShapeStim'>, anchor=('center', 'center'), autoDraw=False, autoLog=True, closeShape=True, color=method-wrapper(...), colorSpace='rgb', contrast=None, depth=-1.0, draggable=False, fillColor=array([-1, -1, -1]), fillColorSpace='rgb', fillRGB=array([-1, -1, -1]), interpolate=True, lineColor=array([-1., -1., -1.]), lineColorSpace='rgb', lineRGB=array([-1, -1, -1]), lineWidth=1.0, name='fixCrossR_2', opacity=1.0, ori=0.0, pos=array([0., 0.]), size=array([0.02, 0.02]), units='height', vertices=ndarray(...), win=Window(...), windingRule=None)
16.7569 	EXP 	window1: mouseVisible = True
16.7596 	EXP 	Created fixCrossR_4 = ShapeStim(__class__=<class 'psychopy.visual.shape.ShapeStim'>, anchor=('center', 'center'), autoDraw=False, autoLog=True, closeShape=True, color=method-wrapper(...), colorSpace='rgb', contrast=None, depth=0.0, draggable=False, fillColor=array([-1, -1, -1]), fillColorSpace='rgb', fillRGB=array([-1, -1, -1]), interpolate=True, lineColor=array([-1., -1., -1.]), lineColorSpace='rgb', lineRGB=array([-1, -1, -1]), lineWidth=1.0, name='fixCrossR_4', opacity=1.0, ori=0.0, pos=array([0., 0.]), size=array([0.02, 0.02]), units='height', vertices=ndarray(...), win=Window(...), windingRule=None)
16.7597 	EXP 	window1: mouseVisible = True
16.7625 	EXP 	Created fixCross = ShapeStim(__class__=<class 'psychopy.visual.shape.ShapeStim'>, anchor=('center', 'center'), autoDraw=False, autoLog=True, closeShape=True, color=method-wrapper(...), colorSpace='rgb', contrast=None, depth=0.0, draggable=False, fillColor=array([1, 1, 1]), fillColorSpace='rgb', fillRGB=array([1, 1, 1]), interpolate=True, lineColor=array([1., 1., 1.]), lineColorSpace='rgb', lineRGB=array([1, 1, 1]), lineWidth=1.0, name='fixCross', opacity=1.0, ori=0.0, pos=array([0., 0.]), size=array([0.02, 0.02]), units='height', vertices=ndarray(...), win=Window(...), windingRule=None)
16.7627 	EXP 	window1: mouseVisible = True
16.7652 	EXP 	Created text1 = TextStim(__class__=<class 'psychopy.visual.text.TextStim'>, alignHoriz=method-wrapper(...), alignText='center', alignVert=method-wrapper(...), anchorHoriz='center', anchorVert='center', antialias=True, autoDraw=False, autoLog=True, bold=False, color=array([1., 1., 1.]), colorSpace='rgb', contrast=1.0, depth=-1.0, draggable=False, flipHoriz=False, flipVert=False, font='Open Sans', fontFiles=[], height=0.05, italic=False, languageStyle='LTR', name='text1', opacity=1.0, ori=0.0, pos=array([-0.5,  0.1]), rgb=UNKNOWN, text='', units='norm', win=Window(...), wrapWidth=1)
16.7653 	EXP 	window1: mouseVisible = True
16.7669 	EXP 	Created text2 = TextStim(__class__=<class 'psychopy.visual.text.TextStim'>, alignHoriz=method-wrapper(...), alignText='center', alignVert=method-wrapper(...), anchorHoriz='center', anchorVert='center', antialias=True, autoDraw=False, autoLog=True, bold=False, color=array([1., 1., 1.]), colorSpace='rgb', contrast=1.0, depth=-2.0, draggable=False, flipHoriz=False, flipVert=False, font='Open Sans', fontFiles=[], height=0.05, italic=False, languageStyle='LTR', name='text2', opacity=1.0, ori=0.0, pos=array([-0.1666,  0.1   ]), rgb=UNKNOWN, text='', units='norm', win=Window(...), wrapWidth=1)
16.7671 	EXP 	window1: mouseVisible = True
16.7686 	EXP 	Created text3 = TextStim(__class__=<class 'psychopy.visual.text.TextStim'>, alignHoriz=method-wrapper(...), alignText='center', alignVert=method-wrapper(...), anchorHoriz='center', anchorVert='center', antialias=True, autoDraw=False, autoLog=True, bold=False, color=array([1., 1., 1.]), colorSpace='rgb', contrast=1.0, depth=-3.0, draggable=False, flipHoriz=False, flipVert=False, font='Open Sans', fontFiles=[], height=0.05, italic=False, languageStyle='LTR', name='text3', opacity=1.0, ori=0.0, pos=array([0.166, 0.1  ]), rgb=UNKNOWN, text='', units='norm', win=Window(...), wrapWidth=1)
16.7687 	EXP 	window1: mouseVisible = True
16.7703 	EXP 	Created text4 = TextStim(__class__=<class 'psychopy.visual.text.TextStim'>, alignHoriz=method-wrapper(...), alignText='center', alignVert=method-wrapper(...), anchorHoriz='center', anchorVert='center', antialias=True, autoDraw=False, autoLog=True, bold=False, color=array([1., 1., 1.]), colorSpace='rgb', contrast=1.0, depth=-4.0, draggable=False, flipHoriz=False, flipVert=False, font='Open Sans', fontFiles=[], height=0.05, italic=False, languageStyle='LTR', name='text4', opacity=1.0, ori=0.0, pos=array([0.5, 0.1]), rgb=UNKNOWN, text='', units='norm', win=Window(...), wrapWidth=1)
16.7704 	EXP 	window1: mouseVisible = True
16.7720 	EXP 	Created text5 = TextStim(__class__=<class 'psychopy.visual.text.TextStim'>, alignHoriz=method-wrapper(...), alignText='center', alignVert=method-wrapper(...), anchorHoriz='center', anchorVert='center', antialias=True, autoDraw=False, autoLog=True, bold=False, color=array([1., 1., 1.]), colorSpace='rgb', contrast=1.0, depth=-5.0, draggable=False, flipHoriz=False, flipVert=False, font='Open Sans', fontFiles=[], height=0.05, italic=False, languageStyle='LTR', name='text5', opacity=1.0, ori=0.0, pos=array([-0.5, -0.1]), rgb=UNKNOWN, text='', units='norm', win=Window(...), wrapWidth=1)
16.7721 	EXP 	window1: mouseVisible = True
16.7736 	EXP 	Created text6 = TextStim(__class__=<class 'psychopy.visual.text.TextStim'>, alignHoriz=method-wrapper(...), alignText='center', alignVert=method-wrapper(...), anchorHoriz='center', anchorVert='center', antialias=True, autoDraw=False, autoLog=True, bold=False, color=array([1., 1., 1.]), colorSpace='rgb', contrast=1.0, depth=-6.0, draggable=False, flipHoriz=False, flipVert=False, font='Open Sans', fontFiles=[], height=0.05, italic=False, languageStyle='LTR', name='text6', opacity=1.0, ori=0.0, pos=array([-0.1666, -0.1   ]), rgb=UNKNOWN, text='', units='norm', win=Window(...), wrapWidth=1)
16.7737 	EXP 	window1: mouseVisible = True
16.7752 	EXP 	Created text7 = TextStim(__class__=<class 'psychopy.visual.text.TextStim'>, alignHoriz=method-wrapper(...), alignText='center', alignVert=method-wrapper(...), anchorHoriz='center', anchorVert='center', antialias=True, autoDraw=False, autoLog=True, bold=False, color=array([1., 1., 1.]), colorSpace='rgb', contrast=1.0, depth=-7.0, draggable=False, flipHoriz=False, flipVert=False, font='Open Sans', fontFiles=[], height=0.05, italic=False, languageStyle='LTR', name='text7', opacity=1.0, ori=0.0, pos=array([ 0.1666, -0.1   ]), rgb=UNKNOWN, text='', units='norm', win=Window(...), wrapWidth=1)
16.7754 	EXP 	window1: mouseVisible = True
16.7769 	EXP 	Created text8 = TextStim(__class__=<class 'psychopy.visual.text.TextStim'>, alignHoriz=method-wrapper(...), alignText='center', alignVert=method-wrapper(...), anchorHoriz='center', anchorVert='center', antialias=True, autoDraw=False, autoLog=True, bold=False, color=array([1., 1., 1.]), colorSpace='rgb', contrast=1.0, depth=-8.0, draggable=False, flipHoriz=False, flipVert=False, font='Open Sans', fontFiles=[], height=0.05, italic=False, languageStyle='LTR', name='text8', opacity=1.0, ori=0.0, pos=array([ 0.5, -0.1]), rgb=UNKNOWN, text='', units='norm', win=Window(...), wrapWidth=1)
16.7770 	EXP 	window1: mouseVisible = True
16.7785 	EXP 	Created num1 = TextStim(__class__=<class 'psychopy.visual.text.TextStim'>, alignHoriz=method-wrapper(...), alignText='center', alignVert=method-wrapper(...), anchorHoriz='center', anchorVert='center', antialias=True, autoDraw=False, autoLog=True, bold=False, color=array([1., 1., 1.]), colorSpace='rgb', contrast=1.0, depth=-10.0, draggable=False, flipHoriz=False, flipVert=False, font='Open Sans', fontFiles=[], height=0.1, italic=False, languageStyle='LTR', name='num1', opacity=1.0, ori=0.0, pos=array([-0.5,  0.3]), rgb=UNKNOWN, text='', units='norm', win=Window(...), wrapWidth=1)
16.7786 	EXP 	window1: mouseVisible = True
16.7801 	EXP 	Created num2 = TextStim(__class__=<class 'psychopy.visual.text.TextStim'>, alignHoriz=method-wrapper(...), alignText='center', alignVert=method-wrapper(...), anchorHoriz='center', anchorVert='center', antialias=True, autoDraw=False, autoLog=True, bold=False, color=array([1., 1., 1.]), colorSpace='rgb', contrast=1.0, depth=-11.0, draggable=False, flipHoriz=False, flipVert=False, font='Open Sans', fontFiles=[], height=0.1, italic=False, languageStyle='LTR', name='num2', opacity=1.0, ori=0.0, pos=array([-0.1666,  0.3   ]), rgb=UNKNOWN, text='', units='norm', win=Window(...), wrapWidth=1)
16.7803 	EXP 	window1: mouseVisible = True
16.7821 	EXP 	Created num3 = TextStim(__class__=<class 'psychopy.visual.text.TextStim'>, alignHoriz=method-wrapper(...), alignText='center', alignVert=method-wrapper(...), anchorHoriz='center', anchorVert='center', antialias=True, autoDraw=False, autoLog=True, bold=False, color=array([1., 1., 1.]), colorSpace='rgb', contrast=1.0, depth=-12.0, draggable=False, flipHoriz=False, flipVert=False, font='Open Sans', fontFiles=[], height=0.1, italic=False, languageStyle='LTR', name='num3', opacity=1.0, ori=0.0, pos=array([0.1666, 0.3   ]), rgb=UNKNOWN, text='', units='norm', win=Window(...), wrapWidth=1)
16.7823 	EXP 	window1: mouseVisible = True
16.7841 	EXP 	Created num4 = TextStim(__class__=<class 'psychopy.visual.text.TextStim'>, alignHoriz=method-wrapper(...), alignText='center', alignVert=method-wrapper(...), anchorHoriz='center', anchorVert='center', antialias=True, autoDraw=False, autoLog=True, bold=False, color=array([1., 1., 1.]), colorSpace='rgb', contrast=1.0, depth=-13.0, draggable=False, flipHoriz=False, flipVert=False, font='Open Sans', fontFiles=[], height=0.1, italic=False, languageStyle='LTR', name='num4', opacity=1.0, ori=0.0, pos=array([0.5, 0.3]), rgb=UNKNOWN, text='', units='norm', win=Window(...), wrapWidth=1)
16.7843 	EXP 	window1: mouseVisible = True
16.7875 	EXP 	Created fixCrossR = ShapeStim(__class__=<class 'psychopy.visual.shape.ShapeStim'>, anchor=('center', 'center'), autoDraw=False, autoLog=True, closeShape=True, color=method-wrapper(...), colorSpace='rgb', contrast=None, depth=0.0, draggable=False, fillColor=array([-1, -1, -1]), fillColorSpace='rgb', fillRGB=array([-1, -1, -1]), interpolate=True, lineColor=array([-1., -1., -1.]), lineColorSpace='rgb', lineRGB=array([-1, -1, -1]), lineWidth=1.0, name='fixCrossR', opacity=1.0, ori=0.0, pos=array([0., 0.]), size=array([0.02, 0.02]), units='height', vertices=ndarray(...), win=Window(...), windingRule=None)
16.7877 	EXP 	window1: mouseVisible = True
16.7983 	EXP 	Created text_17 = TextStim(__class__=<class 'psychopy.visual.text.TextStim'>, alignHoriz=method-wrapper(...), alignText='center', alignVert=method-wrapper(...), anchorHoriz='center', anchorVert='center', antialias=True, autoDraw=False, autoLog=True, bold=False, color=array([1., 1., 1.]), colorSpace='rgb', contrast=1.0, depth=0.0, draggable=False, flipHoriz=False, flipVert=False, font='Open Sans', fontFiles=[], height=0.05, italic=False, languageStyle='LTR', name='text_17', opacity=1.0, ori=0.0, pos=array([0., 0.]), rgb=UNKNOWN, text='End of run, please relax for a moment.', units='height', win=Window(...), wrapWidth=1)
0.0469 	EXP 	Created sequence: random, trialTypes=1, nReps=1, seed=None
0.0473 	EXP 	New trial (rep=0, index=0): None
0.0587 	EXP 	Created sequence: random, trialTypes=1, nReps=999, seed=None
0.0631 	EXP 	New trial (rep=0, index=0): None
0.0720 	EXP 	Imported instructions/Instructions_doc.xlsx as conditions, 1 conditions, 1 params
0.0724 	EXP 	Created sequence: sequential, trialTypes=1, nReps=1, seed=None
0.0726 	EXP 	New trial (rep=0, index=0): {'InstructionsFilepath': 'instructions//slide1.png'}
0.2215 	EXP 	imageInstruct: image = 'instructions//slide1.png'
0.2215 	EXP 	imageInstruct: autoDraw = True
1.4491 	DATA 	Mouse: Left button down, pos=(1652,66)
1.5489 	EXP 	New trial (rep=1, index=0): None
1.5561 	EXP 	Imported instructions/Instructions_doc.xlsx as conditions, 1 conditions, 1 params
1.5566 	EXP 	Created sequence: sequential, trialTypes=1, nReps=1, seed=None
1.5568 	EXP 	New trial (rep=0, index=0): {'InstructionsFilepath': 'instructions//slide2.png'}
1.6573 	DATA 	Mouse:  Left button up, pos=(1652,66)
1.6759 	EXP 	imageInstruct: autoDraw = False
1.6759 	EXP 	imageInstruct: image = 'instructions//slide2.png'
1.6759 	EXP 	imageInstruct: autoDraw = True
2.2101 	DATA 	Mouse: Left button down, pos=(1650,66)
2.2640 	EXP 	New trial (rep=2, index=0): None
2.2708 	EXP 	Imported instructions/Instructions_doc.xlsx as conditions, 1 conditions, 1 params
2.2713 	EXP 	Created sequence: sequential, trialTypes=1, nReps=1, seed=None
2.2715 	EXP 	New trial (rep=0, index=0): {'InstructionsFilepath': 'instructions//slide3.png'}
2.4337 	DATA 	Mouse:  Left button up, pos=(1650,66)
2.4546 	EXP 	imageInstruct: autoDraw = False
2.4546 	EXP 	imageInstruct: image = 'instructions//slide3.png'
2.4546 	EXP 	imageInstruct: autoDraw = True
3.1615 	DATA 	Mouse: Left button down, pos=(1645,66)
3.2285 	EXP 	New trial (rep=3, index=0): None
3.2353 	EXP 	Imported instructions/Instructions_doc.xlsx as conditions, 1 conditions, 1 params
3.2358 	EXP 	Created sequence: sequential, trialTypes=1, nReps=1, seed=None
3.2361 	EXP 	New trial (rep=0, index=0): {'InstructionsFilepath': 'instructions//slide4.png'}
3.4023 	DATA 	Mouse:  Left button up, pos=(1645,66)
3.4217 	EXP 	imageInstruct: autoDraw = False
3.4217 	EXP 	imageInstruct: image = 'instructions//slide4.png'
3.4217 	EXP 	imageInstruct: autoDraw = True
4.6391 	DATA 	Mouse: Left button down, pos=(1660,67)
4.7128 	EXP 	New trial (rep=4, index=0): None
4.7201 	EXP 	Imported instructions/Instructions_doc.xlsx as conditions, 1 conditions, 1 params
4.7205 	EXP 	Created sequence: sequential, trialTypes=1, nReps=1, seed=None
4.7208 	EXP 	New trial (rep=0, index=0): {'InstructionsFilepath': 'instructions//slide5.png'}
4.8540 	DATA 	Mouse:  Left button up, pos=(1660,67)
4.8725 	EXP 	imageInstruct: autoDraw = False
4.8725 	EXP 	imageInstruct: image = 'instructions//slide5.png'
4.8725 	EXP 	imageInstruct: autoDraw = True
5.5610 	DATA 	Mouse: Left button down, pos=(1660,67)
5.6375 	EXP 	New trial (rep=5, index=0): None
5.6452 	EXP 	Imported instructions/Instructions_doc.xlsx as conditions, 1 conditions, 1 params
5.6458 	EXP 	Created sequence: sequential, trialTypes=1, nReps=1, seed=None
5.6461 	EXP 	New trial (rep=0, index=0): {'InstructionsFilepath': 'instructions//slide6.png'}
5.7372 	DATA 	Mouse:  Left button up, pos=(1660,67)
5.7550 	EXP 	imageInstruct: autoDraw = False
5.7550 	EXP 	imageInstruct: image = 'instructions//slide6.png'
5.7550 	EXP 	imageInstruct: autoDraw = True
6.6888 	DATA 	Mouse: Left button down, pos=(1664,65)
6.7505 	EXP 	New trial (rep=6, index=0): None
6.7567 	EXP 	Imported instructions/Instructions_doc.xlsx as conditions, 1 conditions, 1 params
6.7572 	EXP 	Created sequence: sequential, trialTypes=1, nReps=0, seed=None
6.8850 	DATA 	Mouse:  Left button up, pos=(1664,65)
6.9054 	EXP 	imageInstruct: autoDraw = False
6.9054 	EXP 	text_8: autoDraw = True
6.9054 	EXP 	image_17: autoDraw = True
8.8095 	DATA 	Mouse: Left button down, pos=(1253,355)
8.8380 	EXP 	text_8: autoDraw = False
8.8380 	EXP 	image_17: autoDraw = False
8.8380 	EXP 	text_9: autoDraw = True
8.8380 	EXP 	image_18: autoDraw = True
8.9938 	DATA 	Mouse:  Left button up, pos=(1253,355)
10.4776 	DATA 	Mouse: Left button down, pos=(796,370)
10.5047 	EXP 	text_9: autoDraw = False
10.5047 	EXP 	image_18: autoDraw = False
10.5047 	EXP 	text_10: autoDraw = True
10.5047 	EXP 	image_19: autoDraw = True
10.6428 	DATA 	Mouse:  Left button up, pos=(796,370)
11.7384 	DATA 	Mouse: Left button down, pos=(1168,352)
11.7545 	EXP 	text_10: autoDraw = False
11.7545 	EXP 	image_19: autoDraw = False
11.7545 	EXP 	text_11: autoDraw = True
11.7545 	EXP 	image_20: autoDraw = True
11.8718 	DATA 	Mouse:  Left button up, pos=(1168,352)
12.8458 	DATA 	Mouse: Left button down, pos=(766,409)
12.8655 	EXP 	Created sequence: random, trialTypes=1, nReps=999, seed=None
12.8683 	EXP 	New trial (rep=0, index=0): None
12.9093 	EXP 	Imported instructions/Instructions2_doc.xlsx as conditions, 1 conditions, 1 params
12.9096 	EXP 	Created sequence: sequential, trialTypes=1, nReps=1, seed=None
12.9098 	EXP 	New trial (rep=0, index=0): {'Instructions2Filepath': 'instructions//slide7.png'}
13.0070 	EXP 	text_11: autoDraw = False
13.0070 	EXP 	image_20: autoDraw = False
13.0070 	EXP 	imageInstruct_2: image = 'instructions//slide7.png'
13.0070 	EXP 	imageInstruct_2: autoDraw = True
13.0074 	DATA 	Mouse:  Left button up, pos=(766,409)
19.6051 	DATA 	Mouse: Left button down, pos=(1740,92)
19.7972 	EXP 	New trial (rep=1, index=0): None
19.8043 	EXP 	Imported instructions/Instructions2_doc.xlsx as conditions, 1 conditions, 1 params
19.8048 	EXP 	Created sequence: sequential, trialTypes=1, nReps=1, seed=None
19.8050 	EXP 	New trial (rep=0, index=0): {'Instructions2Filepath': 'instructions//slide7.png'}
19.9184 	DATA 	Mouse:  Left button up, pos=(1740,92)
19.9263 	EXP 	imageInstruct_2: autoDraw = False
19.9263 	EXP 	imageInstruct_2: image = 'instructions//slide7.png'
19.9263 	EXP 	imageInstruct_2: autoDraw = True
20.9767 	DATA 	Mouse: Left button down, pos=(1759,76)
21.1857 	EXP 	New trial (rep=2, index=0): None
21.1935 	EXP 	Imported instructions/Instructions2_doc.xlsx as conditions, 1 conditions, 1 params
21.1941 	EXP 	Created sequence: sequential, trialTypes=1, nReps=1, seed=None
21.1945 	EXP 	New trial (rep=0, index=0): {'Instructions2Filepath': 'instructions//slide9.png'}
21.3282 	DATA 	Mouse:  Left button up, pos=(1759,76)
21.3546 	EXP 	imageInstruct_2: autoDraw = False
21.3546 	EXP 	imageInstruct_2: image = 'instructions//slide9.png'
21.3546 	EXP 	imageInstruct_2: autoDraw = True
22.5887 	DATA 	Mouse: Left button down, pos=(197,91)
22.7523 	EXP 	New trial (rep=3, index=0): None
22.7588 	EXP 	Imported instructions/Instructions2_doc.xlsx as conditions, 1 conditions, 1 params
22.7592 	EXP 	Created sequence: sequential, trialTypes=1, nReps=1, seed=None
22.7595 	EXP 	New trial (rep=0, index=0): {'Instructions2Filepath': 'instructions//slide7.png'}
22.8863 	DATA 	Mouse:  Left button up, pos=(197,91)
22.9053 	EXP 	imageInstruct_2: autoDraw = False
22.9053 	EXP 	imageInstruct_2: image = 'instructions//slide7.png'
22.9053 	EXP 	imageInstruct_2: autoDraw = True
23.0264 	DATA 	Mouse: Left button down, pos=(202,85)
23.2835 	EXP 	New trial (rep=4, index=0): None
23.2901 	EXP 	Imported instructions/Instructions2_doc.xlsx as conditions, 1 conditions, 1 params
23.2906 	EXP 	Created sequence: sequential, trialTypes=1, nReps=1, seed=None
23.2908 	EXP 	New trial (rep=0, index=0): {'Instructions2Filepath': 'instructions//slide7.png'}
23.3881 	DATA 	Mouse:  Left button up, pos=(202,85)
23.4068 	EXP 	imageInstruct_2: autoDraw = False
23.4068 	EXP 	imageInstruct_2: image = 'instructions//slide7.png'
23.4068 	EXP 	imageInstruct_2: autoDraw = True
23.4441 	DATA 	Mouse: Left button down, pos=(202,85)
23.6379 	EXP 	New trial (rep=5, index=0): None
23.6475 	EXP 	Imported instructions/Instructions2_doc.xlsx as conditions, 1 conditions, 1 params
23.6480 	EXP 	Created sequence: sequential, trialTypes=1, nReps=1, seed=None
23.6484 	EXP 	New trial (rep=0, index=0): {'Instructions2Filepath': 'instructions//slide7.png'}
23.7474 	DATA 	Mouse:  Left button up, pos=(202,85)
23.7476 	DATA 	Mouse: Left button down, pos=(202,85)
23.7712 	EXP 	imageInstruct_2: autoDraw = False
23.7712 	EXP 	imageInstruct_2: image = 'instructions//slide7.png'
23.7712 	EXP 	imageInstruct_2: autoDraw = True
23.8215 	DATA 	Mouse:  Left button up, pos=(202,85)
24.5949 	DATA 	Mouse: Left button down, pos=(1766,63)
24.8284 	EXP 	New trial (rep=6, index=0): None
24.8371 	EXP 	Imported instructions/Instructions2_doc.xlsx as conditions, 1 conditions, 1 params
24.8377 	EXP 	Created sequence: sequential, trialTypes=1, nReps=1, seed=None
24.8380 	EXP 	New trial (rep=0, index=0): {'Instructions2Filepath': 'instructions//slide7.png'}
24.9413 	DATA 	Mouse:  Left button up, pos=(1766,63)
24.9608 	EXP 	imageInstruct_2: autoDraw = False
24.9608 	EXP 	imageInstruct_2: image = 'instructions//slide7.png'
24.9608 	EXP 	imageInstruct_2: autoDraw = True
25.4594 	DATA 	Mouse: Left button down, pos=(1766,63)
25.6750 	EXP 	New trial (rep=7, index=0): None
25.6833 	EXP 	Imported instructions/Instructions2_doc.xlsx as conditions, 1 conditions, 1 params
25.6838 	EXP 	Created sequence: sequential, trialTypes=1, nReps=1, seed=None
25.6841 	EXP 	New trial (rep=0, index=0): {'Instructions2Filepath': 'instructions//slide9.png'}
25.7785 	DATA 	Mouse:  Left button up, pos=(1766,63)
25.8045 	EXP 	imageInstruct_2: autoDraw = False
25.8045 	EXP 	imageInstruct_2: image = 'instructions//slide9.png'
25.8045 	EXP 	imageInstruct_2: autoDraw = True
25.9885 	DATA 	Mouse: Left button down, pos=(1764,62)
26.1795 	EXP 	New trial (rep=8, index=0): None
26.1857 	EXP 	Imported instructions/Instructions2_doc.xlsx as conditions, 1 conditions, 1 params
26.1861 	EXP 	Created sequence: sequential, trialTypes=1, nReps=1, seed=None
26.1864 	EXP 	New trial (rep=0, index=0): {'Instructions2Filepath': 'instructions//slide10.png'}
26.3126 	DATA 	Mouse:  Left button up, pos=(1764,62)
26.3379 	EXP 	imageInstruct_2: autoDraw = False
26.3379 	EXP 	imageInstruct_2: image = 'instructions//slide10.png'
26.3379 	EXP 	imageInstruct_2: autoDraw = True
27.0213 	DATA 	Mouse: Left button down, pos=(253,99)
27.1743 	EXP 	New trial (rep=9, index=0): None
27.1809 	EXP 	Imported instructions/Instructions2_doc.xlsx as conditions, 1 conditions, 1 params
27.1815 	EXP 	Created sequence: sequential, trialTypes=1, nReps=1, seed=None
27.1818 	EXP 	New trial (rep=0, index=0): {'Instructions2Filepath': 'instructions//slide9.png'}
27.2500 	DATA 	Mouse:  Left button up, pos=(253,99)
27.2733 	EXP 	imageInstruct_2: autoDraw = False
27.2733 	EXP 	imageInstruct_2: image = 'instructions//slide9.png'
27.2733 	EXP 	imageInstruct_2: autoDraw = True
27.6142 	DATA 	Mouse: Left button down, pos=(261,99)
27.8220 	EXP 	New trial (rep=10, index=0): None
27.8281 	EXP 	Imported instructions/Instructions2_doc.xlsx as conditions, 1 conditions, 1 params
27.8285 	EXP 	Created sequence: sequential, trialTypes=1, nReps=1, seed=None
27.8287 	EXP 	New trial (rep=0, index=0): {'Instructions2Filepath': 'instructions//slide7.png'}
27.8990 	DATA 	Mouse:  Left button up, pos=(261,99)
27.9209 	EXP 	imageInstruct_2: autoDraw = False
27.9209 	EXP 	imageInstruct_2: image = 'instructions//slide7.png'
27.9209 	EXP 	imageInstruct_2: autoDraw = True
28.2385 	DATA 	Mouse: Left button down, pos=(261,99)
28.4257 	EXP 	New trial (rep=11, index=0): None
28.4313 	EXP 	Imported instructions/Instructions2_doc.xlsx as conditions, 1 conditions, 1 params
28.4318 	EXP 	Created sequence: sequential, trialTypes=1, nReps=1, seed=None
28.4320 	EXP 	New trial (rep=0, index=0): {'Instructions2Filepath': 'instructions//slide7.png'}
28.5026 	DATA 	Mouse:  Left button up, pos=(261,99)
28.5255 	EXP 	imageInstruct_2: autoDraw = False
28.5255 	EXP 	imageInstruct_2: image = 'instructions//slide7.png'
28.5255 	EXP 	imageInstruct_2: autoDraw = True
29.8603 	DATA 	Mouse: Left button down, pos=(1732,79)
30.1587 	EXP 	New trial (rep=12, index=0): None
30.1631 	EXP 	Imported instructions/Instructions2_doc.xlsx as conditions, 1 conditions, 1 params
30.1634 	EXP 	Created sequence: sequential, trialTypes=1, nReps=1, seed=None
30.1636 	EXP 	New trial (rep=0, index=0): {'Instructions2Filepath': 'instructions//slide7.png'}
30.2313 	DATA 	Mouse:  Left button up, pos=(1732,79)
30.2543 	EXP 	imageInstruct_2: autoDraw = False
30.2543 	EXP 	imageInstruct_2: image = 'instructions//slide7.png'
30.2543 	EXP 	imageInstruct_2: autoDraw = True
34.1930 	DATA 	Mouse: Left button down, pos=(1723,75)
34.3742 	EXP 	New trial (rep=13, index=0): None
34.3798 	EXP 	Imported instructions/Instructions2_doc.xlsx as conditions, 1 conditions, 1 params
34.3801 	EXP 	Created sequence: sequential, trialTypes=1, nReps=1, seed=None
34.3803 	EXP 	New trial (rep=0, index=0): {'Instructions2Filepath': 'instructions//slide9.png'}
34.4526 	DATA 	Mouse:  Left button up, pos=(1723,75)
34.4707 	EXP 	imageInstruct_2: autoDraw = False
34.4707 	EXP 	imageInstruct_2: image = 'instructions//slide9.png'
34.4707 	EXP 	imageInstruct_2: autoDraw = True
40.9218 	DATA 	Mouse: Left button down, pos=(1732,79)
41.1939 	EXP 	New trial (rep=14, index=0): None
41.2016 	EXP 	Imported instructions/Instructions2_doc.xlsx as conditions, 1 conditions, 1 params
41.2021 	EXP 	Created sequence: sequential, trialTypes=1, nReps=1, seed=None
41.2024 	EXP 	New trial (rep=0, index=0): {'Instructions2Filepath': 'instructions//slide10.png'}
41.2981 	DATA 	Mouse:  Left button up, pos=(1732,79)
41.3209 	EXP 	imageInstruct_2: autoDraw = False
41.3209 	EXP 	imageInstruct_2: image = 'instructions//slide10.png'
41.3209 	EXP 	imageInstruct_2: autoDraw = True
42.6881 	DATA 	Mouse: Left button down, pos=(1732,79)
42.9618 	EXP 	New trial (rep=15, index=0): None
42.9699 	EXP 	Imported instructions/Instructions2_doc.xlsx as conditions, 1 conditions, 1 params
42.9704 	EXP 	Created sequence: sequential, trialTypes=1, nReps=1, seed=None
42.9706 	EXP 	New trial (rep=0, index=0): {'Instructions2Filepath': 'instructions//slide11.png'}
43.1347 	DATA 	Mouse:  Left button up, pos=(1732,79)
43.1539 	EXP 	imageInstruct_2: autoDraw = False
43.1539 	EXP 	imageInstruct_2: image = 'instructions//slide11.png'
43.1539 	EXP 	imageInstruct_2: autoDraw = True
45.4444 	DATA 	Mouse: Left button down, pos=(1732,79)
45.7581 	EXP 	New trial (rep=16, index=0): None
45.8861 	EXP 	window1: mouseVisible = True
