1.8196 	ERROR 	Support for the `sounddevice` audio backend is not available this session. Please install `psychopy-sounddevice` and restart the session to enable support.
10.3889 	WARNING 	User requested fullscreen with size [1536  864], but screen is actually [2560, 1440]. Using actual size
10.7292 	DATA 	Keypress: tab
11.0539 	EXP 	Created window1 = Window(allowGUI=True, allowStencil=False, autoLog=True, backendConf=UNKNOWN, backgroundFit=<method-wrapper '__getattribute__' of attributeSetter object at 0x000001F148F93CA0>, backgroundImage=<method-wrapper '__getattribute__' of attributeSetter object at 0x000001F148F93C40>, bitsMode=UNKNOWN, blendMode='avg', bpc=(8, 8, 8), color=array([-0.4039, -0.4039, -0.4039]), colorSpace='rgb', depthBits=8, fullscr=<method-wrapper '__getattribute__' of attributeSetter object at 0x000001F148F93A60>, gamma=None, gammaErrorPolicy='raise', lms=UNKNOWN, monitor=<psychopy.monitors.calibTools.Monitor object at 0x000001F14932A760>, multiSample=False, name='window1', numSamples=2, pos=(0, 0), screen=0, size=array([2560, 1440]), stencilBits=0, stereo=False, title='PsychoPy', units='height', useFBO=True, useRetina=False, viewOri=0.0, viewPos=None, viewScale=None, waitBlanking=True, winType='pyglet')
11.0541 	EXP 	window1: mouseVisible = True
11.0541 	EXP 	window1: backgroundImage = ''
11.0541 	EXP 	window1: backgroundFit = 'none'
11.0575 	EXP 	window1: Attempting to measure frame rate of screen (0) ...
11.0575 	EXP 	window1: recordFrameIntervals = False
11.2193 	EXP 	window1: recordFrameIntervals = True
11.4027 	EXP 	Screen (0) actual frame rate measured at 60.02Hz
11.4028 	EXP 	window1: recordFrameIntervals = False
11.4030 	EXP 	window1: mouseVisible = False
12.8904 	EXP 	pilotv2: status = STARTED
12.8908 	EXP 	window1: mouseVisible = True
12.9010 	EXP 	Created imageInstruct = ImageStim(__class__=<class 'psychopy.visual.image.ImageStim'>, anchor=('center', 'center'), autoLog=True, color=array([1., 1., 1.]), colorSpace='rgb', contrast=1.0, depth=0.0, draggable=False, flipHoriz=False, flipVert=False, image='default.png', interpolate=True, mask=None, maskParams=None, name='imageInstruct', opacity=1.0, ori=0.0, pos=array([0., 0.]), size=array([1.6    , 1.00736]), texRes=128.0, units='height', win=Window(...))
12.9013 	EXP 	window1: mouseVisible = True
12.9014 	EXP 	window1: mouseVisible = True
12.9019 	EXP 	window1: mouseVisible = True
12.9023 	EXP 	window1: mouseVisible = True
12.9249 	EXP 	window1: mouseVisible = True
12.9250 	EXP 	window1: mouseVisible = True
12.9255 	EXP 	window1: mouseVisible = True
12.9259 	EXP 	window1: mouseVisible = True
12.9458 	EXP 	window1: mouseVisible = True
12.9461 	EXP 	window1: mouseVisible = True
12.9462 	EXP 	window1: mouseVisible = True
12.9466 	EXP 	window1: mouseVisible = True
12.9471 	EXP 	window1: mouseVisible = True
12.9653 	EXP 	window1: mouseVisible = True
12.9654 	EXP 	window1: mouseVisible = True
12.9659 	EXP 	window1: mouseVisible = True
12.9663 	EXP 	window1: mouseVisible = True
12.9688 	EXP 	window1: mouseVisible = True
12.9690 	EXP 	window1: mouseVisible = True
13.0100 	EXP 	Created text_8 = TextStim(__class__=<class 'psychopy.visual.text.TextStim'>, alignHoriz=method-wrapper(...), alignText='center', alignVert=method-wrapper(...), anchorHoriz='center', anchorVert='center', antialias=True, autoDraw=False, autoLog=True, bold=False, color=array([1., 1., 1.]), colorSpace='rgb', contrast=1.0, depth=0.0, draggable=False, flipHoriz=False, flipVert=False, font='Open Sans', fontFiles=[], height=0.05, italic=False, languageStyle='LTR', name='text_8', opacity=1.0, ori=0.0, pos=array([0., 0.]), rgb=UNKNOWN, text=str(...), units='height', win=Window(...), wrapWidth=1)
13.0103 	EXP 	window1: mouseVisible = True
13.0104 	EXP 	window1: mouseVisible = True
13.0109 	EXP 	window1: mouseVisible = True
13.0113 	EXP 	window1: mouseVisible = True
13.0402 	EXP 	window1: mouseVisible = True
13.0403 	EXP 	window1: mouseVisible = True
13.0407 	EXP 	window1: mouseVisible = True
13.0411 	EXP 	window1: mouseVisible = True
13.0525 	EXP 	window1: mouseVisible = True
13.0527 	EXP 	window1: mouseVisible = True
13.0528 	EXP 	window1: mouseVisible = True
13.0532 	EXP 	window1: mouseVisible = True
13.0537 	EXP 	window1: mouseVisible = True
13.0623 	EXP 	window1: mouseVisible = True
13.0624 	EXP 	window1: mouseVisible = True
13.0628 	EXP 	window1: mouseVisible = True
13.0633 	EXP 	window1: mouseVisible = True
13.0659 	EXP 	window1: mouseVisible = True
13.0660 	EXP 	window1: mouseVisible = True
13.0714 	EXP 	Created image_17 = ImageStim(__class__=<class 'psychopy.visual.image.ImageStim'>, anchor=('center', 'center'), autoLog=True, color=array([1., 1., 1.]), colorSpace='rgb', contrast=1.0, depth=-3.0, draggable=False, flipHoriz=False, flipVert=False, image='stim/ori1.png', interpolate=True, mask=None, maskParams=None, name='image_17', opacity=1.0, ori=0.0, pos=array([0.  , 0.23]), size=array([0.15, 0.15]), texRes=128.0, units='height', win=Window(...))
13.0715 	EXP 	window1: mouseVisible = True
13.0751 	EXP 	Created text_9 = TextStim(__class__=<class 'psychopy.visual.text.TextStim'>, alignHoriz=method-wrapper(...), alignText='center', alignVert=method-wrapper(...), anchorHoriz='center', anchorVert='center', antialias=True, autoDraw=False, autoLog=True, bold=False, color=array([1., 1., 1.]), colorSpace='rgb', contrast=1.0, depth=0.0, draggable=False, flipHoriz=False, flipVert=False, font='Open Sans', fontFiles=[], height=0.05, italic=False, languageStyle='LTR', name='text_9', opacity=1.0, ori=0.0, pos=array([0., 0.]), rgb=UNKNOWN, text=str(...), units='height', win=Window(...), wrapWidth=1)
13.0753 	EXP 	window1: mouseVisible = True
13.0754 	EXP 	window1: mouseVisible = True
13.0758 	EXP 	window1: mouseVisible = True
13.0762 	EXP 	window1: mouseVisible = True
13.0792 	EXP 	window1: mouseVisible = True
13.0793 	EXP 	window1: mouseVisible = True
13.0797 	EXP 	window1: mouseVisible = True
13.0802 	EXP 	window1: mouseVisible = True
13.0826 	EXP 	window1: mouseVisible = True
13.0828 	EXP 	window1: mouseVisible = True
13.0829 	EXP 	window1: mouseVisible = True
13.0833 	EXP 	window1: mouseVisible = True
13.0839 	EXP 	window1: mouseVisible = True
13.0869 	EXP 	window1: mouseVisible = True
13.0870 	EXP 	window1: mouseVisible = True
13.0874 	EXP 	window1: mouseVisible = True
13.0878 	EXP 	window1: mouseVisible = True
13.0903 	EXP 	window1: mouseVisible = True
13.0904 	EXP 	window1: mouseVisible = True
13.0989 	EXP 	Created image_18 = ImageStim(__class__=<class 'psychopy.visual.image.ImageStim'>, anchor=('center', 'center'), autoLog=True, color=array([1., 1., 1.]), colorSpace='rgb', contrast=1.0, depth=-3.0, draggable=False, flipHoriz=False, flipVert=False, image='stim/obj2.png', interpolate=True, mask=None, maskParams=None, name='image_18', opacity=1.0, ori=0.0, pos=array([0.  , 0.23]), size=array([0.15, 0.15]), texRes=128.0, units='height', win=Window(...))
13.0990 	EXP 	window1: mouseVisible = True
13.1026 	EXP 	Created text_10 = TextStim(__class__=<class 'psychopy.visual.text.TextStim'>, alignHoriz=method-wrapper(...), alignText='center', alignVert=method-wrapper(...), anchorHoriz='center', anchorVert='center', antialias=True, autoDraw=False, autoLog=True, bold=False, color=array([1., 1., 1.]), colorSpace='rgb', contrast=1.0, depth=0.0, draggable=False, flipHoriz=False, flipVert=False, font='Open Sans', fontFiles=[], height=0.05, italic=False, languageStyle='LTR', name='text_10', opacity=1.0, ori=0.0, pos=array([0., 0.]), rgb=UNKNOWN, text=str(...), units='height', win=Window(...), wrapWidth=1)
13.1028 	EXP 	window1: mouseVisible = True
13.1029 	EXP 	window1: mouseVisible = True
13.1033 	EXP 	window1: mouseVisible = True
13.1038 	EXP 	window1: mouseVisible = True
13.1068 	EXP 	window1: mouseVisible = True
13.1069 	EXP 	window1: mouseVisible = True
13.1073 	EXP 	window1: mouseVisible = True
13.1077 	EXP 	window1: mouseVisible = True
13.1101 	EXP 	window1: mouseVisible = True
13.1103 	EXP 	window1: mouseVisible = True
13.1104 	EXP 	window1: mouseVisible = True
13.1108 	EXP 	window1: mouseVisible = True
13.1112 	EXP 	window1: mouseVisible = True
13.1141 	EXP 	window1: mouseVisible = True
13.1142 	EXP 	window1: mouseVisible = True
13.1146 	EXP 	window1: mouseVisible = True
13.1150 	EXP 	window1: mouseVisible = True
13.1175 	EXP 	window1: mouseVisible = True
13.1176 	EXP 	window1: mouseVisible = True
13.1236 	EXP 	Created image_19 = ImageStim(__class__=<class 'psychopy.visual.image.ImageStim'>, anchor=('center', 'center'), autoLog=True, color=array([1., 1., 1.]), colorSpace='rgb', contrast=1.0, depth=-3.0, draggable=False, flipHoriz=False, flipVert=False, image='stim/ori2.png', interpolate=True, mask=None, maskParams=None, name='image_19', opacity=1.0, ori=0.0, pos=array([0.  , 0.23]), size=array([0.15, 0.15]), texRes=128.0, units='height', win=Window(...))
13.1237 	EXP 	window1: mouseVisible = True
13.1274 	EXP 	Created text_11 = TextStim(__class__=<class 'psychopy.visual.text.TextStim'>, alignHoriz=method-wrapper(...), alignText='center', alignVert=method-wrapper(...), anchorHoriz='center', anchorVert='center', antialias=True, autoDraw=False, autoLog=True, bold=False, color=array([1., 1., 1.]), colorSpace='rgb', contrast=1.0, depth=0.0, draggable=False, flipHoriz=False, flipVert=False, font='Open Sans', fontFiles=[], height=0.05, italic=False, languageStyle='LTR', name='text_11', opacity=1.0, ori=0.0, pos=array([0., 0.]), rgb=UNKNOWN, text=str(...), units='height', win=Window(...), wrapWidth=1)
13.1276 	EXP 	window1: mouseVisible = True
13.1277 	EXP 	window1: mouseVisible = True
13.1281 	EXP 	window1: mouseVisible = True
13.1285 	EXP 	window1: mouseVisible = True
13.1317 	EXP 	window1: mouseVisible = True
13.1319 	EXP 	window1: mouseVisible = True
13.1323 	EXP 	window1: mouseVisible = True
13.1327 	EXP 	window1: mouseVisible = True
13.1351 	EXP 	window1: mouseVisible = True
13.1353 	EXP 	window1: mouseVisible = True
13.1354 	EXP 	window1: mouseVisible = True
13.1359 	EXP 	window1: mouseVisible = True
13.1363 	EXP 	window1: mouseVisible = True
13.1392 	EXP 	window1: mouseVisible = True
13.1393 	EXP 	window1: mouseVisible = True
13.1399 	EXP 	window1: mouseVisible = True
13.1403 	EXP 	window1: mouseVisible = True
13.1427 	EXP 	window1: mouseVisible = True
13.1428 	EXP 	window1: mouseVisible = True
13.1482 	EXP 	Created image_20 = ImageStim(__class__=<class 'psychopy.visual.image.ImageStim'>, anchor=('center', 'center'), autoLog=True, color=array([1., 1., 1.]), colorSpace='rgb', contrast=1.0, depth=-3.0, draggable=False, flipHoriz=False, flipVert=False, image='stim/obj1.png', interpolate=True, mask=None, maskParams=None, name='image_20', opacity=1.0, ori=0.0, pos=array([0.  , 0.23]), size=array([0.15, 0.15]), texRes=128.0, units='height', win=Window(...))
13.1483 	EXP 	window1: mouseVisible = True
13.1571 	EXP 	Created imageInstruct_2 = ImageStim(__class__=<class 'psychopy.visual.image.ImageStim'>, anchor=('center', 'center'), autoLog=True, color=array([1., 1., 1.]), colorSpace='rgb', contrast=1.0, depth=0.0, draggable=False, flipHoriz=False, flipVert=False, image='default.png', interpolate=True, mask=None, maskParams=None, name='imageInstruct_2', opacity=1.0, ori=0.0, pos=array([0., 0.]), size=array([1.6    , 1.00736]), texRes=128.0, units='height', win=Window(...))
13.1573 	EXP 	window1: mouseVisible = True
13.1574 	EXP 	window1: mouseVisible = True
13.1579 	EXP 	window1: mouseVisible = True
13.1583 	EXP 	window1: mouseVisible = True
13.1613 	EXP 	window1: mouseVisible = True
13.1614 	EXP 	window1: mouseVisible = True
13.1618 	EXP 	window1: mouseVisible = True
13.1622 	EXP 	window1: mouseVisible = True
13.1648 	EXP 	window1: mouseVisible = True
13.1650 	EXP 	window1: mouseVisible = True
13.1651 	EXP 	window1: mouseVisible = True
13.1655 	EXP 	window1: mouseVisible = True
13.1659 	EXP 	window1: mouseVisible = True
13.1688 	EXP 	window1: mouseVisible = True
13.1689 	EXP 	window1: mouseVisible = True
13.1693 	EXP 	window1: mouseVisible = True
13.1697 	EXP 	window1: mouseVisible = True
13.1721 	EXP 	window1: mouseVisible = True
13.1722 	EXP 	window1: mouseVisible = True
13.2288 	EXP 	Created text_17 = TextStim(__class__=<class 'psychopy.visual.text.TextStim'>, alignHoriz=method-wrapper(...), alignText='center', alignVert=method-wrapper(...), anchorHoriz='center', anchorVert='center', antialias=True, autoDraw=False, autoLog=True, bold=False, color=array([1., 1., 1.]), colorSpace='rgb', contrast=1.0, depth=-2.0, draggable=False, flipHoriz=False, flipVert=False, font='Open Sans', fontFiles=[], height=0.05, italic=False, languageStyle='LTR', name='text_17', opacity=1.0, ori=0.0, pos=array([0., 0.]), rgb=UNKNOWN, text=str(...), units='height', win=Window(...), wrapWidth=1)
13.2289 	EXP 	window1: mouseVisible = True
13.2390 	EXP 	Created cue = ImageStim(__class__=<class 'psychopy.visual.image.ImageStim'>, anchor=('center', 'center'), autoLog=True, color=array([1., 1., 1.]), colorSpace='rgb', contrast=1.0, depth=0.0, draggable=False, flipHoriz=False, flipVert=False, image='default.png', interpolate=True, mask=None, maskParams=None, name='cue', opacity=1.0, ori=0.0, pos=array([0., 0.]), size=array([0.15, 0.15]), texRes=128.0, units='height', win=Window(...))
13.2391 	EXP 	window1: mouseVisible = True
13.2410 	EXP 	Created fixCrossR_6 = ShapeStim(__class__=<class 'psychopy.visual.shape.ShapeStim'>, anchor=('center', 'center'), autoDraw=False, autoLog=True, closeShape=True, color=method-wrapper(...), colorSpace='rgb', contrast=None, depth=-1.0, draggable=False, fillColor=array([-1, -1, -1]), fillColorSpace='rgb', fillRGB=array([-1, -1, -1]), interpolate=True, lineColor=array([-1., -1., -1.]), lineColorSpace='rgb', lineRGB=array([-1, -1, -1]), lineWidth=1.0, name='fixCrossR_6', opacity=1.0, ori=0.0, pos=array([0., 0.]), size=array([0.02, 0.02]), units='height', vertices=ndarray(...), win=Window(...), windingRule=None)
13.2411 	EXP 	window1: mouseVisible = True
13.2498 	EXP 	Created image = ImageStim(__class__=<class 'psychopy.visual.image.ImageStim'>, anchor=('center', 'center'), autoLog=True, color=array([1., 1., 1.]), colorSpace='rgb', contrast=1.0, depth=0.0, draggable=False, flipHoriz=False, flipVert=False, image='default.png', interpolate=True, mask=None, maskParams=None, name='image', opacity=1.0, ori=0.0, pos=array([0., 0.]), size=array([0.5, 0.5]), texRes=128.0, units='height', win=Window(...))
13.2499 	EXP 	window1: mouseVisible = True
13.2516 	EXP 	Created fixCrossR_2 = ShapeStim(__class__=<class 'psychopy.visual.shape.ShapeStim'>, anchor=('center', 'center'), autoDraw=False, autoLog=True, closeShape=True, color=method-wrapper(...), colorSpace='rgb', contrast=None, depth=-1.0, draggable=False, fillColor=array([-1, -1, -1]), fillColorSpace='rgb', fillRGB=array([-1, -1, -1]), interpolate=True, lineColor=array([-1., -1., -1.]), lineColorSpace='rgb', lineRGB=array([-1, -1, -1]), lineWidth=1.0, name='fixCrossR_2', opacity=1.0, ori=0.0, pos=array([0., 0.]), size=array([0.02, 0.02]), units='height', vertices=ndarray(...), win=Window(...), windingRule=None)
13.2517 	EXP 	window1: mouseVisible = True
13.2533 	EXP 	Created fixCrossR_4 = ShapeStim(__class__=<class 'psychopy.visual.shape.ShapeStim'>, anchor=('center', 'center'), autoDraw=False, autoLog=True, closeShape=True, color=method-wrapper(...), colorSpace='rgb', contrast=None, depth=0.0, draggable=False, fillColor=array([-1, -1, -1]), fillColorSpace='rgb', fillRGB=array([-1, -1, -1]), interpolate=True, lineColor=array([-1., -1., -1.]), lineColorSpace='rgb', lineRGB=array([-1, -1, -1]), lineWidth=1.0, name='fixCrossR_4', opacity=1.0, ori=0.0, pos=array([0., 0.]), size=array([0.02, 0.02]), units='height', vertices=ndarray(...), win=Window(...), windingRule=None)
13.2534 	EXP 	window1: mouseVisible = True
13.2550 	EXP 	Created fixCross_2 = ShapeStim(__class__=<class 'psychopy.visual.shape.ShapeStim'>, anchor=('center', 'center'), autoDraw=False, autoLog=True, closeShape=True, color=method-wrapper(...), colorSpace='rgb', contrast=None, depth=0.0, draggable=False, fillColor=array([1, 1, 1]), fillColorSpace='rgb', fillRGB=array([1, 1, 1]), interpolate=True, lineColor=array([1., 1., 1.]), lineColorSpace='rgb', lineRGB=array([1, 1, 1]), lineWidth=1.0, name='fixCross_2', opacity=1.0, ori=0.0, pos=array([0., 0.]), size=array([0.02, 0.02]), units='height', vertices=ndarray(...), win=Window(...), windingRule=None)
13.2551 	EXP 	window1: mouseVisible = True
13.2567 	EXP 	Created text1_2 = TextStim(__class__=<class 'psychopy.visual.text.TextStim'>, alignHoriz=method-wrapper(...), alignText='center', alignVert=method-wrapper(...), anchorHoriz='center', anchorVert='center', antialias=True, autoDraw=False, autoLog=True, bold=False, color=array([1., 1., 1.]), colorSpace='rgb', contrast=1.0, depth=-1.0, draggable=False, flipHoriz=False, flipVert=False, font='Open Sans', fontFiles=[], height=0.05, italic=False, languageStyle='LTR', name='text1_2', opacity=1.0, ori=0.0, pos=array([-0.225,  0.08 ]), rgb=UNKNOWN, text='', units='norm', win=Window(...), wrapWidth=1)
13.2568 	EXP 	window1: mouseVisible = True
13.2579 	EXP 	Created text2_2 = TextStim(__class__=<class 'psychopy.visual.text.TextStim'>, alignHoriz=method-wrapper(...), alignText='center', alignVert=method-wrapper(...), anchorHoriz='center', anchorVert='center', antialias=True, autoDraw=False, autoLog=True, bold=False, color=array([1., 1., 1.]), colorSpace='rgb', contrast=1.0, depth=-2.0, draggable=False, flipHoriz=False, flipVert=False, font='Open Sans', fontFiles=[], height=0.05, italic=False, languageStyle='LTR', name='text2_2', opacity=1.0, ori=0.0, pos=array([-0.075,  0.08 ]), rgb=UNKNOWN, text='', units='norm', win=Window(...), wrapWidth=1)
13.2580 	EXP 	window1: mouseVisible = True
13.2590 	EXP 	Created text3_2 = TextStim(__class__=<class 'psychopy.visual.text.TextStim'>, alignHoriz=method-wrapper(...), alignText='center', alignVert=method-wrapper(...), anchorHoriz='center', anchorVert='center', antialias=True, autoDraw=False, autoLog=True, bold=False, color=array([1., 1., 1.]), colorSpace='rgb', contrast=1.0, depth=-3.0, draggable=False, flipHoriz=False, flipVert=False, font='Open Sans', fontFiles=[], height=0.05, italic=False, languageStyle='LTR', name='text3_2', opacity=1.0, ori=0.0, pos=array([0.075, 0.08 ]), rgb=UNKNOWN, text='', units='norm', win=Window(...), wrapWidth=1)
13.2591 	EXP 	window1: mouseVisible = True
13.2600 	EXP 	Created text4_2 = TextStim(__class__=<class 'psychopy.visual.text.TextStim'>, alignHoriz=method-wrapper(...), alignText='center', alignVert=method-wrapper(...), anchorHoriz='center', anchorVert='center', antialias=True, autoDraw=False, autoLog=True, bold=False, color=array([1., 1., 1.]), colorSpace='rgb', contrast=1.0, depth=-4.0, draggable=False, flipHoriz=False, flipVert=False, font='Open Sans', fontFiles=[], height=0.05, italic=False, languageStyle='LTR', name='text4_2', opacity=1.0, ori=0.0, pos=array([0.225, 0.08 ]), rgb=UNKNOWN, text='', units='norm', win=Window(...), wrapWidth=1)
13.2601 	EXP 	window1: mouseVisible = True
13.2611 	EXP 	Created text5_2 = TextStim(__class__=<class 'psychopy.visual.text.TextStim'>, alignHoriz=method-wrapper(...), alignText='center', alignVert=method-wrapper(...), anchorHoriz='center', anchorVert='center', antialias=True, autoDraw=False, autoLog=True, bold=False, color=array([1., 1., 1.]), colorSpace='rgb', contrast=1.0, depth=-5.0, draggable=False, flipHoriz=False, flipVert=False, font='Open Sans', fontFiles=[], height=0.05, italic=False, languageStyle='LTR', name='text5_2', opacity=1.0, ori=0.0, pos=array([-0.225, -0.08 ]), rgb=UNKNOWN, text='', units='norm', win=Window(...), wrapWidth=1)
13.2612 	EXP 	window1: mouseVisible = True
13.2622 	EXP 	Created text6_2 = TextStim(__class__=<class 'psychopy.visual.text.TextStim'>, alignHoriz=method-wrapper(...), alignText='center', alignVert=method-wrapper(...), anchorHoriz='center', anchorVert='center', antialias=True, autoDraw=False, autoLog=True, bold=False, color=array([1., 1., 1.]), colorSpace='rgb', contrast=1.0, depth=-6.0, draggable=False, flipHoriz=False, flipVert=False, font='Open Sans', fontFiles=[], height=0.05, italic=False, languageStyle='LTR', name='text6_2', opacity=1.0, ori=0.0, pos=array([-0.075, -0.08 ]), rgb=UNKNOWN, text='', units='norm', win=Window(...), wrapWidth=1)
13.2622 	EXP 	window1: mouseVisible = True
13.2632 	EXP 	Created text7_2 = TextStim(__class__=<class 'psychopy.visual.text.TextStim'>, alignHoriz=method-wrapper(...), alignText='center', alignVert=method-wrapper(...), anchorHoriz='center', anchorVert='center', antialias=True, autoDraw=False, autoLog=True, bold=False, color=array([1., 1., 1.]), colorSpace='rgb', contrast=1.0, depth=-7.0, draggable=False, flipHoriz=False, flipVert=False, font='Open Sans', fontFiles=[], height=0.05, italic=False, languageStyle='LTR', name='text7_2', opacity=1.0, ori=0.0, pos=array([ 0.075, -0.08 ]), rgb=UNKNOWN, text='', units='norm', win=Window(...), wrapWidth=1)
13.2633 	EXP 	window1: mouseVisible = True
13.2643 	EXP 	Created text8_2 = TextStim(__class__=<class 'psychopy.visual.text.TextStim'>, alignHoriz=method-wrapper(...), alignText='center', alignVert=method-wrapper(...), anchorHoriz='center', anchorVert='center', antialias=True, autoDraw=False, autoLog=True, bold=False, color=array([1., 1., 1.]), colorSpace='rgb', contrast=1.0, depth=-8.0, draggable=False, flipHoriz=False, flipVert=False, font='Open Sans', fontFiles=[], height=0.05, italic=False, languageStyle='LTR', name='text8_2', opacity=1.0, ori=0.0, pos=array([ 0.225, -0.08 ]), rgb=UNKNOWN, text='', units='norm', win=Window(...), wrapWidth=1)
13.2644 	EXP 	window1: mouseVisible = True
13.2653 	EXP 	Created num1_2 = TextStim(__class__=<class 'psychopy.visual.text.TextStim'>, alignHoriz=method-wrapper(...), alignText='center', alignVert=method-wrapper(...), anchorHoriz='center', anchorVert='center', antialias=True, autoDraw=False, autoLog=True, bold=False, color=array([1., 1., 1.]), colorSpace='rgb', contrast=1.0, depth=-10.0, draggable=False, flipHoriz=False, flipVert=False, font='Open Sans', fontFiles=[], height=0.1, italic=False, languageStyle='LTR', name='num1_2', opacity=1.0, ori=0.0, pos=array([-0.225,  0.24 ]), rgb=UNKNOWN, text='', units='norm', win=Window(...), wrapWidth=1)
13.2654 	EXP 	window1: mouseVisible = True
13.2664 	EXP 	Created num2_2 = TextStim(__class__=<class 'psychopy.visual.text.TextStim'>, alignHoriz=method-wrapper(...), alignText='center', alignVert=method-wrapper(...), anchorHoriz='center', anchorVert='center', antialias=True, autoDraw=False, autoLog=True, bold=False, color=array([1., 1., 1.]), colorSpace='rgb', contrast=1.0, depth=-11.0, draggable=False, flipHoriz=False, flipVert=False, font='Open Sans', fontFiles=[], height=0.1, italic=False, languageStyle='LTR', name='num2_2', opacity=1.0, ori=0.0, pos=array([-0.075,  0.24 ]), rgb=UNKNOWN, text='', units='norm', win=Window(...), wrapWidth=1)
13.2664 	EXP 	window1: mouseVisible = True
13.2674 	EXP 	Created num3_2 = TextStim(__class__=<class 'psychopy.visual.text.TextStim'>, alignHoriz=method-wrapper(...), alignText='center', alignVert=method-wrapper(...), anchorHoriz='center', anchorVert='center', antialias=True, autoDraw=False, autoLog=True, bold=False, color=array([1., 1., 1.]), colorSpace='rgb', contrast=1.0, depth=-12.0, draggable=False, flipHoriz=False, flipVert=False, font='Open Sans', fontFiles=[], height=0.1, italic=False, languageStyle='LTR', name='num3_2', opacity=1.0, ori=0.0, pos=array([0.075, 0.24 ]), rgb=UNKNOWN, text='', units='norm', win=Window(...), wrapWidth=1)
13.2675 	EXP 	window1: mouseVisible = True
13.2684 	EXP 	Created num4_2 = TextStim(__class__=<class 'psychopy.visual.text.TextStim'>, alignHoriz=method-wrapper(...), alignText='center', alignVert=method-wrapper(...), anchorHoriz='center', anchorVert='center', antialias=True, autoDraw=False, autoLog=True, bold=False, color=array([1., 1., 1.]), colorSpace='rgb', contrast=1.0, depth=-13.0, draggable=False, flipHoriz=False, flipVert=False, font='Open Sans', fontFiles=[], height=0.1, italic=False, languageStyle='LTR', name='num4_2', opacity=1.0, ori=0.0, pos=array([0.225, 0.24 ]), rgb=UNKNOWN, text='', units='norm', win=Window(...), wrapWidth=1)
13.2685 	EXP 	window1: mouseVisible = True
13.2903 	EXP 	Created text_20 = TextStim(__class__=<class 'psychopy.visual.text.TextStim'>, alignHoriz=method-wrapper(...), alignText='center', alignVert=method-wrapper(...), anchorHoriz='center', anchorVert='center', antialias=True, autoDraw=False, autoLog=True, bold=False, color=array([1., 1., 1.]), colorSpace='rgb', contrast=1.0, depth=0.0, draggable=False, flipHoriz=False, flipVert=False, font='Open Sans', fontFiles=[], height=0.05, italic=False, languageStyle='LTR', name='text_20', opacity=1.0, ori=0.0, pos=array([0., 0.]), rgb=UNKNOWN, text=str(...), units='height', win=Window(...), wrapWidth=1)
13.2904 	EXP 	window1: mouseVisible = True
13.2945 	EXP 	Created text = TextStim(__class__=<class 'psychopy.visual.text.TextStim'>, alignHoriz=method-wrapper(...), alignText='center', alignVert=method-wrapper(...), anchorHoriz='center', anchorVert='center', antialias=True, autoDraw=False, autoLog=True, bold=False, color=array([1., 1., 1.]), colorSpace='rgb', contrast=1.0, depth=0.0, draggable=False, flipHoriz=False, flipVert=False, font='Open Sans', fontFiles=[], height=0.05, italic=False, languageStyle='LTR', name='text', opacity=1.0, ori=0.0, pos=array([0., 0.]), rgb=UNKNOWN, text='The experiment will begin soon. Get ready!', units='height', win=Window(...), wrapWidth=1)
13.2946 	EXP 	window1: mouseVisible = True
13.3032 	EXP 	Created cue = ImageStim(__class__=<class 'psychopy.visual.image.ImageStim'>, anchor=('center', 'center'), autoLog=True, color=array([1., 1., 1.]), colorSpace='rgb', contrast=1.0, depth=0.0, draggable=False, flipHoriz=False, flipVert=False, image='default.png', interpolate=True, mask=None, maskParams=None, name='cue', opacity=1.0, ori=0.0, pos=array([0., 0.]), size=array([0.15, 0.15]), texRes=128.0, units='height', win=Window(...))
13.3033 	EXP 	window1: mouseVisible = True
13.3052 	EXP 	Created fixCrossR_6 = ShapeStim(__class__=<class 'psychopy.visual.shape.ShapeStim'>, anchor=('center', 'center'), autoDraw=False, autoLog=True, closeShape=True, color=method-wrapper(...), colorSpace='rgb', contrast=None, depth=-1.0, draggable=False, fillColor=array([-1, -1, -1]), fillColorSpace='rgb', fillRGB=array([-1, -1, -1]), interpolate=True, lineColor=array([-1., -1., -1.]), lineColorSpace='rgb', lineRGB=array([-1, -1, -1]), lineWidth=1.0, name='fixCrossR_6', opacity=1.0, ori=0.0, pos=array([0., 0.]), size=array([0.02, 0.02]), units='height', vertices=ndarray(...), win=Window(...), windingRule=None)
13.3053 	EXP 	window1: mouseVisible = True
13.3141 	EXP 	Created image = ImageStim(__class__=<class 'psychopy.visual.image.ImageStim'>, anchor=('center', 'center'), autoLog=True, color=array([1., 1., 1.]), colorSpace='rgb', contrast=1.0, depth=0.0, draggable=False, flipHoriz=False, flipVert=False, image='default.png', interpolate=True, mask=None, maskParams=None, name='image', opacity=1.0, ori=0.0, pos=array([0., 0.]), size=array([0.5, 0.5]), texRes=128.0, units='height', win=Window(...))
13.3142 	EXP 	window1: mouseVisible = True
13.3161 	EXP 	Created fixCrossR_2 = ShapeStim(__class__=<class 'psychopy.visual.shape.ShapeStim'>, anchor=('center', 'center'), autoDraw=False, autoLog=True, closeShape=True, color=method-wrapper(...), colorSpace='rgb', contrast=None, depth=-1.0, draggable=False, fillColor=array([-1, -1, -1]), fillColorSpace='rgb', fillRGB=array([-1, -1, -1]), interpolate=True, lineColor=array([-1., -1., -1.]), lineColorSpace='rgb', lineRGB=array([-1, -1, -1]), lineWidth=1.0, name='fixCrossR_2', opacity=1.0, ori=0.0, pos=array([0., 0.]), size=array([0.02, 0.02]), units='height', vertices=ndarray(...), win=Window(...), windingRule=None)
13.3162 	EXP 	window1: mouseVisible = True
13.3181 	EXP 	Created fixCrossR_4 = ShapeStim(__class__=<class 'psychopy.visual.shape.ShapeStim'>, anchor=('center', 'center'), autoDraw=False, autoLog=True, closeShape=True, color=method-wrapper(...), colorSpace='rgb', contrast=None, depth=0.0, draggable=False, fillColor=array([-1, -1, -1]), fillColorSpace='rgb', fillRGB=array([-1, -1, -1]), interpolate=True, lineColor=array([-1., -1., -1.]), lineColorSpace='rgb', lineRGB=array([-1, -1, -1]), lineWidth=1.0, name='fixCrossR_4', opacity=1.0, ori=0.0, pos=array([0., 0.]), size=array([0.02, 0.02]), units='height', vertices=ndarray(...), win=Window(...), windingRule=None)
13.3182 	EXP 	window1: mouseVisible = True
13.3200 	EXP 	Created fixCross = ShapeStim(__class__=<class 'psychopy.visual.shape.ShapeStim'>, anchor=('center', 'center'), autoDraw=False, autoLog=True, closeShape=True, color=method-wrapper(...), colorSpace='rgb', contrast=None, depth=0.0, draggable=False, fillColor=array([1, 1, 1]), fillColorSpace='rgb', fillRGB=array([1, 1, 1]), interpolate=True, lineColor=array([1., 1., 1.]), lineColorSpace='rgb', lineRGB=array([1, 1, 1]), lineWidth=1.0, name='fixCross', opacity=1.0, ori=0.0, pos=array([0., 0.]), size=array([0.02, 0.02]), units='height', vertices=ndarray(...), win=Window(...), windingRule=None)
13.3201 	EXP 	window1: mouseVisible = True
13.3212 	EXP 	Created text1 = TextStim(__class__=<class 'psychopy.visual.text.TextStim'>, alignHoriz=method-wrapper(...), alignText='center', alignVert=method-wrapper(...), anchorHoriz='center', anchorVert='center', antialias=True, autoDraw=False, autoLog=True, bold=False, color=array([1., 1., 1.]), colorSpace='rgb', contrast=1.0, depth=-1.0, draggable=False, flipHoriz=False, flipVert=False, font='Open Sans', fontFiles=[], height=0.05, italic=False, languageStyle='LTR', name='text1', opacity=1.0, ori=0.0, pos=array([-0.225,  0.08 ]), rgb=UNKNOWN, text='', units='norm', win=Window(...), wrapWidth=1)
13.3212 	EXP 	window1: mouseVisible = True
13.3223 	EXP 	Created text2 = TextStim(__class__=<class 'psychopy.visual.text.TextStim'>, alignHoriz=method-wrapper(...), alignText='center', alignVert=method-wrapper(...), anchorHoriz='center', anchorVert='center', antialias=True, autoDraw=False, autoLog=True, bold=False, color=array([1., 1., 1.]), colorSpace='rgb', contrast=1.0, depth=-2.0, draggable=False, flipHoriz=False, flipVert=False, font='Open Sans', fontFiles=[], height=0.05, italic=False, languageStyle='LTR', name='text2', opacity=1.0, ori=0.0, pos=array([-0.075,  0.08 ]), rgb=UNKNOWN, text='', units='norm', win=Window(...), wrapWidth=1)
13.3223 	EXP 	window1: mouseVisible = True
13.3234 	EXP 	Created text3 = TextStim(__class__=<class 'psychopy.visual.text.TextStim'>, alignHoriz=method-wrapper(...), alignText='center', alignVert=method-wrapper(...), anchorHoriz='center', anchorVert='center', antialias=True, autoDraw=False, autoLog=True, bold=False, color=array([1., 1., 1.]), colorSpace='rgb', contrast=1.0, depth=-3.0, draggable=False, flipHoriz=False, flipVert=False, font='Open Sans', fontFiles=[], height=0.05, italic=False, languageStyle='LTR', name='text3', opacity=1.0, ori=0.0, pos=array([0.075, 0.08 ]), rgb=UNKNOWN, text='', units='norm', win=Window(...), wrapWidth=1)
13.3235 	EXP 	window1: mouseVisible = True
13.3245 	EXP 	Created text4 = TextStim(__class__=<class 'psychopy.visual.text.TextStim'>, alignHoriz=method-wrapper(...), alignText='center', alignVert=method-wrapper(...), anchorHoriz='center', anchorVert='center', antialias=True, autoDraw=False, autoLog=True, bold=False, color=array([1., 1., 1.]), colorSpace='rgb', contrast=1.0, depth=-4.0, draggable=False, flipHoriz=False, flipVert=False, font='Open Sans', fontFiles=[], height=0.05, italic=False, languageStyle='LTR', name='text4', opacity=1.0, ori=0.0, pos=array([0.225, 0.08 ]), rgb=UNKNOWN, text='', units='norm', win=Window(...), wrapWidth=1)
13.3246 	EXP 	window1: mouseVisible = True
13.3256 	EXP 	Created text5 = TextStim(__class__=<class 'psychopy.visual.text.TextStim'>, alignHoriz=method-wrapper(...), alignText='center', alignVert=method-wrapper(...), anchorHoriz='center', anchorVert='center', antialias=True, autoDraw=False, autoLog=True, bold=False, color=array([1., 1., 1.]), colorSpace='rgb', contrast=1.0, depth=-5.0, draggable=False, flipHoriz=False, flipVert=False, font='Open Sans', fontFiles=[], height=0.05, italic=False, languageStyle='LTR', name='text5', opacity=1.0, ori=0.0, pos=array([-0.225, -0.08 ]), rgb=UNKNOWN, text='', units='norm', win=Window(...), wrapWidth=1)
13.3257 	EXP 	window1: mouseVisible = True
13.3268 	EXP 	Created text6 = TextStim(__class__=<class 'psychopy.visual.text.TextStim'>, alignHoriz=method-wrapper(...), alignText='center', alignVert=method-wrapper(...), anchorHoriz='center', anchorVert='center', antialias=True, autoDraw=False, autoLog=True, bold=False, color=array([1., 1., 1.]), colorSpace='rgb', contrast=1.0, depth=-6.0, draggable=False, flipHoriz=False, flipVert=False, font='Open Sans', fontFiles=[], height=0.05, italic=False, languageStyle='LTR', name='text6', opacity=1.0, ori=0.0, pos=array([-0.075, -0.08 ]), rgb=UNKNOWN, text='', units='norm', win=Window(...), wrapWidth=1)
13.3268 	EXP 	window1: mouseVisible = True
13.3278 	EXP 	Created text7 = TextStim(__class__=<class 'psychopy.visual.text.TextStim'>, alignHoriz=method-wrapper(...), alignText='center', alignVert=method-wrapper(...), anchorHoriz='center', anchorVert='center', antialias=True, autoDraw=False, autoLog=True, bold=False, color=array([1., 1., 1.]), colorSpace='rgb', contrast=1.0, depth=-7.0, draggable=False, flipHoriz=False, flipVert=False, font='Open Sans', fontFiles=[], height=0.05, italic=False, languageStyle='LTR', name='text7', opacity=1.0, ori=0.0, pos=array([ 0.075, -0.08 ]), rgb=UNKNOWN, text='', units='norm', win=Window(...), wrapWidth=1)
13.3279 	EXP 	window1: mouseVisible = True
13.3289 	EXP 	Created text8 = TextStim(__class__=<class 'psychopy.visual.text.TextStim'>, alignHoriz=method-wrapper(...), alignText='center', alignVert=method-wrapper(...), anchorHoriz='center', anchorVert='center', antialias=True, autoDraw=False, autoLog=True, bold=False, color=array([1., 1., 1.]), colorSpace='rgb', contrast=1.0, depth=-8.0, draggable=False, flipHoriz=False, flipVert=False, font='Open Sans', fontFiles=[], height=0.05, italic=False, languageStyle='LTR', name='text8', opacity=1.0, ori=0.0, pos=array([ 0.225, -0.08 ]), rgb=UNKNOWN, text='', units='norm', win=Window(...), wrapWidth=1)
13.3290 	EXP 	window1: mouseVisible = True
13.3300 	EXP 	Created num1 = TextStim(__class__=<class 'psychopy.visual.text.TextStim'>, alignHoriz=method-wrapper(...), alignText='center', alignVert=method-wrapper(...), anchorHoriz='center', anchorVert='center', antialias=True, autoDraw=False, autoLog=True, bold=False, color=array([1., 1., 1.]), colorSpace='rgb', contrast=1.0, depth=-10.0, draggable=False, flipHoriz=False, flipVert=False, font='Open Sans', fontFiles=[], height=0.1, italic=False, languageStyle='LTR', name='num1', opacity=1.0, ori=0.0, pos=array([-0.225,  0.24 ]), rgb=UNKNOWN, text='', units='norm', win=Window(...), wrapWidth=1)
13.3300 	EXP 	window1: mouseVisible = True
13.3311 	EXP 	Created num2 = TextStim(__class__=<class 'psychopy.visual.text.TextStim'>, alignHoriz=method-wrapper(...), alignText='center', alignVert=method-wrapper(...), anchorHoriz='center', anchorVert='center', antialias=True, autoDraw=False, autoLog=True, bold=False, color=array([1., 1., 1.]), colorSpace='rgb', contrast=1.0, depth=-11.0, draggable=False, flipHoriz=False, flipVert=False, font='Open Sans', fontFiles=[], height=0.1, italic=False, languageStyle='LTR', name='num2', opacity=1.0, ori=0.0, pos=array([-0.075,  0.24 ]), rgb=UNKNOWN, text='', units='norm', win=Window(...), wrapWidth=1)
13.3311 	EXP 	window1: mouseVisible = True
13.3322 	EXP 	Created num3 = TextStim(__class__=<class 'psychopy.visual.text.TextStim'>, alignHoriz=method-wrapper(...), alignText='center', alignVert=method-wrapper(...), anchorHoriz='center', anchorVert='center', antialias=True, autoDraw=False, autoLog=True, bold=False, color=array([1., 1., 1.]), colorSpace='rgb', contrast=1.0, depth=-12.0, draggable=False, flipHoriz=False, flipVert=False, font='Open Sans', fontFiles=[], height=0.1, italic=False, languageStyle='LTR', name='num3', opacity=1.0, ori=0.0, pos=array([0.075, 0.24 ]), rgb=UNKNOWN, text='', units='norm', win=Window(...), wrapWidth=1)
13.3322 	EXP 	window1: mouseVisible = True
13.3334 	EXP 	Created num4 = TextStim(__class__=<class 'psychopy.visual.text.TextStim'>, alignHoriz=method-wrapper(...), alignText='center', alignVert=method-wrapper(...), anchorHoriz='center', anchorVert='center', antialias=True, autoDraw=False, autoLog=True, bold=False, color=array([1., 1., 1.]), colorSpace='rgb', contrast=1.0, depth=-13.0, draggable=False, flipHoriz=False, flipVert=False, font='Open Sans', fontFiles=[], height=0.1, italic=False, languageStyle='LTR', name='num4', opacity=1.0, ori=0.0, pos=array([0.225, 0.24 ]), rgb=UNKNOWN, text='', units='norm', win=Window(...), wrapWidth=1)
13.3335 	EXP 	window1: mouseVisible = True
13.3353 	EXP 	Created fixCrossR = ShapeStim(__class__=<class 'psychopy.visual.shape.ShapeStim'>, anchor=('center', 'center'), autoDraw=False, autoLog=True, closeShape=True, color=method-wrapper(...), colorSpace='rgb', contrast=None, depth=0.0, draggable=False, fillColor=array([-1, -1, -1]), fillColorSpace='rgb', fillRGB=array([-1, -1, -1]), interpolate=True, lineColor=array([-1., -1., -1.]), lineColorSpace='rgb', lineRGB=array([-1, -1, -1]), lineWidth=1.0, name='fixCrossR', opacity=1.0, ori=0.0, pos=array([0., 0.]), size=array([0.02, 0.02]), units='height', vertices=ndarray(...), win=Window(...), windingRule=None)
13.3354 	EXP 	window1: mouseVisible = True
13.3372 	EXP 	Created fixCrossR_5 = ShapeStim(__class__=<class 'psychopy.visual.shape.ShapeStim'>, anchor=('center', 'center'), autoDraw=False, autoLog=True, closeShape=True, color=method-wrapper(...), colorSpace='rgb', contrast=None, depth=-1.0, draggable=False, fillColor=array([-1, -1, -1]), fillColorSpace='rgb', fillRGB=array([-1, -1, -1]), interpolate=True, lineColor=array([-1., -1., -1.]), lineColorSpace='rgb', lineRGB=array([-1, -1, -1]), lineWidth=1.0, name='fixCrossR_5', opacity=1.0, ori=0.0, pos=array([0., 0.]), size=array([0.02, 0.02]), units='height', vertices=ndarray(...), win=Window(...), windingRule=None)
0.0032 	EXP 	Created sequence: random, trialTypes=1, nReps=0, seed=None
0.0034 	EXP 	Created sequence: random, trialTypes=1, nReps=0, seed=None
0.0244 	EXP 	window1: mouseVisible = True
