2.4520 	ERROR 	Support for the `sounddevice` audio backend is not available this session. Please install `psychopy-sounddevice` and restart the session to enable support.
6.1012 	WARNING 	User requested fullscreen with size [1536  864], but screen is actually [1920, 1080]. Using actual size
6.8805 	EXP 	Created window1 = Window(allowGUI=True, allowStencil=False, autoLog=True, backendConf=UNKNOWN, backgroundFit=<method-wrapper '__getattribute__' of attributeSetter object at 0x0000013CDB810250>, backgroundImage=<method-wrapper '__getattribute__' of attributeSetter object at 0x0000013CDB8101F0>, bitsMode=UNKNOWN, blendMode='avg', bpc=(8, 8, 8), color=array([-0.4039, -0.4039, -0.4039]), colorSpace='rgb', depthBits=8, fullscr=<method-wrapper '__getattribute__' of attributeSetter object at 0x0000013CDB810040>, gamma=None, gammaErrorPolicy='raise', lms=UNKNOWN, monitor=<psychopy.monitors.calibTools.Monitor object at 0x0000013CDBD381F0>, multiSample=False, name='window1', numSamples=2, pos=(0, 0), screen=0, size=array([1920, 1080]), stencilBits=0, stereo=False, title='PsychoPy', units='height', useFBO=True, useRetina=False, viewOri=0.0, viewPos=None, viewScale=None, waitBlanking=True, winType='pyglet')
6.8805 	EXP 	window1: mouseVisible = True
6.8806 	EXP 	window1: backgroundImage = ''
6.8806 	EXP 	window1: backgroundFit = 'none'
6.8821 	EXP 	window1: Attempting to measure frame rate of screen (0) ...
6.8821 	EXP 	window1: recordFrameIntervals = False
7.0463 	EXP 	window1: recordFrameIntervals = True
7.2305 	EXP 	Screen (0) actual frame rate measured at 59.87Hz
7.2305 	EXP 	window1: recordFrameIntervals = False
7.2306 	EXP 	window1: mouseVisible = False
9.4507 	EXP 	pilotv2: status = STARTED
9.4510 	EXP 	window1: mouseVisible = True
9.4614 	EXP 	Created imageInstruct = ImageStim(__class__=<class 'psychopy.visual.image.ImageStim'>, anchor=('center', 'center'), autoLog=True, color=array([1., 1., 1.]), colorSpace='rgb', contrast=1.0, depth=0.0, draggable=False, flipHoriz=False, flipVert=False, image='default.png', interpolate=True, mask=None, maskParams=None, name='imageInstruct', opacity=1.0, ori=0.0, pos=array([0., 0.]), size=array([1.6    , 1.00736]), texRes=128.0, units='height', win=Window(...))
9.4617 	EXP 	window1: mouseVisible = True
9.4618 	EXP 	window1: mouseVisible = True
9.4622 	EXP 	window1: mouseVisible = True
9.4628 	EXP 	window1: mouseVisible = True
9.4769 	EXP 	window1: mouseVisible = True
9.4770 	EXP 	window1: mouseVisible = True
9.4775 	EXP 	window1: mouseVisible = True
9.4778 	EXP 	window1: mouseVisible = True
9.4894 	EXP 	window1: mouseVisible = True
9.4896 	EXP 	window1: mouseVisible = True
9.4897 	EXP 	window1: mouseVisible = True
9.4901 	EXP 	window1: mouseVisible = True
9.4905 	EXP 	window1: mouseVisible = True
9.5014 	EXP 	window1: mouseVisible = True
9.5015 	EXP 	window1: mouseVisible = True
9.5019 	EXP 	window1: mouseVisible = True
9.5023 	EXP 	window1: mouseVisible = True
9.5056 	EXP 	window1: mouseVisible = True
9.5058 	EXP 	window1: mouseVisible = True
9.5692 	EXP 	Created text_8 = TextStim(__class__=<class 'psychopy.visual.text.TextStim'>, alignHoriz=method-wrapper(...), alignText='center', alignVert=method-wrapper(...), anchorHoriz='center', anchorVert='center', antialias=True, autoDraw=False, autoLog=True, bold=False, color=array([1., 1., 1.]), colorSpace='rgb', contrast=1.0, depth=0.0, draggable=False, flipHoriz=False, flipVert=False, font='Open Sans', fontFiles=[], height=0.05, italic=False, languageStyle='LTR', name='text_8', opacity=1.0, ori=0.0, pos=array([0., 0.]), rgb=UNKNOWN, text=str(...), units='height', win=Window(...), wrapWidth=1)
9.5694 	EXP 	window1: mouseVisible = True
9.5695 	EXP 	window1: mouseVisible = True
9.5700 	EXP 	window1: mouseVisible = True
9.5704 	EXP 	window1: mouseVisible = True
9.5940 	EXP 	window1: mouseVisible = True
9.5942 	EXP 	window1: mouseVisible = True
9.5946 	EXP 	window1: mouseVisible = True
9.5950 	EXP 	window1: mouseVisible = True
9.6050 	EXP 	window1: mouseVisible = True
9.6052 	EXP 	window1: mouseVisible = True
9.6053 	EXP 	window1: mouseVisible = True
9.6057 	EXP 	window1: mouseVisible = True
9.6061 	EXP 	window1: mouseVisible = True
9.6145 	EXP 	window1: mouseVisible = True
9.6146 	EXP 	window1: mouseVisible = True
9.6150 	EXP 	window1: mouseVisible = True
9.6155 	EXP 	window1: mouseVisible = True
9.6188 	EXP 	window1: mouseVisible = True
9.6189 	EXP 	window1: mouseVisible = True
9.6227 	EXP 	Created image_17 = ImageStim(__class__=<class 'psychopy.visual.image.ImageStim'>, anchor=('center', 'center'), autoLog=True, color=array([1., 1., 1.]), colorSpace='rgb', contrast=1.0, depth=-3.0, draggable=False, flipHoriz=False, flipVert=False, image='stim/ori1.png', interpolate=True, mask=None, maskParams=None, name='image_17', opacity=1.0, ori=0.0, pos=array([0.  , 0.23]), size=array([0.15, 0.15]), texRes=128.0, units='height', win=Window(...))
9.6228 	EXP 	window1: mouseVisible = True
9.6275 	EXP 	Created text_9 = TextStim(__class__=<class 'psychopy.visual.text.TextStim'>, alignHoriz=method-wrapper(...), alignText='center', alignVert=method-wrapper(...), anchorHoriz='center', anchorVert='center', antialias=True, autoDraw=False, autoLog=True, bold=False, color=array([1., 1., 1.]), colorSpace='rgb', contrast=1.0, depth=0.0, draggable=False, flipHoriz=False, flipVert=False, font='Open Sans', fontFiles=[], height=0.05, italic=False, languageStyle='LTR', name='text_9', opacity=1.0, ori=0.0, pos=array([0., 0.]), rgb=UNKNOWN, text=str(...), units='height', win=Window(...), wrapWidth=1)
9.6278 	EXP 	window1: mouseVisible = True
9.6279 	EXP 	window1: mouseVisible = True
9.6283 	EXP 	window1: mouseVisible = True
9.6287 	EXP 	window1: mouseVisible = True
9.6325 	EXP 	window1: mouseVisible = True
9.6326 	EXP 	window1: mouseVisible = True
9.6330 	EXP 	window1: mouseVisible = True
9.6334 	EXP 	window1: mouseVisible = True
9.6369 	EXP 	window1: mouseVisible = True
9.6371 	EXP 	window1: mouseVisible = True
9.6372 	EXP 	window1: mouseVisible = True
9.6376 	EXP 	window1: mouseVisible = True
9.6380 	EXP 	window1: mouseVisible = True
9.6418 	EXP 	window1: mouseVisible = True
9.6419 	EXP 	window1: mouseVisible = True
9.6423 	EXP 	window1: mouseVisible = True
9.6427 	EXP 	window1: mouseVisible = True
9.6460 	EXP 	window1: mouseVisible = True
9.6461 	EXP 	window1: mouseVisible = True
9.6500 	EXP 	Created image_18 = ImageStim(__class__=<class 'psychopy.visual.image.ImageStim'>, anchor=('center', 'center'), autoLog=True, color=array([1., 1., 1.]), colorSpace='rgb', contrast=1.0, depth=-3.0, draggable=False, flipHoriz=False, flipVert=False, image='stim/obj2.png', interpolate=True, mask=None, maskParams=None, name='image_18', opacity=1.0, ori=0.0, pos=array([0.  , 0.23]), size=array([0.15, 0.15]), texRes=128.0, units='height', win=Window(...))
9.6501 	EXP 	window1: mouseVisible = True
9.6549 	EXP 	Created text_10 = TextStim(__class__=<class 'psychopy.visual.text.TextStim'>, alignHoriz=method-wrapper(...), alignText='center', alignVert=method-wrapper(...), anchorHoriz='center', anchorVert='center', antialias=True, autoDraw=False, autoLog=True, bold=False, color=array([1., 1., 1.]), colorSpace='rgb', contrast=1.0, depth=0.0, draggable=False, flipHoriz=False, flipVert=False, font='Open Sans', fontFiles=[], height=0.05, italic=False, languageStyle='LTR', name='text_10', opacity=1.0, ori=0.0, pos=array([0., 0.]), rgb=UNKNOWN, text=str(...), units='height', win=Window(...), wrapWidth=1)
9.6551 	EXP 	window1: mouseVisible = True
9.6553 	EXP 	window1: mouseVisible = True
9.6557 	EXP 	window1: mouseVisible = True
9.6561 	EXP 	window1: mouseVisible = True
9.6598 	EXP 	window1: mouseVisible = True
9.6600 	EXP 	window1: mouseVisible = True
9.6604 	EXP 	window1: mouseVisible = True
9.6608 	EXP 	window1: mouseVisible = True
9.6641 	EXP 	window1: mouseVisible = True
9.6643 	EXP 	window1: mouseVisible = True
9.6644 	EXP 	window1: mouseVisible = True
9.6648 	EXP 	window1: mouseVisible = True
9.6652 	EXP 	window1: mouseVisible = True
9.6691 	EXP 	window1: mouseVisible = True
9.6692 	EXP 	window1: mouseVisible = True
9.6696 	EXP 	window1: mouseVisible = True
9.6700 	EXP 	window1: mouseVisible = True
9.6733 	EXP 	window1: mouseVisible = True
9.6734 	EXP 	window1: mouseVisible = True
9.6775 	EXP 	Created image_19 = ImageStim(__class__=<class 'psychopy.visual.image.ImageStim'>, anchor=('center', 'center'), autoLog=True, color=array([1., 1., 1.]), colorSpace='rgb', contrast=1.0, depth=-3.0, draggable=False, flipHoriz=False, flipVert=False, image='stim/ori2.png', interpolate=True, mask=None, maskParams=None, name='image_19', opacity=1.0, ori=0.0, pos=array([0.  , 0.23]), size=array([0.15, 0.15]), texRes=128.0, units='height', win=Window(...))
9.6777 	EXP 	window1: mouseVisible = True
9.6824 	EXP 	Created text_11 = TextStim(__class__=<class 'psychopy.visual.text.TextStim'>, alignHoriz=method-wrapper(...), alignText='center', alignVert=method-wrapper(...), anchorHoriz='center', anchorVert='center', antialias=True, autoDraw=False, autoLog=True, bold=False, color=array([1., 1., 1.]), colorSpace='rgb', contrast=1.0, depth=0.0, draggable=False, flipHoriz=False, flipVert=False, font='Open Sans', fontFiles=[], height=0.05, italic=False, languageStyle='LTR', name='text_11', opacity=1.0, ori=0.0, pos=array([0., 0.]), rgb=UNKNOWN, text=str(...), units='height', win=Window(...), wrapWidth=1)
9.6826 	EXP 	window1: mouseVisible = True
9.6828 	EXP 	window1: mouseVisible = True
9.6832 	EXP 	window1: mouseVisible = True
9.6836 	EXP 	window1: mouseVisible = True
9.6875 	EXP 	window1: mouseVisible = True
9.6876 	EXP 	window1: mouseVisible = True
9.6880 	EXP 	window1: mouseVisible = True
9.6884 	EXP 	window1: mouseVisible = True
9.6918 	EXP 	window1: mouseVisible = True
9.6920 	EXP 	window1: mouseVisible = True
9.6921 	EXP 	window1: mouseVisible = True
9.6925 	EXP 	window1: mouseVisible = True
9.6930 	EXP 	window1: mouseVisible = True
9.6969 	EXP 	window1: mouseVisible = True
9.6970 	EXP 	window1: mouseVisible = True
9.6974 	EXP 	window1: mouseVisible = True
9.6978 	EXP 	window1: mouseVisible = True
9.7011 	EXP 	window1: mouseVisible = True
9.7012 	EXP 	window1: mouseVisible = True
9.7053 	EXP 	Created image_20 = ImageStim(__class__=<class 'psychopy.visual.image.ImageStim'>, anchor=('center', 'center'), autoLog=True, color=array([1., 1., 1.]), colorSpace='rgb', contrast=1.0, depth=-3.0, draggable=False, flipHoriz=False, flipVert=False, image='stim/obj1.png', interpolate=True, mask=None, maskParams=None, name='image_20', opacity=1.0, ori=0.0, pos=array([0.  , 0.23]), size=array([0.15, 0.15]), texRes=128.0, units='height', win=Window(...))
9.7054 	EXP 	window1: mouseVisible = True
9.7146 	EXP 	Created imageInstruct_2 = ImageStim(__class__=<class 'psychopy.visual.image.ImageStim'>, anchor=('center', 'center'), autoLog=True, color=array([1., 1., 1.]), colorSpace='rgb', contrast=1.0, depth=0.0, draggable=False, flipHoriz=False, flipVert=False, image='default.png', interpolate=True, mask=None, maskParams=None, name='imageInstruct_2', opacity=1.0, ori=0.0, pos=array([0., 0.]), size=array([0.96, 0.54]), texRes=128.0, units='height', win=Window(...))
9.7150 	EXP 	window1: mouseVisible = True
9.7151 	EXP 	window1: mouseVisible = True
9.7156 	EXP 	window1: mouseVisible = True
9.7161 	EXP 	window1: mouseVisible = True
9.7320 	EXP 	window1: mouseVisible = True
9.7321 	EXP 	window1: mouseVisible = True
9.7326 	EXP 	window1: mouseVisible = True
9.7330 	EXP 	window1: mouseVisible = True
9.7482 	EXP 	window1: mouseVisible = True
9.7484 	EXP 	window1: mouseVisible = True
9.7486 	EXP 	window1: mouseVisible = True
9.7490 	EXP 	window1: mouseVisible = True
9.7494 	EXP 	window1: mouseVisible = True
9.7530 	EXP 	window1: mouseVisible = True
9.7532 	EXP 	window1: mouseVisible = True
9.7536 	EXP 	window1: mouseVisible = True
9.7540 	EXP 	window1: mouseVisible = True
9.7573 	EXP 	window1: mouseVisible = True
9.7574 	EXP 	window1: mouseVisible = True
9.7701 	EXP 	Created text_12 = TextStim(__class__=<class 'psychopy.visual.text.TextStim'>, alignHoriz=method-wrapper(...), alignText='center', alignVert=method-wrapper(...), anchorHoriz='center', anchorVert='center', antialias=True, autoDraw=False, autoLog=True, bold=False, color=array([1., 1., 1.]), colorSpace='rgb', contrast=1.0, depth=0.0, draggable=False, flipHoriz=False, flipVert=False, font='Open Sans', fontFiles=[], height=0.05, italic=False, languageStyle='LTR', name='text_12', opacity=1.0, ori=0.0, pos=array([0., 0.]), rgb=UNKNOWN, text=str(...), units='height', win=Window(...), wrapWidth=1)
9.7702 	EXP 	window1: mouseVisible = True
9.7859 	EXP 	Created text_13 = TextStim(__class__=<class 'psychopy.visual.text.TextStim'>, alignHoriz=method-wrapper(...), alignText='center', alignVert=method-wrapper(...), anchorHoriz='center', anchorVert='center', antialias=True, autoDraw=False, autoLog=True, bold=False, color=array([1., 1., 1.]), colorSpace='rgb', contrast=1.0, depth=-1.0, draggable=False, flipHoriz=False, flipVert=False, font='Open Sans', fontFiles=[], height=0.05, italic=False, languageStyle='LTR', name='text_13', opacity=1.0, ori=0.0, pos=array([0., 0.]), rgb=UNKNOWN, text=str(...), units='height', win=Window(...), wrapWidth=1)
9.7860 	EXP 	window1: mouseVisible = True
9.8085 	EXP 	Created image_25 = ImageStim(__class__=<class 'psychopy.visual.image.ImageStim'>, anchor=('center', 'center'), autoLog=True, color=array([1., 1., 1.]), colorSpace='rgb', contrast=1.0, depth=-2.0, draggable=False, flipHoriz=False, flipVert=False, image='stim/response_instr.png', interpolate=True, mask=None, maskParams=None, name='image_25', opacity=1.0, ori=0.0, pos=array([0.  , 0.13]), size=array([0.7 , 0.21]), texRes=128.0, units='height', win=Window(...))
9.8086 	EXP 	window1: mouseVisible = True
9.8264 	EXP 	Created text_14 = TextStim(__class__=<class 'psychopy.visual.text.TextStim'>, alignHoriz=method-wrapper(...), alignText='center', alignVert=method-wrapper(...), anchorHoriz='center', anchorVert='center', antialias=True, autoDraw=False, autoLog=True, bold=False, color=array([1., 1., 1.]), colorSpace='rgb', contrast=1.0, depth=-1.0, draggable=False, flipHoriz=False, flipVert=False, font='Open Sans', fontFiles=[], height=0.05, italic=False, languageStyle='LTR', name='text_14', opacity=1.0, ori=0.0, pos=array([0., 0.]), rgb=UNKNOWN, text=str(...), units='height', win=Window(...), wrapWidth=1)
9.8265 	EXP 	window1: mouseVisible = True
9.8484 	EXP 	Created image_24 = ImageStim(__class__=<class 'psychopy.visual.image.ImageStim'>, anchor=('center', 'center'), autoLog=True, color=array([1., 1., 1.]), colorSpace='rgb', contrast=1.0, depth=-2.0, draggable=False, flipHoriz=False, flipVert=False, image='stim/response_instr.png', interpolate=True, mask=None, maskParams=None, name='image_24', opacity=1.0, ori=0.0, pos=array([0.  , 0.13]), size=array([0.7 , 0.21]), texRes=128.0, units='height', win=Window(...))
9.8486 	EXP 	window1: mouseVisible = True
9.8587 	EXP 	Created text_15 = TextStim(__class__=<class 'psychopy.visual.text.TextStim'>, alignHoriz=method-wrapper(...), alignText='center', alignVert=method-wrapper(...), anchorHoriz='center', anchorVert='center', antialias=True, autoDraw=False, autoLog=True, bold=False, color=array([1., 1., 1.]), colorSpace='rgb', contrast=1.0, depth=-1.0, draggable=False, flipHoriz=False, flipVert=False, font='Open Sans', fontFiles=[], height=0.05, italic=False, languageStyle='LTR', name='text_15', opacity=1.0, ori=0.0, pos=array([0., 0.]), rgb=UNKNOWN, text=str(...), units='height', win=Window(...), wrapWidth=1)
9.8588 	EXP 	window1: mouseVisible = True
9.8812 	EXP 	Created image_21 = ImageStim(__class__=<class 'psychopy.visual.image.ImageStim'>, anchor=('center', 'center'), autoLog=True, color=array([1., 1., 1.]), colorSpace='rgb', contrast=1.0, depth=-2.0, draggable=False, flipHoriz=False, flipVert=False, image='stim/response_instr.png', interpolate=True, mask=None, maskParams=None, name='image_21', opacity=1.0, ori=0.0, pos=array([0.  , 0.25]), size=array([0.7 , 0.21]), texRes=128.0, units='height', win=Window(...))
9.8813 	EXP 	window1: mouseVisible = True
9.8893 	EXP 	Created text_5 = TextStim(__class__=<class 'psychopy.visual.text.TextStim'>, alignHoriz=method-wrapper(...), alignText='center', alignVert=method-wrapper(...), anchorHoriz='center', anchorVert='center', antialias=True, autoDraw=False, autoLog=True, bold=False, color=array([1., 1., 1.]), colorSpace='rgb', contrast=1.0, depth=-1.0, draggable=False, flipHoriz=False, flipVert=False, font='Open Sans', fontFiles=[], height=0.05, italic=False, languageStyle='LTR', name='text_5', opacity=1.0, ori=0.0, pos=array([0., 0.]), rgb=UNKNOWN, text=str(...), units='height', win=Window(...), wrapWidth=1)
9.8894 	EXP 	window1: mouseVisible = True
9.8933 	EXP 	Created image_13 = ImageStim(__class__=<class 'psychopy.visual.image.ImageStim'>, anchor=('center', 'center'), autoLog=True, color=array([1., 1., 1.]), colorSpace='rgb', contrast=1.0, depth=-2.0, draggable=False, flipHoriz=False, flipVert=False, image='stim/obj1.png', interpolate=True, mask=None, maskParams=None, name='image_13', opacity=1.0, ori=0.0, pos=array([-0.45,  0.06]), size=array([0.15, 0.15]), texRes=128.0, units='height', win=Window(...))
9.8934 	EXP 	window1: mouseVisible = True
9.8972 	EXP 	Created image_14 = ImageStim(__class__=<class 'psychopy.visual.image.ImageStim'>, anchor=('center', 'center'), autoLog=True, color=array([1., 1., 1.]), colorSpace='rgb', contrast=1.0, depth=-3.0, draggable=False, flipHoriz=False, flipVert=False, image='stim/obj2.png', interpolate=True, mask=None, maskParams=None, name='image_14', opacity=1.0, ori=0.0, pos=array([-0.25,  0.06]), size=array([0.15, 0.15]), texRes=128.0, units='height', win=Window(...))
9.8973 	EXP 	window1: mouseVisible = True
9.9009 	EXP 	Created image_15 = ImageStim(__class__=<class 'psychopy.visual.image.ImageStim'>, anchor=('center', 'center'), autoLog=True, color=array([1., 1., 1.]), colorSpace='rgb', contrast=1.0, depth=-4.0, draggable=False, flipHoriz=False, flipVert=False, image='stim/ori1.png', interpolate=True, mask=None, maskParams=None, name='image_15', opacity=1.0, ori=0.0, pos=array([0.25, 0.06]), size=array([0.15, 0.15]), texRes=128.0, units='height', win=Window(...))
9.9010 	EXP 	window1: mouseVisible = True
9.9045 	EXP 	Created image_16 = ImageStim(__class__=<class 'psychopy.visual.image.ImageStim'>, anchor=('center', 'center'), autoLog=True, color=array([1., 1., 1.]), colorSpace='rgb', contrast=1.0, depth=-5.0, draggable=False, flipHoriz=False, flipVert=False, image='stim/ori2.png', interpolate=True, mask=None, maskParams=None, name='image_16', opacity=1.0, ori=0.0, pos=array([0.45, 0.06]), size=array([0.15, 0.15]), texRes=128.0, units='height', win=Window(...))
9.9047 	EXP 	window1: mouseVisible = True
9.9103 	EXP 	Created text_6 = TextStim(__class__=<class 'psychopy.visual.text.TextStim'>, alignHoriz=method-wrapper(...), alignText='center', alignVert=method-wrapper(...), anchorHoriz='center', anchorVert='center', antialias=True, autoDraw=False, autoLog=True, bold=False, color=array([1., 1., 1.]), colorSpace='rgb', contrast=1.0, depth=-6.0, draggable=False, flipHoriz=False, flipVert=False, font='Open Sans', fontFiles=[], height=0.05, italic=False, languageStyle='LTR', name='text_6', opacity=1.0, ori=0.0, pos=array([-0.4, -0.1]), rgb=UNKNOWN, text='  Which object was it?', units='height', win=Window(...), wrapWidth=1)
9.9104 	EXP 	window1: mouseVisible = True
9.9135 	EXP 	Created text_7 = TextStim(__class__=<class 'psychopy.visual.text.TextStim'>, alignHoriz=method-wrapper(...), alignText='center', alignVert=method-wrapper(...), anchorHoriz='center', anchorVert='center', antialias=True, autoDraw=False, autoLog=True, bold=False, color=array([1., 1., 1.]), colorSpace='rgb', contrast=1.0, depth=-7.0, draggable=False, flipHoriz=False, flipVert=False, font='Open Sans', fontFiles=[], height=0.05, italic=False, languageStyle='LTR', name='text_7', opacity=1.0, ori=0.0, pos=array([ 0.4, -0.1]), rgb=UNKNOWN, text='Which way was it facing?', units='height', win=Window(...), wrapWidth=1)
9.9136 	EXP 	window1: mouseVisible = True
9.9188 	EXP 	Created text = TextStim(__class__=<class 'psychopy.visual.text.TextStim'>, alignHoriz=method-wrapper(...), alignText='center', alignVert=method-wrapper(...), anchorHoriz='center', anchorVert='center', antialias=True, autoDraw=False, autoLog=True, bold=False, color=array([1., 1., 1.]), colorSpace='rgb', contrast=1.0, depth=0.0, draggable=False, flipHoriz=False, flipVert=False, font='Open Sans', fontFiles=[], height=0.05, italic=False, languageStyle='LTR', name='text', opacity=1.0, ori=0.0, pos=array([0., 0.]), rgb=UNKNOWN, text='The experiment will begin soon. Get ready!', units='height', win=Window(...), wrapWidth=1)
9.9189 	EXP 	window1: mouseVisible = True
9.9278 	EXP 	Created cue = ImageStim(__class__=<class 'psychopy.visual.image.ImageStim'>, anchor=('center', 'center'), autoLog=True, color=array([1., 1., 1.]), colorSpace='rgb', contrast=1.0, depth=0.0, draggable=False, flipHoriz=False, flipVert=False, image='default.png', interpolate=True, mask=None, maskParams=None, name='cue', opacity=1.0, ori=0.0, pos=array([0., 0.]), size=array([0.15, 0.15]), texRes=128.0, units='height', win=Window(...))
9.9279 	EXP 	window1: mouseVisible = True
9.9366 	EXP 	Created image = ImageStim(__class__=<class 'psychopy.visual.image.ImageStim'>, anchor=('center', 'center'), autoLog=True, color=array([1., 1., 1.]), colorSpace='rgb', contrast=1.0, depth=0.0, draggable=False, flipHoriz=False, flipVert=False, image='default.png', interpolate=True, mask=None, maskParams=None, name='image', opacity=1.0, ori=0.0, pos=array([0., 0.]), size=array([0.5, 0.5]), texRes=128.0, units='height', win=Window(...))
9.9367 	EXP 	window1: mouseVisible = True
9.9386 	EXP 	Created fixCrossR_2 = ShapeStim(__class__=<class 'psychopy.visual.shape.ShapeStim'>, anchor=('center', 'center'), autoDraw=False, autoLog=True, closeShape=True, color=method-wrapper(...), colorSpace='rgb', contrast=None, depth=-1.0, draggable=False, fillColor=array([-1, -1, -1]), fillColorSpace='rgb', fillRGB=array([-1, -1, -1]), interpolate=True, lineColor=array([-1., -1., -1.]), lineColorSpace='rgb', lineRGB=array([-1, -1, -1]), lineWidth=1.0, name='fixCrossR_2', opacity=1.0, ori=0.0, pos=array([0., 0.]), size=array([0.02, 0.02]), units='height', vertices=ndarray(...), win=Window(...), windingRule=None)
9.9387 	EXP 	window1: mouseVisible = True
9.9404 	EXP 	Created fixCrossR_4 = ShapeStim(__class__=<class 'psychopy.visual.shape.ShapeStim'>, anchor=('center', 'center'), autoDraw=False, autoLog=True, closeShape=True, color=method-wrapper(...), colorSpace='rgb', contrast=None, depth=0.0, draggable=False, fillColor=array([-1, -1, -1]), fillColorSpace='rgb', fillRGB=array([-1, -1, -1]), interpolate=True, lineColor=array([-1., -1., -1.]), lineColorSpace='rgb', lineRGB=array([-1, -1, -1]), lineWidth=1.0, name='fixCrossR_4', opacity=1.0, ori=0.0, pos=array([0., 0.]), size=array([0.02, 0.02]), units='height', vertices=ndarray(...), win=Window(...), windingRule=None)
9.9405 	EXP 	window1: mouseVisible = True
9.9423 	EXP 	Created fixCross = ShapeStim(__class__=<class 'psychopy.visual.shape.ShapeStim'>, anchor=('center', 'center'), autoDraw=False, autoLog=True, closeShape=True, color=method-wrapper(...), colorSpace='rgb', contrast=None, depth=0.0, draggable=False, fillColor=array([1, 1, 1]), fillColorSpace='rgb', fillRGB=array([1, 1, 1]), interpolate=True, lineColor=array([1., 1., 1.]), lineColorSpace='rgb', lineRGB=array([1, 1, 1]), lineWidth=1.0, name='fixCross', opacity=1.0, ori=0.0, pos=array([0., 0.]), size=array([0.02, 0.02]), units='height', vertices=ndarray(...), win=Window(...), windingRule=None)
9.9424 	EXP 	window1: mouseVisible = True
9.9440 	EXP 	Created text1 = TextStim(__class__=<class 'psychopy.visual.text.TextStim'>, alignHoriz=method-wrapper(...), alignText='center', alignVert=method-wrapper(...), anchorHoriz='center', anchorVert='center', antialias=True, autoDraw=False, autoLog=True, bold=False, color=array([1., 1., 1.]), colorSpace='rgb', contrast=1.0, depth=-1.0, draggable=False, flipHoriz=False, flipVert=False, font='Open Sans', fontFiles=[], height=0.05, italic=False, languageStyle='LTR', name='text1', opacity=1.0, ori=0.0, pos=array([-0.5,  0.1]), rgb=UNKNOWN, text='', units='norm', win=Window(...), wrapWidth=1)
9.9441 	EXP 	window1: mouseVisible = True
9.9451 	EXP 	Created text2 = TextStim(__class__=<class 'psychopy.visual.text.TextStim'>, alignHoriz=method-wrapper(...), alignText='center', alignVert=method-wrapper(...), anchorHoriz='center', anchorVert='center', antialias=True, autoDraw=False, autoLog=True, bold=False, color=array([1., 1., 1.]), colorSpace='rgb', contrast=1.0, depth=-2.0, draggable=False, flipHoriz=False, flipVert=False, font='Open Sans', fontFiles=[], height=0.05, italic=False, languageStyle='LTR', name='text2', opacity=1.0, ori=0.0, pos=array([-0.1666,  0.1   ]), rgb=UNKNOWN, text='', units='norm', win=Window(...), wrapWidth=1)
9.9452 	EXP 	window1: mouseVisible = True
9.9462 	EXP 	Created text3 = TextStim(__class__=<class 'psychopy.visual.text.TextStim'>, alignHoriz=method-wrapper(...), alignText='center', alignVert=method-wrapper(...), anchorHoriz='center', anchorVert='center', antialias=True, autoDraw=False, autoLog=True, bold=False, color=array([1., 1., 1.]), colorSpace='rgb', contrast=1.0, depth=-3.0, draggable=False, flipHoriz=False, flipVert=False, font='Open Sans', fontFiles=[], height=0.05, italic=False, languageStyle='LTR', name='text3', opacity=1.0, ori=0.0, pos=array([0.166, 0.1  ]), rgb=UNKNOWN, text='', units='norm', win=Window(...), wrapWidth=1)
9.9462 	EXP 	window1: mouseVisible = True
9.9472 	EXP 	Created text4 = TextStim(__class__=<class 'psychopy.visual.text.TextStim'>, alignHoriz=method-wrapper(...), alignText='center', alignVert=method-wrapper(...), anchorHoriz='center', anchorVert='center', antialias=True, autoDraw=False, autoLog=True, bold=False, color=array([1., 1., 1.]), colorSpace='rgb', contrast=1.0, depth=-4.0, draggable=False, flipHoriz=False, flipVert=False, font='Open Sans', fontFiles=[], height=0.05, italic=False, languageStyle='LTR', name='text4', opacity=1.0, ori=0.0, pos=array([0.5, 0.1]), rgb=UNKNOWN, text='', units='norm', win=Window(...), wrapWidth=1)
9.9473 	EXP 	window1: mouseVisible = True
9.9483 	EXP 	Created text5 = TextStim(__class__=<class 'psychopy.visual.text.TextStim'>, alignHoriz=method-wrapper(...), alignText='center', alignVert=method-wrapper(...), anchorHoriz='center', anchorVert='center', antialias=True, autoDraw=False, autoLog=True, bold=False, color=array([1., 1., 1.]), colorSpace='rgb', contrast=1.0, depth=-5.0, draggable=False, flipHoriz=False, flipVert=False, font='Open Sans', fontFiles=[], height=0.05, italic=False, languageStyle='LTR', name='text5', opacity=1.0, ori=0.0, pos=array([-0.5, -0.1]), rgb=UNKNOWN, text='', units='norm', win=Window(...), wrapWidth=1)
9.9483 	EXP 	window1: mouseVisible = True
9.9493 	EXP 	Created text6 = TextStim(__class__=<class 'psychopy.visual.text.TextStim'>, alignHoriz=method-wrapper(...), alignText='center', alignVert=method-wrapper(...), anchorHoriz='center', anchorVert='center', antialias=True, autoDraw=False, autoLog=True, bold=False, color=array([1., 1., 1.]), colorSpace='rgb', contrast=1.0, depth=-6.0, draggable=False, flipHoriz=False, flipVert=False, font='Open Sans', fontFiles=[], height=0.05, italic=False, languageStyle='LTR', name='text6', opacity=1.0, ori=0.0, pos=array([-0.1666, -0.1   ]), rgb=UNKNOWN, text='', units='norm', win=Window(...), wrapWidth=1)
9.9494 	EXP 	window1: mouseVisible = True
9.9504 	EXP 	Created text7 = TextStim(__class__=<class 'psychopy.visual.text.TextStim'>, alignHoriz=method-wrapper(...), alignText='center', alignVert=method-wrapper(...), anchorHoriz='center', anchorVert='center', antialias=True, autoDraw=False, autoLog=True, bold=False, color=array([1., 1., 1.]), colorSpace='rgb', contrast=1.0, depth=-7.0, draggable=False, flipHoriz=False, flipVert=False, font='Open Sans', fontFiles=[], height=0.05, italic=False, languageStyle='LTR', name='text7', opacity=1.0, ori=0.0, pos=array([ 0.1666, -0.1   ]), rgb=UNKNOWN, text='', units='norm', win=Window(...), wrapWidth=1)
9.9504 	EXP 	window1: mouseVisible = True
9.9514 	EXP 	Created text8 = TextStim(__class__=<class 'psychopy.visual.text.TextStim'>, alignHoriz=method-wrapper(...), alignText='center', alignVert=method-wrapper(...), anchorHoriz='center', anchorVert='center', antialias=True, autoDraw=False, autoLog=True, bold=False, color=array([1., 1., 1.]), colorSpace='rgb', contrast=1.0, depth=-8.0, draggable=False, flipHoriz=False, flipVert=False, font='Open Sans', fontFiles=[], height=0.05, italic=False, languageStyle='LTR', name='text8', opacity=1.0, ori=0.0, pos=array([ 0.5, -0.1]), rgb=UNKNOWN, text='', units='norm', win=Window(...), wrapWidth=1)
9.9515 	EXP 	window1: mouseVisible = True
9.9525 	EXP 	Created num1 = TextStim(__class__=<class 'psychopy.visual.text.TextStim'>, alignHoriz=method-wrapper(...), alignText='center', alignVert=method-wrapper(...), anchorHoriz='center', anchorVert='center', antialias=True, autoDraw=False, autoLog=True, bold=False, color=array([1., 1., 1.]), colorSpace='rgb', contrast=1.0, depth=-10.0, draggable=False, flipHoriz=False, flipVert=False, font='Open Sans', fontFiles=[], height=0.1, italic=False, languageStyle='LTR', name='num1', opacity=1.0, ori=0.0, pos=array([-0.5,  0.3]), rgb=UNKNOWN, text='', units='norm', win=Window(...), wrapWidth=1)
9.9525 	EXP 	window1: mouseVisible = True
9.9535 	EXP 	Created num2 = TextStim(__class__=<class 'psychopy.visual.text.TextStim'>, alignHoriz=method-wrapper(...), alignText='center', alignVert=method-wrapper(...), anchorHoriz='center', anchorVert='center', antialias=True, autoDraw=False, autoLog=True, bold=False, color=array([1., 1., 1.]), colorSpace='rgb', contrast=1.0, depth=-11.0, draggable=False, flipHoriz=False, flipVert=False, font='Open Sans', fontFiles=[], height=0.1, italic=False, languageStyle='LTR', name='num2', opacity=1.0, ori=0.0, pos=array([-0.1666,  0.3   ]), rgb=UNKNOWN, text='', units='norm', win=Window(...), wrapWidth=1)
9.9536 	EXP 	window1: mouseVisible = True
9.9546 	EXP 	Created num3 = TextStim(__class__=<class 'psychopy.visual.text.TextStim'>, alignHoriz=method-wrapper(...), alignText='center', alignVert=method-wrapper(...), anchorHoriz='center', anchorVert='center', antialias=True, autoDraw=False, autoLog=True, bold=False, color=array([1., 1., 1.]), colorSpace='rgb', contrast=1.0, depth=-12.0, draggable=False, flipHoriz=False, flipVert=False, font='Open Sans', fontFiles=[], height=0.1, italic=False, languageStyle='LTR', name='num3', opacity=1.0, ori=0.0, pos=array([0.1666, 0.3   ]), rgb=UNKNOWN, text='', units='norm', win=Window(...), wrapWidth=1)
9.9546 	EXP 	window1: mouseVisible = True
9.9556 	EXP 	Created num4 = TextStim(__class__=<class 'psychopy.visual.text.TextStim'>, alignHoriz=method-wrapper(...), alignText='center', alignVert=method-wrapper(...), anchorHoriz='center', anchorVert='center', antialias=True, autoDraw=False, autoLog=True, bold=False, color=array([1., 1., 1.]), colorSpace='rgb', contrast=1.0, depth=-13.0, draggable=False, flipHoriz=False, flipVert=False, font='Open Sans', fontFiles=[], height=0.1, italic=False, languageStyle='LTR', name='num4', opacity=1.0, ori=0.0, pos=array([0.5, 0.3]), rgb=UNKNOWN, text='', units='norm', win=Window(...), wrapWidth=1)
9.9557 	EXP 	window1: mouseVisible = True
9.9575 	EXP 	Created fixCrossR = ShapeStim(__class__=<class 'psychopy.visual.shape.ShapeStim'>, anchor=('center', 'center'), autoDraw=False, autoLog=True, closeShape=True, color=method-wrapper(...), colorSpace='rgb', contrast=None, depth=0.0, draggable=False, fillColor=array([-1, -1, -1]), fillColorSpace='rgb', fillRGB=array([-1, -1, -1]), interpolate=True, lineColor=array([-1., -1., -1.]), lineColorSpace='rgb', lineRGB=array([-1, -1, -1]), lineWidth=1.0, name='fixCrossR', opacity=1.0, ori=0.0, pos=array([0., 0.]), size=array([0.02, 0.02]), units='height', vertices=ndarray(...), win=Window(...), windingRule=None)
9.9577 	EXP 	window1: mouseVisible = True
9.9630 	EXP 	Created text_17 = TextStim(__class__=<class 'psychopy.visual.text.TextStim'>, alignHoriz=method-wrapper(...), alignText='center', alignVert=method-wrapper(...), anchorHoriz='center', anchorVert='center', antialias=True, autoDraw=False, autoLog=True, bold=False, color=array([1., 1., 1.]), colorSpace='rgb', contrast=1.0, depth=0.0, draggable=False, flipHoriz=False, flipVert=False, font='Open Sans', fontFiles=[], height=0.05, italic=False, languageStyle='LTR', name='text_17', opacity=1.0, ori=0.0, pos=array([0., 0.]), rgb=UNKNOWN, text='End of run, please relax for a moment.', units='height', win=Window(...), wrapWidth=1)
0.0224 	EXP 	Created sequence: random, trialTypes=1, nReps=999, seed=None
0.0252 	EXP 	New trial (rep=0, index=0): None
0.0301 	EXP 	Imported instructions/Instructions_doc.xlsx as conditions, 1 conditions, 1 params
0.0304 	EXP 	Created sequence: sequential, trialTypes=1, nReps=1, seed=None
0.0305 	EXP 	New trial (rep=0, index=0): {'InstructionsFilepath': 'instructions//slide1.png'}
0.1323 	EXP 	imageInstruct: image = 'instructions//slide1.png'
0.1323 	EXP 	imageInstruct: autoDraw = True
1.0688 	DATA 	Mouse: Left button down, pos=(1546,1080)
1.1200 	EXP 	New trial (rep=1, index=0): None
1.1252 	EXP 	Imported instructions/Instructions_doc.xlsx as conditions, 1 conditions, 1 params
1.1255 	EXP 	Created sequence: sequential, trialTypes=1, nReps=1, seed=None
1.1258 	EXP 	New trial (rep=0, index=0): {'InstructionsFilepath': 'instructions//slide2.png'}
1.2013 	DATA 	Mouse:  Left button up, pos=(1546,1080)
1.2159 	EXP 	imageInstruct: autoDraw = False
1.2159 	EXP 	imageInstruct: image = 'instructions//slide2.png'
1.2159 	EXP 	imageInstruct: autoDraw = True
1.4165 	DATA 	Mouse: Left button down, pos=(1546,1080)
1.4601 	EXP 	New trial (rep=2, index=0): None
1.4645 	EXP 	Imported instructions/Instructions_doc.xlsx as conditions, 1 conditions, 1 params
1.4648 	EXP 	Created sequence: sequential, trialTypes=1, nReps=1, seed=None
1.4650 	EXP 	New trial (rep=0, index=0): {'InstructionsFilepath': 'instructions//slide3.png'}
1.5621 	DATA 	Mouse:  Left button up, pos=(1546,1080)
1.5843 	EXP 	imageInstruct: autoDraw = False
1.5843 	EXP 	imageInstruct: image = 'instructions//slide3.png'
1.5843 	EXP 	imageInstruct: autoDraw = True
1.7199 	DATA 	Mouse: Left button down, pos=(1546,1080)
1.7790 	EXP 	New trial (rep=3, index=0): None
1.7834 	EXP 	Imported instructions/Instructions_doc.xlsx as conditions, 1 conditions, 1 params
1.7837 	EXP 	Created sequence: sequential, trialTypes=1, nReps=1, seed=None
1.7838 	EXP 	New trial (rep=0, index=0): {'InstructionsFilepath': 'instructions//slide4.png'}
1.8790 	DATA 	Mouse:  Left button up, pos=(1546,1080)
1.9010 	EXP 	imageInstruct: autoDraw = False
1.9010 	EXP 	imageInstruct: image = 'instructions//slide4.png'
1.9010 	EXP 	imageInstruct: autoDraw = True
4.4201 	DATA 	Keypress: escape
4.6664 	EXP 	pilotv2: status = STOPPED
4.6822 	EXP 	imageInstruct: autoDraw = False
4.6824 	EXP 	pilotv2: status = STOPPED
4.7803 	EXP 	window1: mouseVisible = True
