2.5440 	ERROR 	Support for the `sounddevice` audio backend is not available this session. Please install `psychopy-sounddevice` and restart the session to enable support.
11.1447 	WARNING 	User requested fullscreen with size [1536  864], but screen is actually [1920, 1080]. Using actual size
11.9174 	EXP 	Created window1 = Window(allowGUI=True, allowStencil=False, autoLog=True, backendConf=UNKNOWN, backgroundFit=<method-wrapper '__getattribute__' of attributeSetter object at 0x000001EF2B625E50>, backgroundImage=<method-wrapper '__getattribute__' of attributeSetter object at 0x000001EF2B625DF0>, bitsMode=UNKNOWN, blendMode='avg', bpc=(8, 8, 8), color=array([-0.4039, -0.4039, -0.4039]), colorSpace='rgb', depthBits=8, fullscr=<method-wrapper '__getattribute__' of attributeSetter object at 0x000001EF2B625C10>, gamma=None, gammaErrorPolicy='raise', lms=UNKNOWN, monitor=<psychopy.monitors.calibTools.Monitor object at 0x000001EF2BB56DC0>, multiSample=False, name='window1', numSamples=2, pos=(0, 0), screen=0, size=array([1920, 1080]), stencilBits=0, stereo=False, title='PsychoPy', units='height', useFBO=True, useRetina=False, viewOri=0.0, viewPos=None, viewScale=None, waitBlanking=True, winType='pyglet')
11.9174 	EXP 	window1: mouseVisible = True
11.9175 	EXP 	window1: backgroundImage = ''
11.9175 	EXP 	window1: backgroundFit = 'none'
11.9191 	EXP 	window1: Attempting to measure frame rate of screen (0) ...
11.9191 	EXP 	window1: recordFrameIntervals = False
12.0834 	EXP 	window1: recordFrameIntervals = True
12.2675 	EXP 	Screen (0) actual frame rate measured at 60.12Hz
12.2676 	EXP 	window1: recordFrameIntervals = False
12.2677 	EXP 	window1: mouseVisible = False
14.3882 	EXP 	pilotv2: status = STARTED
14.3886 	EXP 	window1: mouseVisible = True
14.3986 	EXP 	Created imageInstruct = ImageStim(__class__=<class 'psychopy.visual.image.ImageStim'>, anchor=('center', 'center'), autoLog=True, color=array([1., 1., 1.]), colorSpace='rgb', contrast=1.0, depth=0.0, draggable=False, flipHoriz=False, flipVert=False, image='default.png', interpolate=True, mask=None, maskParams=None, name='imageInstruct', opacity=1.0, ori=0.0, pos=array([0., 0.]), size=array([2.   , 1.259]), texRes=128.0, units='height', win=Window(...))
14.3989 	EXP 	window1: mouseVisible = True
14.3990 	EXP 	window1: mouseVisible = True
14.3995 	EXP 	window1: mouseVisible = True
14.3999 	EXP 	window1: mouseVisible = True
14.4215 	EXP 	window1: mouseVisible = True
14.4217 	EXP 	window1: mouseVisible = True
14.4221 	EXP 	window1: mouseVisible = True
14.4226 	EXP 	window1: mouseVisible = True
14.4407 	EXP 	window1: mouseVisible = True
14.4410 	EXP 	window1: mouseVisible = True
14.4411 	EXP 	window1: mouseVisible = True
14.4416 	EXP 	window1: mouseVisible = True
14.4420 	EXP 	window1: mouseVisible = True
14.4585 	EXP 	window1: mouseVisible = True
14.4587 	EXP 	window1: mouseVisible = True
14.4591 	EXP 	window1: mouseVisible = True
14.4596 	EXP 	window1: mouseVisible = True
14.4630 	EXP 	window1: mouseVisible = True
14.4632 	EXP 	window1: mouseVisible = True
14.5295 	EXP 	Created text_8 = TextStim(__class__=<class 'psychopy.visual.text.TextStim'>, alignHoriz=method-wrapper(...), alignText='center', alignVert=method-wrapper(...), anchorHoriz='center', anchorVert='center', antialias=True, autoDraw=False, autoLog=True, bold=False, color=array([1., 1., 1.]), colorSpace='rgb', contrast=1.0, depth=0.0, draggable=False, flipHoriz=False, flipVert=False, font='Open Sans', fontFiles=[], height=0.05, italic=False, languageStyle='LTR', name='text_8', opacity=1.0, ori=0.0, pos=array([0., 0.]), rgb=UNKNOWN, text=str(...), units='height', win=Window(...), wrapWidth=1)
14.5298 	EXP 	window1: mouseVisible = True
14.5299 	EXP 	window1: mouseVisible = True
14.5304 	EXP 	window1: mouseVisible = True
14.5308 	EXP 	window1: mouseVisible = True
14.5554 	EXP 	window1: mouseVisible = True
14.5556 	EXP 	window1: mouseVisible = True
14.5560 	EXP 	window1: mouseVisible = True
14.5565 	EXP 	window1: mouseVisible = True
14.5671 	EXP 	window1: mouseVisible = True
14.5673 	EXP 	window1: mouseVisible = True
14.5675 	EXP 	window1: mouseVisible = True
14.5679 	EXP 	window1: mouseVisible = True
14.5683 	EXP 	window1: mouseVisible = True
14.5771 	EXP 	window1: mouseVisible = True
14.5772 	EXP 	window1: mouseVisible = True
14.5777 	EXP 	window1: mouseVisible = True
14.5781 	EXP 	window1: mouseVisible = True
14.5816 	EXP 	window1: mouseVisible = True
14.5817 	EXP 	window1: mouseVisible = True
14.5855 	EXP 	Created image_17 = ImageStim(__class__=<class 'psychopy.visual.image.ImageStim'>, anchor=('center', 'center'), autoLog=True, color=array([1., 1., 1.]), colorSpace='rgb', contrast=1.0, depth=-3.0, draggable=False, flipHoriz=False, flipVert=False, image='stim/ori1.png', interpolate=True, mask=None, maskParams=None, name='image_17', opacity=1.0, ori=0.0, pos=array([0.  , 0.23]), size=array([0.15, 0.15]), texRes=128.0, units='height', win=Window(...))
14.5856 	EXP 	window1: mouseVisible = True
14.5904 	EXP 	Created text_9 = TextStim(__class__=<class 'psychopy.visual.text.TextStim'>, alignHoriz=method-wrapper(...), alignText='center', alignVert=method-wrapper(...), anchorHoriz='center', anchorVert='center', antialias=True, autoDraw=False, autoLog=True, bold=False, color=array([1., 1., 1.]), colorSpace='rgb', contrast=1.0, depth=0.0, draggable=False, flipHoriz=False, flipVert=False, font='Open Sans', fontFiles=[], height=0.05, italic=False, languageStyle='LTR', name='text_9', opacity=1.0, ori=0.0, pos=array([0., 0.]), rgb=UNKNOWN, text=str(...), units='height', win=Window(...), wrapWidth=1)
14.5906 	EXP 	window1: mouseVisible = True
14.5908 	EXP 	window1: mouseVisible = True
14.5912 	EXP 	window1: mouseVisible = True
14.5917 	EXP 	window1: mouseVisible = True
14.5957 	EXP 	window1: mouseVisible = True
14.5958 	EXP 	window1: mouseVisible = True
14.5963 	EXP 	window1: mouseVisible = True
14.5967 	EXP 	window1: mouseVisible = True
14.6002 	EXP 	window1: mouseVisible = True
14.6004 	EXP 	window1: mouseVisible = True
14.6005 	EXP 	window1: mouseVisible = True
14.6010 	EXP 	window1: mouseVisible = True
14.6014 	EXP 	window1: mouseVisible = True
14.6053 	EXP 	window1: mouseVisible = True
14.6055 	EXP 	window1: mouseVisible = True
14.6059 	EXP 	window1: mouseVisible = True
14.6064 	EXP 	window1: mouseVisible = True
14.6097 	EXP 	window1: mouseVisible = True
14.6098 	EXP 	window1: mouseVisible = True
14.6138 	EXP 	Created image_18 = ImageStim(__class__=<class 'psychopy.visual.image.ImageStim'>, anchor=('center', 'center'), autoLog=True, color=array([1., 1., 1.]), colorSpace='rgb', contrast=1.0, depth=-3.0, draggable=False, flipHoriz=False, flipVert=False, image='stim/obj2.png', interpolate=True, mask=None, maskParams=None, name='image_18', opacity=1.0, ori=0.0, pos=array([0.  , 0.23]), size=array([0.15, 0.15]), texRes=128.0, units='height', win=Window(...))
14.6140 	EXP 	window1: mouseVisible = True
14.6189 	EXP 	Created text_10 = TextStim(__class__=<class 'psychopy.visual.text.TextStim'>, alignHoriz=method-wrapper(...), alignText='center', alignVert=method-wrapper(...), anchorHoriz='center', anchorVert='center', antialias=True, autoDraw=False, autoLog=True, bold=False, color=array([1., 1., 1.]), colorSpace='rgb', contrast=1.0, depth=0.0, draggable=False, flipHoriz=False, flipVert=False, font='Open Sans', fontFiles=[], height=0.05, italic=False, languageStyle='LTR', name='text_10', opacity=1.0, ori=0.0, pos=array([0., 0.]), rgb=UNKNOWN, text=str(...), units='height', win=Window(...), wrapWidth=1)
14.6191 	EXP 	window1: mouseVisible = True
14.6193 	EXP 	window1: mouseVisible = True
14.6197 	EXP 	window1: mouseVisible = True
14.6201 	EXP 	window1: mouseVisible = True
14.6241 	EXP 	window1: mouseVisible = True
14.6242 	EXP 	window1: mouseVisible = True
14.6247 	EXP 	window1: mouseVisible = True
14.6251 	EXP 	window1: mouseVisible = True
14.6285 	EXP 	window1: mouseVisible = True
14.6287 	EXP 	window1: mouseVisible = True
14.6289 	EXP 	window1: mouseVisible = True
14.6293 	EXP 	window1: mouseVisible = True
14.6297 	EXP 	window1: mouseVisible = True
14.6336 	EXP 	window1: mouseVisible = True
14.6338 	EXP 	window1: mouseVisible = True
14.6342 	EXP 	window1: mouseVisible = True
14.6346 	EXP 	window1: mouseVisible = True
14.6380 	EXP 	window1: mouseVisible = True
14.6381 	EXP 	window1: mouseVisible = True
14.6423 	EXP 	Created image_19 = ImageStim(__class__=<class 'psychopy.visual.image.ImageStim'>, anchor=('center', 'center'), autoLog=True, color=array([1., 1., 1.]), colorSpace='rgb', contrast=1.0, depth=-3.0, draggable=False, flipHoriz=False, flipVert=False, image='stim/ori2.png', interpolate=True, mask=None, maskParams=None, name='image_19', opacity=1.0, ori=0.0, pos=array([0.  , 0.23]), size=array([0.15, 0.15]), texRes=128.0, units='height', win=Window(...))
14.6424 	EXP 	window1: mouseVisible = True
14.6472 	EXP 	Created text_11 = TextStim(__class__=<class 'psychopy.visual.text.TextStim'>, alignHoriz=method-wrapper(...), alignText='center', alignVert=method-wrapper(...), anchorHoriz='center', anchorVert='center', antialias=True, autoDraw=False, autoLog=True, bold=False, color=array([1., 1., 1.]), colorSpace='rgb', contrast=1.0, depth=0.0, draggable=False, flipHoriz=False, flipVert=False, font='Open Sans', fontFiles=[], height=0.05, italic=False, languageStyle='LTR', name='text_11', opacity=1.0, ori=0.0, pos=array([0., 0.]), rgb=UNKNOWN, text=str(...), units='height', win=Window(...), wrapWidth=1)
14.6474 	EXP 	window1: mouseVisible = True
14.6475 	EXP 	window1: mouseVisible = True
14.6480 	EXP 	window1: mouseVisible = True
14.6484 	EXP 	window1: mouseVisible = True
14.6525 	EXP 	window1: mouseVisible = True
14.6526 	EXP 	window1: mouseVisible = True
14.6530 	EXP 	window1: mouseVisible = True
14.6535 	EXP 	window1: mouseVisible = True
14.6569 	EXP 	window1: mouseVisible = True
14.6571 	EXP 	window1: mouseVisible = True
14.6573 	EXP 	window1: mouseVisible = True
14.6579 	EXP 	window1: mouseVisible = True
14.6585 	EXP 	window1: mouseVisible = True
14.6631 	EXP 	window1: mouseVisible = True
14.6633 	EXP 	window1: mouseVisible = True
14.6638 	EXP 	window1: mouseVisible = True
14.6642 	EXP 	window1: mouseVisible = True
14.6677 	EXP 	window1: mouseVisible = True
14.6678 	EXP 	window1: mouseVisible = True
14.6721 	EXP 	Created image_20 = ImageStim(__class__=<class 'psychopy.visual.image.ImageStim'>, anchor=('center', 'center'), autoLog=True, color=array([1., 1., 1.]), colorSpace='rgb', contrast=1.0, depth=-3.0, draggable=False, flipHoriz=False, flipVert=False, image='stim/obj1.png', interpolate=True, mask=None, maskParams=None, name='image_20', opacity=1.0, ori=0.0, pos=array([0.  , 0.23]), size=array([0.15, 0.15]), texRes=128.0, units='height', win=Window(...))
14.6723 	EXP 	window1: mouseVisible = True
14.6841 	EXP 	Created imageInstruct_2 = ImageStim(__class__=<class 'psychopy.visual.image.ImageStim'>, anchor=('center', 'center'), autoLog=True, color=array([1., 1., 1.]), colorSpace='rgb', contrast=1.0, depth=0.0, draggable=False, flipHoriz=False, flipVert=False, image='default.png', interpolate=True, mask=None, maskParams=None, name='imageInstruct_2', opacity=1.0, ori=0.0, pos=array([0., 0.]), size=array([0.96, 0.54]), texRes=128.0, units='height', win=Window(...))
14.6846 	EXP 	window1: mouseVisible = True
14.6848 	EXP 	window1: mouseVisible = True
14.6855 	EXP 	window1: mouseVisible = True
14.6860 	EXP 	window1: mouseVisible = True
14.7094 	EXP 	window1: mouseVisible = True
14.7095 	EXP 	window1: mouseVisible = True
14.7100 	EXP 	window1: mouseVisible = True
14.7104 	EXP 	window1: mouseVisible = True
14.7334 	EXP 	window1: mouseVisible = True
14.7336 	EXP 	window1: mouseVisible = True
14.7338 	EXP 	window1: mouseVisible = True
14.7342 	EXP 	window1: mouseVisible = True
14.7346 	EXP 	window1: mouseVisible = True
14.7384 	EXP 	window1: mouseVisible = True
14.7386 	EXP 	window1: mouseVisible = True
14.7390 	EXP 	window1: mouseVisible = True
14.7395 	EXP 	window1: mouseVisible = True
14.7429 	EXP 	window1: mouseVisible = True
14.7430 	EXP 	window1: mouseVisible = True
14.7573 	EXP 	Created text_12 = TextStim(__class__=<class 'psychopy.visual.text.TextStim'>, alignHoriz=method-wrapper(...), alignText='center', alignVert=method-wrapper(...), anchorHoriz='center', anchorVert='center', antialias=True, autoDraw=False, autoLog=True, bold=False, color=array([1., 1., 1.]), colorSpace='rgb', contrast=1.0, depth=0.0, draggable=False, flipHoriz=False, flipVert=False, font='Open Sans', fontFiles=[], height=0.05, italic=False, languageStyle='LTR', name='text_12', opacity=1.0, ori=0.0, pos=array([0., 0.]), rgb=UNKNOWN, text=str(...), units='height', win=Window(...), wrapWidth=1)
14.7575 	EXP 	window1: mouseVisible = True
14.7726 	EXP 	Created text_13 = TextStim(__class__=<class 'psychopy.visual.text.TextStim'>, alignHoriz=method-wrapper(...), alignText='center', alignVert=method-wrapper(...), anchorHoriz='center', anchorVert='center', antialias=True, autoDraw=False, autoLog=True, bold=False, color=array([1., 1., 1.]), colorSpace='rgb', contrast=1.0, depth=-1.0, draggable=False, flipHoriz=False, flipVert=False, font='Open Sans', fontFiles=[], height=0.05, italic=False, languageStyle='LTR', name='text_13', opacity=1.0, ori=0.0, pos=array([0., 0.]), rgb=UNKNOWN, text=str(...), units='height', win=Window(...), wrapWidth=1)
14.7727 	EXP 	window1: mouseVisible = True
14.7955 	EXP 	Created image_25 = ImageStim(__class__=<class 'psychopy.visual.image.ImageStim'>, anchor=('center', 'center'), autoLog=True, color=array([1., 1., 1.]), colorSpace='rgb', contrast=1.0, depth=-2.0, draggable=False, flipHoriz=False, flipVert=False, image='stim/response_instr.png', interpolate=True, mask=None, maskParams=None, name='image_25', opacity=1.0, ori=0.0, pos=array([0.  , 0.13]), size=array([0.7 , 0.21]), texRes=128.0, units='height', win=Window(...))
14.7956 	EXP 	window1: mouseVisible = True
14.8130 	EXP 	Created text_14 = TextStim(__class__=<class 'psychopy.visual.text.TextStim'>, alignHoriz=method-wrapper(...), alignText='center', alignVert=method-wrapper(...), anchorHoriz='center', anchorVert='center', antialias=True, autoDraw=False, autoLog=True, bold=False, color=array([1., 1., 1.]), colorSpace='rgb', contrast=1.0, depth=-1.0, draggable=False, flipHoriz=False, flipVert=False, font='Open Sans', fontFiles=[], height=0.05, italic=False, languageStyle='LTR', name='text_14', opacity=1.0, ori=0.0, pos=array([0., 0.]), rgb=UNKNOWN, text=str(...), units='height', win=Window(...), wrapWidth=1)
14.8131 	EXP 	window1: mouseVisible = True
14.8345 	EXP 	Created image_24 = ImageStim(__class__=<class 'psychopy.visual.image.ImageStim'>, anchor=('center', 'center'), autoLog=True, color=array([1., 1., 1.]), colorSpace='rgb', contrast=1.0, depth=-2.0, draggable=False, flipHoriz=False, flipVert=False, image='stim/response_instr.png', interpolate=True, mask=None, maskParams=None, name='image_24', opacity=1.0, ori=0.0, pos=array([0.  , 0.13]), size=array([0.7 , 0.21]), texRes=128.0, units='height', win=Window(...))
14.8347 	EXP 	window1: mouseVisible = True
14.8451 	EXP 	Created text_15 = TextStim(__class__=<class 'psychopy.visual.text.TextStim'>, alignHoriz=method-wrapper(...), alignText='center', alignVert=method-wrapper(...), anchorHoriz='center', anchorVert='center', antialias=True, autoDraw=False, autoLog=True, bold=False, color=array([1., 1., 1.]), colorSpace='rgb', contrast=1.0, depth=-1.0, draggable=False, flipHoriz=False, flipVert=False, font='Open Sans', fontFiles=[], height=0.05, italic=False, languageStyle='LTR', name='text_15', opacity=1.0, ori=0.0, pos=array([0., 0.]), rgb=UNKNOWN, text=str(...), units='height', win=Window(...), wrapWidth=1)
14.8452 	EXP 	window1: mouseVisible = True
14.8664 	EXP 	Created image_21 = ImageStim(__class__=<class 'psychopy.visual.image.ImageStim'>, anchor=('center', 'center'), autoLog=True, color=array([1., 1., 1.]), colorSpace='rgb', contrast=1.0, depth=-2.0, draggable=False, flipHoriz=False, flipVert=False, image='stim/response_instr.png', interpolate=True, mask=None, maskParams=None, name='image_21', opacity=1.0, ori=0.0, pos=array([0.  , 0.25]), size=array([0.7 , 0.21]), texRes=128.0, units='height', win=Window(...))
14.8665 	EXP 	window1: mouseVisible = True
14.8734 	EXP 	Created text_5 = TextStim(__class__=<class 'psychopy.visual.text.TextStim'>, alignHoriz=method-wrapper(...), alignText='center', alignVert=method-wrapper(...), anchorHoriz='center', anchorVert='center', antialias=True, autoDraw=False, autoLog=True, bold=False, color=array([1., 1., 1.]), colorSpace='rgb', contrast=1.0, depth=-1.0, draggable=False, flipHoriz=False, flipVert=False, font='Open Sans', fontFiles=[], height=0.05, italic=False, languageStyle='LTR', name='text_5', opacity=1.0, ori=0.0, pos=array([0., 0.]), rgb=UNKNOWN, text=str(...), units='height', win=Window(...), wrapWidth=1)
14.8736 	EXP 	window1: mouseVisible = True
14.8775 	EXP 	Created image_13 = ImageStim(__class__=<class 'psychopy.visual.image.ImageStim'>, anchor=('center', 'center'), autoLog=True, color=array([1., 1., 1.]), colorSpace='rgb', contrast=1.0, depth=-2.0, draggable=False, flipHoriz=False, flipVert=False, image='stim/obj1.png', interpolate=True, mask=None, maskParams=None, name='image_13', opacity=1.0, ori=0.0, pos=array([-0.45,  0.06]), size=array([0.15, 0.15]), texRes=128.0, units='height', win=Window(...))
14.8776 	EXP 	window1: mouseVisible = True
14.8815 	EXP 	Created image_14 = ImageStim(__class__=<class 'psychopy.visual.image.ImageStim'>, anchor=('center', 'center'), autoLog=True, color=array([1., 1., 1.]), colorSpace='rgb', contrast=1.0, depth=-3.0, draggable=False, flipHoriz=False, flipVert=False, image='stim/obj2.png', interpolate=True, mask=None, maskParams=None, name='image_14', opacity=1.0, ori=0.0, pos=array([-0.25,  0.06]), size=array([0.15, 0.15]), texRes=128.0, units='height', win=Window(...))
14.8817 	EXP 	window1: mouseVisible = True
14.8854 	EXP 	Created image_15 = ImageStim(__class__=<class 'psychopy.visual.image.ImageStim'>, anchor=('center', 'center'), autoLog=True, color=array([1., 1., 1.]), colorSpace='rgb', contrast=1.0, depth=-4.0, draggable=False, flipHoriz=False, flipVert=False, image='stim/ori1.png', interpolate=True, mask=None, maskParams=None, name='image_15', opacity=1.0, ori=0.0, pos=array([0.25, 0.06]), size=array([0.15, 0.15]), texRes=128.0, units='height', win=Window(...))
14.8855 	EXP 	window1: mouseVisible = True
14.8891 	EXP 	Created image_16 = ImageStim(__class__=<class 'psychopy.visual.image.ImageStim'>, anchor=('center', 'center'), autoLog=True, color=array([1., 1., 1.]), colorSpace='rgb', contrast=1.0, depth=-5.0, draggable=False, flipHoriz=False, flipVert=False, image='stim/ori2.png', interpolate=True, mask=None, maskParams=None, name='image_16', opacity=1.0, ori=0.0, pos=array([0.45, 0.06]), size=array([0.15, 0.15]), texRes=128.0, units='height', win=Window(...))
14.8892 	EXP 	window1: mouseVisible = True
14.8946 	EXP 	Created text_6 = TextStim(__class__=<class 'psychopy.visual.text.TextStim'>, alignHoriz=method-wrapper(...), alignText='center', alignVert=method-wrapper(...), anchorHoriz='center', anchorVert='center', antialias=True, autoDraw=False, autoLog=True, bold=False, color=array([1., 1., 1.]), colorSpace='rgb', contrast=1.0, depth=-6.0, draggable=False, flipHoriz=False, flipVert=False, font='Open Sans', fontFiles=[], height=0.05, italic=False, languageStyle='LTR', name='text_6', opacity=1.0, ori=0.0, pos=array([-0.4, -0.1]), rgb=UNKNOWN, text='  Which object was it?', units='height', win=Window(...), wrapWidth=1)
14.8948 	EXP 	window1: mouseVisible = True
14.8980 	EXP 	Created text_7 = TextStim(__class__=<class 'psychopy.visual.text.TextStim'>, alignHoriz=method-wrapper(...), alignText='center', alignVert=method-wrapper(...), anchorHoriz='center', anchorVert='center', antialias=True, autoDraw=False, autoLog=True, bold=False, color=array([1., 1., 1.]), colorSpace='rgb', contrast=1.0, depth=-7.0, draggable=False, flipHoriz=False, flipVert=False, font='Open Sans', fontFiles=[], height=0.05, italic=False, languageStyle='LTR', name='text_7', opacity=1.0, ori=0.0, pos=array([ 0.4, -0.1]), rgb=UNKNOWN, text='Which way was it facing?', units='height', win=Window(...), wrapWidth=1)
14.8981 	EXP 	window1: mouseVisible = True
14.9032 	EXP 	Created text = TextStim(__class__=<class 'psychopy.visual.text.TextStim'>, alignHoriz=method-wrapper(...), alignText='center', alignVert=method-wrapper(...), anchorHoriz='center', anchorVert='center', antialias=True, autoDraw=False, autoLog=True, bold=False, color=array([1., 1., 1.]), colorSpace='rgb', contrast=1.0, depth=0.0, draggable=False, flipHoriz=False, flipVert=False, font='Open Sans', fontFiles=[], height=0.05, italic=False, languageStyle='LTR', name='text', opacity=1.0, ori=0.0, pos=array([0., 0.]), rgb=UNKNOWN, text='The experiment will begin soon. Get ready!', units='height', win=Window(...), wrapWidth=1)
14.9033 	EXP 	window1: mouseVisible = True
14.9120 	EXP 	Created cue = ImageStim(__class__=<class 'psychopy.visual.image.ImageStim'>, anchor=('center', 'center'), autoLog=True, color=array([1., 1., 1.]), colorSpace='rgb', contrast=1.0, depth=0.0, draggable=False, flipHoriz=False, flipVert=False, image='default.png', interpolate=True, mask=None, maskParams=None, name='cue', opacity=1.0, ori=0.0, pos=array([0., 0.]), size=array([0.15, 0.15]), texRes=128.0, units='height', win=Window(...))
14.9121 	EXP 	window1: mouseVisible = True
14.9208 	EXP 	Created image = ImageStim(__class__=<class 'psychopy.visual.image.ImageStim'>, anchor=('center', 'center'), autoLog=True, color=array([1., 1., 1.]), colorSpace='rgb', contrast=1.0, depth=0.0, draggable=False, flipHoriz=False, flipVert=False, image='default.png', interpolate=True, mask=None, maskParams=None, name='image', opacity=1.0, ori=0.0, pos=array([0., 0.]), size=array([0.5, 0.5]), texRes=128.0, units='height', win=Window(...))
14.9209 	EXP 	window1: mouseVisible = True
14.9229 	EXP 	Created fixCrossR_2 = ShapeStim(__class__=<class 'psychopy.visual.shape.ShapeStim'>, anchor=('center', 'center'), autoDraw=False, autoLog=True, closeShape=True, color=method-wrapper(...), colorSpace='rgb', contrast=None, depth=-1.0, draggable=False, fillColor=array([-1, -1, -1]), fillColorSpace='rgb', fillRGB=array([-1, -1, -1]), interpolate=True, lineColor=array([-1., -1., -1.]), lineColorSpace='rgb', lineRGB=array([-1, -1, -1]), lineWidth=1.0, name='fixCrossR_2', opacity=1.0, ori=0.0, pos=array([0., 0.]), size=array([0.02, 0.02]), units='height', vertices=ndarray(...), win=Window(...), windingRule=None)
14.9230 	EXP 	window1: mouseVisible = True
14.9247 	EXP 	Created fixCrossR_4 = ShapeStim(__class__=<class 'psychopy.visual.shape.ShapeStim'>, anchor=('center', 'center'), autoDraw=False, autoLog=True, closeShape=True, color=method-wrapper(...), colorSpace='rgb', contrast=None, depth=0.0, draggable=False, fillColor=array([-1, -1, -1]), fillColorSpace='rgb', fillRGB=array([-1, -1, -1]), interpolate=True, lineColor=array([-1., -1., -1.]), lineColorSpace='rgb', lineRGB=array([-1, -1, -1]), lineWidth=1.0, name='fixCrossR_4', opacity=1.0, ori=0.0, pos=array([0., 0.]), size=array([0.02, 0.02]), units='height', vertices=ndarray(...), win=Window(...), windingRule=None)
14.9248 	EXP 	window1: mouseVisible = True
14.9267 	EXP 	Created fixCross = ShapeStim(__class__=<class 'psychopy.visual.shape.ShapeStim'>, anchor=('center', 'center'), autoDraw=False, autoLog=True, closeShape=True, color=method-wrapper(...), colorSpace='rgb', contrast=None, depth=0.0, draggable=False, fillColor=array([1, 1, 1]), fillColorSpace='rgb', fillRGB=array([1, 1, 1]), interpolate=True, lineColor=array([1., 1., 1.]), lineColorSpace='rgb', lineRGB=array([1, 1, 1]), lineWidth=1.0, name='fixCross', opacity=1.0, ori=0.0, pos=array([0., 0.]), size=array([0.02, 0.02]), units='height', vertices=ndarray(...), win=Window(...), windingRule=None)
14.9268 	EXP 	window1: mouseVisible = True
14.9285 	EXP 	Created text1 = TextStim(__class__=<class 'psychopy.visual.text.TextStim'>, alignHoriz=method-wrapper(...), alignText='center', alignVert=method-wrapper(...), anchorHoriz='center', anchorVert='center', antialias=True, autoDraw=False, autoLog=True, bold=False, color=array([1., 1., 1.]), colorSpace='rgb', contrast=1.0, depth=-1.0, draggable=False, flipHoriz=False, flipVert=False, font='Open Sans', fontFiles=[], height=0.05, italic=False, languageStyle='LTR', name='text1', opacity=1.0, ori=0.0, pos=array([-0.5,  0.1]), rgb=UNKNOWN, text='', units='norm', win=Window(...), wrapWidth=1)
14.9286 	EXP 	window1: mouseVisible = True
14.9296 	EXP 	Created text2 = TextStim(__class__=<class 'psychopy.visual.text.TextStim'>, alignHoriz=method-wrapper(...), alignText='center', alignVert=method-wrapper(...), anchorHoriz='center', anchorVert='center', antialias=True, autoDraw=False, autoLog=True, bold=False, color=array([1., 1., 1.]), colorSpace='rgb', contrast=1.0, depth=-2.0, draggable=False, flipHoriz=False, flipVert=False, font='Open Sans', fontFiles=[], height=0.05, italic=False, languageStyle='LTR', name='text2', opacity=1.0, ori=0.0, pos=array([-0.1666,  0.1   ]), rgb=UNKNOWN, text='', units='norm', win=Window(...), wrapWidth=1)
14.9297 	EXP 	window1: mouseVisible = True
14.9307 	EXP 	Created text3 = TextStim(__class__=<class 'psychopy.visual.text.TextStim'>, alignHoriz=method-wrapper(...), alignText='center', alignVert=method-wrapper(...), anchorHoriz='center', anchorVert='center', antialias=True, autoDraw=False, autoLog=True, bold=False, color=array([1., 1., 1.]), colorSpace='rgb', contrast=1.0, depth=-3.0, draggable=False, flipHoriz=False, flipVert=False, font='Open Sans', fontFiles=[], height=0.05, italic=False, languageStyle='LTR', name='text3', opacity=1.0, ori=0.0, pos=array([0.166, 0.1  ]), rgb=UNKNOWN, text='', units='norm', win=Window(...), wrapWidth=1)
14.9308 	EXP 	window1: mouseVisible = True
14.9318 	EXP 	Created text4 = TextStim(__class__=<class 'psychopy.visual.text.TextStim'>, alignHoriz=method-wrapper(...), alignText='center', alignVert=method-wrapper(...), anchorHoriz='center', anchorVert='center', antialias=True, autoDraw=False, autoLog=True, bold=False, color=array([1., 1., 1.]), colorSpace='rgb', contrast=1.0, depth=-4.0, draggable=False, flipHoriz=False, flipVert=False, font='Open Sans', fontFiles=[], height=0.05, italic=False, languageStyle='LTR', name='text4', opacity=1.0, ori=0.0, pos=array([0.5, 0.1]), rgb=UNKNOWN, text='', units='norm', win=Window(...), wrapWidth=1)
14.9319 	EXP 	window1: mouseVisible = True
14.9329 	EXP 	Created text5 = TextStim(__class__=<class 'psychopy.visual.text.TextStim'>, alignHoriz=method-wrapper(...), alignText='center', alignVert=method-wrapper(...), anchorHoriz='center', anchorVert='center', antialias=True, autoDraw=False, autoLog=True, bold=False, color=array([1., 1., 1.]), colorSpace='rgb', contrast=1.0, depth=-5.0, draggable=False, flipHoriz=False, flipVert=False, font='Open Sans', fontFiles=[], height=0.05, italic=False, languageStyle='LTR', name='text5', opacity=1.0, ori=0.0, pos=array([-0.5, -0.1]), rgb=UNKNOWN, text='', units='norm', win=Window(...), wrapWidth=1)
14.9330 	EXP 	window1: mouseVisible = True
14.9340 	EXP 	Created text6 = TextStim(__class__=<class 'psychopy.visual.text.TextStim'>, alignHoriz=method-wrapper(...), alignText='center', alignVert=method-wrapper(...), anchorHoriz='center', anchorVert='center', antialias=True, autoDraw=False, autoLog=True, bold=False, color=array([1., 1., 1.]), colorSpace='rgb', contrast=1.0, depth=-6.0, draggable=False, flipHoriz=False, flipVert=False, font='Open Sans', fontFiles=[], height=0.05, italic=False, languageStyle='LTR', name='text6', opacity=1.0, ori=0.0, pos=array([-0.1666, -0.1   ]), rgb=UNKNOWN, text='', units='norm', win=Window(...), wrapWidth=1)
14.9341 	EXP 	window1: mouseVisible = True
14.9351 	EXP 	Created text7 = TextStim(__class__=<class 'psychopy.visual.text.TextStim'>, alignHoriz=method-wrapper(...), alignText='center', alignVert=method-wrapper(...), anchorHoriz='center', anchorVert='center', antialias=True, autoDraw=False, autoLog=True, bold=False, color=array([1., 1., 1.]), colorSpace='rgb', contrast=1.0, depth=-7.0, draggable=False, flipHoriz=False, flipVert=False, font='Open Sans', fontFiles=[], height=0.05, italic=False, languageStyle='LTR', name='text7', opacity=1.0, ori=0.0, pos=array([ 0.1666, -0.1   ]), rgb=UNKNOWN, text='', units='norm', win=Window(...), wrapWidth=1)
14.9352 	EXP 	window1: mouseVisible = True
14.9362 	EXP 	Created text8 = TextStim(__class__=<class 'psychopy.visual.text.TextStim'>, alignHoriz=method-wrapper(...), alignText='center', alignVert=method-wrapper(...), anchorHoriz='center', anchorVert='center', antialias=True, autoDraw=False, autoLog=True, bold=False, color=array([1., 1., 1.]), colorSpace='rgb', contrast=1.0, depth=-8.0, draggable=False, flipHoriz=False, flipVert=False, font='Open Sans', fontFiles=[], height=0.05, italic=False, languageStyle='LTR', name='text8', opacity=1.0, ori=0.0, pos=array([ 0.5, -0.1]), rgb=UNKNOWN, text='', units='norm', win=Window(...), wrapWidth=1)
14.9363 	EXP 	window1: mouseVisible = True
14.9374 	EXP 	Created num1 = TextStim(__class__=<class 'psychopy.visual.text.TextStim'>, alignHoriz=method-wrapper(...), alignText='center', alignVert=method-wrapper(...), anchorHoriz='center', anchorVert='center', antialias=True, autoDraw=False, autoLog=True, bold=False, color=array([1., 1., 1.]), colorSpace='rgb', contrast=1.0, depth=-10.0, draggable=False, flipHoriz=False, flipVert=False, font='Open Sans', fontFiles=[], height=0.1, italic=False, languageStyle='LTR', name='num1', opacity=1.0, ori=0.0, pos=array([-0.5,  0.3]), rgb=UNKNOWN, text='', units='norm', win=Window(...), wrapWidth=1)
14.9374 	EXP 	window1: mouseVisible = True
14.9385 	EXP 	Created num2 = TextStim(__class__=<class 'psychopy.visual.text.TextStim'>, alignHoriz=method-wrapper(...), alignText='center', alignVert=method-wrapper(...), anchorHoriz='center', anchorVert='center', antialias=True, autoDraw=False, autoLog=True, bold=False, color=array([1., 1., 1.]), colorSpace='rgb', contrast=1.0, depth=-11.0, draggable=False, flipHoriz=False, flipVert=False, font='Open Sans', fontFiles=[], height=0.1, italic=False, languageStyle='LTR', name='num2', opacity=1.0, ori=0.0, pos=array([-0.1666,  0.3   ]), rgb=UNKNOWN, text='', units='norm', win=Window(...), wrapWidth=1)
14.9385 	EXP 	window1: mouseVisible = True
14.9396 	EXP 	Created num3 = TextStim(__class__=<class 'psychopy.visual.text.TextStim'>, alignHoriz=method-wrapper(...), alignText='center', alignVert=method-wrapper(...), anchorHoriz='center', anchorVert='center', antialias=True, autoDraw=False, autoLog=True, bold=False, color=array([1., 1., 1.]), colorSpace='rgb', contrast=1.0, depth=-12.0, draggable=False, flipHoriz=False, flipVert=False, font='Open Sans', fontFiles=[], height=0.1, italic=False, languageStyle='LTR', name='num3', opacity=1.0, ori=0.0, pos=array([0.1666, 0.3   ]), rgb=UNKNOWN, text='', units='norm', win=Window(...), wrapWidth=1)
14.9397 	EXP 	window1: mouseVisible = True
14.9407 	EXP 	Created num4 = TextStim(__class__=<class 'psychopy.visual.text.TextStim'>, alignHoriz=method-wrapper(...), alignText='center', alignVert=method-wrapper(...), anchorHoriz='center', anchorVert='center', antialias=True, autoDraw=False, autoLog=True, bold=False, color=array([1., 1., 1.]), colorSpace='rgb', contrast=1.0, depth=-13.0, draggable=False, flipHoriz=False, flipVert=False, font='Open Sans', fontFiles=[], height=0.1, italic=False, languageStyle='LTR', name='num4', opacity=1.0, ori=0.0, pos=array([0.5, 0.3]), rgb=UNKNOWN, text='', units='norm', win=Window(...), wrapWidth=1)
14.9408 	EXP 	window1: mouseVisible = True
14.9426 	EXP 	Created fixCrossR = ShapeStim(__class__=<class 'psychopy.visual.shape.ShapeStim'>, anchor=('center', 'center'), autoDraw=False, autoLog=True, closeShape=True, color=method-wrapper(...), colorSpace='rgb', contrast=None, depth=0.0, draggable=False, fillColor=array([-1, -1, -1]), fillColorSpace='rgb', fillRGB=array([-1, -1, -1]), interpolate=True, lineColor=array([-1., -1., -1.]), lineColorSpace='rgb', lineRGB=array([-1, -1, -1]), lineWidth=1.0, name='fixCrossR', opacity=1.0, ori=0.0, pos=array([0., 0.]), size=array([0.02, 0.02]), units='height', vertices=ndarray(...), win=Window(...), windingRule=None)
14.9427 	EXP 	window1: mouseVisible = True
14.9482 	EXP 	Created text_17 = TextStim(__class__=<class 'psychopy.visual.text.TextStim'>, alignHoriz=method-wrapper(...), alignText='center', alignVert=method-wrapper(...), anchorHoriz='center', anchorVert='center', antialias=True, autoDraw=False, autoLog=True, bold=False, color=array([1., 1., 1.]), colorSpace='rgb', contrast=1.0, depth=0.0, draggable=False, flipHoriz=False, flipVert=False, font='Open Sans', fontFiles=[], height=0.05, italic=False, languageStyle='LTR', name='text_17', opacity=1.0, ori=0.0, pos=array([0., 0.]), rgb=UNKNOWN, text='End of run, please relax for a moment.', units='height', win=Window(...), wrapWidth=1)
0.0250 	EXP 	Created sequence: random, trialTypes=1, nReps=999, seed=None
0.0277 	EXP 	New trial (rep=0, index=0): None
0.0328 	EXP 	Imported instructions/Instructions_doc.xlsx as conditions, 1 conditions, 1 params
0.0331 	EXP 	Created sequence: sequential, trialTypes=1, nReps=1, seed=None
0.0332 	EXP 	New trial (rep=0, index=0): {'InstructionsFilepath': 'instructions//slide1.png'}
0.1347 	EXP 	imageInstruct: image = 'instructions//slide1.png'
0.1347 	EXP 	imageInstruct: autoDraw = True
1.4563 	DATA 	Mouse: Left button down, pos=(1495,962)
1.5060 	EXP 	New trial (rep=1, index=0): None
1.5112 	EXP 	Imported instructions/Instructions_doc.xlsx as conditions, 1 conditions, 1 params
1.5116 	EXP 	Created sequence: sequential, trialTypes=1, nReps=1, seed=None
1.5117 	EXP 	New trial (rep=0, index=0): {'InstructionsFilepath': 'instructions//slide2.png'}
1.5909 	DATA 	Mouse:  Left button up, pos=(1495,962)
1.6023 	EXP 	imageInstruct: autoDraw = False
1.6023 	EXP 	imageInstruct: image = 'instructions//slide2.png'
1.6023 	EXP 	imageInstruct: autoDraw = True
3.4895 	DATA 	Mouse: Left button down, pos=(450,959)
3.5400 	EXP 	New trial (rep=2, index=0): None
3.5445 	EXP 	Imported instructions/Instructions_doc.xlsx as conditions, 1 conditions, 1 params
3.5448 	EXP 	Created sequence: sequential, trialTypes=1, nReps=1, seed=None
3.5450 	EXP 	New trial (rep=0, index=0): {'InstructionsFilepath': 'instructions//slide1.png'}
3.6357 	DATA 	Mouse:  Left button up, pos=(450,959)
3.6563 	EXP 	imageInstruct: autoDraw = False
3.6563 	EXP 	imageInstruct: image = 'instructions//slide1.png'
3.6563 	EXP 	imageInstruct: autoDraw = True
4.9243 	DATA 	Mouse: Left button down, pos=(1555,976)
4.9676 	EXP 	New trial (rep=3, index=0): None
4.9719 	EXP 	Imported instructions/Instructions_doc.xlsx as conditions, 1 conditions, 1 params
4.9722 	EXP 	Created sequence: sequential, trialTypes=1, nReps=1, seed=None
4.9723 	EXP 	New trial (rep=0, index=0): {'InstructionsFilepath': 'instructions//slide2.png'}
5.0621 	DATA 	Mouse:  Left button up, pos=(1555,976)
5.0844 	EXP 	imageInstruct: autoDraw = False
5.0844 	EXP 	imageInstruct: image = 'instructions//slide2.png'
5.0844 	EXP 	imageInstruct: autoDraw = True
6.0849 	DATA 	Mouse: Left button down, pos=(465,972)
6.1359 	EXP 	New trial (rep=4, index=0): None
6.1404 	EXP 	Imported instructions/Instructions_doc.xlsx as conditions, 1 conditions, 1 params
6.1408 	EXP 	Created sequence: sequential, trialTypes=1, nReps=1, seed=None
6.1410 	EXP 	New trial (rep=0, index=0): {'InstructionsFilepath': 'instructions//slide1.png'}
6.2086 	DATA 	Mouse:  Left button up, pos=(465,972)
6.2344 	EXP 	imageInstruct: autoDraw = False
6.2344 	EXP 	imageInstruct: image = 'instructions//slide1.png'
6.2344 	EXP 	imageInstruct: autoDraw = True
7.5394 	DATA 	Mouse: Left button down, pos=(1496,952)
7.6018 	EXP 	New trial (rep=5, index=0): None
7.6062 	EXP 	Imported instructions/Instructions_doc.xlsx as conditions, 1 conditions, 1 params
7.6066 	EXP 	Created sequence: sequential, trialTypes=1, nReps=1, seed=None
7.6067 	EXP 	New trial (rep=0, index=0): {'InstructionsFilepath': 'instructions//slide2.png'}
7.6905 	EXP 	imageInstruct: autoDraw = False
7.6905 	EXP 	imageInstruct: image = 'instructions//slide2.png'
7.6905 	EXP 	imageInstruct: autoDraw = True
7.7231 	DATA 	Mouse:  Left button up, pos=(1496,952)
8.6901 	DATA 	Mouse: Left button down, pos=(1496,952)
8.7493 	EXP 	New trial (rep=6, index=0): None
8.7543 	EXP 	Imported instructions/Instructions_doc.xlsx as conditions, 1 conditions, 1 params
8.7547 	EXP 	Created sequence: sequential, trialTypes=1, nReps=1, seed=None
8.7549 	EXP 	New trial (rep=0, index=0): {'InstructionsFilepath': 'instructions//slide3.png'}
8.8235 	DATA 	Mouse:  Left button up, pos=(1496,952)
8.8453 	EXP 	imageInstruct: autoDraw = False
8.8453 	EXP 	imageInstruct: image = 'instructions//slide3.png'
8.8453 	EXP 	imageInstruct: autoDraw = True
16.7901 	DATA 	Mouse: Left button down, pos=(495,972)
16.8494 	EXP 	New trial (rep=7, index=0): None
16.8536 	EXP 	Imported instructions/Instructions_doc.xlsx as conditions, 1 conditions, 1 params
16.8539 	EXP 	Created sequence: sequential, trialTypes=1, nReps=1, seed=None
16.8541 	EXP 	New trial (rep=0, index=0): {'InstructionsFilepath': 'instructions//slide2.png'}
16.9509 	EXP 	imageInstruct: autoDraw = False
16.9509 	EXP 	imageInstruct: image = 'instructions//slide2.png'
16.9509 	EXP 	imageInstruct: autoDraw = True
16.9514 	DATA 	Mouse:  Left button up, pos=(495,972)
18.6184 	DATA 	Mouse: Left button down, pos=(1563,982)
18.6972 	EXP 	New trial (rep=8, index=0): None
18.7013 	EXP 	Imported instructions/Instructions_doc.xlsx as conditions, 1 conditions, 1 params
18.7016 	EXP 	Created sequence: sequential, trialTypes=1, nReps=1, seed=None
18.7018 	EXP 	New trial (rep=0, index=0): {'InstructionsFilepath': 'instructions//slide3.png'}
18.7700 	DATA 	Mouse:  Left button up, pos=(1563,982)
18.7885 	EXP 	imageInstruct: autoDraw = False
18.7885 	EXP 	imageInstruct: image = 'instructions//slide3.png'
18.7885 	EXP 	imageInstruct: autoDraw = True
19.6600 	DATA 	Mouse: Left button down, pos=(387,976)
19.7323 	EXP 	New trial (rep=9, index=0): None
19.7364 	EXP 	Imported instructions/Instructions_doc.xlsx as conditions, 1 conditions, 1 params
19.7367 	EXP 	Created sequence: sequential, trialTypes=1, nReps=1, seed=None
19.7369 	EXP 	New trial (rep=0, index=0): {'InstructionsFilepath': 'instructions//slide2.png'}
19.8270 	DATA 	Mouse:  Left button up, pos=(387,976)
19.8509 	EXP 	imageInstruct: autoDraw = False
19.8509 	EXP 	imageInstruct: image = 'instructions//slide2.png'
19.8509 	EXP 	imageInstruct: autoDraw = True
21.1847 	DATA 	Mouse: Left button down, pos=(1516,959)
21.2568 	EXP 	New trial (rep=10, index=0): None
21.2608 	EXP 	Imported instructions/Instructions_doc.xlsx as conditions, 1 conditions, 1 params
21.2611 	EXP 	Created sequence: sequential, trialTypes=1, nReps=1, seed=None
21.2613 	EXP 	New trial (rep=0, index=0): {'InstructionsFilepath': 'instructions//slide3.png'}
21.3507 	EXP 	imageInstruct: autoDraw = False
21.3507 	EXP 	imageInstruct: image = 'instructions//slide3.png'
21.3507 	EXP 	imageInstruct: autoDraw = True
21.3512 	DATA 	Mouse:  Left button up, pos=(1516,959)
22.2725 	DATA 	Mouse: Left button down, pos=(472,947)
22.3652 	EXP 	New trial (rep=11, index=0): None
22.3698 	EXP 	Imported instructions/Instructions_doc.xlsx as conditions, 1 conditions, 1 params
22.3701 	EXP 	Created sequence: sequential, trialTypes=1, nReps=1, seed=None
22.3703 	EXP 	New trial (rep=0, index=0): {'InstructionsFilepath': 'instructions//slide2.png'}
22.4377 	DATA 	Mouse:  Left button up, pos=(472,947)
22.4569 	EXP 	imageInstruct: autoDraw = False
22.4569 	EXP 	imageInstruct: image = 'instructions//slide2.png'
22.4569 	EXP 	imageInstruct: autoDraw = True
23.1070 	DATA 	Mouse: Left button down, pos=(1502,961)
23.1861 	EXP 	New trial (rep=12, index=0): None
23.1908 	EXP 	Imported instructions/Instructions_doc.xlsx as conditions, 1 conditions, 1 params
23.1911 	EXP 	Created sequence: sequential, trialTypes=1, nReps=1, seed=None
23.1913 	EXP 	New trial (rep=0, index=0): {'InstructionsFilepath': 'instructions//slide3.png'}
23.2602 	DATA 	Mouse:  Left button up, pos=(1502,961)
23.2841 	EXP 	imageInstruct: autoDraw = False
23.2841 	EXP 	imageInstruct: image = 'instructions//slide3.png'
23.2841 	EXP 	imageInstruct: autoDraw = True
23.3343 	DATA 	Mouse: Left button down, pos=(1502,961)
23.4229 	EXP 	New trial (rep=13, index=0): None
23.4278 	EXP 	Imported instructions/Instructions_doc.xlsx as conditions, 1 conditions, 1 params
23.4282 	EXP 	Created sequence: sequential, trialTypes=1, nReps=1, seed=None
23.4283 	EXP 	New trial (rep=0, index=0): {'InstructionsFilepath': 'instructions//slide4.png'}
23.4979 	DATA 	Mouse:  Left button up, pos=(1502,961)
23.5198 	EXP 	imageInstruct: autoDraw = False
23.5198 	EXP 	imageInstruct: image = 'instructions//slide4.png'
23.5198 	EXP 	imageInstruct: autoDraw = True
23.8586 	DATA 	Mouse: Left button down, pos=(1502,961)
23.9522 	EXP 	New trial (rep=14, index=0): None
23.9570 	EXP 	Imported instructions/Instructions_doc.xlsx as conditions, 1 conditions, 1 params
23.9574 	EXP 	Created sequence: sequential, trialTypes=1, nReps=1, seed=None
23.9576 	EXP 	New trial (rep=0, index=0): {'InstructionsFilepath': 'instructions//slide5.png'}
24.0273 	DATA 	Mouse:  Left button up, pos=(1502,961)
24.0508 	EXP 	imageInstruct: autoDraw = False
24.0508 	EXP 	imageInstruct: image = 'instructions//slide5.png'
24.0508 	EXP 	imageInstruct: autoDraw = True
24.7386 	DATA 	Mouse: Left button down, pos=(1502,961)
24.8519 	EXP 	New trial (rep=15, index=0): None
24.8572 	EXP 	Imported instructions/Instructions_doc.xlsx as conditions, 1 conditions, 1 params
24.8575 	EXP 	Created sequence: sequential, trialTypes=1, nReps=1, seed=None
24.8577 	EXP 	New trial (rep=0, index=0): {'InstructionsFilepath': 'instructions//slide6.png'}
24.9255 	DATA 	Mouse:  Left button up, pos=(1502,961)
24.9509 	EXP 	imageInstruct: autoDraw = False
24.9509 	EXP 	imageInstruct: image = 'instructions//slide6.png'
24.9509 	EXP 	imageInstruct: autoDraw = True
27.4011 	DATA 	Mouse: Left button down, pos=(318,926)
27.5179 	DATA 	Mouse:  Left button up, pos=(318,926)
27.7510 	DATA 	Mouse: Left button down, pos=(336,937)
27.8444 	EXP 	New trial (rep=16, index=0): None
27.8489 	EXP 	Imported instructions/Instructions_doc.xlsx as conditions, 1 conditions, 1 params
27.8493 	EXP 	Created sequence: sequential, trialTypes=1, nReps=1, seed=None
27.8494 	EXP 	New trial (rep=0, index=0): {'InstructionsFilepath': 'instructions//slide5.png'}
27.9325 	DATA 	Mouse:  Left button up, pos=(336,937)
27.9520 	EXP 	imageInstruct: autoDraw = False
27.9520 	EXP 	imageInstruct: image = 'instructions//slide5.png'
27.9520 	EXP 	imageInstruct: autoDraw = True
28.2181 	DATA 	Mouse: Left button down, pos=(336,937)
28.3230 	EXP 	New trial (rep=17, index=0): None
28.3278 	EXP 	Imported instructions/Instructions_doc.xlsx as conditions, 1 conditions, 1 params
28.3281 	EXP 	Created sequence: sequential, trialTypes=1, nReps=1, seed=None
28.3283 	EXP 	New trial (rep=0, index=0): {'InstructionsFilepath': 'instructions//slide4.png'}
28.3981 	DATA 	Mouse:  Left button up, pos=(336,937)
28.4200 	EXP 	imageInstruct: autoDraw = False
28.4200 	EXP 	imageInstruct: image = 'instructions//slide4.png'
28.4200 	EXP 	imageInstruct: autoDraw = True
28.4748 	DATA 	Mouse: Left button down, pos=(336,937)
28.5879 	EXP 	New trial (rep=18, index=0): None
28.5926 	EXP 	Imported instructions/Instructions_doc.xlsx as conditions, 1 conditions, 1 params
28.5930 	EXP 	Created sequence: sequential, trialTypes=1, nReps=1, seed=None
28.5932 	EXP 	New trial (rep=0, index=0): {'InstructionsFilepath': 'instructions//slide3.png'}
28.6867 	DATA 	Mouse:  Left button up, pos=(336,937)
28.6872 	DATA 	Mouse: Left button down, pos=(336,937)
28.7106 	EXP 	imageInstruct: autoDraw = False
28.7106 	EXP 	imageInstruct: image = 'instructions//slide3.png'
28.7106 	EXP 	imageInstruct: autoDraw = True
28.7933 	DATA 	Mouse:  Left button up, pos=(336,937)
29.8472 	DATA 	Mouse: Left button down, pos=(1445,995)
29.9570 	EXP 	New trial (rep=19, index=0): None
29.9611 	EXP 	Imported instructions/Instructions_doc.xlsx as conditions, 1 conditions, 1 params
29.9614 	EXP 	Created sequence: sequential, trialTypes=1, nReps=1, seed=None
29.9615 	EXP 	New trial (rep=0, index=0): {'InstructionsFilepath': 'instructions//slide4.png'}
30.0507 	EXP 	imageInstruct: autoDraw = False
30.0507 	EXP 	imageInstruct: image = 'instructions//slide4.png'
30.0507 	EXP 	imageInstruct: autoDraw = True
30.0845 	DATA 	Mouse:  Left button up, pos=(1445,995)
31.3509 	DATA 	Keypress: escape
31.5517 	EXP 	pilotv2: status = STOPPED
31.5673 	EXP 	imageInstruct: autoDraw = False
31.5674 	EXP 	pilotv2: status = STOPPED
31.6805 	EXP 	window1: mouseVisible = True
