2.4654 	ERROR 	Support for the `sounddevice` audio backend is not available this session. Please install `psychopy-sounddevice` and restart the session to enable support.
5.9796 	WARNING 	User requested fullscreen with size [1536  864], but screen is actually [1920, 1080]. Using actual size
6.7552 	EXP 	Created window1 = Window(allowGUI=True, allowStencil=False, autoLog=True, backendConf=UNKNOWN, backgroundFit=<method-wrapper '__getattribute__' of attributeSetter object at 0x0000029475542220>, backgroundImage=<method-wrapper '__getattribute__' of attributeSetter object at 0x00000294755421C0>, bitsMode=UNKNOWN, blendMode='avg', bpc=(8, 8, 8), color=array([-0.4039, -0.4039, -0.4039]), colorSpace='rgb', depthBits=8, fullscr=<method-wrapper '__getattribute__' of attributeSetter object at 0x0000029475530880>, gamma=None, gammaErrorPolicy='raise', lms=UNKNOWN, monitor=<psychopy.monitors.calibTools.Monitor object at 0x0000029475A6A1C0>, multiSample=False, name='window1', numSamples=2, pos=(0, 0), screen=0, size=array([1920, 1080]), stencilBits=0, stereo=False, title='PsychoPy', units='height', useFBO=True, useRetina=False, viewOri=0.0, viewPos=None, viewScale=None, waitBlanking=True, winType='pyglet')
6.7553 	EXP 	window1: mouseVisible = True
6.7553 	EXP 	window1: backgroundImage = ''
6.7553 	EXP 	window1: backgroundFit = 'none'
6.7570 	EXP 	window1: Attempting to measure frame rate of screen (0) ...
6.7571 	EXP 	window1: recordFrameIntervals = False
6.9207 	EXP 	window1: recordFrameIntervals = True
7.1048 	EXP 	Screen (0) actual frame rate measured at 59.87Hz
7.1048 	EXP 	window1: recordFrameIntervals = False
7.1050 	EXP 	window1: mouseVisible = False
9.2206 	EXP 	pilotv2: status = STARTED
9.2210 	EXP 	window1: mouseVisible = True
9.2314 	EXP 	Created imageInstruct = ImageStim(__class__=<class 'psychopy.visual.image.ImageStim'>, anchor=('center', 'center'), autoLog=True, color=array([1., 1., 1.]), colorSpace='rgb', contrast=1.0, depth=0.0, draggable=False, flipHoriz=False, flipVert=False, image='default.png', interpolate=True, mask=None, maskParams=None, name='imageInstruct', opacity=1.0, ori=0.0, pos=array([0., 0.]), size=array([1.6    , 1.00736]), texRes=128.0, units='height', win=Window(...))
9.2317 	EXP 	window1: mouseVisible = True
9.2318 	EXP 	window1: mouseVisible = True
9.2323 	EXP 	window1: mouseVisible = True
9.2327 	EXP 	window1: mouseVisible = True
9.2541 	EXP 	window1: mouseVisible = True
9.2542 	EXP 	window1: mouseVisible = True
9.2546 	EXP 	window1: mouseVisible = True
9.2551 	EXP 	window1: mouseVisible = True
9.2732 	EXP 	window1: mouseVisible = True
9.2735 	EXP 	window1: mouseVisible = True
9.2736 	EXP 	window1: mouseVisible = True
9.2740 	EXP 	window1: mouseVisible = True
9.2745 	EXP 	window1: mouseVisible = True
9.2911 	EXP 	window1: mouseVisible = True
9.2913 	EXP 	window1: mouseVisible = True
9.2917 	EXP 	window1: mouseVisible = True
9.2921 	EXP 	window1: mouseVisible = True
9.2954 	EXP 	window1: mouseVisible = True
9.2956 	EXP 	window1: mouseVisible = True
9.3597 	EXP 	Created text_8 = TextStim(__class__=<class 'psychopy.visual.text.TextStim'>, alignHoriz=method-wrapper(...), alignText='center', alignVert=method-wrapper(...), anchorHoriz='center', anchorVert='center', antialias=True, autoDraw=False, autoLog=True, bold=False, color=array([1., 1., 1.]), colorSpace='rgb', contrast=1.0, depth=0.0, draggable=False, flipHoriz=False, flipVert=False, font='Open Sans', fontFiles=[], height=0.05, italic=False, languageStyle='LTR', name='text_8', opacity=1.0, ori=0.0, pos=array([0., 0.]), rgb=UNKNOWN, text=str(...), units='height', win=Window(...), wrapWidth=1)
9.3599 	EXP 	window1: mouseVisible = True
9.3601 	EXP 	window1: mouseVisible = True
9.3605 	EXP 	window1: mouseVisible = True
9.3609 	EXP 	window1: mouseVisible = True
9.3844 	EXP 	window1: mouseVisible = True
9.3846 	EXP 	window1: mouseVisible = True
9.3850 	EXP 	window1: mouseVisible = True
9.3854 	EXP 	window1: mouseVisible = True
9.3955 	EXP 	window1: mouseVisible = True
9.3957 	EXP 	window1: mouseVisible = True
9.3958 	EXP 	window1: mouseVisible = True
9.3962 	EXP 	window1: mouseVisible = True
9.3966 	EXP 	window1: mouseVisible = True
9.4051 	EXP 	window1: mouseVisible = True
9.4053 	EXP 	window1: mouseVisible = True
9.4057 	EXP 	window1: mouseVisible = True
9.4061 	EXP 	window1: mouseVisible = True
9.4094 	EXP 	window1: mouseVisible = True
9.4095 	EXP 	window1: mouseVisible = True
9.4133 	EXP 	Created image_17 = ImageStim(__class__=<class 'psychopy.visual.image.ImageStim'>, anchor=('center', 'center'), autoLog=True, color=array([1., 1., 1.]), colorSpace='rgb', contrast=1.0, depth=-3.0, draggable=False, flipHoriz=False, flipVert=False, image='stim/ori1.png', interpolate=True, mask=None, maskParams=None, name='image_17', opacity=1.0, ori=0.0, pos=array([0.  , 0.23]), size=array([0.15, 0.15]), texRes=128.0, units='height', win=Window(...))
9.4134 	EXP 	window1: mouseVisible = True
9.4182 	EXP 	Created text_9 = TextStim(__class__=<class 'psychopy.visual.text.TextStim'>, alignHoriz=method-wrapper(...), alignText='center', alignVert=method-wrapper(...), anchorHoriz='center', anchorVert='center', antialias=True, autoDraw=False, autoLog=True, bold=False, color=array([1., 1., 1.]), colorSpace='rgb', contrast=1.0, depth=0.0, draggable=False, flipHoriz=False, flipVert=False, font='Open Sans', fontFiles=[], height=0.05, italic=False, languageStyle='LTR', name='text_9', opacity=1.0, ori=0.0, pos=array([0., 0.]), rgb=UNKNOWN, text=str(...), units='height', win=Window(...), wrapWidth=1)
9.4184 	EXP 	window1: mouseVisible = True
9.4185 	EXP 	window1: mouseVisible = True
9.4189 	EXP 	window1: mouseVisible = True
9.4193 	EXP 	window1: mouseVisible = True
9.4231 	EXP 	window1: mouseVisible = True
9.4232 	EXP 	window1: mouseVisible = True
9.4237 	EXP 	window1: mouseVisible = True
9.4240 	EXP 	window1: mouseVisible = True
9.4274 	EXP 	window1: mouseVisible = True
9.4276 	EXP 	window1: mouseVisible = True
9.4278 	EXP 	window1: mouseVisible = True
9.4282 	EXP 	window1: mouseVisible = True
9.4286 	EXP 	window1: mouseVisible = True
9.4325 	EXP 	window1: mouseVisible = True
9.4326 	EXP 	window1: mouseVisible = True
9.4330 	EXP 	window1: mouseVisible = True
9.4334 	EXP 	window1: mouseVisible = True
9.4368 	EXP 	window1: mouseVisible = True
9.4369 	EXP 	window1: mouseVisible = True
9.4408 	EXP 	Created image_18 = ImageStim(__class__=<class 'psychopy.visual.image.ImageStim'>, anchor=('center', 'center'), autoLog=True, color=array([1., 1., 1.]), colorSpace='rgb', contrast=1.0, depth=-3.0, draggable=False, flipHoriz=False, flipVert=False, image='stim/obj2.png', interpolate=True, mask=None, maskParams=None, name='image_18', opacity=1.0, ori=0.0, pos=array([0.  , 0.23]), size=array([0.15, 0.15]), texRes=128.0, units='height', win=Window(...))
9.4409 	EXP 	window1: mouseVisible = True
9.4457 	EXP 	Created text_10 = TextStim(__class__=<class 'psychopy.visual.text.TextStim'>, alignHoriz=method-wrapper(...), alignText='center', alignVert=method-wrapper(...), anchorHoriz='center', anchorVert='center', antialias=True, autoDraw=False, autoLog=True, bold=False, color=array([1., 1., 1.]), colorSpace='rgb', contrast=1.0, depth=0.0, draggable=False, flipHoriz=False, flipVert=False, font='Open Sans', fontFiles=[], height=0.05, italic=False, languageStyle='LTR', name='text_10', opacity=1.0, ori=0.0, pos=array([0., 0.]), rgb=UNKNOWN, text=str(...), units='height', win=Window(...), wrapWidth=1)
9.4459 	EXP 	window1: mouseVisible = True
9.4461 	EXP 	window1: mouseVisible = True
9.4465 	EXP 	window1: mouseVisible = True
9.4469 	EXP 	window1: mouseVisible = True
9.4507 	EXP 	window1: mouseVisible = True
9.4508 	EXP 	window1: mouseVisible = True
9.4513 	EXP 	window1: mouseVisible = True
9.4517 	EXP 	window1: mouseVisible = True
9.4550 	EXP 	window1: mouseVisible = True
9.4552 	EXP 	window1: mouseVisible = True
9.4553 	EXP 	window1: mouseVisible = True
9.4557 	EXP 	window1: mouseVisible = True
9.4561 	EXP 	window1: mouseVisible = True
9.4599 	EXP 	window1: mouseVisible = True
9.4600 	EXP 	window1: mouseVisible = True
9.4604 	EXP 	window1: mouseVisible = True
9.4608 	EXP 	window1: mouseVisible = True
9.4643 	EXP 	window1: mouseVisible = True
9.4644 	EXP 	window1: mouseVisible = True
9.4688 	EXP 	Created image_19 = ImageStim(__class__=<class 'psychopy.visual.image.ImageStim'>, anchor=('center', 'center'), autoLog=True, color=array([1., 1., 1.]), colorSpace='rgb', contrast=1.0, depth=-3.0, draggable=False, flipHoriz=False, flipVert=False, image='stim/ori2.png', interpolate=True, mask=None, maskParams=None, name='image_19', opacity=1.0, ori=0.0, pos=array([0.  , 0.23]), size=array([0.15, 0.15]), texRes=128.0, units='height', win=Window(...))
9.4690 	EXP 	window1: mouseVisible = True
9.4736 	EXP 	Created text_11 = TextStim(__class__=<class 'psychopy.visual.text.TextStim'>, alignHoriz=method-wrapper(...), alignText='center', alignVert=method-wrapper(...), anchorHoriz='center', anchorVert='center', antialias=True, autoDraw=False, autoLog=True, bold=False, color=array([1., 1., 1.]), colorSpace='rgb', contrast=1.0, depth=0.0, draggable=False, flipHoriz=False, flipVert=False, font='Open Sans', fontFiles=[], height=0.05, italic=False, languageStyle='LTR', name='text_11', opacity=1.0, ori=0.0, pos=array([0., 0.]), rgb=UNKNOWN, text=str(...), units='height', win=Window(...), wrapWidth=1)
9.4739 	EXP 	window1: mouseVisible = True
9.4740 	EXP 	window1: mouseVisible = True
9.4744 	EXP 	window1: mouseVisible = True
9.4748 	EXP 	window1: mouseVisible = True
9.4786 	EXP 	window1: mouseVisible = True
9.4788 	EXP 	window1: mouseVisible = True
9.4792 	EXP 	window1: mouseVisible = True
9.4796 	EXP 	window1: mouseVisible = True
9.4830 	EXP 	window1: mouseVisible = True
9.4832 	EXP 	window1: mouseVisible = True
9.4833 	EXP 	window1: mouseVisible = True
9.4837 	EXP 	window1: mouseVisible = True
9.4842 	EXP 	window1: mouseVisible = True
9.4882 	EXP 	window1: mouseVisible = True
9.4883 	EXP 	window1: mouseVisible = True
9.4887 	EXP 	window1: mouseVisible = True
9.4891 	EXP 	window1: mouseVisible = True
9.4924 	EXP 	window1: mouseVisible = True
9.4925 	EXP 	window1: mouseVisible = True
9.4969 	EXP 	Created image_20 = ImageStim(__class__=<class 'psychopy.visual.image.ImageStim'>, anchor=('center', 'center'), autoLog=True, color=array([1., 1., 1.]), colorSpace='rgb', contrast=1.0, depth=-3.0, draggable=False, flipHoriz=False, flipVert=False, image='stim/obj1.png', interpolate=True, mask=None, maskParams=None, name='image_20', opacity=1.0, ori=0.0, pos=array([0.  , 0.23]), size=array([0.15, 0.15]), texRes=128.0, units='height', win=Window(...))
9.4970 	EXP 	window1: mouseVisible = True
9.5065 	EXP 	Created imageInstruct_2 = ImageStim(__class__=<class 'psychopy.visual.image.ImageStim'>, anchor=('center', 'center'), autoLog=True, color=array([1., 1., 1.]), colorSpace='rgb', contrast=1.0, depth=0.0, draggable=False, flipHoriz=False, flipVert=False, image='default.png', interpolate=True, mask=None, maskParams=None, name='imageInstruct_2', opacity=1.0, ori=0.0, pos=array([0., 0.]), size=array([0.96, 0.54]), texRes=128.0, units='height', win=Window(...))
9.5068 	EXP 	window1: mouseVisible = True
9.5069 	EXP 	window1: mouseVisible = True
9.5075 	EXP 	window1: mouseVisible = True
9.5079 	EXP 	window1: mouseVisible = True
9.5318 	EXP 	window1: mouseVisible = True
9.5320 	EXP 	window1: mouseVisible = True
9.5324 	EXP 	window1: mouseVisible = True
9.5328 	EXP 	window1: mouseVisible = True
9.5560 	EXP 	window1: mouseVisible = True
9.5562 	EXP 	window1: mouseVisible = True
9.5564 	EXP 	window1: mouseVisible = True
9.5568 	EXP 	window1: mouseVisible = True
9.5573 	EXP 	window1: mouseVisible = True
9.5611 	EXP 	window1: mouseVisible = True
9.5612 	EXP 	window1: mouseVisible = True
9.5617 	EXP 	window1: mouseVisible = True
9.5620 	EXP 	window1: mouseVisible = True
9.5654 	EXP 	window1: mouseVisible = True
9.5655 	EXP 	window1: mouseVisible = True
9.5795 	EXP 	Created text_12 = TextStim(__class__=<class 'psychopy.visual.text.TextStim'>, alignHoriz=method-wrapper(...), alignText='center', alignVert=method-wrapper(...), anchorHoriz='center', anchorVert='center', antialias=True, autoDraw=False, autoLog=True, bold=False, color=array([1., 1., 1.]), colorSpace='rgb', contrast=1.0, depth=0.0, draggable=False, flipHoriz=False, flipVert=False, font='Open Sans', fontFiles=[], height=0.05, italic=False, languageStyle='LTR', name='text_12', opacity=1.0, ori=0.0, pos=array([0., 0.]), rgb=UNKNOWN, text=str(...), units='height', win=Window(...), wrapWidth=1)
9.5796 	EXP 	window1: mouseVisible = True
9.5944 	EXP 	Created text_13 = TextStim(__class__=<class 'psychopy.visual.text.TextStim'>, alignHoriz=method-wrapper(...), alignText='center', alignVert=method-wrapper(...), anchorHoriz='center', anchorVert='center', antialias=True, autoDraw=False, autoLog=True, bold=False, color=array([1., 1., 1.]), colorSpace='rgb', contrast=1.0, depth=-1.0, draggable=False, flipHoriz=False, flipVert=False, font='Open Sans', fontFiles=[], height=0.05, italic=False, languageStyle='LTR', name='text_13', opacity=1.0, ori=0.0, pos=array([0., 0.]), rgb=UNKNOWN, text=str(...), units='height', win=Window(...), wrapWidth=1)
9.5946 	EXP 	window1: mouseVisible = True
9.6177 	EXP 	Created image_25 = ImageStim(__class__=<class 'psychopy.visual.image.ImageStim'>, anchor=('center', 'center'), autoLog=True, color=array([1., 1., 1.]), colorSpace='rgb', contrast=1.0, depth=-2.0, draggable=False, flipHoriz=False, flipVert=False, image='stim/response_instr.png', interpolate=True, mask=None, maskParams=None, name='image_25', opacity=1.0, ori=0.0, pos=array([0.  , 0.13]), size=array([0.7 , 0.21]), texRes=128.0, units='height', win=Window(...))
9.6179 	EXP 	window1: mouseVisible = True
9.6364 	EXP 	Created text_14 = TextStim(__class__=<class 'psychopy.visual.text.TextStim'>, alignHoriz=method-wrapper(...), alignText='center', alignVert=method-wrapper(...), anchorHoriz='center', anchorVert='center', antialias=True, autoDraw=False, autoLog=True, bold=False, color=array([1., 1., 1.]), colorSpace='rgb', contrast=1.0, depth=-1.0, draggable=False, flipHoriz=False, flipVert=False, font='Open Sans', fontFiles=[], height=0.05, italic=False, languageStyle='LTR', name='text_14', opacity=1.0, ori=0.0, pos=array([0., 0.]), rgb=UNKNOWN, text=str(...), units='height', win=Window(...), wrapWidth=1)
9.6365 	EXP 	window1: mouseVisible = True
9.6587 	EXP 	Created image_24 = ImageStim(__class__=<class 'psychopy.visual.image.ImageStim'>, anchor=('center', 'center'), autoLog=True, color=array([1., 1., 1.]), colorSpace='rgb', contrast=1.0, depth=-2.0, draggable=False, flipHoriz=False, flipVert=False, image='stim/response_instr.png', interpolate=True, mask=None, maskParams=None, name='image_24', opacity=1.0, ori=0.0, pos=array([0.  , 0.13]), size=array([0.7 , 0.21]), texRes=128.0, units='height', win=Window(...))
9.6589 	EXP 	window1: mouseVisible = True
9.6693 	EXP 	Created text_15 = TextStim(__class__=<class 'psychopy.visual.text.TextStim'>, alignHoriz=method-wrapper(...), alignText='center', alignVert=method-wrapper(...), anchorHoriz='center', anchorVert='center', antialias=True, autoDraw=False, autoLog=True, bold=False, color=array([1., 1., 1.]), colorSpace='rgb', contrast=1.0, depth=-1.0, draggable=False, flipHoriz=False, flipVert=False, font='Open Sans', fontFiles=[], height=0.05, italic=False, languageStyle='LTR', name='text_15', opacity=1.0, ori=0.0, pos=array([0., 0.]), rgb=UNKNOWN, text=str(...), units='height', win=Window(...), wrapWidth=1)
9.6694 	EXP 	window1: mouseVisible = True
9.6914 	EXP 	Created image_21 = ImageStim(__class__=<class 'psychopy.visual.image.ImageStim'>, anchor=('center', 'center'), autoLog=True, color=array([1., 1., 1.]), colorSpace='rgb', contrast=1.0, depth=-2.0, draggable=False, flipHoriz=False, flipVert=False, image='stim/response_instr.png', interpolate=True, mask=None, maskParams=None, name='image_21', opacity=1.0, ori=0.0, pos=array([0.  , 0.25]), size=array([0.7 , 0.21]), texRes=128.0, units='height', win=Window(...))
9.6915 	EXP 	window1: mouseVisible = True
9.6984 	EXP 	Created text_5 = TextStim(__class__=<class 'psychopy.visual.text.TextStim'>, alignHoriz=method-wrapper(...), alignText='center', alignVert=method-wrapper(...), anchorHoriz='center', anchorVert='center', antialias=True, autoDraw=False, autoLog=True, bold=False, color=array([1., 1., 1.]), colorSpace='rgb', contrast=1.0, depth=-1.0, draggable=False, flipHoriz=False, flipVert=False, font='Open Sans', fontFiles=[], height=0.05, italic=False, languageStyle='LTR', name='text_5', opacity=1.0, ori=0.0, pos=array([0., 0.]), rgb=UNKNOWN, text=str(...), units='height', win=Window(...), wrapWidth=1)
9.6985 	EXP 	window1: mouseVisible = True
9.7027 	EXP 	Created image_13 = ImageStim(__class__=<class 'psychopy.visual.image.ImageStim'>, anchor=('center', 'center'), autoLog=True, color=array([1., 1., 1.]), colorSpace='rgb', contrast=1.0, depth=-2.0, draggable=False, flipHoriz=False, flipVert=False, image='stim/obj1.png', interpolate=True, mask=None, maskParams=None, name='image_13', opacity=1.0, ori=0.0, pos=array([-0.45,  0.06]), size=array([0.15, 0.15]), texRes=128.0, units='height', win=Window(...))
9.7028 	EXP 	window1: mouseVisible = True
9.7066 	EXP 	Created image_14 = ImageStim(__class__=<class 'psychopy.visual.image.ImageStim'>, anchor=('center', 'center'), autoLog=True, color=array([1., 1., 1.]), colorSpace='rgb', contrast=1.0, depth=-3.0, draggable=False, flipHoriz=False, flipVert=False, image='stim/obj2.png', interpolate=True, mask=None, maskParams=None, name='image_14', opacity=1.0, ori=0.0, pos=array([-0.25,  0.06]), size=array([0.15, 0.15]), texRes=128.0, units='height', win=Window(...))
9.7069 	EXP 	window1: mouseVisible = True
9.7112 	EXP 	Created image_15 = ImageStim(__class__=<class 'psychopy.visual.image.ImageStim'>, anchor=('center', 'center'), autoLog=True, color=array([1., 1., 1.]), colorSpace='rgb', contrast=1.0, depth=-4.0, draggable=False, flipHoriz=False, flipVert=False, image='stim/ori1.png', interpolate=True, mask=None, maskParams=None, name='image_15', opacity=1.0, ori=0.0, pos=array([0.25, 0.06]), size=array([0.15, 0.15]), texRes=128.0, units='height', win=Window(...))
9.7113 	EXP 	window1: mouseVisible = True
9.7150 	EXP 	Created image_16 = ImageStim(__class__=<class 'psychopy.visual.image.ImageStim'>, anchor=('center', 'center'), autoLog=True, color=array([1., 1., 1.]), colorSpace='rgb', contrast=1.0, depth=-5.0, draggable=False, flipHoriz=False, flipVert=False, image='stim/ori2.png', interpolate=True, mask=None, maskParams=None, name='image_16', opacity=1.0, ori=0.0, pos=array([0.45, 0.06]), size=array([0.15, 0.15]), texRes=128.0, units='height', win=Window(...))
9.7151 	EXP 	window1: mouseVisible = True
9.7207 	EXP 	Created text_6 = TextStim(__class__=<class 'psychopy.visual.text.TextStim'>, alignHoriz=method-wrapper(...), alignText='center', alignVert=method-wrapper(...), anchorHoriz='center', anchorVert='center', antialias=True, autoDraw=False, autoLog=True, bold=False, color=array([1., 1., 1.]), colorSpace='rgb', contrast=1.0, depth=-6.0, draggable=False, flipHoriz=False, flipVert=False, font='Open Sans', fontFiles=[], height=0.05, italic=False, languageStyle='LTR', name='text_6', opacity=1.0, ori=0.0, pos=array([-0.4, -0.1]), rgb=UNKNOWN, text='  Which object was it?', units='height', win=Window(...), wrapWidth=1)
9.7208 	EXP 	window1: mouseVisible = True
9.7239 	EXP 	Created text_7 = TextStim(__class__=<class 'psychopy.visual.text.TextStim'>, alignHoriz=method-wrapper(...), alignText='center', alignVert=method-wrapper(...), anchorHoriz='center', anchorVert='center', antialias=True, autoDraw=False, autoLog=True, bold=False, color=array([1., 1., 1.]), colorSpace='rgb', contrast=1.0, depth=-7.0, draggable=False, flipHoriz=False, flipVert=False, font='Open Sans', fontFiles=[], height=0.05, italic=False, languageStyle='LTR', name='text_7', opacity=1.0, ori=0.0, pos=array([ 0.4, -0.1]), rgb=UNKNOWN, text='Which way was it facing?', units='height', win=Window(...), wrapWidth=1)
9.7240 	EXP 	window1: mouseVisible = True
9.7289 	EXP 	Created text = TextStim(__class__=<class 'psychopy.visual.text.TextStim'>, alignHoriz=method-wrapper(...), alignText='center', alignVert=method-wrapper(...), anchorHoriz='center', anchorVert='center', antialias=True, autoDraw=False, autoLog=True, bold=False, color=array([1., 1., 1.]), colorSpace='rgb', contrast=1.0, depth=0.0, draggable=False, flipHoriz=False, flipVert=False, font='Open Sans', fontFiles=[], height=0.05, italic=False, languageStyle='LTR', name='text', opacity=1.0, ori=0.0, pos=array([0., 0.]), rgb=UNKNOWN, text='The experiment will begin soon. Get ready!', units='height', win=Window(...), wrapWidth=1)
9.7290 	EXP 	window1: mouseVisible = True
9.7380 	EXP 	Created cue = ImageStim(__class__=<class 'psychopy.visual.image.ImageStim'>, anchor=('center', 'center'), autoLog=True, color=array([1., 1., 1.]), colorSpace='rgb', contrast=1.0, depth=0.0, draggable=False, flipHoriz=False, flipVert=False, image='default.png', interpolate=True, mask=None, maskParams=None, name='cue', opacity=1.0, ori=0.0, pos=array([0., 0.]), size=array([0.15, 0.15]), texRes=128.0, units='height', win=Window(...))
9.7381 	EXP 	window1: mouseVisible = True
9.7468 	EXP 	Created image = ImageStim(__class__=<class 'psychopy.visual.image.ImageStim'>, anchor=('center', 'center'), autoLog=True, color=array([1., 1., 1.]), colorSpace='rgb', contrast=1.0, depth=0.0, draggable=False, flipHoriz=False, flipVert=False, image='default.png', interpolate=True, mask=None, maskParams=None, name='image', opacity=1.0, ori=0.0, pos=array([0., 0.]), size=array([0.5, 0.5]), texRes=128.0, units='height', win=Window(...))
9.7469 	EXP 	window1: mouseVisible = True
9.7488 	EXP 	Created fixCrossR_2 = ShapeStim(__class__=<class 'psychopy.visual.shape.ShapeStim'>, anchor=('center', 'center'), autoDraw=False, autoLog=True, closeShape=True, color=method-wrapper(...), colorSpace='rgb', contrast=None, depth=-1.0, draggable=False, fillColor=array([-1, -1, -1]), fillColorSpace='rgb', fillRGB=array([-1, -1, -1]), interpolate=True, lineColor=array([-1., -1., -1.]), lineColorSpace='rgb', lineRGB=array([-1, -1, -1]), lineWidth=1.0, name='fixCrossR_2', opacity=1.0, ori=0.0, pos=array([0., 0.]), size=array([0.02, 0.02]), units='height', vertices=ndarray(...), win=Window(...), windingRule=None)
9.7489 	EXP 	window1: mouseVisible = True
9.7506 	EXP 	Created fixCrossR_4 = ShapeStim(__class__=<class 'psychopy.visual.shape.ShapeStim'>, anchor=('center', 'center'), autoDraw=False, autoLog=True, closeShape=True, color=method-wrapper(...), colorSpace='rgb', contrast=None, depth=0.0, draggable=False, fillColor=array([-1, -1, -1]), fillColorSpace='rgb', fillRGB=array([-1, -1, -1]), interpolate=True, lineColor=array([-1., -1., -1.]), lineColorSpace='rgb', lineRGB=array([-1, -1, -1]), lineWidth=1.0, name='fixCrossR_4', opacity=1.0, ori=0.0, pos=array([0., 0.]), size=array([0.02, 0.02]), units='height', vertices=ndarray(...), win=Window(...), windingRule=None)
9.7507 	EXP 	window1: mouseVisible = True
9.7525 	EXP 	Created fixCross = ShapeStim(__class__=<class 'psychopy.visual.shape.ShapeStim'>, anchor=('center', 'center'), autoDraw=False, autoLog=True, closeShape=True, color=method-wrapper(...), colorSpace='rgb', contrast=None, depth=0.0, draggable=False, fillColor=array([1, 1, 1]), fillColorSpace='rgb', fillRGB=array([1, 1, 1]), interpolate=True, lineColor=array([1., 1., 1.]), lineColorSpace='rgb', lineRGB=array([1, 1, 1]), lineWidth=1.0, name='fixCross', opacity=1.0, ori=0.0, pos=array([0., 0.]), size=array([0.02, 0.02]), units='height', vertices=ndarray(...), win=Window(...), windingRule=None)
9.7526 	EXP 	window1: mouseVisible = True
9.7542 	EXP 	Created text1 = TextStim(__class__=<class 'psychopy.visual.text.TextStim'>, alignHoriz=method-wrapper(...), alignText='center', alignVert=method-wrapper(...), anchorHoriz='center', anchorVert='center', antialias=True, autoDraw=False, autoLog=True, bold=False, color=array([1., 1., 1.]), colorSpace='rgb', contrast=1.0, depth=-1.0, draggable=False, flipHoriz=False, flipVert=False, font='Open Sans', fontFiles=[], height=0.05, italic=False, languageStyle='LTR', name='text1', opacity=1.0, ori=0.0, pos=array([-0.5,  0.1]), rgb=UNKNOWN, text='', units='norm', win=Window(...), wrapWidth=1)
9.7543 	EXP 	window1: mouseVisible = True
9.7553 	EXP 	Created text2 = TextStim(__class__=<class 'psychopy.visual.text.TextStim'>, alignHoriz=method-wrapper(...), alignText='center', alignVert=method-wrapper(...), anchorHoriz='center', anchorVert='center', antialias=True, autoDraw=False, autoLog=True, bold=False, color=array([1., 1., 1.]), colorSpace='rgb', contrast=1.0, depth=-2.0, draggable=False, flipHoriz=False, flipVert=False, font='Open Sans', fontFiles=[], height=0.05, italic=False, languageStyle='LTR', name='text2', opacity=1.0, ori=0.0, pos=array([-0.1666,  0.1   ]), rgb=UNKNOWN, text='', units='norm', win=Window(...), wrapWidth=1)
9.7554 	EXP 	window1: mouseVisible = True
9.7564 	EXP 	Created text3 = TextStim(__class__=<class 'psychopy.visual.text.TextStim'>, alignHoriz=method-wrapper(...), alignText='center', alignVert=method-wrapper(...), anchorHoriz='center', anchorVert='center', antialias=True, autoDraw=False, autoLog=True, bold=False, color=array([1., 1., 1.]), colorSpace='rgb', contrast=1.0, depth=-3.0, draggable=False, flipHoriz=False, flipVert=False, font='Open Sans', fontFiles=[], height=0.05, italic=False, languageStyle='LTR', name='text3', opacity=1.0, ori=0.0, pos=array([0.166, 0.1  ]), rgb=UNKNOWN, text='', units='norm', win=Window(...), wrapWidth=1)
9.7564 	EXP 	window1: mouseVisible = True
9.7574 	EXP 	Created text4 = TextStim(__class__=<class 'psychopy.visual.text.TextStim'>, alignHoriz=method-wrapper(...), alignText='center', alignVert=method-wrapper(...), anchorHoriz='center', anchorVert='center', antialias=True, autoDraw=False, autoLog=True, bold=False, color=array([1., 1., 1.]), colorSpace='rgb', contrast=1.0, depth=-4.0, draggable=False, flipHoriz=False, flipVert=False, font='Open Sans', fontFiles=[], height=0.05, italic=False, languageStyle='LTR', name='text4', opacity=1.0, ori=0.0, pos=array([0.5, 0.1]), rgb=UNKNOWN, text='', units='norm', win=Window(...), wrapWidth=1)
9.7575 	EXP 	window1: mouseVisible = True
9.7585 	EXP 	Created text5 = TextStim(__class__=<class 'psychopy.visual.text.TextStim'>, alignHoriz=method-wrapper(...), alignText='center', alignVert=method-wrapper(...), anchorHoriz='center', anchorVert='center', antialias=True, autoDraw=False, autoLog=True, bold=False, color=array([1., 1., 1.]), colorSpace='rgb', contrast=1.0, depth=-5.0, draggable=False, flipHoriz=False, flipVert=False, font='Open Sans', fontFiles=[], height=0.05, italic=False, languageStyle='LTR', name='text5', opacity=1.0, ori=0.0, pos=array([-0.5, -0.1]), rgb=UNKNOWN, text='', units='norm', win=Window(...), wrapWidth=1)
9.7585 	EXP 	window1: mouseVisible = True
9.7595 	EXP 	Created text6 = TextStim(__class__=<class 'psychopy.visual.text.TextStim'>, alignHoriz=method-wrapper(...), alignText='center', alignVert=method-wrapper(...), anchorHoriz='center', anchorVert='center', antialias=True, autoDraw=False, autoLog=True, bold=False, color=array([1., 1., 1.]), colorSpace='rgb', contrast=1.0, depth=-6.0, draggable=False, flipHoriz=False, flipVert=False, font='Open Sans', fontFiles=[], height=0.05, italic=False, languageStyle='LTR', name='text6', opacity=1.0, ori=0.0, pos=array([-0.1666, -0.1   ]), rgb=UNKNOWN, text='', units='norm', win=Window(...), wrapWidth=1)
9.7596 	EXP 	window1: mouseVisible = True
9.7606 	EXP 	Created text7 = TextStim(__class__=<class 'psychopy.visual.text.TextStim'>, alignHoriz=method-wrapper(...), alignText='center', alignVert=method-wrapper(...), anchorHoriz='center', anchorVert='center', antialias=True, autoDraw=False, autoLog=True, bold=False, color=array([1., 1., 1.]), colorSpace='rgb', contrast=1.0, depth=-7.0, draggable=False, flipHoriz=False, flipVert=False, font='Open Sans', fontFiles=[], height=0.05, italic=False, languageStyle='LTR', name='text7', opacity=1.0, ori=0.0, pos=array([ 0.1666, -0.1   ]), rgb=UNKNOWN, text='', units='norm', win=Window(...), wrapWidth=1)
9.7606 	EXP 	window1: mouseVisible = True
9.7616 	EXP 	Created text8 = TextStim(__class__=<class 'psychopy.visual.text.TextStim'>, alignHoriz=method-wrapper(...), alignText='center', alignVert=method-wrapper(...), anchorHoriz='center', anchorVert='center', antialias=True, autoDraw=False, autoLog=True, bold=False, color=array([1., 1., 1.]), colorSpace='rgb', contrast=1.0, depth=-8.0, draggable=False, flipHoriz=False, flipVert=False, font='Open Sans', fontFiles=[], height=0.05, italic=False, languageStyle='LTR', name='text8', opacity=1.0, ori=0.0, pos=array([ 0.5, -0.1]), rgb=UNKNOWN, text='', units='norm', win=Window(...), wrapWidth=1)
9.7618 	EXP 	window1: mouseVisible = True
9.7627 	EXP 	Created num1 = TextStim(__class__=<class 'psychopy.visual.text.TextStim'>, alignHoriz=method-wrapper(...), alignText='center', alignVert=method-wrapper(...), anchorHoriz='center', anchorVert='center', antialias=True, autoDraw=False, autoLog=True, bold=False, color=array([1., 1., 1.]), colorSpace='rgb', contrast=1.0, depth=-10.0, draggable=False, flipHoriz=False, flipVert=False, font='Open Sans', fontFiles=[], height=0.1, italic=False, languageStyle='LTR', name='num1', opacity=1.0, ori=0.0, pos=array([-0.5,  0.3]), rgb=UNKNOWN, text='', units='norm', win=Window(...), wrapWidth=1)
9.7628 	EXP 	window1: mouseVisible = True
9.7638 	EXP 	Created num2 = TextStim(__class__=<class 'psychopy.visual.text.TextStim'>, alignHoriz=method-wrapper(...), alignText='center', alignVert=method-wrapper(...), anchorHoriz='center', anchorVert='center', antialias=True, autoDraw=False, autoLog=True, bold=False, color=array([1., 1., 1.]), colorSpace='rgb', contrast=1.0, depth=-11.0, draggable=False, flipHoriz=False, flipVert=False, font='Open Sans', fontFiles=[], height=0.1, italic=False, languageStyle='LTR', name='num2', opacity=1.0, ori=0.0, pos=array([-0.1666,  0.3   ]), rgb=UNKNOWN, text='', units='norm', win=Window(...), wrapWidth=1)
9.7638 	EXP 	window1: mouseVisible = True
9.7648 	EXP 	Created num3 = TextStim(__class__=<class 'psychopy.visual.text.TextStim'>, alignHoriz=method-wrapper(...), alignText='center', alignVert=method-wrapper(...), anchorHoriz='center', anchorVert='center', antialias=True, autoDraw=False, autoLog=True, bold=False, color=array([1., 1., 1.]), colorSpace='rgb', contrast=1.0, depth=-12.0, draggable=False, flipHoriz=False, flipVert=False, font='Open Sans', fontFiles=[], height=0.1, italic=False, languageStyle='LTR', name='num3', opacity=1.0, ori=0.0, pos=array([0.1666, 0.3   ]), rgb=UNKNOWN, text='', units='norm', win=Window(...), wrapWidth=1)
9.7649 	EXP 	window1: mouseVisible = True
9.7659 	EXP 	Created num4 = TextStim(__class__=<class 'psychopy.visual.text.TextStim'>, alignHoriz=method-wrapper(...), alignText='center', alignVert=method-wrapper(...), anchorHoriz='center', anchorVert='center', antialias=True, autoDraw=False, autoLog=True, bold=False, color=array([1., 1., 1.]), colorSpace='rgb', contrast=1.0, depth=-13.0, draggable=False, flipHoriz=False, flipVert=False, font='Open Sans', fontFiles=[], height=0.1, italic=False, languageStyle='LTR', name='num4', opacity=1.0, ori=0.0, pos=array([0.5, 0.3]), rgb=UNKNOWN, text='', units='norm', win=Window(...), wrapWidth=1)
9.7660 	EXP 	window1: mouseVisible = True
9.7677 	EXP 	Created fixCrossR = ShapeStim(__class__=<class 'psychopy.visual.shape.ShapeStim'>, anchor=('center', 'center'), autoDraw=False, autoLog=True, closeShape=True, color=method-wrapper(...), colorSpace='rgb', contrast=None, depth=0.0, draggable=False, fillColor=array([-1, -1, -1]), fillColorSpace='rgb', fillRGB=array([-1, -1, -1]), interpolate=True, lineColor=array([-1., -1., -1.]), lineColorSpace='rgb', lineRGB=array([-1, -1, -1]), lineWidth=1.0, name='fixCrossR', opacity=1.0, ori=0.0, pos=array([0., 0.]), size=array([0.02, 0.02]), units='height', vertices=ndarray(...), win=Window(...), windingRule=None)
9.7678 	EXP 	window1: mouseVisible = True
9.7732 	EXP 	Created text_17 = TextStim(__class__=<class 'psychopy.visual.text.TextStim'>, alignHoriz=method-wrapper(...), alignText='center', alignVert=method-wrapper(...), anchorHoriz='center', anchorVert='center', antialias=True, autoDraw=False, autoLog=True, bold=False, color=array([1., 1., 1.]), colorSpace='rgb', contrast=1.0, depth=0.0, draggable=False, flipHoriz=False, flipVert=False, font='Open Sans', fontFiles=[], height=0.05, italic=False, languageStyle='LTR', name='text_17', opacity=1.0, ori=0.0, pos=array([0., 0.]), rgb=UNKNOWN, text='End of run, please relax for a moment.', units='height', win=Window(...), wrapWidth=1)
0.0198 	EXP 	Created sequence: random, trialTypes=1, nReps=999, seed=None
0.0225 	EXP 	New trial (rep=0, index=0): None
0.0272 	EXP 	Imported instructions/Instructions_doc.xlsx as conditions, 1 conditions, 1 params
0.0275 	EXP 	Created sequence: sequential, trialTypes=1, nReps=1, seed=None
0.0277 	EXP 	New trial (rep=0, index=0): {'InstructionsFilepath': 'instructions//slide1.png'}
0.1305 	EXP 	imageInstruct: image = 'instructions//slide1.png'
0.1305 	EXP 	imageInstruct: autoDraw = True
1.8653 	DATA 	Mouse: Left button down, pos=(1718,1000)
1.9090 	EXP 	New trial (rep=1, index=0): None
1.9141 	EXP 	Imported instructions/Instructions_doc.xlsx as conditions, 1 conditions, 1 params
1.9144 	EXP 	Created sequence: sequential, trialTypes=1, nReps=1, seed=None
1.9146 	EXP 	New trial (rep=0, index=0): {'InstructionsFilepath': 'instructions//slide2.png'}
2.0072 	EXP 	imageInstruct: autoDraw = False
2.0072 	EXP 	imageInstruct: image = 'instructions//slide2.png'
2.0072 	EXP 	imageInstruct: autoDraw = True
2.0391 	DATA 	Mouse:  Left button up, pos=(1718,1000)
2.4031 	DATA 	Mouse: Left button down, pos=(1718,1000)
2.4475 	EXP 	New trial (rep=2, index=0): None
2.4523 	EXP 	Imported instructions/Instructions_doc.xlsx as conditions, 1 conditions, 1 params
2.4526 	EXP 	Created sequence: sequential, trialTypes=1, nReps=1, seed=None
2.4528 	EXP 	New trial (rep=0, index=0): {'InstructionsFilepath': 'instructions//slide3.png'}
2.5458 	DATA 	Mouse:  Left button up, pos=(1718,1000)
2.5681 	EXP 	imageInstruct: autoDraw = False
2.5681 	EXP 	imageInstruct: image = 'instructions//slide3.png'
2.5681 	EXP 	imageInstruct: autoDraw = True
2.8853 	DATA 	Mouse: Left button down, pos=(1721,1002)
2.9431 	EXP 	New trial (rep=3, index=0): None
2.9478 	EXP 	Imported instructions/Instructions_doc.xlsx as conditions, 1 conditions, 1 params
2.9481 	EXP 	Created sequence: sequential, trialTypes=1, nReps=1, seed=None
2.9483 	EXP 	New trial (rep=0, index=0): {'InstructionsFilepath': 'instructions//slide4.png'}
3.0448 	DATA 	Mouse:  Left button up, pos=(1721,1002)
3.0669 	EXP 	imageInstruct: autoDraw = False
3.0669 	EXP 	imageInstruct: image = 'instructions//slide4.png'
3.0669 	EXP 	imageInstruct: autoDraw = True
3.4532 	DATA 	Mouse: Left button down, pos=(1721,1002)
3.5147 	EXP 	New trial (rep=4, index=0): None
3.5192 	EXP 	Imported instructions/Instructions_doc.xlsx as conditions, 1 conditions, 1 params
3.5195 	EXP 	Created sequence: sequential, trialTypes=1, nReps=1, seed=None
3.5197 	EXP 	New trial (rep=0, index=0): {'InstructionsFilepath': 'instructions//slide5.png'}
3.5900 	DATA 	Mouse:  Left button up, pos=(1721,1002)
3.6136 	EXP 	imageInstruct: autoDraw = False
3.6136 	EXP 	imageInstruct: image = 'instructions//slide5.png'
3.6136 	EXP 	imageInstruct: autoDraw = True
3.9805 	DATA 	Mouse: Left button down, pos=(1723,1007)
4.0325 	EXP 	New trial (rep=5, index=0): None
4.0370 	EXP 	Imported instructions/Instructions_doc.xlsx as conditions, 1 conditions, 1 params
4.0373 	EXP 	Created sequence: sequential, trialTypes=1, nReps=1, seed=None
4.0374 	EXP 	New trial (rep=0, index=0): {'InstructionsFilepath': 'instructions//slide6.png'}
4.1064 	DATA 	Mouse:  Left button up, pos=(1723,1007)
4.1298 	EXP 	imageInstruct: autoDraw = False
4.1298 	EXP 	imageInstruct: image = 'instructions//slide6.png'
4.1298 	EXP 	imageInstruct: autoDraw = True
4.7182 	DATA 	Mouse: Left button down, pos=(1723,1007)
4.7880 	EXP 	New trial (rep=6, index=0): None
4.7925 	EXP 	Imported instructions/Instructions_doc.xlsx as conditions, 1 conditions, 1 params
4.7929 	EXP 	Created sequence: sequential, trialTypes=1, nReps=0, seed=None
4.8994 	DATA 	Mouse:  Left button up, pos=(1723,1007)
4.9202 	EXP 	imageInstruct: autoDraw = False
4.9202 	EXP 	text_8: autoDraw = True
4.9202 	EXP 	image_17: autoDraw = True
6.0688 	DATA 	Mouse: Left button down, pos=(1167,326)
6.0832 	EXP 	text_8: autoDraw = False
6.0832 	EXP 	image_17: autoDraw = False
6.0832 	EXP 	text_9: autoDraw = True
6.0832 	EXP 	image_18: autoDraw = True
6.1865 	DATA 	Mouse:  Left button up, pos=(1167,326)
6.7343 	DATA 	Mouse: Left button down, pos=(840,352)
6.7505 	EXP 	text_9: autoDraw = False
6.7505 	EXP 	image_18: autoDraw = False
6.7505 	EXP 	text_10: autoDraw = True
6.7505 	EXP 	image_19: autoDraw = True
6.8849 	DATA 	Mouse:  Left button up, pos=(840,352)
7.4345 	DATA 	Mouse: Left button down, pos=(1222,375)
7.4497 	EXP 	text_10: autoDraw = False
7.4497 	EXP 	image_19: autoDraw = False
7.4497 	EXP 	text_11: autoDraw = True
7.4497 	EXP 	image_20: autoDraw = True
7.5696 	DATA 	Mouse:  Left button up, pos=(1222,375)
8.0689 	DATA 	Mouse: Left button down, pos=(782,390)
8.1801 	EXP 	text_11: autoDraw = False
8.1801 	EXP 	image_20: autoDraw = False
8.1801 	EXP 	imageInstruct_2: image = 'instructions//slide6.png'
8.1801 	EXP 	imageInstruct_2: autoDraw = True
8.1807 	DATA 	Mouse:  Left button up, pos=(782,390)
9.7343 	DATA 	Keypress: escape
9.9478 	EXP 	pilotv2: status = STOPPED
9.9632 	EXP 	imageInstruct_2: autoDraw = False
9.9634 	EXP 	pilotv2: status = STOPPED
10.0586 	EXP 	window1: mouseVisible = True
