3.8312 	ERROR 	Support for the `sounddevice` audio backend is not available this session. Please install `psychopy-sounddevice` and restart the session to enable support.
8.3009 	WARNING 	User requested fullscreen with size [1280  720], but screen is actually [1920, 1080]. Using actual size
9.3582 	EXP 	Created window1 = Window(allowGUI=True, allowStencil=False, autoLog=True, backendConf=UNKNOWN, backgroundFit=<method-wrapper '__getattribute__' of attributeSetter object at 0x000001375398AD30>, backgroundImage=<method-wrapper '__getattribute__' of attributeSetter object at 0x000001375398ACD0>, bitsMode=UNKNOWN, blendMode='avg', bpc=(8, 8, 8), color=array([-0.2235, -0.2314, -0.2314]), colorSpace='rgb', depthBits=8, fullscr=<method-wrapper '__getattribute__' of attributeSetter object at 0x000001375398AAF0>, gamma=None, gammaErrorPolicy='raise', lms=UNKNOWN, monitor=<psychopy.monitors.calibTools.Monitor object at 0x0000013753F2CCA0>, multiSample=False, name='window1', numSamples=2, pos=(0, 0), screen=0, size=array([1920, 1080]), stencilBits=0, stereo=False, title='PsychoPy', units='height', useFBO=True, useRetina=False, viewOri=0.0, viewPos=None, viewScale=None, waitBlanking=True, winType='pyglet')
9.3583 	EXP 	window1: mouseVisible = True
9.3584 	EXP 	window1: backgroundImage = ''
9.3584 	EXP 	window1: backgroundFit = 'none'
9.3612 	EXP 	window1: Attempting to measure frame rate of screen (0) ...
9.3612 	EXP 	window1: recordFrameIntervals = False
9.5242 	EXP 	window1: recordFrameIntervals = True
9.7070 	EXP 	Screen (0) actual frame rate measured at 60.32Hz
9.7071 	EXP 	window1: recordFrameIntervals = False
9.7074 	EXP 	window1: mouseVisible = False
13.2128 	EXP 	pilotv1: status = STARTED
13.2134 	EXP 	window1: mouseVisible = True
13.3189 	EXP 	Created welcometext = TextStim(__class__=<class 'psychopy.visual.text.TextStim'>, alignHoriz=method-wrapper(...), alignText='center', alignVert=method-wrapper(...), anchorHoriz='center', anchorVert='center', antialias=True, autoDraw=False, autoLog=True, bold=False, color=array([1., 1., 1.]), colorSpace='rgb', contrast=1.0, depth=0.0, draggable=False, flipHoriz=False, flipVert=False, font='Open Sans', fontFiles=[], height=0.05, italic=False, languageStyle='LTR', name='welcometext', opacity=1.0, ori=0.0, pos=array([0., 0.]), rgb=UNKNOWN, text=str(...), units='height', win=Window(...), wrapWidth=1)
13.3192 	EXP 	window1: mouseVisible = True
13.3385 	EXP 	Created instr_2 = TextStim(__class__=<class 'psychopy.visual.text.TextStim'>, alignHoriz=method-wrapper(...), alignText='center', alignVert=method-wrapper(...), anchorHoriz='center', anchorVert='center', antialias=True, autoDraw=False, autoLog=True, bold=False, color=array([1., 1., 1.]), colorSpace='rgb', contrast=1.0, depth=0.0, draggable=False, flipHoriz=False, flipVert=False, font='Open Sans', fontFiles=[], height=0.05, italic=False, languageStyle='LTR', name='instr_2', opacity=1.0, ori=0.0, pos=array([0., 0.]), rgb=UNKNOWN, text=str(...), units='height', win=Window(...), wrapWidth=1)
13.3387 	EXP 	window1: mouseVisible = True
13.3576 	EXP 	Created text_2 = TextStim(__class__=<class 'psychopy.visual.text.TextStim'>, alignHoriz=method-wrapper(...), alignText='center', alignVert=method-wrapper(...), anchorHoriz='center', anchorVert='center', antialias=True, autoDraw=False, autoLog=True, bold=False, color=array([1., 1., 1.]), colorSpace='rgb', contrast=1.0, depth=-1.0, draggable=False, flipHoriz=False, flipVert=False, font='Open Sans', fontFiles=[], height=0.05, italic=False, languageStyle='LTR', name='text_2', opacity=1.0, ori=0.0, pos=array([0., 0.]), rgb=UNKNOWN, text=str(...), units='height', win=Window(...), wrapWidth=1)
13.3578 	EXP 	window1: mouseVisible = True
13.8402 	EXP 	Created image_2 = ImageStim(__class__=<class 'psychopy.visual.image.ImageStim'>, anchor=('center', 'center'), autoLog=True, color=array([1., 1., 1.]), colorSpace='rgb', contrast=1.0, depth=-2.0, draggable=False, flipHoriz=False, flipVert=False, image='stim/car2.png', interpolate=True, mask=None, maskParams=None, name='image_2', opacity=1.0, ori=0.0, pos=array([0.  , 0.18]), size=array([0.3, 0.3]), texRes=128.0, units='height', win=Window(...))
13.8404 	EXP 	window1: mouseVisible = True
13.8464 	EXP 	Created image_3 = ImageStim(__class__=<class 'psychopy.visual.image.ImageStim'>, anchor=('center', 'center'), autoLog=True, color=array([1., 1., 1.]), colorSpace='rgb', contrast=1.0, depth=-1.0, draggable=False, flipHoriz=False, flipVert=False, image='stim/obj1.png', interpolate=True, mask=None, maskParams=None, name='image_3', opacity=1.0, ori=0.0, pos=array([-0.1 ,  0.25]), size=array([0.15, 0.15]), texRes=128.0, units='height', win=Window(...))
13.8465 	EXP 	window1: mouseVisible = True
13.8535 	EXP 	Created image_4 = ImageStim(__class__=<class 'psychopy.visual.image.ImageStim'>, anchor=('center', 'center'), autoLog=True, color=array([1., 1., 1.]), colorSpace='rgb', contrast=1.0, depth=-2.0, draggable=False, flipHoriz=False, flipVert=False, image='stim/obj2.png', interpolate=True, mask=None, maskParams=None, name='image_4', opacity=1.0, ori=0.0, pos=array([0.1 , 0.25]), size=array([0.15, 0.15]), texRes=128.0, units='height', win=Window(...))
13.8537 	EXP 	window1: mouseVisible = True
14.3667 	EXP 	Created image_5 = ImageStim(__class__=<class 'psychopy.visual.image.ImageStim'>, anchor=('center', 'center'), autoLog=True, color=array([1., 1., 1.]), colorSpace='rgb', contrast=1.0, depth=-3.0, draggable=False, flipHoriz=False, flipVert=False, image='stim/car2.png', interpolate=True, mask=None, maskParams=None, name='image_5', opacity=1.0, ori=0.0, pos=array([-0.33, -0.05]), size=array([0.2, 0.2]), texRes=128.0, units='height', win=Window(...))
14.3668 	EXP 	window1: mouseVisible = True
14.8424 	EXP 	Created image_6 = ImageStim(__class__=<class 'psychopy.visual.image.ImageStim'>, anchor=('center', 'center'), autoLog=True, color=array([1., 1., 1.]), colorSpace='rgb', contrast=1.0, depth=-4.0, draggable=False, flipHoriz=False, flipVert=False, image='stim/turtle3.png', interpolate=True, mask=None, maskParams=None, name='image_6', opacity=1.0, ori=0.0, pos=array([-0.11, -0.05]), size=array([0.2, 0.2]), texRes=128.0, units='height', win=Window(...))
14.8426 	EXP 	window1: mouseVisible = True
15.3322 	EXP 	Created image_22 = ImageStim(__class__=<class 'psychopy.visual.image.ImageStim'>, anchor=('center', 'center'), autoLog=True, color=array([1., 1., 1.]), colorSpace='rgb', contrast=1.0, depth=-5.0, draggable=False, flipHoriz=False, flipVert=False, image='stim/shoe4.png', interpolate=True, mask=None, maskParams=None, name='image_22', opacity=1.0, ori=0.0, pos=array([ 0.11, -0.05]), size=array([0.2, 0.2]), texRes=128.0, units='height', win=Window(...))
15.3324 	EXP 	window1: mouseVisible = True
15.7990 	EXP 	Created image_23 = ImageStim(__class__=<class 'psychopy.visual.image.ImageStim'>, anchor=('center', 'center'), autoLog=True, color=array([1., 1., 1.]), colorSpace='rgb', contrast=1.0, depth=-6.0, draggable=False, flipHoriz=False, flipVert=False, image='stim/horse1.png', interpolate=True, mask=None, maskParams=None, name='image_23', opacity=1.0, ori=0.0, pos=array([ 0.33, -0.05]), size=array([0.2, 0.2]), texRes=128.0, units='height', win=Window(...))
15.7992 	EXP 	window1: mouseVisible = True
15.8175 	EXP 	Created text_3 = TextStim(__class__=<class 'psychopy.visual.text.TextStim'>, alignHoriz=method-wrapper(...), alignText='center', alignVert=method-wrapper(...), anchorHoriz='center', anchorVert='center', antialias=True, autoDraw=False, autoLog=True, bold=False, color=array([1., 1., 1.]), colorSpace='rgb', contrast=1.0, depth=-7.0, draggable=False, flipHoriz=False, flipVert=False, font='Open Sans', fontFiles=[], height=0.05, italic=False, languageStyle='LTR', name='text_3', opacity=1.0, ori=0.0, pos=array([0., 0.]), rgb=UNKNOWN, text=str(...), units='height', win=Window(...), wrapWidth=1)
15.8176 	EXP 	window1: mouseVisible = True
15.8248 	EXP 	Created image_7 = ImageStim(__class__=<class 'psychopy.visual.image.ImageStim'>, anchor=('center', 'center'), autoLog=True, color=array([1., 1., 1.]), colorSpace='rgb', contrast=1.0, depth=0.0, draggable=False, flipHoriz=False, flipVert=False, image='stim/ori1.png', interpolate=True, mask=None, maskParams=None, name='image_7', opacity=1.0, ori=0.0, pos=array([-0.1 ,  0.25]), size=array([0.15, 0.15]), texRes=128.0, units='height', win=Window(...))
15.8250 	EXP 	window1: mouseVisible = True
15.8304 	EXP 	Created image_8 = ImageStim(__class__=<class 'psychopy.visual.image.ImageStim'>, anchor=('center', 'center'), autoLog=True, color=array([1., 1., 1.]), colorSpace='rgb', contrast=1.0, depth=-1.0, draggable=False, flipHoriz=False, flipVert=False, image='stim/ori2.png', interpolate=True, mask=None, maskParams=None, name='image_8', opacity=1.0, ori=0.0, pos=array([0.1 , 0.25]), size=array([0.15, 0.15]), texRes=128.0, units='height', win=Window(...))
15.8306 	EXP 	window1: mouseVisible = True
16.6601 	EXP 	Created image_9 = ImageStim(__class__=<class 'psychopy.visual.image.ImageStim'>, anchor=('center', 'center'), autoLog=True, color=array([1., 1., 1.]), colorSpace='rgb', contrast=1.0, depth=-2.0, draggable=False, flipHoriz=False, flipVert=False, image='stim/car1.png', interpolate=True, mask=None, maskParams=None, name='image_9', opacity=1.0, ori=0.0, pos=array([-0.4 , -0.06]), size=array([0.2, 0.2]), texRes=128.0, units='height', win=Window(...))
16.6602 	EXP 	window1: mouseVisible = True
17.2399 	EXP 	Created image_10 = ImageStim(__class__=<class 'psychopy.visual.image.ImageStim'>, anchor=('center', 'center'), autoLog=True, color=array([1., 1., 1.]), colorSpace='rgb', contrast=1.0, depth=-3.0, draggable=False, flipHoriz=False, flipVert=False, image='stim/car2.png', interpolate=True, mask=None, maskParams=None, name='image_10', opacity=1.0, ori=0.0, pos=array([-0.15, -0.06]), size=array([0.2, 0.2]), texRes=128.0, units='height', win=Window(...))
17.2401 	EXP 	window1: mouseVisible = True
17.6999 	EXP 	Created image_11 = ImageStim(__class__=<class 'psychopy.visual.image.ImageStim'>, anchor=('center', 'center'), autoLog=True, color=array([1., 1., 1.]), colorSpace='rgb', contrast=1.0, depth=-4.0, draggable=False, flipHoriz=False, flipVert=False, image='stim/car3.png', interpolate=True, mask=None, maskParams=None, name='image_11', opacity=1.0, ori=0.0, pos=array([ 0.13, -0.06]), size=array([0.2, 0.2]), texRes=128.0, units='height', win=Window(...))
17.7000 	EXP 	window1: mouseVisible = True
18.1672 	EXP 	Created image_12 = ImageStim(__class__=<class 'psychopy.visual.image.ImageStim'>, anchor=('center', 'center'), autoLog=True, color=array([1., 1., 1.]), colorSpace='rgb', contrast=1.0, depth=-5.0, draggable=False, flipHoriz=False, flipVert=False, image='stim/car4.png', interpolate=True, mask=None, maskParams=None, name='image_12', opacity=1.0, ori=0.0, pos=array([ 0.39, -0.06]), size=array([0.2, 0.2]), texRes=128.0, units='height', win=Window(...))
18.1674 	EXP 	window1: mouseVisible = True
18.1821 	EXP 	Created text_4 = TextStim(__class__=<class 'psychopy.visual.text.TextStim'>, alignHoriz=method-wrapper(...), alignText='center', alignVert=method-wrapper(...), anchorHoriz='center', anchorVert='center', antialias=True, autoDraw=False, autoLog=True, bold=False, color=array([1., 1., 1.]), colorSpace='rgb', contrast=1.0, depth=-6.0, draggable=False, flipHoriz=False, flipVert=False, font='Open Sans', fontFiles=[], height=0.05, italic=False, languageStyle='LTR', name='text_4', opacity=1.0, ori=0.0, pos=array([0., 0.]), rgb=UNKNOWN, text=str(...), units='height', win=Window(...), wrapWidth=1)
18.1823 	EXP 	window1: mouseVisible = True
18.1923 	EXP 	Created text_5 = TextStim(__class__=<class 'psychopy.visual.text.TextStim'>, alignHoriz=method-wrapper(...), alignText='center', alignVert=method-wrapper(...), anchorHoriz='center', anchorVert='center', antialias=True, autoDraw=False, autoLog=True, bold=False, color=array([1., 1., 1.]), colorSpace='rgb', contrast=1.0, depth=-1.0, draggable=False, flipHoriz=False, flipVert=False, font='Open Sans', fontFiles=[], height=0.05, italic=False, languageStyle='LTR', name='text_5', opacity=1.0, ori=0.0, pos=array([0., 0.]), rgb=UNKNOWN, text=str(...), units='height', win=Window(...), wrapWidth=1)
18.1925 	EXP 	window1: mouseVisible = True
18.1997 	EXP 	Created image_13 = ImageStim(__class__=<class 'psychopy.visual.image.ImageStim'>, anchor=('center', 'center'), autoLog=True, color=array([1., 1., 1.]), colorSpace='rgb', contrast=1.0, depth=-2.0, draggable=False, flipHoriz=False, flipVert=False, image='stim/obj1.png', interpolate=True, mask=None, maskParams=None, name='image_13', opacity=1.0, ori=0.0, pos=array([-0.45,  0.06]), size=array([0.15, 0.15]), texRes=128.0, units='height', win=Window(...))
18.1999 	EXP 	window1: mouseVisible = True
18.2079 	EXP 	Created image_14 = ImageStim(__class__=<class 'psychopy.visual.image.ImageStim'>, anchor=('center', 'center'), autoLog=True, color=array([1., 1., 1.]), colorSpace='rgb', contrast=1.0, depth=-3.0, draggable=False, flipHoriz=False, flipVert=False, image='stim/obj2.png', interpolate=True, mask=None, maskParams=None, name='image_14', opacity=1.0, ori=0.0, pos=array([-0.25,  0.06]), size=array([0.15, 0.15]), texRes=128.0, units='height', win=Window(...))
18.2081 	EXP 	window1: mouseVisible = True
18.2164 	EXP 	Created image_15 = ImageStim(__class__=<class 'psychopy.visual.image.ImageStim'>, anchor=('center', 'center'), autoLog=True, color=array([1., 1., 1.]), colorSpace='rgb', contrast=1.0, depth=-4.0, draggable=False, flipHoriz=False, flipVert=False, image='stim/ori1.png', interpolate=True, mask=None, maskParams=None, name='image_15', opacity=1.0, ori=0.0, pos=array([0.25, 0.06]), size=array([0.15, 0.15]), texRes=128.0, units='height', win=Window(...))
18.2166 	EXP 	window1: mouseVisible = True
18.2244 	EXP 	Created image_16 = ImageStim(__class__=<class 'psychopy.visual.image.ImageStim'>, anchor=('center', 'center'), autoLog=True, color=array([1., 1., 1.]), colorSpace='rgb', contrast=1.0, depth=-5.0, draggable=False, flipHoriz=False, flipVert=False, image='stim/ori2.png', interpolate=True, mask=None, maskParams=None, name='image_16', opacity=1.0, ori=0.0, pos=array([0.45, 0.06]), size=array([0.15, 0.15]), texRes=128.0, units='height', win=Window(...))
18.2247 	EXP 	window1: mouseVisible = True
18.2571 	EXP 	Created text_6 = TextStim(__class__=<class 'psychopy.visual.text.TextStim'>, alignHoriz=method-wrapper(...), alignText='center', alignVert=method-wrapper(...), anchorHoriz='center', anchorVert='center', antialias=True, autoDraw=False, autoLog=True, bold=False, color=array([1., 1., 1.]), colorSpace='rgb', contrast=1.0, depth=-6.0, draggable=False, flipHoriz=False, flipVert=False, font='Open Sans', fontFiles=[], height=0.05, italic=False, languageStyle='LTR', name='text_6', opacity=1.0, ori=0.0, pos=array([-0.4, -0.1]), rgb=UNKNOWN, text='  Which object was it?', units='height', win=Window(...), wrapWidth=1)
18.2573 	EXP 	window1: mouseVisible = True
18.2614 	EXP 	Created text_7 = TextStim(__class__=<class 'psychopy.visual.text.TextStim'>, alignHoriz=method-wrapper(...), alignText='center', alignVert=method-wrapper(...), anchorHoriz='center', anchorVert='center', antialias=True, autoDraw=False, autoLog=True, bold=False, color=array([1., 1., 1.]), colorSpace='rgb', contrast=1.0, depth=-7.0, draggable=False, flipHoriz=False, flipVert=False, font='Open Sans', fontFiles=[], height=0.05, italic=False, languageStyle='LTR', name='text_7', opacity=1.0, ori=0.0, pos=array([ 0.4, -0.1]), rgb=UNKNOWN, text='Which way was it facing?', units='height', win=Window(...), wrapWidth=1)
18.2617 	EXP 	window1: mouseVisible = True
18.2695 	EXP 	Created text_8 = TextStim(__class__=<class 'psychopy.visual.text.TextStim'>, alignHoriz=method-wrapper(...), alignText='center', alignVert=method-wrapper(...), anchorHoriz='center', anchorVert='center', antialias=True, autoDraw=False, autoLog=True, bold=False, color=array([1., 1., 1.]), colorSpace='rgb', contrast=1.0, depth=0.0, draggable=False, flipHoriz=False, flipVert=False, font='Open Sans', fontFiles=[], height=0.05, italic=False, languageStyle='LTR', name='text_8', opacity=1.0, ori=0.0, pos=array([0., 0.]), rgb=UNKNOWN, text=str(...), units='height', win=Window(...), wrapWidth=1)
18.2698 	EXP 	window1: mouseVisible = True
18.2699 	EXP 	window1: mouseVisible = True
18.2705 	EXP 	window1: mouseVisible = True
18.2710 	EXP 	window1: mouseVisible = True
18.3023 	EXP 	window1: mouseVisible = True
18.3025 	EXP 	window1: mouseVisible = True
18.3030 	EXP 	window1: mouseVisible = True
18.3036 	EXP 	window1: mouseVisible = True
18.3169 	EXP 	window1: mouseVisible = True
18.3171 	EXP 	window1: mouseVisible = True
18.3173 	EXP 	window1: mouseVisible = True
18.3178 	EXP 	window1: mouseVisible = True
18.3183 	EXP 	window1: mouseVisible = True
18.3289 	EXP 	window1: mouseVisible = True
18.3290 	EXP 	window1: mouseVisible = True
18.3296 	EXP 	window1: mouseVisible = True
18.3301 	EXP 	window1: mouseVisible = True
18.3343 	EXP 	window1: mouseVisible = True
18.3343 	EXP 	window1: mouseVisible = True
18.3390 	EXP 	Created image_17 = ImageStim(__class__=<class 'psychopy.visual.image.ImageStim'>, anchor=('center', 'center'), autoLog=True, color=array([1., 1., 1.]), colorSpace='rgb', contrast=1.0, depth=-3.0, draggable=False, flipHoriz=False, flipVert=False, image='stim/ori1.png', interpolate=True, mask=None, maskParams=None, name='image_17', opacity=1.0, ori=0.0, pos=array([0.  , 0.23]), size=array([0.15, 0.15]), texRes=128.0, units='height', win=Window(...))
18.3391 	EXP 	window1: mouseVisible = True
18.3461 	EXP 	Created text_9 = TextStim(__class__=<class 'psychopy.visual.text.TextStim'>, alignHoriz=method-wrapper(...), alignText='center', alignVert=method-wrapper(...), anchorHoriz='center', anchorVert='center', antialias=True, autoDraw=False, autoLog=True, bold=False, color=array([1., 1., 1.]), colorSpace='rgb', contrast=1.0, depth=0.0, draggable=False, flipHoriz=False, flipVert=False, font='Open Sans', fontFiles=[], height=0.05, italic=False, languageStyle='LTR', name='text_9', opacity=1.0, ori=0.0, pos=array([0., 0.]), rgb=UNKNOWN, text=str(...), units='height', win=Window(...), wrapWidth=1)
18.3463 	EXP 	window1: mouseVisible = True
18.3465 	EXP 	window1: mouseVisible = True
18.3470 	EXP 	window1: mouseVisible = True
18.3475 	EXP 	window1: mouseVisible = True
18.3522 	EXP 	window1: mouseVisible = True
18.3524 	EXP 	window1: mouseVisible = True
18.3529 	EXP 	window1: mouseVisible = True
18.3534 	EXP 	window1: mouseVisible = True
18.3576 	EXP 	window1: mouseVisible = True
18.3578 	EXP 	window1: mouseVisible = True
18.3580 	EXP 	window1: mouseVisible = True
18.3585 	EXP 	window1: mouseVisible = True
18.3590 	EXP 	window1: mouseVisible = True
18.3637 	EXP 	window1: mouseVisible = True
18.3639 	EXP 	window1: mouseVisible = True
18.3645 	EXP 	window1: mouseVisible = True
18.3650 	EXP 	window1: mouseVisible = True
18.3691 	EXP 	window1: mouseVisible = True
18.3691 	EXP 	window1: mouseVisible = True
18.3740 	EXP 	Created image_18 = ImageStim(__class__=<class 'psychopy.visual.image.ImageStim'>, anchor=('center', 'center'), autoLog=True, color=array([1., 1., 1.]), colorSpace='rgb', contrast=1.0, depth=-3.0, draggable=False, flipHoriz=False, flipVert=False, image='stim/obj2.png', interpolate=True, mask=None, maskParams=None, name='image_18', opacity=1.0, ori=0.0, pos=array([0.  , 0.23]), size=array([0.15, 0.15]), texRes=128.0, units='height', win=Window(...))
18.3741 	EXP 	window1: mouseVisible = True
18.3807 	EXP 	Created text_10 = TextStim(__class__=<class 'psychopy.visual.text.TextStim'>, alignHoriz=method-wrapper(...), alignText='center', alignVert=method-wrapper(...), anchorHoriz='center', anchorVert='center', antialias=True, autoDraw=False, autoLog=True, bold=False, color=array([1., 1., 1.]), colorSpace='rgb', contrast=1.0, depth=0.0, draggable=False, flipHoriz=False, flipVert=False, font='Open Sans', fontFiles=[], height=0.05, italic=False, languageStyle='LTR', name='text_10', opacity=1.0, ori=0.0, pos=array([0., 0.]), rgb=UNKNOWN, text=str(...), units='height', win=Window(...), wrapWidth=1)
18.3810 	EXP 	window1: mouseVisible = True
18.3811 	EXP 	window1: mouseVisible = True
18.3817 	EXP 	window1: mouseVisible = True
18.3821 	EXP 	window1: mouseVisible = True
18.3868 	EXP 	window1: mouseVisible = True
18.3870 	EXP 	window1: mouseVisible = True
18.3885 	EXP 	window1: mouseVisible = True
18.3891 	EXP 	window1: mouseVisible = True
18.3932 	EXP 	window1: mouseVisible = True
18.3934 	EXP 	window1: mouseVisible = True
18.3936 	EXP 	window1: mouseVisible = True
18.3941 	EXP 	window1: mouseVisible = True
18.3946 	EXP 	window1: mouseVisible = True
18.3992 	EXP 	window1: mouseVisible = True
18.3993 	EXP 	window1: mouseVisible = True
18.3998 	EXP 	window1: mouseVisible = True
18.4003 	EXP 	window1: mouseVisible = True
18.4045 	EXP 	window1: mouseVisible = True
18.4046 	EXP 	window1: mouseVisible = True
18.4090 	EXP 	Created image_19 = ImageStim(__class__=<class 'psychopy.visual.image.ImageStim'>, anchor=('center', 'center'), autoLog=True, color=array([1., 1., 1.]), colorSpace='rgb', contrast=1.0, depth=-3.0, draggable=False, flipHoriz=False, flipVert=False, image='stim/ori2.png', interpolate=True, mask=None, maskParams=None, name='image_19', opacity=1.0, ori=0.0, pos=array([0.  , 0.23]), size=array([0.15, 0.15]), texRes=128.0, units='height', win=Window(...))
18.4091 	EXP 	window1: mouseVisible = True
18.4158 	EXP 	Created text_11 = TextStim(__class__=<class 'psychopy.visual.text.TextStim'>, alignHoriz=method-wrapper(...), alignText='center', alignVert=method-wrapper(...), anchorHoriz='center', anchorVert='center', antialias=True, autoDraw=False, autoLog=True, bold=False, color=array([1., 1., 1.]), colorSpace='rgb', contrast=1.0, depth=0.0, draggable=False, flipHoriz=False, flipVert=False, font='Open Sans', fontFiles=[], height=0.05, italic=False, languageStyle='LTR', name='text_11', opacity=1.0, ori=0.0, pos=array([0., 0.]), rgb=UNKNOWN, text=str(...), units='height', win=Window(...), wrapWidth=1)
18.4160 	EXP 	window1: mouseVisible = True
18.4162 	EXP 	window1: mouseVisible = True
18.4167 	EXP 	window1: mouseVisible = True
18.4172 	EXP 	window1: mouseVisible = True
18.4219 	EXP 	window1: mouseVisible = True
18.4220 	EXP 	window1: mouseVisible = True
18.4225 	EXP 	window1: mouseVisible = True
18.4230 	EXP 	window1: mouseVisible = True
18.4270 	EXP 	window1: mouseVisible = True
18.4273 	EXP 	window1: mouseVisible = True
18.4274 	EXP 	window1: mouseVisible = True
18.4279 	EXP 	window1: mouseVisible = True
18.4284 	EXP 	window1: mouseVisible = True
18.4330 	EXP 	window1: mouseVisible = True
18.4331 	EXP 	window1: mouseVisible = True
18.4337 	EXP 	window1: mouseVisible = True
18.4342 	EXP 	window1: mouseVisible = True
18.4383 	EXP 	window1: mouseVisible = True
18.4384 	EXP 	window1: mouseVisible = True
18.4429 	EXP 	Created image_20 = ImageStim(__class__=<class 'psychopy.visual.image.ImageStim'>, anchor=('center', 'center'), autoLog=True, color=array([1., 1., 1.]), colorSpace='rgb', contrast=1.0, depth=-3.0, draggable=False, flipHoriz=False, flipVert=False, image='stim/obj1.png', interpolate=True, mask=None, maskParams=None, name='image_20', opacity=1.0, ori=0.0, pos=array([0.  , 0.23]), size=array([0.15, 0.15]), texRes=128.0, units='height', win=Window(...))
18.4430 	EXP 	window1: mouseVisible = True
18.4517 	EXP 	Created text_12 = TextStim(__class__=<class 'psychopy.visual.text.TextStim'>, alignHoriz=method-wrapper(...), alignText='center', alignVert=method-wrapper(...), anchorHoriz='center', anchorVert='center', antialias=True, autoDraw=False, autoLog=True, bold=False, color=array([1., 1., 1.]), colorSpace='rgb', contrast=1.0, depth=0.0, draggable=False, flipHoriz=False, flipVert=False, font='Open Sans', fontFiles=[], height=0.05, italic=False, languageStyle='LTR', name='text_12', opacity=1.0, ori=0.0, pos=array([0., 0.]), rgb=UNKNOWN, text=str(...), units='height', win=Window(...), wrapWidth=1)
18.4520 	EXP 	window1: mouseVisible = True
18.4700 	EXP 	Created text_13 = TextStim(__class__=<class 'psychopy.visual.text.TextStim'>, alignHoriz=method-wrapper(...), alignText='center', alignVert=method-wrapper(...), anchorHoriz='center', anchorVert='center', antialias=True, autoDraw=False, autoLog=True, bold=False, color=array([1., 1., 1.]), colorSpace='rgb', contrast=1.0, depth=-1.0, draggable=False, flipHoriz=False, flipVert=False, font='Open Sans', fontFiles=[], height=0.05, italic=False, languageStyle='LTR', name='text_13', opacity=1.0, ori=0.0, pos=array([0., 0.]), rgb=UNKNOWN, text=str(...), units='height', win=Window(...), wrapWidth=1)
18.4701 	EXP 	window1: mouseVisible = True
18.5008 	EXP 	Created image_25 = ImageStim(__class__=<class 'psychopy.visual.image.ImageStim'>, anchor=('center', 'center'), autoLog=True, color=array([1., 1., 1.]), colorSpace='rgb', contrast=1.0, depth=-2.0, draggable=False, flipHoriz=False, flipVert=False, image='stim/response_instr.png', interpolate=True, mask=None, maskParams=None, name='image_25', opacity=1.0, ori=0.0, pos=array([0.  , 0.13]), size=array([0.7 , 0.21]), texRes=128.0, units='height', win=Window(...))
18.5010 	EXP 	window1: mouseVisible = True
18.5201 	EXP 	Created text_14 = TextStim(__class__=<class 'psychopy.visual.text.TextStim'>, alignHoriz=method-wrapper(...), alignText='center', alignVert=method-wrapper(...), anchorHoriz='center', anchorVert='center', antialias=True, autoDraw=False, autoLog=True, bold=False, color=array([1., 1., 1.]), colorSpace='rgb', contrast=1.0, depth=-1.0, draggable=False, flipHoriz=False, flipVert=False, font='Open Sans', fontFiles=[], height=0.05, italic=False, languageStyle='LTR', name='text_14', opacity=1.0, ori=0.0, pos=array([0., 0.]), rgb=UNKNOWN, text=str(...), units='height', win=Window(...), wrapWidth=1)
18.5202 	EXP 	window1: mouseVisible = True
18.5439 	EXP 	Created image_24 = ImageStim(__class__=<class 'psychopy.visual.image.ImageStim'>, anchor=('center', 'center'), autoLog=True, color=array([1., 1., 1.]), colorSpace='rgb', contrast=1.0, depth=-2.0, draggable=False, flipHoriz=False, flipVert=False, image='stim/response_instr.png', interpolate=True, mask=None, maskParams=None, name='image_24', opacity=1.0, ori=0.0, pos=array([0.  , 0.13]), size=array([0.7 , 0.21]), texRes=128.0, units='height', win=Window(...))
18.5440 	EXP 	window1: mouseVisible = True
18.5547 	EXP 	Created text_15 = TextStim(__class__=<class 'psychopy.visual.text.TextStim'>, alignHoriz=method-wrapper(...), alignText='center', alignVert=method-wrapper(...), anchorHoriz='center', anchorVert='center', antialias=True, autoDraw=False, autoLog=True, bold=False, color=array([1., 1., 1.]), colorSpace='rgb', contrast=1.0, depth=-1.0, draggable=False, flipHoriz=False, flipVert=False, font='Open Sans', fontFiles=[], height=0.05, italic=False, languageStyle='LTR', name='text_15', opacity=1.0, ori=0.0, pos=array([0., 0.]), rgb=UNKNOWN, text=str(...), units='height', win=Window(...), wrapWidth=1)
18.5548 	EXP 	window1: mouseVisible = True
18.5826 	EXP 	Created image_21 = ImageStim(__class__=<class 'psychopy.visual.image.ImageStim'>, anchor=('center', 'center'), autoLog=True, color=array([1., 1., 1.]), colorSpace='rgb', contrast=1.0, depth=-2.0, draggable=False, flipHoriz=False, flipVert=False, image='stim/response_instr.png', interpolate=True, mask=None, maskParams=None, name='image_21', opacity=1.0, ori=0.0, pos=array([0.  , 0.25]), size=array([0.7 , 0.21]), texRes=128.0, units='height', win=Window(...))
18.5828 	EXP 	window1: mouseVisible = True
18.5895 	EXP 	Created text_5 = TextStim(__class__=<class 'psychopy.visual.text.TextStim'>, alignHoriz=method-wrapper(...), alignText='center', alignVert=method-wrapper(...), anchorHoriz='center', anchorVert='center', antialias=True, autoDraw=False, autoLog=True, bold=False, color=array([1., 1., 1.]), colorSpace='rgb', contrast=1.0, depth=-1.0, draggable=False, flipHoriz=False, flipVert=False, font='Open Sans', fontFiles=[], height=0.05, italic=False, languageStyle='LTR', name='text_5', opacity=1.0, ori=0.0, pos=array([0., 0.]), rgb=UNKNOWN, text=str(...), units='height', win=Window(...), wrapWidth=1)
18.5897 	EXP 	window1: mouseVisible = True
18.5940 	EXP 	Created image_13 = ImageStim(__class__=<class 'psychopy.visual.image.ImageStim'>, anchor=('center', 'center'), autoLog=True, color=array([1., 1., 1.]), colorSpace='rgb', contrast=1.0, depth=-2.0, draggable=False, flipHoriz=False, flipVert=False, image='stim/obj1.png', interpolate=True, mask=None, maskParams=None, name='image_13', opacity=1.0, ori=0.0, pos=array([-0.45,  0.06]), size=array([0.15, 0.15]), texRes=128.0, units='height', win=Window(...))
18.5941 	EXP 	window1: mouseVisible = True
18.5984 	EXP 	Created image_14 = ImageStim(__class__=<class 'psychopy.visual.image.ImageStim'>, anchor=('center', 'center'), autoLog=True, color=array([1., 1., 1.]), colorSpace='rgb', contrast=1.0, depth=-3.0, draggable=False, flipHoriz=False, flipVert=False, image='stim/obj2.png', interpolate=True, mask=None, maskParams=None, name='image_14', opacity=1.0, ori=0.0, pos=array([-0.25,  0.06]), size=array([0.15, 0.15]), texRes=128.0, units='height', win=Window(...))
18.5985 	EXP 	window1: mouseVisible = True
18.6027 	EXP 	Created image_15 = ImageStim(__class__=<class 'psychopy.visual.image.ImageStim'>, anchor=('center', 'center'), autoLog=True, color=array([1., 1., 1.]), colorSpace='rgb', contrast=1.0, depth=-4.0, draggable=False, flipHoriz=False, flipVert=False, image='stim/ori1.png', interpolate=True, mask=None, maskParams=None, name='image_15', opacity=1.0, ori=0.0, pos=array([0.25, 0.06]), size=array([0.15, 0.15]), texRes=128.0, units='height', win=Window(...))
18.6028 	EXP 	window1: mouseVisible = True
18.6068 	EXP 	Created image_16 = ImageStim(__class__=<class 'psychopy.visual.image.ImageStim'>, anchor=('center', 'center'), autoLog=True, color=array([1., 1., 1.]), colorSpace='rgb', contrast=1.0, depth=-5.0, draggable=False, flipHoriz=False, flipVert=False, image='stim/ori2.png', interpolate=True, mask=None, maskParams=None, name='image_16', opacity=1.0, ori=0.0, pos=array([0.45, 0.06]), size=array([0.15, 0.15]), texRes=128.0, units='height', win=Window(...))
18.6069 	EXP 	window1: mouseVisible = True
18.6103 	EXP 	Created text_6 = TextStim(__class__=<class 'psychopy.visual.text.TextStim'>, alignHoriz=method-wrapper(...), alignText='center', alignVert=method-wrapper(...), anchorHoriz='center', anchorVert='center', antialias=True, autoDraw=False, autoLog=True, bold=False, color=array([1., 1., 1.]), colorSpace='rgb', contrast=1.0, depth=-6.0, draggable=False, flipHoriz=False, flipVert=False, font='Open Sans', fontFiles=[], height=0.05, italic=False, languageStyle='LTR', name='text_6', opacity=1.0, ori=0.0, pos=array([-0.4, -0.1]), rgb=UNKNOWN, text='  Which object was it?', units='height', win=Window(...), wrapWidth=1)
18.6105 	EXP 	window1: mouseVisible = True
18.6139 	EXP 	Created text_7 = TextStim(__class__=<class 'psychopy.visual.text.TextStim'>, alignHoriz=method-wrapper(...), alignText='center', alignVert=method-wrapper(...), anchorHoriz='center', anchorVert='center', antialias=True, autoDraw=False, autoLog=True, bold=False, color=array([1., 1., 1.]), colorSpace='rgb', contrast=1.0, depth=-7.0, draggable=False, flipHoriz=False, flipVert=False, font='Open Sans', fontFiles=[], height=0.05, italic=False, languageStyle='LTR', name='text_7', opacity=1.0, ori=0.0, pos=array([ 0.4, -0.1]), rgb=UNKNOWN, text='Which way was it facing?', units='height', win=Window(...), wrapWidth=1)
18.6141 	EXP 	window1: mouseVisible = True
18.6204 	EXP 	Created text = TextStim(__class__=<class 'psychopy.visual.text.TextStim'>, alignHoriz=method-wrapper(...), alignText='center', alignVert=method-wrapper(...), anchorHoriz='center', anchorVert='center', antialias=True, autoDraw=False, autoLog=True, bold=False, color=array([1., 1., 1.]), colorSpace='rgb', contrast=1.0, depth=0.0, draggable=False, flipHoriz=False, flipVert=False, font='Open Sans', fontFiles=[], height=0.05, italic=False, languageStyle='LTR', name='text', opacity=1.0, ori=0.0, pos=array([0., 0.]), rgb=UNKNOWN, text='The experiment will begin soon. Get ready!', units='height', win=Window(...), wrapWidth=1)
18.6205 	EXP 	window1: mouseVisible = True
18.6306 	EXP 	Created cue = ImageStim(__class__=<class 'psychopy.visual.image.ImageStim'>, anchor=('center', 'center'), autoLog=True, color=array([1., 1., 1.]), colorSpace='rgb', contrast=1.0, depth=0.0, draggable=False, flipHoriz=False, flipVert=False, image='default.png', interpolate=True, mask=None, maskParams=None, name='cue', opacity=1.0, ori=0.0, pos=array([0., 0.]), size=array([0.15, 0.15]), texRes=128.0, units='height', win=Window(...))
18.6307 	EXP 	window1: mouseVisible = True
18.6404 	EXP 	Created image = ImageStim(__class__=<class 'psychopy.visual.image.ImageStim'>, anchor=('center', 'center'), autoLog=True, color=array([1., 1., 1.]), colorSpace='rgb', contrast=1.0, depth=0.0, draggable=False, flipHoriz=False, flipVert=False, image='default.png', interpolate=True, mask=None, maskParams=None, name='image', opacity=1.0, ori=0.0, pos=array([0., 0.]), size=array([0.5, 0.5]), texRes=128.0, units='height', win=Window(...))
18.6405 	EXP 	window1: mouseVisible = True
18.6427 	EXP 	Created fixCrossR_2 = ShapeStim(__class__=<class 'psychopy.visual.shape.ShapeStim'>, anchor=('center', 'center'), autoDraw=False, autoLog=True, closeShape=True, color=method-wrapper(...), colorSpace='rgb', contrast=None, depth=-1.0, draggable=False, fillColor=array([-1, -1, -1]), fillColorSpace='rgb', fillRGB=array([-1, -1, -1]), interpolate=True, lineColor=array([-1., -1., -1.]), lineColorSpace='rgb', lineRGB=array([-1, -1, -1]), lineWidth=1.0, name='fixCrossR_2', opacity=1.0, ori=0.0, pos=array([0., 0.]), size=array([0.02, 0.02]), units='height', vertices=ndarray(...), win=Window(...), windingRule=None)
18.6429 	EXP 	window1: mouseVisible = True
18.6459 	EXP 	Created fixCrossR_4 = ShapeStim(__class__=<class 'psychopy.visual.shape.ShapeStim'>, anchor=('center', 'center'), autoDraw=False, autoLog=True, closeShape=True, color=method-wrapper(...), colorSpace='rgb', contrast=None, depth=0.0, draggable=False, fillColor=array([-1, -1, -1]), fillColorSpace='rgb', fillRGB=array([-1, -1, -1]), interpolate=True, lineColor=array([-1., -1., -1.]), lineColorSpace='rgb', lineRGB=array([-1, -1, -1]), lineWidth=1.0, name='fixCrossR_4', opacity=1.0, ori=0.0, pos=array([0., 0.]), size=array([0.02, 0.02]), units='height', vertices=ndarray(...), win=Window(...), windingRule=None)
18.6460 	EXP 	window1: mouseVisible = True
18.6480 	EXP 	Created fixCross = ShapeStim(__class__=<class 'psychopy.visual.shape.ShapeStim'>, anchor=('center', 'center'), autoDraw=False, autoLog=True, closeShape=True, color=method-wrapper(...), colorSpace='rgb', contrast=None, depth=0.0, draggable=False, fillColor=array([1, 1, 1]), fillColorSpace='rgb', fillRGB=array([1, 1, 1]), interpolate=True, lineColor=array([1., 1., 1.]), lineColorSpace='rgb', lineRGB=array([1, 1, 1]), lineWidth=1.0, name='fixCross', opacity=1.0, ori=0.0, pos=array([0., 0.]), size=array([0.02, 0.02]), units='height', vertices=ndarray(...), win=Window(...), windingRule=None)
18.6481 	EXP 	window1: mouseVisible = True
18.6499 	EXP 	Created text1 = TextStim(__class__=<class 'psychopy.visual.text.TextStim'>, alignHoriz=method-wrapper(...), alignText='center', alignVert=method-wrapper(...), anchorHoriz='center', anchorVert='center', antialias=True, autoDraw=False, autoLog=True, bold=False, color=array([1., 1., 1.]), colorSpace='rgb', contrast=1.0, depth=-1.0, draggable=False, flipHoriz=False, flipVert=False, font='Open Sans', fontFiles=[], height=0.05, italic=False, languageStyle='LTR', name='text1', opacity=1.0, ori=0.0, pos=array([-0.5,  0.1]), rgb=UNKNOWN, text='', units='norm', win=Window(...), wrapWidth=1)
18.6500 	EXP 	window1: mouseVisible = True
18.6511 	EXP 	Created text2 = TextStim(__class__=<class 'psychopy.visual.text.TextStim'>, alignHoriz=method-wrapper(...), alignText='center', alignVert=method-wrapper(...), anchorHoriz='center', anchorVert='center', antialias=True, autoDraw=False, autoLog=True, bold=False, color=array([1., 1., 1.]), colorSpace='rgb', contrast=1.0, depth=-2.0, draggable=False, flipHoriz=False, flipVert=False, font='Open Sans', fontFiles=[], height=0.05, italic=False, languageStyle='LTR', name='text2', opacity=1.0, ori=0.0, pos=array([-0.1666,  0.1   ]), rgb=UNKNOWN, text='', units='norm', win=Window(...), wrapWidth=1)
18.6512 	EXP 	window1: mouseVisible = True
18.6523 	EXP 	Created text3 = TextStim(__class__=<class 'psychopy.visual.text.TextStim'>, alignHoriz=method-wrapper(...), alignText='center', alignVert=method-wrapper(...), anchorHoriz='center', anchorVert='center', antialias=True, autoDraw=False, autoLog=True, bold=False, color=array([1., 1., 1.]), colorSpace='rgb', contrast=1.0, depth=-3.0, draggable=False, flipHoriz=False, flipVert=False, font='Open Sans', fontFiles=[], height=0.05, italic=False, languageStyle='LTR', name='text3', opacity=1.0, ori=0.0, pos=array([0.166, 0.1  ]), rgb=UNKNOWN, text='', units='norm', win=Window(...), wrapWidth=1)
18.6524 	EXP 	window1: mouseVisible = True
18.6534 	EXP 	Created text4 = TextStim(__class__=<class 'psychopy.visual.text.TextStim'>, alignHoriz=method-wrapper(...), alignText='center', alignVert=method-wrapper(...), anchorHoriz='center', anchorVert='center', antialias=True, autoDraw=False, autoLog=True, bold=False, color=array([1., 1., 1.]), colorSpace='rgb', contrast=1.0, depth=-4.0, draggable=False, flipHoriz=False, flipVert=False, font='Open Sans', fontFiles=[], height=0.05, italic=False, languageStyle='LTR', name='text4', opacity=1.0, ori=0.0, pos=array([0.5, 0.1]), rgb=UNKNOWN, text='', units='norm', win=Window(...), wrapWidth=1)
18.6535 	EXP 	window1: mouseVisible = True
18.6546 	EXP 	Created text5 = TextStim(__class__=<class 'psychopy.visual.text.TextStim'>, alignHoriz=method-wrapper(...), alignText='center', alignVert=method-wrapper(...), anchorHoriz='center', anchorVert='center', antialias=True, autoDraw=False, autoLog=True, bold=False, color=array([1., 1., 1.]), colorSpace='rgb', contrast=1.0, depth=-5.0, draggable=False, flipHoriz=False, flipVert=False, font='Open Sans', fontFiles=[], height=0.05, italic=False, languageStyle='LTR', name='text5', opacity=1.0, ori=0.0, pos=array([-0.5, -0.1]), rgb=UNKNOWN, text='', units='norm', win=Window(...), wrapWidth=1)
18.6546 	EXP 	window1: mouseVisible = True
18.6557 	EXP 	Created text6 = TextStim(__class__=<class 'psychopy.visual.text.TextStim'>, alignHoriz=method-wrapper(...), alignText='center', alignVert=method-wrapper(...), anchorHoriz='center', anchorVert='center', antialias=True, autoDraw=False, autoLog=True, bold=False, color=array([1., 1., 1.]), colorSpace='rgb', contrast=1.0, depth=-6.0, draggable=False, flipHoriz=False, flipVert=False, font='Open Sans', fontFiles=[], height=0.05, italic=False, languageStyle='LTR', name='text6', opacity=1.0, ori=0.0, pos=array([-0.1666, -0.1   ]), rgb=UNKNOWN, text='', units='norm', win=Window(...), wrapWidth=1)
18.6558 	EXP 	window1: mouseVisible = True
18.6568 	EXP 	Created text7 = TextStim(__class__=<class 'psychopy.visual.text.TextStim'>, alignHoriz=method-wrapper(...), alignText='center', alignVert=method-wrapper(...), anchorHoriz='center', anchorVert='center', antialias=True, autoDraw=False, autoLog=True, bold=False, color=array([1., 1., 1.]), colorSpace='rgb', contrast=1.0, depth=-7.0, draggable=False, flipHoriz=False, flipVert=False, font='Open Sans', fontFiles=[], height=0.05, italic=False, languageStyle='LTR', name='text7', opacity=1.0, ori=0.0, pos=array([ 0.1666, -0.1   ]), rgb=UNKNOWN, text='', units='norm', win=Window(...), wrapWidth=1)
18.6569 	EXP 	window1: mouseVisible = True
18.6579 	EXP 	Created text8 = TextStim(__class__=<class 'psychopy.visual.text.TextStim'>, alignHoriz=method-wrapper(...), alignText='center', alignVert=method-wrapper(...), anchorHoriz='center', anchorVert='center', antialias=True, autoDraw=False, autoLog=True, bold=False, color=array([1., 1., 1.]), colorSpace='rgb', contrast=1.0, depth=-8.0, draggable=False, flipHoriz=False, flipVert=False, font='Open Sans', fontFiles=[], height=0.05, italic=False, languageStyle='LTR', name='text8', opacity=1.0, ori=0.0, pos=array([ 0.5, -0.1]), rgb=UNKNOWN, text='', units='norm', win=Window(...), wrapWidth=1)
18.6580 	EXP 	window1: mouseVisible = True
18.6591 	EXP 	Created num1 = TextStim(__class__=<class 'psychopy.visual.text.TextStim'>, alignHoriz=method-wrapper(...), alignText='center', alignVert=method-wrapper(...), anchorHoriz='center', anchorVert='center', antialias=True, autoDraw=False, autoLog=True, bold=False, color=array([1., 1., 1.]), colorSpace='rgb', contrast=1.0, depth=-10.0, draggable=False, flipHoriz=False, flipVert=False, font='Open Sans', fontFiles=[], height=0.1, italic=False, languageStyle='LTR', name='num1', opacity=1.0, ori=0.0, pos=array([-0.5,  0.3]), rgb=UNKNOWN, text='', units='norm', win=Window(...), wrapWidth=1)
18.6592 	EXP 	window1: mouseVisible = True
18.6612 	EXP 	Created num2 = TextStim(__class__=<class 'psychopy.visual.text.TextStim'>, alignHoriz=method-wrapper(...), alignText='center', alignVert=method-wrapper(...), anchorHoriz='center', anchorVert='center', antialias=True, autoDraw=False, autoLog=True, bold=False, color=array([1., 1., 1.]), colorSpace='rgb', contrast=1.0, depth=-11.0, draggable=False, flipHoriz=False, flipVert=False, font='Open Sans', fontFiles=[], height=0.1, italic=False, languageStyle='LTR', name='num2', opacity=1.0, ori=0.0, pos=array([-0.1666,  0.3   ]), rgb=UNKNOWN, text='', units='norm', win=Window(...), wrapWidth=1)
18.6613 	EXP 	window1: mouseVisible = True
18.6625 	EXP 	Created num3 = TextStim(__class__=<class 'psychopy.visual.text.TextStim'>, alignHoriz=method-wrapper(...), alignText='center', alignVert=method-wrapper(...), anchorHoriz='center', anchorVert='center', antialias=True, autoDraw=False, autoLog=True, bold=False, color=array([1., 1., 1.]), colorSpace='rgb', contrast=1.0, depth=-12.0, draggable=False, flipHoriz=False, flipVert=False, font='Open Sans', fontFiles=[], height=0.1, italic=False, languageStyle='LTR', name='num3', opacity=1.0, ori=0.0, pos=array([0.1666, 0.3   ]), rgb=UNKNOWN, text='', units='norm', win=Window(...), wrapWidth=1)
18.6626 	EXP 	window1: mouseVisible = True
18.6636 	EXP 	Created num4 = TextStim(__class__=<class 'psychopy.visual.text.TextStim'>, alignHoriz=method-wrapper(...), alignText='center', alignVert=method-wrapper(...), anchorHoriz='center', anchorVert='center', antialias=True, autoDraw=False, autoLog=True, bold=False, color=array([1., 1., 1.]), colorSpace='rgb', contrast=1.0, depth=-13.0, draggable=False, flipHoriz=False, flipVert=False, font='Open Sans', fontFiles=[], height=0.1, italic=False, languageStyle='LTR', name='num4', opacity=1.0, ori=0.0, pos=array([0.5, 0.3]), rgb=UNKNOWN, text='', units='norm', win=Window(...), wrapWidth=1)
18.6637 	EXP 	window1: mouseVisible = True
18.6657 	EXP 	Created fixCrossR = ShapeStim(__class__=<class 'psychopy.visual.shape.ShapeStim'>, anchor=('center', 'center'), autoDraw=False, autoLog=True, closeShape=True, color=method-wrapper(...), colorSpace='rgb', contrast=None, depth=0.0, draggable=False, fillColor=array([-1, -1, -1]), fillColorSpace='rgb', fillRGB=array([-1, -1, -1]), interpolate=True, lineColor=array([-1., -1., -1.]), lineColorSpace='rgb', lineRGB=array([-1, -1, -1]), lineWidth=1.0, name='fixCrossR', opacity=1.0, ori=0.0, pos=array([0., 0.]), size=array([0.02, 0.02]), units='height', vertices=ndarray(...), win=Window(...), windingRule=None)
18.6658 	EXP 	window1: mouseVisible = True
18.6725 	EXP 	Created text_17 = TextStim(__class__=<class 'psychopy.visual.text.TextStim'>, alignHoriz=method-wrapper(...), alignText='center', alignVert=method-wrapper(...), anchorHoriz='center', anchorVert='center', antialias=True, autoDraw=False, autoLog=True, bold=False, color=array([1., 1., 1.]), colorSpace='rgb', contrast=1.0, depth=0.0, draggable=False, flipHoriz=False, flipVert=False, font='Open Sans', fontFiles=[], height=0.05, italic=False, languageStyle='LTR', name='text_17', opacity=1.0, ori=0.0, pos=array([0., 0.]), rgb=UNKNOWN, text='End of run, please relax for a moment.', units='height', win=Window(...), wrapWidth=1)
0.0356 	EXP 	Created sequence: random, trialTypes=1, nReps=0, seed=None
0.0501 	EXP 	text: autoDraw = True
1.2926 	DATA 	Mouse: Left button down, pos=(869,682)
1.4368 	DATA 	Mouse:  Left button up, pos=(869,682)
1.6200 	EXP 	Imported trialMatrices/trialMatrix_s61_0.xlsx as conditions, 64 conditions, 14 params
1.6213 	EXP 	Created sequence: sequential, trialTypes=64, nReps=1, seed=None
1.6216 	EXP 	New trial (rep=0, index=0): {'category': 'shoe', 'orientation': 4, 'taskCue': 'stim//obj1.png', 'stimfile': 'stim//shoe4.png', 'resp1': 'turtle', 'resp2': 'shoe', 'resp3': 'car', 'resp4': 'horse', 'resp5': 'full left', 'resp6': 'slight right', 'resp7': 'full right', 'resp8': 'slight left', 'objFirst': 'True', 'interval': 2.581}
1.6270 	DATA 	Keypress: 5
1.6334 	EXP 	text: autoDraw = False
1.6334 	EXP 	cue: image = 'stim//obj1.png'
1.6334 	EXP 	cue: autoDraw = True
2.6013 	EXP 	Created sequence: random, trialTypes=1, nReps=3, seed=None
2.6016 	EXP 	New trial (rep=0, index=0): None
2.8003 	EXP 	cue: autoDraw = False
2.8003 	EXP 	image: image = 'stim//shoe4.png'
2.8003 	EXP 	image: autoDraw = True
2.8003 	EXP 	fixCrossR_2: autoDraw = True
3.0502 	EXP 	image: autoDraw = False
3.0502 	EXP 	fixCrossR_2: autoDraw = False
3.0502 	EXP 	image: autoDraw = False
3.0502 	EXP 	fixCrossR_2: autoDraw = False
3.0502 	EXP 	fixCrossR_4: autoDraw = True
3.2849 	EXP 	New trial (rep=1, index=0): None
3.4502 	EXP 	fixCrossR_4: autoDraw = False
3.4502 	EXP 	fixCrossR_4: autoDraw = False
3.4502 	EXP 	image: image = 'stim//shoe4.png'
3.4502 	EXP 	image: autoDraw = True
3.4502 	EXP 	fixCrossR_2: autoDraw = True
3.7003 	EXP 	image: autoDraw = False
3.7003 	EXP 	fixCrossR_2: autoDraw = False
3.7003 	EXP 	image: autoDraw = False
3.7003 	EXP 	fixCrossR_2: autoDraw = False
3.7003 	EXP 	fixCrossR_4: autoDraw = True
3.9348 	EXP 	New trial (rep=2, index=0): None
4.1839 	EXP 	fixCrossR_4: autoDraw = False
4.1839 	EXP 	fixCrossR_4: autoDraw = False
4.1839 	EXP 	image: image = 'stim//shoe4.png'
4.1839 	EXP 	image: autoDraw = True
4.1839 	EXP 	fixCrossR_2: autoDraw = True
4.4336 	EXP 	image: autoDraw = False
4.4336 	EXP 	fixCrossR_2: autoDraw = False
4.4336 	EXP 	image: autoDraw = False
4.4336 	EXP 	fixCrossR_2: autoDraw = False
4.4336 	EXP 	fixCrossR_4: autoDraw = True
4.7337 	EXP 	fixCrossR_4: autoDraw = False
4.7337 	EXP 	fixCrossR_4: autoDraw = False
4.7337 	EXP 	fixCross: fillColor = <psychopy.colors.Color: black, alpha=1.0>
4.7337 	EXP 	fixCross: borderColor = <psychopy.colors.Color: black, alpha=1.0>
4.7337 	EXP 	text1: foreColor = <psychopy.colors.Color: white, alpha=1.0>
4.7337 	EXP 	text1: height = 0.05
4.7337 	EXP 	text1: height = 0.05
4.7337 	EXP 	text1: height = 0.05
4.7337 	EXP 	text1: text = 'turtle'
4.7337 	EXP 	text2: foreColor = <psychopy.colors.Color: white, alpha=1.0>
4.7337 	EXP 	text2: height = 0.05
4.7337 	EXP 	text2: height = 0.05
4.7337 	EXP 	text2: height = 0.05
4.7337 	EXP 	text2: text = 'shoe'
4.7337 	EXP 	text3: foreColor = <psychopy.colors.Color: white, alpha=1.0>
4.7337 	EXP 	text3: height = 0.05
4.7337 	EXP 	text3: height = 0.05
4.7337 	EXP 	text3: height = 0.05
4.7337 	EXP 	text3: text = 'car'
4.7337 	EXP 	text4: foreColor = <psychopy.colors.Color: white, alpha=1.0>
4.7337 	EXP 	text4: height = 0.05
4.7337 	EXP 	text4: height = 0.05
4.7337 	EXP 	text4: height = 0.05
4.7337 	EXP 	text4: text = 'horse'
4.7337 	EXP 	text5: foreColor = <psychopy.colors.Color: white, alpha=1.0>
4.7337 	EXP 	text5: height = 0.05
4.7337 	EXP 	text5: height = 0.05
4.7337 	EXP 	text5: height = 0.05
4.7337 	EXP 	text5: text = 'full left'
4.7337 	EXP 	text6: foreColor = <psychopy.colors.Color: white, alpha=1.0>
4.7337 	EXP 	text6: height = 0.05
4.7337 	EXP 	text6: height = 0.05
4.7337 	EXP 	text6: height = 0.05
4.7337 	EXP 	text6: text = 'slight right'
4.7337 	EXP 	text7: foreColor = <psychopy.colors.Color: white, alpha=1.0>
4.7337 	EXP 	text7: height = 0.05
4.7337 	EXP 	text7: height = 0.05
4.7337 	EXP 	text7: height = 0.05
4.7337 	EXP 	text7: text = 'full right'
4.7337 	EXP 	text8: foreColor = <psychopy.colors.Color: white, alpha=1.0>
4.7337 	EXP 	text8: height = 0.05
4.7337 	EXP 	text8: height = 0.05
4.7337 	EXP 	text8: height = 0.05
4.7337 	EXP 	text8: text = 'slight left'
4.7337 	EXP 	num1: foreColor = <psychopy.colors.Color: white, alpha=1.0>
4.7337 	EXP 	num1: height = 0.1
4.7337 	EXP 	num1: height = 0.1
4.7337 	EXP 	num1: height = 0.1
4.7337 	EXP 	num1: text = '1'
4.7337 	EXP 	num2: foreColor = <psychopy.colors.Color: white, alpha=1.0>
4.7337 	EXP 	num2: height = 0.1
4.7337 	EXP 	num2: height = 0.1
4.7337 	EXP 	num2: height = 0.1
4.7337 	EXP 	num2: text = '2'
4.7337 	EXP 	num3: foreColor = <psychopy.colors.Color: white, alpha=1.0>
4.7337 	EXP 	num3: height = 0.1
4.7337 	EXP 	num3: height = 0.1
4.7337 	EXP 	num3: height = 0.1
4.7337 	EXP 	num3: text = '3'
4.7337 	EXP 	num4: foreColor = <psychopy.colors.Color: white, alpha=1.0>
4.7337 	EXP 	num4: height = 0.1
4.7337 	EXP 	num4: height = 0.1
4.7337 	EXP 	num4: height = 0.1
4.7337 	EXP 	num4: text = '4'
4.7337 	EXP 	fixCross: autoDraw = True
4.7337 	EXP 	text1: autoDraw = True
4.7337 	EXP 	text2: autoDraw = True
4.7337 	EXP 	text3: autoDraw = True
4.7337 	EXP 	text4: autoDraw = True
4.7337 	EXP 	text5: autoDraw = True
4.7337 	EXP 	text6: autoDraw = True
4.7337 	EXP 	text7: autoDraw = True
4.7337 	EXP 	text8: autoDraw = True
4.7337 	EXP 	num1: autoDraw = True
4.7337 	EXP 	num2: autoDraw = True
4.7337 	EXP 	num3: autoDraw = True
4.7337 	EXP 	num4: autoDraw = True
5.3780 	DATA 	Keypress: 2
5.4021 	EXP 	fixCross: foreColor = <psychopy.colors.Color: (1.0, 0.0, 1.0, 1.0)>
5.4021 	EXP 	fixCross: borderColor = <psychopy.colors.Color: (1.0, 0.0, 1.0, 1.0)>
5.4021 	EXP 	fixCross: fillColor = <psychopy.colors.Color: (1.0, 0.0, 1.0, 1.0)>
5.4021 	EXP 	text2: foreColor = <psychopy.colors.Color: (1.0, 0.0, 1.0, 1.0)>
5.4021 	EXP 	text6: foreColor = <psychopy.colors.Color: (1.0, 0.0, 1.0, 1.0)>
5.4021 	EXP 	num2: foreColor = <psychopy.colors.Color: (1.0, 0.0, 1.0, 1.0)>
7.6862 	EXP 	fixCross: autoDraw = False
7.6862 	EXP 	text1: autoDraw = False
7.6862 	EXP 	text2: autoDraw = False
7.6862 	EXP 	text3: autoDraw = False
7.6862 	EXP 	text4: autoDraw = False
7.6862 	EXP 	text5: autoDraw = False
7.6862 	EXP 	text6: autoDraw = False
7.6862 	EXP 	text7: autoDraw = False
7.6862 	EXP 	text8: autoDraw = False
7.6862 	EXP 	num1: autoDraw = False
7.6862 	EXP 	num2: autoDraw = False
7.6862 	EXP 	num3: autoDraw = False
7.6862 	EXP 	num4: autoDraw = False
7.6862 	EXP 	fixCross: foreColor = <psychopy.colors.Color: transparent, alpha=1.0>
7.6862 	EXP 	fixCross: borderColor = <psychopy.colors.Color: transparent, alpha=1.0>
7.6862 	EXP 	fixCross: fillColor = <psychopy.colors.Color: transparent, alpha=1.0>
7.6862 	EXP 	fixCrossR: autoDraw = True
10.2542 	EXP 	New trial (rep=0, index=1): {'category': 'turtle', 'orientation': 4, 'taskCue': 'stim//ori1.png', 'stimfile': 'stim//turtle4.png', 'resp1': 'full left', 'resp2': 'full right', 'resp3': 'slight left', 'resp4': 'slight right', 'resp5': 'shoe', 'resp6': 'car', 'resp7': 'horse', 'resp8': 'turtle', 'objFirst': 'False', 'interval': 2.775}
10.3173 	EXP 	fixCrossR: autoDraw = False
10.3173 	EXP 	fixCrossR: autoDraw = False
10.3173 	EXP 	cue: image = 'stim//ori1.png'
10.3173 	EXP 	cue: autoDraw = True
11.2681 	EXP 	Created sequence: random, trialTypes=1, nReps=3, seed=None
11.2683 	EXP 	New trial (rep=0, index=0): None
11.4511 	EXP 	cue: autoDraw = False
11.4511 	EXP 	image: image = 'stim//turtle4.png'
11.4511 	EXP 	image: autoDraw = True
11.4511 	EXP 	fixCrossR_2: autoDraw = True
11.7038 	EXP 	image: autoDraw = False
11.7038 	EXP 	fixCrossR_2: autoDraw = False
11.7038 	EXP 	image: autoDraw = False
11.7038 	EXP 	fixCrossR_2: autoDraw = False
11.7038 	EXP 	fixCrossR_4: autoDraw = True
11.9377 	EXP 	New trial (rep=1, index=0): None
12.1006 	EXP 	fixCrossR_4: autoDraw = False
12.1006 	EXP 	fixCrossR_4: autoDraw = False
12.1006 	EXP 	image: image = 'stim//turtle4.png'
12.1006 	EXP 	image: autoDraw = True
12.1006 	EXP 	fixCrossR_2: autoDraw = True
12.3499 	EXP 	image: autoDraw = False
12.3499 	EXP 	fixCrossR_2: autoDraw = False
12.3499 	EXP 	image: autoDraw = False
12.3499 	EXP 	fixCrossR_2: autoDraw = False
12.3499 	EXP 	fixCrossR_4: autoDraw = True
12.5849 	EXP 	New trial (rep=2, index=0): None
12.8338 	EXP 	fixCrossR_4: autoDraw = False
12.8338 	EXP 	fixCrossR_4: autoDraw = False
12.8338 	EXP 	image: image = 'stim//turtle4.png'
12.8338 	EXP 	image: autoDraw = True
12.8338 	EXP 	fixCrossR_2: autoDraw = True
13.0834 	EXP 	image: autoDraw = False
13.0834 	EXP 	fixCrossR_2: autoDraw = False
13.0834 	EXP 	image: autoDraw = False
13.0834 	EXP 	fixCrossR_2: autoDraw = False
13.0834 	EXP 	fixCrossR_4: autoDraw = True
13.3668 	EXP 	fixCrossR_4: autoDraw = False
13.3668 	EXP 	fixCrossR_4: autoDraw = False
13.3668 	EXP 	fixCross: fillColor = <psychopy.colors.Color: black, alpha=1.0>
13.3668 	EXP 	fixCross: borderColor = <psychopy.colors.Color: black, alpha=1.0>
13.3668 	EXP 	text1: foreColor = <psychopy.colors.Color: white, alpha=1.0>
13.3668 	EXP 	text1: height = 0.05
13.3668 	EXP 	text1: height = 0.05
13.3668 	EXP 	text1: height = 0.05
13.3668 	EXP 	text1: text = 'full left'
13.3668 	EXP 	text2: foreColor = <psychopy.colors.Color: white, alpha=1.0>
13.3668 	EXP 	text2: height = 0.05
13.3668 	EXP 	text2: height = 0.05
13.3668 	EXP 	text2: height = 0.05
13.3668 	EXP 	text2: text = 'full right'
13.3668 	EXP 	text3: foreColor = <psychopy.colors.Color: white, alpha=1.0>
13.3668 	EXP 	text3: height = 0.05
13.3668 	EXP 	text3: height = 0.05
13.3668 	EXP 	text3: height = 0.05
13.3668 	EXP 	text3: text = 'slight left'
13.3668 	EXP 	text4: foreColor = <psychopy.colors.Color: white, alpha=1.0>
13.3668 	EXP 	text4: height = 0.05
13.3668 	EXP 	text4: height = 0.05
13.3668 	EXP 	text4: height = 0.05
13.3668 	EXP 	text4: text = 'slight right'
13.3668 	EXP 	text5: foreColor = <psychopy.colors.Color: white, alpha=1.0>
13.3668 	EXP 	text5: height = 0.05
13.3668 	EXP 	text5: height = 0.05
13.3668 	EXP 	text5: height = 0.05
13.3668 	EXP 	text5: text = 'shoe'
13.3668 	EXP 	text6: foreColor = <psychopy.colors.Color: white, alpha=1.0>
13.3668 	EXP 	text6: height = 0.05
13.3668 	EXP 	text6: height = 0.05
13.3668 	EXP 	text6: height = 0.05
13.3668 	EXP 	text6: text = 'car'
13.3668 	EXP 	text7: foreColor = <psychopy.colors.Color: white, alpha=1.0>
13.3668 	EXP 	text7: height = 0.05
13.3668 	EXP 	text7: height = 0.05
13.3668 	EXP 	text7: height = 0.05
13.3668 	EXP 	text7: text = 'horse'
13.3668 	EXP 	text8: foreColor = <psychopy.colors.Color: white, alpha=1.0>
13.3668 	EXP 	text8: height = 0.05
13.3668 	EXP 	text8: height = 0.05
13.3668 	EXP 	text8: height = 0.05
13.3668 	EXP 	text8: text = 'turtle'
13.3668 	EXP 	num1: foreColor = <psychopy.colors.Color: white, alpha=1.0>
13.3668 	EXP 	num1: text = '1'
13.3668 	EXP 	num2: foreColor = <psychopy.colors.Color: white, alpha=1.0>
13.3668 	EXP 	num2: text = '2'
13.3668 	EXP 	num3: foreColor = <psychopy.colors.Color: white, alpha=1.0>
13.3668 	EXP 	num3: text = '3'
13.3668 	EXP 	num4: foreColor = <psychopy.colors.Color: white, alpha=1.0>
13.3668 	EXP 	num4: text = '4'
13.3668 	EXP 	fixCross: autoDraw = True
13.3668 	EXP 	text1: autoDraw = True
13.3668 	EXP 	text2: autoDraw = True
13.3668 	EXP 	text3: autoDraw = True
13.3668 	EXP 	text4: autoDraw = True
13.3668 	EXP 	text5: autoDraw = True
13.3668 	EXP 	text6: autoDraw = True
13.3668 	EXP 	text7: autoDraw = True
13.3668 	EXP 	text8: autoDraw = True
13.3668 	EXP 	num1: autoDraw = True
13.3668 	EXP 	num2: autoDraw = True
13.3668 	EXP 	num3: autoDraw = True
13.3668 	EXP 	num4: autoDraw = True
14.8711 	DATA 	Keypress: 2
14.9007 	EXP 	fixCross: foreColor = <psychopy.colors.Color: (1.0, 0.0, 1.0, 1.0)>
14.9007 	EXP 	fixCross: borderColor = <psychopy.colors.Color: (1.0, 0.0, 1.0, 1.0)>
14.9007 	EXP 	fixCross: fillColor = <psychopy.colors.Color: (1.0, 0.0, 1.0, 1.0)>
14.9007 	EXP 	text2: foreColor = <psychopy.colors.Color: (1.0, 0.0, 1.0, 1.0)>
14.9007 	EXP 	text6: foreColor = <psychopy.colors.Color: (1.0, 0.0, 1.0, 1.0)>
14.9007 	EXP 	num2: foreColor = <psychopy.colors.Color: (1.0, 0.0, 1.0, 1.0)>
16.3361 	EXP 	fixCross: autoDraw = False
16.3361 	EXP 	text1: autoDraw = False
16.3361 	EXP 	text2: autoDraw = False
16.3361 	EXP 	text3: autoDraw = False
16.3361 	EXP 	text4: autoDraw = False
16.3361 	EXP 	text5: autoDraw = False
16.3361 	EXP 	text6: autoDraw = False
16.3361 	EXP 	text7: autoDraw = False
16.3361 	EXP 	text8: autoDraw = False
16.3361 	EXP 	num1: autoDraw = False
16.3361 	EXP 	num2: autoDraw = False
16.3361 	EXP 	num3: autoDraw = False
16.3361 	EXP 	num4: autoDraw = False
16.3361 	EXP 	fixCross: foreColor = <psychopy.colors.Color: transparent, alpha=1.0>
16.3361 	EXP 	fixCross: borderColor = <psychopy.colors.Color: transparent, alpha=1.0>
16.3361 	EXP 	fixCross: fillColor = <psychopy.colors.Color: transparent, alpha=1.0>
16.3361 	EXP 	fixCrossR: autoDraw = True
19.1039 	EXP 	New trial (rep=0, index=2): {'category': 'horse', 'orientation': 4, 'taskCue': 'stim//obj1.png', 'stimfile': 'stim//horse4.png', 'resp1': 'full right', 'resp2': 'slight right', 'resp3': 'slight left', 'resp4': 'full left', 'resp5': 'horse', 'resp6': 'car', 'resp7': 'shoe', 'resp8': 'turtle', 'objFirst': 'False', 'interval': 2.161}
19.1333 	EXP 	fixCrossR: autoDraw = False
19.1333 	EXP 	fixCrossR: autoDraw = False
19.1333 	EXP 	cue: image = 'stim//obj1.png'
19.1333 	EXP 	cue: autoDraw = True
20.1175 	EXP 	Created sequence: random, trialTypes=1, nReps=3, seed=None
20.1179 	EXP 	New trial (rep=0, index=0): None
20.3019 	EXP 	cue: autoDraw = False
20.3019 	EXP 	image: image = 'stim//horse4.png'
20.3019 	EXP 	image: autoDraw = True
20.3019 	EXP 	fixCrossR_2: autoDraw = True
20.5526 	EXP 	image: autoDraw = False
20.5526 	EXP 	fixCrossR_2: autoDraw = False
20.5526 	EXP 	image: autoDraw = False
20.5526 	EXP 	fixCrossR_2: autoDraw = False
20.5526 	EXP 	fixCrossR_4: autoDraw = True
20.7867 	EXP 	New trial (rep=1, index=0): None
20.9500 	EXP 	fixCrossR_4: autoDraw = False
20.9500 	EXP 	fixCrossR_4: autoDraw = False
20.9500 	EXP 	image: image = 'stim//horse4.png'
20.9500 	EXP 	image: autoDraw = True
20.9500 	EXP 	fixCrossR_2: autoDraw = True
21.2000 	EXP 	image: autoDraw = False
21.2000 	EXP 	fixCrossR_2: autoDraw = False
21.2000 	EXP 	image: autoDraw = False
21.2000 	EXP 	fixCrossR_2: autoDraw = False
21.2000 	EXP 	fixCrossR_4: autoDraw = True
21.4348 	EXP 	New trial (rep=2, index=0): None
21.6833 	EXP 	fixCrossR_4: autoDraw = False
21.6833 	EXP 	fixCrossR_4: autoDraw = False
21.6833 	EXP 	image: image = 'stim//horse4.png'
21.6833 	EXP 	image: autoDraw = True
21.6833 	EXP 	fixCrossR_2: autoDraw = True
21.9331 	EXP 	image: autoDraw = False
21.9331 	EXP 	fixCrossR_2: autoDraw = False
21.9331 	EXP 	image: autoDraw = False
21.9331 	EXP 	fixCrossR_2: autoDraw = False
21.9331 	EXP 	fixCrossR_4: autoDraw = True
22.1998 	EXP 	fixCrossR_4: autoDraw = False
22.1998 	EXP 	fixCrossR_4: autoDraw = False
22.1998 	EXP 	fixCross: fillColor = <psychopy.colors.Color: black, alpha=1.0>
22.1998 	EXP 	fixCross: borderColor = <psychopy.colors.Color: black, alpha=1.0>
22.1998 	EXP 	text1: foreColor = <psychopy.colors.Color: white, alpha=1.0>
22.1998 	EXP 	text1: height = 0.05
22.1998 	EXP 	text1: height = 0.05
22.1998 	EXP 	text1: height = 0.05
22.1998 	EXP 	text1: text = 'full right'
22.1998 	EXP 	text2: foreColor = <psychopy.colors.Color: white, alpha=1.0>
22.1998 	EXP 	text2: height = 0.05
22.1998 	EXP 	text2: height = 0.05
22.1998 	EXP 	text2: height = 0.05
22.1998 	EXP 	text2: text = 'slight right'
22.1998 	EXP 	text3: foreColor = <psychopy.colors.Color: white, alpha=1.0>
22.1998 	EXP 	text3: text = 'slight left'
22.1998 	EXP 	text4: foreColor = <psychopy.colors.Color: white, alpha=1.0>
22.1998 	EXP 	text4: height = 0.05
22.1998 	EXP 	text4: height = 0.05
22.1998 	EXP 	text4: height = 0.05
22.1998 	EXP 	text4: text = 'full left'
22.1998 	EXP 	text5: foreColor = <psychopy.colors.Color: white, alpha=1.0>
22.1998 	EXP 	text5: height = 0.05
22.1998 	EXP 	text5: height = 0.05
22.1998 	EXP 	text5: height = 0.05
22.1998 	EXP 	text5: text = 'horse'
22.1998 	EXP 	text6: foreColor = <psychopy.colors.Color: white, alpha=1.0>
22.1998 	EXP 	text6: text = 'car'
22.1998 	EXP 	text7: foreColor = <psychopy.colors.Color: white, alpha=1.0>
22.1998 	EXP 	text7: height = 0.05
22.1998 	EXP 	text7: height = 0.05
22.1998 	EXP 	text7: height = 0.05
22.1998 	EXP 	text7: text = 'shoe'
22.1998 	EXP 	text8: foreColor = <psychopy.colors.Color: white, alpha=1.0>
22.1998 	EXP 	text8: text = 'turtle'
22.1998 	EXP 	num1: foreColor = <psychopy.colors.Color: white, alpha=1.0>
22.1998 	EXP 	num1: text = '1'
22.1998 	EXP 	num2: foreColor = <psychopy.colors.Color: white, alpha=1.0>
22.1998 	EXP 	num2: text = '2'
22.1998 	EXP 	num3: foreColor = <psychopy.colors.Color: white, alpha=1.0>
22.1998 	EXP 	num3: text = '3'
22.1998 	EXP 	num4: foreColor = <psychopy.colors.Color: white, alpha=1.0>
22.1998 	EXP 	num4: text = '4'
22.1998 	EXP 	fixCross: autoDraw = True
22.1998 	EXP 	text1: autoDraw = True
22.1998 	EXP 	text2: autoDraw = True
22.1998 	EXP 	text3: autoDraw = True
22.1998 	EXP 	text4: autoDraw = True
22.1998 	EXP 	text5: autoDraw = True
22.1998 	EXP 	text6: autoDraw = True
22.1998 	EXP 	text7: autoDraw = True
22.1998 	EXP 	text8: autoDraw = True
22.1998 	EXP 	num1: autoDraw = True
22.1998 	EXP 	num2: autoDraw = True
22.1998 	EXP 	num3: autoDraw = True
22.1998 	EXP 	num4: autoDraw = True
23.4785 	DATA 	Keypress: 1
23.5000 	EXP 	fixCross: foreColor = <psychopy.colors.Color: (1.0, 0.0, 1.0, 1.0)>
23.5000 	EXP 	fixCross: borderColor = <psychopy.colors.Color: (1.0, 0.0, 1.0, 1.0)>
23.5000 	EXP 	fixCross: fillColor = <psychopy.colors.Color: (1.0, 0.0, 1.0, 1.0)>
23.5000 	EXP 	text1: foreColor = <psychopy.colors.Color: (1.0, 0.0, 1.0, 1.0)>
23.5000 	EXP 	text5: foreColor = <psychopy.colors.Color: (1.0, 0.0, 1.0, 1.0)>
23.5000 	EXP 	num1: foreColor = <psychopy.colors.Color: (1.0, 0.0, 1.0, 1.0)>
25.1999 	EXP 	fixCross: autoDraw = False
25.1999 	EXP 	text1: autoDraw = False
25.1999 	EXP 	text2: autoDraw = False
25.1999 	EXP 	text3: autoDraw = False
25.1999 	EXP 	text4: autoDraw = False
25.1999 	EXP 	text5: autoDraw = False
25.1999 	EXP 	text6: autoDraw = False
25.1999 	EXP 	text7: autoDraw = False
25.1999 	EXP 	text8: autoDraw = False
25.1999 	EXP 	num1: autoDraw = False
25.1999 	EXP 	num2: autoDraw = False
25.1999 	EXP 	num3: autoDraw = False
25.1999 	EXP 	num4: autoDraw = False
25.1999 	EXP 	fixCross: foreColor = <psychopy.colors.Color: transparent, alpha=1.0>
25.1999 	EXP 	fixCross: borderColor = <psychopy.colors.Color: transparent, alpha=1.0>
25.1999 	EXP 	fixCross: fillColor = <psychopy.colors.Color: transparent, alpha=1.0>
25.1999 	EXP 	fixCrossR: autoDraw = True
27.3516 	EXP 	New trial (rep=0, index=3): {'category': 'turtle', 'orientation': 1, 'taskCue': 'stim//obj1.png', 'stimfile': 'stim//turtle1.png', 'resp1': 'full left', 'resp2': 'full right', 'resp3': 'slight left', 'resp4': 'slight right', 'resp5': 'shoe', 'resp6': 'turtle', 'resp7': 'horse', 'resp8': 'car', 'objFirst': 'False', 'interval': 2.629}
27.3666 	EXP 	fixCrossR: autoDraw = False
27.3666 	EXP 	fixCrossR: autoDraw = False
27.3666 	EXP 	cue: image = 'stim//obj1.png'
27.3666 	EXP 	cue: autoDraw = True
28.3511 	EXP 	Created sequence: random, trialTypes=1, nReps=3, seed=None
28.3515 	EXP 	New trial (rep=0, index=0): None
28.5498 	EXP 	cue: autoDraw = False
28.5498 	EXP 	cue: autoDraw = False
28.5498 	EXP 	image: image = 'stim//turtle1.png'
28.5498 	EXP 	image: autoDraw = True
28.5498 	EXP 	fixCrossR_2: autoDraw = True
28.7998 	EXP 	image: autoDraw = False
28.7998 	EXP 	fixCrossR_2: autoDraw = False
28.7998 	EXP 	image: autoDraw = False
28.7998 	EXP 	fixCrossR_2: autoDraw = False
28.7998 	EXP 	fixCrossR_4: autoDraw = True
29.0343 	EXP 	New trial (rep=1, index=0): None
29.1858 	EXP 	fixCrossR_4: autoDraw = False
29.1858 	EXP 	fixCrossR_4: autoDraw = False
29.1858 	EXP 	image: image = 'stim//turtle1.png'
29.1858 	EXP 	image: autoDraw = True
29.1858 	EXP 	fixCrossR_2: autoDraw = True
29.4361 	EXP 	image: autoDraw = False
29.4361 	EXP 	fixCrossR_2: autoDraw = False
29.4361 	EXP 	image: autoDraw = False
29.4361 	EXP 	fixCrossR_2: autoDraw = False
29.4361 	EXP 	fixCrossR_4: autoDraw = True
29.6699 	EXP 	New trial (rep=2, index=0): None
29.9164 	EXP 	fixCrossR_4: autoDraw = False
29.9164 	EXP 	fixCrossR_4: autoDraw = False
29.9164 	EXP 	image: image = 'stim//turtle1.png'
29.9164 	EXP 	image: autoDraw = True
29.9164 	EXP 	fixCrossR_2: autoDraw = True
30.1665 	EXP 	image: autoDraw = False
30.1665 	EXP 	fixCrossR_2: autoDraw = False
30.1665 	EXP 	image: autoDraw = False
30.1665 	EXP 	fixCrossR_2: autoDraw = False
30.1665 	EXP 	fixCrossR_4: autoDraw = True
30.4505 	EXP 	fixCrossR_4: autoDraw = False
30.4505 	EXP 	fixCrossR_4: autoDraw = False
30.4505 	EXP 	fixCross: fillColor = <psychopy.colors.Color: black, alpha=1.0>
30.4505 	EXP 	fixCross: borderColor = <psychopy.colors.Color: black, alpha=1.0>
30.4505 	EXP 	text1: foreColor = <psychopy.colors.Color: white, alpha=1.0>
30.4505 	EXP 	text1: height = 0.05
30.4505 	EXP 	text1: height = 0.05
30.4505 	EXP 	text1: height = 0.05
30.4505 	EXP 	text1: text = 'full left'
30.4505 	EXP 	text2: foreColor = <psychopy.colors.Color: white, alpha=1.0>
30.4505 	EXP 	text2: height = 0.05
30.4505 	EXP 	text2: height = 0.05
30.4505 	EXP 	text2: height = 0.05
30.4505 	EXP 	text2: text = 'full right'
30.4505 	EXP 	text3: foreColor = <psychopy.colors.Color: white, alpha=1.0>
30.4505 	EXP 	text3: text = 'slight left'
30.4505 	EXP 	text4: foreColor = <psychopy.colors.Color: white, alpha=1.0>
30.4505 	EXP 	text4: height = 0.05
30.4505 	EXP 	text4: height = 0.05
30.4505 	EXP 	text4: height = 0.05
30.4505 	EXP 	text4: text = 'slight right'
30.4505 	EXP 	text5: foreColor = <psychopy.colors.Color: white, alpha=1.0>
30.4505 	EXP 	text5: height = 0.05
30.4505 	EXP 	text5: height = 0.05
30.4505 	EXP 	text5: height = 0.05
30.4505 	EXP 	text5: text = 'shoe'
30.4505 	EXP 	text6: foreColor = <psychopy.colors.Color: white, alpha=1.0>
30.4505 	EXP 	text6: height = 0.05
30.4505 	EXP 	text6: height = 0.05
30.4505 	EXP 	text6: height = 0.05
30.4505 	EXP 	text6: text = 'turtle'
30.4505 	EXP 	text7: foreColor = <psychopy.colors.Color: white, alpha=1.0>
30.4505 	EXP 	text7: height = 0.05
30.4505 	EXP 	text7: height = 0.05
30.4505 	EXP 	text7: height = 0.05
30.4505 	EXP 	text7: text = 'horse'
30.4505 	EXP 	text8: foreColor = <psychopy.colors.Color: white, alpha=1.0>
30.4505 	EXP 	text8: height = 0.05
30.4505 	EXP 	text8: height = 0.05
30.4505 	EXP 	text8: height = 0.05
30.4505 	EXP 	text8: text = 'car'
30.4505 	EXP 	num1: foreColor = <psychopy.colors.Color: white, alpha=1.0>
30.4505 	EXP 	num1: text = '1'
30.4505 	EXP 	num2: foreColor = <psychopy.colors.Color: white, alpha=1.0>
30.4505 	EXP 	num2: text = '2'
30.4505 	EXP 	num3: foreColor = <psychopy.colors.Color: white, alpha=1.0>
30.4505 	EXP 	num3: text = '3'
30.4505 	EXP 	num4: foreColor = <psychopy.colors.Color: white, alpha=1.0>
30.4505 	EXP 	num4: text = '4'
30.4505 	EXP 	fixCross: autoDraw = True
30.4505 	EXP 	text1: autoDraw = True
30.4505 	EXP 	text2: autoDraw = True
30.4505 	EXP 	text3: autoDraw = True
30.4505 	EXP 	text4: autoDraw = True
30.4505 	EXP 	text5: autoDraw = True
30.4505 	EXP 	text6: autoDraw = True
30.4505 	EXP 	text7: autoDraw = True
30.4505 	EXP 	text8: autoDraw = True
30.4505 	EXP 	num1: autoDraw = True
30.4505 	EXP 	num2: autoDraw = True
30.4505 	EXP 	num3: autoDraw = True
30.4505 	EXP 	num4: autoDraw = True
31.7686 	DATA 	Keypress: 2
31.7862 	EXP 	fixCross: foreColor = <psychopy.colors.Color: (1.0, 0.0, 1.0, 1.0)>
31.7862 	EXP 	fixCross: borderColor = <psychopy.colors.Color: (1.0, 0.0, 1.0, 1.0)>
31.7862 	EXP 	fixCross: fillColor = <psychopy.colors.Color: (1.0, 0.0, 1.0, 1.0)>
31.7862 	EXP 	text2: foreColor = <psychopy.colors.Color: (1.0, 0.0, 1.0, 1.0)>
31.7862 	EXP 	text6: foreColor = <psychopy.colors.Color: (1.0, 0.0, 1.0, 1.0)>
31.7862 	EXP 	num2: foreColor = <psychopy.colors.Color: (1.0, 0.0, 1.0, 1.0)>
33.4331 	EXP 	fixCross: autoDraw = False
33.4331 	EXP 	text1: autoDraw = False
33.4331 	EXP 	text2: autoDraw = False
33.4331 	EXP 	text3: autoDraw = False
33.4331 	EXP 	text4: autoDraw = False
33.4331 	EXP 	text5: autoDraw = False
33.4331 	EXP 	text6: autoDraw = False
33.4331 	EXP 	text7: autoDraw = False
33.4331 	EXP 	text8: autoDraw = False
33.4331 	EXP 	num1: autoDraw = False
33.4331 	EXP 	num2: autoDraw = False
33.4331 	EXP 	num3: autoDraw = False
33.4331 	EXP 	num4: autoDraw = False
33.4331 	EXP 	fixCross: foreColor = <psychopy.colors.Color: transparent, alpha=1.0>
33.4331 	EXP 	fixCross: borderColor = <psychopy.colors.Color: transparent, alpha=1.0>
33.4331 	EXP 	fixCross: fillColor = <psychopy.colors.Color: transparent, alpha=1.0>
33.4331 	EXP 	fixCrossR: autoDraw = True
36.0515 	EXP 	New trial (rep=0, index=4): {'category': 'car', 'orientation': 2, 'taskCue': 'stim//obj1.png', 'stimfile': 'stim//car2.png', 'resp1': 'car', 'resp2': 'shoe', 'resp3': 'horse', 'resp4': 'turtle', 'resp5': 'slight left', 'resp6': 'full right', 'resp7': 'full left', 'resp8': 'slight right', 'objFirst': 'True', 'interval': 2.548}
36.0664 	EXP 	fixCrossR: autoDraw = False
36.0664 	EXP 	fixCrossR: autoDraw = False
36.0664 	EXP 	cue: image = 'stim//obj1.png'
36.0664 	EXP 	cue: autoDraw = True
37.0511 	EXP 	Created sequence: random, trialTypes=1, nReps=3, seed=None
37.0515 	EXP 	New trial (rep=0, index=0): None
37.2163 	EXP 	cue: autoDraw = False
37.2163 	EXP 	cue: autoDraw = False
37.2163 	EXP 	image: image = 'stim//car2.png'
37.2163 	EXP 	image: autoDraw = True
37.2163 	EXP 	fixCrossR_2: autoDraw = True
37.4662 	EXP 	image: autoDraw = False
37.4662 	EXP 	fixCrossR_2: autoDraw = False
37.4662 	EXP 	image: autoDraw = False
37.4662 	EXP 	fixCrossR_2: autoDraw = False
37.4662 	EXP 	fixCrossR_4: autoDraw = True
37.7010 	EXP 	New trial (rep=1, index=0): None
37.8535 	EXP 	fixCrossR_4: autoDraw = False
37.8535 	EXP 	fixCrossR_4: autoDraw = False
37.8535 	EXP 	image: image = 'stim//car2.png'
37.8535 	EXP 	image: autoDraw = True
37.8535 	EXP 	fixCrossR_2: autoDraw = True
38.1023 	EXP 	image: autoDraw = False
38.1023 	EXP 	fixCrossR_2: autoDraw = False
38.1023 	EXP 	image: autoDraw = False
38.1023 	EXP 	fixCrossR_2: autoDraw = False
38.1023 	EXP 	fixCrossR_4: autoDraw = True
38.3364 	EXP 	New trial (rep=2, index=0): None
38.5840 	EXP 	fixCrossR_4: autoDraw = False
38.5840 	EXP 	fixCrossR_4: autoDraw = False
38.5840 	EXP 	image: image = 'stim//car2.png'
38.5840 	EXP 	image: autoDraw = True
38.5840 	EXP 	fixCrossR_2: autoDraw = True
38.8355 	EXP 	image: autoDraw = False
38.8355 	EXP 	fixCrossR_2: autoDraw = False
38.8355 	EXP 	image: autoDraw = False
38.8355 	EXP 	fixCrossR_2: autoDraw = False
38.8355 	EXP 	fixCrossR_4: autoDraw = True
39.1164 	EXP 	fixCrossR_4: autoDraw = False
39.1164 	EXP 	fixCrossR_4: autoDraw = False
39.1164 	EXP 	fixCross: fillColor = <psychopy.colors.Color: black, alpha=1.0>
39.1164 	EXP 	fixCross: borderColor = <psychopy.colors.Color: black, alpha=1.0>
39.1164 	EXP 	text1: foreColor = <psychopy.colors.Color: white, alpha=1.0>
39.1164 	EXP 	text1: height = 0.05
39.1164 	EXP 	text1: height = 0.05
39.1164 	EXP 	text1: height = 0.05
39.1164 	EXP 	text1: text = 'car'
39.1164 	EXP 	text2: foreColor = <psychopy.colors.Color: white, alpha=1.0>
39.1164 	EXP 	text2: height = 0.05
39.1164 	EXP 	text2: height = 0.05
39.1164 	EXP 	text2: height = 0.05
39.1164 	EXP 	text2: text = 'shoe'
39.1164 	EXP 	text3: foreColor = <psychopy.colors.Color: white, alpha=1.0>
39.1164 	EXP 	text3: height = 0.05
39.1164 	EXP 	text3: height = 0.05
39.1164 	EXP 	text3: height = 0.05
39.1164 	EXP 	text3: text = 'horse'
39.1164 	EXP 	text4: foreColor = <psychopy.colors.Color: white, alpha=1.0>
39.1164 	EXP 	text4: height = 0.05
39.1164 	EXP 	text4: height = 0.05
39.1164 	EXP 	text4: height = 0.05
39.1164 	EXP 	text4: text = 'turtle'
39.1164 	EXP 	text5: foreColor = <psychopy.colors.Color: white, alpha=1.0>
39.1164 	EXP 	text5: height = 0.05
39.1164 	EXP 	text5: height = 0.05
39.1164 	EXP 	text5: height = 0.05
39.1164 	EXP 	text5: text = 'slight left'
39.1164 	EXP 	text6: foreColor = <psychopy.colors.Color: white, alpha=1.0>
39.1164 	EXP 	text6: height = 0.05
39.1164 	EXP 	text6: height = 0.05
39.1164 	EXP 	text6: height = 0.05
39.1164 	EXP 	text6: text = 'full right'
39.1164 	EXP 	text7: foreColor = <psychopy.colors.Color: white, alpha=1.0>
39.1164 	EXP 	text7: height = 0.05
39.1164 	EXP 	text7: height = 0.05
39.1164 	EXP 	text7: height = 0.05
39.1164 	EXP 	text7: text = 'full left'
39.1164 	EXP 	text8: foreColor = <psychopy.colors.Color: white, alpha=1.0>
39.1164 	EXP 	text8: height = 0.05
39.1164 	EXP 	text8: height = 0.05
39.1164 	EXP 	text8: height = 0.05
39.1164 	EXP 	text8: text = 'slight right'
39.1164 	EXP 	num1: foreColor = <psychopy.colors.Color: white, alpha=1.0>
39.1164 	EXP 	num1: text = '1'
39.1164 	EXP 	num2: foreColor = <psychopy.colors.Color: white, alpha=1.0>
39.1164 	EXP 	num2: text = '2'
39.1164 	EXP 	num3: foreColor = <psychopy.colors.Color: white, alpha=1.0>
39.1164 	EXP 	num3: text = '3'
39.1164 	EXP 	num4: foreColor = <psychopy.colors.Color: white, alpha=1.0>
39.1164 	EXP 	num4: text = '4'
39.1164 	EXP 	fixCross: autoDraw = True
39.1164 	EXP 	text1: autoDraw = True
39.1164 	EXP 	text2: autoDraw = True
39.1164 	EXP 	text3: autoDraw = True
39.1164 	EXP 	text4: autoDraw = True
39.1164 	EXP 	text5: autoDraw = True
39.1164 	EXP 	text6: autoDraw = True
39.1164 	EXP 	text7: autoDraw = True
39.1164 	EXP 	text8: autoDraw = True
39.1164 	EXP 	num1: autoDraw = True
39.1164 	EXP 	num2: autoDraw = True
39.1164 	EXP 	num3: autoDraw = True
39.1164 	EXP 	num4: autoDraw = True
40.5618 	DATA 	Keypress: 1
40.5830 	EXP 	fixCross: foreColor = <psychopy.colors.Color: (1.0, 0.0, 1.0, 1.0)>
40.5830 	EXP 	fixCross: borderColor = <psychopy.colors.Color: (1.0, 0.0, 1.0, 1.0)>
40.5830 	EXP 	fixCross: fillColor = <psychopy.colors.Color: (1.0, 0.0, 1.0, 1.0)>
40.5830 	EXP 	text1: foreColor = <psychopy.colors.Color: (1.0, 0.0, 1.0, 1.0)>
40.5830 	EXP 	text5: foreColor = <psychopy.colors.Color: (1.0, 0.0, 1.0, 1.0)>
40.5830 	EXP 	num1: foreColor = <psychopy.colors.Color: (1.0, 0.0, 1.0, 1.0)>
42.0997 	EXP 	fixCross: autoDraw = False
42.0997 	EXP 	text1: autoDraw = False
42.0997 	EXP 	text2: autoDraw = False
42.0997 	EXP 	text3: autoDraw = False
42.0997 	EXP 	text4: autoDraw = False
42.0997 	EXP 	text5: autoDraw = False
42.0997 	EXP 	text6: autoDraw = False
42.0997 	EXP 	text7: autoDraw = False
42.0997 	EXP 	text8: autoDraw = False
42.0997 	EXP 	num1: autoDraw = False
42.0997 	EXP 	num2: autoDraw = False
42.0997 	EXP 	num3: autoDraw = False
42.0997 	EXP 	num4: autoDraw = False
42.0997 	EXP 	fixCross: foreColor = <psychopy.colors.Color: transparent, alpha=1.0>
42.0997 	EXP 	fixCross: borderColor = <psychopy.colors.Color: transparent, alpha=1.0>
42.0997 	EXP 	fixCross: fillColor = <psychopy.colors.Color: transparent, alpha=1.0>
42.0997 	EXP 	fixCrossR: autoDraw = True
44.6345 	EXP 	New trial (rep=0, index=5): {'category': 'car', 'orientation': 1, 'taskCue': 'stim//ori1.png', 'stimfile': 'stim//car1.png', 'resp1': 'slight right', 'resp2': 'full left', 'resp3': 'slight left', 'resp4': 'full right', 'resp5': 'horse', 'resp6': 'turtle', 'resp7': 'shoe', 'resp8': 'car', 'objFirst': 'False', 'interval': 2.304}
44.6495 	EXP 	fixCrossR: autoDraw = False
44.6495 	EXP 	fixCrossR: autoDraw = False
44.6495 	EXP 	cue: image = 'stim//ori1.png'
44.6495 	EXP 	cue: autoDraw = True
45.6344 	EXP 	Created sequence: random, trialTypes=1, nReps=3, seed=None
45.6348 	EXP 	New trial (rep=0, index=0): None
45.7828 	EXP 	cue: autoDraw = False
45.7828 	EXP 	cue: autoDraw = False
45.7828 	EXP 	image: image = 'stim//car1.png'
45.7828 	EXP 	image: autoDraw = True
45.7828 	EXP 	fixCrossR_2: autoDraw = True
46.0328 	EXP 	image: autoDraw = False
46.0328 	EXP 	fixCrossR_2: autoDraw = False
46.0328 	EXP 	image: autoDraw = False
46.0328 	EXP 	fixCrossR_2: autoDraw = False
46.0328 	EXP 	fixCrossR_4: autoDraw = True
46.2672 	EXP 	New trial (rep=1, index=0): None
46.4334 	EXP 	fixCrossR_4: autoDraw = False
46.4334 	EXP 	fixCrossR_4: autoDraw = False
46.4334 	EXP 	image: image = 'stim//car1.png'
46.4334 	EXP 	image: autoDraw = True
46.4334 	EXP 	fixCrossR_2: autoDraw = True
46.6829 	EXP 	image: autoDraw = False
46.6829 	EXP 	fixCrossR_2: autoDraw = False
46.6829 	EXP 	image: autoDraw = False
46.6829 	EXP 	fixCrossR_2: autoDraw = False
46.6829 	EXP 	fixCrossR_4: autoDraw = True
46.9172 	EXP 	New trial (rep=2, index=0): None
47.1527 	EXP 	fixCrossR_4: autoDraw = False
47.1527 	EXP 	fixCrossR_4: autoDraw = False
47.1527 	EXP 	image: image = 'stim//car1.png'
47.1527 	EXP 	image: autoDraw = True
47.1527 	EXP 	fixCrossR_2: autoDraw = True
47.4026 	EXP 	image: autoDraw = False
47.4026 	EXP 	fixCrossR_2: autoDraw = False
47.4026 	EXP 	image: autoDraw = False
47.4026 	EXP 	fixCrossR_2: autoDraw = False
47.4026 	EXP 	fixCrossR_4: autoDraw = True
47.6829 	EXP 	fixCrossR_4: autoDraw = False
47.6829 	EXP 	fixCrossR_4: autoDraw = False
47.6829 	EXP 	fixCross: fillColor = <psychopy.colors.Color: black, alpha=1.0>
47.6829 	EXP 	fixCross: borderColor = <psychopy.colors.Color: black, alpha=1.0>
47.6829 	EXP 	text1: foreColor = <psychopy.colors.Color: white, alpha=1.0>
47.6829 	EXP 	text1: height = 0.05
47.6829 	EXP 	text1: height = 0.05
47.6829 	EXP 	text1: height = 0.05
47.6829 	EXP 	text1: text = 'slight right'
47.6829 	EXP 	text2: foreColor = <psychopy.colors.Color: white, alpha=1.0>
47.6829 	EXP 	text2: height = 0.05
47.6829 	EXP 	text2: height = 0.05
47.6829 	EXP 	text2: height = 0.05
47.6829 	EXP 	text2: text = 'full left'
47.6829 	EXP 	text3: foreColor = <psychopy.colors.Color: white, alpha=1.0>
47.6829 	EXP 	text3: height = 0.05
47.6829 	EXP 	text3: height = 0.05
47.6829 	EXP 	text3: height = 0.05
47.6829 	EXP 	text3: text = 'slight left'
47.6829 	EXP 	text4: foreColor = <psychopy.colors.Color: white, alpha=1.0>
47.6829 	EXP 	text4: height = 0.05
47.6829 	EXP 	text4: height = 0.05
47.6829 	EXP 	text4: height = 0.05
47.6829 	EXP 	text4: text = 'full right'
47.6829 	EXP 	text5: foreColor = <psychopy.colors.Color: white, alpha=1.0>
47.6829 	EXP 	text5: height = 0.05
47.6829 	EXP 	text5: height = 0.05
47.6829 	EXP 	text5: height = 0.05
47.6829 	EXP 	text5: text = 'horse'
47.6829 	EXP 	text6: foreColor = <psychopy.colors.Color: white, alpha=1.0>
47.6829 	EXP 	text6: height = 0.05
47.6829 	EXP 	text6: height = 0.05
47.6829 	EXP 	text6: height = 0.05
47.6829 	EXP 	text6: text = 'turtle'
47.6829 	EXP 	text7: foreColor = <psychopy.colors.Color: white, alpha=1.0>
47.6829 	EXP 	text7: height = 0.05
47.6829 	EXP 	text7: height = 0.05
47.6829 	EXP 	text7: height = 0.05
47.6829 	EXP 	text7: text = 'shoe'
47.6829 	EXP 	text8: foreColor = <psychopy.colors.Color: white, alpha=1.0>
47.6829 	EXP 	text8: height = 0.05
47.6829 	EXP 	text8: height = 0.05
47.6829 	EXP 	text8: height = 0.05
47.6829 	EXP 	text8: text = 'car'
47.6829 	EXP 	num1: foreColor = <psychopy.colors.Color: white, alpha=1.0>
47.6829 	EXP 	num1: text = '1'
47.6829 	EXP 	num2: foreColor = <psychopy.colors.Color: white, alpha=1.0>
47.6829 	EXP 	num2: text = '2'
47.6829 	EXP 	num3: foreColor = <psychopy.colors.Color: white, alpha=1.0>
47.6829 	EXP 	num3: text = '3'
47.6829 	EXP 	num4: foreColor = <psychopy.colors.Color: white, alpha=1.0>
47.6829 	EXP 	num4: text = '4'
47.6829 	EXP 	fixCross: autoDraw = True
47.6829 	EXP 	text1: autoDraw = True
47.6829 	EXP 	text2: autoDraw = True
47.6829 	EXP 	text3: autoDraw = True
47.6829 	EXP 	text4: autoDraw = True
47.6829 	EXP 	text5: autoDraw = True
47.6829 	EXP 	text6: autoDraw = True
47.6829 	EXP 	text7: autoDraw = True
47.6829 	EXP 	text8: autoDraw = True
47.6829 	EXP 	num1: autoDraw = True
47.6829 	EXP 	num2: autoDraw = True
47.6829 	EXP 	num3: autoDraw = True
47.6829 	EXP 	num4: autoDraw = True
48.6450 	DATA 	Keypress: 2
48.6670 	EXP 	fixCross: foreColor = <psychopy.colors.Color: (1.0, 0.0, 1.0, 1.0)>
48.6670 	EXP 	fixCross: borderColor = <psychopy.colors.Color: (1.0, 0.0, 1.0, 1.0)>
48.6670 	EXP 	fixCross: fillColor = <psychopy.colors.Color: (1.0, 0.0, 1.0, 1.0)>
48.6670 	EXP 	text2: foreColor = <psychopy.colors.Color: (1.0, 0.0, 1.0, 1.0)>
48.6670 	EXP 	text6: foreColor = <psychopy.colors.Color: (1.0, 0.0, 1.0, 1.0)>
48.6670 	EXP 	num2: foreColor = <psychopy.colors.Color: (1.0, 0.0, 1.0, 1.0)>
50.6662 	EXP 	fixCross: autoDraw = False
50.6662 	EXP 	text1: autoDraw = False
50.6662 	EXP 	text2: autoDraw = False
50.6662 	EXP 	text3: autoDraw = False
50.6662 	EXP 	text4: autoDraw = False
50.6662 	EXP 	text5: autoDraw = False
50.6662 	EXP 	text6: autoDraw = False
50.6662 	EXP 	text7: autoDraw = False
50.6662 	EXP 	text8: autoDraw = False
50.6662 	EXP 	num1: autoDraw = False
50.6662 	EXP 	num2: autoDraw = False
50.6662 	EXP 	num3: autoDraw = False
50.6662 	EXP 	num4: autoDraw = False
50.6662 	EXP 	fixCross: foreColor = <psychopy.colors.Color: transparent, alpha=1.0>
50.6662 	EXP 	fixCross: borderColor = <psychopy.colors.Color: transparent, alpha=1.0>
50.6662 	EXP 	fixCross: fillColor = <psychopy.colors.Color: transparent, alpha=1.0>
50.6662 	EXP 	fixCrossR: autoDraw = True
52.9679 	EXP 	New trial (rep=0, index=6): {'category': 'shoe', 'orientation': 2, 'taskCue': 'stim//obj2.png', 'stimfile': 'stim//shoe2.png', 'resp1': 'shoe', 'resp2': 'turtle', 'resp3': 'horse', 'resp4': 'car', 'resp5': 'full right', 'resp6': 'slight right', 'resp7': 'slight left', 'resp8': 'full left', 'objFirst': 'True', 'interval': 2.435}
52.9826 	EXP 	fixCrossR: autoDraw = False
52.9826 	EXP 	fixCrossR: autoDraw = False
52.9826 	EXP 	cue: image = 'stim//obj2.png'
52.9826 	EXP 	cue: autoDraw = True
53.9674 	EXP 	Created sequence: random, trialTypes=1, nReps=3, seed=None
53.9678 	EXP 	New trial (rep=0, index=0): None
54.1331 	EXP 	cue: autoDraw = False
54.1331 	EXP 	cue: autoDraw = False
54.1331 	EXP 	image: image = 'stim//shoe2.png'
54.1331 	EXP 	image: autoDraw = True
54.1331 	EXP 	fixCrossR_2: autoDraw = True
54.3827 	EXP 	image: autoDraw = False
54.3827 	EXP 	fixCrossR_2: autoDraw = False
54.3827 	EXP 	image: autoDraw = False
54.3827 	EXP 	fixCrossR_2: autoDraw = False
54.3827 	EXP 	fixCrossR_4: autoDraw = True
54.6174 	EXP 	New trial (rep=1, index=0): None
54.7684 	EXP 	fixCrossR_4: autoDraw = False
54.7684 	EXP 	fixCrossR_4: autoDraw = False
54.7684 	EXP 	image: image = 'stim//shoe2.png'
54.7684 	EXP 	image: autoDraw = True
54.7684 	EXP 	fixCrossR_2: autoDraw = True
55.0188 	EXP 	image: autoDraw = False
55.0188 	EXP 	fixCrossR_2: autoDraw = False
55.0188 	EXP 	image: autoDraw = False
55.0188 	EXP 	fixCrossR_2: autoDraw = False
55.0188 	EXP 	fixCrossR_4: autoDraw = True
55.2532 	EXP 	New trial (rep=2, index=0): None
55.4994 	EXP 	fixCrossR_4: autoDraw = False
55.4994 	EXP 	fixCrossR_4: autoDraw = False
55.4994 	EXP 	image: image = 'stim//shoe2.png'
55.4994 	EXP 	image: autoDraw = True
55.4994 	EXP 	fixCrossR_2: autoDraw = True
55.7494 	EXP 	image: autoDraw = False
55.7494 	EXP 	fixCrossR_2: autoDraw = False
55.7494 	EXP 	image: autoDraw = False
55.7494 	EXP 	fixCrossR_2: autoDraw = False
55.7494 	EXP 	fixCrossR_4: autoDraw = True
56.0327 	EXP 	fixCrossR_4: autoDraw = False
56.0327 	EXP 	fixCrossR_4: autoDraw = False
56.0327 	EXP 	fixCross: fillColor = <psychopy.colors.Color: black, alpha=1.0>
56.0327 	EXP 	fixCross: borderColor = <psychopy.colors.Color: black, alpha=1.0>
56.0327 	EXP 	text1: foreColor = <psychopy.colors.Color: white, alpha=1.0>
56.0327 	EXP 	text1: height = 0.05
56.0327 	EXP 	text1: height = 0.05
56.0327 	EXP 	text1: height = 0.05
56.0327 	EXP 	text1: text = 'shoe'
56.0327 	EXP 	text2: foreColor = <psychopy.colors.Color: white, alpha=1.0>
56.0327 	EXP 	text2: height = 0.05
56.0327 	EXP 	text2: height = 0.05
56.0327 	EXP 	text2: height = 0.05
56.0327 	EXP 	text2: text = 'turtle'
56.0327 	EXP 	text3: foreColor = <psychopy.colors.Color: white, alpha=1.0>
56.0327 	EXP 	text3: height = 0.05
56.0327 	EXP 	text3: height = 0.05
56.0327 	EXP 	text3: height = 0.05
56.0327 	EXP 	text3: text = 'horse'
56.0327 	EXP 	text4: foreColor = <psychopy.colors.Color: white, alpha=1.0>
56.0327 	EXP 	text4: height = 0.05
56.0327 	EXP 	text4: height = 0.05
56.0327 	EXP 	text4: height = 0.05
56.0327 	EXP 	text4: text = 'car'
56.0327 	EXP 	text5: foreColor = <psychopy.colors.Color: white, alpha=1.0>
56.0327 	EXP 	text5: height = 0.05
56.0327 	EXP 	text5: height = 0.05
56.0327 	EXP 	text5: height = 0.05
56.0327 	EXP 	text5: text = 'full right'
56.0327 	EXP 	text6: foreColor = <psychopy.colors.Color: white, alpha=1.0>
56.0327 	EXP 	text6: height = 0.05
56.0327 	EXP 	text6: height = 0.05
56.0327 	EXP 	text6: height = 0.05
56.0327 	EXP 	text6: text = 'slight right'
56.0327 	EXP 	text7: foreColor = <psychopy.colors.Color: white, alpha=1.0>
56.0327 	EXP 	text7: height = 0.05
56.0327 	EXP 	text7: height = 0.05
56.0327 	EXP 	text7: height = 0.05
56.0327 	EXP 	text7: text = 'slight left'
56.0327 	EXP 	text8: foreColor = <psychopy.colors.Color: white, alpha=1.0>
56.0327 	EXP 	text8: height = 0.05
56.0327 	EXP 	text8: height = 0.05
56.0327 	EXP 	text8: height = 0.05
56.0327 	EXP 	text8: text = 'full left'
56.0327 	EXP 	num1: foreColor = <psychopy.colors.Color: white, alpha=1.0>
56.0327 	EXP 	num1: text = '1'
56.0327 	EXP 	num2: foreColor = <psychopy.colors.Color: white, alpha=1.0>
56.0327 	EXP 	num2: text = '2'
56.0327 	EXP 	num3: foreColor = <psychopy.colors.Color: white, alpha=1.0>
56.0327 	EXP 	num3: text = '3'
56.0327 	EXP 	num4: foreColor = <psychopy.colors.Color: white, alpha=1.0>
56.0327 	EXP 	num4: text = '4'
56.0327 	EXP 	fixCross: autoDraw = True
56.0327 	EXP 	text1: autoDraw = True
56.0327 	EXP 	text2: autoDraw = True
56.0327 	EXP 	text3: autoDraw = True
56.0327 	EXP 	text4: autoDraw = True
56.0327 	EXP 	text5: autoDraw = True
56.0327 	EXP 	text6: autoDraw = True
56.0327 	EXP 	text7: autoDraw = True
56.0327 	EXP 	text8: autoDraw = True
56.0327 	EXP 	num1: autoDraw = True
56.0327 	EXP 	num2: autoDraw = True
56.0327 	EXP 	num3: autoDraw = True
56.0327 	EXP 	num4: autoDraw = True
56.7837 	DATA 	Keypress: 1
56.8002 	EXP 	fixCross: foreColor = <psychopy.colors.Color: (1.0, 0.0, 1.0, 1.0)>
56.8002 	EXP 	fixCross: borderColor = <psychopy.colors.Color: (1.0, 0.0, 1.0, 1.0)>
56.8002 	EXP 	fixCross: fillColor = <psychopy.colors.Color: (1.0, 0.0, 1.0, 1.0)>
56.8002 	EXP 	text1: foreColor = <psychopy.colors.Color: (1.0, 0.0, 1.0, 1.0)>
56.8002 	EXP 	text5: foreColor = <psychopy.colors.Color: (1.0, 0.0, 1.0, 1.0)>
56.8002 	EXP 	num1: foreColor = <psychopy.colors.Color: (1.0, 0.0, 1.0, 1.0)>
59.0160 	EXP 	fixCross: autoDraw = False
59.0160 	EXP 	text1: autoDraw = False
59.0160 	EXP 	text2: autoDraw = False
59.0160 	EXP 	text3: autoDraw = False
59.0160 	EXP 	text4: autoDraw = False
59.0160 	EXP 	text5: autoDraw = False
59.0160 	EXP 	text6: autoDraw = False
59.0160 	EXP 	text7: autoDraw = False
59.0160 	EXP 	text8: autoDraw = False
59.0160 	EXP 	num1: autoDraw = False
59.0160 	EXP 	num2: autoDraw = False
59.0160 	EXP 	num3: autoDraw = False
59.0160 	EXP 	num4: autoDraw = False
59.0160 	EXP 	fixCross: foreColor = <psychopy.colors.Color: transparent, alpha=1.0>
59.0160 	EXP 	fixCross: borderColor = <psychopy.colors.Color: transparent, alpha=1.0>
59.0160 	EXP 	fixCross: fillColor = <psychopy.colors.Color: transparent, alpha=1.0>
59.0160 	EXP 	fixCrossR: autoDraw = True
61.4503 	EXP 	New trial (rep=0, index=7): {'category': 'turtle', 'orientation': 3, 'taskCue': 'stim//ori1.png', 'stimfile': 'stim//turtle3.png', 'resp1': 'turtle', 'resp2': 'car', 'resp3': 'horse', 'resp4': 'shoe', 'resp5': 'slight right', 'resp6': 'slight left', 'resp7': 'full right', 'resp8': 'full left', 'objFirst': 'True', 'interval': 2.551}
61.4660 	EXP 	fixCrossR: autoDraw = False
61.4660 	EXP 	fixCrossR: autoDraw = False
61.4660 	EXP 	cue: image = 'stim//ori1.png'
61.4660 	EXP 	cue: autoDraw = True
62.4506 	EXP 	Created sequence: random, trialTypes=1, nReps=3, seed=None
62.4510 	EXP 	New trial (rep=0, index=0): None
62.6010 	EXP 	cue: autoDraw = False
62.6010 	EXP 	cue: autoDraw = False
62.6010 	EXP 	image: image = 'stim//turtle3.png'
62.6010 	EXP 	image: autoDraw = True
62.6010 	EXP 	fixCrossR_2: autoDraw = True
62.8523 	EXP 	image: autoDraw = False
62.8523 	EXP 	fixCrossR_2: autoDraw = False
62.8523 	EXP 	image: autoDraw = False
62.8523 	EXP 	fixCrossR_2: autoDraw = False
62.8523 	EXP 	fixCrossR_4: autoDraw = True
63.0864 	EXP 	New trial (rep=1, index=0): None
63.2339 	EXP 	fixCrossR_4: autoDraw = False
63.2339 	EXP 	fixCrossR_4: autoDraw = False
63.2339 	EXP 	image: image = 'stim//turtle3.png'
63.2339 	EXP 	image: autoDraw = True
63.2339 	EXP 	fixCrossR_2: autoDraw = True
63.4857 	EXP 	image: autoDraw = False
63.4857 	EXP 	fixCrossR_2: autoDraw = False
63.4857 	EXP 	image: autoDraw = False
63.4857 	EXP 	fixCrossR_2: autoDraw = False
63.4857 	EXP 	fixCrossR_4: autoDraw = True
63.7201 	EXP 	New trial (rep=2, index=0): None
63.9662 	EXP 	fixCrossR_4: autoDraw = False
63.9662 	EXP 	fixCrossR_4: autoDraw = False
63.9662 	EXP 	image: image = 'stim//turtle3.png'
63.9662 	EXP 	image: autoDraw = True
63.9662 	EXP 	fixCrossR_2: autoDraw = True
64.2160 	EXP 	image: autoDraw = False
64.2160 	EXP 	fixCrossR_2: autoDraw = False
64.2160 	EXP 	image: autoDraw = False
64.2160 	EXP 	fixCrossR_2: autoDraw = False
64.2160 	EXP 	fixCrossR_4: autoDraw = True
64.4833 	EXP 	fixCrossR_4: autoDraw = False
64.4833 	EXP 	fixCrossR_4: autoDraw = False
64.4833 	EXP 	fixCross: fillColor = <psychopy.colors.Color: black, alpha=1.0>
64.4833 	EXP 	fixCross: borderColor = <psychopy.colors.Color: black, alpha=1.0>
64.4833 	EXP 	text1: foreColor = <psychopy.colors.Color: white, alpha=1.0>
64.4833 	EXP 	text1: height = 0.05
64.4833 	EXP 	text1: height = 0.05
64.4833 	EXP 	text1: height = 0.05
64.4833 	EXP 	text1: text = 'turtle'
64.4833 	EXP 	text2: foreColor = <psychopy.colors.Color: white, alpha=1.0>
64.4833 	EXP 	text2: height = 0.05
64.4833 	EXP 	text2: height = 0.05
64.4833 	EXP 	text2: height = 0.05
64.4833 	EXP 	text2: text = 'car'
64.4833 	EXP 	text3: foreColor = <psychopy.colors.Color: white, alpha=1.0>
64.4833 	EXP 	text3: text = 'horse'
64.4833 	EXP 	text4: foreColor = <psychopy.colors.Color: white, alpha=1.0>
64.4833 	EXP 	text4: height = 0.05
64.4833 	EXP 	text4: height = 0.05
64.4833 	EXP 	text4: height = 0.05
64.4833 	EXP 	text4: text = 'shoe'
64.4833 	EXP 	text5: foreColor = <psychopy.colors.Color: white, alpha=1.0>
64.4833 	EXP 	text5: height = 0.05
64.4833 	EXP 	text5: height = 0.05
64.4833 	EXP 	text5: height = 0.05
64.4833 	EXP 	text5: text = 'slight right'
64.4833 	EXP 	text6: foreColor = <psychopy.colors.Color: white, alpha=1.0>
64.4833 	EXP 	text6: height = 0.05
64.4833 	EXP 	text6: height = 0.05
64.4833 	EXP 	text6: height = 0.05
64.4833 	EXP 	text6: text = 'slight left'
64.4833 	EXP 	text7: foreColor = <psychopy.colors.Color: white, alpha=1.0>
64.4833 	EXP 	text7: height = 0.05
64.4833 	EXP 	text7: height = 0.05
64.4833 	EXP 	text7: height = 0.05
64.4833 	EXP 	text7: text = 'full right'
64.4833 	EXP 	text8: foreColor = <psychopy.colors.Color: white, alpha=1.0>
64.4833 	EXP 	text8: text = 'full left'
64.4833 	EXP 	num1: foreColor = <psychopy.colors.Color: white, alpha=1.0>
64.4833 	EXP 	num1: text = '1'
64.4833 	EXP 	num2: foreColor = <psychopy.colors.Color: white, alpha=1.0>
64.4833 	EXP 	num2: text = '2'
64.4833 	EXP 	num3: foreColor = <psychopy.colors.Color: white, alpha=1.0>
64.4833 	EXP 	num3: text = '3'
64.4833 	EXP 	num4: foreColor = <psychopy.colors.Color: white, alpha=1.0>
64.4833 	EXP 	num4: text = '4'
64.4833 	EXP 	fixCross: autoDraw = True
64.4833 	EXP 	text1: autoDraw = True
64.4833 	EXP 	text2: autoDraw = True
64.4833 	EXP 	text3: autoDraw = True
64.4833 	EXP 	text4: autoDraw = True
64.4833 	EXP 	text5: autoDraw = True
64.4833 	EXP 	text6: autoDraw = True
64.4833 	EXP 	text7: autoDraw = True
64.4833 	EXP 	text8: autoDraw = True
64.4833 	EXP 	num1: autoDraw = True
64.4833 	EXP 	num2: autoDraw = True
64.4833 	EXP 	num3: autoDraw = True
64.4833 	EXP 	num4: autoDraw = True
67.4691 	EXP 	fixCross: autoDraw = False
67.4691 	EXP 	text1: autoDraw = False
67.4691 	EXP 	text2: autoDraw = False
67.4691 	EXP 	text3: autoDraw = False
67.4691 	EXP 	text4: autoDraw = False
67.4691 	EXP 	text5: autoDraw = False
67.4691 	EXP 	text6: autoDraw = False
67.4691 	EXP 	text7: autoDraw = False
67.4691 	EXP 	text8: autoDraw = False
67.4691 	EXP 	num1: autoDraw = False
67.4691 	EXP 	num2: autoDraw = False
67.4691 	EXP 	num3: autoDraw = False
67.4691 	EXP 	num4: autoDraw = False
67.4691 	EXP 	fixCross: foreColor = <psychopy.colors.Color: transparent, alpha=1.0>
67.4691 	EXP 	fixCross: borderColor = <psychopy.colors.Color: transparent, alpha=1.0>
67.4691 	EXP 	fixCross: fillColor = <psychopy.colors.Color: transparent, alpha=1.0>
67.4691 	EXP 	fixCrossR: autoDraw = True
70.1813 	EXP 	window1: mouseVisible = True
