2.3652 	ERROR 	Support for the `sounddevice` audio backend is not available this session. Please install `psychopy-sounddevice` and restart the session to enable support.
4.9414 	WARNING 	User requested fullscreen with size [1536  864], but screen is actually [1920, 1080]. Using actual size
5.7297 	EXP 	Created window1 = Window(allowGUI=True, allowStencil=False, autoLog=True, backendConf=UNKNOWN, backgroundFit=<method-wrapper '__getattribute__' of attributeSetter object at 0x0000029B27680160>, backgroundImage=<method-wrapper '__getattribute__' of attributeSetter object at 0x0000029B27680100>, bitsMode=UNKNOWN, blendMode='avg', bpc=(8, 8, 8), color=array([-0.4039, -0.4039, -0.4039]), colorSpace='rgb', depthBits=8, fullscr=<method-wrapper '__getattribute__' of attributeSetter object at 0x0000029B27670FA0>, gamma=None, gammaErrorPolicy='raise', lms=UNKNOWN, monitor=<psychopy.monitors.calibTools.Monitor object at 0x0000029B2DCD9100>, multiSample=False, name='window1', numSamples=2, pos=(0, 0), screen=0, size=array([1920, 1080]), stencilBits=0, stereo=False, title='PsychoPy', units='height', useFBO=True, useRetina=False, viewOri=0.0, viewPos=None, viewScale=None, waitBlanking=True, winType='pyglet')
5.7298 	EXP 	window1: mouseVisible = True
5.7298 	EXP 	window1: backgroundImage = ''
5.7298 	EXP 	window1: backgroundFit = 'none'
5.7313 	EXP 	window1: Attempting to measure frame rate of screen (0) ...
5.7313 	EXP 	window1: recordFrameIntervals = False
5.8958 	EXP 	window1: recordFrameIntervals = True
6.0798 	EXP 	Screen (0) actual frame rate measured at 59.97Hz
6.0799 	EXP 	window1: recordFrameIntervals = False
6.0801 	EXP 	window1: mouseVisible = False
8.1940 	EXP 	pilotv2: status = STARTED
8.1945 	EXP 	window1: mouseVisible = True
8.2045 	EXP 	Created imageInstruct = ImageStim(__class__=<class 'psychopy.visual.image.ImageStim'>, anchor=('center', 'center'), autoLog=True, color=array([1., 1., 1.]), colorSpace='rgb', contrast=1.0, depth=0.0, draggable=False, flipHoriz=False, flipVert=False, image='default.png', interpolate=True, mask=None, maskParams=None, name='imageInstruct', opacity=1.0, ori=0.0, pos=array([0., 0.]), size=array([2.   , 1.259]), texRes=128.0, units='height', win=Window(...))
8.2048 	EXP 	window1: mouseVisible = True
8.2049 	EXP 	window1: mouseVisible = True
8.2054 	EXP 	window1: mouseVisible = True
8.2058 	EXP 	window1: mouseVisible = True
8.2199 	EXP 	window1: mouseVisible = True
8.2200 	EXP 	window1: mouseVisible = True
8.2204 	EXP 	window1: mouseVisible = True
8.2208 	EXP 	window1: mouseVisible = True
8.2321 	EXP 	window1: mouseVisible = True
8.2323 	EXP 	window1: mouseVisible = True
8.2324 	EXP 	window1: mouseVisible = True
8.2328 	EXP 	window1: mouseVisible = True
8.2332 	EXP 	window1: mouseVisible = True
8.2439 	EXP 	window1: mouseVisible = True
8.2441 	EXP 	window1: mouseVisible = True
8.2445 	EXP 	window1: mouseVisible = True
8.2449 	EXP 	window1: mouseVisible = True
8.2481 	EXP 	window1: mouseVisible = True
8.2483 	EXP 	window1: mouseVisible = True
8.3126 	EXP 	Created text_8 = TextStim(__class__=<class 'psychopy.visual.text.TextStim'>, alignHoriz=method-wrapper(...), alignText='center', alignVert=method-wrapper(...), anchorHoriz='center', anchorVert='center', antialias=True, autoDraw=False, autoLog=True, bold=False, color=array([1., 1., 1.]), colorSpace='rgb', contrast=1.0, depth=0.0, draggable=False, flipHoriz=False, flipVert=False, font='Open Sans', fontFiles=[], height=0.05, italic=False, languageStyle='LTR', name='text_8', opacity=1.0, ori=0.0, pos=array([0., 0.]), rgb=UNKNOWN, text=str(...), units='height', win=Window(...), wrapWidth=1)
8.3128 	EXP 	window1: mouseVisible = True
8.3129 	EXP 	window1: mouseVisible = True
8.3134 	EXP 	window1: mouseVisible = True
8.3138 	EXP 	window1: mouseVisible = True
8.3368 	EXP 	window1: mouseVisible = True
8.3370 	EXP 	window1: mouseVisible = True
8.3374 	EXP 	window1: mouseVisible = True
8.3378 	EXP 	window1: mouseVisible = True
8.3479 	EXP 	window1: mouseVisible = True
8.3481 	EXP 	window1: mouseVisible = True
8.3482 	EXP 	window1: mouseVisible = True
8.3487 	EXP 	window1: mouseVisible = True
8.3491 	EXP 	window1: mouseVisible = True
8.3575 	EXP 	window1: mouseVisible = True
8.3576 	EXP 	window1: mouseVisible = True
8.3581 	EXP 	window1: mouseVisible = True
8.3585 	EXP 	window1: mouseVisible = True
8.3618 	EXP 	window1: mouseVisible = True
8.3619 	EXP 	window1: mouseVisible = True
8.3657 	EXP 	Created image_17 = ImageStim(__class__=<class 'psychopy.visual.image.ImageStim'>, anchor=('center', 'center'), autoLog=True, color=array([1., 1., 1.]), colorSpace='rgb', contrast=1.0, depth=-3.0, draggable=False, flipHoriz=False, flipVert=False, image='stim/ori1.png', interpolate=True, mask=None, maskParams=None, name='image_17', opacity=1.0, ori=0.0, pos=array([0.  , 0.23]), size=array([0.15, 0.15]), texRes=128.0, units='height', win=Window(...))
8.3658 	EXP 	window1: mouseVisible = True
8.3705 	EXP 	Created text_9 = TextStim(__class__=<class 'psychopy.visual.text.TextStim'>, alignHoriz=method-wrapper(...), alignText='center', alignVert=method-wrapper(...), anchorHoriz='center', anchorVert='center', antialias=True, autoDraw=False, autoLog=True, bold=False, color=array([1., 1., 1.]), colorSpace='rgb', contrast=1.0, depth=0.0, draggable=False, flipHoriz=False, flipVert=False, font='Open Sans', fontFiles=[], height=0.05, italic=False, languageStyle='LTR', name='text_9', opacity=1.0, ori=0.0, pos=array([0., 0.]), rgb=UNKNOWN, text=str(...), units='height', win=Window(...), wrapWidth=1)
8.3707 	EXP 	window1: mouseVisible = True
8.3708 	EXP 	window1: mouseVisible = True
8.3712 	EXP 	window1: mouseVisible = True
8.3716 	EXP 	window1: mouseVisible = True
8.3755 	EXP 	window1: mouseVisible = True
8.3756 	EXP 	window1: mouseVisible = True
8.3760 	EXP 	window1: mouseVisible = True
8.3764 	EXP 	window1: mouseVisible = True
8.3799 	EXP 	window1: mouseVisible = True
8.3801 	EXP 	window1: mouseVisible = True
8.3802 	EXP 	window1: mouseVisible = True
8.3806 	EXP 	window1: mouseVisible = True
8.3810 	EXP 	window1: mouseVisible = True
8.3848 	EXP 	window1: mouseVisible = True
8.3850 	EXP 	window1: mouseVisible = True
8.3854 	EXP 	window1: mouseVisible = True
8.3858 	EXP 	window1: mouseVisible = True
8.3891 	EXP 	window1: mouseVisible = True
8.3892 	EXP 	window1: mouseVisible = True
8.3930 	EXP 	Created image_18 = ImageStim(__class__=<class 'psychopy.visual.image.ImageStim'>, anchor=('center', 'center'), autoLog=True, color=array([1., 1., 1.]), colorSpace='rgb', contrast=1.0, depth=-3.0, draggable=False, flipHoriz=False, flipVert=False, image='stim/obj2.png', interpolate=True, mask=None, maskParams=None, name='image_18', opacity=1.0, ori=0.0, pos=array([0.  , 0.23]), size=array([0.15, 0.15]), texRes=128.0, units='height', win=Window(...))
8.3931 	EXP 	window1: mouseVisible = True
8.3979 	EXP 	Created text_10 = TextStim(__class__=<class 'psychopy.visual.text.TextStim'>, alignHoriz=method-wrapper(...), alignText='center', alignVert=method-wrapper(...), anchorHoriz='center', anchorVert='center', antialias=True, autoDraw=False, autoLog=True, bold=False, color=array([1., 1., 1.]), colorSpace='rgb', contrast=1.0, depth=0.0, draggable=False, flipHoriz=False, flipVert=False, font='Open Sans', fontFiles=[], height=0.05, italic=False, languageStyle='LTR', name='text_10', opacity=1.0, ori=0.0, pos=array([0., 0.]), rgb=UNKNOWN, text=str(...), units='height', win=Window(...), wrapWidth=1)
8.3981 	EXP 	window1: mouseVisible = True
8.3982 	EXP 	window1: mouseVisible = True
8.3987 	EXP 	window1: mouseVisible = True
8.3991 	EXP 	window1: mouseVisible = True
8.4029 	EXP 	window1: mouseVisible = True
8.4030 	EXP 	window1: mouseVisible = True
8.4034 	EXP 	window1: mouseVisible = True
8.4038 	EXP 	window1: mouseVisible = True
8.4071 	EXP 	window1: mouseVisible = True
8.4073 	EXP 	window1: mouseVisible = True
8.4075 	EXP 	window1: mouseVisible = True
8.4079 	EXP 	window1: mouseVisible = True
8.4082 	EXP 	window1: mouseVisible = True
8.4121 	EXP 	window1: mouseVisible = True
8.4122 	EXP 	window1: mouseVisible = True
8.4126 	EXP 	window1: mouseVisible = True
8.4130 	EXP 	window1: mouseVisible = True
8.4163 	EXP 	window1: mouseVisible = True
8.4165 	EXP 	window1: mouseVisible = True
8.4206 	EXP 	Created image_19 = ImageStim(__class__=<class 'psychopy.visual.image.ImageStim'>, anchor=('center', 'center'), autoLog=True, color=array([1., 1., 1.]), colorSpace='rgb', contrast=1.0, depth=-3.0, draggable=False, flipHoriz=False, flipVert=False, image='stim/ori2.png', interpolate=True, mask=None, maskParams=None, name='image_19', opacity=1.0, ori=0.0, pos=array([0.  , 0.23]), size=array([0.15, 0.15]), texRes=128.0, units='height', win=Window(...))
8.4207 	EXP 	window1: mouseVisible = True
8.4255 	EXP 	Created text_11 = TextStim(__class__=<class 'psychopy.visual.text.TextStim'>, alignHoriz=method-wrapper(...), alignText='center', alignVert=method-wrapper(...), anchorHoriz='center', anchorVert='center', antialias=True, autoDraw=False, autoLog=True, bold=False, color=array([1., 1., 1.]), colorSpace='rgb', contrast=1.0, depth=0.0, draggable=False, flipHoriz=False, flipVert=False, font='Open Sans', fontFiles=[], height=0.05, italic=False, languageStyle='LTR', name='text_11', opacity=1.0, ori=0.0, pos=array([0., 0.]), rgb=UNKNOWN, text=str(...), units='height', win=Window(...), wrapWidth=1)
8.4257 	EXP 	window1: mouseVisible = True
8.4258 	EXP 	window1: mouseVisible = True
8.4263 	EXP 	window1: mouseVisible = True
8.4267 	EXP 	window1: mouseVisible = True
8.4306 	EXP 	window1: mouseVisible = True
8.4307 	EXP 	window1: mouseVisible = True
8.4311 	EXP 	window1: mouseVisible = True
8.4315 	EXP 	window1: mouseVisible = True
8.4349 	EXP 	window1: mouseVisible = True
8.4351 	EXP 	window1: mouseVisible = True
8.4353 	EXP 	window1: mouseVisible = True
8.4357 	EXP 	window1: mouseVisible = True
8.4362 	EXP 	window1: mouseVisible = True
8.4400 	EXP 	window1: mouseVisible = True
8.4402 	EXP 	window1: mouseVisible = True
8.4406 	EXP 	window1: mouseVisible = True
8.4410 	EXP 	window1: mouseVisible = True
8.4443 	EXP 	window1: mouseVisible = True
8.4443 	EXP 	window1: mouseVisible = True
8.4485 	EXP 	Created image_20 = ImageStim(__class__=<class 'psychopy.visual.image.ImageStim'>, anchor=('center', 'center'), autoLog=True, color=array([1., 1., 1.]), colorSpace='rgb', contrast=1.0, depth=-3.0, draggable=False, flipHoriz=False, flipVert=False, image='stim/obj1.png', interpolate=True, mask=None, maskParams=None, name='image_20', opacity=1.0, ori=0.0, pos=array([0.  , 0.23]), size=array([0.15, 0.15]), texRes=128.0, units='height', win=Window(...))
8.4486 	EXP 	window1: mouseVisible = True
8.4578 	EXP 	Created imageInstruct_2 = ImageStim(__class__=<class 'psychopy.visual.image.ImageStim'>, anchor=('center', 'center'), autoLog=True, color=array([1., 1., 1.]), colorSpace='rgb', contrast=1.0, depth=0.0, draggable=False, flipHoriz=False, flipVert=False, image='default.png', interpolate=True, mask=None, maskParams=None, name='imageInstruct_2', opacity=1.0, ori=0.0, pos=array([0., 0.]), size=array([0.96, 0.54]), texRes=128.0, units='height', win=Window(...))
8.4581 	EXP 	window1: mouseVisible = True
8.4582 	EXP 	window1: mouseVisible = True
8.4588 	EXP 	window1: mouseVisible = True
8.4593 	EXP 	window1: mouseVisible = True
8.4747 	EXP 	window1: mouseVisible = True
8.4749 	EXP 	window1: mouseVisible = True
8.4753 	EXP 	window1: mouseVisible = True
8.4757 	EXP 	window1: mouseVisible = True
8.4908 	EXP 	window1: mouseVisible = True
8.4911 	EXP 	window1: mouseVisible = True
8.4912 	EXP 	window1: mouseVisible = True
8.4916 	EXP 	window1: mouseVisible = True
8.4920 	EXP 	window1: mouseVisible = True
8.4957 	EXP 	window1: mouseVisible = True
8.4959 	EXP 	window1: mouseVisible = True
8.4963 	EXP 	window1: mouseVisible = True
8.4967 	EXP 	window1: mouseVisible = True
8.5000 	EXP 	window1: mouseVisible = True
8.5001 	EXP 	window1: mouseVisible = True
8.5140 	EXP 	Created text_12 = TextStim(__class__=<class 'psychopy.visual.text.TextStim'>, alignHoriz=method-wrapper(...), alignText='center', alignVert=method-wrapper(...), anchorHoriz='center', anchorVert='center', antialias=True, autoDraw=False, autoLog=True, bold=False, color=array([1., 1., 1.]), colorSpace='rgb', contrast=1.0, depth=0.0, draggable=False, flipHoriz=False, flipVert=False, font='Open Sans', fontFiles=[], height=0.05, italic=False, languageStyle='LTR', name='text_12', opacity=1.0, ori=0.0, pos=array([0., 0.]), rgb=UNKNOWN, text=str(...), units='height', win=Window(...), wrapWidth=1)
8.5141 	EXP 	window1: mouseVisible = True
8.5285 	EXP 	Created text_13 = TextStim(__class__=<class 'psychopy.visual.text.TextStim'>, alignHoriz=method-wrapper(...), alignText='center', alignVert=method-wrapper(...), anchorHoriz='center', anchorVert='center', antialias=True, autoDraw=False, autoLog=True, bold=False, color=array([1., 1., 1.]), colorSpace='rgb', contrast=1.0, depth=-1.0, draggable=False, flipHoriz=False, flipVert=False, font='Open Sans', fontFiles=[], height=0.05, italic=False, languageStyle='LTR', name='text_13', opacity=1.0, ori=0.0, pos=array([0., 0.]), rgb=UNKNOWN, text=str(...), units='height', win=Window(...), wrapWidth=1)
8.5286 	EXP 	window1: mouseVisible = True
8.5510 	EXP 	Created image_25 = ImageStim(__class__=<class 'psychopy.visual.image.ImageStim'>, anchor=('center', 'center'), autoLog=True, color=array([1., 1., 1.]), colorSpace='rgb', contrast=1.0, depth=-2.0, draggable=False, flipHoriz=False, flipVert=False, image='stim/response_instr.png', interpolate=True, mask=None, maskParams=None, name='image_25', opacity=1.0, ori=0.0, pos=array([0.  , 0.13]), size=array([0.7 , 0.21]), texRes=128.0, units='height', win=Window(...))
8.5512 	EXP 	window1: mouseVisible = True
8.5688 	EXP 	Created text_14 = TextStim(__class__=<class 'psychopy.visual.text.TextStim'>, alignHoriz=method-wrapper(...), alignText='center', alignVert=method-wrapper(...), anchorHoriz='center', anchorVert='center', antialias=True, autoDraw=False, autoLog=True, bold=False, color=array([1., 1., 1.]), colorSpace='rgb', contrast=1.0, depth=-1.0, draggable=False, flipHoriz=False, flipVert=False, font='Open Sans', fontFiles=[], height=0.05, italic=False, languageStyle='LTR', name='text_14', opacity=1.0, ori=0.0, pos=array([0., 0.]), rgb=UNKNOWN, text=str(...), units='height', win=Window(...), wrapWidth=1)
8.5689 	EXP 	window1: mouseVisible = True
8.5906 	EXP 	Created image_24 = ImageStim(__class__=<class 'psychopy.visual.image.ImageStim'>, anchor=('center', 'center'), autoLog=True, color=array([1., 1., 1.]), colorSpace='rgb', contrast=1.0, depth=-2.0, draggable=False, flipHoriz=False, flipVert=False, image='stim/response_instr.png', interpolate=True, mask=None, maskParams=None, name='image_24', opacity=1.0, ori=0.0, pos=array([0.  , 0.13]), size=array([0.7 , 0.21]), texRes=128.0, units='height', win=Window(...))
8.5907 	EXP 	window1: mouseVisible = True
8.6017 	EXP 	Created text_15 = TextStim(__class__=<class 'psychopy.visual.text.TextStim'>, alignHoriz=method-wrapper(...), alignText='center', alignVert=method-wrapper(...), anchorHoriz='center', anchorVert='center', antialias=True, autoDraw=False, autoLog=True, bold=False, color=array([1., 1., 1.]), colorSpace='rgb', contrast=1.0, depth=-1.0, draggable=False, flipHoriz=False, flipVert=False, font='Open Sans', fontFiles=[], height=0.05, italic=False, languageStyle='LTR', name='text_15', opacity=1.0, ori=0.0, pos=array([0., 0.]), rgb=UNKNOWN, text=str(...), units='height', win=Window(...), wrapWidth=1)
8.6018 	EXP 	window1: mouseVisible = True
8.6231 	EXP 	Created image_21 = ImageStim(__class__=<class 'psychopy.visual.image.ImageStim'>, anchor=('center', 'center'), autoLog=True, color=array([1., 1., 1.]), colorSpace='rgb', contrast=1.0, depth=-2.0, draggable=False, flipHoriz=False, flipVert=False, image='stim/response_instr.png', interpolate=True, mask=None, maskParams=None, name='image_21', opacity=1.0, ori=0.0, pos=array([0.  , 0.25]), size=array([0.7 , 0.21]), texRes=128.0, units='height', win=Window(...))
8.6233 	EXP 	window1: mouseVisible = True
8.6303 	EXP 	Created text_5 = TextStim(__class__=<class 'psychopy.visual.text.TextStim'>, alignHoriz=method-wrapper(...), alignText='center', alignVert=method-wrapper(...), anchorHoriz='center', anchorVert='center', antialias=True, autoDraw=False, autoLog=True, bold=False, color=array([1., 1., 1.]), colorSpace='rgb', contrast=1.0, depth=-1.0, draggable=False, flipHoriz=False, flipVert=False, font='Open Sans', fontFiles=[], height=0.05, italic=False, languageStyle='LTR', name='text_5', opacity=1.0, ori=0.0, pos=array([0., 0.]), rgb=UNKNOWN, text=str(...), units='height', win=Window(...), wrapWidth=1)
8.6304 	EXP 	window1: mouseVisible = True
8.6343 	EXP 	Created image_13 = ImageStim(__class__=<class 'psychopy.visual.image.ImageStim'>, anchor=('center', 'center'), autoLog=True, color=array([1., 1., 1.]), colorSpace='rgb', contrast=1.0, depth=-2.0, draggable=False, flipHoriz=False, flipVert=False, image='stim/obj1.png', interpolate=True, mask=None, maskParams=None, name='image_13', opacity=1.0, ori=0.0, pos=array([-0.45,  0.06]), size=array([0.15, 0.15]), texRes=128.0, units='height', win=Window(...))
8.6344 	EXP 	window1: mouseVisible = True
8.6382 	EXP 	Created image_14 = ImageStim(__class__=<class 'psychopy.visual.image.ImageStim'>, anchor=('center', 'center'), autoLog=True, color=array([1., 1., 1.]), colorSpace='rgb', contrast=1.0, depth=-3.0, draggable=False, flipHoriz=False, flipVert=False, image='stim/obj2.png', interpolate=True, mask=None, maskParams=None, name='image_14', opacity=1.0, ori=0.0, pos=array([-0.25,  0.06]), size=array([0.15, 0.15]), texRes=128.0, units='height', win=Window(...))
8.6384 	EXP 	window1: mouseVisible = True
8.6421 	EXP 	Created image_15 = ImageStim(__class__=<class 'psychopy.visual.image.ImageStim'>, anchor=('center', 'center'), autoLog=True, color=array([1., 1., 1.]), colorSpace='rgb', contrast=1.0, depth=-4.0, draggable=False, flipHoriz=False, flipVert=False, image='stim/ori1.png', interpolate=True, mask=None, maskParams=None, name='image_15', opacity=1.0, ori=0.0, pos=array([0.25, 0.06]), size=array([0.15, 0.15]), texRes=128.0, units='height', win=Window(...))
8.6422 	EXP 	window1: mouseVisible = True
8.6458 	EXP 	Created image_16 = ImageStim(__class__=<class 'psychopy.visual.image.ImageStim'>, anchor=('center', 'center'), autoLog=True, color=array([1., 1., 1.]), colorSpace='rgb', contrast=1.0, depth=-5.0, draggable=False, flipHoriz=False, flipVert=False, image='stim/ori2.png', interpolate=True, mask=None, maskParams=None, name='image_16', opacity=1.0, ori=0.0, pos=array([0.45, 0.06]), size=array([0.15, 0.15]), texRes=128.0, units='height', win=Window(...))
8.6459 	EXP 	window1: mouseVisible = True
8.6521 	EXP 	Created text_6 = TextStim(__class__=<class 'psychopy.visual.text.TextStim'>, alignHoriz=method-wrapper(...), alignText='center', alignVert=method-wrapper(...), anchorHoriz='center', anchorVert='center', antialias=True, autoDraw=False, autoLog=True, bold=False, color=array([1., 1., 1.]), colorSpace='rgb', contrast=1.0, depth=-6.0, draggable=False, flipHoriz=False, flipVert=False, font='Open Sans', fontFiles=[], height=0.05, italic=False, languageStyle='LTR', name='text_6', opacity=1.0, ori=0.0, pos=array([-0.4, -0.1]), rgb=UNKNOWN, text='  Which object was it?', units='height', win=Window(...), wrapWidth=1)
8.6523 	EXP 	window1: mouseVisible = True
8.6555 	EXP 	Created text_7 = TextStim(__class__=<class 'psychopy.visual.text.TextStim'>, alignHoriz=method-wrapper(...), alignText='center', alignVert=method-wrapper(...), anchorHoriz='center', anchorVert='center', antialias=True, autoDraw=False, autoLog=True, bold=False, color=array([1., 1., 1.]), colorSpace='rgb', contrast=1.0, depth=-7.0, draggable=False, flipHoriz=False, flipVert=False, font='Open Sans', fontFiles=[], height=0.05, italic=False, languageStyle='LTR', name='text_7', opacity=1.0, ori=0.0, pos=array([ 0.4, -0.1]), rgb=UNKNOWN, text='Which way was it facing?', units='height', win=Window(...), wrapWidth=1)
8.6556 	EXP 	window1: mouseVisible = True
8.6605 	EXP 	Created text = TextStim(__class__=<class 'psychopy.visual.text.TextStim'>, alignHoriz=method-wrapper(...), alignText='center', alignVert=method-wrapper(...), anchorHoriz='center', anchorVert='center', antialias=True, autoDraw=False, autoLog=True, bold=False, color=array([1., 1., 1.]), colorSpace='rgb', contrast=1.0, depth=0.0, draggable=False, flipHoriz=False, flipVert=False, font='Open Sans', fontFiles=[], height=0.05, italic=False, languageStyle='LTR', name='text', opacity=1.0, ori=0.0, pos=array([0., 0.]), rgb=UNKNOWN, text='The experiment will begin soon. Get ready!', units='height', win=Window(...), wrapWidth=1)
8.6607 	EXP 	window1: mouseVisible = True
8.6697 	EXP 	Created cue = ImageStim(__class__=<class 'psychopy.visual.image.ImageStim'>, anchor=('center', 'center'), autoLog=True, color=array([1., 1., 1.]), colorSpace='rgb', contrast=1.0, depth=0.0, draggable=False, flipHoriz=False, flipVert=False, image='default.png', interpolate=True, mask=None, maskParams=None, name='cue', opacity=1.0, ori=0.0, pos=array([0., 0.]), size=array([0.15, 0.15]), texRes=128.0, units='height', win=Window(...))
8.6698 	EXP 	window1: mouseVisible = True
8.6785 	EXP 	Created image = ImageStim(__class__=<class 'psychopy.visual.image.ImageStim'>, anchor=('center', 'center'), autoLog=True, color=array([1., 1., 1.]), colorSpace='rgb', contrast=1.0, depth=0.0, draggable=False, flipHoriz=False, flipVert=False, image='default.png', interpolate=True, mask=None, maskParams=None, name='image', opacity=1.0, ori=0.0, pos=array([0., 0.]), size=array([0.5, 0.5]), texRes=128.0, units='height', win=Window(...))
8.6786 	EXP 	window1: mouseVisible = True
8.6805 	EXP 	Created fixCrossR_2 = ShapeStim(__class__=<class 'psychopy.visual.shape.ShapeStim'>, anchor=('center', 'center'), autoDraw=False, autoLog=True, closeShape=True, color=method-wrapper(...), colorSpace='rgb', contrast=None, depth=-1.0, draggable=False, fillColor=array([-1, -1, -1]), fillColorSpace='rgb', fillRGB=array([-1, -1, -1]), interpolate=True, lineColor=array([-1., -1., -1.]), lineColorSpace='rgb', lineRGB=array([-1, -1, -1]), lineWidth=1.0, name='fixCrossR_2', opacity=1.0, ori=0.0, pos=array([0., 0.]), size=array([0.02, 0.02]), units='height', vertices=ndarray(...), win=Window(...), windingRule=None)
8.6806 	EXP 	window1: mouseVisible = True
8.6822 	EXP 	Created fixCrossR_4 = ShapeStim(__class__=<class 'psychopy.visual.shape.ShapeStim'>, anchor=('center', 'center'), autoDraw=False, autoLog=True, closeShape=True, color=method-wrapper(...), colorSpace='rgb', contrast=None, depth=0.0, draggable=False, fillColor=array([-1, -1, -1]), fillColorSpace='rgb', fillRGB=array([-1, -1, -1]), interpolate=True, lineColor=array([-1., -1., -1.]), lineColorSpace='rgb', lineRGB=array([-1, -1, -1]), lineWidth=1.0, name='fixCrossR_4', opacity=1.0, ori=0.0, pos=array([0., 0.]), size=array([0.02, 0.02]), units='height', vertices=ndarray(...), win=Window(...), windingRule=None)
8.6823 	EXP 	window1: mouseVisible = True
8.6842 	EXP 	Created fixCross = ShapeStim(__class__=<class 'psychopy.visual.shape.ShapeStim'>, anchor=('center', 'center'), autoDraw=False, autoLog=True, closeShape=True, color=method-wrapper(...), colorSpace='rgb', contrast=None, depth=0.0, draggable=False, fillColor=array([1, 1, 1]), fillColorSpace='rgb', fillRGB=array([1, 1, 1]), interpolate=True, lineColor=array([1., 1., 1.]), lineColorSpace='rgb', lineRGB=array([1, 1, 1]), lineWidth=1.0, name='fixCross', opacity=1.0, ori=0.0, pos=array([0., 0.]), size=array([0.02, 0.02]), units='height', vertices=ndarray(...), win=Window(...), windingRule=None)
8.6843 	EXP 	window1: mouseVisible = True
8.6861 	EXP 	Created text1 = TextStim(__class__=<class 'psychopy.visual.text.TextStim'>, alignHoriz=method-wrapper(...), alignText='center', alignVert=method-wrapper(...), anchorHoriz='center', anchorVert='center', antialias=True, autoDraw=False, autoLog=True, bold=False, color=array([1., 1., 1.]), colorSpace='rgb', contrast=1.0, depth=-1.0, draggable=False, flipHoriz=False, flipVert=False, font='Open Sans', fontFiles=[], height=0.05, italic=False, languageStyle='LTR', name='text1', opacity=1.0, ori=0.0, pos=array([-0.5,  0.1]), rgb=UNKNOWN, text='', units='norm', win=Window(...), wrapWidth=1)
8.6862 	EXP 	window1: mouseVisible = True
8.6872 	EXP 	Created text2 = TextStim(__class__=<class 'psychopy.visual.text.TextStim'>, alignHoriz=method-wrapper(...), alignText='center', alignVert=method-wrapper(...), anchorHoriz='center', anchorVert='center', antialias=True, autoDraw=False, autoLog=True, bold=False, color=array([1., 1., 1.]), colorSpace='rgb', contrast=1.0, depth=-2.0, draggable=False, flipHoriz=False, flipVert=False, font='Open Sans', fontFiles=[], height=0.05, italic=False, languageStyle='LTR', name='text2', opacity=1.0, ori=0.0, pos=array([-0.1666,  0.1   ]), rgb=UNKNOWN, text='', units='norm', win=Window(...), wrapWidth=1)
8.6873 	EXP 	window1: mouseVisible = True
8.6882 	EXP 	Created text3 = TextStim(__class__=<class 'psychopy.visual.text.TextStim'>, alignHoriz=method-wrapper(...), alignText='center', alignVert=method-wrapper(...), anchorHoriz='center', anchorVert='center', antialias=True, autoDraw=False, autoLog=True, bold=False, color=array([1., 1., 1.]), colorSpace='rgb', contrast=1.0, depth=-3.0, draggable=False, flipHoriz=False, flipVert=False, font='Open Sans', fontFiles=[], height=0.05, italic=False, languageStyle='LTR', name='text3', opacity=1.0, ori=0.0, pos=array([0.166, 0.1  ]), rgb=UNKNOWN, text='', units='norm', win=Window(...), wrapWidth=1)
8.6883 	EXP 	window1: mouseVisible = True
8.6893 	EXP 	Created text4 = TextStim(__class__=<class 'psychopy.visual.text.TextStim'>, alignHoriz=method-wrapper(...), alignText='center', alignVert=method-wrapper(...), anchorHoriz='center', anchorVert='center', antialias=True, autoDraw=False, autoLog=True, bold=False, color=array([1., 1., 1.]), colorSpace='rgb', contrast=1.0, depth=-4.0, draggable=False, flipHoriz=False, flipVert=False, font='Open Sans', fontFiles=[], height=0.05, italic=False, languageStyle='LTR', name='text4', opacity=1.0, ori=0.0, pos=array([0.5, 0.1]), rgb=UNKNOWN, text='', units='norm', win=Window(...), wrapWidth=1)
8.6893 	EXP 	window1: mouseVisible = True
8.6903 	EXP 	Created text5 = TextStim(__class__=<class 'psychopy.visual.text.TextStim'>, alignHoriz=method-wrapper(...), alignText='center', alignVert=method-wrapper(...), anchorHoriz='center', anchorVert='center', antialias=True, autoDraw=False, autoLog=True, bold=False, color=array([1., 1., 1.]), colorSpace='rgb', contrast=1.0, depth=-5.0, draggable=False, flipHoriz=False, flipVert=False, font='Open Sans', fontFiles=[], height=0.05, italic=False, languageStyle='LTR', name='text5', opacity=1.0, ori=0.0, pos=array([-0.5, -0.1]), rgb=UNKNOWN, text='', units='norm', win=Window(...), wrapWidth=1)
8.6904 	EXP 	window1: mouseVisible = True
8.6913 	EXP 	Created text6 = TextStim(__class__=<class 'psychopy.visual.text.TextStim'>, alignHoriz=method-wrapper(...), alignText='center', alignVert=method-wrapper(...), anchorHoriz='center', anchorVert='center', antialias=True, autoDraw=False, autoLog=True, bold=False, color=array([1., 1., 1.]), colorSpace='rgb', contrast=1.0, depth=-6.0, draggable=False, flipHoriz=False, flipVert=False, font='Open Sans', fontFiles=[], height=0.05, italic=False, languageStyle='LTR', name='text6', opacity=1.0, ori=0.0, pos=array([-0.1666, -0.1   ]), rgb=UNKNOWN, text='', units='norm', win=Window(...), wrapWidth=1)
8.6914 	EXP 	window1: mouseVisible = True
8.6924 	EXP 	Created text7 = TextStim(__class__=<class 'psychopy.visual.text.TextStim'>, alignHoriz=method-wrapper(...), alignText='center', alignVert=method-wrapper(...), anchorHoriz='center', anchorVert='center', antialias=True, autoDraw=False, autoLog=True, bold=False, color=array([1., 1., 1.]), colorSpace='rgb', contrast=1.0, depth=-7.0, draggable=False, flipHoriz=False, flipVert=False, font='Open Sans', fontFiles=[], height=0.05, italic=False, languageStyle='LTR', name='text7', opacity=1.0, ori=0.0, pos=array([ 0.1666, -0.1   ]), rgb=UNKNOWN, text='', units='norm', win=Window(...), wrapWidth=1)
8.6924 	EXP 	window1: mouseVisible = True
8.6934 	EXP 	Created text8 = TextStim(__class__=<class 'psychopy.visual.text.TextStim'>, alignHoriz=method-wrapper(...), alignText='center', alignVert=method-wrapper(...), anchorHoriz='center', anchorVert='center', antialias=True, autoDraw=False, autoLog=True, bold=False, color=array([1., 1., 1.]), colorSpace='rgb', contrast=1.0, depth=-8.0, draggable=False, flipHoriz=False, flipVert=False, font='Open Sans', fontFiles=[], height=0.05, italic=False, languageStyle='LTR', name='text8', opacity=1.0, ori=0.0, pos=array([ 0.5, -0.1]), rgb=UNKNOWN, text='', units='norm', win=Window(...), wrapWidth=1)
8.6936 	EXP 	window1: mouseVisible = True
8.6949 	EXP 	Created num1 = TextStim(__class__=<class 'psychopy.visual.text.TextStim'>, alignHoriz=method-wrapper(...), alignText='center', alignVert=method-wrapper(...), anchorHoriz='center', anchorVert='center', antialias=True, autoDraw=False, autoLog=True, bold=False, color=array([1., 1., 1.]), colorSpace='rgb', contrast=1.0, depth=-10.0, draggable=False, flipHoriz=False, flipVert=False, font='Open Sans', fontFiles=[], height=0.1, italic=False, languageStyle='LTR', name='num1', opacity=1.0, ori=0.0, pos=array([-0.5,  0.3]), rgb=UNKNOWN, text='', units='norm', win=Window(...), wrapWidth=1)
8.6950 	EXP 	window1: mouseVisible = True
8.6960 	EXP 	Created num2 = TextStim(__class__=<class 'psychopy.visual.text.TextStim'>, alignHoriz=method-wrapper(...), alignText='center', alignVert=method-wrapper(...), anchorHoriz='center', anchorVert='center', antialias=True, autoDraw=False, autoLog=True, bold=False, color=array([1., 1., 1.]), colorSpace='rgb', contrast=1.0, depth=-11.0, draggable=False, flipHoriz=False, flipVert=False, font='Open Sans', fontFiles=[], height=0.1, italic=False, languageStyle='LTR', name='num2', opacity=1.0, ori=0.0, pos=array([-0.1666,  0.3   ]), rgb=UNKNOWN, text='', units='norm', win=Window(...), wrapWidth=1)
8.6961 	EXP 	window1: mouseVisible = True
8.6970 	EXP 	Created num3 = TextStim(__class__=<class 'psychopy.visual.text.TextStim'>, alignHoriz=method-wrapper(...), alignText='center', alignVert=method-wrapper(...), anchorHoriz='center', anchorVert='center', antialias=True, autoDraw=False, autoLog=True, bold=False, color=array([1., 1., 1.]), colorSpace='rgb', contrast=1.0, depth=-12.0, draggable=False, flipHoriz=False, flipVert=False, font='Open Sans', fontFiles=[], height=0.1, italic=False, languageStyle='LTR', name='num3', opacity=1.0, ori=0.0, pos=array([0.1666, 0.3   ]), rgb=UNKNOWN, text='', units='norm', win=Window(...), wrapWidth=1)
8.6971 	EXP 	window1: mouseVisible = True
8.6981 	EXP 	Created num4 = TextStim(__class__=<class 'psychopy.visual.text.TextStim'>, alignHoriz=method-wrapper(...), alignText='center', alignVert=method-wrapper(...), anchorHoriz='center', anchorVert='center', antialias=True, autoDraw=False, autoLog=True, bold=False, color=array([1., 1., 1.]), colorSpace='rgb', contrast=1.0, depth=-13.0, draggable=False, flipHoriz=False, flipVert=False, font='Open Sans', fontFiles=[], height=0.1, italic=False, languageStyle='LTR', name='num4', opacity=1.0, ori=0.0, pos=array([0.5, 0.3]), rgb=UNKNOWN, text='', units='norm', win=Window(...), wrapWidth=1)
8.6982 	EXP 	window1: mouseVisible = True
8.7000 	EXP 	Created fixCrossR = ShapeStim(__class__=<class 'psychopy.visual.shape.ShapeStim'>, anchor=('center', 'center'), autoDraw=False, autoLog=True, closeShape=True, color=method-wrapper(...), colorSpace='rgb', contrast=None, depth=0.0, draggable=False, fillColor=array([-1, -1, -1]), fillColorSpace='rgb', fillRGB=array([-1, -1, -1]), interpolate=True, lineColor=array([-1., -1., -1.]), lineColorSpace='rgb', lineRGB=array([-1, -1, -1]), lineWidth=1.0, name='fixCrossR', opacity=1.0, ori=0.0, pos=array([0., 0.]), size=array([0.02, 0.02]), units='height', vertices=ndarray(...), win=Window(...), windingRule=None)
8.7001 	EXP 	window1: mouseVisible = True
8.7055 	EXP 	Created text_17 = TextStim(__class__=<class 'psychopy.visual.text.TextStim'>, alignHoriz=method-wrapper(...), alignText='center', alignVert=method-wrapper(...), anchorHoriz='center', anchorVert='center', antialias=True, autoDraw=False, autoLog=True, bold=False, color=array([1., 1., 1.]), colorSpace='rgb', contrast=1.0, depth=0.0, draggable=False, flipHoriz=False, flipVert=False, font='Open Sans', fontFiles=[], height=0.05, italic=False, languageStyle='LTR', name='text_17', opacity=1.0, ori=0.0, pos=array([0., 0.]), rgb=UNKNOWN, text='End of run, please relax for a moment.', units='height', win=Window(...), wrapWidth=1)
0.0165 	EXP 	Created sequence: random, trialTypes=1, nReps=999, seed=None
0.0192 	EXP 	New trial (rep=0, index=0): None
0.0242 	EXP 	Imported instructions/Instructions_doc.xlsx as conditions, 6 conditions, 1 params
0.0245 	EXP 	Created sequence: sequential, trialTypes=6, nReps=1, seed=None
0.0247 	EXP 	New trial (rep=0, index=0): {'InstructionsFilepath': 'instructions//slide1.png'}
0.1230 	EXP 	imageInstruct: image = 'instructions//slide1.png'
0.1230 	EXP 	imageInstruct: autoDraw = True
1.1089 	DATA 	Mouse: Left button down, pos=(1492,77)
1.1114 	EXP 	New trial (rep=0, index=1): {'InstructionsFilepath': 'instructions//slide2.png'}
1.1909 	EXP 	imageInstruct: autoDraw = False
1.1909 	EXP 	imageInstruct: image = 'instructions//slide2.png'
1.1909 	EXP 	imageInstruct: autoDraw = True
1.2444 	DATA 	Mouse:  Left button up, pos=(1492,77)
1.8614 	DATA 	Mouse: Left button down, pos=(1496,85)
1.8634 	EXP 	New trial (rep=0, index=2): {'InstructionsFilepath': 'instructions//slide3.png'}
1.9728 	EXP 	imageInstruct: autoDraw = False
1.9728 	EXP 	imageInstruct: image = 'instructions//slide3.png'
1.9728 	EXP 	imageInstruct: autoDraw = True
2.0068 	DATA 	Mouse:  Left button up, pos=(1496,85)
2.8904 	DATA 	Mouse: Left button down, pos=(487,130)
2.8917 	EXP 	New trial (rep=0, index=3): {'InstructionsFilepath': 'instructions//slide4.png'}
3.0002 	EXP 	imageInstruct: autoDraw = False
3.0002 	EXP 	imageInstruct: image = 'instructions//slide4.png'
3.0002 	EXP 	imageInstruct: autoDraw = True
3.0448 	DATA 	Mouse:  Left button up, pos=(487,130)
3.5447 	DATA 	Mouse: Left button down, pos=(489,120)
3.5461 	EXP 	New trial (rep=0, index=4): {'InstructionsFilepath': 'instructions//slide5.png'}
3.6264 	EXP 	imageInstruct: autoDraw = False
3.6264 	EXP 	imageInstruct: image = 'instructions//slide5.png'
3.6264 	EXP 	imageInstruct: autoDraw = True
3.6609 	DATA 	Mouse:  Left button up, pos=(489,120)
8.9614 	DATA 	Mouse: Left button down, pos=(494,113)
8.9633 	EXP 	New trial (rep=0, index=5): {'InstructionsFilepath': 'instructions//slide6.png'}
9.0562 	EXP 	imageInstruct: autoDraw = False
9.0562 	EXP 	imageInstruct: image = 'instructions//slide6.png'
9.0562 	EXP 	imageInstruct: autoDraw = True
9.1062 	DATA 	Mouse:  Left button up, pos=(494,113)
10.2441 	DATA 	Mouse: Left button down, pos=(494,113)
10.3098 	EXP 	imageInstruct: autoDraw = False
10.3098 	EXP 	text_8: autoDraw = True
10.3098 	EXP 	image_17: autoDraw = True
10.4100 	DATA 	Mouse:  Left button up, pos=(494,113)
11.9975 	DATA 	Keypress: escape
12.1605 	EXP 	pilotv2: status = STOPPED
12.1760 	EXP 	text_8: autoDraw = False
12.1760 	EXP 	image_17: autoDraw = False
12.1762 	EXP 	pilotv2: status = STOPPED
12.2671 	EXP 	window1: mouseVisible = True
