2.4152 	ERROR 	Support for the `sounddevice` audio backend is not available this session. Please install `psychopy-sounddevice` and restart the session to enable support.
5.4203 	WARNING 	User requested fullscreen with size [1536  864], but screen is actually [1920, 1080]. Using actual size
6.1796 	EXP 	Created window1 = Window(allowGUI=True, allowStencil=False, autoLog=True, backendConf=UNKNOWN, backgroundFit=<method-wrapper '__getattribute__' of attributeSetter object at 0x00000116D8E94EE0>, backgroundImage=<method-wrapper '__getattribute__' of attributeSetter object at 0x00000116D8E94E80>, bitsMode=UNKNOWN, blendMode='avg', bpc=(8, 8, 8), color=array([-0.4039, -0.4039, -0.4039]), colorSpace='rgb', depthBits=8, fullscr=<method-wrapper '__getattribute__' of attributeSetter object at 0x00000116D8E94C70>, gamma=None, gammaErrorPolicy='raise', lms=UNKNOWN, monitor=<psychopy.monitors.calibTools.Monitor object at 0x00000116D93B8DC0>, multiSample=False, name='window1', numSamples=2, pos=(0, 0), screen=0, size=array([1920, 1080]), stencilBits=0, stereo=False, title='PsychoPy', units='height', useFBO=True, useRetina=False, viewOri=0.0, viewPos=None, viewScale=None, waitBlanking=True, winType='pyglet')
6.1798 	EXP 	window1: mouseVisible = True
6.1798 	EXP 	window1: backgroundImage = ''
6.1798 	EXP 	window1: backgroundFit = 'none'
6.1816 	EXP 	window1: Attempting to measure frame rate of screen (0) ...
6.1816 	EXP 	window1: recordFrameIntervals = False
6.3449 	EXP 	window1: recordFrameIntervals = True
6.5286 	EXP 	Screen (0) actual frame rate measured at 60.03Hz
6.5287 	EXP 	window1: recordFrameIntervals = False
6.5288 	EXP 	window1: mouseVisible = False
8.7505 	EXP 	pilotv2: status = STARTED
8.7509 	EXP 	window1: mouseVisible = True
8.7608 	EXP 	Created imageInstruct = ImageStim(__class__=<class 'psychopy.visual.image.ImageStim'>, anchor=('center', 'center'), autoLog=True, color=array([1., 1., 1.]), colorSpace='rgb', contrast=1.0, depth=0.0, draggable=False, flipHoriz=False, flipVert=False, image='default.png', interpolate=True, mask=None, maskParams=None, name='imageInstruct', opacity=1.0, ori=0.0, pos=array([0., 0.]), size=array([1.6    , 1.00736]), texRes=128.0, units='height', win=Window(...))
8.7611 	EXP 	window1: mouseVisible = True
8.7612 	EXP 	window1: mouseVisible = True
8.7616 	EXP 	window1: mouseVisible = True
8.7620 	EXP 	window1: mouseVisible = True
8.7834 	EXP 	window1: mouseVisible = True
8.7835 	EXP 	window1: mouseVisible = True
8.7840 	EXP 	window1: mouseVisible = True
8.7844 	EXP 	window1: mouseVisible = True
8.8024 	EXP 	window1: mouseVisible = True
8.8026 	EXP 	window1: mouseVisible = True
8.8028 	EXP 	window1: mouseVisible = True
8.8032 	EXP 	window1: mouseVisible = True
8.8036 	EXP 	window1: mouseVisible = True
8.8202 	EXP 	window1: mouseVisible = True
8.8203 	EXP 	window1: mouseVisible = True
8.8207 	EXP 	window1: mouseVisible = True
8.8211 	EXP 	window1: mouseVisible = True
8.8244 	EXP 	window1: mouseVisible = True
8.8246 	EXP 	window1: mouseVisible = True
8.8874 	EXP 	Created text_8 = TextStim(__class__=<class 'psychopy.visual.text.TextStim'>, alignHoriz=method-wrapper(...), alignText='center', alignVert=method-wrapper(...), anchorHoriz='center', anchorVert='center', antialias=True, autoDraw=False, autoLog=True, bold=False, color=array([1., 1., 1.]), colorSpace='rgb', contrast=1.0, depth=0.0, draggable=False, flipHoriz=False, flipVert=False, font='Open Sans', fontFiles=[], height=0.05, italic=False, languageStyle='LTR', name='text_8', opacity=1.0, ori=0.0, pos=array([0., 0.]), rgb=UNKNOWN, text=str(...), units='height', win=Window(...), wrapWidth=1)
8.8876 	EXP 	window1: mouseVisible = True
8.8878 	EXP 	window1: mouseVisible = True
8.8882 	EXP 	window1: mouseVisible = True
8.8886 	EXP 	window1: mouseVisible = True
8.9120 	EXP 	window1: mouseVisible = True
8.9122 	EXP 	window1: mouseVisible = True
8.9126 	EXP 	window1: mouseVisible = True
8.9130 	EXP 	window1: mouseVisible = True
8.9230 	EXP 	window1: mouseVisible = True
8.9232 	EXP 	window1: mouseVisible = True
8.9233 	EXP 	window1: mouseVisible = True
8.9237 	EXP 	window1: mouseVisible = True
8.9241 	EXP 	window1: mouseVisible = True
8.9325 	EXP 	window1: mouseVisible = True
8.9327 	EXP 	window1: mouseVisible = True
8.9331 	EXP 	window1: mouseVisible = True
8.9335 	EXP 	window1: mouseVisible = True
8.9368 	EXP 	window1: mouseVisible = True
8.9368 	EXP 	window1: mouseVisible = True
8.9405 	EXP 	Created image_17 = ImageStim(__class__=<class 'psychopy.visual.image.ImageStim'>, anchor=('center', 'center'), autoLog=True, color=array([1., 1., 1.]), colorSpace='rgb', contrast=1.0, depth=-3.0, draggable=False, flipHoriz=False, flipVert=False, image='stim/ori1.png', interpolate=True, mask=None, maskParams=None, name='image_17', opacity=1.0, ori=0.0, pos=array([0.  , 0.23]), size=array([0.15, 0.15]), texRes=128.0, units='height', win=Window(...))
8.9406 	EXP 	window1: mouseVisible = True
8.9452 	EXP 	Created text_9 = TextStim(__class__=<class 'psychopy.visual.text.TextStim'>, alignHoriz=method-wrapper(...), alignText='center', alignVert=method-wrapper(...), anchorHoriz='center', anchorVert='center', antialias=True, autoDraw=False, autoLog=True, bold=False, color=array([1., 1., 1.]), colorSpace='rgb', contrast=1.0, depth=0.0, draggable=False, flipHoriz=False, flipVert=False, font='Open Sans', fontFiles=[], height=0.05, italic=False, languageStyle='LTR', name='text_9', opacity=1.0, ori=0.0, pos=array([0., 0.]), rgb=UNKNOWN, text=str(...), units='height', win=Window(...), wrapWidth=1)
8.9454 	EXP 	window1: mouseVisible = True
8.9455 	EXP 	window1: mouseVisible = True
8.9459 	EXP 	window1: mouseVisible = True
8.9463 	EXP 	window1: mouseVisible = True
8.9501 	EXP 	window1: mouseVisible = True
8.9502 	EXP 	window1: mouseVisible = True
8.9506 	EXP 	window1: mouseVisible = True
8.9510 	EXP 	window1: mouseVisible = True
8.9543 	EXP 	window1: mouseVisible = True
8.9545 	EXP 	window1: mouseVisible = True
8.9546 	EXP 	window1: mouseVisible = True
8.9550 	EXP 	window1: mouseVisible = True
8.9554 	EXP 	window1: mouseVisible = True
8.9591 	EXP 	window1: mouseVisible = True
8.9593 	EXP 	window1: mouseVisible = True
8.9597 	EXP 	window1: mouseVisible = True
8.9600 	EXP 	window1: mouseVisible = True
8.9633 	EXP 	window1: mouseVisible = True
8.9634 	EXP 	window1: mouseVisible = True
8.9671 	EXP 	Created image_18 = ImageStim(__class__=<class 'psychopy.visual.image.ImageStim'>, anchor=('center', 'center'), autoLog=True, color=array([1., 1., 1.]), colorSpace='rgb', contrast=1.0, depth=-3.0, draggable=False, flipHoriz=False, flipVert=False, image='stim/obj2.png', interpolate=True, mask=None, maskParams=None, name='image_18', opacity=1.0, ori=0.0, pos=array([0.  , 0.23]), size=array([0.15, 0.15]), texRes=128.0, units='height', win=Window(...))
8.9672 	EXP 	window1: mouseVisible = True
8.9719 	EXP 	Created text_10 = TextStim(__class__=<class 'psychopy.visual.text.TextStim'>, alignHoriz=method-wrapper(...), alignText='center', alignVert=method-wrapper(...), anchorHoriz='center', anchorVert='center', antialias=True, autoDraw=False, autoLog=True, bold=False, color=array([1., 1., 1.]), colorSpace='rgb', contrast=1.0, depth=0.0, draggable=False, flipHoriz=False, flipVert=False, font='Open Sans', fontFiles=[], height=0.05, italic=False, languageStyle='LTR', name='text_10', opacity=1.0, ori=0.0, pos=array([0., 0.]), rgb=UNKNOWN, text=str(...), units='height', win=Window(...), wrapWidth=1)
8.9721 	EXP 	window1: mouseVisible = True
8.9722 	EXP 	window1: mouseVisible = True
8.9726 	EXP 	window1: mouseVisible = True
8.9730 	EXP 	window1: mouseVisible = True
8.9768 	EXP 	window1: mouseVisible = True
8.9769 	EXP 	window1: mouseVisible = True
8.9773 	EXP 	window1: mouseVisible = True
8.9777 	EXP 	window1: mouseVisible = True
8.9809 	EXP 	window1: mouseVisible = True
8.9811 	EXP 	window1: mouseVisible = True
8.9812 	EXP 	window1: mouseVisible = True
8.9816 	EXP 	window1: mouseVisible = True
8.9820 	EXP 	window1: mouseVisible = True
8.9858 	EXP 	window1: mouseVisible = True
8.9859 	EXP 	window1: mouseVisible = True
8.9863 	EXP 	window1: mouseVisible = True
8.9867 	EXP 	window1: mouseVisible = True
8.9899 	EXP 	window1: mouseVisible = True
8.9901 	EXP 	window1: mouseVisible = True
8.9940 	EXP 	Created image_19 = ImageStim(__class__=<class 'psychopy.visual.image.ImageStim'>, anchor=('center', 'center'), autoLog=True, color=array([1., 1., 1.]), colorSpace='rgb', contrast=1.0, depth=-3.0, draggable=False, flipHoriz=False, flipVert=False, image='stim/ori2.png', interpolate=True, mask=None, maskParams=None, name='image_19', opacity=1.0, ori=0.0, pos=array([0.  , 0.23]), size=array([0.15, 0.15]), texRes=128.0, units='height', win=Window(...))
8.9942 	EXP 	window1: mouseVisible = True
8.9988 	EXP 	Created text_11 = TextStim(__class__=<class 'psychopy.visual.text.TextStim'>, alignHoriz=method-wrapper(...), alignText='center', alignVert=method-wrapper(...), anchorHoriz='center', anchorVert='center', antialias=True, autoDraw=False, autoLog=True, bold=False, color=array([1., 1., 1.]), colorSpace='rgb', contrast=1.0, depth=0.0, draggable=False, flipHoriz=False, flipVert=False, font='Open Sans', fontFiles=[], height=0.05, italic=False, languageStyle='LTR', name='text_11', opacity=1.0, ori=0.0, pos=array([0., 0.]), rgb=UNKNOWN, text=str(...), units='height', win=Window(...), wrapWidth=1)
8.9990 	EXP 	window1: mouseVisible = True
8.9991 	EXP 	window1: mouseVisible = True
8.9995 	EXP 	window1: mouseVisible = True
8.9999 	EXP 	window1: mouseVisible = True
9.0037 	EXP 	window1: mouseVisible = True
9.0038 	EXP 	window1: mouseVisible = True
9.0042 	EXP 	window1: mouseVisible = True
9.0046 	EXP 	window1: mouseVisible = True
9.0080 	EXP 	window1: mouseVisible = True
9.0082 	EXP 	window1: mouseVisible = True
9.0083 	EXP 	window1: mouseVisible = True
9.0087 	EXP 	window1: mouseVisible = True
9.0092 	EXP 	window1: mouseVisible = True
9.0130 	EXP 	window1: mouseVisible = True
9.0131 	EXP 	window1: mouseVisible = True
9.0135 	EXP 	window1: mouseVisible = True
9.0139 	EXP 	window1: mouseVisible = True
9.0184 	EXP 	window1: mouseVisible = True
9.0185 	EXP 	window1: mouseVisible = True
9.0225 	EXP 	Created image_20 = ImageStim(__class__=<class 'psychopy.visual.image.ImageStim'>, anchor=('center', 'center'), autoLog=True, color=array([1., 1., 1.]), colorSpace='rgb', contrast=1.0, depth=-3.0, draggable=False, flipHoriz=False, flipVert=False, image='stim/obj1.png', interpolate=True, mask=None, maskParams=None, name='image_20', opacity=1.0, ori=0.0, pos=array([0.  , 0.23]), size=array([0.15, 0.15]), texRes=128.0, units='height', win=Window(...))
9.0226 	EXP 	window1: mouseVisible = True
9.0314 	EXP 	Created imageInstruct_2 = ImageStim(__class__=<class 'psychopy.visual.image.ImageStim'>, anchor=('center', 'center'), autoLog=True, color=array([1., 1., 1.]), colorSpace='rgb', contrast=1.0, depth=0.0, draggable=False, flipHoriz=False, flipVert=False, image='default.png', interpolate=True, mask=None, maskParams=None, name='imageInstruct_2', opacity=1.0, ori=0.0, pos=array([0., 0.]), size=array([0.96, 0.54]), texRes=128.0, units='height', win=Window(...))
9.0318 	EXP 	window1: mouseVisible = True
9.0319 	EXP 	window1: mouseVisible = True
9.0324 	EXP 	window1: mouseVisible = True
9.0330 	EXP 	window1: mouseVisible = True
9.0561 	EXP 	window1: mouseVisible = True
9.0563 	EXP 	window1: mouseVisible = True
9.0567 	EXP 	window1: mouseVisible = True
9.0570 	EXP 	window1: mouseVisible = True
9.0795 	EXP 	window1: mouseVisible = True
9.0797 	EXP 	window1: mouseVisible = True
9.0798 	EXP 	window1: mouseVisible = True
9.0802 	EXP 	window1: mouseVisible = True
9.0806 	EXP 	window1: mouseVisible = True
9.0842 	EXP 	window1: mouseVisible = True
9.0844 	EXP 	window1: mouseVisible = True
9.0848 	EXP 	window1: mouseVisible = True
9.0851 	EXP 	window1: mouseVisible = True
9.0884 	EXP 	window1: mouseVisible = True
9.0885 	EXP 	window1: mouseVisible = True
9.1021 	EXP 	Created text_12 = TextStim(__class__=<class 'psychopy.visual.text.TextStim'>, alignHoriz=method-wrapper(...), alignText='center', alignVert=method-wrapper(...), anchorHoriz='center', anchorVert='center', antialias=True, autoDraw=False, autoLog=True, bold=False, color=array([1., 1., 1.]), colorSpace='rgb', contrast=1.0, depth=0.0, draggable=False, flipHoriz=False, flipVert=False, font='Open Sans', fontFiles=[], height=0.05, italic=False, languageStyle='LTR', name='text_12', opacity=1.0, ori=0.0, pos=array([0., 0.]), rgb=UNKNOWN, text=str(...), units='height', win=Window(...), wrapWidth=1)
9.1022 	EXP 	window1: mouseVisible = True
9.1167 	EXP 	Created text_13 = TextStim(__class__=<class 'psychopy.visual.text.TextStim'>, alignHoriz=method-wrapper(...), alignText='center', alignVert=method-wrapper(...), anchorHoriz='center', anchorVert='center', antialias=True, autoDraw=False, autoLog=True, bold=False, color=array([1., 1., 1.]), colorSpace='rgb', contrast=1.0, depth=-1.0, draggable=False, flipHoriz=False, flipVert=False, font='Open Sans', fontFiles=[], height=0.05, italic=False, languageStyle='LTR', name='text_13', opacity=1.0, ori=0.0, pos=array([0., 0.]), rgb=UNKNOWN, text=str(...), units='height', win=Window(...), wrapWidth=1)
9.1168 	EXP 	window1: mouseVisible = True
9.1394 	EXP 	Created image_25 = ImageStim(__class__=<class 'psychopy.visual.image.ImageStim'>, anchor=('center', 'center'), autoLog=True, color=array([1., 1., 1.]), colorSpace='rgb', contrast=1.0, depth=-2.0, draggable=False, flipHoriz=False, flipVert=False, image='stim/response_instr.png', interpolate=True, mask=None, maskParams=None, name='image_25', opacity=1.0, ori=0.0, pos=array([0.  , 0.13]), size=array([0.7 , 0.21]), texRes=128.0, units='height', win=Window(...))
9.1395 	EXP 	window1: mouseVisible = True
9.1564 	EXP 	Created text_14 = TextStim(__class__=<class 'psychopy.visual.text.TextStim'>, alignHoriz=method-wrapper(...), alignText='center', alignVert=method-wrapper(...), anchorHoriz='center', anchorVert='center', antialias=True, autoDraw=False, autoLog=True, bold=False, color=array([1., 1., 1.]), colorSpace='rgb', contrast=1.0, depth=-1.0, draggable=False, flipHoriz=False, flipVert=False, font='Open Sans', fontFiles=[], height=0.05, italic=False, languageStyle='LTR', name='text_14', opacity=1.0, ori=0.0, pos=array([0., 0.]), rgb=UNKNOWN, text=str(...), units='height', win=Window(...), wrapWidth=1)
9.1565 	EXP 	window1: mouseVisible = True
9.1779 	EXP 	Created image_24 = ImageStim(__class__=<class 'psychopy.visual.image.ImageStim'>, anchor=('center', 'center'), autoLog=True, color=array([1., 1., 1.]), colorSpace='rgb', contrast=1.0, depth=-2.0, draggable=False, flipHoriz=False, flipVert=False, image='stim/response_instr.png', interpolate=True, mask=None, maskParams=None, name='image_24', opacity=1.0, ori=0.0, pos=array([0.  , 0.13]), size=array([0.7 , 0.21]), texRes=128.0, units='height', win=Window(...))
9.1780 	EXP 	window1: mouseVisible = True
9.1883 	EXP 	Created text_15 = TextStim(__class__=<class 'psychopy.visual.text.TextStim'>, alignHoriz=method-wrapper(...), alignText='center', alignVert=method-wrapper(...), anchorHoriz='center', anchorVert='center', antialias=True, autoDraw=False, autoLog=True, bold=False, color=array([1., 1., 1.]), colorSpace='rgb', contrast=1.0, depth=-1.0, draggable=False, flipHoriz=False, flipVert=False, font='Open Sans', fontFiles=[], height=0.05, italic=False, languageStyle='LTR', name='text_15', opacity=1.0, ori=0.0, pos=array([0., 0.]), rgb=UNKNOWN, text=str(...), units='height', win=Window(...), wrapWidth=1)
9.1884 	EXP 	window1: mouseVisible = True
9.2107 	EXP 	Created image_21 = ImageStim(__class__=<class 'psychopy.visual.image.ImageStim'>, anchor=('center', 'center'), autoLog=True, color=array([1., 1., 1.]), colorSpace='rgb', contrast=1.0, depth=-2.0, draggable=False, flipHoriz=False, flipVert=False, image='stim/response_instr.png', interpolate=True, mask=None, maskParams=None, name='image_21', opacity=1.0, ori=0.0, pos=array([0.  , 0.25]), size=array([0.7 , 0.21]), texRes=128.0, units='height', win=Window(...))
9.2109 	EXP 	window1: mouseVisible = True
9.2178 	EXP 	Created text_5 = TextStim(__class__=<class 'psychopy.visual.text.TextStim'>, alignHoriz=method-wrapper(...), alignText='center', alignVert=method-wrapper(...), anchorHoriz='center', anchorVert='center', antialias=True, autoDraw=False, autoLog=True, bold=False, color=array([1., 1., 1.]), colorSpace='rgb', contrast=1.0, depth=-1.0, draggable=False, flipHoriz=False, flipVert=False, font='Open Sans', fontFiles=[], height=0.05, italic=False, languageStyle='LTR', name='text_5', opacity=1.0, ori=0.0, pos=array([0., 0.]), rgb=UNKNOWN, text=str(...), units='height', win=Window(...), wrapWidth=1)
9.2179 	EXP 	window1: mouseVisible = True
9.2218 	EXP 	Created image_13 = ImageStim(__class__=<class 'psychopy.visual.image.ImageStim'>, anchor=('center', 'center'), autoLog=True, color=array([1., 1., 1.]), colorSpace='rgb', contrast=1.0, depth=-2.0, draggable=False, flipHoriz=False, flipVert=False, image='stim/obj1.png', interpolate=True, mask=None, maskParams=None, name='image_13', opacity=1.0, ori=0.0, pos=array([-0.45,  0.06]), size=array([0.15, 0.15]), texRes=128.0, units='height', win=Window(...))
9.2219 	EXP 	window1: mouseVisible = True
9.2256 	EXP 	Created image_14 = ImageStim(__class__=<class 'psychopy.visual.image.ImageStim'>, anchor=('center', 'center'), autoLog=True, color=array([1., 1., 1.]), colorSpace='rgb', contrast=1.0, depth=-3.0, draggable=False, flipHoriz=False, flipVert=False, image='stim/obj2.png', interpolate=True, mask=None, maskParams=None, name='image_14', opacity=1.0, ori=0.0, pos=array([-0.25,  0.06]), size=array([0.15, 0.15]), texRes=128.0, units='height', win=Window(...))
9.2257 	EXP 	window1: mouseVisible = True
9.2291 	EXP 	Created image_15 = ImageStim(__class__=<class 'psychopy.visual.image.ImageStim'>, anchor=('center', 'center'), autoLog=True, color=array([1., 1., 1.]), colorSpace='rgb', contrast=1.0, depth=-4.0, draggable=False, flipHoriz=False, flipVert=False, image='stim/ori1.png', interpolate=True, mask=None, maskParams=None, name='image_15', opacity=1.0, ori=0.0, pos=array([0.25, 0.06]), size=array([0.15, 0.15]), texRes=128.0, units='height', win=Window(...))
9.2292 	EXP 	window1: mouseVisible = True
9.2326 	EXP 	Created image_16 = ImageStim(__class__=<class 'psychopy.visual.image.ImageStim'>, anchor=('center', 'center'), autoLog=True, color=array([1., 1., 1.]), colorSpace='rgb', contrast=1.0, depth=-5.0, draggable=False, flipHoriz=False, flipVert=False, image='stim/ori2.png', interpolate=True, mask=None, maskParams=None, name='image_16', opacity=1.0, ori=0.0, pos=array([0.45, 0.06]), size=array([0.15, 0.15]), texRes=128.0, units='height', win=Window(...))
9.2327 	EXP 	window1: mouseVisible = True
9.2380 	EXP 	Created text_6 = TextStim(__class__=<class 'psychopy.visual.text.TextStim'>, alignHoriz=method-wrapper(...), alignText='center', alignVert=method-wrapper(...), anchorHoriz='center', anchorVert='center', antialias=True, autoDraw=False, autoLog=True, bold=False, color=array([1., 1., 1.]), colorSpace='rgb', contrast=1.0, depth=-6.0, draggable=False, flipHoriz=False, flipVert=False, font='Open Sans', fontFiles=[], height=0.05, italic=False, languageStyle='LTR', name='text_6', opacity=1.0, ori=0.0, pos=array([-0.4, -0.1]), rgb=UNKNOWN, text='  Which object was it?', units='height', win=Window(...), wrapWidth=1)
9.2381 	EXP 	window1: mouseVisible = True
9.2412 	EXP 	Created text_7 = TextStim(__class__=<class 'psychopy.visual.text.TextStim'>, alignHoriz=method-wrapper(...), alignText='center', alignVert=method-wrapper(...), anchorHoriz='center', anchorVert='center', antialias=True, autoDraw=False, autoLog=True, bold=False, color=array([1., 1., 1.]), colorSpace='rgb', contrast=1.0, depth=-7.0, draggable=False, flipHoriz=False, flipVert=False, font='Open Sans', fontFiles=[], height=0.05, italic=False, languageStyle='LTR', name='text_7', opacity=1.0, ori=0.0, pos=array([ 0.4, -0.1]), rgb=UNKNOWN, text='Which way was it facing?', units='height', win=Window(...), wrapWidth=1)
9.2413 	EXP 	window1: mouseVisible = True
9.2462 	EXP 	Created text = TextStim(__class__=<class 'psychopy.visual.text.TextStim'>, alignHoriz=method-wrapper(...), alignText='center', alignVert=method-wrapper(...), anchorHoriz='center', anchorVert='center', antialias=True, autoDraw=False, autoLog=True, bold=False, color=array([1., 1., 1.]), colorSpace='rgb', contrast=1.0, depth=0.0, draggable=False, flipHoriz=False, flipVert=False, font='Open Sans', fontFiles=[], height=0.05, italic=False, languageStyle='LTR', name='text', opacity=1.0, ori=0.0, pos=array([0., 0.]), rgb=UNKNOWN, text='The experiment will begin soon. Get ready!', units='height', win=Window(...), wrapWidth=1)
9.2463 	EXP 	window1: mouseVisible = True
9.2547 	EXP 	Created cue = ImageStim(__class__=<class 'psychopy.visual.image.ImageStim'>, anchor=('center', 'center'), autoLog=True, color=array([1., 1., 1.]), colorSpace='rgb', contrast=1.0, depth=0.0, draggable=False, flipHoriz=False, flipVert=False, image='default.png', interpolate=True, mask=None, maskParams=None, name='cue', opacity=1.0, ori=0.0, pos=array([0., 0.]), size=array([0.15, 0.15]), texRes=128.0, units='height', win=Window(...))
9.2548 	EXP 	window1: mouseVisible = True
9.2632 	EXP 	Created image = ImageStim(__class__=<class 'psychopy.visual.image.ImageStim'>, anchor=('center', 'center'), autoLog=True, color=array([1., 1., 1.]), colorSpace='rgb', contrast=1.0, depth=0.0, draggable=False, flipHoriz=False, flipVert=False, image='default.png', interpolate=True, mask=None, maskParams=None, name='image', opacity=1.0, ori=0.0, pos=array([0., 0.]), size=array([0.5, 0.5]), texRes=128.0, units='height', win=Window(...))
9.2633 	EXP 	window1: mouseVisible = True
9.2651 	EXP 	Created fixCrossR_2 = ShapeStim(__class__=<class 'psychopy.visual.shape.ShapeStim'>, anchor=('center', 'center'), autoDraw=False, autoLog=True, closeShape=True, color=method-wrapper(...), colorSpace='rgb', contrast=None, depth=-1.0, draggable=False, fillColor=array([-1, -1, -1]), fillColorSpace='rgb', fillRGB=array([-1, -1, -1]), interpolate=True, lineColor=array([-1., -1., -1.]), lineColorSpace='rgb', lineRGB=array([-1, -1, -1]), lineWidth=1.0, name='fixCrossR_2', opacity=1.0, ori=0.0, pos=array([0., 0.]), size=array([0.02, 0.02]), units='height', vertices=ndarray(...), win=Window(...), windingRule=None)
9.2652 	EXP 	window1: mouseVisible = True
9.2668 	EXP 	Created fixCrossR_4 = ShapeStim(__class__=<class 'psychopy.visual.shape.ShapeStim'>, anchor=('center', 'center'), autoDraw=False, autoLog=True, closeShape=True, color=method-wrapper(...), colorSpace='rgb', contrast=None, depth=0.0, draggable=False, fillColor=array([-1, -1, -1]), fillColorSpace='rgb', fillRGB=array([-1, -1, -1]), interpolate=True, lineColor=array([-1., -1., -1.]), lineColorSpace='rgb', lineRGB=array([-1, -1, -1]), lineWidth=1.0, name='fixCrossR_4', opacity=1.0, ori=0.0, pos=array([0., 0.]), size=array([0.02, 0.02]), units='height', vertices=ndarray(...), win=Window(...), windingRule=None)
9.2668 	EXP 	window1: mouseVisible = True
9.2686 	EXP 	Created fixCross = ShapeStim(__class__=<class 'psychopy.visual.shape.ShapeStim'>, anchor=('center', 'center'), autoDraw=False, autoLog=True, closeShape=True, color=method-wrapper(...), colorSpace='rgb', contrast=None, depth=0.0, draggable=False, fillColor=array([1, 1, 1]), fillColorSpace='rgb', fillRGB=array([1, 1, 1]), interpolate=True, lineColor=array([1., 1., 1.]), lineColorSpace='rgb', lineRGB=array([1, 1, 1]), lineWidth=1.0, name='fixCross', opacity=1.0, ori=0.0, pos=array([0., 0.]), size=array([0.02, 0.02]), units='height', vertices=ndarray(...), win=Window(...), windingRule=None)
9.2687 	EXP 	window1: mouseVisible = True
9.2704 	EXP 	Created text1 = TextStim(__class__=<class 'psychopy.visual.text.TextStim'>, alignHoriz=method-wrapper(...), alignText='center', alignVert=method-wrapper(...), anchorHoriz='center', anchorVert='center', antialias=True, autoDraw=False, autoLog=True, bold=False, color=array([1., 1., 1.]), colorSpace='rgb', contrast=1.0, depth=-1.0, draggable=False, flipHoriz=False, flipVert=False, font='Open Sans', fontFiles=[], height=0.05, italic=False, languageStyle='LTR', name='text1', opacity=1.0, ori=0.0, pos=array([-0.5,  0.1]), rgb=UNKNOWN, text='', units='norm', win=Window(...), wrapWidth=1)
9.2705 	EXP 	window1: mouseVisible = True
9.2714 	EXP 	Created text2 = TextStim(__class__=<class 'psychopy.visual.text.TextStim'>, alignHoriz=method-wrapper(...), alignText='center', alignVert=method-wrapper(...), anchorHoriz='center', anchorVert='center', antialias=True, autoDraw=False, autoLog=True, bold=False, color=array([1., 1., 1.]), colorSpace='rgb', contrast=1.0, depth=-2.0, draggable=False, flipHoriz=False, flipVert=False, font='Open Sans', fontFiles=[], height=0.05, italic=False, languageStyle='LTR', name='text2', opacity=1.0, ori=0.0, pos=array([-0.1666,  0.1   ]), rgb=UNKNOWN, text='', units='norm', win=Window(...), wrapWidth=1)
9.2715 	EXP 	window1: mouseVisible = True
9.2724 	EXP 	Created text3 = TextStim(__class__=<class 'psychopy.visual.text.TextStim'>, alignHoriz=method-wrapper(...), alignText='center', alignVert=method-wrapper(...), anchorHoriz='center', anchorVert='center', antialias=True, autoDraw=False, autoLog=True, bold=False, color=array([1., 1., 1.]), colorSpace='rgb', contrast=1.0, depth=-3.0, draggable=False, flipHoriz=False, flipVert=False, font='Open Sans', fontFiles=[], height=0.05, italic=False, languageStyle='LTR', name='text3', opacity=1.0, ori=0.0, pos=array([0.166, 0.1  ]), rgb=UNKNOWN, text='', units='norm', win=Window(...), wrapWidth=1)
9.2725 	EXP 	window1: mouseVisible = True
9.2734 	EXP 	Created text4 = TextStim(__class__=<class 'psychopy.visual.text.TextStim'>, alignHoriz=method-wrapper(...), alignText='center', alignVert=method-wrapper(...), anchorHoriz='center', anchorVert='center', antialias=True, autoDraw=False, autoLog=True, bold=False, color=array([1., 1., 1.]), colorSpace='rgb', contrast=1.0, depth=-4.0, draggable=False, flipHoriz=False, flipVert=False, font='Open Sans', fontFiles=[], height=0.05, italic=False, languageStyle='LTR', name='text4', opacity=1.0, ori=0.0, pos=array([0.5, 0.1]), rgb=UNKNOWN, text='', units='norm', win=Window(...), wrapWidth=1)
9.2735 	EXP 	window1: mouseVisible = True
9.2744 	EXP 	Created text5 = TextStim(__class__=<class 'psychopy.visual.text.TextStim'>, alignHoriz=method-wrapper(...), alignText='center', alignVert=method-wrapper(...), anchorHoriz='center', anchorVert='center', antialias=True, autoDraw=False, autoLog=True, bold=False, color=array([1., 1., 1.]), colorSpace='rgb', contrast=1.0, depth=-5.0, draggable=False, flipHoriz=False, flipVert=False, font='Open Sans', fontFiles=[], height=0.05, italic=False, languageStyle='LTR', name='text5', opacity=1.0, ori=0.0, pos=array([-0.5, -0.1]), rgb=UNKNOWN, text='', units='norm', win=Window(...), wrapWidth=1)
9.2744 	EXP 	window1: mouseVisible = True
9.2754 	EXP 	Created text6 = TextStim(__class__=<class 'psychopy.visual.text.TextStim'>, alignHoriz=method-wrapper(...), alignText='center', alignVert=method-wrapper(...), anchorHoriz='center', anchorVert='center', antialias=True, autoDraw=False, autoLog=True, bold=False, color=array([1., 1., 1.]), colorSpace='rgb', contrast=1.0, depth=-6.0, draggable=False, flipHoriz=False, flipVert=False, font='Open Sans', fontFiles=[], height=0.05, italic=False, languageStyle='LTR', name='text6', opacity=1.0, ori=0.0, pos=array([-0.1666, -0.1   ]), rgb=UNKNOWN, text='', units='norm', win=Window(...), wrapWidth=1)
9.2754 	EXP 	window1: mouseVisible = True
9.2763 	EXP 	Created text7 = TextStim(__class__=<class 'psychopy.visual.text.TextStim'>, alignHoriz=method-wrapper(...), alignText='center', alignVert=method-wrapper(...), anchorHoriz='center', anchorVert='center', antialias=True, autoDraw=False, autoLog=True, bold=False, color=array([1., 1., 1.]), colorSpace='rgb', contrast=1.0, depth=-7.0, draggable=False, flipHoriz=False, flipVert=False, font='Open Sans', fontFiles=[], height=0.05, italic=False, languageStyle='LTR', name='text7', opacity=1.0, ori=0.0, pos=array([ 0.1666, -0.1   ]), rgb=UNKNOWN, text='', units='norm', win=Window(...), wrapWidth=1)
9.2764 	EXP 	window1: mouseVisible = True
9.2774 	EXP 	Created text8 = TextStim(__class__=<class 'psychopy.visual.text.TextStim'>, alignHoriz=method-wrapper(...), alignText='center', alignVert=method-wrapper(...), anchorHoriz='center', anchorVert='center', antialias=True, autoDraw=False, autoLog=True, bold=False, color=array([1., 1., 1.]), colorSpace='rgb', contrast=1.0, depth=-8.0, draggable=False, flipHoriz=False, flipVert=False, font='Open Sans', fontFiles=[], height=0.05, italic=False, languageStyle='LTR', name='text8', opacity=1.0, ori=0.0, pos=array([ 0.5, -0.1]), rgb=UNKNOWN, text='', units='norm', win=Window(...), wrapWidth=1)
9.2774 	EXP 	window1: mouseVisible = True
9.2784 	EXP 	Created num1 = TextStim(__class__=<class 'psychopy.visual.text.TextStim'>, alignHoriz=method-wrapper(...), alignText='center', alignVert=method-wrapper(...), anchorHoriz='center', anchorVert='center', antialias=True, autoDraw=False, autoLog=True, bold=False, color=array([1., 1., 1.]), colorSpace='rgb', contrast=1.0, depth=-10.0, draggable=False, flipHoriz=False, flipVert=False, font='Open Sans', fontFiles=[], height=0.1, italic=False, languageStyle='LTR', name='num1', opacity=1.0, ori=0.0, pos=array([-0.5,  0.3]), rgb=UNKNOWN, text='', units='norm', win=Window(...), wrapWidth=1)
9.2784 	EXP 	window1: mouseVisible = True
9.2793 	EXP 	Created num2 = TextStim(__class__=<class 'psychopy.visual.text.TextStim'>, alignHoriz=method-wrapper(...), alignText='center', alignVert=method-wrapper(...), anchorHoriz='center', anchorVert='center', antialias=True, autoDraw=False, autoLog=True, bold=False, color=array([1., 1., 1.]), colorSpace='rgb', contrast=1.0, depth=-11.0, draggable=False, flipHoriz=False, flipVert=False, font='Open Sans', fontFiles=[], height=0.1, italic=False, languageStyle='LTR', name='num2', opacity=1.0, ori=0.0, pos=array([-0.1666,  0.3   ]), rgb=UNKNOWN, text='', units='norm', win=Window(...), wrapWidth=1)
9.2794 	EXP 	window1: mouseVisible = True
9.2803 	EXP 	Created num3 = TextStim(__class__=<class 'psychopy.visual.text.TextStim'>, alignHoriz=method-wrapper(...), alignText='center', alignVert=method-wrapper(...), anchorHoriz='center', anchorVert='center', antialias=True, autoDraw=False, autoLog=True, bold=False, color=array([1., 1., 1.]), colorSpace='rgb', contrast=1.0, depth=-12.0, draggable=False, flipHoriz=False, flipVert=False, font='Open Sans', fontFiles=[], height=0.1, italic=False, languageStyle='LTR', name='num3', opacity=1.0, ori=0.0, pos=array([0.1666, 0.3   ]), rgb=UNKNOWN, text='', units='norm', win=Window(...), wrapWidth=1)
9.2804 	EXP 	window1: mouseVisible = True
9.2813 	EXP 	Created num4 = TextStim(__class__=<class 'psychopy.visual.text.TextStim'>, alignHoriz=method-wrapper(...), alignText='center', alignVert=method-wrapper(...), anchorHoriz='center', anchorVert='center', antialias=True, autoDraw=False, autoLog=True, bold=False, color=array([1., 1., 1.]), colorSpace='rgb', contrast=1.0, depth=-13.0, draggable=False, flipHoriz=False, flipVert=False, font='Open Sans', fontFiles=[], height=0.1, italic=False, languageStyle='LTR', name='num4', opacity=1.0, ori=0.0, pos=array([0.5, 0.3]), rgb=UNKNOWN, text='', units='norm', win=Window(...), wrapWidth=1)
9.2814 	EXP 	window1: mouseVisible = True
9.2831 	EXP 	Created fixCrossR = ShapeStim(__class__=<class 'psychopy.visual.shape.ShapeStim'>, anchor=('center', 'center'), autoDraw=False, autoLog=True, closeShape=True, color=method-wrapper(...), colorSpace='rgb', contrast=None, depth=0.0, draggable=False, fillColor=array([-1, -1, -1]), fillColorSpace='rgb', fillRGB=array([-1, -1, -1]), interpolate=True, lineColor=array([-1., -1., -1.]), lineColorSpace='rgb', lineRGB=array([-1, -1, -1]), lineWidth=1.0, name='fixCrossR', opacity=1.0, ori=0.0, pos=array([0., 0.]), size=array([0.02, 0.02]), units='height', vertices=ndarray(...), win=Window(...), windingRule=None)
9.2831 	EXP 	window1: mouseVisible = True
9.2883 	EXP 	Created text_17 = TextStim(__class__=<class 'psychopy.visual.text.TextStim'>, alignHoriz=method-wrapper(...), alignText='center', alignVert=method-wrapper(...), anchorHoriz='center', anchorVert='center', antialias=True, autoDraw=False, autoLog=True, bold=False, color=array([1., 1., 1.]), colorSpace='rgb', contrast=1.0, depth=0.0, draggable=False, flipHoriz=False, flipVert=False, font='Open Sans', fontFiles=[], height=0.05, italic=False, languageStyle='LTR', name='text_17', opacity=1.0, ori=0.0, pos=array([0., 0.]), rgb=UNKNOWN, text='End of run, please relax for a moment.', units='height', win=Window(...), wrapWidth=1)
0.0166 	EXP 	Created sequence: random, trialTypes=1, nReps=999, seed=None
0.0193 	EXP 	New trial (rep=0, index=0): None
0.0243 	EXP 	Imported instructions/Instructions_doc.xlsx as conditions, 1 conditions, 1 params
0.0245 	EXP 	Created sequence: sequential, trialTypes=1, nReps=1, seed=None
0.0247 	EXP 	New trial (rep=0, index=0): {'InstructionsFilepath': 'instructions//slide1.png'}
0.1221 	EXP 	imageInstruct: image = 'instructions//slide1.png'
0.1221 	EXP 	imageInstruct: autoDraw = True
2.8407 	DATA 	Mouse: Left button down, pos=(1645,1067)
2.8821 	EXP 	New trial (rep=1, index=0): None
2.8862 	EXP 	Imported instructions/Instructions_doc.xlsx as conditions, 1 conditions, 1 params
2.8866 	EXP 	Created sequence: sequential, trialTypes=1, nReps=1, seed=None
2.8867 	EXP 	New trial (rep=0, index=0): {'InstructionsFilepath': 'instructions//slide2.png'}
2.9739 	EXP 	imageInstruct: autoDraw = False
2.9739 	EXP 	imageInstruct: image = 'instructions//slide2.png'
2.9739 	EXP 	imageInstruct: autoDraw = True
2.9962 	DATA 	Mouse:  Left button up, pos=(1645,1067)
3.3457 	DATA 	Mouse: Left button down, pos=(1645,1067)
3.3853 	EXP 	New trial (rep=2, index=0): None
3.3903 	EXP 	Imported instructions/Instructions_doc.xlsx as conditions, 1 conditions, 1 params
3.3906 	EXP 	Created sequence: sequential, trialTypes=1, nReps=1, seed=None
3.3908 	EXP 	New trial (rep=0, index=0): {'InstructionsFilepath': 'instructions//slide3.png'}
3.5057 	EXP 	imageInstruct: autoDraw = False
3.5057 	EXP 	imageInstruct: image = 'instructions//slide3.png'
3.5057 	EXP 	imageInstruct: autoDraw = True
3.5228 	DATA 	Mouse:  Left button up, pos=(1645,1067)
3.8734 	DATA 	Mouse: Left button down, pos=(1645,1065)
3.9193 	EXP 	New trial (rep=3, index=0): None
3.9238 	EXP 	Imported instructions/Instructions_doc.xlsx as conditions, 1 conditions, 1 params
3.9241 	EXP 	Created sequence: sequential, trialTypes=1, nReps=1, seed=None
3.9243 	EXP 	New trial (rep=0, index=0): {'InstructionsFilepath': 'instructions//slide4.png'}
4.0200 	DATA 	Mouse:  Left button up, pos=(1645,1065)
4.0433 	EXP 	imageInstruct: autoDraw = False
4.0433 	EXP 	imageInstruct: image = 'instructions//slide4.png'
4.0433 	EXP 	imageInstruct: autoDraw = True
4.5454 	DATA 	Mouse: Left button down, pos=(1645,1065)
4.6034 	EXP 	New trial (rep=4, index=0): None
4.6078 	EXP 	Imported instructions/Instructions_doc.xlsx as conditions, 1 conditions, 1 params
4.6082 	EXP 	Created sequence: sequential, trialTypes=1, nReps=1, seed=None
4.6084 	EXP 	New trial (rep=0, index=0): {'InstructionsFilepath': 'instructions//slide5.png'}
4.7000 	EXP 	imageInstruct: autoDraw = False
4.7000 	EXP 	imageInstruct: image = 'instructions//slide5.png'
4.7000 	EXP 	imageInstruct: autoDraw = True
4.7004 	DATA 	Mouse:  Left button up, pos=(1645,1065)
5.4971 	DATA 	Mouse: Left button down, pos=(1645,1065)
5.5496 	EXP 	New trial (rep=5, index=0): None
5.5540 	EXP 	Imported instructions/Instructions_doc.xlsx as conditions, 1 conditions, 1 params
5.5543 	EXP 	Created sequence: sequential, trialTypes=1, nReps=1, seed=None
5.5545 	EXP 	New trial (rep=0, index=0): {'InstructionsFilepath': 'instructions//slide6.png'}
5.6330 	DATA 	Mouse:  Left button up, pos=(1645,1065)
5.6555 	EXP 	imageInstruct: autoDraw = False
5.6555 	EXP 	imageInstruct: image = 'instructions//slide6.png'
5.6555 	EXP 	imageInstruct: autoDraw = True
6.2934 	DATA 	Mouse: Left button down, pos=(1645,1065)
6.3643 	EXP 	New trial (rep=6, index=0): None
6.4171 	EXP 	window1: mouseVisible = True
