27.0523 	ERROR 	Support for the `sounddevice` audio backend is not available this session. Please install `psychopy-sounddevice` and restart the session to enable support.
42.7317 	WARNING 	User requested fullscreen with size [1280  720], but screen is actually [1920, 1080]. Using actual size
44.8693 	EXP 	Created window1 = Window(allowGUI=True, allowStencil=False, autoLog=True, backendConf=UNKNOWN, backgroundFit=<method-wrapper '__getattribute__' of attributeSetter object at 0x000001784166CC70>, backgroundImage=<method-wrapper '__getattribute__' of attributeSetter object at 0x000001784166CC10>, bitsMode=UNKNOWN, blendMode='avg', bpc=(8, 8, 8), color=array([-0.2235, -0.2314, -0.2314]), colorSpace='rgb', depthBits=8, fullscr=<method-wrapper '__getattribute__' of attributeSetter object at 0x000001784166CA90>, gamma=None, gammaErrorPolicy='raise', lms=UNKNOWN, monitor=<psychopy.monitors.calibTools.Monitor object at 0x0000017847CC3820>, multiSample=False, name='window1', numSamples=2, pos=(0, 0), screen=0, size=array([1920, 1080]), stencilBits=0, stereo=False, title='PsychoPy', units='height', useFBO=True, useRetina=False, viewOri=0.0, viewPos=None, viewScale=None, waitBlanking=True, winType='pyglet')
44.8695 	EXP 	window1: mouseVisible = True
44.8696 	EXP 	window1: backgroundImage = ''
44.8696 	EXP 	window1: backgroundFit = 'none'
44.8740 	EXP 	window1: Attempting to measure frame rate of screen (0) ...
44.8740 	EXP 	window1: recordFrameIntervals = False
45.0344 	EXP 	window1: recordFrameIntervals = True
45.2177 	EXP 	Screen (0) actual frame rate measured at 60.27Hz
45.2177 	EXP 	window1: recordFrameIntervals = False
45.2180 	EXP 	window1: mouseVisible = False
50.4691 	EXP 	pilotv1: status = STARTED
50.4697 	EXP 	window1: mouseVisible = True
51.0304 	EXP 	Created welcometext = TextStim(__class__=<class 'psychopy.visual.text.TextStim'>, alignHoriz=method-wrapper(...), alignText='center', alignVert=method-wrapper(...), anchorHoriz='center', anchorVert='center', antialias=True, autoDraw=False, autoLog=True, bold=False, color=array([1., 1., 1.]), colorSpace='rgb', contrast=1.0, depth=0.0, draggable=False, flipHoriz=False, flipVert=False, font='Open Sans', fontFiles=[], height=0.05, italic=False, languageStyle='LTR', name='welcometext', opacity=1.0, ori=0.0, pos=array([0., 0.]), rgb=UNKNOWN, text=str(...), units='height', win=Window(...), wrapWidth=1)
51.0307 	EXP 	window1: mouseVisible = True
51.0610 	EXP 	Created instr_2 = TextStim(__class__=<class 'psychopy.visual.text.TextStim'>, alignHoriz=method-wrapper(...), alignText='center', alignVert=method-wrapper(...), anchorHoriz='center', anchorVert='center', antialias=True, autoDraw=False, autoLog=True, bold=False, color=array([1., 1., 1.]), colorSpace='rgb', contrast=1.0, depth=0.0, draggable=False, flipHoriz=False, flipVert=False, font='Open Sans', fontFiles=[], height=0.05, italic=False, languageStyle='LTR', name='instr_2', opacity=1.0, ori=0.0, pos=array([0., 0.]), rgb=UNKNOWN, text=str(...), units='height', win=Window(...), wrapWidth=1)
51.0613 	EXP 	window1: mouseVisible = True
51.0904 	EXP 	Created text_2 = TextStim(__class__=<class 'psychopy.visual.text.TextStim'>, alignHoriz=method-wrapper(...), alignText='center', alignVert=method-wrapper(...), anchorHoriz='center', anchorVert='center', antialias=True, autoDraw=False, autoLog=True, bold=False, color=array([1., 1., 1.]), colorSpace='rgb', contrast=1.0, depth=-1.0, draggable=False, flipHoriz=False, flipVert=False, font='Open Sans', fontFiles=[], height=0.05, italic=False, languageStyle='LTR', name='text_2', opacity=1.0, ori=0.0, pos=array([0., 0.]), rgb=UNKNOWN, text=str(...), units='height', win=Window(...), wrapWidth=1)
51.0907 	EXP 	window1: mouseVisible = True
51.6136 	EXP 	Created image_2 = ImageStim(__class__=<class 'psychopy.visual.image.ImageStim'>, anchor=('center', 'center'), autoLog=True, color=array([1., 1., 1.]), colorSpace='rgb', contrast=1.0, depth=-2.0, draggable=False, flipHoriz=False, flipVert=False, image='stim/car2.png', interpolate=True, mask=None, maskParams=None, name='image_2', opacity=1.0, ori=0.0, pos=array([0.  , 0.18]), size=array([0.3, 0.3]), texRes=128.0, units='height', win=Window(...))
51.6138 	EXP 	window1: mouseVisible = True
51.6799 	EXP 	Created image_3 = ImageStim(__class__=<class 'psychopy.visual.image.ImageStim'>, anchor=('center', 'center'), autoLog=True, color=array([1., 1., 1.]), colorSpace='rgb', contrast=1.0, depth=-1.0, draggable=False, flipHoriz=False, flipVert=False, image='stim/obj1.png', interpolate=True, mask=None, maskParams=None, name='image_3', opacity=1.0, ori=0.0, pos=array([-0.1 ,  0.25]), size=array([0.15, 0.15]), texRes=128.0, units='height', win=Window(...))
51.6801 	EXP 	window1: mouseVisible = True
51.7089 	EXP 	Created image_4 = ImageStim(__class__=<class 'psychopy.visual.image.ImageStim'>, anchor=('center', 'center'), autoLog=True, color=array([1., 1., 1.]), colorSpace='rgb', contrast=1.0, depth=-2.0, draggable=False, flipHoriz=False, flipVert=False, image='stim/obj2.png', interpolate=True, mask=None, maskParams=None, name='image_4', opacity=1.0, ori=0.0, pos=array([0.1 , 0.25]), size=array([0.15, 0.15]), texRes=128.0, units='height', win=Window(...))
51.7091 	EXP 	window1: mouseVisible = True
52.2141 	EXP 	Created image_5 = ImageStim(__class__=<class 'psychopy.visual.image.ImageStim'>, anchor=('center', 'center'), autoLog=True, color=array([1., 1., 1.]), colorSpace='rgb', contrast=1.0, depth=-3.0, draggable=False, flipHoriz=False, flipVert=False, image='stim/car2.png', interpolate=True, mask=None, maskParams=None, name='image_5', opacity=1.0, ori=0.0, pos=array([-0.33, -0.05]), size=array([0.2, 0.2]), texRes=128.0, units='height', win=Window(...))
52.2142 	EXP 	window1: mouseVisible = True
52.6721 	EXP 	Created image_6 = ImageStim(__class__=<class 'psychopy.visual.image.ImageStim'>, anchor=('center', 'center'), autoLog=True, color=array([1., 1., 1.]), colorSpace='rgb', contrast=1.0, depth=-4.0, draggable=False, flipHoriz=False, flipVert=False, image='stim/turtle3.png', interpolate=True, mask=None, maskParams=None, name='image_6', opacity=1.0, ori=0.0, pos=array([-0.11, -0.05]), size=array([0.2, 0.2]), texRes=128.0, units='height', win=Window(...))
52.6723 	EXP 	window1: mouseVisible = True
53.1631 	EXP 	Created image_22 = ImageStim(__class__=<class 'psychopy.visual.image.ImageStim'>, anchor=('center', 'center'), autoLog=True, color=array([1., 1., 1.]), colorSpace='rgb', contrast=1.0, depth=-5.0, draggable=False, flipHoriz=False, flipVert=False, image='stim/shoe4.png', interpolate=True, mask=None, maskParams=None, name='image_22', opacity=1.0, ori=0.0, pos=array([ 0.11, -0.05]), size=array([0.2, 0.2]), texRes=128.0, units='height', win=Window(...))
53.1634 	EXP 	window1: mouseVisible = True
53.6275 	EXP 	Created image_23 = ImageStim(__class__=<class 'psychopy.visual.image.ImageStim'>, anchor=('center', 'center'), autoLog=True, color=array([1., 1., 1.]), colorSpace='rgb', contrast=1.0, depth=-6.0, draggable=False, flipHoriz=False, flipVert=False, image='stim/horse1.png', interpolate=True, mask=None, maskParams=None, name='image_23', opacity=1.0, ori=0.0, pos=array([ 0.33, -0.05]), size=array([0.2, 0.2]), texRes=128.0, units='height', win=Window(...))
53.6277 	EXP 	window1: mouseVisible = True
53.6453 	EXP 	Created text_3 = TextStim(__class__=<class 'psychopy.visual.text.TextStim'>, alignHoriz=method-wrapper(...), alignText='center', alignVert=method-wrapper(...), anchorHoriz='center', anchorVert='center', antialias=True, autoDraw=False, autoLog=True, bold=False, color=array([1., 1., 1.]), colorSpace='rgb', contrast=1.0, depth=-7.0, draggable=False, flipHoriz=False, flipVert=False, font='Open Sans', fontFiles=[], height=0.05, italic=False, languageStyle='LTR', name='text_3', opacity=1.0, ori=0.0, pos=array([0., 0.]), rgb=UNKNOWN, text=str(...), units='height', win=Window(...), wrapWidth=1)
53.6454 	EXP 	window1: mouseVisible = True
53.6638 	EXP 	Created image_7 = ImageStim(__class__=<class 'psychopy.visual.image.ImageStim'>, anchor=('center', 'center'), autoLog=True, color=array([1., 1., 1.]), colorSpace='rgb', contrast=1.0, depth=0.0, draggable=False, flipHoriz=False, flipVert=False, image='stim/ori1.png', interpolate=True, mask=None, maskParams=None, name='image_7', opacity=1.0, ori=0.0, pos=array([-0.1 ,  0.25]), size=array([0.15, 0.15]), texRes=128.0, units='height', win=Window(...))
53.6640 	EXP 	window1: mouseVisible = True
53.6816 	EXP 	Created image_8 = ImageStim(__class__=<class 'psychopy.visual.image.ImageStim'>, anchor=('center', 'center'), autoLog=True, color=array([1., 1., 1.]), colorSpace='rgb', contrast=1.0, depth=-1.0, draggable=False, flipHoriz=False, flipVert=False, image='stim/ori2.png', interpolate=True, mask=None, maskParams=None, name='image_8', opacity=1.0, ori=0.0, pos=array([0.1 , 0.25]), size=array([0.15, 0.15]), texRes=128.0, units='height', win=Window(...))
53.6818 	EXP 	window1: mouseVisible = True
54.6145 	EXP 	Created image_9 = ImageStim(__class__=<class 'psychopy.visual.image.ImageStim'>, anchor=('center', 'center'), autoLog=True, color=array([1., 1., 1.]), colorSpace='rgb', contrast=1.0, depth=-2.0, draggable=False, flipHoriz=False, flipVert=False, image='stim/car1.png', interpolate=True, mask=None, maskParams=None, name='image_9', opacity=1.0, ori=0.0, pos=array([-0.4 , -0.06]), size=array([0.2, 0.2]), texRes=128.0, units='height', win=Window(...))
54.6147 	EXP 	window1: mouseVisible = True
55.1990 	EXP 	Created image_10 = ImageStim(__class__=<class 'psychopy.visual.image.ImageStim'>, anchor=('center', 'center'), autoLog=True, color=array([1., 1., 1.]), colorSpace='rgb', contrast=1.0, depth=-3.0, draggable=False, flipHoriz=False, flipVert=False, image='stim/car2.png', interpolate=True, mask=None, maskParams=None, name='image_10', opacity=1.0, ori=0.0, pos=array([-0.15, -0.06]), size=array([0.2, 0.2]), texRes=128.0, units='height', win=Window(...))
55.1992 	EXP 	window1: mouseVisible = True
55.6457 	EXP 	Created image_11 = ImageStim(__class__=<class 'psychopy.visual.image.ImageStim'>, anchor=('center', 'center'), autoLog=True, color=array([1., 1., 1.]), colorSpace='rgb', contrast=1.0, depth=-4.0, draggable=False, flipHoriz=False, flipVert=False, image='stim/car3.png', interpolate=True, mask=None, maskParams=None, name='image_11', opacity=1.0, ori=0.0, pos=array([ 0.13, -0.06]), size=array([0.2, 0.2]), texRes=128.0, units='height', win=Window(...))
55.6459 	EXP 	window1: mouseVisible = True
56.0255 	EXP 	Created image_12 = ImageStim(__class__=<class 'psychopy.visual.image.ImageStim'>, anchor=('center', 'center'), autoLog=True, color=array([1., 1., 1.]), colorSpace='rgb', contrast=1.0, depth=-5.0, draggable=False, flipHoriz=False, flipVert=False, image='stim/car4.png', interpolate=True, mask=None, maskParams=None, name='image_12', opacity=1.0, ori=0.0, pos=array([ 0.39, -0.06]), size=array([0.2, 0.2]), texRes=128.0, units='height', win=Window(...))
56.0257 	EXP 	window1: mouseVisible = True
56.0368 	EXP 	Created text_4 = TextStim(__class__=<class 'psychopy.visual.text.TextStim'>, alignHoriz=method-wrapper(...), alignText='center', alignVert=method-wrapper(...), anchorHoriz='center', anchorVert='center', antialias=True, autoDraw=False, autoLog=True, bold=False, color=array([1., 1., 1.]), colorSpace='rgb', contrast=1.0, depth=-6.0, draggable=False, flipHoriz=False, flipVert=False, font='Open Sans', fontFiles=[], height=0.05, italic=False, languageStyle='LTR', name='text_4', opacity=1.0, ori=0.0, pos=array([0., 0.]), rgb=UNKNOWN, text=str(...), units='height', win=Window(...), wrapWidth=1)
56.0370 	EXP 	window1: mouseVisible = True
56.0457 	EXP 	Created text_5 = TextStim(__class__=<class 'psychopy.visual.text.TextStim'>, alignHoriz=method-wrapper(...), alignText='center', alignVert=method-wrapper(...), anchorHoriz='center', anchorVert='center', antialias=True, autoDraw=False, autoLog=True, bold=False, color=array([1., 1., 1.]), colorSpace='rgb', contrast=1.0, depth=-1.0, draggable=False, flipHoriz=False, flipVert=False, font='Open Sans', fontFiles=[], height=0.05, italic=False, languageStyle='LTR', name='text_5', opacity=1.0, ori=0.0, pos=array([0., 0.]), rgb=UNKNOWN, text=str(...), units='height', win=Window(...), wrapWidth=1)
56.0458 	EXP 	window1: mouseVisible = True
56.0502 	EXP 	Created image_13 = ImageStim(__class__=<class 'psychopy.visual.image.ImageStim'>, anchor=('center', 'center'), autoLog=True, color=array([1., 1., 1.]), colorSpace='rgb', contrast=1.0, depth=-2.0, draggable=False, flipHoriz=False, flipVert=False, image='stim/obj1.png', interpolate=True, mask=None, maskParams=None, name='image_13', opacity=1.0, ori=0.0, pos=array([-0.45,  0.06]), size=array([0.15, 0.15]), texRes=128.0, units='height', win=Window(...))
56.0503 	EXP 	window1: mouseVisible = True
56.0547 	EXP 	Created image_14 = ImageStim(__class__=<class 'psychopy.visual.image.ImageStim'>, anchor=('center', 'center'), autoLog=True, color=array([1., 1., 1.]), colorSpace='rgb', contrast=1.0, depth=-3.0, draggable=False, flipHoriz=False, flipVert=False, image='stim/obj2.png', interpolate=True, mask=None, maskParams=None, name='image_14', opacity=1.0, ori=0.0, pos=array([-0.25,  0.06]), size=array([0.15, 0.15]), texRes=128.0, units='height', win=Window(...))
56.0548 	EXP 	window1: mouseVisible = True
56.0595 	EXP 	Created image_15 = ImageStim(__class__=<class 'psychopy.visual.image.ImageStim'>, anchor=('center', 'center'), autoLog=True, color=array([1., 1., 1.]), colorSpace='rgb', contrast=1.0, depth=-4.0, draggable=False, flipHoriz=False, flipVert=False, image='stim/ori1.png', interpolate=True, mask=None, maskParams=None, name='image_15', opacity=1.0, ori=0.0, pos=array([0.25, 0.06]), size=array([0.15, 0.15]), texRes=128.0, units='height', win=Window(...))
56.0596 	EXP 	window1: mouseVisible = True
56.0638 	EXP 	Created image_16 = ImageStim(__class__=<class 'psychopy.visual.image.ImageStim'>, anchor=('center', 'center'), autoLog=True, color=array([1., 1., 1.]), colorSpace='rgb', contrast=1.0, depth=-5.0, draggable=False, flipHoriz=False, flipVert=False, image='stim/ori2.png', interpolate=True, mask=None, maskParams=None, name='image_16', opacity=1.0, ori=0.0, pos=array([0.45, 0.06]), size=array([0.15, 0.15]), texRes=128.0, units='height', win=Window(...))
56.0640 	EXP 	window1: mouseVisible = True
56.0848 	EXP 	Created text_6 = TextStim(__class__=<class 'psychopy.visual.text.TextStim'>, alignHoriz=method-wrapper(...), alignText='center', alignVert=method-wrapper(...), anchorHoriz='center', anchorVert='center', antialias=True, autoDraw=False, autoLog=True, bold=False, color=array([1., 1., 1.]), colorSpace='rgb', contrast=1.0, depth=-6.0, draggable=False, flipHoriz=False, flipVert=False, font='Open Sans', fontFiles=[], height=0.05, italic=False, languageStyle='LTR', name='text_6', opacity=1.0, ori=0.0, pos=array([-0.4, -0.1]), rgb=UNKNOWN, text='  Which object was it?', units='height', win=Window(...), wrapWidth=1)
56.0849 	EXP 	window1: mouseVisible = True
56.0883 	EXP 	Created text_7 = TextStim(__class__=<class 'psychopy.visual.text.TextStim'>, alignHoriz=method-wrapper(...), alignText='center', alignVert=method-wrapper(...), anchorHoriz='center', anchorVert='center', antialias=True, autoDraw=False, autoLog=True, bold=False, color=array([1., 1., 1.]), colorSpace='rgb', contrast=1.0, depth=-7.0, draggable=False, flipHoriz=False, flipVert=False, font='Open Sans', fontFiles=[], height=0.05, italic=False, languageStyle='LTR', name='text_7', opacity=1.0, ori=0.0, pos=array([ 0.4, -0.1]), rgb=UNKNOWN, text='Which way was it facing?', units='height', win=Window(...), wrapWidth=1)
56.0884 	EXP 	window1: mouseVisible = True
56.0949 	EXP 	Created text_8 = TextStim(__class__=<class 'psychopy.visual.text.TextStim'>, alignHoriz=method-wrapper(...), alignText='center', alignVert=method-wrapper(...), anchorHoriz='center', anchorVert='center', antialias=True, autoDraw=False, autoLog=True, bold=False, color=array([1., 1., 1.]), colorSpace='rgb', contrast=1.0, depth=0.0, draggable=False, flipHoriz=False, flipVert=False, font='Open Sans', fontFiles=[], height=0.05, italic=False, languageStyle='LTR', name='text_8', opacity=1.0, ori=0.0, pos=array([0., 0.]), rgb=UNKNOWN, text=str(...), units='height', win=Window(...), wrapWidth=1)
56.0952 	EXP 	window1: mouseVisible = True
56.0953 	EXP 	window1: mouseVisible = True
56.0959 	EXP 	window1: mouseVisible = True
56.0963 	EXP 	window1: mouseVisible = True
56.1221 	EXP 	window1: mouseVisible = True
56.1222 	EXP 	window1: mouseVisible = True
56.1227 	EXP 	window1: mouseVisible = True
56.1231 	EXP 	window1: mouseVisible = True
56.1337 	EXP 	window1: mouseVisible = True
56.1339 	EXP 	window1: mouseVisible = True
56.1341 	EXP 	window1: mouseVisible = True
56.1345 	EXP 	window1: mouseVisible = True
56.1349 	EXP 	window1: mouseVisible = True
56.1442 	EXP 	window1: mouseVisible = True
56.1444 	EXP 	window1: mouseVisible = True
56.1448 	EXP 	window1: mouseVisible = True
56.1452 	EXP 	window1: mouseVisible = True
56.1490 	EXP 	window1: mouseVisible = True
56.1491 	EXP 	window1: mouseVisible = True
56.1532 	EXP 	Created image_17 = ImageStim(__class__=<class 'psychopy.visual.image.ImageStim'>, anchor=('center', 'center'), autoLog=True, color=array([1., 1., 1.]), colorSpace='rgb', contrast=1.0, depth=-3.0, draggable=False, flipHoriz=False, flipVert=False, image='stim/ori1.png', interpolate=True, mask=None, maskParams=None, name='image_17', opacity=1.0, ori=0.0, pos=array([0.  , 0.23]), size=array([0.15, 0.15]), texRes=128.0, units='height', win=Window(...))
56.1533 	EXP 	window1: mouseVisible = True
56.1591 	EXP 	Created text_9 = TextStim(__class__=<class 'psychopy.visual.text.TextStim'>, alignHoriz=method-wrapper(...), alignText='center', alignVert=method-wrapper(...), anchorHoriz='center', anchorVert='center', antialias=True, autoDraw=False, autoLog=True, bold=False, color=array([1., 1., 1.]), colorSpace='rgb', contrast=1.0, depth=0.0, draggable=False, flipHoriz=False, flipVert=False, font='Open Sans', fontFiles=[], height=0.05, italic=False, languageStyle='LTR', name='text_9', opacity=1.0, ori=0.0, pos=array([0., 0.]), rgb=UNKNOWN, text=str(...), units='height', win=Window(...), wrapWidth=1)
56.1593 	EXP 	window1: mouseVisible = True
56.1595 	EXP 	window1: mouseVisible = True
56.1600 	EXP 	window1: mouseVisible = True
56.1604 	EXP 	window1: mouseVisible = True
56.1647 	EXP 	window1: mouseVisible = True
56.1648 	EXP 	window1: mouseVisible = True
56.1653 	EXP 	window1: mouseVisible = True
56.1657 	EXP 	window1: mouseVisible = True
56.1697 	EXP 	window1: mouseVisible = True
56.1699 	EXP 	window1: mouseVisible = True
56.1700 	EXP 	window1: mouseVisible = True
56.1704 	EXP 	window1: mouseVisible = True
56.1708 	EXP 	window1: mouseVisible = True
56.1753 	EXP 	window1: mouseVisible = True
56.1754 	EXP 	window1: mouseVisible = True
56.1759 	EXP 	window1: mouseVisible = True
56.1763 	EXP 	window1: mouseVisible = True
56.1801 	EXP 	window1: mouseVisible = True
56.1802 	EXP 	window1: mouseVisible = True
56.1842 	EXP 	Created image_18 = ImageStim(__class__=<class 'psychopy.visual.image.ImageStim'>, anchor=('center', 'center'), autoLog=True, color=array([1., 1., 1.]), colorSpace='rgb', contrast=1.0, depth=-3.0, draggable=False, flipHoriz=False, flipVert=False, image='stim/obj2.png', interpolate=True, mask=None, maskParams=None, name='image_18', opacity=1.0, ori=0.0, pos=array([0.  , 0.23]), size=array([0.15, 0.15]), texRes=128.0, units='height', win=Window(...))
56.1843 	EXP 	window1: mouseVisible = True
56.1900 	EXP 	Created text_10 = TextStim(__class__=<class 'psychopy.visual.text.TextStim'>, alignHoriz=method-wrapper(...), alignText='center', alignVert=method-wrapper(...), anchorHoriz='center', anchorVert='center', antialias=True, autoDraw=False, autoLog=True, bold=False, color=array([1., 1., 1.]), colorSpace='rgb', contrast=1.0, depth=0.0, draggable=False, flipHoriz=False, flipVert=False, font='Open Sans', fontFiles=[], height=0.05, italic=False, languageStyle='LTR', name='text_10', opacity=1.0, ori=0.0, pos=array([0., 0.]), rgb=UNKNOWN, text=str(...), units='height', win=Window(...), wrapWidth=1)
56.1903 	EXP 	window1: mouseVisible = True
56.1904 	EXP 	window1: mouseVisible = True
56.1914 	EXP 	window1: mouseVisible = True
56.1923 	EXP 	window1: mouseVisible = True
56.2007 	EXP 	window1: mouseVisible = True
56.2009 	EXP 	window1: mouseVisible = True
56.2022 	EXP 	window1: mouseVisible = True
56.2026 	EXP 	window1: mouseVisible = True
56.2063 	EXP 	window1: mouseVisible = True
56.2065 	EXP 	window1: mouseVisible = True
56.2067 	EXP 	window1: mouseVisible = True
56.2071 	EXP 	window1: mouseVisible = True
56.2075 	EXP 	window1: mouseVisible = True
56.2146 	EXP 	window1: mouseVisible = True
56.2148 	EXP 	window1: mouseVisible = True
56.2157 	EXP 	window1: mouseVisible = True
56.2167 	EXP 	window1: mouseVisible = True
56.2243 	EXP 	window1: mouseVisible = True
56.2245 	EXP 	window1: mouseVisible = True
56.2321 	EXP 	Created image_19 = ImageStim(__class__=<class 'psychopy.visual.image.ImageStim'>, anchor=('center', 'center'), autoLog=True, color=array([1., 1., 1.]), colorSpace='rgb', contrast=1.0, depth=-3.0, draggable=False, flipHoriz=False, flipVert=False, image='stim/ori2.png', interpolate=True, mask=None, maskParams=None, name='image_19', opacity=1.0, ori=0.0, pos=array([0.  , 0.23]), size=array([0.15, 0.15]), texRes=128.0, units='height', win=Window(...))
56.2323 	EXP 	window1: mouseVisible = True
56.2447 	EXP 	Created text_11 = TextStim(__class__=<class 'psychopy.visual.text.TextStim'>, alignHoriz=method-wrapper(...), alignText='center', alignVert=method-wrapper(...), anchorHoriz='center', anchorVert='center', antialias=True, autoDraw=False, autoLog=True, bold=False, color=array([1., 1., 1.]), colorSpace='rgb', contrast=1.0, depth=0.0, draggable=False, flipHoriz=False, flipVert=False, font='Open Sans', fontFiles=[], height=0.05, italic=False, languageStyle='LTR', name='text_11', opacity=1.0, ori=0.0, pos=array([0., 0.]), rgb=UNKNOWN, text=str(...), units='height', win=Window(...), wrapWidth=1)
56.2451 	EXP 	window1: mouseVisible = True
56.2454 	EXP 	window1: mouseVisible = True
56.2463 	EXP 	window1: mouseVisible = True
56.2472 	EXP 	window1: mouseVisible = True
56.2532 	EXP 	window1: mouseVisible = True
56.2534 	EXP 	window1: mouseVisible = True
56.2539 	EXP 	window1: mouseVisible = True
56.2543 	EXP 	window1: mouseVisible = True
56.2580 	EXP 	window1: mouseVisible = True
56.2582 	EXP 	window1: mouseVisible = True
56.2583 	EXP 	window1: mouseVisible = True
56.2587 	EXP 	window1: mouseVisible = True
56.2591 	EXP 	window1: mouseVisible = True
56.2634 	EXP 	window1: mouseVisible = True
56.2636 	EXP 	window1: mouseVisible = True
56.2642 	EXP 	window1: mouseVisible = True
56.2654 	EXP 	window1: mouseVisible = True
56.2731 	EXP 	window1: mouseVisible = True
56.2733 	EXP 	window1: mouseVisible = True
56.2813 	EXP 	Created image_20 = ImageStim(__class__=<class 'psychopy.visual.image.ImageStim'>, anchor=('center', 'center'), autoLog=True, color=array([1., 1., 1.]), colorSpace='rgb', contrast=1.0, depth=-3.0, draggable=False, flipHoriz=False, flipVert=False, image='stim/obj1.png', interpolate=True, mask=None, maskParams=None, name='image_20', opacity=1.0, ori=0.0, pos=array([0.  , 0.23]), size=array([0.15, 0.15]), texRes=128.0, units='height', win=Window(...))
56.2815 	EXP 	window1: mouseVisible = True
56.2887 	EXP 	Created text_12 = TextStim(__class__=<class 'psychopy.visual.text.TextStim'>, alignHoriz=method-wrapper(...), alignText='center', alignVert=method-wrapper(...), anchorHoriz='center', anchorVert='center', antialias=True, autoDraw=False, autoLog=True, bold=False, color=array([1., 1., 1.]), colorSpace='rgb', contrast=1.0, depth=0.0, draggable=False, flipHoriz=False, flipVert=False, font='Open Sans', fontFiles=[], height=0.05, italic=False, languageStyle='LTR', name='text_12', opacity=1.0, ori=0.0, pos=array([0., 0.]), rgb=UNKNOWN, text=str(...), units='height', win=Window(...), wrapWidth=1)
56.2888 	EXP 	window1: mouseVisible = True
56.3029 	EXP 	Created text_13 = TextStim(__class__=<class 'psychopy.visual.text.TextStim'>, alignHoriz=method-wrapper(...), alignText='center', alignVert=method-wrapper(...), anchorHoriz='center', anchorVert='center', antialias=True, autoDraw=False, autoLog=True, bold=False, color=array([1., 1., 1.]), colorSpace='rgb', contrast=1.0, depth=-1.0, draggable=False, flipHoriz=False, flipVert=False, font='Open Sans', fontFiles=[], height=0.05, italic=False, languageStyle='LTR', name='text_13', opacity=1.0, ori=0.0, pos=array([0., 0.]), rgb=UNKNOWN, text=str(...), units='height', win=Window(...), wrapWidth=1)
56.3030 	EXP 	window1: mouseVisible = True
56.3422 	EXP 	Created image_25 = ImageStim(__class__=<class 'psychopy.visual.image.ImageStim'>, anchor=('center', 'center'), autoLog=True, color=array([1., 1., 1.]), colorSpace='rgb', contrast=1.0, depth=-2.0, draggable=False, flipHoriz=False, flipVert=False, image='stim/response_instr.png', interpolate=True, mask=None, maskParams=None, name='image_25', opacity=1.0, ori=0.0, pos=array([0.  , 0.13]), size=array([0.7 , 0.21]), texRes=128.0, units='height', win=Window(...))
56.3423 	EXP 	window1: mouseVisible = True
56.3584 	EXP 	Created text_14 = TextStim(__class__=<class 'psychopy.visual.text.TextStim'>, alignHoriz=method-wrapper(...), alignText='center', alignVert=method-wrapper(...), anchorHoriz='center', anchorVert='center', antialias=True, autoDraw=False, autoLog=True, bold=False, color=array([1., 1., 1.]), colorSpace='rgb', contrast=1.0, depth=-1.0, draggable=False, flipHoriz=False, flipVert=False, font='Open Sans', fontFiles=[], height=0.05, italic=False, languageStyle='LTR', name='text_14', opacity=1.0, ori=0.0, pos=array([0., 0.]), rgb=UNKNOWN, text=str(...), units='height', win=Window(...), wrapWidth=1)
56.3585 	EXP 	window1: mouseVisible = True
56.3782 	EXP 	Created image_24 = ImageStim(__class__=<class 'psychopy.visual.image.ImageStim'>, anchor=('center', 'center'), autoLog=True, color=array([1., 1., 1.]), colorSpace='rgb', contrast=1.0, depth=-2.0, draggable=False, flipHoriz=False, flipVert=False, image='stim/response_instr.png', interpolate=True, mask=None, maskParams=None, name='image_24', opacity=1.0, ori=0.0, pos=array([0.  , 0.13]), size=array([0.7 , 0.21]), texRes=128.0, units='height', win=Window(...))
56.3783 	EXP 	window1: mouseVisible = True
56.3874 	EXP 	Created text_15 = TextStim(__class__=<class 'psychopy.visual.text.TextStim'>, alignHoriz=method-wrapper(...), alignText='center', alignVert=method-wrapper(...), anchorHoriz='center', anchorVert='center', antialias=True, autoDraw=False, autoLog=True, bold=False, color=array([1., 1., 1.]), colorSpace='rgb', contrast=1.0, depth=-1.0, draggable=False, flipHoriz=False, flipVert=False, font='Open Sans', fontFiles=[], height=0.05, italic=False, languageStyle='LTR', name='text_15', opacity=1.0, ori=0.0, pos=array([0., 0.]), rgb=UNKNOWN, text=str(...), units='height', win=Window(...), wrapWidth=1)
56.3875 	EXP 	window1: mouseVisible = True
56.4213 	EXP 	Created image_21 = ImageStim(__class__=<class 'psychopy.visual.image.ImageStim'>, anchor=('center', 'center'), autoLog=True, color=array([1., 1., 1.]), colorSpace='rgb', contrast=1.0, depth=-2.0, draggable=False, flipHoriz=False, flipVert=False, image='stim/response_instr.png', interpolate=True, mask=None, maskParams=None, name='image_21', opacity=1.0, ori=0.0, pos=array([0.  , 0.25]), size=array([0.7 , 0.21]), texRes=128.0, units='height', win=Window(...))
56.4214 	EXP 	window1: mouseVisible = True
56.4273 	EXP 	Created text_5 = TextStim(__class__=<class 'psychopy.visual.text.TextStim'>, alignHoriz=method-wrapper(...), alignText='center', alignVert=method-wrapper(...), anchorHoriz='center', anchorVert='center', antialias=True, autoDraw=False, autoLog=True, bold=False, color=array([1., 1., 1.]), colorSpace='rgb', contrast=1.0, depth=-1.0, draggable=False, flipHoriz=False, flipVert=False, font='Open Sans', fontFiles=[], height=0.05, italic=False, languageStyle='LTR', name='text_5', opacity=1.0, ori=0.0, pos=array([0., 0.]), rgb=UNKNOWN, text=str(...), units='height', win=Window(...), wrapWidth=1)
56.4275 	EXP 	window1: mouseVisible = True
56.4311 	EXP 	Created image_13 = ImageStim(__class__=<class 'psychopy.visual.image.ImageStim'>, anchor=('center', 'center'), autoLog=True, color=array([1., 1., 1.]), colorSpace='rgb', contrast=1.0, depth=-2.0, draggable=False, flipHoriz=False, flipVert=False, image='stim/obj1.png', interpolate=True, mask=None, maskParams=None, name='image_13', opacity=1.0, ori=0.0, pos=array([-0.45,  0.06]), size=array([0.15, 0.15]), texRes=128.0, units='height', win=Window(...))
56.4312 	EXP 	window1: mouseVisible = True
56.4348 	EXP 	Created image_14 = ImageStim(__class__=<class 'psychopy.visual.image.ImageStim'>, anchor=('center', 'center'), autoLog=True, color=array([1., 1., 1.]), colorSpace='rgb', contrast=1.0, depth=-3.0, draggable=False, flipHoriz=False, flipVert=False, image='stim/obj2.png', interpolate=True, mask=None, maskParams=None, name='image_14', opacity=1.0, ori=0.0, pos=array([-0.25,  0.06]), size=array([0.15, 0.15]), texRes=128.0, units='height', win=Window(...))
56.4349 	EXP 	window1: mouseVisible = True
56.4386 	EXP 	Created image_15 = ImageStim(__class__=<class 'psychopy.visual.image.ImageStim'>, anchor=('center', 'center'), autoLog=True, color=array([1., 1., 1.]), colorSpace='rgb', contrast=1.0, depth=-4.0, draggable=False, flipHoriz=False, flipVert=False, image='stim/ori1.png', interpolate=True, mask=None, maskParams=None, name='image_15', opacity=1.0, ori=0.0, pos=array([0.25, 0.06]), size=array([0.15, 0.15]), texRes=128.0, units='height', win=Window(...))
56.4387 	EXP 	window1: mouseVisible = True
56.4421 	EXP 	Created image_16 = ImageStim(__class__=<class 'psychopy.visual.image.ImageStim'>, anchor=('center', 'center'), autoLog=True, color=array([1., 1., 1.]), colorSpace='rgb', contrast=1.0, depth=-5.0, draggable=False, flipHoriz=False, flipVert=False, image='stim/ori2.png', interpolate=True, mask=None, maskParams=None, name='image_16', opacity=1.0, ori=0.0, pos=array([0.45, 0.06]), size=array([0.15, 0.15]), texRes=128.0, units='height', win=Window(...))
56.4423 	EXP 	window1: mouseVisible = True
56.4452 	EXP 	Created text_6 = TextStim(__class__=<class 'psychopy.visual.text.TextStim'>, alignHoriz=method-wrapper(...), alignText='center', alignVert=method-wrapper(...), anchorHoriz='center', anchorVert='center', antialias=True, autoDraw=False, autoLog=True, bold=False, color=array([1., 1., 1.]), colorSpace='rgb', contrast=1.0, depth=-6.0, draggable=False, flipHoriz=False, flipVert=False, font='Open Sans', fontFiles=[], height=0.05, italic=False, languageStyle='LTR', name='text_6', opacity=1.0, ori=0.0, pos=array([-0.4, -0.1]), rgb=UNKNOWN, text='  Which object was it?', units='height', win=Window(...), wrapWidth=1)
56.4454 	EXP 	window1: mouseVisible = True
56.4481 	EXP 	Created text_7 = TextStim(__class__=<class 'psychopy.visual.text.TextStim'>, alignHoriz=method-wrapper(...), alignText='center', alignVert=method-wrapper(...), anchorHoriz='center', anchorVert='center', antialias=True, autoDraw=False, autoLog=True, bold=False, color=array([1., 1., 1.]), colorSpace='rgb', contrast=1.0, depth=-7.0, draggable=False, flipHoriz=False, flipVert=False, font='Open Sans', fontFiles=[], height=0.05, italic=False, languageStyle='LTR', name='text_7', opacity=1.0, ori=0.0, pos=array([ 0.4, -0.1]), rgb=UNKNOWN, text='Which way was it facing?', units='height', win=Window(...), wrapWidth=1)
56.4482 	EXP 	window1: mouseVisible = True
56.4537 	EXP 	Created text = TextStim(__class__=<class 'psychopy.visual.text.TextStim'>, alignHoriz=method-wrapper(...), alignText='center', alignVert=method-wrapper(...), anchorHoriz='center', anchorVert='center', antialias=True, autoDraw=False, autoLog=True, bold=False, color=array([1., 1., 1.]), colorSpace='rgb', contrast=1.0, depth=0.0, draggable=False, flipHoriz=False, flipVert=False, font='Open Sans', fontFiles=[], height=0.05, italic=False, languageStyle='LTR', name='text', opacity=1.0, ori=0.0, pos=array([0., 0.]), rgb=UNKNOWN, text='The experiment will begin soon. Get ready!', units='height', win=Window(...), wrapWidth=1)
56.4538 	EXP 	window1: mouseVisible = True
56.4627 	EXP 	Created cue = ImageStim(__class__=<class 'psychopy.visual.image.ImageStim'>, anchor=('center', 'center'), autoLog=True, color=array([1., 1., 1.]), colorSpace='rgb', contrast=1.0, depth=0.0, draggable=False, flipHoriz=False, flipVert=False, image='default.png', interpolate=True, mask=None, maskParams=None, name='cue', opacity=1.0, ori=0.0, pos=array([0., 0.]), size=array([0.15, 0.15]), texRes=128.0, units='height', win=Window(...))
56.4628 	EXP 	window1: mouseVisible = True
56.4714 	EXP 	Created image = ImageStim(__class__=<class 'psychopy.visual.image.ImageStim'>, anchor=('center', 'center'), autoLog=True, color=array([1., 1., 1.]), colorSpace='rgb', contrast=1.0, depth=0.0, draggable=False, flipHoriz=False, flipVert=False, image='default.png', interpolate=True, mask=None, maskParams=None, name='image', opacity=1.0, ori=0.0, pos=array([0., 0.]), size=array([0.5, 0.5]), texRes=128.0, units='height', win=Window(...))
56.4716 	EXP 	window1: mouseVisible = True
56.4736 	EXP 	Created fixCrossR_2 = ShapeStim(__class__=<class 'psychopy.visual.shape.ShapeStim'>, anchor=('center', 'center'), autoDraw=False, autoLog=True, closeShape=True, color=method-wrapper(...), colorSpace='rgb', contrast=None, depth=-1.0, draggable=False, fillColor=array([-1, -1, -1]), fillColorSpace='rgb', fillRGB=array([-1, -1, -1]), interpolate=True, lineColor=array([-1., -1., -1.]), lineColorSpace='rgb', lineRGB=array([-1, -1, -1]), lineWidth=1.0, name='fixCrossR_2', opacity=1.0, ori=0.0, pos=array([0., 0.]), size=array([0.02, 0.02]), units='height', vertices=ndarray(...), win=Window(...), windingRule=None)
56.4737 	EXP 	window1: mouseVisible = True
56.4753 	EXP 	Created fixCrossR_4 = ShapeStim(__class__=<class 'psychopy.visual.shape.ShapeStim'>, anchor=('center', 'center'), autoDraw=False, autoLog=True, closeShape=True, color=method-wrapper(...), colorSpace='rgb', contrast=None, depth=0.0, draggable=False, fillColor=array([-1, -1, -1]), fillColorSpace='rgb', fillRGB=array([-1, -1, -1]), interpolate=True, lineColor=array([-1., -1., -1.]), lineColorSpace='rgb', lineRGB=array([-1, -1, -1]), lineWidth=1.0, name='fixCrossR_4', opacity=1.0, ori=0.0, pos=array([0., 0.]), size=array([0.02, 0.02]), units='height', vertices=ndarray(...), win=Window(...), windingRule=None)
56.4754 	EXP 	window1: mouseVisible = True
56.4770 	EXP 	Created fixCross = ShapeStim(__class__=<class 'psychopy.visual.shape.ShapeStim'>, anchor=('center', 'center'), autoDraw=False, autoLog=True, closeShape=True, color=method-wrapper(...), colorSpace='rgb', contrast=None, depth=0.0, draggable=False, fillColor=array([1, 1, 1]), fillColorSpace='rgb', fillRGB=array([1, 1, 1]), interpolate=True, lineColor=array([1., 1., 1.]), lineColorSpace='rgb', lineRGB=array([1, 1, 1]), lineWidth=1.0, name='fixCross', opacity=1.0, ori=0.0, pos=array([0., 0.]), size=array([0.02, 0.02]), units='height', vertices=ndarray(...), win=Window(...), windingRule=None)
56.4771 	EXP 	window1: mouseVisible = True
56.4788 	EXP 	Created text1 = TextStim(__class__=<class 'psychopy.visual.text.TextStim'>, alignHoriz=method-wrapper(...), alignText='center', alignVert=method-wrapper(...), anchorHoriz='center', anchorVert='center', antialias=True, autoDraw=False, autoLog=True, bold=False, color=array([1., 1., 1.]), colorSpace='rgb', contrast=1.0, depth=-1.0, draggable=False, flipHoriz=False, flipVert=False, font='Open Sans', fontFiles=[], height=0.05, italic=False, languageStyle='LTR', name='text1', opacity=1.0, ori=0.0, pos=array([-0.5,  0.1]), rgb=UNKNOWN, text='', units='norm', win=Window(...), wrapWidth=1)
56.4789 	EXP 	window1: mouseVisible = True
56.4798 	EXP 	Created text2 = TextStim(__class__=<class 'psychopy.visual.text.TextStim'>, alignHoriz=method-wrapper(...), alignText='center', alignVert=method-wrapper(...), anchorHoriz='center', anchorVert='center', antialias=True, autoDraw=False, autoLog=True, bold=False, color=array([1., 1., 1.]), colorSpace='rgb', contrast=1.0, depth=-2.0, draggable=False, flipHoriz=False, flipVert=False, font='Open Sans', fontFiles=[], height=0.05, italic=False, languageStyle='LTR', name='text2', opacity=1.0, ori=0.0, pos=array([-0.1666,  0.1   ]), rgb=UNKNOWN, text='', units='norm', win=Window(...), wrapWidth=1)
56.4799 	EXP 	window1: mouseVisible = True
56.4808 	EXP 	Created text3 = TextStim(__class__=<class 'psychopy.visual.text.TextStim'>, alignHoriz=method-wrapper(...), alignText='center', alignVert=method-wrapper(...), anchorHoriz='center', anchorVert='center', antialias=True, autoDraw=False, autoLog=True, bold=False, color=array([1., 1., 1.]), colorSpace='rgb', contrast=1.0, depth=-3.0, draggable=False, flipHoriz=False, flipVert=False, font='Open Sans', fontFiles=[], height=0.05, italic=False, languageStyle='LTR', name='text3', opacity=1.0, ori=0.0, pos=array([0.166, 0.1  ]), rgb=UNKNOWN, text='', units='norm', win=Window(...), wrapWidth=1)
56.4809 	EXP 	window1: mouseVisible = True
56.4818 	EXP 	Created text4 = TextStim(__class__=<class 'psychopy.visual.text.TextStim'>, alignHoriz=method-wrapper(...), alignText='center', alignVert=method-wrapper(...), anchorHoriz='center', anchorVert='center', antialias=True, autoDraw=False, autoLog=True, bold=False, color=array([1., 1., 1.]), colorSpace='rgb', contrast=1.0, depth=-4.0, draggable=False, flipHoriz=False, flipVert=False, font='Open Sans', fontFiles=[], height=0.05, italic=False, languageStyle='LTR', name='text4', opacity=1.0, ori=0.0, pos=array([0.5, 0.1]), rgb=UNKNOWN, text='', units='norm', win=Window(...), wrapWidth=1)
56.4818 	EXP 	window1: mouseVisible = True
56.4828 	EXP 	Created text5 = TextStim(__class__=<class 'psychopy.visual.text.TextStim'>, alignHoriz=method-wrapper(...), alignText='center', alignVert=method-wrapper(...), anchorHoriz='center', anchorVert='center', antialias=True, autoDraw=False, autoLog=True, bold=False, color=array([1., 1., 1.]), colorSpace='rgb', contrast=1.0, depth=-5.0, draggable=False, flipHoriz=False, flipVert=False, font='Open Sans', fontFiles=[], height=0.05, italic=False, languageStyle='LTR', name='text5', opacity=1.0, ori=0.0, pos=array([-0.5, -0.1]), rgb=UNKNOWN, text='', units='norm', win=Window(...), wrapWidth=1)
56.4828 	EXP 	window1: mouseVisible = True
56.4837 	EXP 	Created text6 = TextStim(__class__=<class 'psychopy.visual.text.TextStim'>, alignHoriz=method-wrapper(...), alignText='center', alignVert=method-wrapper(...), anchorHoriz='center', anchorVert='center', antialias=True, autoDraw=False, autoLog=True, bold=False, color=array([1., 1., 1.]), colorSpace='rgb', contrast=1.0, depth=-6.0, draggable=False, flipHoriz=False, flipVert=False, font='Open Sans', fontFiles=[], height=0.05, italic=False, languageStyle='LTR', name='text6', opacity=1.0, ori=0.0, pos=array([-0.1666, -0.1   ]), rgb=UNKNOWN, text='', units='norm', win=Window(...), wrapWidth=1)
56.4838 	EXP 	window1: mouseVisible = True
56.4847 	EXP 	Created text7 = TextStim(__class__=<class 'psychopy.visual.text.TextStim'>, alignHoriz=method-wrapper(...), alignText='center', alignVert=method-wrapper(...), anchorHoriz='center', anchorVert='center', antialias=True, autoDraw=False, autoLog=True, bold=False, color=array([1., 1., 1.]), colorSpace='rgb', contrast=1.0, depth=-7.0, draggable=False, flipHoriz=False, flipVert=False, font='Open Sans', fontFiles=[], height=0.05, italic=False, languageStyle='LTR', name='text7', opacity=1.0, ori=0.0, pos=array([ 0.1666, -0.1   ]), rgb=UNKNOWN, text='', units='norm', win=Window(...), wrapWidth=1)
56.4848 	EXP 	window1: mouseVisible = True
56.4857 	EXP 	Created text8 = TextStim(__class__=<class 'psychopy.visual.text.TextStim'>, alignHoriz=method-wrapper(...), alignText='center', alignVert=method-wrapper(...), anchorHoriz='center', anchorVert='center', antialias=True, autoDraw=False, autoLog=True, bold=False, color=array([1., 1., 1.]), colorSpace='rgb', contrast=1.0, depth=-8.0, draggable=False, flipHoriz=False, flipVert=False, font='Open Sans', fontFiles=[], height=0.05, italic=False, languageStyle='LTR', name='text8', opacity=1.0, ori=0.0, pos=array([ 0.5, -0.1]), rgb=UNKNOWN, text='', units='norm', win=Window(...), wrapWidth=1)
56.4858 	EXP 	window1: mouseVisible = True
56.4867 	EXP 	Created num1 = TextStim(__class__=<class 'psychopy.visual.text.TextStim'>, alignHoriz=method-wrapper(...), alignText='center', alignVert=method-wrapper(...), anchorHoriz='center', anchorVert='center', antialias=True, autoDraw=False, autoLog=True, bold=False, color=array([1., 1., 1.]), colorSpace='rgb', contrast=1.0, depth=-10.0, draggable=False, flipHoriz=False, flipVert=False, font='Open Sans', fontFiles=[], height=0.1, italic=False, languageStyle='LTR', name='num1', opacity=1.0, ori=0.0, pos=array([-0.5,  0.3]), rgb=UNKNOWN, text='', units='norm', win=Window(...), wrapWidth=1)
56.4868 	EXP 	window1: mouseVisible = True
56.4878 	EXP 	Created num2 = TextStim(__class__=<class 'psychopy.visual.text.TextStim'>, alignHoriz=method-wrapper(...), alignText='center', alignVert=method-wrapper(...), anchorHoriz='center', anchorVert='center', antialias=True, autoDraw=False, autoLog=True, bold=False, color=array([1., 1., 1.]), colorSpace='rgb', contrast=1.0, depth=-11.0, draggable=False, flipHoriz=False, flipVert=False, font='Open Sans', fontFiles=[], height=0.1, italic=False, languageStyle='LTR', name='num2', opacity=1.0, ori=0.0, pos=array([-0.1666,  0.3   ]), rgb=UNKNOWN, text='', units='norm', win=Window(...), wrapWidth=1)
56.4878 	EXP 	window1: mouseVisible = True
56.4887 	EXP 	Created num3 = TextStim(__class__=<class 'psychopy.visual.text.TextStim'>, alignHoriz=method-wrapper(...), alignText='center', alignVert=method-wrapper(...), anchorHoriz='center', anchorVert='center', antialias=True, autoDraw=False, autoLog=True, bold=False, color=array([1., 1., 1.]), colorSpace='rgb', contrast=1.0, depth=-12.0, draggable=False, flipHoriz=False, flipVert=False, font='Open Sans', fontFiles=[], height=0.1, italic=False, languageStyle='LTR', name='num3', opacity=1.0, ori=0.0, pos=array([0.1666, 0.3   ]), rgb=UNKNOWN, text='', units='norm', win=Window(...), wrapWidth=1)
56.4888 	EXP 	window1: mouseVisible = True
56.4897 	EXP 	Created num4 = TextStim(__class__=<class 'psychopy.visual.text.TextStim'>, alignHoriz=method-wrapper(...), alignText='center', alignVert=method-wrapper(...), anchorHoriz='center', anchorVert='center', antialias=True, autoDraw=False, autoLog=True, bold=False, color=array([1., 1., 1.]), colorSpace='rgb', contrast=1.0, depth=-13.0, draggable=False, flipHoriz=False, flipVert=False, font='Open Sans', fontFiles=[], height=0.1, italic=False, languageStyle='LTR', name='num4', opacity=1.0, ori=0.0, pos=array([0.5, 0.3]), rgb=UNKNOWN, text='', units='norm', win=Window(...), wrapWidth=1)
56.4898 	EXP 	window1: mouseVisible = True
56.4915 	EXP 	Created fixCrossR = ShapeStim(__class__=<class 'psychopy.visual.shape.ShapeStim'>, anchor=('center', 'center'), autoDraw=False, autoLog=True, closeShape=True, color=method-wrapper(...), colorSpace='rgb', contrast=None, depth=0.0, draggable=False, fillColor=array([-1, -1, -1]), fillColorSpace='rgb', fillRGB=array([-1, -1, -1]), interpolate=True, lineColor=array([-1., -1., -1.]), lineColorSpace='rgb', lineRGB=array([-1, -1, -1]), lineWidth=1.0, name='fixCrossR', opacity=1.0, ori=0.0, pos=array([0., 0.]), size=array([0.02, 0.02]), units='height', vertices=ndarray(...), win=Window(...), windingRule=None)
0.0274 	EXP 	Created sequence: random, trialTypes=1, nReps=0, seed=None
0.0511 	EXP 	Imported trialMatrices/trialMatrix_s111_1.xlsx as conditions, 64 conditions, 14 params
0.0520 	EXP 	Created sequence: sequential, trialTypes=64, nReps=1, seed=None
0.0522 	EXP 	New trial (rep=0, index=0): {'category': 'horse', 'orientation': 1, 'taskCue': 'stim//ori2.png', 'stimfile': 'stim//horse1.png', 'resp1': 'full left', 'resp2': 'full right', 'resp3': 'slight left', 'resp4': 'slight right', 'resp5': 'shoe', 'resp6': 'car', 'resp7': 'horse', 'resp8': 'turtle', 'objFirst': 'False', 'interval': 2.581}
0.0636 	EXP 	cue: image = 'stim//ori2.png'
0.0636 	EXP 	cue: autoDraw = True
1.0133 	EXP 	Created sequence: random, trialTypes=1, nReps=3, seed=None
1.0138 	EXP 	New trial (rep=0, index=0): None
1.2770 	EXP 	cue: autoDraw = False
1.2770 	EXP 	image: image = 'stim//horse1.png'
1.2770 	EXP 	image: autoDraw = True
1.2770 	EXP 	fixCrossR_2: autoDraw = True
1.5285 	EXP 	image: autoDraw = False
1.5285 	EXP 	fixCrossR_2: autoDraw = False
1.5285 	EXP 	image: autoDraw = False
1.5285 	EXP 	fixCrossR_2: autoDraw = False
1.5285 	EXP 	fixCrossR_4: autoDraw = True
1.7633 	EXP 	New trial (rep=1, index=0): None
1.9615 	EXP 	fixCrossR_4: autoDraw = False
1.9615 	EXP 	fixCrossR_4: autoDraw = False
1.9615 	EXP 	image: image = 'stim//horse1.png'
1.9615 	EXP 	image: autoDraw = True
1.9615 	EXP 	fixCrossR_2: autoDraw = True
2.2118 	EXP 	image: autoDraw = False
2.2118 	EXP 	fixCrossR_2: autoDraw = False
2.2118 	EXP 	image: autoDraw = False
2.2118 	EXP 	fixCrossR_2: autoDraw = False
2.2118 	EXP 	fixCrossR_4: autoDraw = True
2.4466 	EXP 	New trial (rep=2, index=0): None
2.6253 	EXP 	fixCrossR_4: autoDraw = False
2.6253 	EXP 	fixCrossR_4: autoDraw = False
2.6253 	EXP 	image: image = 'stim//horse1.png'
2.6253 	EXP 	image: autoDraw = True
2.6253 	EXP 	fixCrossR_2: autoDraw = True
2.8753 	EXP 	image: autoDraw = False
2.8753 	EXP 	fixCrossR_2: autoDraw = False
2.8753 	EXP 	image: autoDraw = False
2.8753 	EXP 	fixCrossR_2: autoDraw = False
2.8753 	EXP 	fixCrossR_4: autoDraw = True
3.2092 	EXP 	fixCrossR_4: autoDraw = False
3.2092 	EXP 	fixCrossR_4: autoDraw = False
3.2092 	EXP 	fixCross: fillColor = <psychopy.colors.Color: black, alpha=1.0>
3.2092 	EXP 	fixCross: borderColor = <psychopy.colors.Color: black, alpha=1.0>
3.2092 	EXP 	text1: foreColor = <psychopy.colors.Color: white, alpha=1.0>
3.2092 	EXP 	text1: height = 0.05
3.2092 	EXP 	text1: height = 0.05
3.2092 	EXP 	text1: height = 0.05
3.2092 	EXP 	text1: text = 'full left'
3.2092 	EXP 	text2: foreColor = <psychopy.colors.Color: white, alpha=1.0>
3.2092 	EXP 	text2: height = 0.05
3.2092 	EXP 	text2: height = 0.05
3.2092 	EXP 	text2: height = 0.05
3.2092 	EXP 	text2: text = 'full right'
3.2092 	EXP 	text3: foreColor = <psychopy.colors.Color: white, alpha=1.0>
3.2092 	EXP 	text3: height = 0.05
3.2092 	EXP 	text3: height = 0.05
3.2092 	EXP 	text3: height = 0.05
3.2092 	EXP 	text3: text = 'slight left'
3.2092 	EXP 	text4: foreColor = <psychopy.colors.Color: white, alpha=1.0>
3.2092 	EXP 	text4: height = 0.05
3.2092 	EXP 	text4: height = 0.05
3.2092 	EXP 	text4: height = 0.05
3.2092 	EXP 	text4: text = 'slight right'
3.2092 	EXP 	text5: foreColor = <psychopy.colors.Color: white, alpha=1.0>
3.2092 	EXP 	text5: height = 0.05
3.2092 	EXP 	text5: height = 0.05
3.2092 	EXP 	text5: height = 0.05
3.2092 	EXP 	text5: text = 'shoe'
3.2092 	EXP 	text6: foreColor = <psychopy.colors.Color: white, alpha=1.0>
3.2092 	EXP 	text6: height = 0.05
3.2092 	EXP 	text6: height = 0.05
3.2092 	EXP 	text6: height = 0.05
3.2092 	EXP 	text6: text = 'car'
3.2092 	EXP 	text7: foreColor = <psychopy.colors.Color: white, alpha=1.0>
3.2092 	EXP 	text7: height = 0.05
3.2092 	EXP 	text7: height = 0.05
3.2092 	EXP 	text7: height = 0.05
3.2092 	EXP 	text7: text = 'horse'
3.2092 	EXP 	text8: foreColor = <psychopy.colors.Color: white, alpha=1.0>
3.2092 	EXP 	text8: height = 0.05
3.2092 	EXP 	text8: height = 0.05
3.2092 	EXP 	text8: height = 0.05
3.2092 	EXP 	text8: text = 'turtle'
3.2092 	EXP 	num1: foreColor = <psychopy.colors.Color: white, alpha=1.0>
3.2092 	EXP 	num1: height = 0.1
3.2092 	EXP 	num1: height = 0.1
3.2092 	EXP 	num1: height = 0.1
3.2092 	EXP 	num1: text = '1'
3.2092 	EXP 	num2: foreColor = <psychopy.colors.Color: white, alpha=1.0>
3.2092 	EXP 	num2: height = 0.1
3.2092 	EXP 	num2: height = 0.1
3.2092 	EXP 	num2: height = 0.1
3.2092 	EXP 	num2: text = '2'
3.2092 	EXP 	num3: foreColor = <psychopy.colors.Color: white, alpha=1.0>
3.2092 	EXP 	num3: height = 0.1
3.2092 	EXP 	num3: height = 0.1
3.2092 	EXP 	num3: height = 0.1
3.2092 	EXP 	num3: text = '3'
3.2092 	EXP 	num4: foreColor = <psychopy.colors.Color: white, alpha=1.0>
3.2092 	EXP 	num4: height = 0.1
3.2092 	EXP 	num4: height = 0.1
3.2092 	EXP 	num4: height = 0.1
3.2092 	EXP 	num4: text = '4'
3.2092 	EXP 	fixCross: autoDraw = True
3.2092 	EXP 	text1: autoDraw = True
3.2092 	EXP 	text2: autoDraw = True
3.2092 	EXP 	text3: autoDraw = True
3.2092 	EXP 	text4: autoDraw = True
3.2092 	EXP 	text5: autoDraw = True
3.2092 	EXP 	text6: autoDraw = True
3.2092 	EXP 	text7: autoDraw = True
3.2092 	EXP 	text8: autoDraw = True
3.2092 	EXP 	num1: autoDraw = True
3.2092 	EXP 	num2: autoDraw = True
3.2092 	EXP 	num3: autoDraw = True
3.2092 	EXP 	num4: autoDraw = True
5.0816 	DATA 	Mouse: Left button down, pos=(862,666)
5.2601 	DATA 	Mouse:  Left button up, pos=(862,666)
5.3479 	DATA 	Keypress: 1
5.3920 	EXP 	fixCross: foreColor = <psychopy.colors.Color: (1.0, 0.0, 1.0, 1.0)>
5.3920 	EXP 	fixCross: borderColor = <psychopy.colors.Color: (1.0, 0.0, 1.0, 1.0)>
5.3920 	EXP 	fixCross: fillColor = <psychopy.colors.Color: (1.0, 0.0, 1.0, 1.0)>
5.3920 	EXP 	text1: foreColor = <psychopy.colors.Color: (1.0, 0.0, 1.0, 1.0)>
5.3920 	EXP 	text5: foreColor = <psychopy.colors.Color: (1.0, 0.0, 1.0, 1.0)>
5.3920 	EXP 	num1: foreColor = <psychopy.colors.Color: (1.0, 0.0, 1.0, 1.0)>
6.1421 	EXP 	fixCross: autoDraw = False
6.1421 	EXP 	text1: autoDraw = False
6.1421 	EXP 	text2: autoDraw = False
6.1421 	EXP 	text3: autoDraw = False
6.1421 	EXP 	text4: autoDraw = False
6.1421 	EXP 	text5: autoDraw = False
6.1421 	EXP 	text6: autoDraw = False
6.1421 	EXP 	text7: autoDraw = False
6.1421 	EXP 	text8: autoDraw = False
6.1421 	EXP 	num1: autoDraw = False
6.1421 	EXP 	num2: autoDraw = False
6.1421 	EXP 	num3: autoDraw = False
6.1421 	EXP 	num4: autoDraw = False
6.1421 	EXP 	fixCross: foreColor = <psychopy.colors.Color: transparent, alpha=1.0>
6.1421 	EXP 	fixCross: borderColor = <psychopy.colors.Color: transparent, alpha=1.0>
6.1421 	EXP 	fixCross: fillColor = <psychopy.colors.Color: transparent, alpha=1.0>
6.1421 	EXP 	fixCrossR: autoDraw = True
8.7099 	EXP 	New trial (rep=0, index=1): {'category': 'horse', 'orientation': 1, 'taskCue': 'stim//obj2.png', 'stimfile': 'stim//horse1.png', 'resp1': 'shoe', 'resp2': 'turtle', 'resp3': 'car', 'resp4': 'horse', 'resp5': 'full right', 'resp6': 'slight left', 'resp7': 'slight right', 'resp8': 'full left', 'objFirst': 'True', 'interval': 2.775}
8.7418 	EXP 	fixCrossR: autoDraw = False
8.7418 	EXP 	fixCrossR: autoDraw = False
8.7418 	EXP 	cue: image = 'stim//obj2.png'
8.7418 	EXP 	cue: autoDraw = True
9.7260 	EXP 	Created sequence: random, trialTypes=1, nReps=3, seed=None
9.7265 	EXP 	New trial (rep=0, index=0): None
9.9085 	EXP 	cue: autoDraw = False
9.9085 	EXP 	image: image = 'stim//horse1.png'
9.9085 	EXP 	image: autoDraw = True
9.9085 	EXP 	fixCrossR_2: autoDraw = True
10.1585 	EXP 	image: autoDraw = False
10.1585 	EXP 	fixCrossR_2: autoDraw = False
10.1585 	EXP 	image: autoDraw = False
10.1585 	EXP 	fixCrossR_2: autoDraw = False
10.1585 	EXP 	fixCrossR_4: autoDraw = True
10.3932 	EXP 	New trial (rep=1, index=0): None
10.5599 	EXP 	fixCrossR_4: autoDraw = False
10.5599 	EXP 	fixCrossR_4: autoDraw = False
10.5599 	EXP 	image: image = 'stim//horse1.png'
10.5599 	EXP 	image: autoDraw = True
10.5599 	EXP 	fixCrossR_2: autoDraw = True
10.8116 	EXP 	image: autoDraw = False
10.8116 	EXP 	fixCrossR_2: autoDraw = False
10.8116 	EXP 	image: autoDraw = False
10.8116 	EXP 	fixCrossR_2: autoDraw = False
10.8116 	EXP 	fixCrossR_4: autoDraw = True
11.0462 	EXP 	New trial (rep=2, index=0): None
11.3752 	EXP 	fixCrossR_4: autoDraw = False
11.3752 	EXP 	fixCrossR_4: autoDraw = False
11.3752 	EXP 	image: image = 'stim//horse1.png'
11.3752 	EXP 	image: autoDraw = True
11.3752 	EXP 	fixCrossR_2: autoDraw = True
11.6251 	EXP 	image: autoDraw = False
11.6251 	EXP 	fixCrossR_2: autoDraw = False
11.6251 	EXP 	image: autoDraw = False
11.6251 	EXP 	fixCrossR_2: autoDraw = False
11.6251 	EXP 	fixCrossR_4: autoDraw = True
11.9251 	EXP 	fixCrossR_4: autoDraw = False
11.9251 	EXP 	fixCrossR_4: autoDraw = False
11.9251 	EXP 	fixCross: fillColor = <psychopy.colors.Color: black, alpha=1.0>
11.9251 	EXP 	fixCross: borderColor = <psychopy.colors.Color: black, alpha=1.0>
11.9251 	EXP 	text1: foreColor = <psychopy.colors.Color: white, alpha=1.0>
11.9251 	EXP 	text1: height = 0.05
11.9251 	EXP 	text1: height = 0.05
11.9251 	EXP 	text1: height = 0.05
11.9251 	EXP 	text1: text = 'shoe'
11.9251 	EXP 	text2: foreColor = <psychopy.colors.Color: white, alpha=1.0>
11.9251 	EXP 	text2: height = 0.05
11.9251 	EXP 	text2: height = 0.05
11.9251 	EXP 	text2: height = 0.05
11.9251 	EXP 	text2: text = 'turtle'
11.9251 	EXP 	text3: foreColor = <psychopy.colors.Color: white, alpha=1.0>
11.9251 	EXP 	text3: height = 0.05
11.9251 	EXP 	text3: height = 0.05
11.9251 	EXP 	text3: height = 0.05
11.9251 	EXP 	text3: text = 'car'
11.9251 	EXP 	text4: foreColor = <psychopy.colors.Color: white, alpha=1.0>
11.9251 	EXP 	text4: height = 0.05
11.9251 	EXP 	text4: height = 0.05
11.9251 	EXP 	text4: height = 0.05
11.9251 	EXP 	text4: text = 'horse'
11.9251 	EXP 	text5: foreColor = <psychopy.colors.Color: white, alpha=1.0>
11.9251 	EXP 	text5: height = 0.05
11.9251 	EXP 	text5: height = 0.05
11.9251 	EXP 	text5: height = 0.05
11.9251 	EXP 	text5: text = 'full right'
11.9251 	EXP 	text6: foreColor = <psychopy.colors.Color: white, alpha=1.0>
11.9251 	EXP 	text6: height = 0.05
11.9251 	EXP 	text6: height = 0.05
11.9251 	EXP 	text6: height = 0.05
11.9251 	EXP 	text6: text = 'slight left'
11.9251 	EXP 	text7: foreColor = <psychopy.colors.Color: white, alpha=1.0>
11.9251 	EXP 	text7: height = 0.05
11.9251 	EXP 	text7: height = 0.05
11.9251 	EXP 	text7: height = 0.05
11.9251 	EXP 	text7: text = 'slight right'
11.9251 	EXP 	text8: foreColor = <psychopy.colors.Color: white, alpha=1.0>
11.9251 	EXP 	text8: height = 0.05
11.9251 	EXP 	text8: height = 0.05
11.9251 	EXP 	text8: height = 0.05
11.9251 	EXP 	text8: text = 'full left'
11.9251 	EXP 	num1: foreColor = <psychopy.colors.Color: white, alpha=1.0>
11.9251 	EXP 	num1: text = '1'
11.9251 	EXP 	num2: foreColor = <psychopy.colors.Color: white, alpha=1.0>
11.9251 	EXP 	num2: text = '2'
11.9251 	EXP 	num3: foreColor = <psychopy.colors.Color: white, alpha=1.0>
11.9251 	EXP 	num3: text = '3'
11.9251 	EXP 	num4: foreColor = <psychopy.colors.Color: white, alpha=1.0>
11.9251 	EXP 	num4: text = '4'
11.9251 	EXP 	fixCross: autoDraw = True
11.9251 	EXP 	text1: autoDraw = True
11.9251 	EXP 	text2: autoDraw = True
11.9251 	EXP 	text3: autoDraw = True
11.9251 	EXP 	text4: autoDraw = True
11.9251 	EXP 	text5: autoDraw = True
11.9251 	EXP 	text6: autoDraw = True
11.9251 	EXP 	text7: autoDraw = True
11.9251 	EXP 	text8: autoDraw = True
11.9251 	EXP 	num1: autoDraw = True
11.9251 	EXP 	num2: autoDraw = True
11.9251 	EXP 	num3: autoDraw = True
11.9251 	EXP 	num4: autoDraw = True
13.0098 	DATA 	Keypress: 4
13.0418 	EXP 	fixCross: foreColor = <psychopy.colors.Color: (1.0, 0.0, 1.0, 1.0)>
13.0418 	EXP 	fixCross: borderColor = <psychopy.colors.Color: (1.0, 0.0, 1.0, 1.0)>
13.0418 	EXP 	fixCross: fillColor = <psychopy.colors.Color: (1.0, 0.0, 1.0, 1.0)>
13.0418 	EXP 	text4: foreColor = <psychopy.colors.Color: (1.0, 0.0, 1.0, 1.0)>
13.0418 	EXP 	text8: foreColor = <psychopy.colors.Color: (1.0, 0.0, 1.0, 1.0)>
13.0418 	EXP 	num4: foreColor = <psychopy.colors.Color: (1.0, 0.0, 1.0, 1.0)>
14.8918 	EXP 	fixCross: autoDraw = False
14.8918 	EXP 	text1: autoDraw = False
14.8918 	EXP 	text2: autoDraw = False
14.8918 	EXP 	text3: autoDraw = False
14.8918 	EXP 	text4: autoDraw = False
14.8918 	EXP 	text5: autoDraw = False
14.8918 	EXP 	text6: autoDraw = False
14.8918 	EXP 	text7: autoDraw = False
14.8918 	EXP 	text8: autoDraw = False
14.8918 	EXP 	num1: autoDraw = False
14.8918 	EXP 	num2: autoDraw = False
14.8918 	EXP 	num3: autoDraw = False
14.8918 	EXP 	num4: autoDraw = False
14.8918 	EXP 	fixCross: foreColor = <psychopy.colors.Color: transparent, alpha=1.0>
14.8918 	EXP 	fixCross: borderColor = <psychopy.colors.Color: transparent, alpha=1.0>
14.8918 	EXP 	fixCross: fillColor = <psychopy.colors.Color: transparent, alpha=1.0>
14.8918 	EXP 	fixCrossR: autoDraw = True
17.6597 	EXP 	New trial (rep=0, index=2): {'category': 'shoe', 'orientation': 1, 'taskCue': 'stim//obj2.png', 'stimfile': 'stim//shoe1.png', 'resp1': 'car', 'resp2': 'shoe', 'resp3': 'horse', 'resp4': 'turtle', 'resp5': 'full left', 'resp6': 'slight left', 'resp7': 'slight right', 'resp8': 'full right', 'objFirst': 'True', 'interval': 2.161}
17.6750 	EXP 	fixCrossR: autoDraw = False
17.6750 	EXP 	fixCrossR: autoDraw = False
17.6750 	EXP 	cue: image = 'stim//obj2.png'
17.6750 	EXP 	cue: autoDraw = True
18.6600 	EXP 	Created sequence: random, trialTypes=1, nReps=3, seed=None
18.6604 	EXP 	New trial (rep=0, index=0): None
18.8252 	EXP 	cue: autoDraw = False
18.8252 	EXP 	cue: autoDraw = False
18.8252 	EXP 	image: image = 'stim//shoe1.png'
18.8252 	EXP 	image: autoDraw = True
18.8252 	EXP 	fixCrossR_2: autoDraw = True
19.0750 	EXP 	image: autoDraw = False
19.0750 	EXP 	fixCrossR_2: autoDraw = False
19.0750 	EXP 	image: autoDraw = False
19.0750 	EXP 	fixCrossR_2: autoDraw = False
19.0750 	EXP 	fixCrossR_4: autoDraw = True
19.3098 	EXP 	New trial (rep=1, index=0): None
19.4918 	EXP 	fixCrossR_4: autoDraw = False
19.4918 	EXP 	fixCrossR_4: autoDraw = False
19.4918 	EXP 	image: image = 'stim//shoe1.png'
19.4918 	EXP 	image: autoDraw = True
19.4918 	EXP 	fixCrossR_2: autoDraw = True
19.7417 	EXP 	image: autoDraw = False
19.7417 	EXP 	fixCrossR_2: autoDraw = False
19.7417 	EXP 	image: autoDraw = False
19.7417 	EXP 	fixCrossR_2: autoDraw = False
19.7417 	EXP 	fixCrossR_4: autoDraw = True
19.9768 	EXP 	New trial (rep=2, index=0): None
20.2591 	EXP 	fixCrossR_4: autoDraw = False
20.2591 	EXP 	fixCrossR_4: autoDraw = False
20.2591 	EXP 	image: image = 'stim//shoe1.png'
20.2591 	EXP 	image: autoDraw = True
20.2591 	EXP 	fixCrossR_2: autoDraw = True
20.5084 	EXP 	image: autoDraw = False
20.5084 	EXP 	fixCrossR_2: autoDraw = False
20.5084 	EXP 	image: autoDraw = False
20.5084 	EXP 	fixCrossR_2: autoDraw = False
20.5084 	EXP 	fixCrossR_4: autoDraw = True
20.7924 	EXP 	fixCrossR_4: autoDraw = False
20.7924 	EXP 	fixCrossR_4: autoDraw = False
20.7924 	EXP 	fixCross: fillColor = <psychopy.colors.Color: black, alpha=1.0>
20.7924 	EXP 	fixCross: borderColor = <psychopy.colors.Color: black, alpha=1.0>
20.7924 	EXP 	text1: foreColor = <psychopy.colors.Color: white, alpha=1.0>
20.7924 	EXP 	text1: height = 0.05
20.7924 	EXP 	text1: height = 0.05
20.7924 	EXP 	text1: height = 0.05
20.7924 	EXP 	text1: text = 'car'
20.7924 	EXP 	text2: foreColor = <psychopy.colors.Color: white, alpha=1.0>
20.7924 	EXP 	text2: height = 0.05
20.7924 	EXP 	text2: height = 0.05
20.7924 	EXP 	text2: height = 0.05
20.7924 	EXP 	text2: text = 'shoe'
20.7924 	EXP 	text3: foreColor = <psychopy.colors.Color: white, alpha=1.0>
20.7924 	EXP 	text3: height = 0.05
20.7924 	EXP 	text3: height = 0.05
20.7924 	EXP 	text3: height = 0.05
20.7924 	EXP 	text3: text = 'horse'
20.7924 	EXP 	text4: foreColor = <psychopy.colors.Color: white, alpha=1.0>
20.7924 	EXP 	text4: height = 0.05
20.7924 	EXP 	text4: height = 0.05
20.7924 	EXP 	text4: height = 0.05
20.7924 	EXP 	text4: text = 'turtle'
20.7924 	EXP 	text5: foreColor = <psychopy.colors.Color: white, alpha=1.0>
20.7924 	EXP 	text5: height = 0.05
20.7924 	EXP 	text5: height = 0.05
20.7924 	EXP 	text5: height = 0.05
20.7924 	EXP 	text5: text = 'full left'
20.7924 	EXP 	text6: foreColor = <psychopy.colors.Color: white, alpha=1.0>
20.7924 	EXP 	text6: text = 'slight left'
20.7924 	EXP 	text7: foreColor = <psychopy.colors.Color: white, alpha=1.0>
20.7924 	EXP 	text7: text = 'slight right'
20.7924 	EXP 	text8: foreColor = <psychopy.colors.Color: white, alpha=1.0>
20.7924 	EXP 	text8: height = 0.05
20.7924 	EXP 	text8: height = 0.05
20.7924 	EXP 	text8: height = 0.05
20.7924 	EXP 	text8: text = 'full right'
20.7924 	EXP 	num1: foreColor = <psychopy.colors.Color: white, alpha=1.0>
20.7924 	EXP 	num1: text = '1'
20.7924 	EXP 	num2: foreColor = <psychopy.colors.Color: white, alpha=1.0>
20.7924 	EXP 	num2: text = '2'
20.7924 	EXP 	num3: foreColor = <psychopy.colors.Color: white, alpha=1.0>
20.7924 	EXP 	num3: text = '3'
20.7924 	EXP 	num4: foreColor = <psychopy.colors.Color: white, alpha=1.0>
20.7924 	EXP 	num4: text = '4'
20.7924 	EXP 	fixCross: autoDraw = True
20.7924 	EXP 	text1: autoDraw = True
20.7924 	EXP 	text2: autoDraw = True
20.7924 	EXP 	text3: autoDraw = True
20.7924 	EXP 	text4: autoDraw = True
20.7924 	EXP 	text5: autoDraw = True
20.7924 	EXP 	text6: autoDraw = True
20.7924 	EXP 	text7: autoDraw = True
20.7924 	EXP 	text8: autoDraw = True
20.7924 	EXP 	num1: autoDraw = True
20.7924 	EXP 	num2: autoDraw = True
20.7924 	EXP 	num3: autoDraw = True
20.7924 	EXP 	num4: autoDraw = True
21.4262 	DATA 	Keypress: 2
21.4583 	EXP 	fixCross: foreColor = <psychopy.colors.Color: (1.0, 0.0, 1.0, 1.0)>
21.4583 	EXP 	fixCross: borderColor = <psychopy.colors.Color: (1.0, 0.0, 1.0, 1.0)>
21.4583 	EXP 	fixCross: fillColor = <psychopy.colors.Color: (1.0, 0.0, 1.0, 1.0)>
21.4583 	EXP 	text2: foreColor = <psychopy.colors.Color: (1.0, 0.0, 1.0, 1.0)>
21.4583 	EXP 	text6: foreColor = <psychopy.colors.Color: (1.0, 0.0, 1.0, 1.0)>
21.4583 	EXP 	num2: foreColor = <psychopy.colors.Color: (1.0, 0.0, 1.0, 1.0)>
23.7749 	EXP 	fixCross: autoDraw = False
23.7749 	EXP 	text1: autoDraw = False
23.7749 	EXP 	text2: autoDraw = False
23.7749 	EXP 	text3: autoDraw = False
23.7749 	EXP 	text4: autoDraw = False
23.7749 	EXP 	text5: autoDraw = False
23.7749 	EXP 	text6: autoDraw = False
23.7749 	EXP 	text7: autoDraw = False
23.7749 	EXP 	text8: autoDraw = False
23.7749 	EXP 	num1: autoDraw = False
23.7749 	EXP 	num2: autoDraw = False
23.7749 	EXP 	num3: autoDraw = False
23.7749 	EXP 	num4: autoDraw = False
23.7749 	EXP 	fixCross: foreColor = <psychopy.colors.Color: transparent, alpha=1.0>
23.7749 	EXP 	fixCross: borderColor = <psychopy.colors.Color: transparent, alpha=1.0>
23.7749 	EXP 	fixCross: fillColor = <psychopy.colors.Color: transparent, alpha=1.0>
23.7749 	EXP 	fixCrossR: autoDraw = True
25.9262 	EXP 	New trial (rep=0, index=3): {'category': 'car', 'orientation': 1, 'taskCue': 'stim//obj1.png', 'stimfile': 'stim//car1.png', 'resp1': 'shoe', 'resp2': 'turtle', 'resp3': 'horse', 'resp4': 'car', 'resp5': 'slight right', 'resp6': 'full right', 'resp7': 'slight left', 'resp8': 'full left', 'objFirst': 'True', 'interval': 2.629}
25.9419 	EXP 	fixCrossR: autoDraw = False
25.9419 	EXP 	fixCrossR: autoDraw = False
25.9419 	EXP 	cue: image = 'stim//obj1.png'
25.9419 	EXP 	cue: autoDraw = True
26.9264 	EXP 	Created sequence: random, trialTypes=1, nReps=3, seed=None
26.9268 	EXP 	New trial (rep=0, index=0): None
27.0914 	EXP 	cue: autoDraw = False
27.0914 	EXP 	cue: autoDraw = False
27.0914 	EXP 	image: image = 'stim//car1.png'
27.0914 	EXP 	image: autoDraw = True
27.0914 	EXP 	fixCrossR_2: autoDraw = True
27.3416 	EXP 	image: autoDraw = False
27.3416 	EXP 	fixCrossR_2: autoDraw = False
27.3416 	EXP 	image: autoDraw = False
27.3416 	EXP 	fixCrossR_2: autoDraw = False
27.3416 	EXP 	fixCrossR_4: autoDraw = True
27.5762 	EXP 	New trial (rep=1, index=0): None
27.7580 	EXP 	fixCrossR_4: autoDraw = False
27.7580 	EXP 	fixCrossR_4: autoDraw = False
27.7580 	EXP 	image: image = 'stim//car1.png'
27.7580 	EXP 	image: autoDraw = True
27.7580 	EXP 	fixCrossR_2: autoDraw = True
28.0082 	EXP 	image: autoDraw = False
28.0082 	EXP 	fixCrossR_2: autoDraw = False
28.0082 	EXP 	image: autoDraw = False
28.0082 	EXP 	fixCrossR_2: autoDraw = False
28.0082 	EXP 	fixCrossR_4: autoDraw = True
28.2428 	EXP 	New trial (rep=2, index=0): None
28.5580 	EXP 	fixCrossR_4: autoDraw = False
28.5580 	EXP 	fixCrossR_4: autoDraw = False
28.5580 	EXP 	image: image = 'stim//car1.png'
28.5580 	EXP 	image: autoDraw = True
28.5580 	EXP 	fixCrossR_2: autoDraw = True
28.8082 	EXP 	image: autoDraw = False
28.8082 	EXP 	fixCrossR_2: autoDraw = False
28.8082 	EXP 	image: autoDraw = False
28.8082 	EXP 	fixCrossR_2: autoDraw = False
28.8082 	EXP 	fixCrossR_4: autoDraw = True
29.1082 	EXP 	fixCrossR_4: autoDraw = False
29.1082 	EXP 	fixCrossR_4: autoDraw = False
29.1082 	EXP 	fixCross: fillColor = <psychopy.colors.Color: black, alpha=1.0>
29.1082 	EXP 	fixCross: borderColor = <psychopy.colors.Color: black, alpha=1.0>
29.1082 	EXP 	text1: foreColor = <psychopy.colors.Color: white, alpha=1.0>
29.1082 	EXP 	text1: height = 0.05
29.1082 	EXP 	text1: height = 0.05
29.1082 	EXP 	text1: height = 0.05
29.1082 	EXP 	text1: text = 'shoe'
29.1082 	EXP 	text2: foreColor = <psychopy.colors.Color: white, alpha=1.0>
29.1082 	EXP 	text2: height = 0.05
29.1082 	EXP 	text2: height = 0.05
29.1082 	EXP 	text2: height = 0.05
29.1082 	EXP 	text2: text = 'turtle'
29.1082 	EXP 	text3: foreColor = <psychopy.colors.Color: white, alpha=1.0>
29.1082 	EXP 	text3: text = 'horse'
29.1082 	EXP 	text4: foreColor = <psychopy.colors.Color: white, alpha=1.0>
29.1082 	EXP 	text4: height = 0.05
29.1082 	EXP 	text4: height = 0.05
29.1082 	EXP 	text4: height = 0.05
29.1082 	EXP 	text4: text = 'car'
29.1082 	EXP 	text5: foreColor = <psychopy.colors.Color: white, alpha=1.0>
29.1082 	EXP 	text5: height = 0.05
29.1082 	EXP 	text5: height = 0.05
29.1082 	EXP 	text5: height = 0.05
29.1082 	EXP 	text5: text = 'slight right'
29.1082 	EXP 	text6: foreColor = <psychopy.colors.Color: white, alpha=1.0>
29.1082 	EXP 	text6: height = 0.05
29.1082 	EXP 	text6: height = 0.05
29.1082 	EXP 	text6: height = 0.05
29.1082 	EXP 	text6: text = 'full right'
29.1082 	EXP 	text7: foreColor = <psychopy.colors.Color: white, alpha=1.0>
29.1082 	EXP 	text7: height = 0.05
29.1082 	EXP 	text7: height = 0.05
29.1082 	EXP 	text7: height = 0.05
29.1082 	EXP 	text7: text = 'slight left'
29.1082 	EXP 	text8: foreColor = <psychopy.colors.Color: white, alpha=1.0>
29.1082 	EXP 	text8: height = 0.05
29.1082 	EXP 	text8: height = 0.05
29.1082 	EXP 	text8: height = 0.05
29.1082 	EXP 	text8: text = 'full left'
29.1082 	EXP 	num1: foreColor = <psychopy.colors.Color: white, alpha=1.0>
29.1082 	EXP 	num1: text = '1'
29.1082 	EXP 	num2: foreColor = <psychopy.colors.Color: white, alpha=1.0>
29.1082 	EXP 	num2: text = '2'
29.1082 	EXP 	num3: foreColor = <psychopy.colors.Color: white, alpha=1.0>
29.1082 	EXP 	num3: text = '3'
29.1082 	EXP 	num4: foreColor = <psychopy.colors.Color: white, alpha=1.0>
29.1082 	EXP 	num4: text = '4'
29.1082 	EXP 	fixCross: autoDraw = True
29.1082 	EXP 	text1: autoDraw = True
29.1082 	EXP 	text2: autoDraw = True
29.1082 	EXP 	text3: autoDraw = True
29.1082 	EXP 	text4: autoDraw = True
29.1082 	EXP 	text5: autoDraw = True
29.1082 	EXP 	text6: autoDraw = True
29.1082 	EXP 	text7: autoDraw = True
29.1082 	EXP 	text8: autoDraw = True
29.1082 	EXP 	num1: autoDraw = True
29.1082 	EXP 	num2: autoDraw = True
29.1082 	EXP 	num3: autoDraw = True
29.1082 	EXP 	num4: autoDraw = True
31.6603 	DATA 	Keypress: 4
31.7081 	EXP 	fixCross: foreColor = <psychopy.colors.Color: (1.0, 0.0, 1.0, 1.0)>
31.7081 	EXP 	fixCross: borderColor = <psychopy.colors.Color: (1.0, 0.0, 1.0, 1.0)>
31.7081 	EXP 	fixCross: fillColor = <psychopy.colors.Color: (1.0, 0.0, 1.0, 1.0)>
31.7081 	EXP 	text4: foreColor = <psychopy.colors.Color: (1.0, 0.0, 1.0, 1.0)>
31.7081 	EXP 	text8: foreColor = <psychopy.colors.Color: (1.0, 0.0, 1.0, 1.0)>
31.7081 	EXP 	num4: foreColor = <psychopy.colors.Color: (1.0, 0.0, 1.0, 1.0)>
32.0916 	EXP 	fixCross: autoDraw = False
32.0916 	EXP 	text1: autoDraw = False
32.0916 	EXP 	text2: autoDraw = False
32.0916 	EXP 	text3: autoDraw = False
32.0916 	EXP 	text4: autoDraw = False
32.0916 	EXP 	text5: autoDraw = False
32.0916 	EXP 	text6: autoDraw = False
32.0916 	EXP 	text7: autoDraw = False
32.0916 	EXP 	text8: autoDraw = False
32.0916 	EXP 	num1: autoDraw = False
32.0916 	EXP 	num2: autoDraw = False
32.0916 	EXP 	num3: autoDraw = False
32.0916 	EXP 	num4: autoDraw = False
32.0916 	EXP 	fixCross: foreColor = <psychopy.colors.Color: transparent, alpha=1.0>
32.0916 	EXP 	fixCross: borderColor = <psychopy.colors.Color: transparent, alpha=1.0>
32.0916 	EXP 	fixCross: fillColor = <psychopy.colors.Color: transparent, alpha=1.0>
32.0916 	EXP 	fixCrossR: autoDraw = True
34.7097 	EXP 	New trial (rep=0, index=4): {'category': 'turtle', 'orientation': 4, 'taskCue': 'stim//obj1.png', 'stimfile': 'stim//turtle4.png', 'resp1': 'car', 'resp2': 'horse', 'resp3': 'shoe', 'resp4': 'turtle', 'resp5': 'full left', 'resp6': 'slight right', 'resp7': 'full right', 'resp8': 'slight left', 'objFirst': 'True', 'interval': 2.548}
34.7247 	EXP 	fixCrossR: autoDraw = False
34.7247 	EXP 	fixCrossR: autoDraw = False
34.7247 	EXP 	cue: image = 'stim//obj1.png'
34.7247 	EXP 	cue: autoDraw = True
35.7096 	EXP 	Created sequence: random, trialTypes=1, nReps=3, seed=None
35.7100 	EXP 	New trial (rep=0, index=0): None
35.8914 	EXP 	cue: autoDraw = False
35.8914 	EXP 	cue: autoDraw = False
35.8914 	EXP 	image: image = 'stim//turtle4.png'
35.8914 	EXP 	image: autoDraw = True
35.8914 	EXP 	fixCrossR_2: autoDraw = True
36.1415 	EXP 	image: autoDraw = False
36.1415 	EXP 	fixCrossR_2: autoDraw = False
36.1415 	EXP 	image: autoDraw = False
36.1415 	EXP 	fixCrossR_2: autoDraw = False
36.1415 	EXP 	fixCrossR_4: autoDraw = True
36.3761 	EXP 	New trial (rep=1, index=0): None
36.5586 	EXP 	fixCrossR_4: autoDraw = False
36.5586 	EXP 	fixCrossR_4: autoDraw = False
36.5586 	EXP 	image: image = 'stim//turtle4.png'
36.5586 	EXP 	image: autoDraw = True
36.5586 	EXP 	fixCrossR_2: autoDraw = True
36.8081 	EXP 	image: autoDraw = False
36.8081 	EXP 	fixCrossR_2: autoDraw = False
36.8081 	EXP 	image: autoDraw = False
36.8081 	EXP 	fixCrossR_2: autoDraw = False
36.8081 	EXP 	fixCrossR_4: autoDraw = True
37.0427 	EXP 	New trial (rep=2, index=0): None
37.3249 	EXP 	fixCrossR_4: autoDraw = False
37.3249 	EXP 	fixCrossR_4: autoDraw = False
37.3249 	EXP 	image: image = 'stim//turtle4.png'
37.3249 	EXP 	image: autoDraw = True
37.3249 	EXP 	fixCrossR_2: autoDraw = True
37.5747 	EXP 	image: autoDraw = False
37.5747 	EXP 	fixCrossR_2: autoDraw = False
37.5747 	EXP 	image: autoDraw = False
37.5747 	EXP 	fixCrossR_2: autoDraw = False
37.5747 	EXP 	fixCrossR_4: autoDraw = True
37.8747 	EXP 	fixCrossR_4: autoDraw = False
37.8747 	EXP 	fixCrossR_4: autoDraw = False
37.8747 	EXP 	fixCross: fillColor = <psychopy.colors.Color: black, alpha=1.0>
37.8747 	EXP 	fixCross: borderColor = <psychopy.colors.Color: black, alpha=1.0>
37.8747 	EXP 	text1: foreColor = <psychopy.colors.Color: white, alpha=1.0>
37.8747 	EXP 	text1: height = 0.05
37.8747 	EXP 	text1: height = 0.05
37.8747 	EXP 	text1: height = 0.05
37.8747 	EXP 	text1: text = 'car'
37.8747 	EXP 	text2: foreColor = <psychopy.colors.Color: white, alpha=1.0>
37.8747 	EXP 	text2: height = 0.05
37.8747 	EXP 	text2: height = 0.05
37.8747 	EXP 	text2: height = 0.05
37.8747 	EXP 	text2: text = 'horse'
37.8747 	EXP 	text3: foreColor = <psychopy.colors.Color: white, alpha=1.0>
37.8747 	EXP 	text3: height = 0.05
37.8747 	EXP 	text3: height = 0.05
37.8747 	EXP 	text3: height = 0.05
37.8747 	EXP 	text3: text = 'shoe'
37.8747 	EXP 	text4: foreColor = <psychopy.colors.Color: white, alpha=1.0>
37.8747 	EXP 	text4: height = 0.05
37.8747 	EXP 	text4: height = 0.05
37.8747 	EXP 	text4: height = 0.05
37.8747 	EXP 	text4: text = 'turtle'
37.8747 	EXP 	text5: foreColor = <psychopy.colors.Color: white, alpha=1.0>
37.8747 	EXP 	text5: height = 0.05
37.8747 	EXP 	text5: height = 0.05
37.8747 	EXP 	text5: height = 0.05
37.8747 	EXP 	text5: text = 'full left'
37.8747 	EXP 	text6: foreColor = <psychopy.colors.Color: white, alpha=1.0>
37.8747 	EXP 	text6: height = 0.05
37.8747 	EXP 	text6: height = 0.05
37.8747 	EXP 	text6: height = 0.05
37.8747 	EXP 	text6: text = 'slight right'
37.8747 	EXP 	text7: foreColor = <psychopy.colors.Color: white, alpha=1.0>
37.8747 	EXP 	text7: height = 0.05
37.8747 	EXP 	text7: height = 0.05
37.8747 	EXP 	text7: height = 0.05
37.8747 	EXP 	text7: text = 'full right'
37.8747 	EXP 	text8: foreColor = <psychopy.colors.Color: white, alpha=1.0>
37.8747 	EXP 	text8: height = 0.05
37.8747 	EXP 	text8: height = 0.05
37.8747 	EXP 	text8: height = 0.05
37.8747 	EXP 	text8: text = 'slight left'
37.8747 	EXP 	num1: foreColor = <psychopy.colors.Color: white, alpha=1.0>
37.8747 	EXP 	num1: text = '1'
37.8747 	EXP 	num2: foreColor = <psychopy.colors.Color: white, alpha=1.0>
37.8747 	EXP 	num2: text = '2'
37.8747 	EXP 	num3: foreColor = <psychopy.colors.Color: white, alpha=1.0>
37.8747 	EXP 	num3: text = '3'
37.8747 	EXP 	num4: foreColor = <psychopy.colors.Color: white, alpha=1.0>
37.8747 	EXP 	num4: text = '4'
37.8747 	EXP 	fixCross: autoDraw = True
37.8747 	EXP 	text1: autoDraw = True
37.8747 	EXP 	text2: autoDraw = True
37.8747 	EXP 	text3: autoDraw = True
37.8747 	EXP 	text4: autoDraw = True
37.8747 	EXP 	text5: autoDraw = True
37.8747 	EXP 	text6: autoDraw = True
37.8747 	EXP 	text7: autoDraw = True
37.8747 	EXP 	text8: autoDraw = True
37.8747 	EXP 	num1: autoDraw = True
37.8747 	EXP 	num2: autoDraw = True
37.8747 	EXP 	num3: autoDraw = True
37.8747 	EXP 	num4: autoDraw = True
39.2637 	DATA 	Keypress: 4
39.3080 	EXP 	fixCross: foreColor = <psychopy.colors.Color: (1.0, 0.0, 1.0, 1.0)>
39.3080 	EXP 	fixCross: borderColor = <psychopy.colors.Color: (1.0, 0.0, 1.0, 1.0)>
39.3080 	EXP 	fixCross: fillColor = <psychopy.colors.Color: (1.0, 0.0, 1.0, 1.0)>
39.3080 	EXP 	text4: foreColor = <psychopy.colors.Color: (1.0, 0.0, 1.0, 1.0)>
39.3080 	EXP 	text8: foreColor = <psychopy.colors.Color: (1.0, 0.0, 1.0, 1.0)>
39.3080 	EXP 	num4: foreColor = <psychopy.colors.Color: (1.0, 0.0, 1.0, 1.0)>
40.8581 	EXP 	fixCross: autoDraw = False
40.8581 	EXP 	text1: autoDraw = False
40.8581 	EXP 	text2: autoDraw = False
40.8581 	EXP 	text3: autoDraw = False
40.8581 	EXP 	text4: autoDraw = False
40.8581 	EXP 	text5: autoDraw = False
40.8581 	EXP 	text6: autoDraw = False
40.8581 	EXP 	text7: autoDraw = False
40.8581 	EXP 	text8: autoDraw = False
40.8581 	EXP 	num1: autoDraw = False
40.8581 	EXP 	num2: autoDraw = False
40.8581 	EXP 	num3: autoDraw = False
40.8581 	EXP 	num4: autoDraw = False
40.8581 	EXP 	fixCross: foreColor = <psychopy.colors.Color: transparent, alpha=1.0>
40.8581 	EXP 	fixCross: borderColor = <psychopy.colors.Color: transparent, alpha=1.0>
40.8581 	EXP 	fixCross: fillColor = <psychopy.colors.Color: transparent, alpha=1.0>
40.8581 	EXP 	fixCrossR: autoDraw = True
43.3926 	EXP 	New trial (rep=0, index=5): {'category': 'turtle', 'orientation': 1, 'taskCue': 'stim//ori1.png', 'stimfile': 'stim//turtle1.png', 'resp1': 'turtle', 'resp2': 'horse', 'resp3': 'car', 'resp4': 'shoe', 'resp5': 'slight right', 'resp6': 'slight left', 'resp7': 'full right', 'resp8': 'full left', 'objFirst': 'True', 'interval': 2.304}
43.4093 	EXP 	fixCrossR: autoDraw = False
43.4093 	EXP 	fixCrossR: autoDraw = False
43.4093 	EXP 	cue: image = 'stim//ori1.png'
43.4093 	EXP 	cue: autoDraw = True
44.4089 	EXP 	Created sequence: random, trialTypes=1, nReps=3, seed=None
44.4092 	EXP 	New trial (rep=0, index=0): None
44.6085 	EXP 	cue: autoDraw = False
44.6085 	EXP 	image: image = 'stim//turtle1.png'
44.6085 	EXP 	image: autoDraw = True
44.6085 	EXP 	fixCrossR_2: autoDraw = True
44.8606 	EXP 	image: autoDraw = False
44.8606 	EXP 	fixCrossR_2: autoDraw = False
44.8606 	EXP 	image: autoDraw = False
44.8606 	EXP 	fixCrossR_2: autoDraw = False
44.8606 	EXP 	fixCrossR_4: autoDraw = True
45.0953 	EXP 	New trial (rep=1, index=0): None
45.2579 	EXP 	fixCrossR_4: autoDraw = False
45.2579 	EXP 	fixCrossR_4: autoDraw = False
45.2579 	EXP 	image: image = 'stim//turtle1.png'
45.2579 	EXP 	image: autoDraw = True
45.2579 	EXP 	fixCrossR_2: autoDraw = True
45.5080 	EXP 	image: autoDraw = False
45.5080 	EXP 	fixCrossR_2: autoDraw = False
45.5080 	EXP 	image: autoDraw = False
45.5080 	EXP 	fixCrossR_2: autoDraw = False
45.5080 	EXP 	fixCrossR_4: autoDraw = True
45.7426 	EXP 	New trial (rep=2, index=0): None
46.0251 	EXP 	fixCrossR_4: autoDraw = False
46.0251 	EXP 	fixCrossR_4: autoDraw = False
46.0251 	EXP 	image: image = 'stim//turtle1.png'
46.0251 	EXP 	image: autoDraw = True
46.0251 	EXP 	fixCrossR_2: autoDraw = True
46.2756 	EXP 	image: autoDraw = False
46.2756 	EXP 	fixCrossR_2: autoDraw = False
46.2756 	EXP 	image: autoDraw = False
46.2756 	EXP 	fixCrossR_2: autoDraw = False
46.2756 	EXP 	fixCrossR_4: autoDraw = True
46.5746 	EXP 	fixCrossR_4: autoDraw = False
46.5746 	EXP 	fixCrossR_4: autoDraw = False
46.5746 	EXP 	fixCross: fillColor = <psychopy.colors.Color: black, alpha=1.0>
46.5746 	EXP 	fixCross: borderColor = <psychopy.colors.Color: black, alpha=1.0>
46.5746 	EXP 	text1: foreColor = <psychopy.colors.Color: white, alpha=1.0>
46.5746 	EXP 	text1: height = 0.05
46.5746 	EXP 	text1: height = 0.05
46.5746 	EXP 	text1: height = 0.05
46.5746 	EXP 	text1: text = 'turtle'
46.5746 	EXP 	text2: foreColor = <psychopy.colors.Color: white, alpha=1.0>
46.5746 	EXP 	text2: text = 'horse'
46.5746 	EXP 	text3: foreColor = <psychopy.colors.Color: white, alpha=1.0>
46.5746 	EXP 	text3: height = 0.05
46.5746 	EXP 	text3: height = 0.05
46.5746 	EXP 	text3: height = 0.05
46.5746 	EXP 	text3: text = 'car'
46.5746 	EXP 	text4: foreColor = <psychopy.colors.Color: white, alpha=1.0>
46.5746 	EXP 	text4: height = 0.05
46.5746 	EXP 	text4: height = 0.05
46.5746 	EXP 	text4: height = 0.05
46.5746 	EXP 	text4: text = 'shoe'
46.5746 	EXP 	text5: foreColor = <psychopy.colors.Color: white, alpha=1.0>
46.5746 	EXP 	text5: height = 0.05
46.5746 	EXP 	text5: height = 0.05
46.5746 	EXP 	text5: height = 0.05
46.5746 	EXP 	text5: text = 'slight right'
46.5746 	EXP 	text6: foreColor = <psychopy.colors.Color: white, alpha=1.0>
46.5746 	EXP 	text6: height = 0.05
46.5746 	EXP 	text6: height = 0.05
46.5746 	EXP 	text6: height = 0.05
46.5746 	EXP 	text6: text = 'slight left'
46.5746 	EXP 	text7: foreColor = <psychopy.colors.Color: white, alpha=1.0>
46.5746 	EXP 	text7: text = 'full right'
46.5746 	EXP 	text8: foreColor = <psychopy.colors.Color: white, alpha=1.0>
46.5746 	EXP 	text8: height = 0.05
46.5746 	EXP 	text8: height = 0.05
46.5746 	EXP 	text8: height = 0.05
46.5746 	EXP 	text8: text = 'full left'
46.5746 	EXP 	num1: foreColor = <psychopy.colors.Color: white, alpha=1.0>
46.5746 	EXP 	num1: text = '1'
46.5746 	EXP 	num2: foreColor = <psychopy.colors.Color: white, alpha=1.0>
46.5746 	EXP 	num2: text = '2'
46.5746 	EXP 	num3: foreColor = <psychopy.colors.Color: white, alpha=1.0>
46.5746 	EXP 	num3: text = '3'
46.5746 	EXP 	num4: foreColor = <psychopy.colors.Color: white, alpha=1.0>
46.5746 	EXP 	num4: text = '4'
46.5746 	EXP 	fixCross: autoDraw = True
46.5746 	EXP 	text1: autoDraw = True
46.5746 	EXP 	text2: autoDraw = True
46.5746 	EXP 	text3: autoDraw = True
46.5746 	EXP 	text4: autoDraw = True
46.5746 	EXP 	text5: autoDraw = True
46.5746 	EXP 	text6: autoDraw = True
46.5746 	EXP 	text7: autoDraw = True
46.5746 	EXP 	text8: autoDraw = True
46.5746 	EXP 	num1: autoDraw = True
46.5746 	EXP 	num2: autoDraw = True
46.5746 	EXP 	num3: autoDraw = True
46.5746 	EXP 	num4: autoDraw = True
47.9436 	DATA 	Keypress: 4
47.9912 	EXP 	fixCross: foreColor = <psychopy.colors.Color: (1.0, 0.0, 1.0, 1.0)>
47.9912 	EXP 	fixCross: borderColor = <psychopy.colors.Color: (1.0, 0.0, 1.0, 1.0)>
47.9912 	EXP 	fixCross: fillColor = <psychopy.colors.Color: (1.0, 0.0, 1.0, 1.0)>
47.9912 	EXP 	text4: foreColor = <psychopy.colors.Color: (1.0, 0.0, 1.0, 1.0)>
47.9912 	EXP 	text8: foreColor = <psychopy.colors.Color: (1.0, 0.0, 1.0, 1.0)>
47.9912 	EXP 	num4: foreColor = <psychopy.colors.Color: (1.0, 0.0, 1.0, 1.0)>
49.5412 	EXP 	fixCross: autoDraw = False
49.5412 	EXP 	text1: autoDraw = False
49.5412 	EXP 	text2: autoDraw = False
49.5412 	EXP 	text3: autoDraw = False
49.5412 	EXP 	text4: autoDraw = False
49.5412 	EXP 	text5: autoDraw = False
49.5412 	EXP 	text6: autoDraw = False
49.5412 	EXP 	text7: autoDraw = False
49.5412 	EXP 	text8: autoDraw = False
49.5412 	EXP 	num1: autoDraw = False
49.5412 	EXP 	num2: autoDraw = False
49.5412 	EXP 	num3: autoDraw = False
49.5412 	EXP 	num4: autoDraw = False
49.5412 	EXP 	fixCross: foreColor = <psychopy.colors.Color: transparent, alpha=1.0>
49.5412 	EXP 	fixCross: borderColor = <psychopy.colors.Color: transparent, alpha=1.0>
49.5412 	EXP 	fixCross: fillColor = <psychopy.colors.Color: transparent, alpha=1.0>
49.5412 	EXP 	fixCrossR: autoDraw = True
51.8425 	EXP 	New trial (rep=0, index=6): {'category': 'shoe', 'orientation': 3, 'taskCue': 'stim//ori2.png', 'stimfile': 'stim//shoe3.png', 'resp1': 'full right', 'resp2': 'full left', 'resp3': 'slight right', 'resp4': 'slight left', 'resp5': 'shoe', 'resp6': 'horse', 'resp7': 'turtle', 'resp8': 'car', 'objFirst': 'False', 'interval': 2.435}
51.8590 	EXP 	fixCrossR: autoDraw = False
51.8590 	EXP 	fixCrossR: autoDraw = False
51.8590 	EXP 	cue: image = 'stim//ori2.png'
51.8590 	EXP 	cue: autoDraw = True
52.8587 	EXP 	Created sequence: random, trialTypes=1, nReps=3, seed=None
52.8593 	EXP 	New trial (rep=0, index=0): None
53.0911 	EXP 	cue: autoDraw = False
53.0911 	EXP 	image: image = 'stim//shoe3.png'
53.0911 	EXP 	image: autoDraw = True
53.0911 	EXP 	fixCrossR_2: autoDraw = True
53.3412 	EXP 	image: autoDraw = False
53.3412 	EXP 	fixCrossR_2: autoDraw = False
53.3412 	EXP 	image: autoDraw = False
53.3412 	EXP 	fixCrossR_2: autoDraw = False
53.3412 	EXP 	fixCrossR_4: autoDraw = True
53.5758 	EXP 	New trial (rep=1, index=0): None
53.7410 	EXP 	fixCrossR_4: autoDraw = False
53.7410 	EXP 	fixCrossR_4: autoDraw = False
53.7410 	EXP 	image: image = 'stim//shoe3.png'
53.7410 	EXP 	image: autoDraw = True
53.7410 	EXP 	fixCrossR_2: autoDraw = True
53.9910 	EXP 	image: autoDraw = False
53.9910 	EXP 	fixCrossR_2: autoDraw = False
53.9910 	EXP 	image: autoDraw = False
53.9910 	EXP 	fixCrossR_2: autoDraw = False
53.9910 	EXP 	fixCrossR_4: autoDraw = True
54.2257 	EXP 	New trial (rep=2, index=0): None
54.5245 	EXP 	fixCrossR_4: autoDraw = False
54.5245 	EXP 	fixCrossR_4: autoDraw = False
54.5245 	EXP 	image: image = 'stim//shoe3.png'
54.5245 	EXP 	image: autoDraw = True
54.5245 	EXP 	fixCrossR_2: autoDraw = True
54.7744 	EXP 	image: autoDraw = False
54.7744 	EXP 	fixCrossR_2: autoDraw = False
54.7744 	EXP 	image: autoDraw = False
54.7744 	EXP 	fixCrossR_2: autoDraw = False
54.7744 	EXP 	fixCrossR_4: autoDraw = True
55.0744 	EXP 	fixCrossR_4: autoDraw = False
55.0744 	EXP 	fixCrossR_4: autoDraw = False
55.0744 	EXP 	fixCross: fillColor = <psychopy.colors.Color: black, alpha=1.0>
55.0744 	EXP 	fixCross: borderColor = <psychopy.colors.Color: black, alpha=1.0>
55.0744 	EXP 	text1: foreColor = <psychopy.colors.Color: white, alpha=1.0>
55.0744 	EXP 	text1: height = 0.05
55.0744 	EXP 	text1: height = 0.05
55.0744 	EXP 	text1: height = 0.05
55.0744 	EXP 	text1: text = 'full right'
55.0744 	EXP 	text2: foreColor = <psychopy.colors.Color: white, alpha=1.0>
55.0744 	EXP 	text2: height = 0.05
55.0744 	EXP 	text2: height = 0.05
55.0744 	EXP 	text2: height = 0.05
55.0744 	EXP 	text2: text = 'full left'
55.0744 	EXP 	text3: foreColor = <psychopy.colors.Color: white, alpha=1.0>
55.0744 	EXP 	text3: height = 0.05
55.0744 	EXP 	text3: height = 0.05
55.0744 	EXP 	text3: height = 0.05
55.0744 	EXP 	text3: text = 'slight right'
55.0744 	EXP 	text4: foreColor = <psychopy.colors.Color: white, alpha=1.0>
55.0744 	EXP 	text4: height = 0.05
55.0744 	EXP 	text4: height = 0.05
55.0744 	EXP 	text4: height = 0.05
55.0744 	EXP 	text4: text = 'slight left'
55.0744 	EXP 	text5: foreColor = <psychopy.colors.Color: white, alpha=1.0>
55.0744 	EXP 	text5: height = 0.05
55.0744 	EXP 	text5: height = 0.05
55.0744 	EXP 	text5: height = 0.05
55.0744 	EXP 	text5: text = 'shoe'
55.0744 	EXP 	text6: foreColor = <psychopy.colors.Color: white, alpha=1.0>
55.0744 	EXP 	text6: height = 0.05
55.0744 	EXP 	text6: height = 0.05
55.0744 	EXP 	text6: height = 0.05
55.0744 	EXP 	text6: text = 'horse'
55.0744 	EXP 	text7: foreColor = <psychopy.colors.Color: white, alpha=1.0>
55.0744 	EXP 	text7: height = 0.05
55.0744 	EXP 	text7: height = 0.05
55.0744 	EXP 	text7: height = 0.05
55.0744 	EXP 	text7: text = 'turtle'
55.0744 	EXP 	text8: foreColor = <psychopy.colors.Color: white, alpha=1.0>
55.0744 	EXP 	text8: height = 0.05
55.0744 	EXP 	text8: height = 0.05
55.0744 	EXP 	text8: height = 0.05
55.0744 	EXP 	text8: text = 'car'
55.0744 	EXP 	num1: foreColor = <psychopy.colors.Color: white, alpha=1.0>
55.0744 	EXP 	num1: text = '1'
55.0744 	EXP 	num2: foreColor = <psychopy.colors.Color: white, alpha=1.0>
55.0744 	EXP 	num2: text = '2'
55.0744 	EXP 	num3: foreColor = <psychopy.colors.Color: white, alpha=1.0>
55.0744 	EXP 	num3: text = '3'
55.0744 	EXP 	num4: foreColor = <psychopy.colors.Color: white, alpha=1.0>
55.0744 	EXP 	num4: text = '4'
55.0744 	EXP 	fixCross: autoDraw = True
55.0744 	EXP 	text1: autoDraw = True
55.0744 	EXP 	text2: autoDraw = True
55.0744 	EXP 	text3: autoDraw = True
55.0744 	EXP 	text4: autoDraw = True
55.0744 	EXP 	text5: autoDraw = True
55.0744 	EXP 	text6: autoDraw = True
55.0744 	EXP 	text7: autoDraw = True
55.0744 	EXP 	text8: autoDraw = True
55.0744 	EXP 	num1: autoDraw = True
55.0744 	EXP 	num2: autoDraw = True
55.0744 	EXP 	num3: autoDraw = True
55.0744 	EXP 	num4: autoDraw = True
56.1260 	DATA 	Keypress: 3
56.1577 	EXP 	fixCross: foreColor = <psychopy.colors.Color: (1.0, 0.0, 1.0, 1.0)>
56.1577 	EXP 	fixCross: borderColor = <psychopy.colors.Color: (1.0, 0.0, 1.0, 1.0)>
56.1577 	EXP 	fixCross: fillColor = <psychopy.colors.Color: (1.0, 0.0, 1.0, 1.0)>
56.1577 	EXP 	text3: foreColor = <psychopy.colors.Color: (1.0, 0.0, 1.0, 1.0)>
56.1577 	EXP 	text7: foreColor = <psychopy.colors.Color: (1.0, 0.0, 1.0, 1.0)>
56.1577 	EXP 	num3: foreColor = <psychopy.colors.Color: (1.0, 0.0, 1.0, 1.0)>
58.0410 	EXP 	fixCross: autoDraw = False
58.0410 	EXP 	text1: autoDraw = False
58.0410 	EXP 	text2: autoDraw = False
58.0410 	EXP 	text3: autoDraw = False
58.0410 	EXP 	text4: autoDraw = False
58.0410 	EXP 	text5: autoDraw = False
58.0410 	EXP 	text6: autoDraw = False
58.0410 	EXP 	text7: autoDraw = False
58.0410 	EXP 	text8: autoDraw = False
58.0410 	EXP 	num1: autoDraw = False
58.0410 	EXP 	num2: autoDraw = False
58.0410 	EXP 	num3: autoDraw = False
58.0410 	EXP 	num4: autoDraw = False
58.0410 	EXP 	fixCross: foreColor = <psychopy.colors.Color: transparent, alpha=1.0>
58.0410 	EXP 	fixCross: borderColor = <psychopy.colors.Color: transparent, alpha=1.0>
58.0410 	EXP 	fixCross: fillColor = <psychopy.colors.Color: transparent, alpha=1.0>
58.0410 	EXP 	fixCrossR: autoDraw = True
60.4757 	EXP 	New trial (rep=0, index=7): {'category': 'car', 'orientation': 2, 'taskCue': 'stim//ori2.png', 'stimfile': 'stim//car2.png', 'resp1': 'turtle', 'resp2': 'car', 'resp3': 'shoe', 'resp4': 'horse', 'resp5': 'slight right', 'resp6': 'full right', 'resp7': 'slight left', 'resp8': 'full left', 'objFirst': 'True', 'interval': 2.551}
60.4910 	EXP 	fixCrossR: autoDraw = False
60.4910 	EXP 	fixCrossR: autoDraw = False
60.4910 	EXP 	cue: image = 'stim//ori2.png'
60.4910 	EXP 	cue: autoDraw = True
61.4758 	EXP 	Created sequence: random, trialTypes=1, nReps=3, seed=None
61.4762 	EXP 	New trial (rep=0, index=0): None
61.6576 	EXP 	cue: autoDraw = False
61.6576 	EXP 	cue: autoDraw = False
61.6576 	EXP 	image: image = 'stim//car2.png'
61.6576 	EXP 	image: autoDraw = True
61.6576 	EXP 	fixCrossR_2: autoDraw = True
61.9077 	EXP 	image: autoDraw = False
61.9077 	EXP 	fixCrossR_2: autoDraw = False
61.9077 	EXP 	image: autoDraw = False
61.9077 	EXP 	fixCrossR_2: autoDraw = False
61.9077 	EXP 	fixCrossR_4: autoDraw = True
62.1425 	EXP 	New trial (rep=1, index=0): None
62.3252 	EXP 	fixCrossR_4: autoDraw = False
62.3252 	EXP 	fixCrossR_4: autoDraw = False
62.3252 	EXP 	image: image = 'stim//car2.png'
62.3252 	EXP 	image: autoDraw = True
62.3252 	EXP 	fixCrossR_2: autoDraw = True
62.5743 	EXP 	image: autoDraw = False
62.5743 	EXP 	fixCrossR_2: autoDraw = False
62.5743 	EXP 	image: autoDraw = False
62.5743 	EXP 	fixCrossR_2: autoDraw = False
62.5743 	EXP 	fixCrossR_4: autoDraw = True
62.8090 	EXP 	New trial (rep=2, index=0): None
63.1075 	EXP 	fixCrossR_4: autoDraw = False
63.1075 	EXP 	fixCrossR_4: autoDraw = False
63.1075 	EXP 	image: image = 'stim//car2.png'
63.1075 	EXP 	image: autoDraw = True
63.1075 	EXP 	fixCrossR_2: autoDraw = True
63.3576 	EXP 	image: autoDraw = False
63.3576 	EXP 	fixCrossR_2: autoDraw = False
63.3576 	EXP 	image: autoDraw = False
63.3576 	EXP 	fixCrossR_2: autoDraw = False
63.3576 	EXP 	fixCrossR_4: autoDraw = True
63.6576 	EXP 	fixCrossR_4: autoDraw = False
63.6576 	EXP 	fixCrossR_4: autoDraw = False
63.6576 	EXP 	fixCross: fillColor = <psychopy.colors.Color: black, alpha=1.0>
63.6576 	EXP 	fixCross: borderColor = <psychopy.colors.Color: black, alpha=1.0>
63.6576 	EXP 	text1: foreColor = <psychopy.colors.Color: white, alpha=1.0>
63.6576 	EXP 	text1: height = 0.05
63.6576 	EXP 	text1: height = 0.05
63.6576 	EXP 	text1: height = 0.05
63.6576 	EXP 	text1: text = 'turtle'
63.6576 	EXP 	text2: foreColor = <psychopy.colors.Color: white, alpha=1.0>
63.6576 	EXP 	text2: height = 0.05
63.6576 	EXP 	text2: height = 0.05
63.6576 	EXP 	text2: height = 0.05
63.6576 	EXP 	text2: text = 'car'
63.6576 	EXP 	text3: foreColor = <psychopy.colors.Color: white, alpha=1.0>
63.6576 	EXP 	text3: height = 0.05
63.6576 	EXP 	text3: height = 0.05
63.6576 	EXP 	text3: height = 0.05
63.6576 	EXP 	text3: text = 'shoe'
63.6576 	EXP 	text4: foreColor = <psychopy.colors.Color: white, alpha=1.0>
63.6576 	EXP 	text4: height = 0.05
63.6576 	EXP 	text4: height = 0.05
63.6576 	EXP 	text4: height = 0.05
63.6576 	EXP 	text4: text = 'horse'
63.6576 	EXP 	text5: foreColor = <psychopy.colors.Color: white, alpha=1.0>
63.6576 	EXP 	text5: height = 0.05
63.6576 	EXP 	text5: height = 0.05
63.6576 	EXP 	text5: height = 0.05
63.6576 	EXP 	text5: text = 'slight right'
63.6576 	EXP 	text6: foreColor = <psychopy.colors.Color: white, alpha=1.0>
63.6576 	EXP 	text6: height = 0.05
63.6576 	EXP 	text6: height = 0.05
63.6576 	EXP 	text6: height = 0.05
63.6576 	EXP 	text6: text = 'full right'
63.6576 	EXP 	text7: foreColor = <psychopy.colors.Color: white, alpha=1.0>
63.6576 	EXP 	text7: height = 0.05
63.6576 	EXP 	text7: height = 0.05
63.6576 	EXP 	text7: height = 0.05
63.6576 	EXP 	text7: text = 'slight left'
63.6576 	EXP 	text8: foreColor = <psychopy.colors.Color: white, alpha=1.0>
63.6576 	EXP 	text8: height = 0.05
63.6576 	EXP 	text8: height = 0.05
63.6576 	EXP 	text8: height = 0.05
63.6576 	EXP 	text8: text = 'full left'
63.6576 	EXP 	num1: foreColor = <psychopy.colors.Color: white, alpha=1.0>
63.6576 	EXP 	num1: text = '1'
63.6576 	EXP 	num2: foreColor = <psychopy.colors.Color: white, alpha=1.0>
63.6576 	EXP 	num2: text = '2'
63.6576 	EXP 	num3: foreColor = <psychopy.colors.Color: white, alpha=1.0>
63.6576 	EXP 	num3: text = '3'
63.6576 	EXP 	num4: foreColor = <psychopy.colors.Color: white, alpha=1.0>
63.6576 	EXP 	num4: text = '4'
63.6576 	EXP 	fixCross: autoDraw = True
63.6576 	EXP 	text1: autoDraw = True
63.6576 	EXP 	text2: autoDraw = True
63.6576 	EXP 	text3: autoDraw = True
63.6576 	EXP 	text4: autoDraw = True
63.6576 	EXP 	text5: autoDraw = True
63.6576 	EXP 	text6: autoDraw = True
63.6576 	EXP 	text7: autoDraw = True
63.6576 	EXP 	text8: autoDraw = True
63.6576 	EXP 	num1: autoDraw = True
63.6576 	EXP 	num2: autoDraw = True
63.6576 	EXP 	num3: autoDraw = True
63.6576 	EXP 	num4: autoDraw = True
65.3794 	DATA 	Keypress: 2
65.4242 	EXP 	fixCross: foreColor = <psychopy.colors.Color: (1.0, 0.0, 1.0, 1.0)>
65.4242 	EXP 	fixCross: borderColor = <psychopy.colors.Color: (1.0, 0.0, 1.0, 1.0)>
65.4242 	EXP 	fixCross: fillColor = <psychopy.colors.Color: (1.0, 0.0, 1.0, 1.0)>
65.4242 	EXP 	text2: foreColor = <psychopy.colors.Color: (1.0, 0.0, 1.0, 1.0)>
65.4242 	EXP 	text6: foreColor = <psychopy.colors.Color: (1.0, 0.0, 1.0, 1.0)>
65.4242 	EXP 	num2: foreColor = <psychopy.colors.Color: (1.0, 0.0, 1.0, 1.0)>
66.6409 	EXP 	fixCross: autoDraw = False
66.6409 	EXP 	text1: autoDraw = False
66.6409 	EXP 	text2: autoDraw = False
66.6409 	EXP 	text3: autoDraw = False
66.6409 	EXP 	text4: autoDraw = False
66.6409 	EXP 	text5: autoDraw = False
66.6409 	EXP 	text6: autoDraw = False
66.6409 	EXP 	text7: autoDraw = False
66.6409 	EXP 	text8: autoDraw = False
66.6409 	EXP 	num1: autoDraw = False
66.6409 	EXP 	num2: autoDraw = False
66.6409 	EXP 	num3: autoDraw = False
66.6409 	EXP 	num4: autoDraw = False
66.6409 	EXP 	fixCross: foreColor = <psychopy.colors.Color: transparent, alpha=1.0>
66.6409 	EXP 	fixCross: borderColor = <psychopy.colors.Color: transparent, alpha=1.0>
66.6409 	EXP 	fixCross: fillColor = <psychopy.colors.Color: transparent, alpha=1.0>
66.6409 	EXP 	fixCrossR: autoDraw = True
69.1921 	EXP 	New trial (rep=0, index=8): {'category': 'shoe', 'orientation': 3, 'taskCue': 'stim//ori1.png', 'stimfile': 'stim//shoe3.png', 'resp1': 'turtle', 'resp2': 'horse', 'resp3': 'car', 'resp4': 'shoe', 'resp5': 'slight left', 'resp6': 'full left', 'resp7': 'full right', 'resp8': 'slight right', 'objFirst': 'True', 'interval': 3.037}
69.2242 	EXP 	fixCrossR: autoDraw = False
69.2242 	EXP 	fixCrossR: autoDraw = False
69.2242 	EXP 	cue: image = 'stim//ori1.png'
69.2242 	EXP 	cue: autoDraw = True
70.2083 	EXP 	Created sequence: random, trialTypes=1, nReps=3, seed=None
70.2088 	EXP 	New trial (rep=0, index=0): None
70.3759 	EXP 	cue: autoDraw = False
70.3759 	EXP 	image: image = 'stim//shoe3.png'
70.3759 	EXP 	image: autoDraw = True
70.3759 	EXP 	fixCrossR_2: autoDraw = True
70.6269 	EXP 	image: autoDraw = False
70.6269 	EXP 	fixCrossR_2: autoDraw = False
70.6269 	EXP 	image: autoDraw = False
70.6269 	EXP 	fixCrossR_2: autoDraw = False
70.6269 	EXP 	fixCrossR_4: autoDraw = True
70.8615 	EXP 	New trial (rep=1, index=0): None
71.0244 	EXP 	fixCrossR_4: autoDraw = False
71.0244 	EXP 	fixCrossR_4: autoDraw = False
71.0244 	EXP 	image: image = 'stim//shoe3.png'
71.0244 	EXP 	image: autoDraw = True
71.0244 	EXP 	fixCrossR_2: autoDraw = True
71.2767 	EXP 	image: autoDraw = False
71.2767 	EXP 	fixCrossR_2: autoDraw = False
71.2767 	EXP 	image: autoDraw = False
71.2767 	EXP 	fixCrossR_2: autoDraw = False
71.2767 	EXP 	fixCrossR_4: autoDraw = True
71.5114 	EXP 	New trial (rep=2, index=0): None
71.7910 	EXP 	fixCrossR_4: autoDraw = False
71.7910 	EXP 	fixCrossR_4: autoDraw = False
71.7910 	EXP 	image: image = 'stim//shoe3.png'
71.7910 	EXP 	image: autoDraw = True
71.7910 	EXP 	fixCrossR_2: autoDraw = True
72.0409 	EXP 	image: autoDraw = False
72.0409 	EXP 	fixCrossR_2: autoDraw = False
72.0409 	EXP 	image: autoDraw = False
72.0409 	EXP 	fixCrossR_2: autoDraw = False
72.0409 	EXP 	fixCrossR_4: autoDraw = True
72.3408 	EXP 	fixCrossR_4: autoDraw = False
72.3408 	EXP 	fixCrossR_4: autoDraw = False
72.3408 	EXP 	fixCross: fillColor = <psychopy.colors.Color: black, alpha=1.0>
72.3408 	EXP 	fixCross: borderColor = <psychopy.colors.Color: black, alpha=1.0>
72.3408 	EXP 	text1: foreColor = <psychopy.colors.Color: white, alpha=1.0>
72.3408 	EXP 	text1: text = 'turtle'
72.3408 	EXP 	text2: foreColor = <psychopy.colors.Color: white, alpha=1.0>
72.3408 	EXP 	text2: height = 0.05
72.3408 	EXP 	text2: height = 0.05
72.3408 	EXP 	text2: height = 0.05
72.3408 	EXP 	text2: text = 'horse'
72.3408 	EXP 	text3: foreColor = <psychopy.colors.Color: white, alpha=1.0>
72.3408 	EXP 	text3: height = 0.05
72.3408 	EXP 	text3: height = 0.05
72.3408 	EXP 	text3: height = 0.05
72.3408 	EXP 	text3: text = 'car'
72.3408 	EXP 	text4: foreColor = <psychopy.colors.Color: white, alpha=1.0>
72.3408 	EXP 	text4: height = 0.05
72.3408 	EXP 	text4: height = 0.05
72.3408 	EXP 	text4: height = 0.05
72.3408 	EXP 	text4: text = 'shoe'
72.3408 	EXP 	text5: foreColor = <psychopy.colors.Color: white, alpha=1.0>
72.3408 	EXP 	text5: height = 0.05
72.3408 	EXP 	text5: height = 0.05
72.3408 	EXP 	text5: height = 0.05
72.3408 	EXP 	text5: text = 'slight left'
72.3408 	EXP 	text6: foreColor = <psychopy.colors.Color: white, alpha=1.0>
72.3408 	EXP 	text6: height = 0.05
72.3408 	EXP 	text6: height = 0.05
72.3408 	EXP 	text6: height = 0.05
72.3408 	EXP 	text6: text = 'full left'
72.3408 	EXP 	text7: foreColor = <psychopy.colors.Color: white, alpha=1.0>
72.3408 	EXP 	text7: height = 0.05
72.3408 	EXP 	text7: height = 0.05
72.3408 	EXP 	text7: height = 0.05
72.3408 	EXP 	text7: text = 'full right'
72.3408 	EXP 	text8: foreColor = <psychopy.colors.Color: white, alpha=1.0>
72.3408 	EXP 	text8: height = 0.05
72.3408 	EXP 	text8: height = 0.05
72.3408 	EXP 	text8: height = 0.05
72.3408 	EXP 	text8: text = 'slight right'
72.3408 	EXP 	num1: foreColor = <psychopy.colors.Color: white, alpha=1.0>
72.3408 	EXP 	num1: text = '1'
72.3408 	EXP 	num2: foreColor = <psychopy.colors.Color: white, alpha=1.0>
72.3408 	EXP 	num2: text = '2'
72.3408 	EXP 	num3: foreColor = <psychopy.colors.Color: white, alpha=1.0>
72.3408 	EXP 	num3: text = '3'
72.3408 	EXP 	num4: foreColor = <psychopy.colors.Color: white, alpha=1.0>
72.3408 	EXP 	num4: text = '4'
72.3408 	EXP 	fixCross: autoDraw = True
72.3408 	EXP 	text1: autoDraw = True
72.3408 	EXP 	text2: autoDraw = True
72.3408 	EXP 	text3: autoDraw = True
72.3408 	EXP 	text4: autoDraw = True
72.3408 	EXP 	text5: autoDraw = True
72.3408 	EXP 	text6: autoDraw = True
72.3408 	EXP 	text7: autoDraw = True
72.3408 	EXP 	text8: autoDraw = True
72.3408 	EXP 	num1: autoDraw = True
72.3408 	EXP 	num2: autoDraw = True
72.3408 	EXP 	num3: autoDraw = True
72.3408 	EXP 	num4: autoDraw = True
73.7299 	DATA 	Keypress: 4
73.7740 	EXP 	fixCross: foreColor = <psychopy.colors.Color: (1.0, 0.0, 1.0, 1.0)>
73.7740 	EXP 	fixCross: borderColor = <psychopy.colors.Color: (1.0, 0.0, 1.0, 1.0)>
73.7740 	EXP 	fixCross: fillColor = <psychopy.colors.Color: (1.0, 0.0, 1.0, 1.0)>
73.7740 	EXP 	text4: foreColor = <psychopy.colors.Color: (1.0, 0.0, 1.0, 1.0)>
73.7740 	EXP 	text8: foreColor = <psychopy.colors.Color: (1.0, 0.0, 1.0, 1.0)>
73.7740 	EXP 	num4: foreColor = <psychopy.colors.Color: (1.0, 0.0, 1.0, 1.0)>
74.9925 	DATA 	Keypress: escape
75.1760 	EXP 	pilotv1: status = STOPPED
75.1908 	EXP 	fixCross: autoDraw = False
75.1908 	EXP 	text1: autoDraw = False
75.1908 	EXP 	text2: autoDraw = False
75.1908 	EXP 	text3: autoDraw = False
75.1908 	EXP 	text4: autoDraw = False
75.1908 	EXP 	text5: autoDraw = False
75.1908 	EXP 	text6: autoDraw = False
75.1908 	EXP 	text7: autoDraw = False
75.1908 	EXP 	text8: autoDraw = False
75.1908 	EXP 	num1: autoDraw = False
75.1908 	EXP 	num2: autoDraw = False
75.1908 	EXP 	num3: autoDraw = False
75.1908 	EXP 	num4: autoDraw = False
75.1910 	EXP 	pilotv1: status = STOPPED
75.3929 	EXP 	window1: mouseVisible = True
