1.0706 	WARNING 	We strongly recommend you activate the PTB sound engine in PsychoPy prefs as the preferred audio engine. Its timing is vastly superior. Your prefs are currently set to use ['sounddevice', 'PTB', 'pyo', 'pygame'] (in that order).
7.0846 	WARNING 	User requested fullscreen with size [1024  768], but screen is actually [1920, 1080]. Using actual size
7.7388 	EXP 	Created window1 = Window(allowGUI=False, allowStencil=False, autoLog=True, backendConf=UNKNOWN, bitsMode=UNKNOWN, blendMode='avg', bpc=(8, 8, 8), color=array([0, 0, 0]), colorSpace='rgb', depthBits=8, fullscr=<method-wrapper '__getattribute__' of attributeSetter object at 0x000002AC8F18C040>, gamma=None, gammaErrorPolicy='raise', lms=UNKNOWN, monitor=<psychopy.monitors.calibTools.Monitor object at 0x000002AC8FDFDA30>, multiSample=False, name='window1', numSamples=2, pos=(-1920, 0), screen=0, size=array([1920, 1080]), stencilBits=0, stereo=False, units='height', useFBO=True, useRetina=False, viewOri=0.0, viewPos=None, viewScale=None, waitBlanking=True, winType='pyglet')
7.7388 	EXP 	window1: mouseVisible = True
7.7389 	EXP 	window1: Attempting to measure frame rate of screen (0) ...
7.7389 	EXP 	window1: recordFrameIntervals = False
7.9044 	EXP 	window1: recordFrameIntervals = True
8.0887 	EXP 	Screen (0) actual frame rate measured at 60.00Hz
8.0887 	EXP 	window1: recordFrameIntervals = False
9.4477 	EXP 	Created text = TextStim(__class__=<class 'psychopy.visual.text.TextStim'>, alignHoriz=method-wrapper(...), alignText='center', alignVert=method-wrapper(...), anchorHoriz='center', anchorVert='center', antialias=True, autoDraw=False, autoLog=True, bold=False, color=array([1., 1., 1.]), colorSpace='rgb', contrast=1.0, depth=0.0, flipHoriz=False, flipVert=False, font='Open Sans', fontFiles=[], height=0.05, italic=False, languageStyle='LTR', name='text', opacity=1.0, ori=0.0, pos=array([0., 0.]), rgb=UNKNOWN, text='The experiment will begin soon.', units='height', win=Window(...), wrapWidth=1)
9.4506 	EXP 	Created image = ImageStim(__class__=<class 'psychopy.visual.image.ImageStim'>, anchor=('center', 'center'), autoLog=True, color=array([1., 1., 1.]), colorSpace='rgb', contrast=1.0, depth=0.0, flipHoriz=False, flipVert=False, image='sin', interpolate=True, mask=None, maskParams=None, name='image', opacity=1.0, ori=0.0, pos=array([0., 0.]), size=array([0.5, 0.5]), texRes=128.0, units='height', win=Window(...))
9.4529 	EXP 	Created fixCrossR_2 = ShapeStim(__class__=<class 'psychopy.visual.shape.ShapeStim'>, anchor=('center', 'center'), autoDraw=False, autoLog=True, closeShape=True, color=method-wrapper(...), colorSpace='rgb', contrast=None, depth=-1.0, fillColor=array([-1, -1, -1]), fillColorSpace='rgb', fillRGB=array([-1, -1, -1]), interpolate=True, lineColor=array([-1., -1., -1.]), lineColorSpace='rgb', lineRGB=array([-1, -1, -1]), lineWidth=1.0, name='fixCrossR_2', opacity=1.0, ori=0.0, pos=array([0., 0.]), size=array([0.02, 0.02]), units='height', vertices=ndarray(...), win=Window(...), windingRule=None)
9.4545 	EXP 	Created fixCrossR_4 = ShapeStim(__class__=<class 'psychopy.visual.shape.ShapeStim'>, anchor=('center', 'center'), autoDraw=False, autoLog=True, closeShape=True, color=method-wrapper(...), colorSpace='rgb', contrast=None, depth=0.0, fillColor=array([-1, -1, -1]), fillColorSpace='rgb', fillRGB=array([-1, -1, -1]), interpolate=True, lineColor=array([-1., -1., -1.]), lineColorSpace='rgb', lineRGB=array([-1, -1, -1]), lineWidth=1.0, name='fixCrossR_4', opacity=1.0, ori=0.0, pos=array([0., 0.]), size=array([0.02, 0.02]), units='height', vertices=ndarray(...), win=Window(...), windingRule=None)
9.4560 	EXP 	Created fixCrossR_3 = ShapeStim(__class__=<class 'psychopy.visual.shape.ShapeStim'>, anchor=('center', 'center'), autoDraw=False, autoLog=True, closeShape=True, color=method-wrapper(...), colorSpace='rgb', contrast=None, depth=0.0, fillColor=array([-1, -1, -1]), fillColorSpace='rgb', fillRGB=array([-1, -1, -1]), interpolate=True, lineColor=array([-1., -1., -1.]), lineColorSpace='rgb', lineRGB=array([-1, -1, -1]), lineWidth=1.0, name='fixCrossR_3', opacity=1.0, ori=0.0, pos=array([0., 0.]), size=array([0.02, 0.02]), units='height', vertices=ndarray(...), win=Window(...), windingRule=None)
9.4623 	EXP 	Created cat = TextStim(__class__=<class 'psychopy.visual.text.TextStim'>, alignHoriz=method-wrapper(...), alignText='center', alignVert=method-wrapper(...), anchorHoriz='center', anchorVert='center', antialias=True, autoDraw=False, autoLog=True, bold=False, color=array([1., 1., 1.]), colorSpace='rgb', contrast=1.0, depth=-1.0, flipHoriz=False, flipVert=False, font='Open Sans', fontFiles=[], height=0.05, italic=False, languageStyle='LTR', name='cat', opacity=1.0, ori=0.0, pos=array([-0.6,  0.1]), rgb=UNKNOWN, text='cat', units='norm', win=Window(...), wrapWidth=1)
9.4675 	EXP 	Created turtle = TextStim(__class__=<class 'psychopy.visual.text.TextStim'>, alignHoriz=method-wrapper(...), alignText='center', alignVert=method-wrapper(...), anchorHoriz='center', anchorVert='center', antialias=True, autoDraw=False, autoLog=True, bold=False, color=array([1., 1., 1.]), colorSpace='rgb', contrast=1.0, depth=-2.0, flipHoriz=False, flipVert=False, font='Open Sans', fontFiles=[], height=0.05, italic=False, languageStyle='LTR', name='turtle', opacity=1.0, ori=0.0, pos=array([0.2, 0.1]), rgb=UNKNOWN, text='turtle', units='norm', win=Window(...), wrapWidth=1)
9.4705 	EXP 	Created auto = TextStim(__class__=<class 'psychopy.visual.text.TextStim'>, alignHoriz=method-wrapper(...), alignText='center', alignVert=method-wrapper(...), anchorHoriz='center', anchorVert='center', antialias=True, autoDraw=False, autoLog=True, bold=False, color=array([1., 1., 1.]), colorSpace='rgb', contrast=1.0, depth=-3.0, flipHoriz=False, flipVert=False, font='Open Sans', fontFiles=[], height=0.05, italic=False, languageStyle='LTR', name='auto', opacity=1.0, ori=0.0, pos=array([-0.2, -0.1]), rgb=UNKNOWN, text='auto', units='norm', win=Window(...), wrapWidth=1)
9.4745 	EXP 	Created hand = TextStim(__class__=<class 'psychopy.visual.text.TextStim'>, alignHoriz=method-wrapper(...), alignText='center', alignVert=method-wrapper(...), anchorHoriz='center', anchorVert='center', antialias=True, autoDraw=False, autoLog=True, bold=False, color=array([1., 1., 1.]), colorSpace='rgb', contrast=1.0, depth=-4.0, flipHoriz=False, flipVert=False, font='Open Sans', fontFiles=[], height=0.05, italic=False, languageStyle='LTR', name='hand', opacity=1.0, ori=0.0, pos=array([ 0.6, -0.1]), rgb=UNKNOWN, text='hand', units='norm', win=Window(...), wrapWidth=1)
9.4788 	EXP 	Created farleft = TextStim(__class__=<class 'psychopy.visual.text.TextStim'>, alignHoriz=method-wrapper(...), alignText='center', alignVert=method-wrapper(...), anchorHoriz='center', anchorVert='center', antialias=True, autoDraw=False, autoLog=True, bold=False, color=array([1., 1., 1.]), colorSpace='rgb', contrast=1.0, depth=-5.0, flipHoriz=False, flipVert=False, font='Open Sans', fontFiles=[], height=0.05, italic=False, languageStyle='LTR', name='farleft', opacity=1.0, ori=0.0, pos=array([-0.6, -0.1]), rgb=UNKNOWN, text='far left', units='norm', win=Window(...), wrapWidth=1)
9.4825 	EXP 	Created farright = TextStim(__class__=<class 'psychopy.visual.text.TextStim'>, alignHoriz=method-wrapper(...), alignText='center', alignVert=method-wrapper(...), anchorHoriz='center', anchorVert='center', antialias=True, autoDraw=False, autoLog=True, bold=False, color=array([1., 1., 1.]), colorSpace='rgb', contrast=1.0, depth=-6.0, flipHoriz=False, flipVert=False, font='Open Sans', fontFiles=[], height=0.05, italic=False, languageStyle='LTR', name='farright', opacity=1.0, ori=0.0, pos=array([0.6, 0.1]), rgb=UNKNOWN, text='far right', units='norm', win=Window(...), wrapWidth=1)
9.4852 	EXP 	Created nearleft = TextStim(__class__=<class 'psychopy.visual.text.TextStim'>, alignHoriz=method-wrapper(...), alignText='center', alignVert=method-wrapper(...), anchorHoriz='center', anchorVert='center', antialias=True, autoDraw=False, autoLog=True, bold=False, color=array([1., 1., 1.]), colorSpace='rgb', contrast=1.0, depth=-7.0, flipHoriz=False, flipVert=False, font='Open Sans', fontFiles=[], height=0.05, italic=False, languageStyle='LTR', name='nearleft', opacity=1.0, ori=0.0, pos=array([ 0.2, -0.1]), rgb=UNKNOWN, text='near left', units='norm', win=Window(...), wrapWidth=1)
9.4880 	EXP 	Created nearright = TextStim(__class__=<class 'psychopy.visual.text.TextStim'>, alignHoriz=method-wrapper(...), alignText='center', alignVert=method-wrapper(...), anchorHoriz='center', anchorVert='center', antialias=True, autoDraw=False, autoLog=True, bold=False, color=array([1., 1., 1.]), colorSpace='rgb', contrast=1.0, depth=-8.0, flipHoriz=False, flipVert=False, font='Open Sans', fontFiles=[], height=0.05, italic=False, languageStyle='LTR', name='nearright', opacity=1.0, ori=0.0, pos=array([-0.2,  0.1]), rgb=UNKNOWN, text='near right', units='norm', win=Window(...), wrapWidth=1)
9.4898 	EXP 	Created fixCrossR = ShapeStim(__class__=<class 'psychopy.visual.shape.ShapeStim'>, anchor=('center', 'center'), autoDraw=False, autoLog=True, closeShape=True, color=method-wrapper(...), colorSpace='rgb', contrast=None, depth=0.0, fillColor=array([-1, -1, -1]), fillColorSpace='rgb', fillRGB=array([-1, -1, -1]), interpolate=True, lineColor=array([-1., -1., -1.]), lineColorSpace='rgb', lineRGB=array([-1, -1, -1]), lineWidth=1.0, name='fixCrossR', opacity=1.0, ori=0.0, pos=array([0., 0.]), size=array([0.02, 0.02]), units='height', vertices=ndarray(...), win=Window(...), windingRule=None)
9.4930 	DATA 	Keypress: lalt
9.5050 	EXP 	text: autoDraw = True
10.5026 	EXP 	Imported rootDesignMatrix.xlsx as conditions, 64 conditions, 4 params
10.5036 	EXP 	Created sequence: sequential, trialTypes=64, nReps=1, seed=None
10.5038 	EXP 	New trial (rep=0, index=0): {'category': 'cat', 'orientation': 1, 'taskOrientation': 1, 'stimfile': 'stim//cat1.png'}
10.5040 	EXP 	Created sequence: random, trialTypes=1, nReps=3, seed=None
10.5041 	EXP 	New trial (rep=0, index=0): None
10.7235 	EXP 	text: autoDraw = False
10.7235 	EXP 	text: autoDraw = False
10.7235 	EXP 	image: image = 'stim//cat1.png'
10.7235 	EXP 	image: autoDraw = True
10.7235 	EXP 	fixCrossR_2: autoDraw = True
10.7567 	EXP 	image: autoDraw = False
10.7567 	EXP 	fixCrossR_2: autoDraw = False
10.7567 	EXP 	fixCrossR_4: autoDraw = True
10.9910 	EXP 	New trial (rep=1, index=0): None
11.1083 	EXP 	fixCrossR_4: autoDraw = False
11.1083 	EXP 	image: image = 'stim//cat1.png'
11.1083 	EXP 	image: autoDraw = True
11.1083 	EXP 	fixCrossR_2: autoDraw = True
11.2573 	EXP 	image: autoDraw = False
11.2573 	EXP 	fixCrossR_2: autoDraw = False
11.2573 	EXP 	fixCrossR_4: autoDraw = True
11.4917 	EXP 	New trial (rep=2, index=0): None
11.6067 	EXP 	fixCrossR_4: autoDraw = False
11.6067 	EXP 	image: image = 'stim//cat1.png'
11.6067 	EXP 	image: autoDraw = True
11.6067 	EXP 	fixCrossR_2: autoDraw = True
11.7577 	EXP 	image: autoDraw = False
11.7577 	EXP 	fixCrossR_2: autoDraw = False
11.7577 	EXP 	fixCrossR_4: autoDraw = True
12.0078 	EXP 	fixCrossR_4: autoDraw = False
12.0078 	EXP 	fixCrossR_3: autoDraw = True
12.0078 	EXP 	cat: autoDraw = True
12.0078 	EXP 	turtle: autoDraw = True
12.0078 	EXP 	auto: autoDraw = True
12.0078 	EXP 	hand: autoDraw = True
12.0078 	EXP 	farleft: autoDraw = True
12.0078 	EXP 	farright: autoDraw = True
12.0078 	EXP 	nearleft: autoDraw = True
12.0078 	EXP 	nearright: autoDraw = True
13.2520 	DATA 	Mouse: Left button down, pos=(1144,173)
13.3485 	DATA 	Mouse:  Left button up, pos=(1139,174)
13.4941 	EXP 	New trial (rep=0, index=1): {'category': 'cat', 'orientation': 1, 'taskOrientation': 0, 'stimfile': 'stim//cat1.png'}
13.4945 	EXP 	Created sequence: random, trialTypes=1, nReps=3, seed=None
13.4946 	EXP 	New trial (rep=0, index=0): None
13.5943 	DATA 	Keypress: 1
13.6081 	EXP 	fixCrossR_3: autoDraw = False
13.6081 	EXP 	cat: autoDraw = False
13.6081 	EXP 	turtle: autoDraw = False
13.6081 	EXP 	auto: autoDraw = False
13.6081 	EXP 	hand: autoDraw = False
13.6081 	EXP 	farleft: autoDraw = False
13.6081 	EXP 	farright: autoDraw = False
13.6081 	EXP 	nearleft: autoDraw = False
13.6081 	EXP 	nearright: autoDraw = False
13.6081 	EXP 	image: image = 'stim//cat1.png'
13.6081 	EXP 	image: autoDraw = True
13.6081 	EXP 	fixCrossR_2: autoDraw = True
13.8583 	EXP 	image: autoDraw = False
13.8583 	EXP 	fixCrossR_2: autoDraw = False
13.8583 	EXP 	image: autoDraw = False
13.8583 	EXP 	fixCrossR_2: autoDraw = False
13.8583 	EXP 	fixCrossR_4: autoDraw = True
14.0926 	EXP 	New trial (rep=1, index=0): None
14.2086 	EXP 	fixCrossR_4: autoDraw = False
14.2086 	EXP 	fixCrossR_4: autoDraw = False
14.2086 	EXP 	image: image = 'stim//cat1.png'
14.2086 	EXP 	image: autoDraw = True
14.2086 	EXP 	fixCrossR_2: autoDraw = True
14.4591 	EXP 	image: autoDraw = False
14.4591 	EXP 	fixCrossR_2: autoDraw = False
14.4591 	EXP 	image: autoDraw = False
14.4591 	EXP 	fixCrossR_2: autoDraw = False
14.4591 	EXP 	fixCrossR_4: autoDraw = True
14.6941 	EXP 	New trial (rep=2, index=0): None
14.8093 	EXP 	fixCrossR_4: autoDraw = False
14.8093 	EXP 	fixCrossR_4: autoDraw = False
14.8093 	EXP 	image: image = 'stim//cat1.png'
14.8093 	EXP 	image: autoDraw = True
14.8093 	EXP 	fixCrossR_2: autoDraw = True
15.0596 	EXP 	image: autoDraw = False
15.0596 	EXP 	fixCrossR_2: autoDraw = False
15.0596 	EXP 	image: autoDraw = False
15.0596 	EXP 	fixCrossR_2: autoDraw = False
15.0596 	EXP 	fixCrossR_4: autoDraw = True
15.3098 	EXP 	fixCrossR_4: autoDraw = False
15.3098 	EXP 	fixCrossR_4: autoDraw = False
15.3098 	EXP 	fixCrossR_3: autoDraw = True
15.3098 	EXP 	cat: autoDraw = True
15.3098 	EXP 	turtle: autoDraw = True
15.3098 	EXP 	auto: autoDraw = True
15.3098 	EXP 	hand: autoDraw = True
15.3098 	EXP 	farleft: autoDraw = True
15.3098 	EXP 	farright: autoDraw = True
15.3098 	EXP 	nearleft: autoDraw = True
15.3098 	EXP 	nearright: autoDraw = True
15.6832 	DATA 	Keypress: 5
15.6958 	EXP 	New trial (rep=0, index=2): {'category': 'cat', 'orientation': 2, 'taskOrientation': 1, 'stimfile': 'stim//cat2.png'}
15.6961 	EXP 	Created sequence: random, trialTypes=1, nReps=3, seed=None
15.6962 	EXP 	New trial (rep=0, index=0): None
15.8099 	EXP 	fixCrossR_3: autoDraw = False
15.8099 	EXP 	cat: autoDraw = False
15.8099 	EXP 	turtle: autoDraw = False
15.8099 	EXP 	auto: autoDraw = False
15.8099 	EXP 	hand: autoDraw = False
15.8099 	EXP 	farleft: autoDraw = False
15.8099 	EXP 	farright: autoDraw = False
15.8099 	EXP 	nearleft: autoDraw = False
15.8099 	EXP 	nearright: autoDraw = False
15.8099 	EXP 	image: image = 'stim//cat2.png'
15.8099 	EXP 	image: autoDraw = True
15.8099 	EXP 	fixCrossR_2: autoDraw = True
16.0604 	EXP 	image: autoDraw = False
16.0604 	EXP 	fixCrossR_2: autoDraw = False
16.0604 	EXP 	image: autoDraw = False
16.0604 	EXP 	fixCrossR_2: autoDraw = False
16.0604 	EXP 	fixCrossR_4: autoDraw = True
16.2949 	EXP 	New trial (rep=1, index=0): None
16.4106 	EXP 	fixCrossR_4: autoDraw = False
16.4106 	EXP 	fixCrossR_4: autoDraw = False
16.4106 	EXP 	image: image = 'stim//cat2.png'
16.4106 	EXP 	image: autoDraw = True
16.4106 	EXP 	fixCrossR_2: autoDraw = True
16.6605 	EXP 	image: autoDraw = False
16.6605 	EXP 	fixCrossR_2: autoDraw = False
16.6605 	EXP 	image: autoDraw = False
16.6605 	EXP 	fixCrossR_2: autoDraw = False
16.6605 	EXP 	fixCrossR_4: autoDraw = True
16.8955 	EXP 	New trial (rep=2, index=0): None
17.0110 	EXP 	fixCrossR_4: autoDraw = False
17.0110 	EXP 	fixCrossR_4: autoDraw = False
17.0110 	EXP 	image: image = 'stim//cat2.png'
17.0110 	EXP 	image: autoDraw = True
17.0110 	EXP 	fixCrossR_2: autoDraw = True
17.2610 	EXP 	image: autoDraw = False
17.2610 	EXP 	fixCrossR_2: autoDraw = False
17.2610 	EXP 	image: autoDraw = False
17.2610 	EXP 	fixCrossR_2: autoDraw = False
17.2610 	EXP 	fixCrossR_4: autoDraw = True
17.5115 	EXP 	fixCrossR_4: autoDraw = False
17.5115 	EXP 	fixCrossR_4: autoDraw = False
17.5115 	EXP 	fixCrossR_3: autoDraw = True
17.5115 	EXP 	cat: autoDraw = True
17.5115 	EXP 	turtle: autoDraw = True
17.5115 	EXP 	auto: autoDraw = True
17.5115 	EXP 	hand: autoDraw = True
17.5115 	EXP 	farleft: autoDraw = True
17.5115 	EXP 	farright: autoDraw = True
17.5115 	EXP 	nearleft: autoDraw = True
17.5115 	EXP 	nearright: autoDraw = True
17.9474 	EXP 	New trial (rep=0, index=3): {'category': 'cat', 'orientation': 2, 'taskOrientation': 0, 'stimfile': 'stim//cat2.png'}
17.9477 	EXP 	Created sequence: random, trialTypes=1, nReps=3, seed=None
17.9478 	EXP 	New trial (rep=0, index=0): None
18.0554 	DATA 	Keypress: 2
18.0625 	EXP 	fixCrossR_3: autoDraw = False
18.0625 	EXP 	cat: autoDraw = False
18.0625 	EXP 	turtle: autoDraw = False
18.0625 	EXP 	auto: autoDraw = False
18.0625 	EXP 	hand: autoDraw = False
18.0625 	EXP 	farleft: autoDraw = False
18.0625 	EXP 	farright: autoDraw = False
18.0625 	EXP 	nearleft: autoDraw = False
18.0625 	EXP 	nearright: autoDraw = False
18.0625 	EXP 	image: image = 'stim//cat2.png'
18.0625 	EXP 	image: autoDraw = True
18.0625 	EXP 	fixCrossR_2: autoDraw = True
18.3121 	EXP 	image: autoDraw = False
18.3121 	EXP 	fixCrossR_2: autoDraw = False
18.3121 	EXP 	image: autoDraw = False
18.3121 	EXP 	fixCrossR_2: autoDraw = False
18.3121 	EXP 	fixCrossR_4: autoDraw = True
18.5467 	EXP 	New trial (rep=1, index=0): None
18.6626 	EXP 	fixCrossR_4: autoDraw = False
18.6626 	EXP 	fixCrossR_4: autoDraw = False
18.6626 	EXP 	image: image = 'stim//cat2.png'
18.6626 	EXP 	image: autoDraw = True
18.6626 	EXP 	fixCrossR_2: autoDraw = True
18.9127 	EXP 	image: autoDraw = False
18.9127 	EXP 	fixCrossR_2: autoDraw = False
18.9127 	EXP 	image: autoDraw = False
18.9127 	EXP 	fixCrossR_2: autoDraw = False
18.9127 	EXP 	fixCrossR_4: autoDraw = True
19.1471 	EXP 	New trial (rep=2, index=0): None
19.2630 	EXP 	fixCrossR_4: autoDraw = False
19.2630 	EXP 	fixCrossR_4: autoDraw = False
19.2630 	EXP 	image: image = 'stim//cat2.png'
19.2630 	EXP 	image: autoDraw = True
19.2630 	EXP 	fixCrossR_2: autoDraw = True
19.5132 	EXP 	image: autoDraw = False
19.5132 	EXP 	fixCrossR_2: autoDraw = False
19.5132 	EXP 	image: autoDraw = False
19.5132 	EXP 	fixCrossR_2: autoDraw = False
19.5132 	EXP 	fixCrossR_4: autoDraw = True
19.7635 	EXP 	fixCrossR_4: autoDraw = False
19.7635 	EXP 	fixCrossR_4: autoDraw = False
19.7635 	EXP 	fixCrossR_3: autoDraw = True
19.7635 	EXP 	cat: autoDraw = True
19.7635 	EXP 	turtle: autoDraw = True
19.7635 	EXP 	auto: autoDraw = True
19.7635 	EXP 	hand: autoDraw = True
19.7635 	EXP 	farleft: autoDraw = True
19.7635 	EXP 	farright: autoDraw = True
19.7635 	EXP 	nearleft: autoDraw = True
19.7635 	EXP 	nearright: autoDraw = True
20.0668 	EXP 	New trial (rep=0, index=4): {'category': 'cat', 'orientation': 3, 'taskOrientation': 1, 'stimfile': 'stim//cat3.png'}
20.0671 	EXP 	Created sequence: random, trialTypes=1, nReps=3, seed=None
20.0672 	EXP 	New trial (rep=0, index=0): None
20.1743 	DATA 	Keypress: 3
20.1801 	EXP 	fixCrossR_3: autoDraw = False
20.1801 	EXP 	cat: autoDraw = False
20.1801 	EXP 	turtle: autoDraw = False
20.1801 	EXP 	auto: autoDraw = False
20.1801 	EXP 	hand: autoDraw = False
20.1801 	EXP 	farleft: autoDraw = False
20.1801 	EXP 	farright: autoDraw = False
20.1801 	EXP 	nearleft: autoDraw = False
20.1801 	EXP 	nearright: autoDraw = False
20.1801 	EXP 	image: image = 'stim//cat3.png'
20.1801 	EXP 	image: autoDraw = True
20.1801 	EXP 	fixCrossR_2: autoDraw = True
20.4310 	EXP 	image: autoDraw = False
20.4310 	EXP 	fixCrossR_2: autoDraw = False
20.4310 	EXP 	image: autoDraw = False
20.4310 	EXP 	fixCrossR_2: autoDraw = False
20.4310 	EXP 	fixCrossR_4: autoDraw = True
20.6661 	EXP 	New trial (rep=1, index=0): None
20.7807 	EXP 	fixCrossR_4: autoDraw = False
20.7807 	EXP 	fixCrossR_4: autoDraw = False
20.7807 	EXP 	image: image = 'stim//cat3.png'
20.7807 	EXP 	image: autoDraw = True
20.7807 	EXP 	fixCrossR_2: autoDraw = True
21.0314 	EXP 	image: autoDraw = False
21.0314 	EXP 	fixCrossR_2: autoDraw = False
21.0314 	EXP 	image: autoDraw = False
21.0314 	EXP 	fixCrossR_2: autoDraw = False
21.0314 	EXP 	fixCrossR_4: autoDraw = True
21.2660 	EXP 	New trial (rep=2, index=0): None
21.3812 	EXP 	fixCrossR_4: autoDraw = False
21.3812 	EXP 	fixCrossR_4: autoDraw = False
21.3812 	EXP 	image: image = 'stim//cat3.png'
21.3812 	EXP 	image: autoDraw = True
21.3812 	EXP 	fixCrossR_2: autoDraw = True
21.6321 	EXP 	image: autoDraw = False
21.6321 	EXP 	fixCrossR_2: autoDraw = False
21.6321 	EXP 	image: autoDraw = False
21.6321 	EXP 	fixCrossR_2: autoDraw = False
21.6321 	EXP 	fixCrossR_4: autoDraw = True
21.8820 	EXP 	fixCrossR_4: autoDraw = False
21.8820 	EXP 	fixCrossR_4: autoDraw = False
21.8820 	EXP 	fixCrossR_3: autoDraw = True
21.8820 	EXP 	cat: autoDraw = True
21.8820 	EXP 	turtle: autoDraw = True
21.8820 	EXP 	auto: autoDraw = True
21.8820 	EXP 	hand: autoDraw = True
21.8820 	EXP 	farleft: autoDraw = True
21.8820 	EXP 	farright: autoDraw = True
21.8820 	EXP 	nearleft: autoDraw = True
21.8820 	EXP 	nearright: autoDraw = True
23.9226 	DATA 	Keypress: 5
23.9359 	EXP 	New trial (rep=0, index=5): {'category': 'cat', 'orientation': 3, 'taskOrientation': 0, 'stimfile': 'stim//cat3.png'}
23.9363 	EXP 	Created sequence: random, trialTypes=1, nReps=3, seed=None
23.9364 	EXP 	New trial (rep=0, index=0): None
24.0503 	EXP 	fixCrossR_3: autoDraw = False
24.0503 	EXP 	cat: autoDraw = False
24.0503 	EXP 	turtle: autoDraw = False
24.0503 	EXP 	auto: autoDraw = False
24.0503 	EXP 	hand: autoDraw = False
24.0503 	EXP 	farleft: autoDraw = False
24.0503 	EXP 	farright: autoDraw = False
24.0503 	EXP 	nearleft: autoDraw = False
24.0503 	EXP 	nearright: autoDraw = False
24.0503 	EXP 	image: image = 'stim//cat3.png'
24.0503 	EXP 	image: autoDraw = True
24.0503 	EXP 	fixCrossR_2: autoDraw = True
24.3004 	EXP 	image: autoDraw = False
24.3004 	EXP 	fixCrossR_2: autoDraw = False
24.3004 	EXP 	image: autoDraw = False
24.3004 	EXP 	fixCrossR_2: autoDraw = False
24.3004 	EXP 	fixCrossR_4: autoDraw = True
24.5353 	EXP 	New trial (rep=1, index=0): None
24.6505 	EXP 	fixCrossR_4: autoDraw = False
24.6505 	EXP 	fixCrossR_4: autoDraw = False
24.6505 	EXP 	image: image = 'stim//cat3.png'
24.6505 	EXP 	image: autoDraw = True
24.6505 	EXP 	fixCrossR_2: autoDraw = True
24.9010 	EXP 	image: autoDraw = False
24.9010 	EXP 	fixCrossR_2: autoDraw = False
24.9010 	EXP 	image: autoDraw = False
24.9010 	EXP 	fixCrossR_2: autoDraw = False
24.9010 	EXP 	fixCrossR_4: autoDraw = True
25.1355 	EXP 	New trial (rep=2, index=0): None
25.2512 	EXP 	fixCrossR_4: autoDraw = False
25.2512 	EXP 	fixCrossR_4: autoDraw = False
25.2512 	EXP 	image: image = 'stim//cat3.png'
25.2512 	EXP 	image: autoDraw = True
25.2512 	EXP 	fixCrossR_2: autoDraw = True
25.5015 	EXP 	image: autoDraw = False
25.5015 	EXP 	fixCrossR_2: autoDraw = False
25.5015 	EXP 	image: autoDraw = False
25.5015 	EXP 	fixCrossR_2: autoDraw = False
25.5015 	EXP 	fixCrossR_4: autoDraw = True
25.7513 	EXP 	fixCrossR_4: autoDraw = False
25.7513 	EXP 	fixCrossR_4: autoDraw = False
25.7513 	EXP 	fixCrossR_3: autoDraw = True
25.7513 	EXP 	cat: autoDraw = True
25.7513 	EXP 	turtle: autoDraw = True
25.7513 	EXP 	auto: autoDraw = True
25.7513 	EXP 	hand: autoDraw = True
25.7513 	EXP 	farleft: autoDraw = True
25.7513 	EXP 	farright: autoDraw = True
25.7513 	EXP 	nearleft: autoDraw = True
25.7513 	EXP 	nearright: autoDraw = True
27.1595 	DATA 	Keypress: 1
27.1719 	EXP 	New trial (rep=0, index=6): {'category': 'cat', 'orientation': 4, 'taskOrientation': 1, 'stimfile': 'stim//cat4.png'}
27.1723 	EXP 	Created sequence: random, trialTypes=1, nReps=3, seed=None
27.1724 	EXP 	New trial (rep=0, index=0): None
27.2863 	EXP 	fixCrossR_3: autoDraw = False
27.2863 	EXP 	cat: autoDraw = False
27.2863 	EXP 	turtle: autoDraw = False
27.2863 	EXP 	auto: autoDraw = False
27.2863 	EXP 	hand: autoDraw = False
27.2863 	EXP 	farleft: autoDraw = False
27.2863 	EXP 	farright: autoDraw = False
27.2863 	EXP 	nearleft: autoDraw = False
27.2863 	EXP 	nearright: autoDraw = False
27.2863 	EXP 	image: image = 'stim//cat4.png'
27.2863 	EXP 	image: autoDraw = True
27.2863 	EXP 	fixCrossR_2: autoDraw = True
27.5362 	EXP 	image: autoDraw = False
27.5362 	EXP 	fixCrossR_2: autoDraw = False
27.5362 	EXP 	image: autoDraw = False
27.5362 	EXP 	fixCrossR_2: autoDraw = False
27.5362 	EXP 	fixCrossR_4: autoDraw = True
27.7715 	EXP 	New trial (rep=1, index=0): None
27.8869 	EXP 	fixCrossR_4: autoDraw = False
27.8869 	EXP 	fixCrossR_4: autoDraw = False
27.8869 	EXP 	image: image = 'stim//cat4.png'
27.8869 	EXP 	image: autoDraw = True
27.8869 	EXP 	fixCrossR_2: autoDraw = True
28.1371 	EXP 	image: autoDraw = False
28.1371 	EXP 	fixCrossR_2: autoDraw = False
28.1371 	EXP 	image: autoDraw = False
28.1371 	EXP 	fixCrossR_2: autoDraw = False
28.1371 	EXP 	fixCrossR_4: autoDraw = True
28.3719 	EXP 	New trial (rep=2, index=0): None
28.4873 	EXP 	fixCrossR_4: autoDraw = False
28.4873 	EXP 	fixCrossR_4: autoDraw = False
28.4873 	EXP 	image: image = 'stim//cat4.png'
28.4873 	EXP 	image: autoDraw = True
28.4873 	EXP 	fixCrossR_2: autoDraw = True
28.7376 	EXP 	image: autoDraw = False
28.7376 	EXP 	fixCrossR_2: autoDraw = False
28.7376 	EXP 	image: autoDraw = False
28.7376 	EXP 	fixCrossR_2: autoDraw = False
28.7376 	EXP 	fixCrossR_4: autoDraw = True
28.9878 	EXP 	fixCrossR_4: autoDraw = False
28.9878 	EXP 	fixCrossR_4: autoDraw = False
28.9878 	EXP 	fixCrossR_3: autoDraw = True
28.9878 	EXP 	cat: autoDraw = True
28.9878 	EXP 	turtle: autoDraw = True
28.9878 	EXP 	auto: autoDraw = True
28.9878 	EXP 	hand: autoDraw = True
28.9878 	EXP 	farleft: autoDraw = True
28.9878 	EXP 	farright: autoDraw = True
28.9878 	EXP 	nearleft: autoDraw = True
28.9878 	EXP 	nearright: autoDraw = True
29.8783 	DATA 	Keypress: escape
31.7924 	EXP 	New trial (rep=0, index=7): {'category': 'cat', 'orientation': 4, 'taskOrientation': 0, 'stimfile': 'stim//cat4.png'}
31.7927 	EXP 	Created sequence: random, trialTypes=1, nReps=3, seed=None
31.7928 	EXP 	New trial (rep=0, index=0): None
31.8912 	DATA 	Keypress: 8
31.9067 	EXP 	fixCrossR_3: autoDraw = False
31.9067 	EXP 	cat: autoDraw = False
31.9067 	EXP 	turtle: autoDraw = False
31.9067 	EXP 	auto: autoDraw = False
31.9067 	EXP 	hand: autoDraw = False
31.9067 	EXP 	farleft: autoDraw = False
31.9067 	EXP 	farright: autoDraw = False
31.9067 	EXP 	nearleft: autoDraw = False
31.9067 	EXP 	nearright: autoDraw = False
31.9067 	EXP 	image: image = 'stim//cat4.png'
31.9067 	EXP 	image: autoDraw = True
31.9067 	EXP 	fixCrossR_2: autoDraw = True
32.1567 	EXP 	image: autoDraw = False
32.1567 	EXP 	fixCrossR_2: autoDraw = False
32.1567 	EXP 	image: autoDraw = False
32.1567 	EXP 	fixCrossR_2: autoDraw = False
32.1567 	EXP 	fixCrossR_4: autoDraw = True
32.3919 	EXP 	New trial (rep=1, index=0): None
32.5072 	EXP 	fixCrossR_4: autoDraw = False
32.5072 	EXP 	fixCrossR_4: autoDraw = False
32.5072 	EXP 	image: image = 'stim//cat4.png'
32.5072 	EXP 	image: autoDraw = True
32.5072 	EXP 	fixCrossR_2: autoDraw = True
32.7576 	EXP 	image: autoDraw = False
32.7576 	EXP 	fixCrossR_2: autoDraw = False
32.7576 	EXP 	image: autoDraw = False
32.7576 	EXP 	fixCrossR_2: autoDraw = False
32.7576 	EXP 	fixCrossR_4: autoDraw = True
32.9914 	EXP 	New trial (rep=2, index=0): None
33.1077 	EXP 	fixCrossR_4: autoDraw = False
33.1077 	EXP 	fixCrossR_4: autoDraw = False
33.1077 	EXP 	image: image = 'stim//cat4.png'
33.1077 	EXP 	image: autoDraw = True
33.1077 	EXP 	fixCrossR_2: autoDraw = True
33.3577 	EXP 	image: autoDraw = False
33.3577 	EXP 	fixCrossR_2: autoDraw = False
33.3577 	EXP 	image: autoDraw = False
33.3577 	EXP 	fixCrossR_2: autoDraw = False
33.3577 	EXP 	fixCrossR_4: autoDraw = True
33.6083 	EXP 	fixCrossR_4: autoDraw = False
33.6083 	EXP 	fixCrossR_4: autoDraw = False
33.6083 	EXP 	fixCrossR_3: autoDraw = True
33.6083 	EXP 	cat: autoDraw = True
33.6083 	EXP 	turtle: autoDraw = True
33.6083 	EXP 	auto: autoDraw = True
33.6083 	EXP 	hand: autoDraw = True
33.6083 	EXP 	farleft: autoDraw = True
33.6083 	EXP 	farright: autoDraw = True
33.6083 	EXP 	nearleft: autoDraw = True
33.6083 	EXP 	nearright: autoDraw = True
33.9113 	EXP 	New trial (rep=0, index=8): {'category': 'auto', 'orientation': 1, 'taskOrientation': 1, 'stimfile': 'stim//auto1.png'}
33.9116 	EXP 	Created sequence: random, trialTypes=1, nReps=3, seed=None
33.9117 	EXP 	New trial (rep=0, index=0): None
34.0092 	DATA 	Keypress: 8
34.0251 	EXP 	fixCrossR_3: autoDraw = False
34.0251 	EXP 	cat: autoDraw = False
34.0251 	EXP 	turtle: autoDraw = False
34.0251 	EXP 	auto: autoDraw = False
34.0251 	EXP 	hand: autoDraw = False
34.0251 	EXP 	farleft: autoDraw = False
34.0251 	EXP 	farright: autoDraw = False
34.0251 	EXP 	nearleft: autoDraw = False
34.0251 	EXP 	nearright: autoDraw = False
34.0251 	EXP 	image: image = 'stim//auto1.png'
34.0251 	EXP 	image: autoDraw = True
34.0251 	EXP 	fixCrossR_2: autoDraw = True
34.2755 	EXP 	image: autoDraw = False
34.2755 	EXP 	fixCrossR_2: autoDraw = False
34.2755 	EXP 	image: autoDraw = False
34.2755 	EXP 	fixCrossR_2: autoDraw = False
34.2755 	EXP 	fixCrossR_4: autoDraw = True
34.5100 	EXP 	New trial (rep=1, index=0): None
34.6259 	EXP 	fixCrossR_4: autoDraw = False
34.6259 	EXP 	fixCrossR_4: autoDraw = False
34.6259 	EXP 	image: image = 'stim//auto1.png'
34.6259 	EXP 	image: autoDraw = True
34.6259 	EXP 	fixCrossR_2: autoDraw = True
34.8758 	EXP 	image: autoDraw = False
34.8758 	EXP 	fixCrossR_2: autoDraw = False
34.8758 	EXP 	image: autoDraw = False
34.8758 	EXP 	fixCrossR_2: autoDraw = False
34.8758 	EXP 	fixCrossR_4: autoDraw = True
35.1101 	EXP 	New trial (rep=2, index=0): None
35.2263 	EXP 	fixCrossR_4: autoDraw = False
35.2263 	EXP 	fixCrossR_4: autoDraw = False
35.2263 	EXP 	image: image = 'stim//auto1.png'
35.2263 	EXP 	image: autoDraw = True
35.2263 	EXP 	fixCrossR_2: autoDraw = True
35.4765 	EXP 	image: autoDraw = False
35.4765 	EXP 	fixCrossR_2: autoDraw = False
35.4765 	EXP 	image: autoDraw = False
35.4765 	EXP 	fixCrossR_2: autoDraw = False
35.4765 	EXP 	fixCrossR_4: autoDraw = True
35.7268 	EXP 	fixCrossR_4: autoDraw = False
35.7268 	EXP 	fixCrossR_4: autoDraw = False
35.7268 	EXP 	fixCrossR_3: autoDraw = True
35.7268 	EXP 	cat: autoDraw = True
35.7268 	EXP 	turtle: autoDraw = True
35.7268 	EXP 	auto: autoDraw = True
35.7268 	EXP 	hand: autoDraw = True
35.7268 	EXP 	farleft: autoDraw = True
35.7268 	EXP 	farright: autoDraw = True
35.7268 	EXP 	nearleft: autoDraw = True
35.7268 	EXP 	nearright: autoDraw = True
35.9795 	EXP 	New trial (rep=0, index=9): {'category': 'auto', 'orientation': 1, 'taskOrientation': 0, 'stimfile': 'stim//auto1.png'}
35.9798 	EXP 	Created sequence: random, trialTypes=1, nReps=3, seed=None
35.9799 	EXP 	New trial (rep=0, index=0): None
36.0764 	DATA 	Keypress: 2
36.0937 	EXP 	fixCrossR_3: autoDraw = False
36.0937 	EXP 	cat: autoDraw = False
36.0937 	EXP 	turtle: autoDraw = False
36.0937 	EXP 	auto: autoDraw = False
36.0937 	EXP 	hand: autoDraw = False
36.0937 	EXP 	farleft: autoDraw = False
36.0937 	EXP 	farright: autoDraw = False
36.0937 	EXP 	nearleft: autoDraw = False
36.0937 	EXP 	nearright: autoDraw = False
36.0937 	EXP 	image: image = 'stim//auto1.png'
36.0937 	EXP 	image: autoDraw = True
36.0937 	EXP 	fixCrossR_2: autoDraw = True
36.3440 	EXP 	image: autoDraw = False
36.3440 	EXP 	fixCrossR_2: autoDraw = False
36.3440 	EXP 	image: autoDraw = False
36.3440 	EXP 	fixCrossR_2: autoDraw = False
36.3440 	EXP 	fixCrossR_4: autoDraw = True
36.5787 	EXP 	New trial (rep=1, index=0): None
36.6781 	EXP 	fixCrossR_4: autoDraw = False
36.6781 	EXP 	fixCrossR_4: autoDraw = False
36.6781 	EXP 	image: image = 'stim//auto1.png'
36.6781 	EXP 	image: autoDraw = True
36.6781 	EXP 	fixCrossR_2: autoDraw = True
36.9277 	EXP 	image: autoDraw = False
36.9277 	EXP 	fixCrossR_2: autoDraw = False
36.9277 	EXP 	image: autoDraw = False
36.9277 	EXP 	fixCrossR_2: autoDraw = False
36.9277 	EXP 	fixCrossR_4: autoDraw = True
37.1628 	EXP 	New trial (rep=2, index=0): None
37.2780 	EXP 	fixCrossR_4: autoDraw = False
37.2780 	EXP 	fixCrossR_4: autoDraw = False
37.2780 	EXP 	image: image = 'stim//auto1.png'
37.2780 	EXP 	image: autoDraw = True
37.2780 	EXP 	fixCrossR_2: autoDraw = True
37.5283 	EXP 	image: autoDraw = False
37.5283 	EXP 	fixCrossR_2: autoDraw = False
37.5283 	EXP 	image: autoDraw = False
37.5283 	EXP 	fixCrossR_2: autoDraw = False
37.5283 	EXP 	fixCrossR_4: autoDraw = True
37.7784 	EXP 	fixCrossR_4: autoDraw = False
37.7784 	EXP 	fixCrossR_4: autoDraw = False
37.7784 	EXP 	fixCrossR_3: autoDraw = True
37.7784 	EXP 	cat: autoDraw = True
37.7784 	EXP 	turtle: autoDraw = True
37.7784 	EXP 	auto: autoDraw = True
37.7784 	EXP 	hand: autoDraw = True
37.7784 	EXP 	farleft: autoDraw = True
37.7784 	EXP 	farright: autoDraw = True
37.7784 	EXP 	nearleft: autoDraw = True
37.7784 	EXP 	nearright: autoDraw = True
38.1480 	EXP 	New trial (rep=0, index=10): {'category': 'auto', 'orientation': 2, 'taskOrientation': 1, 'stimfile': 'stim//auto2.png'}
38.1483 	EXP 	Created sequence: random, trialTypes=1, nReps=3, seed=None
38.1484 	EXP 	New trial (rep=0, index=0): None
38.2451 	DATA 	Keypress: 3
38.2619 	EXP 	fixCrossR_3: autoDraw = False
38.2619 	EXP 	cat: autoDraw = False
38.2619 	EXP 	turtle: autoDraw = False
38.2619 	EXP 	auto: autoDraw = False
38.2619 	EXP 	hand: autoDraw = False
38.2619 	EXP 	farleft: autoDraw = False
38.2619 	EXP 	farright: autoDraw = False
38.2619 	EXP 	nearleft: autoDraw = False
38.2619 	EXP 	nearright: autoDraw = False
38.2619 	EXP 	image: image = 'stim//auto2.png'
38.2619 	EXP 	image: autoDraw = True
38.2619 	EXP 	fixCrossR_2: autoDraw = True
38.5124 	EXP 	image: autoDraw = False
38.5124 	EXP 	fixCrossR_2: autoDraw = False
38.5124 	EXP 	image: autoDraw = False
38.5124 	EXP 	fixCrossR_2: autoDraw = False
38.5124 	EXP 	fixCrossR_4: autoDraw = True
38.7466 	EXP 	New trial (rep=1, index=0): None
38.8477 	EXP 	fixCrossR_4: autoDraw = False
38.8477 	EXP 	fixCrossR_4: autoDraw = False
38.8477 	EXP 	image: image = 'stim//auto2.png'
38.8477 	EXP 	image: autoDraw = True
38.8477 	EXP 	fixCrossR_2: autoDraw = True
39.1128 	EXP 	image: autoDraw = False
39.1128 	EXP 	fixCrossR_2: autoDraw = False
39.1128 	EXP 	image: autoDraw = False
39.1128 	EXP 	fixCrossR_2: autoDraw = False
39.1128 	EXP 	fixCrossR_4: autoDraw = True
39.3474 	EXP 	New trial (rep=2, index=0): None
39.4633 	EXP 	fixCrossR_4: autoDraw = False
39.4633 	EXP 	fixCrossR_4: autoDraw = False
39.4633 	EXP 	image: image = 'stim//auto2.png'
39.4633 	EXP 	image: autoDraw = True
39.4633 	EXP 	fixCrossR_2: autoDraw = True
39.7134 	EXP 	image: autoDraw = False
39.7134 	EXP 	fixCrossR_2: autoDraw = False
39.7134 	EXP 	image: autoDraw = False
39.7134 	EXP 	fixCrossR_2: autoDraw = False
39.7134 	EXP 	fixCrossR_4: autoDraw = True
39.8984 	DATA 	Keypress: 1
39.9636 	EXP 	fixCrossR_4: autoDraw = False
39.9636 	EXP 	fixCrossR_4: autoDraw = False
39.9636 	EXP 	fixCrossR_3: autoDraw = True
39.9636 	EXP 	cat: autoDraw = True
39.9636 	EXP 	turtle: autoDraw = True
39.9636 	EXP 	auto: autoDraw = True
39.9636 	EXP 	hand: autoDraw = True
39.9636 	EXP 	farleft: autoDraw = True
39.9636 	EXP 	farright: autoDraw = True
39.9636 	EXP 	nearleft: autoDraw = True
39.9636 	EXP 	nearright: autoDraw = True
40.1001 	EXP 	New trial (rep=0, index=11): {'category': 'auto', 'orientation': 2, 'taskOrientation': 0, 'stimfile': 'stim//auto2.png'}
40.1004 	EXP 	Created sequence: random, trialTypes=1, nReps=3, seed=None
40.1005 	EXP 	New trial (rep=0, index=0): None
40.1979 	DATA 	Keypress: 1
40.2136 	EXP 	fixCrossR_3: autoDraw = False
40.2136 	EXP 	cat: autoDraw = False
40.2136 	EXP 	turtle: autoDraw = False
40.2136 	EXP 	auto: autoDraw = False
40.2136 	EXP 	hand: autoDraw = False
40.2136 	EXP 	farleft: autoDraw = False
40.2136 	EXP 	farright: autoDraw = False
40.2136 	EXP 	nearleft: autoDraw = False
40.2136 	EXP 	nearright: autoDraw = False
40.2136 	EXP 	image: image = 'stim//auto2.png'
40.2136 	EXP 	image: autoDraw = True
40.2136 	EXP 	fixCrossR_2: autoDraw = True
40.2662 	DATA 	Keypress: 1
40.4328 	DATA 	Keypress: 1
40.4637 	EXP 	image: autoDraw = False
40.4637 	EXP 	fixCrossR_2: autoDraw = False
40.4637 	EXP 	image: autoDraw = False
40.4637 	EXP 	fixCrossR_2: autoDraw = False
40.4637 	EXP 	fixCrossR_4: autoDraw = True
40.6988 	EXP 	New trial (rep=1, index=0): None
40.7986 	EXP 	fixCrossR_4: autoDraw = False
40.7986 	EXP 	fixCrossR_4: autoDraw = False
40.7986 	EXP 	image: image = 'stim//auto2.png'
40.7986 	EXP 	image: autoDraw = True
40.7986 	EXP 	fixCrossR_2: autoDraw = True
41.0497 	EXP 	image: autoDraw = False
41.0497 	EXP 	fixCrossR_2: autoDraw = False
41.0497 	EXP 	image: autoDraw = False
41.0497 	EXP 	fixCrossR_2: autoDraw = False
41.0497 	EXP 	fixCrossR_4: autoDraw = True
41.2837 	EXP 	New trial (rep=2, index=0): None
41.3982 	EXP 	fixCrossR_4: autoDraw = False
41.3982 	EXP 	fixCrossR_4: autoDraw = False
41.3982 	EXP 	image: image = 'stim//auto2.png'
41.3982 	EXP 	image: autoDraw = True
41.3982 	EXP 	fixCrossR_2: autoDraw = True
41.6485 	EXP 	image: autoDraw = False
41.6485 	EXP 	fixCrossR_2: autoDraw = False
41.6485 	EXP 	image: autoDraw = False
41.6485 	EXP 	fixCrossR_2: autoDraw = False
41.6485 	EXP 	fixCrossR_4: autoDraw = True
41.6500 	DATA 	Keypress: 3
41.8338 	DATA 	Keypress: 3
41.8983 	EXP 	fixCrossR_4: autoDraw = False
41.8983 	EXP 	fixCrossR_4: autoDraw = False
41.8983 	EXP 	fixCrossR_3: autoDraw = True
41.8983 	EXP 	cat: autoDraw = True
41.8983 	EXP 	turtle: autoDraw = True
41.8983 	EXP 	auto: autoDraw = True
41.8983 	EXP 	hand: autoDraw = True
41.8983 	EXP 	farleft: autoDraw = True
41.8983 	EXP 	farright: autoDraw = True
41.8983 	EXP 	nearleft: autoDraw = True
41.8983 	EXP 	nearright: autoDraw = True
42.0176 	EXP 	New trial (rep=0, index=12): {'category': 'auto', 'orientation': 3, 'taskOrientation': 1, 'stimfile': 'stim//auto3.png'}
42.0179 	EXP 	Created sequence: random, trialTypes=1, nReps=3, seed=None
42.0180 	EXP 	New trial (rep=0, index=0): None
42.1176 	DATA 	Keypress: 2
42.1318 	EXP 	fixCrossR_3: autoDraw = False
42.1318 	EXP 	cat: autoDraw = False
42.1318 	EXP 	turtle: autoDraw = False
42.1318 	EXP 	auto: autoDraw = False
42.1318 	EXP 	hand: autoDraw = False
42.1318 	EXP 	farleft: autoDraw = False
42.1318 	EXP 	farright: autoDraw = False
42.1318 	EXP 	nearleft: autoDraw = False
42.1318 	EXP 	nearright: autoDraw = False
42.1318 	EXP 	image: image = 'stim//auto3.png'
42.1318 	EXP 	image: autoDraw = True
42.1318 	EXP 	fixCrossR_2: autoDraw = True
42.1674 	DATA 	Keypress: 2
42.3346 	DATA 	Keypress: 2
42.3823 	EXP 	image: autoDraw = False
42.3823 	EXP 	fixCrossR_2: autoDraw = False
42.3823 	EXP 	image: autoDraw = False
42.3823 	EXP 	fixCrossR_2: autoDraw = False
42.3823 	EXP 	fixCrossR_4: autoDraw = True
42.6166 	EXP 	New trial (rep=1, index=0): None
42.7163 	EXP 	fixCrossR_4: autoDraw = False
42.7163 	EXP 	fixCrossR_4: autoDraw = False
42.7163 	EXP 	image: image = 'stim//auto3.png'
42.7163 	EXP 	image: autoDraw = True
42.7163 	EXP 	fixCrossR_2: autoDraw = True
42.8361 	DATA 	Keypress: escape
42.9664 	EXP 	image: autoDraw = False
42.9664 	EXP 	fixCrossR_2: autoDraw = False
42.9664 	EXP 	image: autoDraw = False
42.9664 	EXP 	fixCrossR_2: autoDraw = False
42.9664 	EXP 	fixCrossR_4: autoDraw = True
43.5071 	EXP 	window1: mouseVisible = True
