1.0691 	WARNING 	We strongly recommend you activate the PTB sound engine in PsychoPy prefs as the preferred audio engine. Its timing is vastly superior. Your prefs are currently set to use ['sounddevice', 'PTB', 'pyo', 'pygame'] (in that order).
4.0078 	WARNING 	User requested fullscreen with size [1024  768], but screen is actually [1920, 1080]. Using actual size
4.6183 	EXP 	Created window1 = Window(allowGUI=False, allowStencil=False, autoLog=True, backendConf=UNKNOWN, bitsMode=UNKNOWN, blendMode='avg', bpc=(8, 8, 8), color=array([0, 0, 0]), colorSpace='rgb', depthBits=8, fullscr=<method-wrapper '__getattribute__' of attributeSetter object at 0x000001DD63EEBF70>, gamma=None, gammaErrorPolicy='raise', lms=UNKNOWN, monitor=<psychopy.monitors.calibTools.Monitor object at 0x000001DD64B6C970>, multiSample=False, name='window1', numSamples=2, pos=(-1920, 0), screen=0, size=array([1920, 1080]), stencilBits=0, stereo=False, units='height', useFBO=True, useRetina=False, viewOri=0.0, viewPos=None, viewScale=None, waitBlanking=True, winType='pyglet')
4.6184 	EXP 	window1: mouseVisible = True
4.6184 	EXP 	window1: Attempting to measure frame rate of screen (0) ...
4.6184 	EXP 	window1: recordFrameIntervals = False
4.7842 	EXP 	window1: recordFrameIntervals = True
4.9681 	EXP 	Screen (0) actual frame rate measured at 60.12Hz
4.9682 	EXP 	window1: recordFrameIntervals = False
6.2216 	EXP 	Created text = TextStim(__class__=<class 'psychopy.visual.text.TextStim'>, alignHoriz=method-wrapper(...), alignText='center', alignVert=method-wrapper(...), anchorHoriz='center', anchorVert='center', antialias=True, autoDraw=False, autoLog=True, bold=False, color=array([1., 1., 1.]), colorSpace='rgb', contrast=1.0, depth=0.0, flipHoriz=False, flipVert=False, font='Open Sans', fontFiles=[], height=0.05, italic=False, languageStyle='LTR', name='text', opacity=1.0, ori=0.0, pos=array([0., 0.]), rgb=UNKNOWN, text='The experiment will begin soon.', units='height', win=Window(...), wrapWidth=1)
6.2248 	EXP 	Created image = ImageStim(__class__=<class 'psychopy.visual.image.ImageStim'>, anchor=('center', 'center'), autoLog=True, color=array([1., 1., 1.]), colorSpace='rgb', contrast=1.0, depth=0.0, flipHoriz=False, flipVert=False, image='sin', interpolate=True, mask=None, maskParams=None, name='image', opacity=1.0, ori=0.0, pos=array([0., 0.]), size=array([0.5, 0.5]), texRes=128.0, units='height', win=Window(...))
6.2271 	EXP 	Created fixCrossR_2 = ShapeStim(__class__=<class 'psychopy.visual.shape.ShapeStim'>, anchor=('center', 'center'), autoDraw=False, autoLog=True, closeShape=True, color=method-wrapper(...), colorSpace='rgb', contrast=None, depth=-1.0, fillColor=array([-1, -1, -1]), fillColorSpace='rgb', fillRGB=array([-1, -1, -1]), interpolate=True, lineColor=array([-1., -1., -1.]), lineColorSpace='rgb', lineRGB=array([-1, -1, -1]), lineWidth=1.0, name='fixCrossR_2', opacity=1.0, ori=0.0, pos=array([0., 0.]), size=array([0.02, 0.02]), units='height', vertices=ndarray(...), win=Window(...), windingRule=None)
6.2286 	EXP 	Created fixCrossR_4 = ShapeStim(__class__=<class 'psychopy.visual.shape.ShapeStim'>, anchor=('center', 'center'), autoDraw=False, autoLog=True, closeShape=True, color=method-wrapper(...), colorSpace='rgb', contrast=None, depth=0.0, fillColor=array([-1, -1, -1]), fillColorSpace='rgb', fillRGB=array([-1, -1, -1]), interpolate=True, lineColor=array([-1., -1., -1.]), lineColorSpace='rgb', lineRGB=array([-1, -1, -1]), lineWidth=1.0, name='fixCrossR_4', opacity=1.0, ori=0.0, pos=array([0., 0.]), size=array([0.02, 0.02]), units='height', vertices=ndarray(...), win=Window(...), windingRule=None)
6.2302 	EXP 	Created fixCrossR_3 = ShapeStim(__class__=<class 'psychopy.visual.shape.ShapeStim'>, anchor=('center', 'center'), autoDraw=False, autoLog=True, closeShape=True, color=method-wrapper(...), colorSpace='rgb', contrast=None, depth=0.0, fillColor=array([-1, -1, -1]), fillColorSpace='rgb', fillRGB=array([-1, -1, -1]), interpolate=True, lineColor=array([-1., -1., -1.]), lineColorSpace='rgb', lineRGB=array([-1, -1, -1]), lineWidth=1.0, name='fixCrossR_3', opacity=1.0, ori=0.0, pos=array([0., 0.]), size=array([0.02, 0.02]), units='height', vertices=ndarray(...), win=Window(...), windingRule=None)
6.2348 	EXP 	Created cat = TextStim(__class__=<class 'psychopy.visual.text.TextStim'>, alignHoriz=method-wrapper(...), alignText='center', alignVert=method-wrapper(...), anchorHoriz='center', anchorVert='center', antialias=True, autoDraw=False, autoLog=True, bold=False, color=array([1., 1., 1.]), colorSpace='rgb', contrast=1.0, depth=-1.0, flipHoriz=False, flipVert=False, font='Open Sans', fontFiles=[], height=0.05, italic=False, languageStyle='LTR', name='cat', opacity=1.0, ori=0.0, pos=array([-0.3,  0.1]), rgb=UNKNOWN, text='cat', units='height', win=Window(...), wrapWidth=1)
6.2382 	EXP 	Created auto = TextStim(__class__=<class 'psychopy.visual.text.TextStim'>, alignHoriz=method-wrapper(...), alignText='center', alignVert=method-wrapper(...), anchorHoriz='center', anchorVert='center', antialias=True, autoDraw=False, autoLog=True, bold=False, color=array([1., 1., 1.]), colorSpace='rgb', contrast=1.0, depth=-2.0, flipHoriz=False, flipVert=False, font='Open Sans', fontFiles=[], height=0.05, italic=False, languageStyle='LTR', name='auto', opacity=1.0, ori=0.0, pos=array([-0.1, -0.1]), rgb=UNKNOWN, text='auto', units='height', win=Window(...), wrapWidth=1)
6.2407 	EXP 	Created turtle = TextStim(__class__=<class 'psychopy.visual.text.TextStim'>, alignHoriz=method-wrapper(...), alignText='center', alignVert=method-wrapper(...), anchorHoriz='center', anchorVert='center', antialias=True, autoDraw=False, autoLog=True, bold=False, color=array([1., 1., 1.]), colorSpace='rgb', contrast=1.0, depth=-3.0, flipHoriz=False, flipVert=False, font='Open Sans', fontFiles=[], height=0.05, italic=False, languageStyle='LTR', name='turtle', opacity=1.0, ori=0.0, pos=array([0.1, 0.1]), rgb=UNKNOWN, text='turtle', units='height', win=Window(...), wrapWidth=1)
6.2462 	EXP 	Created hand = TextStim(__class__=<class 'psychopy.visual.text.TextStim'>, alignHoriz=method-wrapper(...), alignText='center', alignVert=method-wrapper(...), anchorHoriz='center', anchorVert='center', antialias=True, autoDraw=False, autoLog=True, bold=False, color=array([1., 1., 1.]), colorSpace='rgb', contrast=1.0, depth=-4.0, flipHoriz=False, flipVert=False, font='Open Sans', fontFiles=[], height=0.05, italic=False, languageStyle='LTR', name='hand', opacity=1.0, ori=0.0, pos=array([ 0.3, -0.1]), rgb=UNKNOWN, text='hand\n', units='height', win=Window(...), wrapWidth=1)
6.2499 	EXP 	Created farleft = TextStim(__class__=<class 'psychopy.visual.text.TextStim'>, alignHoriz=method-wrapper(...), alignText='center', alignVert=method-wrapper(...), anchorHoriz='center', anchorVert='center', antialias=True, autoDraw=False, autoLog=True, bold=False, color=array([1., 1., 1.]), colorSpace='rgb', contrast=1.0, depth=-5.0, flipHoriz=False, flipVert=False, font='Open Sans', fontFiles=[], height=0.05, italic=False, languageStyle='LTR', name='farleft', opacity=1.0, ori=0.0, pos=array([-0.3, -0.1]), rgb=UNKNOWN, text='far left\n', units='height', win=Window(...), wrapWidth=1)
6.2523 	EXP 	Created farright = TextStim(__class__=<class 'psychopy.visual.text.TextStim'>, alignHoriz=method-wrapper(...), alignText='center', alignVert=method-wrapper(...), anchorHoriz='center', anchorVert='center', antialias=True, autoDraw=False, autoLog=True, bold=False, color=array([1., 1., 1.]), colorSpace='rgb', contrast=1.0, depth=-6.0, flipHoriz=False, flipVert=False, font='Open Sans', fontFiles=[], height=0.05, italic=False, languageStyle='LTR', name='farright', opacity=1.0, ori=0.0, pos=array([0.3, 0.1]), rgb=UNKNOWN, text='far right', units='height', win=Window(...), wrapWidth=1)
6.2548 	EXP 	Created nearleft = TextStim(__class__=<class 'psychopy.visual.text.TextStim'>, alignHoriz=method-wrapper(...), alignText='center', alignVert=method-wrapper(...), anchorHoriz='center', anchorVert='center', antialias=True, autoDraw=False, autoLog=True, bold=False, color=array([1., 1., 1.]), colorSpace='rgb', contrast=1.0, depth=-7.0, flipHoriz=False, flipVert=False, font='Open Sans', fontFiles=[], height=0.05, italic=False, languageStyle='LTR', name='nearleft', opacity=1.0, ori=0.0, pos=array([ 0.1, -0.1]), rgb=UNKNOWN, text='near left', units='height', win=Window(...), wrapWidth=1)
6.2573 	EXP 	Created nearright = TextStim(__class__=<class 'psychopy.visual.text.TextStim'>, alignHoriz=method-wrapper(...), alignText='center', alignVert=method-wrapper(...), anchorHoriz='center', anchorVert='center', antialias=True, autoDraw=False, autoLog=True, bold=False, color=array([1., 1., 1.]), colorSpace='rgb', contrast=1.0, depth=-8.0, flipHoriz=False, flipVert=False, font='Open Sans', fontFiles=[], height=0.05, italic=False, languageStyle='LTR', name='nearright', opacity=1.0, ori=0.0, pos=array([-0.1,  0.1]), rgb=UNKNOWN, text='near right', units='height', win=Window(...), wrapWidth=1)
6.2589 	EXP 	Created fixCrossR = ShapeStim(__class__=<class 'psychopy.visual.shape.ShapeStim'>, anchor=('center', 'center'), autoDraw=False, autoLog=True, closeShape=True, color=method-wrapper(...), colorSpace='rgb', contrast=None, depth=0.0, fillColor=array([-1, -1, -1]), fillColorSpace='rgb', fillRGB=array([-1, -1, -1]), interpolate=True, lineColor=array([-1., -1., -1.]), lineColorSpace='rgb', lineRGB=array([-1, -1, -1]), lineWidth=1.0, name='fixCrossR', opacity=1.0, ori=0.0, pos=array([0., 0.]), size=array([0.02, 0.02]), units='height', vertices=ndarray(...), win=Window(...), windingRule=None)
6.2681 	EXP 	text: autoDraw = True
7.2643 	EXP 	Imported rootDesignMatrix.xlsx as conditions, 64 conditions, 4 params
7.2652 	EXP 	Created sequence: sequential, trialTypes=64, nReps=1, seed=None
7.2654 	EXP 	New trial (rep=0, index=0): {'category': 'cat', 'orientation': 1, 'taskOrientation': 1, 'stimfile': 'stim//cat1.png'}
7.2657 	EXP 	Created sequence: random, trialTypes=1, nReps=3, seed=None
7.2658 	EXP 	New trial (rep=0, index=0): None
7.4689 	EXP 	text: autoDraw = False
7.4689 	EXP 	text: autoDraw = False
7.4689 	EXP 	image: image = 'stim//cat1.png'
7.4689 	EXP 	image: autoDraw = True
7.4689 	EXP 	fixCrossR_2: autoDraw = True
7.5355 	EXP 	image: autoDraw = False
7.5355 	EXP 	fixCrossR_2: autoDraw = False
7.5355 	EXP 	fixCrossR_4: autoDraw = True
7.7701 	EXP 	New trial (rep=1, index=0): None
7.8856 	EXP 	fixCrossR_4: autoDraw = False
7.8856 	EXP 	image: image = 'stim//cat1.png'
7.8856 	EXP 	image: autoDraw = True
7.8856 	EXP 	fixCrossR_2: autoDraw = True
8.0356 	EXP 	image: autoDraw = False
8.0356 	EXP 	fixCrossR_2: autoDraw = False
8.0356 	EXP 	fixCrossR_4: autoDraw = True
8.2702 	EXP 	New trial (rep=2, index=0): None
8.3863 	EXP 	fixCrossR_4: autoDraw = False
8.3863 	EXP 	image: image = 'stim//cat1.png'
8.3863 	EXP 	image: autoDraw = True
8.3863 	EXP 	fixCrossR_2: autoDraw = True
8.5361 	EXP 	image: autoDraw = False
8.5361 	EXP 	fixCrossR_2: autoDraw = False
8.5361 	EXP 	fixCrossR_4: autoDraw = True
8.7864 	EXP 	fixCrossR_4: autoDraw = False
8.7864 	EXP 	fixCrossR_3: autoDraw = True
8.7864 	EXP 	cat: autoDraw = True
8.7864 	EXP 	auto: autoDraw = True
8.7864 	EXP 	turtle: autoDraw = True
8.7864 	EXP 	hand: autoDraw = True
8.7864 	EXP 	farleft: autoDraw = True
8.7864 	EXP 	farright: autoDraw = True
8.7864 	EXP 	nearleft: autoDraw = True
8.7864 	EXP 	nearright: autoDraw = True
11.7747 	EXP 	New trial (rep=0, index=1): {'category': 'cat', 'orientation': 1, 'taskOrientation': 0, 'stimfile': 'stim//cat1.png'}
11.7750 	EXP 	Created sequence: random, trialTypes=1, nReps=3, seed=None
11.7751 	EXP 	New trial (rep=0, index=0): None
11.8890 	EXP 	fixCrossR_3: autoDraw = False
11.8890 	EXP 	cat: autoDraw = False
11.8890 	EXP 	auto: autoDraw = False
11.8890 	EXP 	turtle: autoDraw = False
11.8890 	EXP 	hand: autoDraw = False
11.8890 	EXP 	farleft: autoDraw = False
11.8890 	EXP 	farright: autoDraw = False
11.8890 	EXP 	nearleft: autoDraw = False
11.8890 	EXP 	nearright: autoDraw = False
11.8890 	EXP 	image: image = 'stim//cat1.png'
11.8890 	EXP 	image: autoDraw = True
11.8890 	EXP 	fixCrossR_2: autoDraw = True
12.0390 	EXP 	image: autoDraw = False
12.0390 	EXP 	fixCrossR_2: autoDraw = False
12.0390 	EXP 	fixCrossR_4: autoDraw = True
12.2734 	EXP 	New trial (rep=1, index=0): None
12.3897 	EXP 	fixCrossR_4: autoDraw = False
12.3897 	EXP 	image: image = 'stim//cat1.png'
12.3897 	EXP 	image: autoDraw = True
12.3897 	EXP 	fixCrossR_2: autoDraw = True
12.5397 	EXP 	image: autoDraw = False
12.5397 	EXP 	fixCrossR_2: autoDraw = False
12.5397 	EXP 	fixCrossR_4: autoDraw = True
12.6925 	DATA 	Keypress: escape
12.7737 	EXP 	New trial (rep=2, index=0): None
13.3214 	EXP 	window1: mouseVisible = True
