1.0840 	WARNING 	We strongly recommend you activate the PTB sound engine in PsychoPy prefs as the preferred audio engine. Its timing is vastly superior. Your prefs are currently set to use ['sounddevice', 'PTB', 'pyo', 'pygame'] (in that order).
3.3784 	WARNING 	User requested fullscreen with size [1024  768], but screen is actually [1920, 1080]. Using actual size
4.0072 	EXP 	Created window1 = Window(allowGUI=False, allowStencil=False, autoLog=True, backendConf=UNKNOWN, bitsMode=UNKNOWN, blendMode='avg', bpc=(8, 8, 8), color=array([0, 0, 0]), colorSpace='rgb', depthBits=8, fullscr=<method-wrapper '__getattribute__' of attributeSetter object at 0x000001E8AF37CEE0>, gamma=None, gammaErrorPolicy='raise', lms=UNKNOWN, monitor=<psychopy.monitors.calibTools.Monitor object at 0x000001E8AFFFD8E0>, multiSample=False, name='window1', numSamples=2, pos=(-1920, 0), screen=0, size=array([1920, 1080]), stencilBits=0, stereo=False, units='height', useFBO=True, useRetina=False, viewOri=0.0, viewPos=None, viewScale=None, waitBlanking=True, winType='pyglet')
4.0074 	EXP 	window1: mouseVisible = True
4.0074 	EXP 	window1: Attempting to measure frame rate of screen (0) ...
4.0075 	EXP 	window1: recordFrameIntervals = False
4.1729 	EXP 	window1: recordFrameIntervals = True
4.3566 	EXP 	Screen (0) actual frame rate measured at 60.04Hz
4.3566 	EXP 	window1: recordFrameIntervals = False
5.6119 	EXP 	Created text = TextStim(__class__=<class 'psychopy.visual.text.TextStim'>, alignHoriz=method-wrapper(...), alignText='center', alignVert=method-wrapper(...), anchorHoriz='center', anchorVert='center', antialias=True, autoDraw=False, autoLog=True, bold=False, color=array([1., 1., 1.]), colorSpace='rgb', contrast=1.0, depth=0.0, flipHoriz=False, flipVert=False, font='Open Sans', fontFiles=[], height=0.05, italic=False, languageStyle='LTR', name='text', opacity=1.0, ori=0.0, pos=array([0., 0.]), rgb=UNKNOWN, text='The experiment will begin soon.', units='height', win=Window(...), wrapWidth=1)
5.6147 	EXP 	Created image = ImageStim(__class__=<class 'psychopy.visual.image.ImageStim'>, anchor=('center', 'center'), autoLog=True, color=array([1., 1., 1.]), colorSpace='rgb', contrast=1.0, depth=0.0, flipHoriz=False, flipVert=False, image='sin', interpolate=True, mask=None, maskParams=None, name='image', opacity=1.0, ori=0.0, pos=array([0., 0.]), size=array([0.5, 0.5]), texRes=128.0, units='height', win=Window(...))
5.6171 	EXP 	Created fixCrossR_2 = ShapeStim(__class__=<class 'psychopy.visual.shape.ShapeStim'>, anchor=('center', 'center'), autoDraw=False, autoLog=True, closeShape=True, color=method-wrapper(...), colorSpace='rgb', contrast=None, depth=-1.0, fillColor=array([-1, -1, -1]), fillColorSpace='rgb', fillRGB=array([-1, -1, -1]), interpolate=True, lineColor=array([-1., -1., -1.]), lineColorSpace='rgb', lineRGB=array([-1, -1, -1]), lineWidth=1.0, name='fixCrossR_2', opacity=1.0, ori=0.0, pos=array([0., 0.]), size=array([0.02, 0.02]), units='height', vertices=ndarray(...), win=Window(...), windingRule=None)
5.6188 	EXP 	Created fixCrossR_4 = ShapeStim(__class__=<class 'psychopy.visual.shape.ShapeStim'>, anchor=('center', 'center'), autoDraw=False, autoLog=True, closeShape=True, color=method-wrapper(...), colorSpace='rgb', contrast=None, depth=0.0, fillColor=array([-1, -1, -1]), fillColorSpace='rgb', fillRGB=array([-1, -1, -1]), interpolate=True, lineColor=array([-1., -1., -1.]), lineColorSpace='rgb', lineRGB=array([-1, -1, -1]), lineWidth=1.0, name='fixCrossR_4', opacity=1.0, ori=0.0, pos=array([0., 0.]), size=array([0.02, 0.02]), units='height', vertices=ndarray(...), win=Window(...), windingRule=None)
5.6203 	EXP 	Created fixCrossR_3 = ShapeStim(__class__=<class 'psychopy.visual.shape.ShapeStim'>, anchor=('center', 'center'), autoDraw=False, autoLog=True, closeShape=True, color=method-wrapper(...), colorSpace='rgb', contrast=None, depth=0.0, fillColor=array([-1, -1, -1]), fillColorSpace='rgb', fillRGB=array([-1, -1, -1]), interpolate=True, lineColor=array([-1., -1., -1.]), lineColorSpace='rgb', lineRGB=array([-1, -1, -1]), lineWidth=1.0, name='fixCrossR_3', opacity=1.0, ori=0.0, pos=array([0., 0.]), size=array([0.02, 0.02]), units='height', vertices=ndarray(...), win=Window(...), windingRule=None)
5.6250 	EXP 	Created cat = TextStim(__class__=<class 'psychopy.visual.text.TextStim'>, alignHoriz=method-wrapper(...), alignText='center', alignVert=method-wrapper(...), anchorHoriz='center', anchorVert='center', antialias=True, autoDraw=False, autoLog=True, bold=False, color=array([1., 1., 1.]), colorSpace='rgb', contrast=1.0, depth=-1.0, flipHoriz=False, flipVert=False, font='Open Sans', fontFiles=[], height=0.05, italic=False, languageStyle='LTR', name='cat', opacity=1.0, ori=0.0, pos=array([-0.6,  0.1]), rgb=UNKNOWN, text='cat', units='height', win=Window(...), wrapWidth=1)
5.6292 	EXP 	Created turtle = TextStim(__class__=<class 'psychopy.visual.text.TextStim'>, alignHoriz=method-wrapper(...), alignText='center', alignVert=method-wrapper(...), anchorHoriz='center', anchorVert='center', antialias=True, autoDraw=False, autoLog=True, bold=False, color=array([1., 1., 1.]), colorSpace='rgb', contrast=1.0, depth=-2.0, flipHoriz=False, flipVert=False, font='Open Sans', fontFiles=[], height=0.05, italic=False, languageStyle='LTR', name='turtle', opacity=1.0, ori=0.0, pos=array([0.2, 0.1]), rgb=UNKNOWN, text='turtle', units='height', win=Window(...), wrapWidth=1)
5.6311 	EXP 	Created auto = TextStim(__class__=<class 'psychopy.visual.text.TextStim'>, alignHoriz=method-wrapper(...), alignText='center', alignVert=method-wrapper(...), anchorHoriz='center', anchorVert='center', antialias=True, autoDraw=False, autoLog=True, bold=False, color=array([1., 1., 1.]), colorSpace='rgb', contrast=1.0, depth=-3.0, flipHoriz=False, flipVert=False, font='Open Sans', fontFiles=[], height=0.05, italic=False, languageStyle='LTR', name='auto', opacity=1.0, ori=0.0, pos=array([-0.2,  0.1]), rgb=UNKNOWN, text='cat', units='height', win=Window(...), wrapWidth=1)
5.6332 	EXP 	Created hand = TextStim(__class__=<class 'psychopy.visual.text.TextStim'>, alignHoriz=method-wrapper(...), alignText='center', alignVert=method-wrapper(...), anchorHoriz='center', anchorVert='center', antialias=True, autoDraw=False, autoLog=True, bold=False, color=array([1., 1., 1.]), colorSpace='rgb', contrast=1.0, depth=-4.0, flipHoriz=False, flipVert=False, font='Open Sans', fontFiles=[], height=0.05, italic=False, languageStyle='LTR', name='hand', opacity=1.0, ori=0.0, pos=array([ 0.6, -0.1]), rgb=UNKNOWN, text='cat', units='height', win=Window(...), wrapWidth=1)
5.6385 	EXP 	Created farleft = TextStim(__class__=<class 'psychopy.visual.text.TextStim'>, alignHoriz=method-wrapper(...), alignText='center', alignVert=method-wrapper(...), anchorHoriz='center', anchorVert='center', antialias=True, autoDraw=False, autoLog=True, bold=False, color=array([1., 1., 1.]), colorSpace='rgb', contrast=1.0, depth=-5.0, flipHoriz=False, flipVert=False, font='Open Sans', fontFiles=[], height=0.05, italic=False, languageStyle='LTR', name='farleft', opacity=1.0, ori=0.0, pos=array([-0.6, -0.1]), rgb=UNKNOWN, text='far left\n', units='height', win=Window(...), wrapWidth=1)
5.6410 	EXP 	Created farright = TextStim(__class__=<class 'psychopy.visual.text.TextStim'>, alignHoriz=method-wrapper(...), alignText='center', alignVert=method-wrapper(...), anchorHoriz='center', anchorVert='center', antialias=True, autoDraw=False, autoLog=True, bold=False, color=array([1., 1., 1.]), colorSpace='rgb', contrast=1.0, depth=-6.0, flipHoriz=False, flipVert=False, font='Open Sans', fontFiles=[], height=0.05, italic=False, languageStyle='LTR', name='farright', opacity=1.0, ori=0.0, pos=array([0.6, 0.1]), rgb=UNKNOWN, text='far right', units='height', win=Window(...), wrapWidth=1)
5.6435 	EXP 	Created nearleft = TextStim(__class__=<class 'psychopy.visual.text.TextStim'>, alignHoriz=method-wrapper(...), alignText='center', alignVert=method-wrapper(...), anchorHoriz='center', anchorVert='center', antialias=True, autoDraw=False, autoLog=True, bold=False, color=array([1., 1., 1.]), colorSpace='rgb', contrast=1.0, depth=-7.0, flipHoriz=False, flipVert=False, font='Open Sans', fontFiles=[], height=0.05, italic=False, languageStyle='LTR', name='nearleft', opacity=1.0, ori=0.0, pos=array([ 0.2, -0.1]), rgb=UNKNOWN, text='near left', units='height', win=Window(...), wrapWidth=1)
5.6459 	EXP 	Created nearright = TextStim(__class__=<class 'psychopy.visual.text.TextStim'>, alignHoriz=method-wrapper(...), alignText='center', alignVert=method-wrapper(...), anchorHoriz='center', anchorVert='center', antialias=True, autoDraw=False, autoLog=True, bold=False, color=array([1., 1., 1.]), colorSpace='rgb', contrast=1.0, depth=-8.0, flipHoriz=False, flipVert=False, font='Open Sans', fontFiles=[], height=0.05, italic=False, languageStyle='LTR', name='nearright', opacity=1.0, ori=0.0, pos=array([-0.2,  0.1]), rgb=UNKNOWN, text='near right', units='height', win=Window(...), wrapWidth=1)
5.6475 	EXP 	Created fixCrossR = ShapeStim(__class__=<class 'psychopy.visual.shape.ShapeStim'>, anchor=('center', 'center'), autoDraw=False, autoLog=True, closeShape=True, color=method-wrapper(...), colorSpace='rgb', contrast=None, depth=0.0, fillColor=array([-1, -1, -1]), fillColorSpace='rgb', fillRGB=array([-1, -1, -1]), interpolate=True, lineColor=array([-1., -1., -1.]), lineColorSpace='rgb', lineRGB=array([-1, -1, -1]), lineWidth=1.0, name='fixCrossR', opacity=1.0, ori=0.0, pos=array([0., 0.]), size=array([0.02, 0.02]), units='height', vertices=ndarray(...), win=Window(...), windingRule=None)
5.6563 	EXP 	text: autoDraw = True
6.6563 	EXP 	Imported rootDesignMatrix.xlsx as conditions, 64 conditions, 4 params
6.6573 	EXP 	Created sequence: sequential, trialTypes=64, nReps=1, seed=None
6.6576 	EXP 	New trial (rep=0, index=0): {'category': 'cat', 'orientation': 1, 'taskOrientation': 1, 'stimfile': 'stim//cat1.png'}
6.6579 	EXP 	Created sequence: random, trialTypes=1, nReps=3, seed=None
6.6580 	EXP 	New trial (rep=0, index=0): None
6.8742 	EXP 	text: autoDraw = False
6.8742 	EXP 	text: autoDraw = False
6.8742 	EXP 	image: image = 'stim//cat1.png'
6.8742 	EXP 	image: autoDraw = True
6.8742 	EXP 	fixCrossR_2: autoDraw = True
6.9247 	EXP 	image: autoDraw = False
6.9247 	EXP 	fixCrossR_2: autoDraw = False
6.9247 	EXP 	fixCrossR_4: autoDraw = True
7.1586 	EXP 	New trial (rep=1, index=0): None
7.2746 	EXP 	fixCrossR_4: autoDraw = False
7.2746 	EXP 	image: image = 'stim//cat1.png'
7.2746 	EXP 	image: autoDraw = True
7.2746 	EXP 	fixCrossR_2: autoDraw = True
7.4247 	EXP 	image: autoDraw = False
7.4247 	EXP 	fixCrossR_2: autoDraw = False
7.4247 	EXP 	fixCrossR_4: autoDraw = True
7.6592 	EXP 	New trial (rep=2, index=0): None
7.7750 	EXP 	fixCrossR_4: autoDraw = False
7.7750 	EXP 	image: image = 'stim//cat1.png'
7.7750 	EXP 	image: autoDraw = True
7.7750 	EXP 	fixCrossR_2: autoDraw = True
7.9250 	EXP 	image: autoDraw = False
7.9250 	EXP 	fixCrossR_2: autoDraw = False
7.9250 	EXP 	fixCrossR_4: autoDraw = True
8.1750 	EXP 	fixCrossR_4: autoDraw = False
8.1750 	EXP 	fixCrossR_3: autoDraw = True
8.1750 	EXP 	cat: autoDraw = True
8.1750 	EXP 	turtle: autoDraw = True
8.1750 	EXP 	auto: autoDraw = True
8.1750 	EXP 	hand: autoDraw = True
8.1750 	EXP 	farleft: autoDraw = True
8.1750 	EXP 	farright: autoDraw = True
8.1750 	EXP 	nearleft: autoDraw = True
8.1750 	EXP 	nearright: autoDraw = True
11.1632 	EXP 	New trial (rep=0, index=1): {'category': 'cat', 'orientation': 1, 'taskOrientation': 0, 'stimfile': 'stim//cat1.png'}
11.1635 	EXP 	Created sequence: random, trialTypes=1, nReps=3, seed=None
11.1636 	EXP 	New trial (rep=0, index=0): None
11.2779 	EXP 	fixCrossR_3: autoDraw = False
11.2779 	EXP 	cat: autoDraw = False
11.2779 	EXP 	turtle: autoDraw = False
11.2779 	EXP 	auto: autoDraw = False
11.2779 	EXP 	hand: autoDraw = False
11.2779 	EXP 	farleft: autoDraw = False
11.2779 	EXP 	farright: autoDraw = False
11.2779 	EXP 	nearleft: autoDraw = False
11.2779 	EXP 	nearright: autoDraw = False
11.2779 	EXP 	image: image = 'stim//cat1.png'
11.2779 	EXP 	image: autoDraw = True
11.2779 	EXP 	fixCrossR_2: autoDraw = True
11.4277 	EXP 	image: autoDraw = False
11.4277 	EXP 	fixCrossR_2: autoDraw = False
11.4277 	EXP 	fixCrossR_4: autoDraw = True
11.6620 	EXP 	New trial (rep=1, index=0): None
11.7782 	EXP 	fixCrossR_4: autoDraw = False
11.7782 	EXP 	image: image = 'stim//cat1.png'
11.7782 	EXP 	image: autoDraw = True
11.7782 	EXP 	fixCrossR_2: autoDraw = True
11.9283 	EXP 	image: autoDraw = False
11.9283 	EXP 	fixCrossR_2: autoDraw = False
11.9283 	EXP 	fixCrossR_4: autoDraw = True
12.1627 	EXP 	New trial (rep=2, index=0): None
12.2789 	EXP 	fixCrossR_4: autoDraw = False
12.2789 	EXP 	image: image = 'stim//cat1.png'
12.2789 	EXP 	image: autoDraw = True
12.2789 	EXP 	fixCrossR_2: autoDraw = True
12.4287 	EXP 	image: autoDraw = False
12.4287 	EXP 	fixCrossR_2: autoDraw = False
12.4287 	EXP 	fixCrossR_4: autoDraw = True
12.5980 	DATA 	Keypress: escape
12.6790 	EXP 	fixCrossR_4: autoDraw = False
12.6790 	EXP 	fixCrossR_3: autoDraw = True
12.6790 	EXP 	cat: autoDraw = True
12.6790 	EXP 	turtle: autoDraw = True
12.6790 	EXP 	auto: autoDraw = True
12.6790 	EXP 	hand: autoDraw = True
12.6790 	EXP 	farleft: autoDraw = True
12.6790 	EXP 	farright: autoDraw = True
12.6790 	EXP 	nearleft: autoDraw = True
12.6790 	EXP 	nearright: autoDraw = True
13.2239 	EXP 	window1: mouseVisible = True
