10.1319 	WARNING 	We strongly recommend you activate the PTB sound engine in PsychoPy prefs as the preferred audio engine. Its timing is vastly superior. Your prefs are currently set to use ['sounddevice', 'PTB', 'pyo', 'pygame'] (in that order).
20.7003 	WARNING 	User requested fullscreen with size [1024  768], but screen is actually [1920, 1080]. Using actual size
21.7386 	EXP 	Created window1 = Window(allowGUI=False, allowStencil=False, autoLog=True, backendConf=UNKNOWN, bitsMode=UNKNOWN, blendMode='avg', bpc=(8, 8, 8), color=array([0, 0, 0]), colorSpace='rgb', depthBits=8, fullscr=<method-wrapper '__getattribute__' of attributeSetter object at 0x000001C18014AF70>, gamma=None, gammaErrorPolicy='raise', lms=UNKNOWN, monitor=<psychopy.monitors.calibTools.Monitor object at 0x000001C18038A970>, multiSample=False, name='window1', numSamples=2, pos=(-1920, 0), screen=0, size=array([1920, 1080]), stencilBits=0, stereo=False, units='height', useFBO=True, useRetina=False, viewOri=0.0, viewPos=None, viewScale=None, waitBlanking=True, winType='pyglet')
21.7390 	EXP 	window1: mouseVisible = True
21.7391 	EXP 	window1: Attempting to measure frame rate of screen (0) ...
21.7391 	EXP 	window1: recordFrameIntervals = False
21.9045 	EXP 	window1: recordFrameIntervals = True
22.0883 	EXP 	Screen (0) actual frame rate measured at 59.77Hz
22.0883 	EXP 	window1: recordFrameIntervals = False
24.1772 	EXP 	Created text = TextStim(__class__=<class 'psychopy.visual.text.TextStim'>, alignHoriz=method-wrapper(...), alignText='center', alignVert=method-wrapper(...), anchorHoriz='center', anchorVert='center', antialias=True, autoDraw=False, autoLog=True, bold=False, color=array([1., 1., 1.]), colorSpace='rgb', contrast=1.0, depth=0.0, flipHoriz=False, flipVert=False, font='Open Sans', fontFiles=[], height=0.05, italic=False, languageStyle='LTR', name='text', opacity=1.0, ori=0.0, pos=array([0., 0.]), rgb=UNKNOWN, text='The experiment will begin soon.', units='height', win=Window(...), wrapWidth=1)
24.1800 	EXP 	Created image = ImageStim(__class__=<class 'psychopy.visual.image.ImageStim'>, anchor=('center', 'center'), autoLog=True, color=array([1., 1., 1.]), colorSpace='rgb', contrast=1.0, depth=0.0, flipHoriz=False, flipVert=False, image='sin', interpolate=True, mask=None, maskParams=None, name='image', opacity=1.0, ori=0.0, pos=array([0., 0.]), size=array([0.5, 0.5]), texRes=128.0, units='height', win=Window(...))
24.1898 	EXP 	Created fixCrossR_2 = ShapeStim(__class__=<class 'psychopy.visual.shape.ShapeStim'>, anchor=('center', 'center'), autoDraw=False, autoLog=True, closeShape=True, color=method-wrapper(...), colorSpace='rgb', contrast=None, depth=-1.0, fillColor=array([-1, -1, -1]), fillColorSpace='rgb', fillRGB=array([-1, -1, -1]), interpolate=True, lineColor=array([-1., -1., -1.]), lineColorSpace='rgb', lineRGB=array([-1, -1, -1]), lineWidth=1.0, name='fixCrossR_2', opacity=1.0, ori=0.0, pos=array([0., 0.]), size=array([0.02, 0.02]), units='height', vertices=ndarray(...), win=Window(...), windingRule=None)
24.1915 	EXP 	Created fixCrossR_4 = ShapeStim(__class__=<class 'psychopy.visual.shape.ShapeStim'>, anchor=('center', 'center'), autoDraw=False, autoLog=True, closeShape=True, color=method-wrapper(...), colorSpace='rgb', contrast=None, depth=0.0, fillColor=array([-1, -1, -1]), fillColorSpace='rgb', fillRGB=array([-1, -1, -1]), interpolate=True, lineColor=array([-1., -1., -1.]), lineColorSpace='rgb', lineRGB=array([-1, -1, -1]), lineWidth=1.0, name='fixCrossR_4', opacity=1.0, ori=0.0, pos=array([0., 0.]), size=array([0.02, 0.02]), units='height', vertices=ndarray(...), win=Window(...), windingRule=None)
24.1931 	EXP 	Created fixCrossR_3 = ShapeStim(__class__=<class 'psychopy.visual.shape.ShapeStim'>, anchor=('center', 'center'), autoDraw=False, autoLog=True, closeShape=True, color=method-wrapper(...), colorSpace='rgb', contrast=None, depth=0.0, fillColor=array([-1, -1, -1]), fillColorSpace='rgb', fillRGB=array([-1, -1, -1]), interpolate=True, lineColor=array([-1., -1., -1.]), lineColorSpace='rgb', lineRGB=array([-1, -1, -1]), lineWidth=1.0, name='fixCrossR_3', opacity=1.0, ori=0.0, pos=array([0., 0.]), size=array([0.02, 0.02]), units='height', vertices=ndarray(...), win=Window(...), windingRule=None)
24.2594 	EXP 	Created fixCrossR = ShapeStim(__class__=<class 'psychopy.visual.shape.ShapeStim'>, anchor=('center', 'center'), autoDraw=False, autoLog=True, closeShape=True, color=method-wrapper(...), colorSpace='rgb', contrast=None, depth=0.0, fillColor=array([-1, -1, -1]), fillColorSpace='rgb', fillRGB=array([-1, -1, -1]), interpolate=True, lineColor=array([-1., -1., -1.]), lineColorSpace='rgb', lineRGB=array([-1, -1, -1]), lineWidth=1.0, name='fixCrossR', opacity=1.0, ori=0.0, pos=array([0., 0.]), size=array([0.02, 0.02]), units='height', vertices=ndarray(...), win=Window(...), windingRule=None)
24.2756 	EXP 	textbox: autoLog = True
24.2756 	EXP 	text: autoDraw = True
25.2914 	EXP 	Imported rootDesignMatrix.xlsx as conditions, 64 conditions, 4 params
25.2925 	EXP 	Created sequence: sequential, trialTypes=64, nReps=1, seed=None
25.2927 	EXP 	New trial (rep=0, index=0): {'category': 'cat', 'orientation': 1, 'taskOrientation': 1, 'stimfile': 'stim//cat1.png'}
25.2930 	EXP 	Created sequence: random, trialTypes=1, nReps=3, seed=None
25.2931 	EXP 	New trial (rep=0, index=0): None
25.4899 	EXP 	text: autoDraw = False
25.4899 	EXP 	image: image = 'stim//cat1.png'
25.4899 	EXP 	image: autoDraw = True
25.4899 	EXP 	fixCrossR_2: autoDraw = True
25.5399 	EXP 	image: autoDraw = False
25.5399 	EXP 	fixCrossR_2: autoDraw = False
25.5399 	EXP 	fixCrossR_4: autoDraw = True
25.7743 	EXP 	New trial (rep=1, index=0): None
25.8905 	EXP 	fixCrossR_4: autoDraw = False
25.8905 	EXP 	image: image = 'stim//cat1.png'
25.8905 	EXP 	image: autoDraw = True
25.8905 	EXP 	fixCrossR_2: autoDraw = True
26.0403 	EXP 	image: autoDraw = False
26.0403 	EXP 	fixCrossR_2: autoDraw = False
26.0403 	EXP 	fixCrossR_4: autoDraw = True
26.2740 	EXP 	New trial (rep=2, index=0): None
26.3761 	EXP 	fixCrossR_4: autoDraw = False
26.3761 	EXP 	image: image = 'stim//cat1.png'
26.3761 	EXP 	image: autoDraw = True
26.3761 	EXP 	fixCrossR_2: autoDraw = True
26.5405 	EXP 	image: autoDraw = False
26.5405 	EXP 	fixCrossR_2: autoDraw = False
26.5405 	EXP 	fixCrossR_4: autoDraw = True
26.8076 	EXP 	fixCrossR_4: autoDraw = False
26.8076 	EXP 	fixCrossR_3: autoDraw = True
26.8076 	EXP 	textbox: autoDraw = True
28.5289 	DATA 	Mouse: Left button down, pos=(1038,480)
28.6461 	DATA 	Mouse:  Left button up, pos=(1038,480)
28.8286 	DATA 	Mouse: Left button down, pos=(1022,464)
28.9456 	DATA 	Mouse:  Left button up, pos=(1022,464)
29.0125 	DATA 	Mouse: Left button down, pos=(1022,464)
29.1120 	DATA 	Mouse:  Left button up, pos=(1022,464)
29.7606 	EXP 	New trial (rep=0, index=1): {'category': 'cat', 'orientation': 1, 'taskOrientation': 0, 'stimfile': 'stim//cat1.png'}
29.7610 	EXP 	Created sequence: random, trialTypes=1, nReps=3, seed=None
29.7611 	EXP 	New trial (rep=0, index=0): None
29.8608 	EXP 	fixCrossR_3: autoDraw = False
29.8608 	EXP 	textbox: autoDraw = False
29.8608 	EXP 	image: image = 'stim//cat1.png'
29.8608 	EXP 	image: autoDraw = True
29.8608 	EXP 	fixCrossR_2: autoDraw = True
30.0271 	EXP 	image: autoDraw = False
30.0271 	EXP 	fixCrossR_2: autoDraw = False
30.0271 	EXP 	fixCrossR_4: autoDraw = True
30.2609 	EXP 	New trial (rep=1, index=0): None
30.3606 	EXP 	fixCrossR_4: autoDraw = False
30.3606 	EXP 	image: image = 'stim//cat1.png'
30.3606 	EXP 	image: autoDraw = True
30.3606 	EXP 	fixCrossR_2: autoDraw = True
30.5276 	EXP 	image: autoDraw = False
30.5276 	EXP 	fixCrossR_2: autoDraw = False
30.5276 	EXP 	fixCrossR_4: autoDraw = True
30.7617 	EXP 	New trial (rep=2, index=0): None
30.8776 	EXP 	fixCrossR_4: autoDraw = False
30.8776 	EXP 	image: image = 'stim//cat1.png'
30.8776 	EXP 	image: autoDraw = True
30.8776 	EXP 	fixCrossR_2: autoDraw = True
31.0277 	EXP 	image: autoDraw = False
31.0277 	EXP 	fixCrossR_2: autoDraw = False
31.0277 	EXP 	fixCrossR_4: autoDraw = True
31.2778 	EXP 	fixCrossR_4: autoDraw = False
31.2778 	EXP 	fixCrossR_3: autoDraw = True
31.2778 	EXP 	textbox: autoDraw = True
32.0809 	DATA 	Keypress: escape
33.0409 	EXP 	window1: mouseVisible = True
